[2024-09-12T02:27:36.696+0000] {local_task_job_runner.py:123} INFO - ::group::Pre task execution logs
[2024-09-12T02:27:36.738+0000] {taskinstance.py:2612} INFO - Dependencies all met for dep_context=non-requeueable deps ti=<TaskInstance: our_first_dag_V6.second_task scheduled__2024-08-15T00:00:00+00:00 [queued]>
[2024-09-12T02:27:36.755+0000] {taskinstance.py:2612} INFO - Dependencies all met for dep_context=requeueable deps ti=<TaskInstance: our_first_dag_V6.second_task scheduled__2024-08-15T00:00:00+00:00 [queued]>
[2024-09-12T02:27:36.756+0000] {taskinstance.py:2865} INFO - Starting attempt 1 of 6
[2024-09-12T02:27:36.781+0000] {taskinstance.py:2888} INFO - Executing <Task(BashOperator): second_task> on 2024-08-15 00:00:00+00:00
[2024-09-12T02:27:36.796+0000] {logging_mixin.py:190} WARNING - /home/***/.local/lib/python3.12/site-packages/***/task/task_runner/standard_task_runner.py:70 DeprecationWarning: This process (pid=14898) is multi-threaded, use of fork() may lead to deadlocks in the child.
[2024-09-12T02:27:36.799+0000] {standard_task_runner.py:72} INFO - Started process 14913 to run task
[2024-09-12T02:27:36.800+0000] {standard_task_runner.py:104} INFO - Running: ['***', 'tasks', 'run', 'our_first_dag_V6', 'second_task', 'scheduled__2024-08-15T00:00:00+00:00', '--job-id', '21779', '--raw', '--subdir', 'DAGS_FOLDER/our_first_dag.py', '--cfg-path', '/tmp/tmpxwpm6wl8']
[2024-09-12T02:27:36.804+0000] {standard_task_runner.py:105} INFO - Job 21779: Subtask second_task
[2024-09-12T02:27:36.882+0000] {task_command.py:467} INFO - Running <TaskInstance: our_first_dag_V6.second_task scheduled__2024-08-15T00:00:00+00:00 [running]> on host 5508ea9ebfaf
[2024-09-12T02:27:37.025+0000] {taskinstance.py:3131} INFO - Exporting env vars: AIRFLOW_CTX_DAG_OWNER='acap' AIRFLOW_CTX_DAG_ID='our_first_dag_V6' AIRFLOW_CTX_TASK_ID='second_task' AIRFLOW_CTX_EXECUTION_DATE='2024-08-15T00:00:00+00:00' AIRFLOW_CTX_TRY_NUMBER='1' AIRFLOW_CTX_DAG_RUN_ID='scheduled__2024-08-15T00:00:00+00:00'
[2024-09-12T02:27:37.026+0000] {taskinstance.py:731} INFO - ::endgroup::
[2024-09-12T02:27:37.046+0000] {subprocess.py:63} INFO - Tmp dir root location: /tmp
[2024-09-12T02:27:37.047+0000] {subprocess.py:75} INFO - Running command: ['/usr/bin/bash', '-c', 'echo hey, this is the second task!']
[2024-09-12T02:27:37.056+0000] {subprocess.py:86} INFO - Output:
[2024-09-12T02:27:37.057+0000] {subprocess.py:93} INFO - hey, this is the second task!
[2024-09-12T02:27:37.058+0000] {subprocess.py:97} INFO - Command exited with return code 0
[2024-09-12T02:27:37.092+0000] {taskinstance.py:340} INFO - ::group::Post task execution logs
[2024-09-12T02:27:37.093+0000] {taskinstance.py:352} INFO - Marking task as SUCCESS. dag_id=our_first_dag_V6, task_id=second_task, run_id=scheduled__2024-08-15T00:00:00+00:00, execution_date=20240815T000000, start_date=20240912T022736, end_date=20240912T022737
[2024-09-12T02:27:37.140+0000] {local_task_job_runner.py:266} INFO - Task exited with return code 0
[2024-09-12T02:27:37.158+0000] {taskinstance.py:3900} INFO - 0 downstream tasks scheduled from follow-on schedule check
[2024-09-12T02:27:37.162+0000] {local_task_job_runner.py:245} INFO - ::endgroup::
