[2024-09-10T08:20:18.356+0000] {local_task_job_runner.py:123} INFO - ::group::Pre task execution logs
[2024-09-10T08:20:18.496+0000] {taskinstance.py:2612} INFO - Dependencies all met for dep_context=non-requeueable deps ti=<TaskInstance: our_first_dag_V5.first_task scheduled__2023-08-24T00:00:00+00:00 [queued]>
[2024-09-10T08:20:18.579+0000] {taskinstance.py:2612} INFO - Dependencies all met for dep_context=requeueable deps ti=<TaskInstance: our_first_dag_V5.first_task scheduled__2023-08-24T00:00:00+00:00 [queued]>
[2024-09-10T08:20:18.642+0000] {taskinstance.py:2865} INFO - Starting attempt 1 of 6
[2024-09-10T08:20:18.886+0000] {taskinstance.py:2888} INFO - Executing <Task(BashOperator): first_task> on 2023-08-24 00:00:00+00:00
[2024-09-10T08:20:18.939+0000] {logging_mixin.py:190} WARNING - /home/***/.local/lib/python3.12/site-packages/***/task/task_runner/standard_task_runner.py:70 DeprecationWarning: This process (pid=37623) is multi-threaded, use of fork() may lead to deadlocks in the child.
[2024-09-10T08:20:18.930+0000] {standard_task_runner.py:104} INFO - Running: ['***', 'tasks', 'run', 'our_first_dag_V5', 'first_task', 'scheduled__2023-08-24T00:00:00+00:00', '--job-id', '8656', '--raw', '--subdir', 'DAGS_FOLDER/our_first_dag.py', '--cfg-path', '/tmp/tmpylckiodu']
[2024-09-10T08:20:18.974+0000] {standard_task_runner.py:105} INFO - Job 8656: Subtask first_task
[2024-09-10T08:20:18.959+0000] {standard_task_runner.py:72} INFO - Started process 37652 to run task
[2024-09-10T08:20:19.310+0000] {task_command.py:467} INFO - Running <TaskInstance: our_first_dag_V5.first_task scheduled__2023-08-24T00:00:00+00:00 [running]> on host 5508ea9ebfaf
[2024-09-10T08:20:19.846+0000] {taskinstance.py:3131} INFO - Exporting env vars: AIRFLOW_CTX_DAG_OWNER='coder2j' AIRFLOW_CTX_DAG_ID='our_first_dag_V5' AIRFLOW_CTX_TASK_ID='first_task' AIRFLOW_CTX_EXECUTION_DATE='2023-08-24T00:00:00+00:00' AIRFLOW_CTX_TRY_NUMBER='1' AIRFLOW_CTX_DAG_RUN_ID='scheduled__2023-08-24T00:00:00+00:00'
[2024-09-10T08:20:19.853+0000] {taskinstance.py:731} INFO - ::endgroup::
[2024-09-10T08:20:19.961+0000] {subprocess.py:63} INFO - Tmp dir root location: /tmp
[2024-09-10T08:20:19.966+0000] {subprocess.py:75} INFO - Running command: ['/usr/bin/bash', '-c', 'echo hello world, this is the first task!']
[2024-09-10T08:20:20.009+0000] {subprocess.py:86} INFO - Output:
[2024-09-10T08:20:20.012+0000] {subprocess.py:93} INFO - hello world, this is the first task!
[2024-09-10T08:20:20.016+0000] {subprocess.py:97} INFO - Command exited with return code 0
[2024-09-10T08:20:20.157+0000] {taskinstance.py:340} INFO - ::group::Post task execution logs
[2024-09-10T08:20:20.158+0000] {taskinstance.py:352} INFO - Marking task as SUCCESS. dag_id=our_first_dag_V5, task_id=first_task, run_id=scheduled__2023-08-24T00:00:00+00:00, execution_date=20230824T000000, start_date=20240910T082018, end_date=20240910T082020
[2024-09-10T08:20:20.304+0000] {local_task_job_runner.py:266} INFO - Task exited with return code 0
[2024-09-10T08:20:20.349+0000] {local_task_job_runner.py:245} INFO - ::endgroup::
