[2024-09-10T07:21:04.331+0000] {local_task_job_runner.py:123} INFO - ::group::Pre task execution logs
[2024-09-10T07:21:04.348+0000] {taskinstance.py:2612} INFO - Dependencies all met for dep_context=non-requeueable deps ti=<TaskInstance: our_first_dag_V2.second_task scheduled__2022-10-25T00:00:00+00:00 [queued]>
[2024-09-10T07:21:04.363+0000] {taskinstance.py:2612} INFO - Dependencies all met for dep_context=requeueable deps ti=<TaskInstance: our_first_dag_V2.second_task scheduled__2022-10-25T00:00:00+00:00 [queued]>
[2024-09-10T07:21:04.364+0000] {taskinstance.py:2865} INFO - Starting attempt 1 of 6
[2024-09-10T07:21:04.385+0000] {taskinstance.py:2888} INFO - Executing <Task(BashOperator): second_task> on 2022-10-25 00:00:00+00:00
[2024-09-10T07:21:04.393+0000] {logging_mixin.py:190} WARNING - /home/***/.local/lib/python3.12/site-packages/***/task/task_runner/standard_task_runner.py:70 DeprecationWarning: This process (pid=8747) is multi-threaded, use of fork() may lead to deadlocks in the child.
[2024-09-10T07:21:04.394+0000] {standard_task_runner.py:72} INFO - Started process 8752 to run task
[2024-09-10T07:21:04.393+0000] {standard_task_runner.py:104} INFO - Running: ['***', 'tasks', 'run', 'our_first_dag_V2', 'second_task', 'scheduled__2022-10-25T00:00:00+00:00', '--job-id', '1765', '--raw', '--subdir', 'DAGS_FOLDER/our_first_dag.py', '--cfg-path', '/tmp/tmp11e6kkb8']
[2024-09-10T07:21:04.397+0000] {standard_task_runner.py:105} INFO - Job 1765: Subtask second_task
[2024-09-10T07:21:04.446+0000] {task_command.py:467} INFO - Running <TaskInstance: our_first_dag_V2.second_task scheduled__2022-10-25T00:00:00+00:00 [running]> on host 5508ea9ebfaf
[2024-09-10T07:21:04.554+0000] {taskinstance.py:3131} INFO - Exporting env vars: AIRFLOW_CTX_DAG_OWNER='coder2j' AIRFLOW_CTX_DAG_ID='our_first_dag_V2' AIRFLOW_CTX_TASK_ID='second_task' AIRFLOW_CTX_EXECUTION_DATE='2022-10-25T00:00:00+00:00' AIRFLOW_CTX_TRY_NUMBER='1' AIRFLOW_CTX_DAG_RUN_ID='scheduled__2022-10-25T00:00:00+00:00'
[2024-09-10T07:21:04.555+0000] {taskinstance.py:731} INFO - ::endgroup::
[2024-09-10T07:21:04.575+0000] {subprocess.py:63} INFO - Tmp dir root location: /tmp
[2024-09-10T07:21:04.577+0000] {subprocess.py:75} INFO - Running command: ['/usr/bin/bash', '-c', 'echo hey, this is the second task!']
[2024-09-10T07:21:04.589+0000] {subprocess.py:86} INFO - Output:
[2024-09-10T07:21:04.591+0000] {subprocess.py:93} INFO - hey, this is the second task!
[2024-09-10T07:21:04.592+0000] {subprocess.py:97} INFO - Command exited with return code 0
[2024-09-10T07:21:04.626+0000] {taskinstance.py:340} INFO - ::group::Post task execution logs
[2024-09-10T07:21:04.627+0000] {taskinstance.py:352} INFO - Marking task as SUCCESS. dag_id=our_first_dag_V2, task_id=second_task, run_id=scheduled__2022-10-25T00:00:00+00:00, execution_date=20221025T000000, start_date=20240910T072104, end_date=20240910T072104
[2024-09-10T07:21:04.691+0000] {local_task_job_runner.py:266} INFO - Task exited with return code 0
[2024-09-10T07:21:04.708+0000] {taskinstance.py:3900} INFO - 0 downstream tasks scheduled from follow-on schedule check
[2024-09-10T07:21:04.712+0000] {local_task_job_runner.py:245} INFO - ::endgroup::
