[2024-09-12T02:16:14.197+0000] {local_task_job_runner.py:123} INFO - ::group::Pre task execution logs
[2024-09-12T02:16:14.253+0000] {taskinstance.py:2612} INFO - Dependencies all met for dep_context=non-requeueable deps ti=<TaskInstance: our_first_dag_V6.first_task scheduled__2021-12-03T00:00:00+00:00 [queued]>
[2024-09-12T02:16:14.277+0000] {taskinstance.py:2612} INFO - Dependencies all met for dep_context=requeueable deps ti=<TaskInstance: our_first_dag_V6.first_task scheduled__2021-12-03T00:00:00+00:00 [queued]>
[2024-09-12T02:16:14.278+0000] {taskinstance.py:2865} INFO - Starting attempt 1 of 6
[2024-09-12T02:16:14.453+0000] {taskinstance.py:2888} INFO - Executing <Task(BashOperator): first_task> on 2021-12-03 00:00:00+00:00
[2024-09-12T02:16:14.471+0000] {standard_task_runner.py:104} INFO - Running: ['***', 'tasks', 'run', 'our_first_dag_V6', 'first_task', 'scheduled__2021-12-03T00:00:00+00:00', '--job-id', '18681', '--raw', '--subdir', 'DAGS_FOLDER/our_first_dag.py', '--cfg-path', '/tmp/tmpr5p2ahq3']
[2024-09-12T02:16:14.475+0000] {standard_task_runner.py:105} INFO - Job 18681: Subtask first_task
[2024-09-12T02:16:14.477+0000] {logging_mixin.py:190} WARNING - /home/***/.local/lib/python3.12/site-packages/***/task/task_runner/standard_task_runner.py:70 DeprecationWarning: This process (pid=1901) is multi-threaded, use of fork() may lead to deadlocks in the child.
[2024-09-12T02:16:14.479+0000] {standard_task_runner.py:72} INFO - Started process 1924 to run task
[2024-09-12T02:16:14.647+0000] {task_command.py:467} INFO - Running <TaskInstance: our_first_dag_V6.first_task scheduled__2021-12-03T00:00:00+00:00 [running]> on host 5508ea9ebfaf
[2024-09-12T02:16:15.020+0000] {taskinstance.py:3131} INFO - Exporting env vars: AIRFLOW_CTX_DAG_OWNER='acap' AIRFLOW_CTX_DAG_ID='our_first_dag_V6' AIRFLOW_CTX_TASK_ID='first_task' AIRFLOW_CTX_EXECUTION_DATE='2021-12-03T00:00:00+00:00' AIRFLOW_CTX_TRY_NUMBER='1' AIRFLOW_CTX_DAG_RUN_ID='scheduled__2021-12-03T00:00:00+00:00'
[2024-09-12T02:16:15.033+0000] {taskinstance.py:731} INFO - ::endgroup::
[2024-09-12T02:16:15.098+0000] {subprocess.py:63} INFO - Tmp dir root location: /tmp
[2024-09-12T02:16:15.110+0000] {subprocess.py:75} INFO - Running command: ['/usr/bin/bash', '-c', 'echo hello world, this is the first task!']
[2024-09-12T02:16:15.136+0000] {subprocess.py:86} INFO - Output:
[2024-09-12T02:16:15.156+0000] {subprocess.py:93} INFO - hello world, this is the first task!
[2024-09-12T02:16:15.201+0000] {subprocess.py:97} INFO - Command exited with return code 0
[2024-09-12T02:16:15.325+0000] {taskinstance.py:340} INFO - ::group::Post task execution logs
[2024-09-12T02:16:15.326+0000] {taskinstance.py:352} INFO - Marking task as SUCCESS. dag_id=our_first_dag_V6, task_id=first_task, run_id=scheduled__2021-12-03T00:00:00+00:00, execution_date=20211203T000000, start_date=20240912T021614, end_date=20240912T021615
[2024-09-12T02:16:15.460+0000] {local_task_job_runner.py:266} INFO - Task exited with return code 0
[2024-09-12T02:16:15.494+0000] {taskinstance.py:3900} INFO - 2 downstream tasks scheduled from follow-on schedule check
[2024-09-12T02:16:15.500+0000] {local_task_job_runner.py:245} INFO - ::endgroup::
