[2024-09-10T07:31:02.305+0000] {local_task_job_runner.py:123} INFO - ::group::Pre task execution logs
[2024-09-10T07:31:02.334+0000] {taskinstance.py:2612} INFO - Dependencies all met for dep_context=non-requeueable deps ti=<TaskInstance: our_first_dag_V3.third_task scheduled__2023-03-13T00:00:00+00:00 [queued]>
[2024-09-10T07:31:02.362+0000] {taskinstance.py:2612} INFO - Dependencies all met for dep_context=requeueable deps ti=<TaskInstance: our_first_dag_V3.third_task scheduled__2023-03-13T00:00:00+00:00 [queued]>
[2024-09-10T07:31:02.364+0000] {taskinstance.py:2865} INFO - Starting attempt 1 of 6
[2024-09-10T07:31:02.394+0000] {taskinstance.py:2888} INFO - Executing <Task(BashOperator): third_task> on 2023-03-13 00:00:00+00:00
[2024-09-10T07:31:02.411+0000] {logging_mixin.py:190} WARNING - /home/***/.local/lib/python3.12/site-packages/***/task/task_runner/standard_task_runner.py:70 DeprecationWarning: This process (pid=18834) is multi-threaded, use of fork() may lead to deadlocks in the child.
[2024-09-10T07:31:02.413+0000] {standard_task_runner.py:72} INFO - Started process 18848 to run task
[2024-09-10T07:31:02.417+0000] {standard_task_runner.py:104} INFO - Running: ['***', 'tasks', 'run', 'our_first_dag_V3', 'third_task', 'scheduled__2023-03-13T00:00:00+00:00', '--job-id', '4232', '--raw', '--subdir', 'DAGS_FOLDER/our_first_dag.py', '--cfg-path', '/tmp/tmp21zeyyoh']
[2024-09-10T07:31:02.421+0000] {standard_task_runner.py:105} INFO - Job 4232: Subtask third_task
[2024-09-10T07:31:02.503+0000] {task_command.py:467} INFO - Running <TaskInstance: our_first_dag_V3.third_task scheduled__2023-03-13T00:00:00+00:00 [running]> on host 5508ea9ebfaf
[2024-09-10T07:31:02.657+0000] {taskinstance.py:3131} INFO - Exporting env vars: AIRFLOW_CTX_DAG_OWNER='coder2j' AIRFLOW_CTX_DAG_ID='our_first_dag_V3' AIRFLOW_CTX_TASK_ID='third_task' AIRFLOW_CTX_EXECUTION_DATE='2023-03-13T00:00:00+00:00' AIRFLOW_CTX_TRY_NUMBER='1' AIRFLOW_CTX_DAG_RUN_ID='scheduled__2023-03-13T00:00:00+00:00'
[2024-09-10T07:31:02.660+0000] {taskinstance.py:731} INFO - ::endgroup::
[2024-09-10T07:31:02.690+0000] {subprocess.py:63} INFO - Tmp dir root location: /tmp
[2024-09-10T07:31:02.691+0000] {subprocess.py:75} INFO - Running command: ['/usr/bin/bash', '-c', 'echo hey, this is the third task!']
[2024-09-10T07:31:02.699+0000] {subprocess.py:86} INFO - Output:
[2024-09-10T07:31:02.701+0000] {subprocess.py:93} INFO - hey, this is the third task!
[2024-09-10T07:31:02.702+0000] {subprocess.py:97} INFO - Command exited with return code 0
[2024-09-10T07:31:02.731+0000] {taskinstance.py:340} INFO - ::group::Post task execution logs
[2024-09-10T07:31:02.732+0000] {taskinstance.py:352} INFO - Marking task as SUCCESS. dag_id=our_first_dag_V3, task_id=third_task, run_id=scheduled__2023-03-13T00:00:00+00:00, execution_date=20230313T000000, start_date=20240910T073102, end_date=20240910T073102
[2024-09-10T07:31:02.793+0000] {local_task_job_runner.py:266} INFO - Task exited with return code 0
[2024-09-10T07:31:02.802+0000] {local_task_job_runner.py:245} INFO - ::endgroup::
