[2024-09-10T07:27:34.882+0000] {local_task_job_runner.py:123} INFO - ::group::Pre task execution logs
[2024-09-10T07:27:34.925+0000] {taskinstance.py:2612} INFO - Dependencies all met for dep_context=non-requeueable deps ti=<TaskInstance: our_first_dag_V3.third_task scheduled__2022-04-22T00:00:00+00:00 [queued]>
[2024-09-10T07:27:34.969+0000] {taskinstance.py:2612} INFO - Dependencies all met for dep_context=requeueable deps ti=<TaskInstance: our_first_dag_V3.third_task scheduled__2022-04-22T00:00:00+00:00 [queued]>
[2024-09-10T07:27:34.972+0000] {taskinstance.py:2865} INFO - Starting attempt 1 of 6
[2024-09-10T07:27:35.038+0000] {taskinstance.py:2888} INFO - Executing <Task(BashOperator): third_task> on 2022-04-22 00:00:00+00:00
[2024-09-10T07:27:35.057+0000] {logging_mixin.py:190} WARNING - /home/***/.local/lib/python3.12/site-packages/***/task/task_runner/standard_task_runner.py:70 DeprecationWarning: This process (pid=14868) is multi-threaded, use of fork() may lead to deadlocks in the child.
[2024-09-10T07:27:35.069+0000] {standard_task_runner.py:72} INFO - Started process 14886 to run task
[2024-09-10T07:27:35.067+0000] {standard_task_runner.py:104} INFO - Running: ['***', 'tasks', 'run', 'our_first_dag_V3', 'third_task', 'scheduled__2022-04-22T00:00:00+00:00', '--job-id', '3259', '--raw', '--subdir', 'DAGS_FOLDER/our_first_dag.py', '--cfg-path', '/tmp/tmprfrk_70_']
[2024-09-10T07:27:35.074+0000] {standard_task_runner.py:105} INFO - Job 3259: Subtask third_task
[2024-09-10T07:27:35.340+0000] {task_command.py:467} INFO - Running <TaskInstance: our_first_dag_V3.third_task scheduled__2022-04-22T00:00:00+00:00 [running]> on host 5508ea9ebfaf
[2024-09-10T07:27:35.755+0000] {taskinstance.py:3131} INFO - Exporting env vars: AIRFLOW_CTX_DAG_OWNER='coder2j' AIRFLOW_CTX_DAG_ID='our_first_dag_V3' AIRFLOW_CTX_TASK_ID='third_task' AIRFLOW_CTX_EXECUTION_DATE='2022-04-22T00:00:00+00:00' AIRFLOW_CTX_TRY_NUMBER='1' AIRFLOW_CTX_DAG_RUN_ID='scheduled__2022-04-22T00:00:00+00:00'
[2024-09-10T07:27:35.761+0000] {taskinstance.py:731} INFO - ::endgroup::
[2024-09-10T07:27:35.828+0000] {subprocess.py:63} INFO - Tmp dir root location: /tmp
[2024-09-10T07:27:35.832+0000] {subprocess.py:75} INFO - Running command: ['/usr/bin/bash', '-c', 'echo hey, this is the third task!']
[2024-09-10T07:27:35.888+0000] {subprocess.py:86} INFO - Output:
[2024-09-10T07:27:35.916+0000] {subprocess.py:93} INFO - hey, this is the third task!
[2024-09-10T07:27:35.919+0000] {subprocess.py:97} INFO - Command exited with return code 0
[2024-09-10T07:27:36.001+0000] {taskinstance.py:340} INFO - ::group::Post task execution logs
[2024-09-10T07:27:36.003+0000] {taskinstance.py:352} INFO - Marking task as SUCCESS. dag_id=our_first_dag_V3, task_id=third_task, run_id=scheduled__2022-04-22T00:00:00+00:00, execution_date=20220422T000000, start_date=20240910T072734, end_date=20240910T072736
[2024-09-10T07:27:36.094+0000] {local_task_job_runner.py:266} INFO - Task exited with return code 0
[2024-09-10T07:27:36.129+0000] {taskinstance.py:3900} INFO - 0 downstream tasks scheduled from follow-on schedule check
[2024-09-10T07:27:36.151+0000] {local_task_job_runner.py:245} INFO - ::endgroup::
