[2024-09-20T08:56:20.653+0000] {local_task_job_runner.py:123} INFO - ::group::Pre task execution logs
[2024-09-20T08:56:20.678+0000] {taskinstance.py:2612} INFO - Dependencies all met for dep_context=non-requeueable deps ti=<TaskInstance: dag_with_minio_s3_v02.sensor_minio_s3 scheduled__2024-09-19T00:00:00+00:00 [queued]>
[2024-09-20T08:56:20.694+0000] {taskinstance.py:2612} INFO - Dependencies all met for dep_context=requeueable deps ti=<TaskInstance: dag_with_minio_s3_v02.sensor_minio_s3 scheduled__2024-09-19T00:00:00+00:00 [queued]>
[2024-09-20T08:56:20.695+0000] {taskinstance.py:2865} INFO - Starting attempt 1 of 6
[2024-09-20T08:56:20.936+0000] {taskinstance.py:2888} INFO - Executing <Task(S3KeySensor): sensor_minio_s3> on 2024-09-19 00:00:00+00:00
[2024-09-20T08:56:20.950+0000] {standard_task_runner.py:104} INFO - Running: ['***', 'tasks', 'run', 'dag_with_minio_s3_v02', 'sensor_minio_s3', 'scheduled__2024-09-19T00:00:00+00:00', '--job-id', '22566', '--raw', '--subdir', 'DAGS_FOLDER/dag_with_minio_s3.py', '--cfg-path', '/tmp/tmpmucv9mus']
[2024-09-20T08:56:20.949+0000] {logging_mixin.py:190} WARNING - /home/***/.local/lib/python3.12/site-packages/***/task/task_runner/standard_task_runner.py:70 DeprecationWarning: This process (pid=6506) is multi-threaded, use of fork() may lead to deadlocks in the child.
[2024-09-20T08:56:20.952+0000] {standard_task_runner.py:105} INFO - Job 22566: Subtask sensor_minio_s3
[2024-09-20T08:56:20.953+0000] {standard_task_runner.py:72} INFO - Started process 6515 to run task
[2024-09-20T08:56:21.022+0000] {task_command.py:467} INFO - Running <TaskInstance: dag_with_minio_s3_v02.sensor_minio_s3 scheduled__2024-09-19T00:00:00+00:00 [running]> on host ced43fa3e256
[2024-09-20T08:56:21.156+0000] {taskinstance.py:3131} INFO - Exporting env vars: AIRFLOW_CTX_DAG_OWNER='coder2j' AIRFLOW_CTX_DAG_ID='dag_with_minio_s3_v02' AIRFLOW_CTX_TASK_ID='sensor_minio_s3' AIRFLOW_CTX_EXECUTION_DATE='2024-09-19T00:00:00+00:00' AIRFLOW_CTX_TRY_NUMBER='1' AIRFLOW_CTX_DAG_RUN_ID='scheduled__2024-09-19T00:00:00+00:00'
[2024-09-20T08:56:21.158+0000] {taskinstance.py:731} INFO - ::endgroup::
[2024-09-20T08:56:21.207+0000] {baseoperator.py:405} WARNING - S3KeySensor.execute cannot be called outside TaskInstance!
[2024-09-20T08:56:21.208+0000] {s3.py:118} INFO - Poking for key : s3://***/data.csv
[2024-09-20T08:56:21.225+0000] {base.py:84} INFO - Retrieving connection 'minio_conn'
[2024-09-20T08:56:21.227+0000] {connection_wrapper.py:388} INFO - AWS Connection (conn_id='minio_conn', conn_type='aws') credentials retrieved from login and password.
[2024-09-20T08:56:21.232+0000] {logging_mixin.py:190} WARNING - <string>:9 AirflowProviderDeprecationWarning: extra['host'] is deprecated and will be removed in a future release. Please set extra['endpoint_url'] instead
[2024-09-20T08:56:22.058+0000] {base.py:336} INFO - Success criteria met. Exiting.
[2024-09-20T08:56:22.079+0000] {taskinstance.py:340} INFO - ::group::Post task execution logs
[2024-09-20T08:56:22.082+0000] {taskinstance.py:352} INFO - Marking task as SUCCESS. dag_id=dag_with_minio_s3_v02, task_id=sensor_minio_s3, run_id=scheduled__2024-09-19T00:00:00+00:00, execution_date=20240919T000000, start_date=20240920T085620, end_date=20240920T085622
[2024-09-20T08:56:22.183+0000] {local_task_job_runner.py:266} INFO - Task exited with return code 0
[2024-09-20T08:56:22.203+0000] {taskinstance.py:3900} INFO - 0 downstream tasks scheduled from follow-on schedule check
[2024-09-20T08:56:22.207+0000] {local_task_job_runner.py:245} INFO - ::endgroup::
