[2024-09-13T07:13:15.415+0000] {local_task_job_runner.py:123} INFO - ::group::Pre task execution logs
[2024-09-13T07:13:15.446+0000] {taskinstance.py:2612} INFO - Dependencies all met for dep_context=non-requeueable deps ti=<TaskInstance: dag_with_postgres_operator_v01.create_postgres_table scheduled__2024-09-08T00:00:00+00:00 [queued]>
[2024-09-13T07:13:15.458+0000] {taskinstance.py:2612} INFO - Dependencies all met for dep_context=requeueable deps ti=<TaskInstance: dag_with_postgres_operator_v01.create_postgres_table scheduled__2024-09-08T00:00:00+00:00 [queued]>
[2024-09-13T07:13:15.460+0000] {taskinstance.py:2865} INFO - Starting attempt 1 of 6
[2024-09-13T07:13:15.481+0000] {taskinstance.py:2888} INFO - Executing <Task(PostgresOperator): create_postgres_table> on 2024-09-08 00:00:00+00:00
[2024-09-13T07:13:15.491+0000] {standard_task_runner.py:104} INFO - Running: ['***', 'tasks', 'run', 'dag_with_postgres_operator_v01', 'create_postgres_table', 'scheduled__2024-09-08T00:00:00+00:00', '--job-id', '21925', '--raw', '--subdir', 'DAGS_FOLDER/dag_with_postgres_operator.py', '--cfg-path', '/tmp/tmp_piuou48']
[2024-09-13T07:13:15.496+0000] {standard_task_runner.py:105} INFO - Job 21925: Subtask create_postgres_table
[2024-09-13T07:13:15.496+0000] {logging_mixin.py:190} WARNING - /home/***/.local/lib/python3.12/site-packages/***/task/task_runner/standard_task_runner.py:70 DeprecationWarning: This process (pid=1204) is multi-threaded, use of fork() may lead to deadlocks in the child.
[2024-09-13T07:13:15.498+0000] {standard_task_runner.py:72} INFO - Started process 1209 to run task
[2024-09-13T07:13:15.582+0000] {task_command.py:467} INFO - Running <TaskInstance: dag_with_postgres_operator_v01.create_postgres_table scheduled__2024-09-08T00:00:00+00:00 [running]> on host 5508ea9ebfaf
[2024-09-13T07:13:15.752+0000] {taskinstance.py:3131} INFO - Exporting env vars: AIRFLOW_CTX_DAG_OWNER='coder2j' AIRFLOW_CTX_DAG_ID='dag_with_postgres_operator_v01' AIRFLOW_CTX_TASK_ID='create_postgres_table' AIRFLOW_CTX_EXECUTION_DATE='2024-09-08T00:00:00+00:00' AIRFLOW_CTX_TRY_NUMBER='1' AIRFLOW_CTX_DAG_RUN_ID='scheduled__2024-09-08T00:00:00+00:00'
[2024-09-13T07:13:15.754+0000] {taskinstance.py:731} INFO - ::endgroup::
[2024-09-13T07:13:15.780+0000] {sql.py:266} INFO - Executing: 
            create table if not exists dag_runs (
                dt date,
                dag_id character varying,
                primary key (dt, dag_id)
            )
        
[2024-09-13T07:13:15.787+0000] {base.py:84} INFO - Retrieving connection 'postgres_localhost'
[2024-09-13T07:13:15.798+0000] {base.py:84} INFO - Retrieving connection 'postgres_localhost'
[2024-09-13T07:13:15.805+0000] {sql.py:509} INFO - Running statement: 
            create table if not exists dag_runs (
                dt date,
                dag_id character varying,
                primary key (dt, dag_id)
            )
        , parameters: None
[2024-09-13T07:13:15.818+0000] {taskinstance.py:340} INFO - ::group::Post task execution logs
[2024-09-13T07:13:15.818+0000] {taskinstance.py:352} INFO - Marking task as SUCCESS. dag_id=dag_with_postgres_operator_v01, task_id=create_postgres_table, run_id=scheduled__2024-09-08T00:00:00+00:00, execution_date=20240908T000000, start_date=20240913T071315, end_date=20240913T071315
[2024-09-13T07:13:15.877+0000] {local_task_job_runner.py:266} INFO - Task exited with return code 0
[2024-09-13T07:13:15.897+0000] {taskinstance.py:3900} INFO - 0 downstream tasks scheduled from follow-on schedule check
[2024-09-13T07:13:15.900+0000] {local_task_job_runner.py:245} INFO - ::endgroup::
