[2024-09-12T02:23:20.681+0000] {local_task_job_runner.py:123} INFO - ::group::Pre task execution logs
[2024-09-12T02:23:20.719+0000] {taskinstance.py:2612} INFO - Dependencies all met for dep_context=non-requeueable deps ti=<TaskInstance: our_first_dag_V6.third_task scheduled__2023-08-04T00:00:00+00:00 [queued]>
[2024-09-12T02:23:20.771+0000] {taskinstance.py:2612} INFO - Dependencies all met for dep_context=requeueable deps ti=<TaskInstance: our_first_dag_V6.third_task scheduled__2023-08-04T00:00:00+00:00 [queued]>
[2024-09-12T02:23:20.772+0000] {taskinstance.py:2865} INFO - Starting attempt 1 of 6
[2024-09-12T02:23:20.878+0000] {taskinstance.py:2888} INFO - Executing <Task(BashOperator): third_task> on 2023-08-04 00:00:00+00:00
[2024-09-12T02:23:20.906+0000] {logging_mixin.py:190} WARNING - /home/***/.local/lib/python3.12/site-packages/***/task/task_runner/standard_task_runner.py:70 DeprecationWarning: This process (pid=10167) is multi-threaded, use of fork() may lead to deadlocks in the child.
[2024-09-12T02:23:20.910+0000] {standard_task_runner.py:72} INFO - Started process 10188 to run task
[2024-09-12T02:23:20.914+0000] {standard_task_runner.py:104} INFO - Running: ['***', 'tasks', 'run', 'our_first_dag_V6', 'third_task', 'scheduled__2023-08-04T00:00:00+00:00', '--job-id', '20651', '--raw', '--subdir', 'DAGS_FOLDER/our_first_dag.py', '--cfg-path', '/tmp/tmp4bj4sf51']
[2024-09-12T02:23:20.919+0000] {standard_task_runner.py:105} INFO - Job 20651: Subtask third_task
[2024-09-12T02:23:21.087+0000] {task_command.py:467} INFO - Running <TaskInstance: our_first_dag_V6.third_task scheduled__2023-08-04T00:00:00+00:00 [running]> on host 5508ea9ebfaf
[2024-09-12T02:23:21.279+0000] {taskinstance.py:3131} INFO - Exporting env vars: AIRFLOW_CTX_DAG_OWNER='acap' AIRFLOW_CTX_DAG_ID='our_first_dag_V6' AIRFLOW_CTX_TASK_ID='third_task' AIRFLOW_CTX_EXECUTION_DATE='2023-08-04T00:00:00+00:00' AIRFLOW_CTX_TRY_NUMBER='1' AIRFLOW_CTX_DAG_RUN_ID='scheduled__2023-08-04T00:00:00+00:00'
[2024-09-12T02:23:21.282+0000] {taskinstance.py:731} INFO - ::endgroup::
[2024-09-12T02:23:21.314+0000] {subprocess.py:63} INFO - Tmp dir root location: /tmp
[2024-09-12T02:23:21.316+0000] {subprocess.py:75} INFO - Running command: ['/usr/bin/bash', '-c', 'echo hey, this is the third task!']
[2024-09-12T02:23:21.332+0000] {subprocess.py:86} INFO - Output:
[2024-09-12T02:23:21.334+0000] {subprocess.py:93} INFO - hey, this is the third task!
[2024-09-12T02:23:21.336+0000] {subprocess.py:97} INFO - Command exited with return code 0
[2024-09-12T02:23:21.376+0000] {taskinstance.py:340} INFO - ::group::Post task execution logs
[2024-09-12T02:23:21.377+0000] {taskinstance.py:352} INFO - Marking task as SUCCESS. dag_id=our_first_dag_V6, task_id=third_task, run_id=scheduled__2023-08-04T00:00:00+00:00, execution_date=20230804T000000, start_date=20240912T022320, end_date=20240912T022321
[2024-09-12T02:23:21.434+0000] {local_task_job_runner.py:266} INFO - Task exited with return code 0
[2024-09-12T02:23:21.447+0000] {local_task_job_runner.py:245} INFO - ::endgroup::
