[2024-09-12T02:24:05.924+0000] {local_task_job_runner.py:123} INFO - ::group::Pre task execution logs
[2024-09-12T02:24:05.952+0000] {taskinstance.py:2612} INFO - Dependencies all met for dep_context=non-requeueable deps ti=<TaskInstance: our_first_dag_V6.first_task scheduled__2023-10-15T00:00:00+00:00 [queued]>
[2024-09-12T02:24:05.969+0000] {taskinstance.py:2612} INFO - Dependencies all met for dep_context=requeueable deps ti=<TaskInstance: our_first_dag_V6.first_task scheduled__2023-10-15T00:00:00+00:00 [queued]>
[2024-09-12T02:24:05.973+0000] {taskinstance.py:2865} INFO - Starting attempt 1 of 6
[2024-09-12T02:24:06.101+0000] {taskinstance.py:2888} INFO - Executing <Task(BashOperator): first_task> on 2023-10-15 00:00:00+00:00
[2024-09-12T02:24:06.113+0000] {logging_mixin.py:190} WARNING - /home/***/.local/lib/python3.12/site-packages/***/task/task_runner/standard_task_runner.py:70 DeprecationWarning: This process (pid=11014) is multi-threaded, use of fork() may lead to deadlocks in the child.
[2024-09-12T02:24:06.116+0000] {standard_task_runner.py:72} INFO - Started process 11025 to run task
[2024-09-12T02:24:06.114+0000] {standard_task_runner.py:104} INFO - Running: ['***', 'tasks', 'run', 'our_first_dag_V6', 'first_task', 'scheduled__2023-10-15T00:00:00+00:00', '--job-id', '20853', '--raw', '--subdir', 'DAGS_FOLDER/our_first_dag.py', '--cfg-path', '/tmp/tmppjqa_5e4']
[2024-09-12T02:24:06.117+0000] {standard_task_runner.py:105} INFO - Job 20853: Subtask first_task
[2024-09-12T02:24:06.235+0000] {task_command.py:467} INFO - Running <TaskInstance: our_first_dag_V6.first_task scheduled__2023-10-15T00:00:00+00:00 [running]> on host 5508ea9ebfaf
[2024-09-12T02:24:06.465+0000] {taskinstance.py:3131} INFO - Exporting env vars: AIRFLOW_CTX_DAG_OWNER='acap' AIRFLOW_CTX_DAG_ID='our_first_dag_V6' AIRFLOW_CTX_TASK_ID='first_task' AIRFLOW_CTX_EXECUTION_DATE='2023-10-15T00:00:00+00:00' AIRFLOW_CTX_TRY_NUMBER='1' AIRFLOW_CTX_DAG_RUN_ID='scheduled__2023-10-15T00:00:00+00:00'
[2024-09-12T02:24:06.467+0000] {taskinstance.py:731} INFO - ::endgroup::
[2024-09-12T02:24:06.521+0000] {subprocess.py:63} INFO - Tmp dir root location: /tmp
[2024-09-12T02:24:06.522+0000] {subprocess.py:75} INFO - Running command: ['/usr/bin/bash', '-c', 'echo hello world, this is the first task!']
[2024-09-12T02:24:06.557+0000] {subprocess.py:86} INFO - Output:
[2024-09-12T02:24:06.560+0000] {subprocess.py:93} INFO - hello world, this is the first task!
[2024-09-12T02:24:06.571+0000] {subprocess.py:97} INFO - Command exited with return code 0
[2024-09-12T02:24:06.632+0000] {taskinstance.py:340} INFO - ::group::Post task execution logs
[2024-09-12T02:24:06.636+0000] {taskinstance.py:352} INFO - Marking task as SUCCESS. dag_id=our_first_dag_V6, task_id=first_task, run_id=scheduled__2023-10-15T00:00:00+00:00, execution_date=20231015T000000, start_date=20240912T022405, end_date=20240912T022406
[2024-09-12T02:24:06.782+0000] {local_task_job_runner.py:266} INFO - Task exited with return code 0
[2024-09-12T02:24:06.828+0000] {taskinstance.py:3900} INFO - 2 downstream tasks scheduled from follow-on schedule check
[2024-09-12T02:24:06.857+0000] {local_task_job_runner.py:245} INFO - ::endgroup::
