[2024-09-10T07:13:06.735+0000] {local_task_job_runner.py:123} INFO - ::group::Pre task execution logs
[2024-09-10T07:13:06.753+0000] {taskinstance.py:2612} INFO - Dependencies all met for dep_context=non-requeueable deps ti=<TaskInstance: our_first_dag.first_task scheduled__2022-09-10T00:00:00+00:00 [queued]>
[2024-09-10T07:13:06.774+0000] {taskinstance.py:2612} INFO - Dependencies all met for dep_context=requeueable deps ti=<TaskInstance: our_first_dag.first_task scheduled__2022-09-10T00:00:00+00:00 [queued]>
[2024-09-10T07:13:06.776+0000] {taskinstance.py:2865} INFO - Starting attempt 1 of 6
[2024-09-10T07:13:06.795+0000] {taskinstance.py:2888} INFO - Executing <Task(BashOperator): first_task> on 2022-09-10 00:00:00+00:00
[2024-09-10T07:13:06.807+0000] {logging_mixin.py:190} WARNING - /home/***/.local/lib/python3.12/site-packages/***/task/task_runner/standard_task_runner.py:70 DeprecationWarning: This process (pid=3140) is multi-threaded, use of fork() may lead to deadlocks in the child.
[2024-09-10T07:13:06.809+0000] {standard_task_runner.py:72} INFO - Started process 3147 to run task
[2024-09-10T07:13:06.808+0000] {standard_task_runner.py:104} INFO - Running: ['***', 'tasks', 'run', 'our_first_dag', 'first_task', 'scheduled__2022-09-10T00:00:00+00:00', '--job-id', '412', '--raw', '--subdir', 'DAGS_FOLDER/our_first_dag.py', '--cfg-path', '/tmp/tmp57u0qqt_']
[2024-09-10T07:13:06.811+0000] {standard_task_runner.py:105} INFO - Job 412: Subtask first_task
[2024-09-10T07:13:06.870+0000] {task_command.py:467} INFO - Running <TaskInstance: our_first_dag.first_task scheduled__2022-09-10T00:00:00+00:00 [running]> on host 5508ea9ebfaf
[2024-09-10T07:13:06.983+0000] {taskinstance.py:3131} INFO - Exporting env vars: AIRFLOW_CTX_DAG_OWNER='coder2j' AIRFLOW_CTX_DAG_ID='our_first_dag' AIRFLOW_CTX_TASK_ID='first_task' AIRFLOW_CTX_EXECUTION_DATE='2022-09-10T00:00:00+00:00' AIRFLOW_CTX_TRY_NUMBER='1' AIRFLOW_CTX_DAG_RUN_ID='scheduled__2022-09-10T00:00:00+00:00'
[2024-09-10T07:13:06.986+0000] {taskinstance.py:731} INFO - ::endgroup::
[2024-09-10T07:13:07.014+0000] {subprocess.py:63} INFO - Tmp dir root location: /tmp
[2024-09-10T07:13:07.015+0000] {subprocess.py:75} INFO - Running command: ['/usr/bin/bash', '-c', 'echo hello world, this is the first task!']
[2024-09-10T07:13:07.025+0000] {subprocess.py:86} INFO - Output:
[2024-09-10T07:13:07.027+0000] {subprocess.py:93} INFO - hello world, this is the first task!
[2024-09-10T07:13:07.027+0000] {subprocess.py:97} INFO - Command exited with return code 0
[2024-09-10T07:13:07.062+0000] {taskinstance.py:340} INFO - ::group::Post task execution logs
[2024-09-10T07:13:07.063+0000] {taskinstance.py:352} INFO - Marking task as SUCCESS. dag_id=our_first_dag, task_id=first_task, run_id=scheduled__2022-09-10T00:00:00+00:00, execution_date=20220910T000000, start_date=20240910T071306, end_date=20240910T071307
[2024-09-10T07:13:07.147+0000] {local_task_job_runner.py:266} INFO - Task exited with return code 0
[2024-09-10T07:13:07.164+0000] {taskinstance.py:3900} INFO - 0 downstream tasks scheduled from follow-on schedule check
[2024-09-10T07:13:07.167+0000] {local_task_job_runner.py:245} INFO - ::endgroup::
