[2024-09-10T08:11:27.655+0000] {local_task_job_runner.py:123} INFO - ::group::Pre task execution logs
[2024-09-10T08:11:27.718+0000] {taskinstance.py:2612} INFO - Dependencies all met for dep_context=non-requeueable deps ti=<TaskInstance: our_first_dag_V5.first_task scheduled__2021-11-07T00:00:00+00:00 [queued]>
[2024-09-10T08:11:27.775+0000] {taskinstance.py:2612} INFO - Dependencies all met for dep_context=requeueable deps ti=<TaskInstance: our_first_dag_V5.first_task scheduled__2021-11-07T00:00:00+00:00 [queued]>
[2024-09-10T08:11:27.778+0000] {taskinstance.py:2865} INFO - Starting attempt 1 of 6
[2024-09-10T08:11:27.836+0000] {taskinstance.py:2888} INFO - Executing <Task(BashOperator): first_task> on 2021-11-07 00:00:00+00:00
[2024-09-10T08:11:27.846+0000] {logging_mixin.py:190} WARNING - /home/***/.local/lib/python3.12/site-packages/***/task/task_runner/standard_task_runner.py:70 DeprecationWarning: This process (pid=29574) is multi-threaded, use of fork() may lead to deadlocks in the child.
[2024-09-10T08:11:27.848+0000] {standard_task_runner.py:72} INFO - Started process 29599 to run task
[2024-09-10T08:11:27.849+0000] {standard_task_runner.py:104} INFO - Running: ['***', 'tasks', 'run', 'our_first_dag_V5', 'first_task', 'scheduled__2021-11-07T00:00:00+00:00', '--job-id', '6689', '--raw', '--subdir', 'DAGS_FOLDER/our_first_dag.py', '--cfg-path', '/tmp/tmps7jx8_l1']
[2024-09-10T08:11:27.860+0000] {standard_task_runner.py:105} INFO - Job 6689: Subtask first_task
[2024-09-10T08:11:27.942+0000] {task_command.py:467} INFO - Running <TaskInstance: our_first_dag_V5.first_task scheduled__2021-11-07T00:00:00+00:00 [running]> on host 5508ea9ebfaf
[2024-09-10T08:11:28.109+0000] {taskinstance.py:3131} INFO - Exporting env vars: AIRFLOW_CTX_DAG_OWNER='coder2j' AIRFLOW_CTX_DAG_ID='our_first_dag_V5' AIRFLOW_CTX_TASK_ID='first_task' AIRFLOW_CTX_EXECUTION_DATE='2021-11-07T00:00:00+00:00' AIRFLOW_CTX_TRY_NUMBER='1' AIRFLOW_CTX_DAG_RUN_ID='scheduled__2021-11-07T00:00:00+00:00'
[2024-09-10T08:11:28.111+0000] {taskinstance.py:731} INFO - ::endgroup::
[2024-09-10T08:11:28.141+0000] {subprocess.py:63} INFO - Tmp dir root location: /tmp
[2024-09-10T08:11:28.142+0000] {subprocess.py:75} INFO - Running command: ['/usr/bin/bash', '-c', 'echo hello world, this is the first task!']
[2024-09-10T08:11:28.155+0000] {subprocess.py:86} INFO - Output:
[2024-09-10T08:11:28.157+0000] {subprocess.py:93} INFO - hello world, this is the first task!
[2024-09-10T08:11:28.158+0000] {subprocess.py:97} INFO - Command exited with return code 0
[2024-09-10T08:11:28.190+0000] {taskinstance.py:340} INFO - ::group::Post task execution logs
[2024-09-10T08:11:28.191+0000] {taskinstance.py:352} INFO - Marking task as SUCCESS. dag_id=our_first_dag_V5, task_id=first_task, run_id=scheduled__2021-11-07T00:00:00+00:00, execution_date=20211107T000000, start_date=20240910T081127, end_date=20240910T081128
[2024-09-10T08:11:28.271+0000] {local_task_job_runner.py:266} INFO - Task exited with return code 0
[2024-09-10T08:11:28.282+0000] {local_task_job_runner.py:245} INFO - ::endgroup::
