[2024-09-23T01:35:48.644+0000] {local_task_job_runner.py:123} INFO - ::group::Pre task execution logs
[2024-09-23T01:35:48.707+0000] {taskinstance.py:2612} INFO - Dependencies all met for dep_context=non-requeueable deps ti=<TaskInstance: dag_with_postgres_operator_v03.delete_data_from_table scheduled__2024-09-20T00:00:00+00:00 [queued]>
[2024-09-23T01:35:48.746+0000] {taskinstance.py:2612} INFO - Dependencies all met for dep_context=requeueable deps ti=<TaskInstance: dag_with_postgres_operator_v03.delete_data_from_table scheduled__2024-09-20T00:00:00+00:00 [queued]>
[2024-09-23T01:35:48.766+0000] {taskinstance.py:2865} INFO - Starting attempt 1 of 6
[2024-09-23T01:35:49.107+0000] {taskinstance.py:2888} INFO - Executing <Task(PostgresOperator): delete_data_from_table> on 2024-09-20 00:00:00+00:00
[2024-09-23T01:35:49.114+0000] {standard_task_runner.py:104} INFO - Running: ['***', 'tasks', 'run', 'dag_with_postgres_operator_v03', 'delete_data_from_table', 'scheduled__2024-09-20T00:00:00+00:00', '--job-id', '22651', '--raw', '--subdir', 'DAGS_FOLDER/dag_with_postgres_operator.py', '--cfg-path', '/tmp/tmpgp42kby_']
[2024-09-23T01:35:49.115+0000] {standard_task_runner.py:105} INFO - Job 22651: Subtask delete_data_from_table
[2024-09-23T01:35:49.117+0000] {logging_mixin.py:190} WARNING - /home/***/.local/lib/python3.12/site-packages/***/task/task_runner/standard_task_runner.py:70 DeprecationWarning: This process (pid=310) is multi-threaded, use of fork() may lead to deadlocks in the child.
[2024-09-23T01:35:49.118+0000] {standard_task_runner.py:72} INFO - Started process 339 to run task
[2024-09-23T01:35:49.287+0000] {task_command.py:467} INFO - Running <TaskInstance: dag_with_postgres_operator_v03.delete_data_from_table scheduled__2024-09-20T00:00:00+00:00 [running]> on host ced43fa3e256
[2024-09-23T01:35:49.655+0000] {taskinstance.py:3131} INFO - Exporting env vars: AIRFLOW_CTX_DAG_OWNER='coder2j' AIRFLOW_CTX_DAG_ID='dag_with_postgres_operator_v03' AIRFLOW_CTX_TASK_ID='delete_data_from_table' AIRFLOW_CTX_EXECUTION_DATE='2024-09-20T00:00:00+00:00' AIRFLOW_CTX_TRY_NUMBER='1' AIRFLOW_CTX_DAG_RUN_ID='scheduled__2024-09-20T00:00:00+00:00'
[2024-09-23T01:35:49.657+0000] {taskinstance.py:731} INFO - ::endgroup::
[2024-09-23T01:35:49.689+0000] {sql.py:266} INFO - Executing: 
                delete from dag_runs where dt = '2024-09-20' and dag_id = 'dag_with_postgres_operator_v03'
            
[2024-09-23T01:35:49.723+0000] {base.py:84} INFO - Retrieving connection 'postgres_localhost'
[2024-09-23T01:35:49.781+0000] {base.py:84} INFO - Retrieving connection 'postgres_localhost'
[2024-09-23T01:35:49.797+0000] {sql.py:509} INFO - Running statement: 
                delete from dag_runs where dt = '2024-09-20' and dag_id = 'dag_with_postgres_operator_v03'
            , parameters: None
[2024-09-23T01:35:50.109+0000] {sql.py:518} INFO - Rows affected: 0
[2024-09-23T01:35:50.134+0000] {taskinstance.py:340} INFO - ::group::Post task execution logs
[2024-09-23T01:35:50.135+0000] {taskinstance.py:352} INFO - Marking task as SUCCESS. dag_id=dag_with_postgres_operator_v03, task_id=delete_data_from_table, run_id=scheduled__2024-09-20T00:00:00+00:00, execution_date=20240920T000000, start_date=20240923T013548, end_date=20240923T013550
[2024-09-23T01:35:50.221+0000] {local_task_job_runner.py:266} INFO - Task exited with return code 0
[2024-09-23T01:35:50.245+0000] {logging_mixin.py:190} WARNING - /home/***/.local/lib/python3.12/site-packages/***/models/baseoperator.py:1378 AirflowProviderDeprecationWarning: Call to deprecated class PostgresOperator. (Please use `***.providers.common.sql.operators.sql.SQLExecuteQueryOperator`.Also, you can provide `hook_params={'schema': <database>}`.)
[2024-09-23T01:35:50.302+0000] {taskinstance.py:3900} INFO - 1 downstream tasks scheduled from follow-on schedule check
[2024-09-23T01:35:50.359+0000] {local_task_job_runner.py:245} INFO - ::endgroup::
