[2024-09-12T02:16:24.622+0000] {local_task_job_runner.py:123} INFO - ::group::Pre task execution logs
[2024-09-12T02:16:24.648+0000] {taskinstance.py:2612} INFO - Dependencies all met for dep_context=non-requeueable deps ti=<TaskInstance: our_first_dag_V6.first_task scheduled__2021-12-16T00:00:00+00:00 [queued]>
[2024-09-12T02:16:24.664+0000] {taskinstance.py:2612} INFO - Dependencies all met for dep_context=requeueable deps ti=<TaskInstance: our_first_dag_V6.first_task scheduled__2021-12-16T00:00:00+00:00 [queued]>
[2024-09-12T02:16:24.666+0000] {taskinstance.py:2865} INFO - Starting attempt 1 of 6
[2024-09-12T02:16:24.690+0000] {taskinstance.py:2888} INFO - Executing <Task(BashOperator): first_task> on 2021-12-16 00:00:00+00:00
[2024-09-12T02:16:24.700+0000] {logging_mixin.py:190} WARNING - /home/***/.local/lib/python3.12/site-packages/***/task/task_runner/standard_task_runner.py:70 DeprecationWarning: This process (pid=2095) is multi-threaded, use of fork() may lead to deadlocks in the child.
[2024-09-12T02:16:24.702+0000] {standard_task_runner.py:72} INFO - Started process 2100 to run task
[2024-09-12T02:16:24.701+0000] {standard_task_runner.py:104} INFO - Running: ['***', 'tasks', 'run', 'our_first_dag_V6', 'first_task', 'scheduled__2021-12-16T00:00:00+00:00', '--job-id', '18724', '--raw', '--subdir', 'DAGS_FOLDER/our_first_dag.py', '--cfg-path', '/tmp/tmpyd392plk']
[2024-09-12T02:16:24.706+0000] {standard_task_runner.py:105} INFO - Job 18724: Subtask first_task
[2024-09-12T02:16:24.771+0000] {task_command.py:467} INFO - Running <TaskInstance: our_first_dag_V6.first_task scheduled__2021-12-16T00:00:00+00:00 [running]> on host 5508ea9ebfaf
[2024-09-12T02:16:24.925+0000] {taskinstance.py:3131} INFO - Exporting env vars: AIRFLOW_CTX_DAG_OWNER='acap' AIRFLOW_CTX_DAG_ID='our_first_dag_V6' AIRFLOW_CTX_TASK_ID='first_task' AIRFLOW_CTX_EXECUTION_DATE='2021-12-16T00:00:00+00:00' AIRFLOW_CTX_TRY_NUMBER='1' AIRFLOW_CTX_DAG_RUN_ID='scheduled__2021-12-16T00:00:00+00:00'
[2024-09-12T02:16:24.927+0000] {taskinstance.py:731} INFO - ::endgroup::
[2024-09-12T02:16:24.964+0000] {subprocess.py:63} INFO - Tmp dir root location: /tmp
[2024-09-12T02:16:24.965+0000] {subprocess.py:75} INFO - Running command: ['/usr/bin/bash', '-c', 'echo hello world, this is the first task!']
[2024-09-12T02:16:24.998+0000] {subprocess.py:86} INFO - Output:
[2024-09-12T02:16:24.999+0000] {subprocess.py:93} INFO - hello world, this is the first task!
[2024-09-12T02:16:25.000+0000] {subprocess.py:97} INFO - Command exited with return code 0
[2024-09-12T02:16:25.041+0000] {taskinstance.py:340} INFO - ::group::Post task execution logs
[2024-09-12T02:16:25.044+0000] {taskinstance.py:352} INFO - Marking task as SUCCESS. dag_id=our_first_dag_V6, task_id=first_task, run_id=scheduled__2021-12-16T00:00:00+00:00, execution_date=20211216T000000, start_date=20240912T021624, end_date=20240912T021625
[2024-09-12T02:16:25.160+0000] {local_task_job_runner.py:266} INFO - Task exited with return code 0
[2024-09-12T02:16:25.220+0000] {taskinstance.py:3900} INFO - 2 downstream tasks scheduled from follow-on schedule check
[2024-09-12T02:16:25.226+0000] {local_task_job_runner.py:245} INFO - ::endgroup::
