[2024-09-10T08:16:40.361+0000] {local_task_job_runner.py:123} INFO - ::group::Pre task execution logs
[2024-09-10T08:16:40.385+0000] {taskinstance.py:2612} INFO - Dependencies all met for dep_context=non-requeueable deps ti=<TaskInstance: our_first_dag_V5.first_task scheduled__2022-10-21T00:00:00+00:00 [queued]>
[2024-09-10T08:16:40.402+0000] {taskinstance.py:2612} INFO - Dependencies all met for dep_context=requeueable deps ti=<TaskInstance: our_first_dag_V5.first_task scheduled__2022-10-21T00:00:00+00:00 [queued]>
[2024-09-10T08:16:40.403+0000] {taskinstance.py:2865} INFO - Starting attempt 1 of 6
[2024-09-10T08:16:40.434+0000] {taskinstance.py:2888} INFO - Executing <Task(BashOperator): first_task> on 2022-10-21 00:00:00+00:00
[2024-09-10T08:16:40.447+0000] {logging_mixin.py:190} WARNING - /home/***/.local/lib/python3.12/site-packages/***/task/task_runner/standard_task_runner.py:70 DeprecationWarning: This process (pid=33884) is multi-threaded, use of fork() may lead to deadlocks in the child.
[2024-09-10T08:16:40.449+0000] {standard_task_runner.py:72} INFO - Started process 33893 to run task
[2024-09-10T08:16:40.448+0000] {standard_task_runner.py:104} INFO - Running: ['***', 'tasks', 'run', 'our_first_dag_V5', 'first_task', 'scheduled__2022-10-21T00:00:00+00:00', '--job-id', '7737', '--raw', '--subdir', 'DAGS_FOLDER/our_first_dag.py', '--cfg-path', '/tmp/tmpc2k2idd5']
[2024-09-10T08:16:40.452+0000] {standard_task_runner.py:105} INFO - Job 7737: Subtask first_task
[2024-09-10T08:16:40.574+0000] {task_command.py:467} INFO - Running <TaskInstance: our_first_dag_V5.first_task scheduled__2022-10-21T00:00:00+00:00 [running]> on host 5508ea9ebfaf
[2024-09-10T08:16:40.870+0000] {taskinstance.py:3131} INFO - Exporting env vars: AIRFLOW_CTX_DAG_OWNER='coder2j' AIRFLOW_CTX_DAG_ID='our_first_dag_V5' AIRFLOW_CTX_TASK_ID='first_task' AIRFLOW_CTX_EXECUTION_DATE='2022-10-21T00:00:00+00:00' AIRFLOW_CTX_TRY_NUMBER='1' AIRFLOW_CTX_DAG_RUN_ID='scheduled__2022-10-21T00:00:00+00:00'
[2024-09-10T08:16:40.874+0000] {taskinstance.py:731} INFO - ::endgroup::
[2024-09-10T08:16:40.965+0000] {subprocess.py:63} INFO - Tmp dir root location: /tmp
[2024-09-10T08:16:40.967+0000] {subprocess.py:75} INFO - Running command: ['/usr/bin/bash', '-c', 'echo hello world, this is the first task!']
[2024-09-10T08:16:41.011+0000] {subprocess.py:86} INFO - Output:
[2024-09-10T08:16:41.019+0000] {subprocess.py:93} INFO - hello world, this is the first task!
[2024-09-10T08:16:41.023+0000] {subprocess.py:97} INFO - Command exited with return code 0
[2024-09-10T08:16:41.123+0000] {taskinstance.py:340} INFO - ::group::Post task execution logs
[2024-09-10T08:16:41.126+0000] {taskinstance.py:352} INFO - Marking task as SUCCESS. dag_id=our_first_dag_V5, task_id=first_task, run_id=scheduled__2022-10-21T00:00:00+00:00, execution_date=20221021T000000, start_date=20240910T081640, end_date=20240910T081641
[2024-09-10T08:16:41.242+0000] {local_task_job_runner.py:266} INFO - Task exited with return code 0
[2024-09-10T08:16:41.334+0000] {taskinstance.py:3900} INFO - 2 downstream tasks scheduled from follow-on schedule check
[2024-09-10T08:16:41.354+0000] {local_task_job_runner.py:245} INFO - ::endgroup::
