[2024-09-18T00:30:15.157+0000] {local_task_job_runner.py:123} INFO - ::group::Pre task execution logs
[2024-09-18T00:30:15.233+0000] {taskinstance.py:2612} INFO - Dependencies all met for dep_context=non-requeueable deps ti=<TaskInstance: our_first_dag_V6.second_task scheduled__2024-09-14T00:00:00+00:00 [queued]>
[2024-09-18T00:30:15.264+0000] {taskinstance.py:2612} INFO - Dependencies all met for dep_context=requeueable deps ti=<TaskInstance: our_first_dag_V6.second_task scheduled__2024-09-14T00:00:00+00:00 [queued]>
[2024-09-18T00:30:15.270+0000] {taskinstance.py:2865} INFO - Starting attempt 1 of 6
[2024-09-18T00:30:15.520+0000] {taskinstance.py:2888} INFO - Executing <Task(BashOperator): second_task> on 2024-09-14 00:00:00+00:00
[2024-09-18T00:30:15.635+0000] {logging_mixin.py:190} WARNING - /home/***/.local/lib/python3.12/site-packages/***/task/task_runner/standard_task_runner.py:70 DeprecationWarning: This process (pid=308) is multi-threaded, use of fork() may lead to deadlocks in the child.
[2024-09-18T00:30:15.641+0000] {standard_task_runner.py:72} INFO - Started process 333 to run task
[2024-09-18T00:30:15.673+0000] {standard_task_runner.py:104} INFO - Running: ['***', 'tasks', 'run', 'our_first_dag_V6', 'second_task', 'scheduled__2024-09-14T00:00:00+00:00', '--job-id', '21965', '--raw', '--subdir', 'DAGS_FOLDER/our_first_dag.py', '--cfg-path', '/tmp/tmptn9k5hw6']
[2024-09-18T00:30:15.835+0000] {standard_task_runner.py:105} INFO - Job 21965: Subtask second_task
[2024-09-18T00:30:16.302+0000] {task_command.py:467} INFO - Running <TaskInstance: our_first_dag_V6.second_task scheduled__2024-09-14T00:00:00+00:00 [running]> on host 5508ea9ebfaf
[2024-09-18T00:30:17.497+0000] {taskinstance.py:3131} INFO - Exporting env vars: AIRFLOW_CTX_DAG_OWNER='acap' AIRFLOW_CTX_DAG_ID='our_first_dag_V6' AIRFLOW_CTX_TASK_ID='second_task' AIRFLOW_CTX_EXECUTION_DATE='2024-09-14T00:00:00+00:00' AIRFLOW_CTX_TRY_NUMBER='1' AIRFLOW_CTX_DAG_RUN_ID='scheduled__2024-09-14T00:00:00+00:00'
[2024-09-18T00:30:17.519+0000] {taskinstance.py:731} INFO - ::endgroup::
[2024-09-18T00:30:17.756+0000] {subprocess.py:63} INFO - Tmp dir root location: /tmp
[2024-09-18T00:30:17.777+0000] {subprocess.py:75} INFO - Running command: ['/usr/bin/bash', '-c', 'echo hey, this is the second task!']
[2024-09-18T00:30:17.846+0000] {subprocess.py:86} INFO - Output:
[2024-09-18T00:30:17.906+0000] {subprocess.py:93} INFO - hey, this is the second task!
[2024-09-18T00:30:17.930+0000] {subprocess.py:97} INFO - Command exited with return code 0
[2024-09-18T00:30:18.141+0000] {taskinstance.py:340} INFO - ::group::Post task execution logs
[2024-09-18T00:30:18.162+0000] {taskinstance.py:352} INFO - Marking task as SUCCESS. dag_id=our_first_dag_V6, task_id=second_task, run_id=scheduled__2024-09-14T00:00:00+00:00, execution_date=20240914T000000, start_date=20240918T003015, end_date=20240918T003018
[2024-09-18T00:30:18.980+0000] {local_task_job_runner.py:266} INFO - Task exited with return code 0
[2024-09-18T00:30:19.003+0000] {local_task_job_runner.py:245} INFO - ::endgroup::
