[2024-09-12T02:16:14.751+0000] {local_task_job_runner.py:123} INFO - ::group::Pre task execution logs
[2024-09-12T02:16:14.802+0000] {taskinstance.py:2612} INFO - Dependencies all met for dep_context=non-requeueable deps ti=<TaskInstance: our_first_dag_V6.third_task scheduled__2021-11-30T00:00:00+00:00 [queued]>
[2024-09-12T02:16:14.835+0000] {taskinstance.py:2612} INFO - Dependencies all met for dep_context=requeueable deps ti=<TaskInstance: our_first_dag_V6.third_task scheduled__2021-11-30T00:00:00+00:00 [queued]>
[2024-09-12T02:16:14.840+0000] {taskinstance.py:2865} INFO - Starting attempt 1 of 6
[2024-09-12T02:16:14.989+0000] {taskinstance.py:2888} INFO - Executing <Task(BashOperator): third_task> on 2021-11-30 00:00:00+00:00
[2024-09-12T02:16:15.021+0000] {standard_task_runner.py:104} INFO - Running: ['***', 'tasks', 'run', 'our_first_dag_V6', 'third_task', 'scheduled__2021-11-30T00:00:00+00:00', '--job-id', '18683', '--raw', '--subdir', 'DAGS_FOLDER/our_first_dag.py', '--cfg-path', '/tmp/tmprcv6qwx_']
[2024-09-12T02:16:15.041+0000] {standard_task_runner.py:105} INFO - Job 18683: Subtask third_task
[2024-09-12T02:16:15.035+0000] {logging_mixin.py:190} WARNING - /home/***/.local/lib/python3.12/site-packages/***/task/task_runner/standard_task_runner.py:70 DeprecationWarning: This process (pid=1917) is multi-threaded, use of fork() may lead to deadlocks in the child.
[2024-09-12T02:16:15.055+0000] {standard_task_runner.py:72} INFO - Started process 1937 to run task
[2024-09-12T02:16:15.278+0000] {task_command.py:467} INFO - Running <TaskInstance: our_first_dag_V6.third_task scheduled__2021-11-30T00:00:00+00:00 [running]> on host 5508ea9ebfaf
[2024-09-12T02:16:15.524+0000] {taskinstance.py:3131} INFO - Exporting env vars: AIRFLOW_CTX_DAG_OWNER='acap' AIRFLOW_CTX_DAG_ID='our_first_dag_V6' AIRFLOW_CTX_TASK_ID='third_task' AIRFLOW_CTX_EXECUTION_DATE='2021-11-30T00:00:00+00:00' AIRFLOW_CTX_TRY_NUMBER='1' AIRFLOW_CTX_DAG_RUN_ID='scheduled__2021-11-30T00:00:00+00:00'
[2024-09-12T02:16:15.527+0000] {taskinstance.py:731} INFO - ::endgroup::
[2024-09-12T02:16:15.556+0000] {subprocess.py:63} INFO - Tmp dir root location: /tmp
[2024-09-12T02:16:15.557+0000] {subprocess.py:75} INFO - Running command: ['/usr/bin/bash', '-c', 'echo hey, this is the third task!']
[2024-09-12T02:16:15.568+0000] {subprocess.py:86} INFO - Output:
[2024-09-12T02:16:15.571+0000] {subprocess.py:93} INFO - hey, this is the third task!
[2024-09-12T02:16:15.572+0000] {subprocess.py:97} INFO - Command exited with return code 0
[2024-09-12T02:16:15.614+0000] {taskinstance.py:340} INFO - ::group::Post task execution logs
[2024-09-12T02:16:15.616+0000] {taskinstance.py:352} INFO - Marking task as SUCCESS. dag_id=our_first_dag_V6, task_id=third_task, run_id=scheduled__2021-11-30T00:00:00+00:00, execution_date=20211130T000000, start_date=20240912T021614, end_date=20240912T021615
[2024-09-12T02:16:15.697+0000] {local_task_job_runner.py:266} INFO - Task exited with return code 0
[2024-09-12T02:16:15.719+0000] {taskinstance.py:3900} INFO - 0 downstream tasks scheduled from follow-on schedule check
[2024-09-12T02:16:15.724+0000] {local_task_job_runner.py:245} INFO - ::endgroup::
