[2024-09-10T07:21:16.266+0000] {local_task_job_runner.py:123} INFO - ::group::Pre task execution logs
[2024-09-10T07:21:16.299+0000] {taskinstance.py:2612} INFO - Dependencies all met for dep_context=non-requeueable deps ti=<TaskInstance: our_first_dag_V2.first_task scheduled__2022-11-22T00:00:00+00:00 [queued]>
[2024-09-10T07:21:16.318+0000] {taskinstance.py:2612} INFO - Dependencies all met for dep_context=requeueable deps ti=<TaskInstance: our_first_dag_V2.first_task scheduled__2022-11-22T00:00:00+00:00 [queued]>
[2024-09-10T07:21:16.320+0000] {taskinstance.py:2865} INFO - Starting attempt 1 of 6
[2024-09-10T07:21:16.383+0000] {taskinstance.py:2888} INFO - Executing <Task(BashOperator): first_task> on 2022-11-22 00:00:00+00:00
[2024-09-10T07:21:16.396+0000] {logging_mixin.py:190} WARNING - /home/***/.local/lib/python3.12/site-packages/***/task/task_runner/standard_task_runner.py:70 DeprecationWarning: This process (pid=8938) is multi-threaded, use of fork() may lead to deadlocks in the child.
[2024-09-10T07:21:16.399+0000] {standard_task_runner.py:72} INFO - Started process 8951 to run task
[2024-09-10T07:21:16.400+0000] {standard_task_runner.py:104} INFO - Running: ['***', 'tasks', 'run', 'our_first_dag_V2', 'first_task', 'scheduled__2022-11-22T00:00:00+00:00', '--job-id', '1815', '--raw', '--subdir', 'DAGS_FOLDER/our_first_dag.py', '--cfg-path', '/tmp/tmpd8tmzv06']
[2024-09-10T07:21:16.404+0000] {standard_task_runner.py:105} INFO - Job 1815: Subtask first_task
[2024-09-10T07:21:16.501+0000] {task_command.py:467} INFO - Running <TaskInstance: our_first_dag_V2.first_task scheduled__2022-11-22T00:00:00+00:00 [running]> on host 5508ea9ebfaf
[2024-09-10T07:21:16.726+0000] {taskinstance.py:3131} INFO - Exporting env vars: AIRFLOW_CTX_DAG_OWNER='coder2j' AIRFLOW_CTX_DAG_ID='our_first_dag_V2' AIRFLOW_CTX_TASK_ID='first_task' AIRFLOW_CTX_EXECUTION_DATE='2022-11-22T00:00:00+00:00' AIRFLOW_CTX_TRY_NUMBER='1' AIRFLOW_CTX_DAG_RUN_ID='scheduled__2022-11-22T00:00:00+00:00'
[2024-09-10T07:21:16.727+0000] {taskinstance.py:731} INFO - ::endgroup::
[2024-09-10T07:21:16.760+0000] {subprocess.py:63} INFO - Tmp dir root location: /tmp
[2024-09-10T07:21:16.762+0000] {subprocess.py:75} INFO - Running command: ['/usr/bin/bash', '-c', 'echo hello world, this is the first task!']
[2024-09-10T07:21:16.792+0000] {subprocess.py:86} INFO - Output:
[2024-09-10T07:21:16.794+0000] {subprocess.py:93} INFO - hello world, this is the first task!
[2024-09-10T07:21:16.795+0000] {subprocess.py:97} INFO - Command exited with return code 0
[2024-09-10T07:21:16.839+0000] {taskinstance.py:340} INFO - ::group::Post task execution logs
[2024-09-10T07:21:16.840+0000] {taskinstance.py:352} INFO - Marking task as SUCCESS. dag_id=our_first_dag_V2, task_id=first_task, run_id=scheduled__2022-11-22T00:00:00+00:00, execution_date=20221122T000000, start_date=20240910T072116, end_date=20240910T072116
[2024-09-10T07:21:16.902+0000] {local_task_job_runner.py:266} INFO - Task exited with return code 0
[2024-09-10T07:21:16.942+0000] {taskinstance.py:3900} INFO - 1 downstream tasks scheduled from follow-on schedule check
[2024-09-10T07:21:16.946+0000] {local_task_job_runner.py:245} INFO - ::endgroup::
