[2024-09-12T02:24:44.595+0000] {local_task_job_runner.py:123} INFO - ::group::Pre task execution logs
[2024-09-12T02:24:44.677+0000] {taskinstance.py:2612} INFO - Dependencies all met for dep_context=non-requeueable deps ti=<TaskInstance: our_first_dag_V6.third_task scheduled__2023-12-09T00:00:00+00:00 [queued]>
[2024-09-12T02:24:44.704+0000] {taskinstance.py:2612} INFO - Dependencies all met for dep_context=requeueable deps ti=<TaskInstance: our_first_dag_V6.third_task scheduled__2023-12-09T00:00:00+00:00 [queued]>
[2024-09-12T02:24:44.707+0000] {taskinstance.py:2865} INFO - Starting attempt 1 of 6
[2024-09-12T02:24:44.843+0000] {taskinstance.py:2888} INFO - Executing <Task(BashOperator): third_task> on 2023-12-09 00:00:00+00:00
[2024-09-12T02:24:44.859+0000] {logging_mixin.py:190} WARNING - /home/***/.local/lib/python3.12/site-packages/***/task/task_runner/standard_task_runner.py:70 DeprecationWarning: This process (pid=11787) is multi-threaded, use of fork() may lead to deadlocks in the child.
[2024-09-12T02:24:44.861+0000] {standard_task_runner.py:72} INFO - Started process 11807 to run task
[2024-09-12T02:24:44.860+0000] {standard_task_runner.py:104} INFO - Running: ['***', 'tasks', 'run', 'our_first_dag_V6', 'third_task', 'scheduled__2023-12-09T00:00:00+00:00', '--job-id', '21036', '--raw', '--subdir', 'DAGS_FOLDER/our_first_dag.py', '--cfg-path', '/tmp/tmpohgm74md']
[2024-09-12T02:24:44.883+0000] {standard_task_runner.py:105} INFO - Job 21036: Subtask third_task
[2024-09-12T02:24:45.113+0000] {task_command.py:467} INFO - Running <TaskInstance: our_first_dag_V6.third_task scheduled__2023-12-09T00:00:00+00:00 [running]> on host 5508ea9ebfaf
[2024-09-12T02:24:45.384+0000] {taskinstance.py:3131} INFO - Exporting env vars: AIRFLOW_CTX_DAG_OWNER='acap' AIRFLOW_CTX_DAG_ID='our_first_dag_V6' AIRFLOW_CTX_TASK_ID='third_task' AIRFLOW_CTX_EXECUTION_DATE='2023-12-09T00:00:00+00:00' AIRFLOW_CTX_TRY_NUMBER='1' AIRFLOW_CTX_DAG_RUN_ID='scheduled__2023-12-09T00:00:00+00:00'
[2024-09-12T02:24:45.388+0000] {taskinstance.py:731} INFO - ::endgroup::
[2024-09-12T02:24:45.439+0000] {subprocess.py:63} INFO - Tmp dir root location: /tmp
[2024-09-12T02:24:45.442+0000] {subprocess.py:75} INFO - Running command: ['/usr/bin/bash', '-c', 'echo hey, this is the third task!']
[2024-09-12T02:24:45.476+0000] {subprocess.py:86} INFO - Output:
[2024-09-12T02:24:45.485+0000] {subprocess.py:93} INFO - hey, this is the third task!
[2024-09-12T02:24:45.489+0000] {subprocess.py:97} INFO - Command exited with return code 0
[2024-09-12T02:24:45.566+0000] {taskinstance.py:340} INFO - ::group::Post task execution logs
[2024-09-12T02:24:45.567+0000] {taskinstance.py:352} INFO - Marking task as SUCCESS. dag_id=our_first_dag_V6, task_id=third_task, run_id=scheduled__2023-12-09T00:00:00+00:00, execution_date=20231209T000000, start_date=20240912T022444, end_date=20240912T022445
[2024-09-12T02:24:46.049+0000] {local_task_job_runner.py:266} INFO - Task exited with return code 0
[2024-09-12T02:24:46.113+0000] {taskinstance.py:3900} INFO - 0 downstream tasks scheduled from follow-on schedule check
[2024-09-12T02:24:46.168+0000] {local_task_job_runner.py:245} INFO - ::endgroup::
