[2024-09-12T02:17:29.647+0000] {local_task_job_runner.py:123} INFO - ::group::Pre task execution logs
[2024-09-12T02:17:29.686+0000] {taskinstance.py:2612} INFO - Dependencies all met for dep_context=non-requeueable deps ti=<TaskInstance: our_first_dag_V6.third_task scheduled__2022-03-25T00:00:00+00:00 [queued]>
[2024-09-12T02:17:29.704+0000] {taskinstance.py:2612} INFO - Dependencies all met for dep_context=requeueable deps ti=<TaskInstance: our_first_dag_V6.third_task scheduled__2022-03-25T00:00:00+00:00 [queued]>
[2024-09-12T02:17:29.707+0000] {taskinstance.py:2865} INFO - Starting attempt 1 of 6
[2024-09-12T02:17:29.790+0000] {taskinstance.py:2888} INFO - Executing <Task(BashOperator): third_task> on 2022-03-25 00:00:00+00:00
[2024-09-12T02:17:29.804+0000] {logging_mixin.py:190} WARNING - /home/***/.local/lib/python3.12/site-packages/***/task/task_runner/standard_task_runner.py:70 DeprecationWarning: This process (pid=3350) is multi-threaded, use of fork() may lead to deadlocks in the child.
[2024-09-12T02:17:29.817+0000] {standard_task_runner.py:72} INFO - Started process 3379 to run task
[2024-09-12T02:17:29.816+0000] {standard_task_runner.py:104} INFO - Running: ['***', 'tasks', 'run', 'our_first_dag_V6', 'third_task', 'scheduled__2022-03-25T00:00:00+00:00', '--job-id', '19028', '--raw', '--subdir', 'DAGS_FOLDER/our_first_dag.py', '--cfg-path', '/tmp/tmph71edxdd']
[2024-09-12T02:17:29.825+0000] {standard_task_runner.py:105} INFO - Job 19028: Subtask third_task
[2024-09-12T02:17:29.941+0000] {task_command.py:467} INFO - Running <TaskInstance: our_first_dag_V6.third_task scheduled__2022-03-25T00:00:00+00:00 [running]> on host 5508ea9ebfaf
[2024-09-12T02:17:30.245+0000] {taskinstance.py:3131} INFO - Exporting env vars: AIRFLOW_CTX_DAG_OWNER='acap' AIRFLOW_CTX_DAG_ID='our_first_dag_V6' AIRFLOW_CTX_TASK_ID='third_task' AIRFLOW_CTX_EXECUTION_DATE='2022-03-25T00:00:00+00:00' AIRFLOW_CTX_TRY_NUMBER='1' AIRFLOW_CTX_DAG_RUN_ID='scheduled__2022-03-25T00:00:00+00:00'
[2024-09-12T02:17:30.252+0000] {taskinstance.py:731} INFO - ::endgroup::
[2024-09-12T02:17:30.302+0000] {subprocess.py:63} INFO - Tmp dir root location: /tmp
[2024-09-12T02:17:30.310+0000] {subprocess.py:75} INFO - Running command: ['/usr/bin/bash', '-c', 'echo hey, this is the third task!']
[2024-09-12T02:17:30.336+0000] {subprocess.py:86} INFO - Output:
[2024-09-12T02:17:30.339+0000] {subprocess.py:93} INFO - hey, this is the third task!
[2024-09-12T02:17:30.340+0000] {subprocess.py:97} INFO - Command exited with return code 0
[2024-09-12T02:17:30.407+0000] {taskinstance.py:340} INFO - ::group::Post task execution logs
[2024-09-12T02:17:30.408+0000] {taskinstance.py:352} INFO - Marking task as SUCCESS. dag_id=our_first_dag_V6, task_id=third_task, run_id=scheduled__2022-03-25T00:00:00+00:00, execution_date=20220325T000000, start_date=20240912T021729, end_date=20240912T021730
[2024-09-12T02:17:30.540+0000] {local_task_job_runner.py:266} INFO - Task exited with return code 0
[2024-09-12T02:17:30.586+0000] {local_task_job_runner.py:245} INFO - ::endgroup::
