[2024-09-12T02:25:24.951+0000] {local_task_job_runner.py:123} INFO - ::group::Pre task execution logs
[2024-09-12T02:25:25.064+0000] {taskinstance.py:2612} INFO - Dependencies all met for dep_context=non-requeueable deps ti=<TaskInstance: our_first_dag_V6.third_task scheduled__2024-02-07T00:00:00+00:00 [queued]>
[2024-09-12T02:25:25.153+0000] {taskinstance.py:2612} INFO - Dependencies all met for dep_context=requeueable deps ti=<TaskInstance: our_first_dag_V6.third_task scheduled__2024-02-07T00:00:00+00:00 [queued]>
[2024-09-12T02:25:25.166+0000] {taskinstance.py:2865} INFO - Starting attempt 1 of 6
[2024-09-12T02:25:25.460+0000] {taskinstance.py:2888} INFO - Executing <Task(BashOperator): third_task> on 2024-02-07 00:00:00+00:00
[2024-09-12T02:25:25.483+0000] {logging_mixin.py:190} WARNING - /home/***/.local/lib/python3.12/site-packages/***/task/task_runner/standard_task_runner.py:70 DeprecationWarning: This process (pid=12521) is multi-threaded, use of fork() may lead to deadlocks in the child.
[2024-09-12T02:25:25.498+0000] {standard_task_runner.py:72} INFO - Started process 12550 to run task
[2024-09-12T02:25:25.484+0000] {standard_task_runner.py:104} INFO - Running: ['***', 'tasks', 'run', 'our_first_dag_V6', 'third_task', 'scheduled__2024-02-07T00:00:00+00:00', '--job-id', '21216', '--raw', '--subdir', 'DAGS_FOLDER/our_first_dag.py', '--cfg-path', '/tmp/tmpckzblf6b']
[2024-09-12T02:25:25.516+0000] {standard_task_runner.py:105} INFO - Job 21216: Subtask third_task
[2024-09-12T02:25:25.763+0000] {task_command.py:467} INFO - Running <TaskInstance: our_first_dag_V6.third_task scheduled__2024-02-07T00:00:00+00:00 [running]> on host 5508ea9ebfaf
[2024-09-12T02:25:26.181+0000] {taskinstance.py:3131} INFO - Exporting env vars: AIRFLOW_CTX_DAG_OWNER='acap' AIRFLOW_CTX_DAG_ID='our_first_dag_V6' AIRFLOW_CTX_TASK_ID='third_task' AIRFLOW_CTX_EXECUTION_DATE='2024-02-07T00:00:00+00:00' AIRFLOW_CTX_TRY_NUMBER='1' AIRFLOW_CTX_DAG_RUN_ID='scheduled__2024-02-07T00:00:00+00:00'
[2024-09-12T02:25:26.187+0000] {taskinstance.py:731} INFO - ::endgroup::
[2024-09-12T02:25:26.305+0000] {subprocess.py:63} INFO - Tmp dir root location: /tmp
[2024-09-12T02:25:26.314+0000] {subprocess.py:75} INFO - Running command: ['/usr/bin/bash', '-c', 'echo hey, this is the third task!']
[2024-09-12T02:25:26.339+0000] {subprocess.py:86} INFO - Output:
[2024-09-12T02:25:26.344+0000] {subprocess.py:93} INFO - hey, this is the third task!
[2024-09-12T02:25:26.358+0000] {subprocess.py:97} INFO - Command exited with return code 0
[2024-09-12T02:25:26.448+0000] {taskinstance.py:340} INFO - ::group::Post task execution logs
[2024-09-12T02:25:26.452+0000] {taskinstance.py:352} INFO - Marking task as SUCCESS. dag_id=our_first_dag_V6, task_id=third_task, run_id=scheduled__2024-02-07T00:00:00+00:00, execution_date=20240207T000000, start_date=20240912T022525, end_date=20240912T022526
[2024-09-12T02:25:26.582+0000] {local_task_job_runner.py:266} INFO - Task exited with return code 0
[2024-09-12T02:25:26.632+0000] {taskinstance.py:3900} INFO - 0 downstream tasks scheduled from follow-on schedule check
[2024-09-12T02:25:26.640+0000] {local_task_job_runner.py:245} INFO - ::endgroup::
