[2024-09-10T08:21:02.852+0000] {local_task_job_runner.py:123} INFO - ::group::Pre task execution logs
[2024-09-10T08:21:02.905+0000] {taskinstance.py:2612} INFO - Dependencies all met for dep_context=non-requeueable deps ti=<TaskInstance: our_first_dag_V5.first_task scheduled__2023-10-18T00:00:00+00:00 [queued]>
[2024-09-10T08:21:02.941+0000] {taskinstance.py:2612} INFO - Dependencies all met for dep_context=requeueable deps ti=<TaskInstance: our_first_dag_V5.first_task scheduled__2023-10-18T00:00:00+00:00 [queued]>
[2024-09-10T08:21:02.942+0000] {taskinstance.py:2865} INFO - Starting attempt 1 of 6
[2024-09-10T08:21:03.162+0000] {taskinstance.py:2888} INFO - Executing <Task(BashOperator): first_task> on 2023-10-18 00:00:00+00:00
[2024-09-10T08:21:03.180+0000] {logging_mixin.py:190} WARNING - /home/***/.local/lib/python3.12/site-packages/***/task/task_runner/standard_task_runner.py:70 DeprecationWarning: This process (pid=38300) is multi-threaded, use of fork() may lead to deadlocks in the child.
[2024-09-10T08:21:03.189+0000] {standard_task_runner.py:72} INFO - Started process 38319 to run task
[2024-09-10T08:21:03.183+0000] {standard_task_runner.py:104} INFO - Running: ['***', 'tasks', 'run', 'our_first_dag_V5', 'first_task', 'scheduled__2023-10-18T00:00:00+00:00', '--job-id', '8820', '--raw', '--subdir', 'DAGS_FOLDER/our_first_dag.py', '--cfg-path', '/tmp/tmpgwwiw8vv']
[2024-09-10T08:21:03.195+0000] {standard_task_runner.py:105} INFO - Job 8820: Subtask first_task
[2024-09-10T08:21:03.392+0000] {task_command.py:467} INFO - Running <TaskInstance: our_first_dag_V5.first_task scheduled__2023-10-18T00:00:00+00:00 [running]> on host 5508ea9ebfaf
[2024-09-10T08:21:03.832+0000] {taskinstance.py:3131} INFO - Exporting env vars: AIRFLOW_CTX_DAG_OWNER='coder2j' AIRFLOW_CTX_DAG_ID='our_first_dag_V5' AIRFLOW_CTX_TASK_ID='first_task' AIRFLOW_CTX_EXECUTION_DATE='2023-10-18T00:00:00+00:00' AIRFLOW_CTX_TRY_NUMBER='1' AIRFLOW_CTX_DAG_RUN_ID='scheduled__2023-10-18T00:00:00+00:00'
[2024-09-10T08:21:03.839+0000] {taskinstance.py:731} INFO - ::endgroup::
[2024-09-10T08:21:03.991+0000] {subprocess.py:63} INFO - Tmp dir root location: /tmp
[2024-09-10T08:21:04.004+0000] {subprocess.py:75} INFO - Running command: ['/usr/bin/bash', '-c', 'echo hello world, this is the first task!']
[2024-09-10T08:21:04.041+0000] {subprocess.py:86} INFO - Output:
[2024-09-10T08:21:04.044+0000] {subprocess.py:93} INFO - hello world, this is the first task!
[2024-09-10T08:21:04.051+0000] {subprocess.py:97} INFO - Command exited with return code 0
[2024-09-10T08:21:04.163+0000] {taskinstance.py:340} INFO - ::group::Post task execution logs
[2024-09-10T08:21:04.164+0000] {taskinstance.py:352} INFO - Marking task as SUCCESS. dag_id=our_first_dag_V5, task_id=first_task, run_id=scheduled__2023-10-18T00:00:00+00:00, execution_date=20231018T000000, start_date=20240910T082102, end_date=20240910T082104
[2024-09-10T08:21:04.494+0000] {local_task_job_runner.py:266} INFO - Task exited with return code 0
[2024-09-10T08:21:04.591+0000] {taskinstance.py:3900} INFO - 2 downstream tasks scheduled from follow-on schedule check
[2024-09-10T08:21:04.604+0000] {local_task_job_runner.py:245} INFO - ::endgroup::
