[2024-09-10T08:20:09.641+0000] {local_task_job_runner.py:123} INFO - ::group::Pre task execution logs
[2024-09-10T08:20:09.702+0000] {taskinstance.py:2612} INFO - Dependencies all met for dep_context=non-requeueable deps ti=<TaskInstance: our_first_dag_V5.third_task scheduled__2023-08-09T00:00:00+00:00 [queued]>
[2024-09-10T08:20:09.774+0000] {taskinstance.py:2612} INFO - Dependencies all met for dep_context=requeueable deps ti=<TaskInstance: our_first_dag_V5.third_task scheduled__2023-08-09T00:00:00+00:00 [queued]>
[2024-09-10T08:20:09.793+0000] {taskinstance.py:2865} INFO - Starting attempt 1 of 6
[2024-09-10T08:20:09.935+0000] {taskinstance.py:2888} INFO - Executing <Task(BashOperator): third_task> on 2023-08-09 00:00:00+00:00
[2024-09-10T08:20:09.967+0000] {logging_mixin.py:190} WARNING - /home/***/.local/lib/python3.12/site-packages/***/task/task_runner/standard_task_runner.py:70 DeprecationWarning: This process (pid=37495) is multi-threaded, use of fork() may lead to deadlocks in the child.
[2024-09-10T08:20:09.970+0000] {standard_task_runner.py:72} INFO - Started process 37518 to run task
[2024-09-10T08:20:09.981+0000] {standard_task_runner.py:104} INFO - Running: ['***', 'tasks', 'run', 'our_first_dag_V5', 'third_task', 'scheduled__2023-08-09T00:00:00+00:00', '--job-id', '8627', '--raw', '--subdir', 'DAGS_FOLDER/our_first_dag.py', '--cfg-path', '/tmp/tmpsvb00wdz']
[2024-09-10T08:20:10.000+0000] {standard_task_runner.py:105} INFO - Job 8627: Subtask third_task
[2024-09-10T08:20:10.134+0000] {task_command.py:467} INFO - Running <TaskInstance: our_first_dag_V5.third_task scheduled__2023-08-09T00:00:00+00:00 [running]> on host 5508ea9ebfaf
[2024-09-10T08:20:10.526+0000] {taskinstance.py:3131} INFO - Exporting env vars: AIRFLOW_CTX_DAG_OWNER='coder2j' AIRFLOW_CTX_DAG_ID='our_first_dag_V5' AIRFLOW_CTX_TASK_ID='third_task' AIRFLOW_CTX_EXECUTION_DATE='2023-08-09T00:00:00+00:00' AIRFLOW_CTX_TRY_NUMBER='1' AIRFLOW_CTX_DAG_RUN_ID='scheduled__2023-08-09T00:00:00+00:00'
[2024-09-10T08:20:10.527+0000] {taskinstance.py:731} INFO - ::endgroup::
[2024-09-10T08:20:10.616+0000] {subprocess.py:63} INFO - Tmp dir root location: /tmp
[2024-09-10T08:20:10.620+0000] {subprocess.py:75} INFO - Running command: ['/usr/bin/bash', '-c', 'echo hey, this is the third task!']
[2024-09-10T08:20:10.643+0000] {subprocess.py:86} INFO - Output:
[2024-09-10T08:20:10.650+0000] {subprocess.py:93} INFO - hey, this is the third task!
[2024-09-10T08:20:10.661+0000] {subprocess.py:97} INFO - Command exited with return code 0
[2024-09-10T08:20:10.804+0000] {taskinstance.py:340} INFO - ::group::Post task execution logs
[2024-09-10T08:20:10.805+0000] {taskinstance.py:352} INFO - Marking task as SUCCESS. dag_id=our_first_dag_V5, task_id=third_task, run_id=scheduled__2023-08-09T00:00:00+00:00, execution_date=20230809T000000, start_date=20240910T082009, end_date=20240910T082010
[2024-09-10T08:20:10.963+0000] {local_task_job_runner.py:266} INFO - Task exited with return code 0
[2024-09-10T08:20:11.019+0000] {taskinstance.py:3900} INFO - 0 downstream tasks scheduled from follow-on schedule check
[2024-09-10T08:20:11.034+0000] {local_task_job_runner.py:245} INFO - ::endgroup::
