[2024-09-10T08:12:13.852+0000] {local_task_job_runner.py:123} INFO - ::group::Pre task execution logs
[2024-09-10T08:12:13.899+0000] {taskinstance.py:2612} INFO - Dependencies all met for dep_context=non-requeueable deps ti=<TaskInstance: our_first_dag_V5.first_task scheduled__2022-01-06T00:00:00+00:00 [queued]>
[2024-09-10T08:12:13.943+0000] {taskinstance.py:2612} INFO - Dependencies all met for dep_context=requeueable deps ti=<TaskInstance: our_first_dag_V5.first_task scheduled__2022-01-06T00:00:00+00:00 [queued]>
[2024-09-10T08:12:13.946+0000] {taskinstance.py:2865} INFO - Starting attempt 1 of 6
[2024-09-10T08:12:14.110+0000] {taskinstance.py:2888} INFO - Executing <Task(BashOperator): first_task> on 2022-01-06 00:00:00+00:00
[2024-09-10T08:12:14.126+0000] {logging_mixin.py:190} WARNING - /home/***/.local/lib/python3.12/site-packages/***/task/task_runner/standard_task_runner.py:70 DeprecationWarning: This process (pid=30325) is multi-threaded, use of fork() may lead to deadlocks in the child.
[2024-09-10T08:12:14.129+0000] {standard_task_runner.py:72} INFO - Started process 30337 to run task
[2024-09-10T08:12:14.130+0000] {standard_task_runner.py:104} INFO - Running: ['***', 'tasks', 'run', 'our_first_dag_V5', 'first_task', 'scheduled__2022-01-06T00:00:00+00:00', '--job-id', '6869', '--raw', '--subdir', 'DAGS_FOLDER/our_first_dag.py', '--cfg-path', '/tmp/tmpdc9v7qs0']
[2024-09-10T08:12:14.138+0000] {standard_task_runner.py:105} INFO - Job 6869: Subtask first_task
[2024-09-10T08:12:14.287+0000] {task_command.py:467} INFO - Running <TaskInstance: our_first_dag_V5.first_task scheduled__2022-01-06T00:00:00+00:00 [running]> on host 5508ea9ebfaf
[2024-09-10T08:12:14.528+0000] {taskinstance.py:3131} INFO - Exporting env vars: AIRFLOW_CTX_DAG_OWNER='coder2j' AIRFLOW_CTX_DAG_ID='our_first_dag_V5' AIRFLOW_CTX_TASK_ID='first_task' AIRFLOW_CTX_EXECUTION_DATE='2022-01-06T00:00:00+00:00' AIRFLOW_CTX_TRY_NUMBER='1' AIRFLOW_CTX_DAG_RUN_ID='scheduled__2022-01-06T00:00:00+00:00'
[2024-09-10T08:12:14.529+0000] {taskinstance.py:731} INFO - ::endgroup::
[2024-09-10T08:12:14.622+0000] {subprocess.py:63} INFO - Tmp dir root location: /tmp
[2024-09-10T08:12:14.624+0000] {subprocess.py:75} INFO - Running command: ['/usr/bin/bash', '-c', 'echo hello world, this is the first task!']
[2024-09-10T08:12:14.651+0000] {subprocess.py:86} INFO - Output:
[2024-09-10T08:12:14.653+0000] {subprocess.py:93} INFO - hello world, this is the first task!
[2024-09-10T08:12:14.669+0000] {subprocess.py:97} INFO - Command exited with return code 0
[2024-09-10T08:12:14.814+0000] {taskinstance.py:340} INFO - ::group::Post task execution logs
[2024-09-10T08:12:14.816+0000] {taskinstance.py:352} INFO - Marking task as SUCCESS. dag_id=our_first_dag_V5, task_id=first_task, run_id=scheduled__2022-01-06T00:00:00+00:00, execution_date=20220106T000000, start_date=20240910T081213, end_date=20240910T081214
[2024-09-10T08:12:15.059+0000] {local_task_job_runner.py:266} INFO - Task exited with return code 0
[2024-09-10T08:12:15.178+0000] {taskinstance.py:3900} INFO - 2 downstream tasks scheduled from follow-on schedule check
[2024-09-10T08:12:15.277+0000] {local_task_job_runner.py:245} INFO - ::endgroup::
