[2024-09-12T02:15:45.056+0000] {local_task_job_runner.py:123} INFO - ::group::Pre task execution logs
[2024-09-12T02:15:45.123+0000] {taskinstance.py:2612} INFO - Dependencies all met for dep_context=non-requeueable deps ti=<TaskInstance: our_first_dag_V6.first_task scheduled__2021-10-17T00:00:00+00:00 [queued]>
[2024-09-12T02:15:45.154+0000] {taskinstance.py:2612} INFO - Dependencies all met for dep_context=requeueable deps ti=<TaskInstance: our_first_dag_V6.first_task scheduled__2021-10-17T00:00:00+00:00 [queued]>
[2024-09-12T02:15:45.155+0000] {taskinstance.py:2865} INFO - Starting attempt 1 of 6
[2024-09-12T02:15:45.215+0000] {taskinstance.py:2888} INFO - Executing <Task(BashOperator): first_task> on 2021-10-17 00:00:00+00:00
[2024-09-12T02:15:45.226+0000] {logging_mixin.py:190} WARNING - /home/***/.local/lib/python3.12/site-packages/***/task/task_runner/standard_task_runner.py:70 DeprecationWarning: This process (pid=1316) is multi-threaded, use of fork() may lead to deadlocks in the child.
[2024-09-12T02:15:45.229+0000] {standard_task_runner.py:72} INFO - Started process 1326 to run task
[2024-09-12T02:15:45.233+0000] {standard_task_runner.py:104} INFO - Running: ['***', 'tasks', 'run', 'our_first_dag_V6', 'first_task', 'scheduled__2021-10-17T00:00:00+00:00', '--job-id', '18538', '--raw', '--subdir', 'DAGS_FOLDER/our_first_dag.py', '--cfg-path', '/tmp/tmpntc_jn0z']
[2024-09-12T02:15:45.237+0000] {standard_task_runner.py:105} INFO - Job 18538: Subtask first_task
[2024-09-12T02:15:45.380+0000] {task_command.py:467} INFO - Running <TaskInstance: our_first_dag_V6.first_task scheduled__2021-10-17T00:00:00+00:00 [running]> on host 5508ea9ebfaf
[2024-09-12T02:15:45.576+0000] {taskinstance.py:3131} INFO - Exporting env vars: AIRFLOW_CTX_DAG_OWNER='acap' AIRFLOW_CTX_DAG_ID='our_first_dag_V6' AIRFLOW_CTX_TASK_ID='first_task' AIRFLOW_CTX_EXECUTION_DATE='2021-10-17T00:00:00+00:00' AIRFLOW_CTX_TRY_NUMBER='1' AIRFLOW_CTX_DAG_RUN_ID='scheduled__2021-10-17T00:00:00+00:00'
[2024-09-12T02:15:45.577+0000] {taskinstance.py:731} INFO - ::endgroup::
[2024-09-12T02:15:45.629+0000] {subprocess.py:63} INFO - Tmp dir root location: /tmp
[2024-09-12T02:15:45.642+0000] {subprocess.py:75} INFO - Running command: ['/usr/bin/bash', '-c', 'echo hello world, this is the first task!']
[2024-09-12T02:15:45.709+0000] {subprocess.py:86} INFO - Output:
[2024-09-12T02:15:45.720+0000] {subprocess.py:93} INFO - hello world, this is the first task!
[2024-09-12T02:15:45.726+0000] {subprocess.py:97} INFO - Command exited with return code 0
[2024-09-12T02:15:45.813+0000] {taskinstance.py:340} INFO - ::group::Post task execution logs
[2024-09-12T02:15:45.814+0000] {taskinstance.py:352} INFO - Marking task as SUCCESS. dag_id=our_first_dag_V6, task_id=first_task, run_id=scheduled__2021-10-17T00:00:00+00:00, execution_date=20211017T000000, start_date=20240912T021545, end_date=20240912T021545
[2024-09-12T02:15:45.943+0000] {local_task_job_runner.py:266} INFO - Task exited with return code 0
[2024-09-12T02:15:45.973+0000] {local_task_job_runner.py:245} INFO - ::endgroup::
