[2024-09-25T07:39:40.733+0000] {local_task_job_runner.py:123} INFO - ::group::Pre task execution logs
[2024-09-25T07:39:40.770+0000] {taskinstance.py:2612} INFO - Dependencies all met for dep_context=non-requeueable deps ti=<TaskInstance: our_first_dag_V6.second_task scheduled__2024-09-23T00:00:00+00:00 [queued]>
[2024-09-25T07:39:40.810+0000] {taskinstance.py:2612} INFO - Dependencies all met for dep_context=requeueable deps ti=<TaskInstance: our_first_dag_V6.second_task scheduled__2024-09-23T00:00:00+00:00 [queued]>
[2024-09-25T07:39:40.811+0000] {taskinstance.py:2865} INFO - Starting attempt 1 of 6
[2024-09-25T07:39:41.099+0000] {taskinstance.py:2888} INFO - Executing <Task(BashOperator): second_task> on 2024-09-23 00:00:00+00:00
[2024-09-25T07:39:41.110+0000] {standard_task_runner.py:104} INFO - Running: ['***', 'tasks', 'run', 'our_first_dag_V6', 'second_task', 'scheduled__2024-09-23T00:00:00+00:00', '--job-id', '22705', '--raw', '--subdir', 'DAGS_FOLDER/our_first_dag.py', '--cfg-path', '/tmp/tmpg9kkuybi']
[2024-09-25T07:39:41.114+0000] {standard_task_runner.py:105} INFO - Job 22705: Subtask second_task
[2024-09-25T07:39:41.115+0000] {logging_mixin.py:190} WARNING - /home/***/.local/lib/python3.12/site-packages/***/task/task_runner/standard_task_runner.py:70 DeprecationWarning: This process (pid=247) is multi-threaded, use of fork() may lead to deadlocks in the child.
[2024-09-25T07:39:41.116+0000] {standard_task_runner.py:72} INFO - Started process 286 to run task
[2024-09-25T07:39:41.378+0000] {task_command.py:467} INFO - Running <TaskInstance: our_first_dag_V6.second_task scheduled__2024-09-23T00:00:00+00:00 [running]> on host ced43fa3e256
[2024-09-25T07:39:41.851+0000] {taskinstance.py:3131} INFO - Exporting env vars: AIRFLOW_CTX_DAG_OWNER='acap' AIRFLOW_CTX_DAG_ID='our_first_dag_V6' AIRFLOW_CTX_TASK_ID='second_task' AIRFLOW_CTX_EXECUTION_DATE='2024-09-23T00:00:00+00:00' AIRFLOW_CTX_TRY_NUMBER='1' AIRFLOW_CTX_DAG_RUN_ID='scheduled__2024-09-23T00:00:00+00:00'
[2024-09-25T07:39:41.852+0000] {taskinstance.py:731} INFO - ::endgroup::
[2024-09-25T07:39:41.895+0000] {subprocess.py:63} INFO - Tmp dir root location: /tmp
[2024-09-25T07:39:41.907+0000] {subprocess.py:75} INFO - Running command: ['/usr/bin/bash', '-c', 'echo hey, this is the second task!']
[2024-09-25T07:39:41.995+0000] {subprocess.py:86} INFO - Output:
[2024-09-25T07:39:42.032+0000] {subprocess.py:93} INFO - hey, this is the second task!
[2024-09-25T07:39:42.044+0000] {subprocess.py:97} INFO - Command exited with return code 0
[2024-09-25T07:39:44.300+0000] {taskinstance.py:340} INFO - ::group::Post task execution logs
[2024-09-25T07:39:44.305+0000] {taskinstance.py:352} INFO - Marking task as SUCCESS. dag_id=our_first_dag_V6, task_id=second_task, run_id=scheduled__2024-09-23T00:00:00+00:00, execution_date=20240923T000000, start_date=20240925T073940, end_date=20240925T073944
[2024-09-25T07:39:44.443+0000] {local_task_job_runner.py:266} INFO - Task exited with return code 0
[2024-09-25T07:39:44.457+0000] {local_task_job_runner.py:245} INFO - ::endgroup::
