[2024-09-10T07:23:57.627+0000] {local_task_job_runner.py:123} INFO - ::group::Pre task execution logs
[2024-09-10T07:23:57.674+0000] {taskinstance.py:2612} INFO - Dependencies all met for dep_context=non-requeueable deps ti=<TaskInstance: our_first_dag_V2.second_task scheduled__2023-09-20T00:00:00+00:00 [queued]>
[2024-09-10T07:23:57.690+0000] {taskinstance.py:2612} INFO - Dependencies all met for dep_context=requeueable deps ti=<TaskInstance: our_first_dag_V2.second_task scheduled__2023-09-20T00:00:00+00:00 [queued]>
[2024-09-10T07:23:57.693+0000] {taskinstance.py:2865} INFO - Starting attempt 1 of 6
[2024-09-10T07:23:57.763+0000] {taskinstance.py:2888} INFO - Executing <Task(BashOperator): second_task> on 2023-09-20 00:00:00+00:00
[2024-09-10T07:23:57.776+0000] {logging_mixin.py:190} WARNING - /home/***/.local/lib/python3.12/site-packages/***/task/task_runner/standard_task_runner.py:70 DeprecationWarning: This process (pid=11448) is multi-threaded, use of fork() may lead to deadlocks in the child.
[2024-09-10T07:23:57.779+0000] {standard_task_runner.py:72} INFO - Started process 11458 to run task
[2024-09-10T07:23:57.781+0000] {standard_task_runner.py:104} INFO - Running: ['***', 'tasks', 'run', 'our_first_dag_V2', 'second_task', 'scheduled__2023-09-20T00:00:00+00:00', '--job-id', '2427', '--raw', '--subdir', 'DAGS_FOLDER/our_first_dag.py', '--cfg-path', '/tmp/tmp1ms7wuc6']
[2024-09-10T07:23:57.784+0000] {standard_task_runner.py:105} INFO - Job 2427: Subtask second_task
[2024-09-10T07:23:57.851+0000] {task_command.py:467} INFO - Running <TaskInstance: our_first_dag_V2.second_task scheduled__2023-09-20T00:00:00+00:00 [running]> on host 5508ea9ebfaf
[2024-09-10T07:23:57.979+0000] {taskinstance.py:3131} INFO - Exporting env vars: AIRFLOW_CTX_DAG_OWNER='coder2j' AIRFLOW_CTX_DAG_ID='our_first_dag_V2' AIRFLOW_CTX_TASK_ID='second_task' AIRFLOW_CTX_EXECUTION_DATE='2023-09-20T00:00:00+00:00' AIRFLOW_CTX_TRY_NUMBER='1' AIRFLOW_CTX_DAG_RUN_ID='scheduled__2023-09-20T00:00:00+00:00'
[2024-09-10T07:23:57.980+0000] {taskinstance.py:731} INFO - ::endgroup::
[2024-09-10T07:23:58.006+0000] {subprocess.py:63} INFO - Tmp dir root location: /tmp
[2024-09-10T07:23:58.008+0000] {subprocess.py:75} INFO - Running command: ['/usr/bin/bash', '-c', 'echo hey, this is the second task!']
[2024-09-10T07:23:58.017+0000] {subprocess.py:86} INFO - Output:
[2024-09-10T07:23:58.019+0000] {subprocess.py:93} INFO - hey, this is the second task!
[2024-09-10T07:23:58.019+0000] {subprocess.py:97} INFO - Command exited with return code 0
[2024-09-10T07:23:58.047+0000] {taskinstance.py:340} INFO - ::group::Post task execution logs
[2024-09-10T07:23:58.048+0000] {taskinstance.py:352} INFO - Marking task as SUCCESS. dag_id=our_first_dag_V2, task_id=second_task, run_id=scheduled__2023-09-20T00:00:00+00:00, execution_date=20230920T000000, start_date=20240910T072357, end_date=20240910T072358
[2024-09-10T07:23:58.118+0000] {local_task_job_runner.py:266} INFO - Task exited with return code 0
[2024-09-10T07:23:58.135+0000] {taskinstance.py:3900} INFO - 0 downstream tasks scheduled from follow-on schedule check
[2024-09-10T07:23:58.139+0000] {local_task_job_runner.py:245} INFO - ::endgroup::
