[2024-09-10T07:35:49.949+0000] {local_task_job_runner.py:123} INFO - ::group::Pre task execution logs
[2024-09-10T07:35:50.021+0000] {taskinstance.py:2612} INFO - Dependencies all met for dep_context=non-requeueable deps ti=<TaskInstance: our_first_dag_V3.second_task scheduled__2024-05-07T00:00:00+00:00 [queued]>
[2024-09-10T07:35:50.056+0000] {taskinstance.py:2612} INFO - Dependencies all met for dep_context=requeueable deps ti=<TaskInstance: our_first_dag_V3.second_task scheduled__2024-05-07T00:00:00+00:00 [queued]>
[2024-09-10T07:35:50.058+0000] {taskinstance.py:2865} INFO - Starting attempt 1 of 6
[2024-09-10T07:35:50.300+0000] {taskinstance.py:2888} INFO - Executing <Task(BashOperator): second_task> on 2024-05-07 00:00:00+00:00
[2024-09-10T07:35:50.313+0000] {logging_mixin.py:190} WARNING - /home/***/.local/lib/python3.12/site-packages/***/task/task_runner/standard_task_runner.py:70 DeprecationWarning: This process (pid=24015) is multi-threaded, use of fork() may lead to deadlocks in the child.
[2024-09-10T07:35:50.315+0000] {standard_task_runner.py:72} INFO - Started process 24035 to run task
[2024-09-10T07:35:50.338+0000] {standard_task_runner.py:104} INFO - Running: ['***', 'tasks', 'run', 'our_first_dag_V3', 'second_task', 'scheduled__2024-05-07T00:00:00+00:00', '--job-id', '5498', '--raw', '--subdir', 'DAGS_FOLDER/our_first_dag.py', '--cfg-path', '/tmp/tmpbtmjjgnc']
[2024-09-10T07:35:50.344+0000] {standard_task_runner.py:105} INFO - Job 5498: Subtask second_task
[2024-09-10T07:35:50.524+0000] {task_command.py:467} INFO - Running <TaskInstance: our_first_dag_V3.second_task scheduled__2024-05-07T00:00:00+00:00 [running]> on host 5508ea9ebfaf
[2024-09-10T07:35:50.918+0000] {taskinstance.py:3131} INFO - Exporting env vars: AIRFLOW_CTX_DAG_OWNER='coder2j' AIRFLOW_CTX_DAG_ID='our_first_dag_V3' AIRFLOW_CTX_TASK_ID='second_task' AIRFLOW_CTX_EXECUTION_DATE='2024-05-07T00:00:00+00:00' AIRFLOW_CTX_TRY_NUMBER='1' AIRFLOW_CTX_DAG_RUN_ID='scheduled__2024-05-07T00:00:00+00:00'
[2024-09-10T07:35:50.935+0000] {taskinstance.py:731} INFO - ::endgroup::
[2024-09-10T07:35:51.062+0000] {subprocess.py:63} INFO - Tmp dir root location: /tmp
[2024-09-10T07:35:51.128+0000] {subprocess.py:75} INFO - Running command: ['/usr/bin/bash', '-c', 'echo hey, this is the second task!']
[2024-09-10T07:35:51.183+0000] {subprocess.py:86} INFO - Output:
[2024-09-10T07:35:51.186+0000] {subprocess.py:93} INFO - hey, this is the second task!
[2024-09-10T07:35:51.187+0000] {subprocess.py:97} INFO - Command exited with return code 0
[2024-09-10T07:35:51.310+0000] {taskinstance.py:340} INFO - ::group::Post task execution logs
[2024-09-10T07:35:51.311+0000] {taskinstance.py:352} INFO - Marking task as SUCCESS. dag_id=our_first_dag_V3, task_id=second_task, run_id=scheduled__2024-05-07T00:00:00+00:00, execution_date=20240507T000000, start_date=20240910T073550, end_date=20240910T073551
[2024-09-10T07:35:51.511+0000] {local_task_job_runner.py:266} INFO - Task exited with return code 0
[2024-09-10T07:35:51.596+0000] {taskinstance.py:3900} INFO - 0 downstream tasks scheduled from follow-on schedule check
[2024-09-10T07:35:51.607+0000] {local_task_job_runner.py:245} INFO - ::endgroup::
