[2024-09-20T00:54:03.988+0000] {local_task_job_runner.py:123} INFO - ::group::Pre task execution logs
[2024-09-20T00:54:04.125+0000] {taskinstance.py:2612} INFO - Dependencies all met for dep_context=non-requeueable deps ti=<TaskInstance: dag_with_cron_expression_v04.task1 scheduled__2024-09-18T03:30:00+00:00 [queued]>
[2024-09-20T00:54:04.190+0000] {taskinstance.py:2612} INFO - Dependencies all met for dep_context=requeueable deps ti=<TaskInstance: dag_with_cron_expression_v04.task1 scheduled__2024-09-18T03:30:00+00:00 [queued]>
[2024-09-20T00:54:04.196+0000] {taskinstance.py:2865} INFO - Starting attempt 1 of 6
[2024-09-20T00:54:04.353+0000] {taskinstance.py:2888} INFO - Executing <Task(BashOperator): task1> on 2024-09-18 03:30:00+00:00
[2024-09-20T00:54:04.425+0000] {logging_mixin.py:190} WARNING - /home/***/.local/lib/python3.12/site-packages/***/task/task_runner/standard_task_runner.py:70 DeprecationWarning: This process (pid=171) is multi-threaded, use of fork() may lead to deadlocks in the child.
[2024-09-20T00:54:04.486+0000] {standard_task_runner.py:72} INFO - Started process 195 to run task
[2024-09-20T00:54:04.522+0000] {standard_task_runner.py:104} INFO - Running: ['***', 'tasks', 'run', 'dag_with_cron_expression_v04', 'task1', 'scheduled__2024-09-18T03:30:00+00:00', '--job-id', '22355', '--raw', '--subdir', 'DAGS_FOLDER/dag_with_cron_expression.py', '--cfg-path', '/tmp/tmpevl_ncve']
[2024-09-20T00:54:04.551+0000] {standard_task_runner.py:105} INFO - Job 22355: Subtask task1
[2024-09-20T00:54:05.069+0000] {task_command.py:467} INFO - Running <TaskInstance: dag_with_cron_expression_v04.task1 scheduled__2024-09-18T03:30:00+00:00 [running]> on host df910c62b257
[2024-09-20T00:54:07.407+0000] {taskinstance.py:3131} INFO - Exporting env vars: AIRFLOW_CTX_DAG_OWNER='coder2j' AIRFLOW_CTX_DAG_ID='dag_with_cron_expression_v04' AIRFLOW_CTX_TASK_ID='task1' AIRFLOW_CTX_EXECUTION_DATE='2024-09-18T03:30:00+00:00' AIRFLOW_CTX_TRY_NUMBER='1' AIRFLOW_CTX_DAG_RUN_ID='scheduled__2024-09-18T03:30:00+00:00'
[2024-09-20T00:54:07.416+0000] {taskinstance.py:731} INFO - ::endgroup::
[2024-09-20T00:54:07.478+0000] {subprocess.py:63} INFO - Tmp dir root location: /tmp
[2024-09-20T00:54:07.491+0000] {subprocess.py:75} INFO - Running command: ['/usr/bin/bash', '-c', 'echo dag with cron expression!']
[2024-09-20T00:54:07.507+0000] {subprocess.py:86} INFO - Output:
[2024-09-20T00:54:07.508+0000] {subprocess.py:93} INFO - dag with cron expression!
[2024-09-20T00:54:07.509+0000] {subprocess.py:97} INFO - Command exited with return code 0
[2024-09-20T00:54:07.870+0000] {taskinstance.py:340} INFO - ::group::Post task execution logs
[2024-09-20T00:54:07.871+0000] {taskinstance.py:352} INFO - Marking task as SUCCESS. dag_id=dag_with_cron_expression_v04, task_id=task1, run_id=scheduled__2024-09-18T03:30:00+00:00, execution_date=20240918T033000, start_date=20240920T005404, end_date=20240920T005407
[2024-09-20T00:54:08.055+0000] {local_task_job_runner.py:266} INFO - Task exited with return code 0
[2024-09-20T00:54:08.100+0000] {taskinstance.py:3900} INFO - 0 downstream tasks scheduled from follow-on schedule check
[2024-09-20T00:54:08.161+0000] {local_task_job_runner.py:245} INFO - ::endgroup::
