[2024-09-18T02:33:18.148+0000] {local_task_job_runner.py:123} INFO - ::group::Pre task execution logs
[2024-09-18T02:33:18.163+0000] {taskinstance.py:2612} INFO - Dependencies all met for dep_context=non-requeueable deps ti=<TaskInstance: dag_with_postgres_operator_v03.insert_into_table scheduled__2024-09-17T00:00:00+00:00 [queued]>
[2024-09-18T02:33:18.171+0000] {taskinstance.py:2612} INFO - Dependencies all met for dep_context=requeueable deps ti=<TaskInstance: dag_with_postgres_operator_v03.insert_into_table scheduled__2024-09-17T00:00:00+00:00 [queued]>
[2024-09-18T02:33:18.172+0000] {taskinstance.py:2865} INFO - Starting attempt 1 of 6
[2024-09-18T02:33:18.187+0000] {taskinstance.py:2888} INFO - Executing <Task(PostgresOperator): insert_into_table> on 2024-09-17 00:00:00+00:00
[2024-09-18T02:33:18.196+0000] {logging_mixin.py:190} WARNING - /home/***/.local/lib/python3.12/site-packages/***/task/task_runner/standard_task_runner.py:70 DeprecationWarning: This process (pid=2056) is multi-threaded, use of fork() may lead to deadlocks in the child.
[2024-09-18T02:33:18.197+0000] {standard_task_runner.py:72} INFO - Started process 2057 to run task
[2024-09-18T02:33:18.196+0000] {standard_task_runner.py:104} INFO - Running: ['***', 'tasks', 'run', 'dag_with_postgres_operator_v03', 'insert_into_table', 'scheduled__2024-09-17T00:00:00+00:00', '--job-id', '22145', '--raw', '--subdir', 'DAGS_FOLDER/dag_with_postgres_operator.py', '--cfg-path', '/tmp/tmp76o_5f26']
[2024-09-18T02:33:18.198+0000] {standard_task_runner.py:105} INFO - Job 22145: Subtask insert_into_table
[2024-09-18T02:33:18.249+0000] {task_command.py:467} INFO - Running <TaskInstance: dag_with_postgres_operator_v03.insert_into_table scheduled__2024-09-17T00:00:00+00:00 [running]> on host 5508ea9ebfaf
[2024-09-18T02:33:18.337+0000] {taskinstance.py:3131} INFO - Exporting env vars: AIRFLOW_CTX_DAG_OWNER='coder2j' AIRFLOW_CTX_DAG_ID='dag_with_postgres_operator_v03' AIRFLOW_CTX_TASK_ID='insert_into_table' AIRFLOW_CTX_EXECUTION_DATE='2024-09-17T00:00:00+00:00' AIRFLOW_CTX_TRY_NUMBER='1' AIRFLOW_CTX_DAG_RUN_ID='scheduled__2024-09-17T00:00:00+00:00'
[2024-09-18T02:33:18.338+0000] {taskinstance.py:731} INFO - ::endgroup::
[2024-09-18T02:33:18.355+0000] {sql.py:266} INFO - Executing: 
                insert into dag_runs (dt, dag_id) values ('2024-09-17', 'dag_with_postgres_operator_v03')
            
[2024-09-18T02:33:18.364+0000] {base.py:84} INFO - Retrieving connection 'postgres_localhost'
[2024-09-18T02:33:18.375+0000] {base.py:84} INFO - Retrieving connection 'postgres_localhost'
[2024-09-18T02:33:18.385+0000] {sql.py:509} INFO - Running statement: 
                insert into dag_runs (dt, dag_id) values ('2024-09-17', 'dag_with_postgres_operator_v03')
            , parameters: None
[2024-09-18T02:33:18.388+0000] {sql.py:518} INFO - Rows affected: 1
[2024-09-18T02:33:18.402+0000] {taskinstance.py:340} INFO - ::group::Post task execution logs
[2024-09-18T02:33:18.404+0000] {taskinstance.py:352} INFO - Marking task as SUCCESS. dag_id=dag_with_postgres_operator_v03, task_id=insert_into_table, run_id=scheduled__2024-09-17T00:00:00+00:00, execution_date=20240917T000000, start_date=20240918T023318, end_date=20240918T023318
[2024-09-18T02:33:18.453+0000] {local_task_job_runner.py:266} INFO - Task exited with return code 0
[2024-09-18T02:33:18.471+0000] {taskinstance.py:3900} INFO - 0 downstream tasks scheduled from follow-on schedule check
[2024-09-18T02:33:18.475+0000] {local_task_job_runner.py:245} INFO - ::endgroup::
