[2024-09-12T02:18:14.062+0000] {local_task_job_runner.py:123} INFO - ::group::Pre task execution logs
[2024-09-12T02:18:14.081+0000] {taskinstance.py:2612} INFO - Dependencies all met for dep_context=non-requeueable deps ti=<TaskInstance: dag_with_catchup_backfill_v01.task1 scheduled__2021-10-19T00:00:00+00:00 [queued]>
[2024-09-12T02:18:14.093+0000] {taskinstance.py:2612} INFO - Dependencies all met for dep_context=requeueable deps ti=<TaskInstance: dag_with_catchup_backfill_v01.task1 scheduled__2021-10-19T00:00:00+00:00 [queued]>
[2024-09-12T02:18:14.094+0000] {taskinstance.py:2865} INFO - Starting attempt 1 of 6
[2024-09-12T02:18:14.136+0000] {taskinstance.py:2888} INFO - Executing <Task(BashOperator): task1> on 2021-10-19 00:00:00+00:00
[2024-09-12T02:18:14.149+0000] {logging_mixin.py:190} WARNING - /home/***/.local/lib/python3.12/site-packages/***/task/task_runner/standard_task_runner.py:70 DeprecationWarning: This process (pid=4278) is multi-threaded, use of fork() may lead to deadlocks in the child.
[2024-09-12T02:18:14.151+0000] {standard_task_runner.py:72} INFO - Started process 4286 to run task
[2024-09-12T02:18:14.152+0000] {standard_task_runner.py:104} INFO - Running: ['***', 'tasks', 'run', 'dag_with_catchup_backfill_v01', 'task1', 'scheduled__2021-10-19T00:00:00+00:00', '--job-id', '19244', '--raw', '--subdir', 'DAGS_FOLDER/dag_with_catchup_and_backfill.py', '--cfg-path', '/tmp/tmp1t6lfphi']
[2024-09-12T02:18:14.155+0000] {standard_task_runner.py:105} INFO - Job 19244: Subtask task1
[2024-09-12T02:18:14.231+0000] {task_command.py:467} INFO - Running <TaskInstance: dag_with_catchup_backfill_v01.task1 scheduled__2021-10-19T00:00:00+00:00 [running]> on host 5508ea9ebfaf
[2024-09-12T02:18:14.385+0000] {taskinstance.py:3131} INFO - Exporting env vars: AIRFLOW_CTX_DAG_OWNER='coder2j' AIRFLOW_CTX_DAG_ID='dag_with_catchup_backfill_v01' AIRFLOW_CTX_TASK_ID='task1' AIRFLOW_CTX_EXECUTION_DATE='2021-10-19T00:00:00+00:00' AIRFLOW_CTX_TRY_NUMBER='1' AIRFLOW_CTX_DAG_RUN_ID='scheduled__2021-10-19T00:00:00+00:00'
[2024-09-12T02:18:14.387+0000] {taskinstance.py:731} INFO - ::endgroup::
[2024-09-12T02:18:14.412+0000] {subprocess.py:63} INFO - Tmp dir root location: /tmp
[2024-09-12T02:18:14.413+0000] {subprocess.py:75} INFO - Running command: ['/usr/bin/bash', '-c', 'echo This is a simple bash command!']
[2024-09-12T02:18:14.426+0000] {subprocess.py:86} INFO - Output:
[2024-09-12T02:18:14.429+0000] {subprocess.py:93} INFO - This is a simple bash command!
[2024-09-12T02:18:14.430+0000] {subprocess.py:97} INFO - Command exited with return code 0
[2024-09-12T02:18:14.512+0000] {taskinstance.py:340} INFO - ::group::Post task execution logs
[2024-09-12T02:18:14.513+0000] {taskinstance.py:352} INFO - Marking task as SUCCESS. dag_id=dag_with_catchup_backfill_v01, task_id=task1, run_id=scheduled__2021-10-19T00:00:00+00:00, execution_date=20211019T000000, start_date=20240912T021814, end_date=20240912T021814
[2024-09-12T02:18:14.737+0000] {local_task_job_runner.py:266} INFO - Task exited with return code 0
[2024-09-12T02:18:14.783+0000] {taskinstance.py:3900} INFO - 0 downstream tasks scheduled from follow-on schedule check
[2024-09-12T02:18:14.810+0000] {local_task_job_runner.py:245} INFO - ::endgroup::
