[2024-09-10T08:18:48.947+0000] {local_task_job_runner.py:123} INFO - ::group::Pre task execution logs
[2024-09-10T08:18:48.971+0000] {taskinstance.py:2612} INFO - Dependencies all met for dep_context=non-requeueable deps ti=<TaskInstance: our_first_dag_V5.first_task scheduled__2023-04-30T00:00:00+00:00 [queued]>
[2024-09-10T08:18:48.989+0000] {taskinstance.py:2612} INFO - Dependencies all met for dep_context=requeueable deps ti=<TaskInstance: our_first_dag_V5.first_task scheduled__2023-04-30T00:00:00+00:00 [queued]>
[2024-09-10T08:18:48.990+0000] {taskinstance.py:2865} INFO - Starting attempt 1 of 6
[2024-09-10T08:18:49.100+0000] {taskinstance.py:2888} INFO - Executing <Task(BashOperator): first_task> on 2023-04-30 00:00:00+00:00
[2024-09-10T08:18:49.110+0000] {logging_mixin.py:190} WARNING - /home/***/.local/lib/python3.12/site-packages/***/task/task_runner/standard_task_runner.py:70 DeprecationWarning: This process (pid=36210) is multi-threaded, use of fork() may lead to deadlocks in the child.
[2024-09-10T08:18:49.112+0000] {standard_task_runner.py:72} INFO - Started process 36220 to run task
[2024-09-10T08:18:49.110+0000] {standard_task_runner.py:104} INFO - Running: ['***', 'tasks', 'run', 'our_first_dag_V5', 'first_task', 'scheduled__2023-04-30T00:00:00+00:00', '--job-id', '8306', '--raw', '--subdir', 'DAGS_FOLDER/our_first_dag.py', '--cfg-path', '/tmp/tmpcc1w52g_']
[2024-09-10T08:18:49.113+0000] {standard_task_runner.py:105} INFO - Job 8306: Subtask first_task
[2024-09-10T08:18:49.225+0000] {task_command.py:467} INFO - Running <TaskInstance: our_first_dag_V5.first_task scheduled__2023-04-30T00:00:00+00:00 [running]> on host 5508ea9ebfaf
[2024-09-10T08:18:49.521+0000] {taskinstance.py:3131} INFO - Exporting env vars: AIRFLOW_CTX_DAG_OWNER='coder2j' AIRFLOW_CTX_DAG_ID='our_first_dag_V5' AIRFLOW_CTX_TASK_ID='first_task' AIRFLOW_CTX_EXECUTION_DATE='2023-04-30T00:00:00+00:00' AIRFLOW_CTX_TRY_NUMBER='1' AIRFLOW_CTX_DAG_RUN_ID='scheduled__2023-04-30T00:00:00+00:00'
[2024-09-10T08:18:49.526+0000] {taskinstance.py:731} INFO - ::endgroup::
[2024-09-10T08:18:49.582+0000] {subprocess.py:63} INFO - Tmp dir root location: /tmp
[2024-09-10T08:18:49.585+0000] {subprocess.py:75} INFO - Running command: ['/usr/bin/bash', '-c', 'echo hello world, this is the first task!']
[2024-09-10T08:18:49.630+0000] {subprocess.py:86} INFO - Output:
[2024-09-10T08:18:49.642+0000] {subprocess.py:93} INFO - hello world, this is the first task!
[2024-09-10T08:18:49.645+0000] {subprocess.py:97} INFO - Command exited with return code 0
[2024-09-10T08:18:49.708+0000] {taskinstance.py:340} INFO - ::group::Post task execution logs
[2024-09-10T08:18:49.711+0000] {taskinstance.py:352} INFO - Marking task as SUCCESS. dag_id=our_first_dag_V5, task_id=first_task, run_id=scheduled__2023-04-30T00:00:00+00:00, execution_date=20230430T000000, start_date=20240910T081848, end_date=20240910T081849
[2024-09-10T08:18:49.986+0000] {local_task_job_runner.py:266} INFO - Task exited with return code 0
[2024-09-10T08:18:50.064+0000] {taskinstance.py:3900} INFO - 2 downstream tasks scheduled from follow-on schedule check
[2024-09-10T08:18:50.083+0000] {local_task_job_runner.py:245} INFO - ::endgroup::
