[2024-09-10T08:13:32.353+0000] {local_task_job_runner.py:123} INFO - ::group::Pre task execution logs
[2024-09-10T08:13:32.459+0000] {taskinstance.py:2612} INFO - Dependencies all met for dep_context=non-requeueable deps ti=<TaskInstance: our_first_dag_V5.first_task scheduled__2022-03-23T00:00:00+00:00 [queued]>
[2024-09-10T08:13:32.532+0000] {taskinstance.py:2612} INFO - Dependencies all met for dep_context=requeueable deps ti=<TaskInstance: our_first_dag_V5.first_task scheduled__2022-03-23T00:00:00+00:00 [queued]>
[2024-09-10T08:13:32.558+0000] {taskinstance.py:2865} INFO - Starting attempt 1 of 6
[2024-09-10T08:13:32.788+0000] {taskinstance.py:2888} INFO - Executing <Task(BashOperator): first_task> on 2022-03-23 00:00:00+00:00
[2024-09-10T08:13:32.820+0000] {standard_task_runner.py:104} INFO - Running: ['***', 'tasks', 'run', 'our_first_dag_V5', 'first_task', 'scheduled__2022-03-23T00:00:00+00:00', '--job-id', '7099', '--raw', '--subdir', 'DAGS_FOLDER/our_first_dag.py', '--cfg-path', '/tmp/tmpbx4k0rya']
[2024-09-10T08:13:32.830+0000] {logging_mixin.py:190} WARNING - /home/***/.local/lib/python3.12/site-packages/***/task/task_runner/standard_task_runner.py:70 DeprecationWarning: This process (pid=31254) is multi-threaded, use of fork() may lead to deadlocks in the child.
[2024-09-10T08:13:32.845+0000] {standard_task_runner.py:105} INFO - Job 7099: Subtask first_task
[2024-09-10T08:13:32.858+0000] {standard_task_runner.py:72} INFO - Started process 31275 to run task
[2024-09-10T08:13:33.286+0000] {task_command.py:467} INFO - Running <TaskInstance: our_first_dag_V5.first_task scheduled__2022-03-23T00:00:00+00:00 [running]> on host 5508ea9ebfaf
[2024-09-10T08:13:33.876+0000] {taskinstance.py:3131} INFO - Exporting env vars: AIRFLOW_CTX_DAG_OWNER='coder2j' AIRFLOW_CTX_DAG_ID='our_first_dag_V5' AIRFLOW_CTX_TASK_ID='first_task' AIRFLOW_CTX_EXECUTION_DATE='2022-03-23T00:00:00+00:00' AIRFLOW_CTX_TRY_NUMBER='1' AIRFLOW_CTX_DAG_RUN_ID='scheduled__2022-03-23T00:00:00+00:00'
[2024-09-10T08:13:33.904+0000] {taskinstance.py:731} INFO - ::endgroup::
[2024-09-10T08:13:33.973+0000] {subprocess.py:63} INFO - Tmp dir root location: /tmp
[2024-09-10T08:13:33.977+0000] {subprocess.py:75} INFO - Running command: ['/usr/bin/bash', '-c', 'echo hello world, this is the first task!']
[2024-09-10T08:13:34.015+0000] {subprocess.py:86} INFO - Output:
[2024-09-10T08:13:34.020+0000] {subprocess.py:93} INFO - hello world, this is the first task!
[2024-09-10T08:13:34.026+0000] {subprocess.py:97} INFO - Command exited with return code 0
[2024-09-10T08:13:34.135+0000] {taskinstance.py:340} INFO - ::group::Post task execution logs
[2024-09-10T08:13:34.137+0000] {taskinstance.py:352} INFO - Marking task as SUCCESS. dag_id=our_first_dag_V5, task_id=first_task, run_id=scheduled__2022-03-23T00:00:00+00:00, execution_date=20220323T000000, start_date=20240910T081332, end_date=20240910T081334
[2024-09-10T08:13:34.373+0000] {local_task_job_runner.py:266} INFO - Task exited with return code 0
[2024-09-10T08:13:34.442+0000] {taskinstance.py:3900} INFO - 2 downstream tasks scheduled from follow-on schedule check
[2024-09-10T08:13:34.462+0000] {local_task_job_runner.py:245} INFO - ::endgroup::
