[2024-09-12T02:21:56.912+0000] {local_task_job_runner.py:123} INFO - ::group::Pre task execution logs
[2024-09-12T02:21:56.976+0000] {taskinstance.py:2612} INFO - Dependencies all met for dep_context=non-requeueable deps ti=<TaskInstance: our_first_dag_V6.third_task scheduled__2023-04-09T00:00:00+00:00 [queued]>
[2024-09-12T02:21:57.000+0000] {taskinstance.py:2612} INFO - Dependencies all met for dep_context=requeueable deps ti=<TaskInstance: our_first_dag_V6.third_task scheduled__2023-04-09T00:00:00+00:00 [queued]>
[2024-09-12T02:21:57.001+0000] {taskinstance.py:2865} INFO - Starting attempt 1 of 6
[2024-09-12T02:21:57.047+0000] {taskinstance.py:2888} INFO - Executing <Task(BashOperator): third_task> on 2023-04-09 00:00:00+00:00
[2024-09-12T02:21:57.081+0000] {standard_task_runner.py:104} INFO - Running: ['***', 'tasks', 'run', 'our_first_dag_V6', 'third_task', 'scheduled__2023-04-09T00:00:00+00:00', '--job-id', '20301', '--raw', '--subdir', 'DAGS_FOLDER/our_first_dag.py', '--cfg-path', '/tmp/tmp_zd6sj2m']
[2024-09-12T02:21:57.086+0000] {standard_task_runner.py:105} INFO - Job 20301: Subtask third_task
[2024-09-12T02:21:57.076+0000] {logging_mixin.py:190} WARNING - /home/***/.local/lib/python3.12/site-packages/***/task/task_runner/standard_task_runner.py:70 DeprecationWarning: This process (pid=8680) is multi-threaded, use of fork() may lead to deadlocks in the child.
[2024-09-12T02:21:57.097+0000] {standard_task_runner.py:72} INFO - Started process 8698 to run task
[2024-09-12T02:21:57.282+0000] {task_command.py:467} INFO - Running <TaskInstance: our_first_dag_V6.third_task scheduled__2023-04-09T00:00:00+00:00 [running]> on host 5508ea9ebfaf
[2024-09-12T02:21:57.655+0000] {taskinstance.py:3131} INFO - Exporting env vars: AIRFLOW_CTX_DAG_OWNER='acap' AIRFLOW_CTX_DAG_ID='our_first_dag_V6' AIRFLOW_CTX_TASK_ID='third_task' AIRFLOW_CTX_EXECUTION_DATE='2023-04-09T00:00:00+00:00' AIRFLOW_CTX_TRY_NUMBER='1' AIRFLOW_CTX_DAG_RUN_ID='scheduled__2023-04-09T00:00:00+00:00'
[2024-09-12T02:21:57.661+0000] {taskinstance.py:731} INFO - ::endgroup::
[2024-09-12T02:21:57.719+0000] {subprocess.py:63} INFO - Tmp dir root location: /tmp
[2024-09-12T02:21:57.731+0000] {subprocess.py:75} INFO - Running command: ['/usr/bin/bash', '-c', 'echo hey, this is the third task!']
[2024-09-12T02:21:57.761+0000] {subprocess.py:86} INFO - Output:
[2024-09-12T02:21:57.767+0000] {subprocess.py:93} INFO - hey, this is the third task!
[2024-09-12T02:21:57.772+0000] {subprocess.py:97} INFO - Command exited with return code 0
[2024-09-12T02:21:57.833+0000] {taskinstance.py:340} INFO - ::group::Post task execution logs
[2024-09-12T02:21:57.834+0000] {taskinstance.py:352} INFO - Marking task as SUCCESS. dag_id=our_first_dag_V6, task_id=third_task, run_id=scheduled__2023-04-09T00:00:00+00:00, execution_date=20230409T000000, start_date=20240912T022156, end_date=20240912T022157
[2024-09-12T02:21:57.935+0000] {local_task_job_runner.py:266} INFO - Task exited with return code 0
[2024-09-12T02:21:57.969+0000] {local_task_job_runner.py:245} INFO - ::endgroup::
