[2024-09-12T02:18:54.857+0000] {local_task_job_runner.py:123} INFO - ::group::Pre task execution logs
[2024-09-12T02:18:54.955+0000] {taskinstance.py:2612} INFO - Dependencies all met for dep_context=non-requeueable deps ti=<TaskInstance: our_first_dag_V6.third_task scheduled__2022-07-10T00:00:00+00:00 [queued]>
[2024-09-12T02:18:55.017+0000] {taskinstance.py:2612} INFO - Dependencies all met for dep_context=requeueable deps ti=<TaskInstance: our_first_dag_V6.third_task scheduled__2022-07-10T00:00:00+00:00 [queued]>
[2024-09-12T02:18:55.019+0000] {taskinstance.py:2865} INFO - Starting attempt 1 of 6
[2024-09-12T02:18:55.270+0000] {taskinstance.py:2888} INFO - Executing <Task(BashOperator): third_task> on 2022-07-10 00:00:00+00:00
[2024-09-12T02:18:55.383+0000] {logging_mixin.py:190} WARNING - /home/***/.local/lib/python3.12/site-packages/***/task/task_runner/standard_task_runner.py:70 DeprecationWarning: This process (pid=5157) is multi-threaded, use of fork() may lead to deadlocks in the child.
[2024-09-12T02:18:55.399+0000] {standard_task_runner.py:72} INFO - Started process 5172 to run task
[2024-09-12T02:18:55.414+0000] {standard_task_runner.py:104} INFO - Running: ['***', 'tasks', 'run', 'our_first_dag_V6', 'third_task', 'scheduled__2022-07-10T00:00:00+00:00', '--job-id', '19459', '--raw', '--subdir', 'DAGS_FOLDER/our_first_dag.py', '--cfg-path', '/tmp/tmp1oy2mk1j']
[2024-09-12T02:18:55.467+0000] {standard_task_runner.py:105} INFO - Job 19459: Subtask third_task
[2024-09-12T02:18:55.741+0000] {task_command.py:467} INFO - Running <TaskInstance: our_first_dag_V6.third_task scheduled__2022-07-10T00:00:00+00:00 [running]> on host 5508ea9ebfaf
[2024-09-12T02:18:56.173+0000] {taskinstance.py:3131} INFO - Exporting env vars: AIRFLOW_CTX_DAG_OWNER='acap' AIRFLOW_CTX_DAG_ID='our_first_dag_V6' AIRFLOW_CTX_TASK_ID='third_task' AIRFLOW_CTX_EXECUTION_DATE='2022-07-10T00:00:00+00:00' AIRFLOW_CTX_TRY_NUMBER='1' AIRFLOW_CTX_DAG_RUN_ID='scheduled__2022-07-10T00:00:00+00:00'
[2024-09-12T02:18:56.175+0000] {taskinstance.py:731} INFO - ::endgroup::
[2024-09-12T02:18:56.247+0000] {subprocess.py:63} INFO - Tmp dir root location: /tmp
[2024-09-12T02:18:56.260+0000] {subprocess.py:75} INFO - Running command: ['/usr/bin/bash', '-c', 'echo hey, this is the third task!']
[2024-09-12T02:18:56.276+0000] {subprocess.py:86} INFO - Output:
[2024-09-12T02:18:56.282+0000] {subprocess.py:93} INFO - hey, this is the third task!
[2024-09-12T02:18:56.283+0000] {subprocess.py:97} INFO - Command exited with return code 0
[2024-09-12T02:18:56.393+0000] {taskinstance.py:340} INFO - ::group::Post task execution logs
[2024-09-12T02:18:56.394+0000] {taskinstance.py:352} INFO - Marking task as SUCCESS. dag_id=our_first_dag_V6, task_id=third_task, run_id=scheduled__2022-07-10T00:00:00+00:00, execution_date=20220710T000000, start_date=20240912T021854, end_date=20240912T021856
[2024-09-12T02:18:56.547+0000] {local_task_job_runner.py:266} INFO - Task exited with return code 0
[2024-09-12T02:18:56.568+0000] {local_task_job_runner.py:245} INFO - ::endgroup::
