[2024-09-20T02:53:36.620+0000] {local_task_job_runner.py:123} INFO - ::group::Pre task execution logs
[2024-09-20T02:53:36.652+0000] {taskinstance.py:2612} INFO - Dependencies all met for dep_context=non-requeueable deps ti=<TaskInstance: dag_with_python_dependencies_v02.get_sklearn scheduled__2024-09-05T00:00:00+00:00 [queued]>
[2024-09-20T02:53:36.694+0000] {taskinstance.py:2612} INFO - Dependencies all met for dep_context=requeueable deps ti=<TaskInstance: dag_with_python_dependencies_v02.get_sklearn scheduled__2024-09-05T00:00:00+00:00 [queued]>
[2024-09-20T02:53:36.698+0000] {taskinstance.py:2865} INFO - Starting attempt 1 of 6
[2024-09-20T02:53:36.758+0000] {taskinstance.py:2888} INFO - Executing <Task(PythonOperator): get_sklearn> on 2024-09-05 00:00:00+00:00
[2024-09-20T02:53:36.781+0000] {standard_task_runner.py:104} INFO - Running: ['***', 'tasks', 'run', 'dag_with_python_dependencies_v02', 'get_sklearn', 'scheduled__2024-09-05T00:00:00+00:00', '--job-id', '22422', '--raw', '--subdir', 'DAGS_FOLDER/dag_with_python_dependencies.py', '--cfg-path', '/tmp/tmp_apwp_5l']
[2024-09-20T02:53:36.785+0000] {standard_task_runner.py:105} INFO - Job 22422: Subtask get_sklearn
[2024-09-20T02:53:36.786+0000] {logging_mixin.py:190} WARNING - /home/***/.local/lib/python3.12/site-packages/***/task/task_runner/standard_task_runner.py:70 DeprecationWarning: This process (pid=685) is multi-threaded, use of fork() may lead to deadlocks in the child.
[2024-09-20T02:53:36.802+0000] {standard_task_runner.py:72} INFO - Started process 706 to run task
[2024-09-20T02:53:45.582+0000] {task_command.py:467} INFO - Running <TaskInstance: dag_with_python_dependencies_v02.get_sklearn scheduled__2024-09-05T00:00:00+00:00 [running]> on host ced43fa3e256
[2024-09-20T02:54:39.836+0000] {job.py:229} INFO - Heartbeat recovered after 63.30 seconds
[2024-09-20T02:54:40.917+0000] {taskinstance.py:3131} INFO - Exporting env vars: AIRFLOW_CTX_DAG_OWNER='coder2j' AIRFLOW_CTX_DAG_ID='dag_with_python_dependencies_v02' AIRFLOW_CTX_TASK_ID='get_sklearn' AIRFLOW_CTX_EXECUTION_DATE='2024-09-05T00:00:00+00:00' AIRFLOW_CTX_TRY_NUMBER='1' AIRFLOW_CTX_DAG_RUN_ID='scheduled__2024-09-05T00:00:00+00:00'
[2024-09-20T02:54:40.971+0000] {taskinstance.py:731} INFO - ::endgroup::
[2024-09-20T02:54:54.183+0000] {job.py:229} INFO - Heartbeat recovered after 54.74 seconds
[2024-09-20T02:54:59.711+0000] {job.py:229} INFO - Heartbeat recovered after 11.14 seconds
[2024-09-20T02:55:00.668+0000] {logging_mixin.py:190} INFO - scikit-learn with version: 1.5.2
[2024-09-20T02:55:00.669+0000] {python.py:240} INFO - Done. Returned value was: None
[2024-09-20T02:55:00.741+0000] {taskinstance.py:340} INFO - ::group::Post task execution logs
[2024-09-20T02:55:00.743+0000] {taskinstance.py:352} INFO - Marking task as SUCCESS. dag_id=dag_with_python_dependencies_v02, task_id=get_sklearn, run_id=scheduled__2024-09-05T00:00:00+00:00, execution_date=20240905T000000, start_date=20240920T025336, end_date=20240920T025500
[2024-09-20T02:55:01.226+0000] {local_task_job_runner.py:266} INFO - Task exited with return code 0
[2024-09-20T02:55:01.298+0000] {local_task_job_runner.py:245} INFO - ::endgroup::
