[2024-09-12T02:16:06.623+0000] {local_task_job_runner.py:123} INFO - ::group::Pre task execution logs
[2024-09-12T02:16:06.694+0000] {taskinstance.py:2612} INFO - Dependencies all met for dep_context=non-requeueable deps ti=<TaskInstance: our_first_dag_V6.first_task scheduled__2021-11-19T00:00:00+00:00 [queued]>
[2024-09-12T02:16:06.726+0000] {taskinstance.py:2612} INFO - Dependencies all met for dep_context=requeueable deps ti=<TaskInstance: our_first_dag_V6.first_task scheduled__2021-11-19T00:00:00+00:00 [queued]>
[2024-09-12T02:16:06.727+0000] {taskinstance.py:2865} INFO - Starting attempt 1 of 6
[2024-09-12T02:16:06.966+0000] {taskinstance.py:2888} INFO - Executing <Task(BashOperator): first_task> on 2021-11-19 00:00:00+00:00
[2024-09-12T02:16:06.989+0000] {logging_mixin.py:190} WARNING - /home/***/.local/lib/python3.12/site-packages/***/task/task_runner/standard_task_runner.py:70 DeprecationWarning: This process (pid=1717) is multi-threaded, use of fork() may lead to deadlocks in the child.
[2024-09-12T02:16:06.999+0000] {standard_task_runner.py:72} INFO - Started process 1742 to run task
[2024-09-12T02:16:06.983+0000] {standard_task_runner.py:104} INFO - Running: ['***', 'tasks', 'run', 'our_first_dag_V6', 'first_task', 'scheduled__2021-11-19T00:00:00+00:00', '--job-id', '18637', '--raw', '--subdir', 'DAGS_FOLDER/our_first_dag.py', '--cfg-path', '/tmp/tmpodgnr706']
[2024-09-12T02:16:07.015+0000] {standard_task_runner.py:105} INFO - Job 18637: Subtask first_task
[2024-09-12T02:16:07.232+0000] {task_command.py:467} INFO - Running <TaskInstance: our_first_dag_V6.first_task scheduled__2021-11-19T00:00:00+00:00 [running]> on host 5508ea9ebfaf
[2024-09-12T02:16:07.514+0000] {taskinstance.py:3131} INFO - Exporting env vars: AIRFLOW_CTX_DAG_OWNER='acap' AIRFLOW_CTX_DAG_ID='our_first_dag_V6' AIRFLOW_CTX_TASK_ID='first_task' AIRFLOW_CTX_EXECUTION_DATE='2021-11-19T00:00:00+00:00' AIRFLOW_CTX_TRY_NUMBER='1' AIRFLOW_CTX_DAG_RUN_ID='scheduled__2021-11-19T00:00:00+00:00'
[2024-09-12T02:16:07.520+0000] {taskinstance.py:731} INFO - ::endgroup::
[2024-09-12T02:16:07.558+0000] {subprocess.py:63} INFO - Tmp dir root location: /tmp
[2024-09-12T02:16:07.561+0000] {subprocess.py:75} INFO - Running command: ['/usr/bin/bash', '-c', 'echo hello world, this is the first task!']
[2024-09-12T02:16:07.592+0000] {subprocess.py:86} INFO - Output:
[2024-09-12T02:16:07.594+0000] {subprocess.py:93} INFO - hello world, this is the first task!
[2024-09-12T02:16:07.595+0000] {subprocess.py:97} INFO - Command exited with return code 0
[2024-09-12T02:16:07.681+0000] {taskinstance.py:340} INFO - ::group::Post task execution logs
[2024-09-12T02:16:07.685+0000] {taskinstance.py:352} INFO - Marking task as SUCCESS. dag_id=our_first_dag_V6, task_id=first_task, run_id=scheduled__2021-11-19T00:00:00+00:00, execution_date=20211119T000000, start_date=20240912T021606, end_date=20240912T021607
[2024-09-12T02:16:07.815+0000] {local_task_job_runner.py:266} INFO - Task exited with return code 0
[2024-09-12T02:16:07.919+0000] {taskinstance.py:3900} INFO - 2 downstream tasks scheduled from follow-on schedule check
[2024-09-12T02:16:07.948+0000] {local_task_job_runner.py:245} INFO - ::endgroup::
