[2024-09-10T07:33:50.366+0000] {local_task_job_runner.py:123} INFO - ::group::Pre task execution logs
[2024-09-10T07:33:50.435+0000] {taskinstance.py:2612} INFO - Dependencies all met for dep_context=non-requeueable deps ti=<TaskInstance: our_first_dag_V3.third_task scheduled__2023-11-15T00:00:00+00:00 [queued]>
[2024-09-10T07:33:50.469+0000] {taskinstance.py:2612} INFO - Dependencies all met for dep_context=requeueable deps ti=<TaskInstance: our_first_dag_V3.third_task scheduled__2023-11-15T00:00:00+00:00 [queued]>
[2024-09-10T07:33:50.488+0000] {taskinstance.py:2865} INFO - Starting attempt 1 of 6
[2024-09-10T07:33:50.591+0000] {taskinstance.py:2888} INFO - Executing <Task(BashOperator): third_task> on 2023-11-15 00:00:00+00:00
[2024-09-10T07:33:50.615+0000] {standard_task_runner.py:104} INFO - Running: ['***', 'tasks', 'run', 'our_first_dag_V3', 'third_task', 'scheduled__2023-11-15T00:00:00+00:00', '--job-id', '4972', '--raw', '--subdir', 'DAGS_FOLDER/our_first_dag.py', '--cfg-path', '/tmp/tmpsncg_ch8']
[2024-09-10T07:33:50.632+0000] {standard_task_runner.py:105} INFO - Job 4972: Subtask third_task
[2024-09-10T07:33:50.630+0000] {logging_mixin.py:190} WARNING - /home/***/.local/lib/python3.12/site-packages/***/task/task_runner/standard_task_runner.py:70 DeprecationWarning: This process (pid=21862) is multi-threaded, use of fork() may lead to deadlocks in the child.
[2024-09-10T07:33:50.641+0000] {standard_task_runner.py:72} INFO - Started process 21876 to run task
[2024-09-10T07:33:50.941+0000] {task_command.py:467} INFO - Running <TaskInstance: our_first_dag_V3.third_task scheduled__2023-11-15T00:00:00+00:00 [running]> on host 5508ea9ebfaf
[2024-09-10T07:33:51.507+0000] {taskinstance.py:3131} INFO - Exporting env vars: AIRFLOW_CTX_DAG_OWNER='coder2j' AIRFLOW_CTX_DAG_ID='our_first_dag_V3' AIRFLOW_CTX_TASK_ID='third_task' AIRFLOW_CTX_EXECUTION_DATE='2023-11-15T00:00:00+00:00' AIRFLOW_CTX_TRY_NUMBER='1' AIRFLOW_CTX_DAG_RUN_ID='scheduled__2023-11-15T00:00:00+00:00'
[2024-09-10T07:33:51.521+0000] {taskinstance.py:731} INFO - ::endgroup::
[2024-09-10T07:33:51.604+0000] {subprocess.py:63} INFO - Tmp dir root location: /tmp
[2024-09-10T07:33:51.605+0000] {subprocess.py:75} INFO - Running command: ['/usr/bin/bash', '-c', 'echo hey, this is the third task!']
[2024-09-10T07:33:51.621+0000] {subprocess.py:86} INFO - Output:
[2024-09-10T07:33:51.624+0000] {subprocess.py:93} INFO - hey, this is the third task!
[2024-09-10T07:33:51.625+0000] {subprocess.py:97} INFO - Command exited with return code 0
[2024-09-10T07:33:51.690+0000] {taskinstance.py:340} INFO - ::group::Post task execution logs
[2024-09-10T07:33:51.691+0000] {taskinstance.py:352} INFO - Marking task as SUCCESS. dag_id=our_first_dag_V3, task_id=third_task, run_id=scheduled__2023-11-15T00:00:00+00:00, execution_date=20231115T000000, start_date=20240910T073350, end_date=20240910T073351
[2024-09-10T07:33:51.800+0000] {local_task_job_runner.py:266} INFO - Task exited with return code 0
[2024-09-10T07:33:51.865+0000] {taskinstance.py:3900} INFO - 0 downstream tasks scheduled from follow-on schedule check
[2024-09-10T07:33:51.881+0000] {local_task_job_runner.py:245} INFO - ::endgroup::
