[2024-09-20T08:22:54.169+0000] {local_task_job_runner.py:123} INFO - ::group::Pre task execution logs
[2024-09-20T08:22:54.187+0000] {taskinstance.py:2612} INFO - Dependencies all met for dep_context=non-requeueable deps ti=<TaskInstance: dag_with_minio_s3_v01.sensor_minio_s3 scheduled__2024-09-17T00:00:00+00:00 [queued]>
[2024-09-20T08:22:54.196+0000] {taskinstance.py:2612} INFO - Dependencies all met for dep_context=requeueable deps ti=<TaskInstance: dag_with_minio_s3_v01.sensor_minio_s3 scheduled__2024-09-17T00:00:00+00:00 [queued]>
[2024-09-20T08:22:54.197+0000] {taskinstance.py:2865} INFO - Starting attempt 2 of 6
[2024-09-20T08:22:54.379+0000] {taskinstance.py:2888} INFO - Executing <Task(S3KeySensor): sensor_minio_s3> on 2024-09-17 00:00:00+00:00
[2024-09-20T08:22:54.386+0000] {logging_mixin.py:190} WARNING - /home/***/.local/lib/python3.12/site-packages/***/task/task_runner/standard_task_runner.py:70 DeprecationWarning: This process (pid=3457) is multi-threaded, use of fork() may lead to deadlocks in the child.
[2024-09-20T08:22:54.387+0000] {standard_task_runner.py:104} INFO - Running: ['***', 'tasks', 'run', 'dag_with_minio_s3_v01', 'sensor_minio_s3', 'scheduled__2024-09-17T00:00:00+00:00', '--job-id', '22543', '--raw', '--subdir', 'DAGS_FOLDER/dag_with_minio_s3.py', '--cfg-path', '/tmp/tmpwnfknz9z']
[2024-09-20T08:22:54.388+0000] {standard_task_runner.py:72} INFO - Started process 3464 to run task
[2024-09-20T08:22:54.388+0000] {standard_task_runner.py:105} INFO - Job 22543: Subtask sensor_minio_s3
[2024-09-20T08:22:54.437+0000] {task_command.py:467} INFO - Running <TaskInstance: dag_with_minio_s3_v01.sensor_minio_s3 scheduled__2024-09-17T00:00:00+00:00 [running]> on host ced43fa3e256
[2024-09-20T08:22:54.510+0000] {taskinstance.py:3131} INFO - Exporting env vars: AIRFLOW_CTX_DAG_OWNER='coder2j' AIRFLOW_CTX_DAG_ID='dag_with_minio_s3_v01' AIRFLOW_CTX_TASK_ID='sensor_minio_s3' AIRFLOW_CTX_EXECUTION_DATE='2024-09-17T00:00:00+00:00' AIRFLOW_CTX_TRY_NUMBER='2' AIRFLOW_CTX_DAG_RUN_ID='scheduled__2024-09-17T00:00:00+00:00'
[2024-09-20T08:22:54.511+0000] {taskinstance.py:731} INFO - ::endgroup::
[2024-09-20T08:22:54.525+0000] {baseoperator.py:405} WARNING - S3KeySensor.execute cannot be called outside TaskInstance!
[2024-09-20T08:22:54.526+0000] {s3.py:118} INFO - Poking for key : s3://***/data.csv
[2024-09-20T08:22:54.535+0000] {base.py:84} INFO - Retrieving connection 'minio_conn'
[2024-09-20T08:22:54.536+0000] {connection_wrapper.py:388} INFO - AWS Connection (conn_id='minio_conn', conn_type='aws') credentials retrieved from login and password.
[2024-09-20T08:22:54.537+0000] {logging_mixin.py:190} WARNING - <string>:9 AirflowProviderDeprecationWarning: extra['host'] is deprecated and will be removed in a future release. Please set extra['endpoint_url'] instead
[2024-09-20T08:22:54.788+0000] {base.py:336} INFO - Success criteria met. Exiting.
[2024-09-20T08:22:54.802+0000] {taskinstance.py:340} INFO - ::group::Post task execution logs
[2024-09-20T08:22:54.803+0000] {taskinstance.py:352} INFO - Marking task as SUCCESS. dag_id=dag_with_minio_s3_v01, task_id=sensor_minio_s3, run_id=scheduled__2024-09-17T00:00:00+00:00, execution_date=20240917T000000, start_date=20240920T082254, end_date=20240920T082254
[2024-09-20T08:22:54.884+0000] {local_task_job_runner.py:266} INFO - Task exited with return code 0
[2024-09-20T08:22:54.899+0000] {taskinstance.py:3900} INFO - 0 downstream tasks scheduled from follow-on schedule check
[2024-09-20T08:22:54.903+0000] {local_task_job_runner.py:245} INFO - ::endgroup::
