[2024-09-13T07:13:14.760+0000] {local_task_job_runner.py:123} INFO - ::group::Pre task execution logs
[2024-09-13T07:13:14.791+0000] {taskinstance.py:2612} INFO - Dependencies all met for dep_context=non-requeueable deps ti=<TaskInstance: dag_with_postgres_operator_v01.create_postgres_table scheduled__2024-09-04T00:00:00+00:00 [queued]>
[2024-09-13T07:13:14.810+0000] {taskinstance.py:2612} INFO - Dependencies all met for dep_context=requeueable deps ti=<TaskInstance: dag_with_postgres_operator_v01.create_postgres_table scheduled__2024-09-04T00:00:00+00:00 [queued]>
[2024-09-13T07:13:14.811+0000] {taskinstance.py:2865} INFO - Starting attempt 1 of 6
[2024-09-13T07:13:14.894+0000] {taskinstance.py:2888} INFO - Executing <Task(PostgresOperator): create_postgres_table> on 2024-09-04 00:00:00+00:00
[2024-09-13T07:13:14.910+0000] {standard_task_runner.py:104} INFO - Running: ['***', 'tasks', 'run', 'dag_with_postgres_operator_v01', 'create_postgres_table', 'scheduled__2024-09-04T00:00:00+00:00', '--job-id', '21921', '--raw', '--subdir', 'DAGS_FOLDER/dag_with_postgres_operator.py', '--cfg-path', '/tmp/tmpjlq7v_i2']
[2024-09-13T07:13:14.916+0000] {standard_task_runner.py:105} INFO - Job 21921: Subtask create_postgres_table
[2024-09-13T07:13:14.918+0000] {logging_mixin.py:190} WARNING - /home/***/.local/lib/python3.12/site-packages/***/task/task_runner/standard_task_runner.py:70 DeprecationWarning: This process (pid=1191) is multi-threaded, use of fork() may lead to deadlocks in the child.
[2024-09-13T07:13:14.919+0000] {standard_task_runner.py:72} INFO - Started process 1199 to run task
[2024-09-13T07:13:15.016+0000] {task_command.py:467} INFO - Running <TaskInstance: dag_with_postgres_operator_v01.create_postgres_table scheduled__2024-09-04T00:00:00+00:00 [running]> on host 5508ea9ebfaf
[2024-09-13T07:13:15.166+0000] {taskinstance.py:3131} INFO - Exporting env vars: AIRFLOW_CTX_DAG_OWNER='coder2j' AIRFLOW_CTX_DAG_ID='dag_with_postgres_operator_v01' AIRFLOW_CTX_TASK_ID='create_postgres_table' AIRFLOW_CTX_EXECUTION_DATE='2024-09-04T00:00:00+00:00' AIRFLOW_CTX_TRY_NUMBER='1' AIRFLOW_CTX_DAG_RUN_ID='scheduled__2024-09-04T00:00:00+00:00'
[2024-09-13T07:13:15.188+0000] {taskinstance.py:731} INFO - ::endgroup::
[2024-09-13T07:13:15.210+0000] {sql.py:266} INFO - Executing: 
            create table if not exists dag_runs (
                dt date,
                dag_id character varying,
                primary key (dt, dag_id)
            )
        
[2024-09-13T07:13:15.219+0000] {base.py:84} INFO - Retrieving connection 'postgres_localhost'
[2024-09-13T07:13:15.242+0000] {base.py:84} INFO - Retrieving connection 'postgres_localhost'
[2024-09-13T07:13:15.264+0000] {sql.py:509} INFO - Running statement: 
            create table if not exists dag_runs (
                dt date,
                dag_id character varying,
                primary key (dt, dag_id)
            )
        , parameters: None
[2024-09-13T07:13:15.303+0000] {taskinstance.py:340} INFO - ::group::Post task execution logs
[2024-09-13T07:13:15.304+0000] {taskinstance.py:352} INFO - Marking task as SUCCESS. dag_id=dag_with_postgres_operator_v01, task_id=create_postgres_table, run_id=scheduled__2024-09-04T00:00:00+00:00, execution_date=20240904T000000, start_date=20240913T071314, end_date=20240913T071315
[2024-09-13T07:13:15.353+0000] {local_task_job_runner.py:266} INFO - Task exited with return code 0
[2024-09-13T07:13:15.376+0000] {taskinstance.py:3900} INFO - 0 downstream tasks scheduled from follow-on schedule check
[2024-09-13T07:13:15.383+0000] {local_task_job_runner.py:245} INFO - ::endgroup::
