[2024-09-10T08:21:06.454+0000] {local_task_job_runner.py:123} INFO - ::group::Pre task execution logs
[2024-09-10T08:21:06.502+0000] {taskinstance.py:2612} INFO - Dependencies all met for dep_context=non-requeueable deps ti=<TaskInstance: our_first_dag_V5.third_task scheduled__2023-10-21T00:00:00+00:00 [queued]>
[2024-09-10T08:21:06.527+0000] {taskinstance.py:2612} INFO - Dependencies all met for dep_context=requeueable deps ti=<TaskInstance: our_first_dag_V5.third_task scheduled__2023-10-21T00:00:00+00:00 [queued]>
[2024-09-10T08:21:06.529+0000] {taskinstance.py:2865} INFO - Starting attempt 1 of 6
[2024-09-10T08:21:06.676+0000] {taskinstance.py:2888} INFO - Executing <Task(BashOperator): third_task> on 2023-10-21 00:00:00+00:00
[2024-09-10T08:21:06.695+0000] {standard_task_runner.py:104} INFO - Running: ['***', 'tasks', 'run', 'our_first_dag_V5', 'third_task', 'scheduled__2023-10-21T00:00:00+00:00', '--job-id', '8840', '--raw', '--subdir', 'DAGS_FOLDER/our_first_dag.py', '--cfg-path', '/tmp/tmpf49o8n0c']
[2024-09-10T08:21:06.700+0000] {standard_task_runner.py:105} INFO - Job 8840: Subtask third_task
[2024-09-10T08:21:06.702+0000] {logging_mixin.py:190} WARNING - /home/***/.local/lib/python3.12/site-packages/***/task/task_runner/standard_task_runner.py:70 DeprecationWarning: This process (pid=38380) is multi-threaded, use of fork() may lead to deadlocks in the child.
[2024-09-10T08:21:06.707+0000] {standard_task_runner.py:72} INFO - Started process 38392 to run task
[2024-09-10T08:21:06.894+0000] {task_command.py:467} INFO - Running <TaskInstance: our_first_dag_V5.third_task scheduled__2023-10-21T00:00:00+00:00 [running]> on host 5508ea9ebfaf
[2024-09-10T08:21:07.220+0000] {taskinstance.py:3131} INFO - Exporting env vars: AIRFLOW_CTX_DAG_OWNER='coder2j' AIRFLOW_CTX_DAG_ID='our_first_dag_V5' AIRFLOW_CTX_TASK_ID='third_task' AIRFLOW_CTX_EXECUTION_DATE='2023-10-21T00:00:00+00:00' AIRFLOW_CTX_TRY_NUMBER='1' AIRFLOW_CTX_DAG_RUN_ID='scheduled__2023-10-21T00:00:00+00:00'
[2024-09-10T08:21:07.225+0000] {taskinstance.py:731} INFO - ::endgroup::
[2024-09-10T08:21:07.284+0000] {subprocess.py:63} INFO - Tmp dir root location: /tmp
[2024-09-10T08:21:07.286+0000] {subprocess.py:75} INFO - Running command: ['/usr/bin/bash', '-c', 'echo hey, this is the third task!']
[2024-09-10T08:21:07.306+0000] {subprocess.py:86} INFO - Output:
[2024-09-10T08:21:07.318+0000] {subprocess.py:93} INFO - hey, this is the third task!
[2024-09-10T08:21:07.322+0000] {subprocess.py:97} INFO - Command exited with return code 0
[2024-09-10T08:21:07.466+0000] {taskinstance.py:340} INFO - ::group::Post task execution logs
[2024-09-10T08:21:07.468+0000] {taskinstance.py:352} INFO - Marking task as SUCCESS. dag_id=our_first_dag_V5, task_id=third_task, run_id=scheduled__2023-10-21T00:00:00+00:00, execution_date=20231021T000000, start_date=20240910T082106, end_date=20240910T082107
[2024-09-10T08:21:07.583+0000] {local_task_job_runner.py:266} INFO - Task exited with return code 0
[2024-09-10T08:21:07.610+0000] {taskinstance.py:3900} INFO - 0 downstream tasks scheduled from follow-on schedule check
[2024-09-10T08:21:07.626+0000] {local_task_job_runner.py:245} INFO - ::endgroup::
