[2024-09-20T02:53:36.205+0000] {local_task_job_runner.py:123} INFO - ::group::Pre task execution logs
[2024-09-20T02:53:36.224+0000] {taskinstance.py:2612} INFO - Dependencies all met for dep_context=non-requeueable deps ti=<TaskInstance: dag_with_python_dependencies_v02.get_sklearn scheduled__2024-09-03T00:00:00+00:00 [queued]>
[2024-09-20T02:53:36.235+0000] {taskinstance.py:2612} INFO - Dependencies all met for dep_context=requeueable deps ti=<TaskInstance: dag_with_python_dependencies_v02.get_sklearn scheduled__2024-09-03T00:00:00+00:00 [queued]>
[2024-09-20T02:53:36.236+0000] {taskinstance.py:2865} INFO - Starting attempt 1 of 6
[2024-09-20T02:53:36.443+0000] {taskinstance.py:2888} INFO - Executing <Task(PythonOperator): get_sklearn> on 2024-09-03 00:00:00+00:00
[2024-09-20T02:53:36.451+0000] {standard_task_runner.py:104} INFO - Running: ['***', 'tasks', 'run', 'dag_with_python_dependencies_v02', 'get_sklearn', 'scheduled__2024-09-03T00:00:00+00:00', '--job-id', '22420', '--raw', '--subdir', 'DAGS_FOLDER/dag_with_python_dependencies.py', '--cfg-path', '/tmp/tmp9gt8tx1q']
[2024-09-20T02:53:36.454+0000] {standard_task_runner.py:105} INFO - Job 22420: Subtask get_sklearn
[2024-09-20T02:53:36.455+0000] {logging_mixin.py:190} WARNING - /home/***/.local/lib/python3.12/site-packages/***/task/task_runner/standard_task_runner.py:70 DeprecationWarning: This process (pid=679) is multi-threaded, use of fork() may lead to deadlocks in the child.
[2024-09-20T02:53:36.456+0000] {standard_task_runner.py:72} INFO - Started process 686 to run task
[2024-09-20T02:53:36.508+0000] {task_command.py:467} INFO - Running <TaskInstance: dag_with_python_dependencies_v02.get_sklearn scheduled__2024-09-03T00:00:00+00:00 [running]> on host ced43fa3e256
[2024-09-20T02:53:36.631+0000] {taskinstance.py:3131} INFO - Exporting env vars: AIRFLOW_CTX_DAG_OWNER='coder2j' AIRFLOW_CTX_DAG_ID='dag_with_python_dependencies_v02' AIRFLOW_CTX_TASK_ID='get_sklearn' AIRFLOW_CTX_EXECUTION_DATE='2024-09-03T00:00:00+00:00' AIRFLOW_CTX_TRY_NUMBER='1' AIRFLOW_CTX_DAG_RUN_ID='scheduled__2024-09-03T00:00:00+00:00'
[2024-09-20T02:53:36.633+0000] {taskinstance.py:731} INFO - ::endgroup::
[2024-09-20T02:54:38.975+0000] {job.py:229} INFO - Heartbeat recovered after 62.83 seconds
[2024-09-20T02:54:48.924+0000] {job.py:229} INFO - Heartbeat recovered after 66.66 seconds
[2024-09-20T02:54:59.176+0000] {job.py:229} INFO - Heartbeat recovered after 13.68 seconds
[2024-09-20T02:55:00.668+0000] {logging_mixin.py:190} INFO - scikit-learn with version: 1.5.2
[2024-09-20T02:55:00.669+0000] {python.py:240} INFO - Done. Returned value was: None
[2024-09-20T02:55:00.731+0000] {taskinstance.py:340} INFO - ::group::Post task execution logs
[2024-09-20T02:55:00.733+0000] {taskinstance.py:352} INFO - Marking task as SUCCESS. dag_id=dag_with_python_dependencies_v02, task_id=get_sklearn, run_id=scheduled__2024-09-03T00:00:00+00:00, execution_date=20240903T000000, start_date=20240920T025336, end_date=20240920T025500
[2024-09-20T02:55:01.240+0000] {local_task_job_runner.py:266} INFO - Task exited with return code 0
[2024-09-20T02:55:01.294+0000] {local_task_job_runner.py:245} INFO - ::endgroup::
