[2024-09-10T08:23:23.129+0000] {local_task_job_runner.py:123} INFO - ::group::Pre task execution logs
[2024-09-10T08:23:23.176+0000] {taskinstance.py:2612} INFO - Dependencies all met for dep_context=non-requeueable deps ti=<TaskInstance: our_first_dag_V5.first_task scheduled__2024-04-14T00:00:00+00:00 [queued]>
[2024-09-10T08:23:23.199+0000] {taskinstance.py:2612} INFO - Dependencies all met for dep_context=requeueable deps ti=<TaskInstance: our_first_dag_V5.first_task scheduled__2024-04-14T00:00:00+00:00 [queued]>
[2024-09-10T08:23:23.201+0000] {taskinstance.py:2865} INFO - Starting attempt 1 of 6
[2024-09-10T08:23:23.337+0000] {taskinstance.py:2888} INFO - Executing <Task(BashOperator): first_task> on 2024-04-14 00:00:00+00:00
[2024-09-10T08:23:23.369+0000] {logging_mixin.py:190} WARNING - /home/***/.local/lib/python3.12/site-packages/***/task/task_runner/standard_task_runner.py:70 DeprecationWarning: This process (pid=40508) is multi-threaded, use of fork() may lead to deadlocks in the child.
[2024-09-10T08:23:23.375+0000] {standard_task_runner.py:72} INFO - Started process 40521 to run task
[2024-09-10T08:23:23.386+0000] {standard_task_runner.py:104} INFO - Running: ['***', 'tasks', 'run', 'our_first_dag_V5', 'first_task', 'scheduled__2024-04-14T00:00:00+00:00', '--job-id', '9356', '--raw', '--subdir', 'DAGS_FOLDER/our_first_dag.py', '--cfg-path', '/tmp/tmpr3qiyvrc']
[2024-09-10T08:23:23.401+0000] {standard_task_runner.py:105} INFO - Job 9356: Subtask first_task
[2024-09-10T08:23:23.644+0000] {task_command.py:467} INFO - Running <TaskInstance: our_first_dag_V5.first_task scheduled__2024-04-14T00:00:00+00:00 [running]> on host 5508ea9ebfaf
[2024-09-10T08:23:24.158+0000] {taskinstance.py:3131} INFO - Exporting env vars: AIRFLOW_CTX_DAG_OWNER='coder2j' AIRFLOW_CTX_DAG_ID='our_first_dag_V5' AIRFLOW_CTX_TASK_ID='first_task' AIRFLOW_CTX_EXECUTION_DATE='2024-04-14T00:00:00+00:00' AIRFLOW_CTX_TRY_NUMBER='1' AIRFLOW_CTX_DAG_RUN_ID='scheduled__2024-04-14T00:00:00+00:00'
[2024-09-10T08:23:24.163+0000] {taskinstance.py:731} INFO - ::endgroup::
[2024-09-10T08:23:24.242+0000] {subprocess.py:63} INFO - Tmp dir root location: /tmp
[2024-09-10T08:23:24.252+0000] {subprocess.py:75} INFO - Running command: ['/usr/bin/bash', '-c', 'echo hello world, this is the first task!']
[2024-09-10T08:23:24.293+0000] {subprocess.py:86} INFO - Output:
[2024-09-10T08:23:24.297+0000] {subprocess.py:93} INFO - hello world, this is the first task!
[2024-09-10T08:23:24.306+0000] {subprocess.py:97} INFO - Command exited with return code 0
[2024-09-10T08:23:24.557+0000] {taskinstance.py:340} INFO - ::group::Post task execution logs
[2024-09-10T08:23:24.558+0000] {taskinstance.py:352} INFO - Marking task as SUCCESS. dag_id=our_first_dag_V5, task_id=first_task, run_id=scheduled__2024-04-14T00:00:00+00:00, execution_date=20240414T000000, start_date=20240910T082323, end_date=20240910T082324
[2024-09-10T08:23:25.122+0000] {local_task_job_runner.py:266} INFO - Task exited with return code 0
[2024-09-10T08:23:25.202+0000] {taskinstance.py:3900} INFO - 2 downstream tasks scheduled from follow-on schedule check
[2024-09-10T08:23:25.267+0000] {local_task_job_runner.py:245} INFO - ::endgroup::
