[2024-09-12T02:20:58.380+0000] {local_task_job_runner.py:123} INFO - ::group::Pre task execution logs
[2024-09-12T02:20:58.444+0000] {taskinstance.py:2612} INFO - Dependencies all met for dep_context=non-requeueable deps ti=<TaskInstance: our_first_dag_V6.second_task scheduled__2023-01-14T00:00:00+00:00 [queued]>
[2024-09-12T02:20:58.466+0000] {taskinstance.py:2612} INFO - Dependencies all met for dep_context=requeueable deps ti=<TaskInstance: our_first_dag_V6.second_task scheduled__2023-01-14T00:00:00+00:00 [queued]>
[2024-09-12T02:20:58.467+0000] {taskinstance.py:2865} INFO - Starting attempt 1 of 6
[2024-09-12T02:20:58.496+0000] {taskinstance.py:2888} INFO - Executing <Task(BashOperator): second_task> on 2023-01-14 00:00:00+00:00
[2024-09-12T02:20:58.509+0000] {logging_mixin.py:190} WARNING - /home/***/.local/lib/python3.12/site-packages/***/task/task_runner/standard_task_runner.py:70 DeprecationWarning: This process (pid=7603) is multi-threaded, use of fork() may lead to deadlocks in the child.
[2024-09-12T02:20:58.509+0000] {standard_task_runner.py:104} INFO - Running: ['***', 'tasks', 'run', 'our_first_dag_V6', 'second_task', 'scheduled__2023-01-14T00:00:00+00:00', '--job-id', '20042', '--raw', '--subdir', 'DAGS_FOLDER/our_first_dag.py', '--cfg-path', '/tmp/tmpno_nyv_d']
[2024-09-12T02:20:58.511+0000] {standard_task_runner.py:72} INFO - Started process 7614 to run task
[2024-09-12T02:20:58.512+0000] {standard_task_runner.py:105} INFO - Job 20042: Subtask second_task
[2024-09-12T02:20:58.627+0000] {task_command.py:467} INFO - Running <TaskInstance: our_first_dag_V6.second_task scheduled__2023-01-14T00:00:00+00:00 [running]> on host 5508ea9ebfaf
[2024-09-12T02:20:58.822+0000] {taskinstance.py:3131} INFO - Exporting env vars: AIRFLOW_CTX_DAG_OWNER='acap' AIRFLOW_CTX_DAG_ID='our_first_dag_V6' AIRFLOW_CTX_TASK_ID='second_task' AIRFLOW_CTX_EXECUTION_DATE='2023-01-14T00:00:00+00:00' AIRFLOW_CTX_TRY_NUMBER='1' AIRFLOW_CTX_DAG_RUN_ID='scheduled__2023-01-14T00:00:00+00:00'
[2024-09-12T02:20:58.823+0000] {taskinstance.py:731} INFO - ::endgroup::
[2024-09-12T02:20:58.862+0000] {subprocess.py:63} INFO - Tmp dir root location: /tmp
[2024-09-12T02:20:58.866+0000] {subprocess.py:75} INFO - Running command: ['/usr/bin/bash', '-c', 'echo hey, this is the second task!']
[2024-09-12T02:20:58.881+0000] {subprocess.py:86} INFO - Output:
[2024-09-12T02:20:58.882+0000] {subprocess.py:93} INFO - hey, this is the second task!
[2024-09-12T02:20:58.883+0000] {subprocess.py:97} INFO - Command exited with return code 0
[2024-09-12T02:20:58.925+0000] {taskinstance.py:340} INFO - ::group::Post task execution logs
[2024-09-12T02:20:58.926+0000] {taskinstance.py:352} INFO - Marking task as SUCCESS. dag_id=our_first_dag_V6, task_id=second_task, run_id=scheduled__2023-01-14T00:00:00+00:00, execution_date=20230114T000000, start_date=20240912T022058, end_date=20240912T022058
[2024-09-12T02:20:58.972+0000] {local_task_job_runner.py:266} INFO - Task exited with return code 0
[2024-09-12T02:20:58.993+0000] {taskinstance.py:3900} INFO - 0 downstream tasks scheduled from follow-on schedule check
[2024-09-12T02:20:58.997+0000] {local_task_job_runner.py:245} INFO - ::endgroup::
