[2024-09-10T08:08:34.471+0000] {local_task_job_runner.py:123} INFO - ::group::Pre task execution logs
[2024-09-10T08:08:34.518+0000] {taskinstance.py:2612} INFO - Dependencies all met for dep_context=non-requeueable deps ti=<TaskInstance: our_first_dag_V4.first_task scheduled__2021-10-10T00:00:00+00:00 [queued]>
[2024-09-10T08:08:34.555+0000] {taskinstance.py:2612} INFO - Dependencies all met for dep_context=requeueable deps ti=<TaskInstance: our_first_dag_V4.first_task scheduled__2021-10-10T00:00:00+00:00 [queued]>
[2024-09-10T08:08:34.563+0000] {taskinstance.py:2865} INFO - Starting attempt 1 of 6
[2024-09-10T08:08:34.675+0000] {taskinstance.py:2888} INFO - Executing <Task(BashOperator): first_task> on 2021-10-10 00:00:00+00:00
[2024-09-10T08:08:34.692+0000] {logging_mixin.py:190} WARNING - /home/***/.local/lib/python3.12/site-packages/***/task/task_runner/standard_task_runner.py:70 DeprecationWarning: This process (pid=27044) is multi-threaded, use of fork() may lead to deadlocks in the child.
[2024-09-10T08:08:34.693+0000] {standard_task_runner.py:104} INFO - Running: ['***', 'tasks', 'run', 'our_first_dag_V4', 'first_task', 'scheduled__2021-10-10T00:00:00+00:00', '--job-id', '6080', '--raw', '--subdir', 'DAGS_FOLDER/our_first_dag.py', '--cfg-path', '/tmp/tmpi07_eraa']
[2024-09-10T08:08:34.745+0000] {standard_task_runner.py:105} INFO - Job 6080: Subtask first_task
[2024-09-10T08:08:34.732+0000] {standard_task_runner.py:72} INFO - Started process 27068 to run task
[2024-09-10T08:08:34.963+0000] {task_command.py:467} INFO - Running <TaskInstance: our_first_dag_V4.first_task scheduled__2021-10-10T00:00:00+00:00 [running]> on host 5508ea9ebfaf
[2024-09-10T08:08:35.149+0000] {taskinstance.py:3131} INFO - Exporting env vars: AIRFLOW_CTX_DAG_OWNER='coder2j' AIRFLOW_CTX_DAG_ID='our_first_dag_V4' AIRFLOW_CTX_TASK_ID='first_task' AIRFLOW_CTX_EXECUTION_DATE='2021-10-10T00:00:00+00:00' AIRFLOW_CTX_TRY_NUMBER='1' AIRFLOW_CTX_DAG_RUN_ID='scheduled__2021-10-10T00:00:00+00:00'
[2024-09-10T08:08:35.150+0000] {taskinstance.py:731} INFO - ::endgroup::
[2024-09-10T08:08:35.175+0000] {subprocess.py:63} INFO - Tmp dir root location: /tmp
[2024-09-10T08:08:35.176+0000] {subprocess.py:75} INFO - Running command: ['/usr/bin/bash', '-c', 'echo hello world, this is the first task!']
[2024-09-10T08:08:35.189+0000] {subprocess.py:86} INFO - Output:
[2024-09-10T08:08:35.192+0000] {subprocess.py:93} INFO - hello world, this is the first task!
[2024-09-10T08:08:35.193+0000] {subprocess.py:97} INFO - Command exited with return code 0
[2024-09-10T08:08:35.227+0000] {taskinstance.py:340} INFO - ::group::Post task execution logs
[2024-09-10T08:08:35.228+0000] {taskinstance.py:352} INFO - Marking task as SUCCESS. dag_id=our_first_dag_V4, task_id=first_task, run_id=scheduled__2021-10-10T00:00:00+00:00, execution_date=20211010T000000, start_date=20240910T080834, end_date=20240910T080835
[2024-09-10T08:08:35.276+0000] {local_task_job_runner.py:266} INFO - Task exited with return code 0
[2024-09-10T08:08:35.298+0000] {taskinstance.py:3900} INFO - 2 downstream tasks scheduled from follow-on schedule check
[2024-09-10T08:08:35.303+0000] {local_task_job_runner.py:245} INFO - ::endgroup::
