[2024-09-10T08:23:12.992+0000] {local_task_job_runner.py:123} INFO - ::group::Pre task execution logs
[2024-09-10T08:23:13.051+0000] {taskinstance.py:2612} INFO - Dependencies all met for dep_context=non-requeueable deps ti=<TaskInstance: our_first_dag_V5.third_task scheduled__2024-03-30T00:00:00+00:00 [queued]>
[2024-09-10T08:23:13.088+0000] {taskinstance.py:2612} INFO - Dependencies all met for dep_context=requeueable deps ti=<TaskInstance: our_first_dag_V5.third_task scheduled__2024-03-30T00:00:00+00:00 [queued]>
[2024-09-10T08:23:13.097+0000] {taskinstance.py:2865} INFO - Starting attempt 1 of 6
[2024-09-10T08:23:13.249+0000] {taskinstance.py:2888} INFO - Executing <Task(BashOperator): third_task> on 2024-03-30 00:00:00+00:00
[2024-09-10T08:23:13.262+0000] {logging_mixin.py:190} WARNING - /home/***/.local/lib/python3.12/site-packages/***/task/task_runner/standard_task_runner.py:70 DeprecationWarning: This process (pid=40382) is multi-threaded, use of fork() may lead to deadlocks in the child.
[2024-09-10T08:23:13.272+0000] {standard_task_runner.py:72} INFO - Started process 40399 to run task
[2024-09-10T08:23:13.275+0000] {standard_task_runner.py:104} INFO - Running: ['***', 'tasks', 'run', 'our_first_dag_V5', 'third_task', 'scheduled__2024-03-30T00:00:00+00:00', '--job-id', '9327', '--raw', '--subdir', 'DAGS_FOLDER/our_first_dag.py', '--cfg-path', '/tmp/tmpqgrbb1nr']
[2024-09-10T08:23:13.281+0000] {standard_task_runner.py:105} INFO - Job 9327: Subtask third_task
[2024-09-10T08:23:13.483+0000] {task_command.py:467} INFO - Running <TaskInstance: our_first_dag_V5.third_task scheduled__2024-03-30T00:00:00+00:00 [running]> on host 5508ea9ebfaf
[2024-09-10T08:23:14.118+0000] {taskinstance.py:3131} INFO - Exporting env vars: AIRFLOW_CTX_DAG_OWNER='coder2j' AIRFLOW_CTX_DAG_ID='our_first_dag_V5' AIRFLOW_CTX_TASK_ID='third_task' AIRFLOW_CTX_EXECUTION_DATE='2024-03-30T00:00:00+00:00' AIRFLOW_CTX_TRY_NUMBER='1' AIRFLOW_CTX_DAG_RUN_ID='scheduled__2024-03-30T00:00:00+00:00'
[2024-09-10T08:23:14.120+0000] {taskinstance.py:731} INFO - ::endgroup::
[2024-09-10T08:23:14.207+0000] {subprocess.py:63} INFO - Tmp dir root location: /tmp
[2024-09-10T08:23:14.239+0000] {subprocess.py:75} INFO - Running command: ['/usr/bin/bash', '-c', 'echo hey, this is the third task!']
[2024-09-10T08:23:14.297+0000] {subprocess.py:86} INFO - Output:
[2024-09-10T08:23:14.302+0000] {subprocess.py:93} INFO - hey, this is the third task!
[2024-09-10T08:23:14.317+0000] {subprocess.py:97} INFO - Command exited with return code 0
[2024-09-10T08:23:14.489+0000] {taskinstance.py:340} INFO - ::group::Post task execution logs
[2024-09-10T08:23:14.529+0000] {taskinstance.py:352} INFO - Marking task as SUCCESS. dag_id=our_first_dag_V5, task_id=third_task, run_id=scheduled__2024-03-30T00:00:00+00:00, execution_date=20240330T000000, start_date=20240910T082313, end_date=20240910T082314
[2024-09-10T08:23:14.688+0000] {local_task_job_runner.py:266} INFO - Task exited with return code 0
[2024-09-10T08:23:14.755+0000] {taskinstance.py:3900} INFO - 0 downstream tasks scheduled from follow-on schedule check
[2024-09-10T08:23:14.801+0000] {local_task_job_runner.py:245} INFO - ::endgroup::
