[2024-09-10T07:21:50.161+0000] {local_task_job_runner.py:123} INFO - ::group::Pre task execution logs
[2024-09-10T07:21:50.216+0000] {taskinstance.py:2612} INFO - Dependencies all met for dep_context=non-requeueable deps ti=<TaskInstance: our_first_dag_V2.second_task scheduled__2023-01-18T00:00:00+00:00 [queued]>
[2024-09-10T07:21:50.259+0000] {taskinstance.py:2612} INFO - Dependencies all met for dep_context=requeueable deps ti=<TaskInstance: our_first_dag_V2.second_task scheduled__2023-01-18T00:00:00+00:00 [queued]>
[2024-09-10T07:21:50.261+0000] {taskinstance.py:2865} INFO - Starting attempt 1 of 6
[2024-09-10T07:21:50.384+0000] {taskinstance.py:2888} INFO - Executing <Task(BashOperator): second_task> on 2023-01-18 00:00:00+00:00
[2024-09-10T07:21:50.410+0000] {logging_mixin.py:190} WARNING - /home/***/.local/lib/python3.12/site-packages/***/task/task_runner/standard_task_runner.py:70 DeprecationWarning: This process (pid=9445) is multi-threaded, use of fork() may lead to deadlocks in the child.
[2024-09-10T07:21:50.413+0000] {standard_task_runner.py:72} INFO - Started process 9457 to run task
[2024-09-10T07:21:50.409+0000] {standard_task_runner.py:104} INFO - Running: ['***', 'tasks', 'run', 'our_first_dag_V2', 'second_task', 'scheduled__2023-01-18T00:00:00+00:00', '--job-id', '1939', '--raw', '--subdir', 'DAGS_FOLDER/our_first_dag.py', '--cfg-path', '/tmp/tmp8thozre6']
[2024-09-10T07:21:50.415+0000] {standard_task_runner.py:105} INFO - Job 1939: Subtask second_task
[2024-09-10T07:21:50.565+0000] {task_command.py:467} INFO - Running <TaskInstance: our_first_dag_V2.second_task scheduled__2023-01-18T00:00:00+00:00 [running]> on host 5508ea9ebfaf
[2024-09-10T07:21:50.790+0000] {taskinstance.py:3131} INFO - Exporting env vars: AIRFLOW_CTX_DAG_OWNER='coder2j' AIRFLOW_CTX_DAG_ID='our_first_dag_V2' AIRFLOW_CTX_TASK_ID='second_task' AIRFLOW_CTX_EXECUTION_DATE='2023-01-18T00:00:00+00:00' AIRFLOW_CTX_TRY_NUMBER='1' AIRFLOW_CTX_DAG_RUN_ID='scheduled__2023-01-18T00:00:00+00:00'
[2024-09-10T07:21:50.797+0000] {taskinstance.py:731} INFO - ::endgroup::
[2024-09-10T07:21:50.852+0000] {subprocess.py:63} INFO - Tmp dir root location: /tmp
[2024-09-10T07:21:50.856+0000] {subprocess.py:75} INFO - Running command: ['/usr/bin/bash', '-c', 'echo hey, this is the second task!']
[2024-09-10T07:21:50.896+0000] {subprocess.py:86} INFO - Output:
[2024-09-10T07:21:50.899+0000] {subprocess.py:93} INFO - hey, this is the second task!
[2024-09-10T07:21:50.900+0000] {subprocess.py:97} INFO - Command exited with return code 0
[2024-09-10T07:21:50.963+0000] {taskinstance.py:340} INFO - ::group::Post task execution logs
[2024-09-10T07:21:50.964+0000] {taskinstance.py:352} INFO - Marking task as SUCCESS. dag_id=our_first_dag_V2, task_id=second_task, run_id=scheduled__2023-01-18T00:00:00+00:00, execution_date=20230118T000000, start_date=20240910T072150, end_date=20240910T072150
[2024-09-10T07:21:51.050+0000] {local_task_job_runner.py:266} INFO - Task exited with return code 0
[2024-09-10T07:21:51.094+0000] {taskinstance.py:3900} INFO - 0 downstream tasks scheduled from follow-on schedule check
[2024-09-10T07:21:51.106+0000] {local_task_job_runner.py:245} INFO - ::endgroup::
