[2024-09-10T07:32:02.515+0000] {local_task_job_runner.py:123} INFO - ::group::Pre task execution logs
[2024-09-10T07:32:02.540+0000] {taskinstance.py:2612} INFO - Dependencies all met for dep_context=non-requeueable deps ti=<TaskInstance: our_first_dag_V3.first_task scheduled__2023-06-20T00:00:00+00:00 [queued]>
[2024-09-10T07:32:02.555+0000] {taskinstance.py:2612} INFO - Dependencies all met for dep_context=requeueable deps ti=<TaskInstance: our_first_dag_V3.first_task scheduled__2023-06-20T00:00:00+00:00 [queued]>
[2024-09-10T07:32:02.556+0000] {taskinstance.py:2865} INFO - Starting attempt 1 of 6
[2024-09-10T07:32:02.639+0000] {taskinstance.py:2888} INFO - Executing <Task(BashOperator): first_task> on 2023-06-20 00:00:00+00:00
[2024-09-10T07:32:02.657+0000] {logging_mixin.py:190} WARNING - /home/***/.local/lib/python3.12/site-packages/***/task/task_runner/standard_task_runner.py:70 DeprecationWarning: This process (pid=20012) is multi-threaded, use of fork() may lead to deadlocks in the child.
[2024-09-10T07:32:02.656+0000] {standard_task_runner.py:104} INFO - Running: ['***', 'tasks', 'run', 'our_first_dag_V3', 'first_task', 'scheduled__2023-06-20T00:00:00+00:00', '--job-id', '4518', '--raw', '--subdir', 'DAGS_FOLDER/our_first_dag.py', '--cfg-path', '/tmp/tmpp6o_nf1p']
[2024-09-10T07:32:02.658+0000] {standard_task_runner.py:72} INFO - Started process 20019 to run task
[2024-09-10T07:32:02.659+0000] {standard_task_runner.py:105} INFO - Job 4518: Subtask first_task
[2024-09-10T07:32:02.739+0000] {task_command.py:467} INFO - Running <TaskInstance: our_first_dag_V3.first_task scheduled__2023-06-20T00:00:00+00:00 [running]> on host 5508ea9ebfaf
[2024-09-10T07:32:02.915+0000] {taskinstance.py:3131} INFO - Exporting env vars: AIRFLOW_CTX_DAG_OWNER='coder2j' AIRFLOW_CTX_DAG_ID='our_first_dag_V3' AIRFLOW_CTX_TASK_ID='first_task' AIRFLOW_CTX_EXECUTION_DATE='2023-06-20T00:00:00+00:00' AIRFLOW_CTX_TRY_NUMBER='1' AIRFLOW_CTX_DAG_RUN_ID='scheduled__2023-06-20T00:00:00+00:00'
[2024-09-10T07:32:02.918+0000] {taskinstance.py:731} INFO - ::endgroup::
[2024-09-10T07:32:02.950+0000] {subprocess.py:63} INFO - Tmp dir root location: /tmp
[2024-09-10T07:32:02.951+0000] {subprocess.py:75} INFO - Running command: ['/usr/bin/bash', '-c', 'echo hello world, this is the first task!']
[2024-09-10T07:32:02.980+0000] {subprocess.py:86} INFO - Output:
[2024-09-10T07:32:02.987+0000] {subprocess.py:93} INFO - hello world, this is the first task!
[2024-09-10T07:32:02.989+0000] {subprocess.py:97} INFO - Command exited with return code 0
[2024-09-10T07:32:03.040+0000] {taskinstance.py:340} INFO - ::group::Post task execution logs
[2024-09-10T07:32:03.041+0000] {taskinstance.py:352} INFO - Marking task as SUCCESS. dag_id=our_first_dag_V3, task_id=first_task, run_id=scheduled__2023-06-20T00:00:00+00:00, execution_date=20230620T000000, start_date=20240910T073202, end_date=20240910T073203
[2024-09-10T07:32:03.123+0000] {local_task_job_runner.py:266} INFO - Task exited with return code 0
[2024-09-10T07:32:03.180+0000] {taskinstance.py:3900} INFO - 2 downstream tasks scheduled from follow-on schedule check
[2024-09-10T07:32:03.193+0000] {local_task_job_runner.py:245} INFO - ::endgroup::
