[2024-09-10T08:23:36.187+0000] {local_task_job_runner.py:123} INFO - ::group::Pre task execution logs
[2024-09-10T08:23:36.241+0000] {taskinstance.py:2612} INFO - Dependencies all met for dep_context=non-requeueable deps ti=<TaskInstance: our_first_dag_V5.third_task scheduled__2024-04-26T00:00:00+00:00 [queued]>
[2024-09-10T08:23:36.270+0000] {taskinstance.py:2612} INFO - Dependencies all met for dep_context=requeueable deps ti=<TaskInstance: our_first_dag_V5.third_task scheduled__2024-04-26T00:00:00+00:00 [queued]>
[2024-09-10T08:23:36.280+0000] {taskinstance.py:2865} INFO - Starting attempt 1 of 6
[2024-09-10T08:23:36.353+0000] {taskinstance.py:2888} INFO - Executing <Task(BashOperator): third_task> on 2024-04-26 00:00:00+00:00
[2024-09-10T08:23:36.375+0000] {logging_mixin.py:190} WARNING - /home/***/.local/lib/python3.12/site-packages/***/task/task_runner/standard_task_runner.py:70 DeprecationWarning: This process (pid=40715) is multi-threaded, use of fork() may lead to deadlocks in the child.
[2024-09-10T08:23:36.375+0000] {standard_task_runner.py:104} INFO - Running: ['***', 'tasks', 'run', 'our_first_dag_V5', 'third_task', 'scheduled__2024-04-26T00:00:00+00:00', '--job-id', '9408', '--raw', '--subdir', 'DAGS_FOLDER/our_first_dag.py', '--cfg-path', '/tmp/tmpp0bm1r0q']
[2024-09-10T08:23:36.382+0000] {standard_task_runner.py:105} INFO - Job 9408: Subtask third_task
[2024-09-10T08:23:36.378+0000] {standard_task_runner.py:72} INFO - Started process 40733 to run task
[2024-09-10T08:23:36.533+0000] {task_command.py:467} INFO - Running <TaskInstance: our_first_dag_V5.third_task scheduled__2024-04-26T00:00:00+00:00 [running]> on host 5508ea9ebfaf
[2024-09-10T08:23:36.930+0000] {taskinstance.py:3131} INFO - Exporting env vars: AIRFLOW_CTX_DAG_OWNER='coder2j' AIRFLOW_CTX_DAG_ID='our_first_dag_V5' AIRFLOW_CTX_TASK_ID='third_task' AIRFLOW_CTX_EXECUTION_DATE='2024-04-26T00:00:00+00:00' AIRFLOW_CTX_TRY_NUMBER='1' AIRFLOW_CTX_DAG_RUN_ID='scheduled__2024-04-26T00:00:00+00:00'
[2024-09-10T08:23:36.934+0000] {taskinstance.py:731} INFO - ::endgroup::
[2024-09-10T08:23:36.980+0000] {subprocess.py:63} INFO - Tmp dir root location: /tmp
[2024-09-10T08:23:36.982+0000] {subprocess.py:75} INFO - Running command: ['/usr/bin/bash', '-c', 'echo hey, this is the third task!']
[2024-09-10T08:23:37.013+0000] {subprocess.py:86} INFO - Output:
[2024-09-10T08:23:37.017+0000] {subprocess.py:93} INFO - hey, this is the third task!
[2024-09-10T08:23:37.018+0000] {subprocess.py:97} INFO - Command exited with return code 0
[2024-09-10T08:23:37.092+0000] {taskinstance.py:340} INFO - ::group::Post task execution logs
[2024-09-10T08:23:37.094+0000] {taskinstance.py:352} INFO - Marking task as SUCCESS. dag_id=our_first_dag_V5, task_id=third_task, run_id=scheduled__2024-04-26T00:00:00+00:00, execution_date=20240426T000000, start_date=20240910T082336, end_date=20240910T082337
[2024-09-10T08:23:37.175+0000] {local_task_job_runner.py:266} INFO - Task exited with return code 0
[2024-09-10T08:23:37.219+0000] {local_task_job_runner.py:245} INFO - ::endgroup::
