[2024-09-12T02:25:41.402+0000] {local_task_job_runner.py:123} INFO - ::group::Pre task execution logs
[2024-09-12T02:25:41.475+0000] {taskinstance.py:2612} INFO - Dependencies all met for dep_context=non-requeueable deps ti=<TaskInstance: our_first_dag_V6.second_task scheduled__2024-03-03T00:00:00+00:00 [queued]>
[2024-09-12T02:25:41.520+0000] {taskinstance.py:2612} INFO - Dependencies all met for dep_context=requeueable deps ti=<TaskInstance: our_first_dag_V6.second_task scheduled__2024-03-03T00:00:00+00:00 [queued]>
[2024-09-12T02:25:41.522+0000] {taskinstance.py:2865} INFO - Starting attempt 1 of 6
[2024-09-12T02:25:41.617+0000] {taskinstance.py:2888} INFO - Executing <Task(BashOperator): second_task> on 2024-03-03 00:00:00+00:00
[2024-09-12T02:25:41.630+0000] {logging_mixin.py:190} WARNING - /home/***/.local/lib/python3.12/site-packages/***/task/task_runner/standard_task_runner.py:70 DeprecationWarning: This process (pid=12836) is multi-threaded, use of fork() may lead to deadlocks in the child.
[2024-09-12T02:25:41.633+0000] {standard_task_runner.py:72} INFO - Started process 12855 to run task
[2024-09-12T02:25:41.631+0000] {standard_task_runner.py:104} INFO - Running: ['***', 'tasks', 'run', 'our_first_dag_V6', 'second_task', 'scheduled__2024-03-03T00:00:00+00:00', '--job-id', '21289', '--raw', '--subdir', 'DAGS_FOLDER/our_first_dag.py', '--cfg-path', '/tmp/tmpdf681u87']
[2024-09-12T02:25:41.635+0000] {standard_task_runner.py:105} INFO - Job 21289: Subtask second_task
[2024-09-12T02:25:41.787+0000] {task_command.py:467} INFO - Running <TaskInstance: our_first_dag_V6.second_task scheduled__2024-03-03T00:00:00+00:00 [running]> on host 5508ea9ebfaf
[2024-09-12T02:25:42.302+0000] {taskinstance.py:3131} INFO - Exporting env vars: AIRFLOW_CTX_DAG_OWNER='acap' AIRFLOW_CTX_DAG_ID='our_first_dag_V6' AIRFLOW_CTX_TASK_ID='second_task' AIRFLOW_CTX_EXECUTION_DATE='2024-03-03T00:00:00+00:00' AIRFLOW_CTX_TRY_NUMBER='1' AIRFLOW_CTX_DAG_RUN_ID='scheduled__2024-03-03T00:00:00+00:00'
[2024-09-12T02:25:42.313+0000] {taskinstance.py:731} INFO - ::endgroup::
[2024-09-12T02:25:42.393+0000] {subprocess.py:63} INFO - Tmp dir root location: /tmp
[2024-09-12T02:25:42.398+0000] {subprocess.py:75} INFO - Running command: ['/usr/bin/bash', '-c', 'echo hey, this is the second task!']
[2024-09-12T02:25:42.426+0000] {subprocess.py:86} INFO - Output:
[2024-09-12T02:25:42.431+0000] {subprocess.py:93} INFO - hey, this is the second task!
[2024-09-12T02:25:42.432+0000] {subprocess.py:97} INFO - Command exited with return code 0
[2024-09-12T02:25:42.541+0000] {taskinstance.py:340} INFO - ::group::Post task execution logs
[2024-09-12T02:25:42.542+0000] {taskinstance.py:352} INFO - Marking task as SUCCESS. dag_id=our_first_dag_V6, task_id=second_task, run_id=scheduled__2024-03-03T00:00:00+00:00, execution_date=20240303T000000, start_date=20240912T022541, end_date=20240912T022542
[2024-09-12T02:25:42.747+0000] {local_task_job_runner.py:266} INFO - Task exited with return code 0
[2024-09-12T02:25:42.811+0000] {local_task_job_runner.py:245} INFO - ::endgroup::
