[2024-09-18T00:30:08.029+0000] {local_task_job_runner.py:123} INFO - ::group::Pre task execution logs
[2024-09-18T00:30:08.095+0000] {taskinstance.py:2612} INFO - Dependencies all met for dep_context=non-requeueable deps ti=<TaskInstance: our_first_dag_V6.first_task scheduled__2024-09-16T00:00:00+00:00 [queued]>
[2024-09-18T00:30:08.274+0000] {taskinstance.py:2612} INFO - Dependencies all met for dep_context=requeueable deps ti=<TaskInstance: our_first_dag_V6.first_task scheduled__2024-09-16T00:00:00+00:00 [queued]>
[2024-09-18T00:30:08.345+0000] {taskinstance.py:2865} INFO - Starting attempt 1 of 6
[2024-09-18T00:30:08.762+0000] {taskinstance.py:2888} INFO - Executing <Task(BashOperator): first_task> on 2024-09-16 00:00:00+00:00
[2024-09-18T00:30:08.876+0000] {logging_mixin.py:190} WARNING - /home/***/.local/lib/python3.12/site-packages/***/task/task_runner/standard_task_runner.py:70 DeprecationWarning: This process (pid=255) is multi-threaded, use of fork() may lead to deadlocks in the child.
[2024-09-18T00:30:08.910+0000] {standard_task_runner.py:72} INFO - Started process 282 to run task
[2024-09-18T00:30:08.878+0000] {standard_task_runner.py:104} INFO - Running: ['***', 'tasks', 'run', 'our_first_dag_V6', 'first_task', 'scheduled__2024-09-16T00:00:00+00:00', '--job-id', '21956', '--raw', '--subdir', 'DAGS_FOLDER/our_first_dag.py', '--cfg-path', '/tmp/tmpgi8el0nd']
[2024-09-18T00:30:08.963+0000] {standard_task_runner.py:105} INFO - Job 21956: Subtask first_task
[2024-09-18T00:30:11.017+0000] {task_command.py:467} INFO - Running <TaskInstance: our_first_dag_V6.first_task scheduled__2024-09-16T00:00:00+00:00 [running]> on host 5508ea9ebfaf
[2024-09-18T00:30:11.906+0000] {taskinstance.py:3131} INFO - Exporting env vars: AIRFLOW_CTX_DAG_OWNER='acap' AIRFLOW_CTX_DAG_ID='our_first_dag_V6' AIRFLOW_CTX_TASK_ID='first_task' AIRFLOW_CTX_EXECUTION_DATE='2024-09-16T00:00:00+00:00' AIRFLOW_CTX_TRY_NUMBER='1' AIRFLOW_CTX_DAG_RUN_ID='scheduled__2024-09-16T00:00:00+00:00'
[2024-09-18T00:30:11.920+0000] {taskinstance.py:731} INFO - ::endgroup::
[2024-09-18T00:30:12.050+0000] {subprocess.py:63} INFO - Tmp dir root location: /tmp
[2024-09-18T00:30:12.081+0000] {subprocess.py:75} INFO - Running command: ['/usr/bin/bash', '-c', 'echo hello world, this is the first task!']
[2024-09-18T00:30:12.180+0000] {subprocess.py:86} INFO - Output:
[2024-09-18T00:30:12.199+0000] {subprocess.py:93} INFO - hello world, this is the first task!
[2024-09-18T00:30:12.215+0000] {subprocess.py:97} INFO - Command exited with return code 0
[2024-09-18T00:30:12.380+0000] {taskinstance.py:340} INFO - ::group::Post task execution logs
[2024-09-18T00:30:12.385+0000] {taskinstance.py:352} INFO - Marking task as SUCCESS. dag_id=our_first_dag_V6, task_id=first_task, run_id=scheduled__2024-09-16T00:00:00+00:00, execution_date=20240916T000000, start_date=20240918T003008, end_date=20240918T003012
[2024-09-18T00:30:12.551+0000] {local_task_job_runner.py:266} INFO - Task exited with return code 0
[2024-09-18T00:30:12.610+0000] {local_task_job_runner.py:245} INFO - ::endgroup::
