[2024-09-18T02:36:53.622+0000] {local_task_job_runner.py:123} INFO - ::group::Pre task execution logs
[2024-09-18T02:36:53.644+0000] {taskinstance.py:2612} INFO - Dependencies all met for dep_context=non-requeueable deps ti=<TaskInstance: dag_with_postgres_operator_v03.insert_into_table scheduled__2024-09-10T00:00:00+00:00 [queued]>
[2024-09-18T02:36:53.657+0000] {taskinstance.py:2612} INFO - Dependencies all met for dep_context=requeueable deps ti=<TaskInstance: dag_with_postgres_operator_v03.insert_into_table scheduled__2024-09-10T00:00:00+00:00 [queued]>
[2024-09-18T02:36:53.658+0000] {taskinstance.py:2865} INFO - Starting attempt 1 of 6
[2024-09-18T02:36:53.696+0000] {taskinstance.py:2888} INFO - Executing <Task(PostgresOperator): insert_into_table> on 2024-09-10 00:00:00+00:00
[2024-09-18T02:36:53.705+0000] {logging_mixin.py:190} WARNING - /home/***/.local/lib/python3.12/site-packages/***/task/task_runner/standard_task_runner.py:70 DeprecationWarning: This process (pid=2374) is multi-threaded, use of fork() may lead to deadlocks in the child.
[2024-09-18T02:36:53.706+0000] {standard_task_runner.py:72} INFO - Started process 2383 to run task
[2024-09-18T02:36:53.705+0000] {standard_task_runner.py:104} INFO - Running: ['***', 'tasks', 'run', 'dag_with_postgres_operator_v03', 'insert_into_table', 'scheduled__2024-09-10T00:00:00+00:00', '--job-id', '22168', '--raw', '--subdir', 'DAGS_FOLDER/dag_with_postgres_operator.py', '--cfg-path', '/tmp/tmpmxkilnyt']
[2024-09-18T02:36:53.707+0000] {standard_task_runner.py:105} INFO - Job 22168: Subtask insert_into_table
[2024-09-18T02:36:53.765+0000] {task_command.py:467} INFO - Running <TaskInstance: dag_with_postgres_operator_v03.insert_into_table scheduled__2024-09-10T00:00:00+00:00 [running]> on host 5508ea9ebfaf
[2024-09-18T02:36:53.891+0000] {taskinstance.py:3131} INFO - Exporting env vars: AIRFLOW_CTX_DAG_OWNER='coder2j' AIRFLOW_CTX_DAG_ID='dag_with_postgres_operator_v03' AIRFLOW_CTX_TASK_ID='insert_into_table' AIRFLOW_CTX_EXECUTION_DATE='2024-09-10T00:00:00+00:00' AIRFLOW_CTX_TRY_NUMBER='1' AIRFLOW_CTX_DAG_RUN_ID='scheduled__2024-09-10T00:00:00+00:00'
[2024-09-18T02:36:53.892+0000] {taskinstance.py:731} INFO - ::endgroup::
[2024-09-18T02:36:53.914+0000] {sql.py:266} INFO - Executing: 
                insert into dag_runs (dt, dag_id) values ('2024-09-10', 'dag_with_postgres_operator_v03')
            
[2024-09-18T02:36:53.922+0000] {base.py:84} INFO - Retrieving connection 'postgres_localhost'
[2024-09-18T02:36:53.930+0000] {base.py:84} INFO - Retrieving connection 'postgres_localhost'
[2024-09-18T02:36:53.939+0000] {sql.py:509} INFO - Running statement: 
                insert into dag_runs (dt, dag_id) values ('2024-09-10', 'dag_with_postgres_operator_v03')
            , parameters: None
[2024-09-18T02:36:53.942+0000] {sql.py:518} INFO - Rows affected: 1
[2024-09-18T02:36:53.958+0000] {taskinstance.py:340} INFO - ::group::Post task execution logs
[2024-09-18T02:36:53.959+0000] {taskinstance.py:352} INFO - Marking task as SUCCESS. dag_id=dag_with_postgres_operator_v03, task_id=insert_into_table, run_id=scheduled__2024-09-10T00:00:00+00:00, execution_date=20240910T000000, start_date=20240918T023653, end_date=20240918T023653
[2024-09-18T02:36:54.002+0000] {local_task_job_runner.py:266} INFO - Task exited with return code 0
[2024-09-18T02:36:54.015+0000] {taskinstance.py:3900} INFO - 0 downstream tasks scheduled from follow-on schedule check
[2024-09-18T02:36:54.019+0000] {local_task_job_runner.py:245} INFO - ::endgroup::
