[2024-09-12T02:18:34.316+0000] {local_task_job_runner.py:123} INFO - ::group::Pre task execution logs
[2024-09-12T02:18:34.437+0000] {taskinstance.py:2612} INFO - Dependencies all met for dep_context=non-requeueable deps ti=<TaskInstance: dag_with_catchup_backfill_v01.task1 scheduled__2021-11-18T00:00:00+00:00 [queued]>
[2024-09-12T02:18:34.485+0000] {taskinstance.py:2612} INFO - Dependencies all met for dep_context=requeueable deps ti=<TaskInstance: dag_with_catchup_backfill_v01.task1 scheduled__2021-11-18T00:00:00+00:00 [queued]>
[2024-09-12T02:18:34.487+0000] {taskinstance.py:2865} INFO - Starting attempt 1 of 6
[2024-09-12T02:18:34.558+0000] {taskinstance.py:2888} INFO - Executing <Task(BashOperator): task1> on 2021-11-18 00:00:00+00:00
[2024-09-12T02:18:34.584+0000] {standard_task_runner.py:104} INFO - Running: ['***', 'tasks', 'run', 'dag_with_catchup_backfill_v01', 'task1', 'scheduled__2021-11-18T00:00:00+00:00', '--job-id', '19353', '--raw', '--subdir', 'DAGS_FOLDER/dag_with_catchup_and_backfill.py', '--cfg-path', '/tmp/tmpuvr28kay']
[2024-09-12T02:18:34.601+0000] {standard_task_runner.py:105} INFO - Job 19353: Subtask task1
[2024-09-12T02:18:34.587+0000] {logging_mixin.py:190} WARNING - /home/***/.local/lib/python3.12/site-packages/***/task/task_runner/standard_task_runner.py:70 DeprecationWarning: This process (pid=4722) is multi-threaded, use of fork() may lead to deadlocks in the child.
[2024-09-12T02:18:34.614+0000] {standard_task_runner.py:72} INFO - Started process 4741 to run task
[2024-09-12T02:18:34.947+0000] {task_command.py:467} INFO - Running <TaskInstance: dag_with_catchup_backfill_v01.task1 scheduled__2021-11-18T00:00:00+00:00 [running]> on host 5508ea9ebfaf
[2024-09-12T02:18:35.413+0000] {taskinstance.py:3131} INFO - Exporting env vars: AIRFLOW_CTX_DAG_OWNER='coder2j' AIRFLOW_CTX_DAG_ID='dag_with_catchup_backfill_v01' AIRFLOW_CTX_TASK_ID='task1' AIRFLOW_CTX_EXECUTION_DATE='2021-11-18T00:00:00+00:00' AIRFLOW_CTX_TRY_NUMBER='1' AIRFLOW_CTX_DAG_RUN_ID='scheduled__2021-11-18T00:00:00+00:00'
[2024-09-12T02:18:35.423+0000] {taskinstance.py:731} INFO - ::endgroup::
[2024-09-12T02:18:35.605+0000] {subprocess.py:63} INFO - Tmp dir root location: /tmp
[2024-09-12T02:18:35.616+0000] {subprocess.py:75} INFO - Running command: ['/usr/bin/bash', '-c', 'echo This is a simple bash command!']
[2024-09-12T02:18:35.643+0000] {subprocess.py:86} INFO - Output:
[2024-09-12T02:18:35.644+0000] {subprocess.py:93} INFO - This is a simple bash command!
[2024-09-12T02:18:35.649+0000] {subprocess.py:97} INFO - Command exited with return code 0
[2024-09-12T02:18:35.713+0000] {taskinstance.py:340} INFO - ::group::Post task execution logs
[2024-09-12T02:18:35.719+0000] {taskinstance.py:352} INFO - Marking task as SUCCESS. dag_id=dag_with_catchup_backfill_v01, task_id=task1, run_id=scheduled__2021-11-18T00:00:00+00:00, execution_date=20211118T000000, start_date=20240912T021834, end_date=20240912T021835
[2024-09-12T02:18:35.907+0000] {local_task_job_runner.py:266} INFO - Task exited with return code 0
[2024-09-12T02:18:35.949+0000] {taskinstance.py:3900} INFO - 0 downstream tasks scheduled from follow-on schedule check
[2024-09-12T02:18:35.961+0000] {local_task_job_runner.py:245} INFO - ::endgroup::
