[2024-09-10T07:34:22.185+0000] {local_task_job_runner.py:123} INFO - ::group::Pre task execution logs
[2024-09-10T07:34:22.212+0000] {taskinstance.py:2612} INFO - Dependencies all met for dep_context=non-requeueable deps ti=<TaskInstance: our_first_dag_V3.first_task scheduled__2024-01-02T00:00:00+00:00 [queued]>
[2024-09-10T07:34:22.221+0000] {taskinstance.py:2612} INFO - Dependencies all met for dep_context=requeueable deps ti=<TaskInstance: our_first_dag_V3.first_task scheduled__2024-01-02T00:00:00+00:00 [queued]>
[2024-09-10T07:34:22.225+0000] {taskinstance.py:2865} INFO - Starting attempt 1 of 6
[2024-09-10T07:34:22.302+0000] {taskinstance.py:2888} INFO - Executing <Task(BashOperator): first_task> on 2024-01-02 00:00:00+00:00
[2024-09-10T07:34:22.312+0000] {logging_mixin.py:190} WARNING - /home/***/.local/lib/python3.12/site-packages/***/task/task_runner/standard_task_runner.py:70 DeprecationWarning: This process (pid=22403) is multi-threaded, use of fork() may lead to deadlocks in the child.
[2024-09-10T07:34:22.311+0000] {standard_task_runner.py:104} INFO - Running: ['***', 'tasks', 'run', 'our_first_dag_V3', 'first_task', 'scheduled__2024-01-02T00:00:00+00:00', '--job-id', '5104', '--raw', '--subdir', 'DAGS_FOLDER/our_first_dag.py', '--cfg-path', '/tmp/tmp5w9vcp2e']
[2024-09-10T07:34:22.313+0000] {standard_task_runner.py:72} INFO - Started process 22413 to run task
[2024-09-10T07:34:22.314+0000] {standard_task_runner.py:105} INFO - Job 5104: Subtask first_task
[2024-09-10T07:34:22.427+0000] {task_command.py:467} INFO - Running <TaskInstance: our_first_dag_V3.first_task scheduled__2024-01-02T00:00:00+00:00 [running]> on host 5508ea9ebfaf
[2024-09-10T07:34:22.607+0000] {taskinstance.py:3131} INFO - Exporting env vars: AIRFLOW_CTX_DAG_OWNER='coder2j' AIRFLOW_CTX_DAG_ID='our_first_dag_V3' AIRFLOW_CTX_TASK_ID='first_task' AIRFLOW_CTX_EXECUTION_DATE='2024-01-02T00:00:00+00:00' AIRFLOW_CTX_TRY_NUMBER='1' AIRFLOW_CTX_DAG_RUN_ID='scheduled__2024-01-02T00:00:00+00:00'
[2024-09-10T07:34:22.613+0000] {taskinstance.py:731} INFO - ::endgroup::
[2024-09-10T07:34:22.634+0000] {subprocess.py:63} INFO - Tmp dir root location: /tmp
[2024-09-10T07:34:22.636+0000] {subprocess.py:75} INFO - Running command: ['/usr/bin/bash', '-c', 'echo hello world, this is the first task!']
[2024-09-10T07:34:22.649+0000] {subprocess.py:86} INFO - Output:
[2024-09-10T07:34:22.652+0000] {subprocess.py:93} INFO - hello world, this is the first task!
[2024-09-10T07:34:22.652+0000] {subprocess.py:97} INFO - Command exited with return code 0
[2024-09-10T07:34:22.710+0000] {taskinstance.py:340} INFO - ::group::Post task execution logs
[2024-09-10T07:34:22.712+0000] {taskinstance.py:352} INFO - Marking task as SUCCESS. dag_id=our_first_dag_V3, task_id=first_task, run_id=scheduled__2024-01-02T00:00:00+00:00, execution_date=20240102T000000, start_date=20240910T073422, end_date=20240910T073422
[2024-09-10T07:34:22.817+0000] {local_task_job_runner.py:266} INFO - Task exited with return code 0
[2024-09-10T07:34:22.836+0000] {local_task_job_runner.py:245} INFO - ::endgroup::
