[2024-09-12T02:18:21.424+0000] {local_task_job_runner.py:123} INFO - ::group::Pre task execution logs
[2024-09-12T02:18:21.462+0000] {taskinstance.py:2612} INFO - Dependencies all met for dep_context=non-requeueable deps ti=<TaskInstance: dag_with_catchup_backfill_v01.task1 scheduled__2021-10-31T00:00:00+00:00 [queued]>
[2024-09-12T02:18:21.479+0000] {taskinstance.py:2612} INFO - Dependencies all met for dep_context=requeueable deps ti=<TaskInstance: dag_with_catchup_backfill_v01.task1 scheduled__2021-10-31T00:00:00+00:00 [queued]>
[2024-09-12T02:18:21.480+0000] {taskinstance.py:2865} INFO - Starting attempt 1 of 6
[2024-09-12T02:18:21.589+0000] {taskinstance.py:2888} INFO - Executing <Task(BashOperator): task1> on 2021-10-31 00:00:00+00:00
[2024-09-12T02:18:21.604+0000] {logging_mixin.py:190} WARNING - /home/***/.local/lib/python3.12/site-packages/***/task/task_runner/standard_task_runner.py:70 DeprecationWarning: This process (pid=4435) is multi-threaded, use of fork() may lead to deadlocks in the child.
[2024-09-12T02:18:21.607+0000] {standard_task_runner.py:72} INFO - Started process 4447 to run task
[2024-09-12T02:18:21.605+0000] {standard_task_runner.py:104} INFO - Running: ['***', 'tasks', 'run', 'dag_with_catchup_backfill_v01', 'task1', 'scheduled__2021-10-31T00:00:00+00:00', '--job-id', '19283', '--raw', '--subdir', 'DAGS_FOLDER/dag_with_catchup_and_backfill.py', '--cfg-path', '/tmp/tmpm6ccr6_v']
[2024-09-12T02:18:21.615+0000] {standard_task_runner.py:105} INFO - Job 19283: Subtask task1
[2024-09-12T02:18:21.741+0000] {task_command.py:467} INFO - Running <TaskInstance: dag_with_catchup_backfill_v01.task1 scheduled__2021-10-31T00:00:00+00:00 [running]> on host 5508ea9ebfaf
[2024-09-12T02:18:21.922+0000] {taskinstance.py:3131} INFO - Exporting env vars: AIRFLOW_CTX_DAG_OWNER='coder2j' AIRFLOW_CTX_DAG_ID='dag_with_catchup_backfill_v01' AIRFLOW_CTX_TASK_ID='task1' AIRFLOW_CTX_EXECUTION_DATE='2021-10-31T00:00:00+00:00' AIRFLOW_CTX_TRY_NUMBER='1' AIRFLOW_CTX_DAG_RUN_ID='scheduled__2021-10-31T00:00:00+00:00'
[2024-09-12T02:18:21.926+0000] {taskinstance.py:731} INFO - ::endgroup::
[2024-09-12T02:18:21.987+0000] {subprocess.py:63} INFO - Tmp dir root location: /tmp
[2024-09-12T02:18:21.989+0000] {subprocess.py:75} INFO - Running command: ['/usr/bin/bash', '-c', 'echo This is a simple bash command!']
[2024-09-12T02:18:22.023+0000] {subprocess.py:86} INFO - Output:
[2024-09-12T02:18:22.028+0000] {subprocess.py:93} INFO - This is a simple bash command!
[2024-09-12T02:18:22.030+0000] {subprocess.py:97} INFO - Command exited with return code 0
[2024-09-12T02:18:22.100+0000] {taskinstance.py:340} INFO - ::group::Post task execution logs
[2024-09-12T02:18:22.102+0000] {taskinstance.py:352} INFO - Marking task as SUCCESS. dag_id=dag_with_catchup_backfill_v01, task_id=task1, run_id=scheduled__2021-10-31T00:00:00+00:00, execution_date=20211031T000000, start_date=20240912T021821, end_date=20240912T021822
[2024-09-12T02:18:22.206+0000] {local_task_job_runner.py:266} INFO - Task exited with return code 0
[2024-09-12T02:18:22.227+0000] {local_task_job_runner.py:245} INFO - ::endgroup::
