[2024-09-25T07:39:36.537+0000] {local_task_job_runner.py:123} INFO - ::group::Pre task execution logs
[2024-09-25T07:39:36.643+0000] {taskinstance.py:2612} INFO - Dependencies all met for dep_context=non-requeueable deps ti=<TaskInstance: dag_with_postgres_operator_v03.create_postgres_table scheduled__2024-09-24T00:00:00+00:00 [queued]>
[2024-09-25T07:39:36.731+0000] {taskinstance.py:2612} INFO - Dependencies all met for dep_context=requeueable deps ti=<TaskInstance: dag_with_postgres_operator_v03.create_postgres_table scheduled__2024-09-24T00:00:00+00:00 [queued]>
[2024-09-25T07:39:36.735+0000] {taskinstance.py:2865} INFO - Starting attempt 1 of 6
[2024-09-25T07:39:37.426+0000] {taskinstance.py:2888} INFO - Executing <Task(PostgresOperator): create_postgres_table> on 2024-09-24 00:00:00+00:00
[2024-09-25T07:39:37.452+0000] {standard_task_runner.py:104} INFO - Running: ['***', 'tasks', 'run', 'dag_with_postgres_operator_v03', 'create_postgres_table', 'scheduled__2024-09-24T00:00:00+00:00', '--job-id', '22694', '--raw', '--subdir', 'DAGS_FOLDER/dag_with_postgres_operator.py', '--cfg-path', '/tmp/tmpgapy4poo']
[2024-09-25T07:39:37.472+0000] {standard_task_runner.py:105} INFO - Job 22694: Subtask create_postgres_table
[2024-09-25T07:39:37.475+0000] {logging_mixin.py:190} WARNING - /home/***/.local/lib/python3.12/site-packages/***/task/task_runner/standard_task_runner.py:70 DeprecationWarning: This process (pid=189) is multi-threaded, use of fork() may lead to deadlocks in the child.
[2024-09-25T07:39:37.494+0000] {standard_task_runner.py:72} INFO - Started process 219 to run task
[2024-09-25T07:39:37.953+0000] {task_command.py:467} INFO - Running <TaskInstance: dag_with_postgres_operator_v03.create_postgres_table scheduled__2024-09-24T00:00:00+00:00 [running]> on host ced43fa3e256
[2024-09-25T07:39:38.601+0000] {taskinstance.py:3131} INFO - Exporting env vars: AIRFLOW_CTX_DAG_OWNER='coder2j' AIRFLOW_CTX_DAG_ID='dag_with_postgres_operator_v03' AIRFLOW_CTX_TASK_ID='create_postgres_table' AIRFLOW_CTX_EXECUTION_DATE='2024-09-24T00:00:00+00:00' AIRFLOW_CTX_TRY_NUMBER='1' AIRFLOW_CTX_DAG_RUN_ID='scheduled__2024-09-24T00:00:00+00:00'
[2024-09-25T07:39:38.619+0000] {taskinstance.py:731} INFO - ::endgroup::
[2024-09-25T07:39:38.777+0000] {sql.py:266} INFO - Executing: 
            create table if not exists dag_runs (
                dt date,
                dag_id character varying,
                primary key (dt, dag_id)
            )
        
[2024-09-25T07:39:38.860+0000] {base.py:84} INFO - Retrieving connection 'postgres_localhost'
[2024-09-25T07:39:39.002+0000] {base.py:84} INFO - Retrieving connection 'postgres_localhost'
[2024-09-25T07:39:39.176+0000] {sql.py:509} INFO - Running statement: 
            create table if not exists dag_runs (
                dt date,
                dag_id character varying,
                primary key (dt, dag_id)
            )
        , parameters: None
[2024-09-25T07:39:39.247+0000] {taskinstance.py:340} INFO - ::group::Post task execution logs
[2024-09-25T07:39:39.248+0000] {taskinstance.py:352} INFO - Marking task as SUCCESS. dag_id=dag_with_postgres_operator_v03, task_id=create_postgres_table, run_id=scheduled__2024-09-24T00:00:00+00:00, execution_date=20240924T000000, start_date=20240925T073936, end_date=20240925T073939
[2024-09-25T07:39:39.419+0000] {local_task_job_runner.py:266} INFO - Task exited with return code 0
[2024-09-25T07:39:39.493+0000] {local_task_job_runner.py:245} INFO - ::endgroup::
