[2024-09-12T02:54:55.152+0000] {local_task_job_runner.py:123} INFO - ::group::Pre task execution logs
[2024-09-12T02:54:55.182+0000] {taskinstance.py:2612} INFO - Dependencies all met for dep_context=non-requeueable deps ti=<TaskInstance: dag_with_cron_expression_v03.task1 scheduled__2024-09-10T00:00:00+00:00 [queued]>
[2024-09-12T02:54:55.193+0000] {taskinstance.py:2612} INFO - Dependencies all met for dep_context=requeueable deps ti=<TaskInstance: dag_with_cron_expression_v03.task1 scheduled__2024-09-10T00:00:00+00:00 [queued]>
[2024-09-12T02:54:55.194+0000] {taskinstance.py:2865} INFO - Starting attempt 1 of 6
[2024-09-12T02:54:55.220+0000] {taskinstance.py:2888} INFO - Executing <Task(BashOperator): task1> on 2024-09-10 00:00:00+00:00
[2024-09-12T02:54:55.233+0000] {standard_task_runner.py:104} INFO - Running: ['***', 'tasks', 'run', 'dag_with_cron_expression_v03', 'task1', 'scheduled__2024-09-10T00:00:00+00:00', '--job-id', '21892', '--raw', '--subdir', 'DAGS_FOLDER/dag_with_cron_expression.py', '--cfg-path', '/tmp/tmpkb08ybxo']
[2024-09-12T02:54:55.235+0000] {standard_task_runner.py:105} INFO - Job 21892: Subtask task1
[2024-09-12T02:54:55.236+0000] {logging_mixin.py:190} WARNING - /home/***/.local/lib/python3.12/site-packages/***/task/task_runner/standard_task_runner.py:70 DeprecationWarning: This process (pid=418) is multi-threaded, use of fork() may lead to deadlocks in the child.
[2024-09-12T02:54:55.236+0000] {standard_task_runner.py:72} INFO - Started process 426 to run task
[2024-09-12T02:54:55.309+0000] {task_command.py:467} INFO - Running <TaskInstance: dag_with_cron_expression_v03.task1 scheduled__2024-09-10T00:00:00+00:00 [running]> on host 5508ea9ebfaf
[2024-09-12T02:54:55.435+0000] {taskinstance.py:3131} INFO - Exporting env vars: AIRFLOW_CTX_DAG_OWNER='coder2j' AIRFLOW_CTX_DAG_ID='dag_with_cron_expression_v03' AIRFLOW_CTX_TASK_ID='task1' AIRFLOW_CTX_EXECUTION_DATE='2024-09-10T00:00:00+00:00' AIRFLOW_CTX_TRY_NUMBER='1' AIRFLOW_CTX_DAG_RUN_ID='scheduled__2024-09-10T00:00:00+00:00'
[2024-09-12T02:54:55.437+0000] {taskinstance.py:731} INFO - ::endgroup::
[2024-09-12T02:54:55.460+0000] {subprocess.py:63} INFO - Tmp dir root location: /tmp
[2024-09-12T02:54:55.461+0000] {subprocess.py:75} INFO - Running command: ['/usr/bin/bash', '-c', 'echo dag with cron expression!']
[2024-09-12T02:54:55.472+0000] {subprocess.py:86} INFO - Output:
[2024-09-12T02:54:55.475+0000] {subprocess.py:93} INFO - dag with cron expression!
[2024-09-12T02:54:55.476+0000] {subprocess.py:97} INFO - Command exited with return code 0
[2024-09-12T02:54:55.510+0000] {taskinstance.py:340} INFO - ::group::Post task execution logs
[2024-09-12T02:54:55.511+0000] {taskinstance.py:352} INFO - Marking task as SUCCESS. dag_id=dag_with_cron_expression_v03, task_id=task1, run_id=scheduled__2024-09-10T00:00:00+00:00, execution_date=20240910T000000, start_date=20240912T025455, end_date=20240912T025455
[2024-09-12T02:54:55.576+0000] {local_task_job_runner.py:266} INFO - Task exited with return code 0
[2024-09-12T02:54:55.597+0000] {taskinstance.py:3900} INFO - 0 downstream tasks scheduled from follow-on schedule check
[2024-09-12T02:54:55.608+0000] {local_task_job_runner.py:245} INFO - ::endgroup::
