[2024-09-10T07:22:38.553+0000] {local_task_job_runner.py:123} INFO - ::group::Pre task execution logs
[2024-09-10T07:22:38.570+0000] {taskinstance.py:2612} INFO - Dependencies all met for dep_context=non-requeueable deps ti=<TaskInstance: our_first_dag_V2.first_task scheduled__2023-04-25T00:00:00+00:00 [queued]>
[2024-09-10T07:22:38.579+0000] {taskinstance.py:2612} INFO - Dependencies all met for dep_context=requeueable deps ti=<TaskInstance: our_first_dag_V2.first_task scheduled__2023-04-25T00:00:00+00:00 [queued]>
[2024-09-10T07:22:38.580+0000] {taskinstance.py:2865} INFO - Starting attempt 1 of 6
[2024-09-10T07:22:38.659+0000] {taskinstance.py:2888} INFO - Executing <Task(BashOperator): first_task> on 2023-04-25 00:00:00+00:00
[2024-09-10T07:22:38.670+0000] {logging_mixin.py:190} WARNING - /home/***/.local/lib/python3.12/site-packages/***/task/task_runner/standard_task_runner.py:70 DeprecationWarning: This process (pid=10207) is multi-threaded, use of fork() may lead to deadlocks in the child.
[2024-09-10T07:22:38.671+0000] {standard_task_runner.py:72} INFO - Started process 10215 to run task
[2024-09-10T07:22:38.671+0000] {standard_task_runner.py:104} INFO - Running: ['***', 'tasks', 'run', 'our_first_dag_V2', 'first_task', 'scheduled__2023-04-25T00:00:00+00:00', '--job-id', '2123', '--raw', '--subdir', 'DAGS_FOLDER/our_first_dag.py', '--cfg-path', '/tmp/tmp55cww40b']
[2024-09-10T07:22:38.674+0000] {standard_task_runner.py:105} INFO - Job 2123: Subtask first_task
[2024-09-10T07:22:38.744+0000] {task_command.py:467} INFO - Running <TaskInstance: our_first_dag_V2.first_task scheduled__2023-04-25T00:00:00+00:00 [running]> on host 5508ea9ebfaf
[2024-09-10T07:22:38.897+0000] {taskinstance.py:3131} INFO - Exporting env vars: AIRFLOW_CTX_DAG_OWNER='coder2j' AIRFLOW_CTX_DAG_ID='our_first_dag_V2' AIRFLOW_CTX_TASK_ID='first_task' AIRFLOW_CTX_EXECUTION_DATE='2023-04-25T00:00:00+00:00' AIRFLOW_CTX_TRY_NUMBER='1' AIRFLOW_CTX_DAG_RUN_ID='scheduled__2023-04-25T00:00:00+00:00'
[2024-09-10T07:22:38.900+0000] {taskinstance.py:731} INFO - ::endgroup::
[2024-09-10T07:22:38.939+0000] {subprocess.py:63} INFO - Tmp dir root location: /tmp
[2024-09-10T07:22:38.941+0000] {subprocess.py:75} INFO - Running command: ['/usr/bin/bash', '-c', 'echo hello world, this is the first task!']
[2024-09-10T07:22:38.958+0000] {subprocess.py:86} INFO - Output:
[2024-09-10T07:22:38.959+0000] {subprocess.py:93} INFO - hello world, this is the first task!
[2024-09-10T07:22:38.960+0000] {subprocess.py:97} INFO - Command exited with return code 0
[2024-09-10T07:22:39.011+0000] {taskinstance.py:340} INFO - ::group::Post task execution logs
[2024-09-10T07:22:39.012+0000] {taskinstance.py:352} INFO - Marking task as SUCCESS. dag_id=our_first_dag_V2, task_id=first_task, run_id=scheduled__2023-04-25T00:00:00+00:00, execution_date=20230425T000000, start_date=20240910T072238, end_date=20240910T072239
[2024-09-10T07:22:39.092+0000] {local_task_job_runner.py:266} INFO - Task exited with return code 0
[2024-09-10T07:22:39.104+0000] {local_task_job_runner.py:245} INFO - ::endgroup::
