[2024-09-10T08:23:11.971+0000] {local_task_job_runner.py:123} INFO - ::group::Pre task execution logs
[2024-09-10T08:23:12.009+0000] {taskinstance.py:2612} INFO - Dependencies all met for dep_context=non-requeueable deps ti=<TaskInstance: our_first_dag_V5.first_task scheduled__2024-04-01T00:00:00+00:00 [queued]>
[2024-09-10T08:23:12.034+0000] {taskinstance.py:2612} INFO - Dependencies all met for dep_context=requeueable deps ti=<TaskInstance: our_first_dag_V5.first_task scheduled__2024-04-01T00:00:00+00:00 [queued]>
[2024-09-10T08:23:12.035+0000] {taskinstance.py:2865} INFO - Starting attempt 1 of 6
[2024-09-10T08:23:12.098+0000] {taskinstance.py:2888} INFO - Executing <Task(BashOperator): first_task> on 2024-04-01 00:00:00+00:00
[2024-09-10T08:23:12.108+0000] {logging_mixin.py:190} WARNING - /home/***/.local/lib/python3.12/site-packages/***/task/task_runner/standard_task_runner.py:70 DeprecationWarning: This process (pid=40355) is multi-threaded, use of fork() may lead to deadlocks in the child.
[2024-09-10T08:23:12.111+0000] {standard_task_runner.py:72} INFO - Started process 40370 to run task
[2024-09-10T08:23:12.109+0000] {standard_task_runner.py:104} INFO - Running: ['***', 'tasks', 'run', 'our_first_dag_V5', 'first_task', 'scheduled__2024-04-01T00:00:00+00:00', '--job-id', '9319', '--raw', '--subdir', 'DAGS_FOLDER/our_first_dag.py', '--cfg-path', '/tmp/tmpbehn91mb']
[2024-09-10T08:23:12.114+0000] {standard_task_runner.py:105} INFO - Job 9319: Subtask first_task
[2024-09-10T08:23:12.224+0000] {task_command.py:467} INFO - Running <TaskInstance: our_first_dag_V5.first_task scheduled__2024-04-01T00:00:00+00:00 [running]> on host 5508ea9ebfaf
[2024-09-10T08:23:12.495+0000] {taskinstance.py:3131} INFO - Exporting env vars: AIRFLOW_CTX_DAG_OWNER='coder2j' AIRFLOW_CTX_DAG_ID='our_first_dag_V5' AIRFLOW_CTX_TASK_ID='first_task' AIRFLOW_CTX_EXECUTION_DATE='2024-04-01T00:00:00+00:00' AIRFLOW_CTX_TRY_NUMBER='1' AIRFLOW_CTX_DAG_RUN_ID='scheduled__2024-04-01T00:00:00+00:00'
[2024-09-10T08:23:12.499+0000] {taskinstance.py:731} INFO - ::endgroup::
[2024-09-10T08:23:12.537+0000] {subprocess.py:63} INFO - Tmp dir root location: /tmp
[2024-09-10T08:23:12.543+0000] {subprocess.py:75} INFO - Running command: ['/usr/bin/bash', '-c', 'echo hello world, this is the first task!']
[2024-09-10T08:23:12.598+0000] {subprocess.py:86} INFO - Output:
[2024-09-10T08:23:12.600+0000] {subprocess.py:93} INFO - hello world, this is the first task!
[2024-09-10T08:23:12.600+0000] {subprocess.py:97} INFO - Command exited with return code 0
[2024-09-10T08:23:12.674+0000] {taskinstance.py:340} INFO - ::group::Post task execution logs
[2024-09-10T08:23:12.675+0000] {taskinstance.py:352} INFO - Marking task as SUCCESS. dag_id=our_first_dag_V5, task_id=first_task, run_id=scheduled__2024-04-01T00:00:00+00:00, execution_date=20240401T000000, start_date=20240910T082312, end_date=20240910T082312
[2024-09-10T08:23:12.827+0000] {local_task_job_runner.py:266} INFO - Task exited with return code 0
[2024-09-10T08:23:12.879+0000] {taskinstance.py:3900} INFO - 2 downstream tasks scheduled from follow-on schedule check
[2024-09-10T08:23:12.895+0000] {local_task_job_runner.py:245} INFO - ::endgroup::
