[2024-09-10T07:32:07.913+0000] {local_task_job_runner.py:123} INFO - ::group::Pre task execution logs
[2024-09-10T07:32:07.929+0000] {taskinstance.py:2612} INFO - Dependencies all met for dep_context=non-requeueable deps ti=<TaskInstance: our_first_dag_V3.second_task scheduled__2023-06-22T00:00:00+00:00 [queued]>
[2024-09-10T07:32:07.943+0000] {taskinstance.py:2612} INFO - Dependencies all met for dep_context=requeueable deps ti=<TaskInstance: our_first_dag_V3.second_task scheduled__2023-06-22T00:00:00+00:00 [queued]>
[2024-09-10T07:32:07.943+0000] {taskinstance.py:2865} INFO - Starting attempt 1 of 6
[2024-09-10T07:32:07.966+0000] {taskinstance.py:2888} INFO - Executing <Task(BashOperator): second_task> on 2023-06-22 00:00:00+00:00
[2024-09-10T07:32:07.975+0000] {logging_mixin.py:190} WARNING - /home/***/.local/lib/python3.12/site-packages/***/task/task_runner/standard_task_runner.py:70 DeprecationWarning: This process (pid=20083) is multi-threaded, use of fork() may lead to deadlocks in the child.
[2024-09-10T07:32:07.976+0000] {standard_task_runner.py:72} INFO - Started process 20088 to run task
[2024-09-10T07:32:07.975+0000] {standard_task_runner.py:104} INFO - Running: ['***', 'tasks', 'run', 'our_first_dag_V3', 'second_task', 'scheduled__2023-06-22T00:00:00+00:00', '--job-id', '4535', '--raw', '--subdir', 'DAGS_FOLDER/our_first_dag.py', '--cfg-path', '/tmp/tmpuz1t38u3']
[2024-09-10T07:32:07.977+0000] {standard_task_runner.py:105} INFO - Job 4535: Subtask second_task
[2024-09-10T07:32:08.038+0000] {task_command.py:467} INFO - Running <TaskInstance: our_first_dag_V3.second_task scheduled__2023-06-22T00:00:00+00:00 [running]> on host 5508ea9ebfaf
[2024-09-10T07:32:08.148+0000] {taskinstance.py:3131} INFO - Exporting env vars: AIRFLOW_CTX_DAG_OWNER='coder2j' AIRFLOW_CTX_DAG_ID='our_first_dag_V3' AIRFLOW_CTX_TASK_ID='second_task' AIRFLOW_CTX_EXECUTION_DATE='2023-06-22T00:00:00+00:00' AIRFLOW_CTX_TRY_NUMBER='1' AIRFLOW_CTX_DAG_RUN_ID='scheduled__2023-06-22T00:00:00+00:00'
[2024-09-10T07:32:08.151+0000] {taskinstance.py:731} INFO - ::endgroup::
[2024-09-10T07:32:08.175+0000] {subprocess.py:63} INFO - Tmp dir root location: /tmp
[2024-09-10T07:32:08.177+0000] {subprocess.py:75} INFO - Running command: ['/usr/bin/bash', '-c', 'echo hey, this is the second task!']
[2024-09-10T07:32:08.191+0000] {subprocess.py:86} INFO - Output:
[2024-09-10T07:32:08.193+0000] {subprocess.py:93} INFO - hey, this is the second task!
[2024-09-10T07:32:08.196+0000] {subprocess.py:97} INFO - Command exited with return code 0
[2024-09-10T07:32:08.226+0000] {taskinstance.py:340} INFO - ::group::Post task execution logs
[2024-09-10T07:32:08.227+0000] {taskinstance.py:352} INFO - Marking task as SUCCESS. dag_id=our_first_dag_V3, task_id=second_task, run_id=scheduled__2023-06-22T00:00:00+00:00, execution_date=20230622T000000, start_date=20240910T073207, end_date=20240910T073208
[2024-09-10T07:32:08.275+0000] {local_task_job_runner.py:266} INFO - Task exited with return code 0
[2024-09-10T07:32:08.290+0000] {local_task_job_runner.py:245} INFO - ::endgroup::
