[2024-09-10T07:25:12.957+0000] {local_task_job_runner.py:123} INFO - ::group::Pre task execution logs
[2024-09-10T07:25:12.993+0000] {taskinstance.py:2612} INFO - Dependencies all met for dep_context=non-requeueable deps ti=<TaskInstance: our_first_dag_V3.third_task scheduled__2021-10-15T00:00:00+00:00 [queued]>
[2024-09-10T07:25:13.014+0000] {taskinstance.py:2612} INFO - Dependencies all met for dep_context=requeueable deps ti=<TaskInstance: our_first_dag_V3.third_task scheduled__2021-10-15T00:00:00+00:00 [queued]>
[2024-09-10T07:25:13.015+0000] {taskinstance.py:2865} INFO - Starting attempt 1 of 6
[2024-09-10T07:25:13.042+0000] {taskinstance.py:2888} INFO - Executing <Task(BashOperator): third_task> on 2021-10-15 00:00:00+00:00
[2024-09-10T07:25:13.053+0000] {logging_mixin.py:190} WARNING - /home/***/.local/lib/python3.12/site-packages/***/task/task_runner/standard_task_runner.py:70 DeprecationWarning: This process (pid=12539) is multi-threaded, use of fork() may lead to deadlocks in the child.
[2024-09-10T07:25:13.055+0000] {standard_task_runner.py:72} INFO - Started process 12549 to run task
[2024-09-10T07:25:13.052+0000] {standard_task_runner.py:104} INFO - Running: ['***', 'tasks', 'run', 'our_first_dag_V3', 'third_task', 'scheduled__2021-10-15T00:00:00+00:00', '--job-id', '2688', '--raw', '--subdir', 'DAGS_FOLDER/our_first_dag.py', '--cfg-path', '/tmp/tmpezwj9xp7']
[2024-09-10T07:25:13.055+0000] {standard_task_runner.py:105} INFO - Job 2688: Subtask third_task
[2024-09-10T07:25:13.131+0000] {task_command.py:467} INFO - Running <TaskInstance: our_first_dag_V3.third_task scheduled__2021-10-15T00:00:00+00:00 [running]> on host 5508ea9ebfaf
[2024-09-10T07:25:13.268+0000] {taskinstance.py:3131} INFO - Exporting env vars: AIRFLOW_CTX_DAG_OWNER='coder2j' AIRFLOW_CTX_DAG_ID='our_first_dag_V3' AIRFLOW_CTX_TASK_ID='third_task' AIRFLOW_CTX_EXECUTION_DATE='2021-10-15T00:00:00+00:00' AIRFLOW_CTX_TRY_NUMBER='1' AIRFLOW_CTX_DAG_RUN_ID='scheduled__2021-10-15T00:00:00+00:00'
[2024-09-10T07:25:13.271+0000] {taskinstance.py:731} INFO - ::endgroup::
[2024-09-10T07:25:13.300+0000] {subprocess.py:63} INFO - Tmp dir root location: /tmp
[2024-09-10T07:25:13.303+0000] {subprocess.py:75} INFO - Running command: ['/usr/bin/bash', '-c', 'echo hey, this is the third task!']
[2024-09-10T07:25:13.314+0000] {subprocess.py:86} INFO - Output:
[2024-09-10T07:25:13.315+0000] {subprocess.py:93} INFO - hey, this is the third task!
[2024-09-10T07:25:13.316+0000] {subprocess.py:97} INFO - Command exited with return code 0
[2024-09-10T07:25:13.350+0000] {taskinstance.py:340} INFO - ::group::Post task execution logs
[2024-09-10T07:25:13.351+0000] {taskinstance.py:352} INFO - Marking task as SUCCESS. dag_id=our_first_dag_V3, task_id=third_task, run_id=scheduled__2021-10-15T00:00:00+00:00, execution_date=20211015T000000, start_date=20240910T072512, end_date=20240910T072513
[2024-09-10T07:25:13.432+0000] {local_task_job_runner.py:266} INFO - Task exited with return code 0
[2024-09-10T07:25:13.451+0000] {taskinstance.py:3900} INFO - 0 downstream tasks scheduled from follow-on schedule check
[2024-09-10T07:25:13.455+0000] {local_task_job_runner.py:245} INFO - ::endgroup::
