[2024-09-10T08:17:14.784+0000] {local_task_job_runner.py:123} INFO - ::group::Pre task execution logs
[2024-09-10T08:17:14.839+0000] {taskinstance.py:2612} INFO - Dependencies all met for dep_context=non-requeueable deps ti=<TaskInstance: our_first_dag_V5.second_task scheduled__2022-12-04T00:00:00+00:00 [queued]>
[2024-09-10T08:17:14.865+0000] {taskinstance.py:2612} INFO - Dependencies all met for dep_context=requeueable deps ti=<TaskInstance: our_first_dag_V5.second_task scheduled__2022-12-04T00:00:00+00:00 [queued]>
[2024-09-10T08:17:14.866+0000] {taskinstance.py:2865} INFO - Starting attempt 1 of 6
[2024-09-10T08:17:14.952+0000] {taskinstance.py:2888} INFO - Executing <Task(BashOperator): second_task> on 2022-12-04 00:00:00+00:00
[2024-09-10T08:17:14.977+0000] {logging_mixin.py:190} WARNING - /home/***/.local/lib/python3.12/site-packages/***/task/task_runner/standard_task_runner.py:70 DeprecationWarning: This process (pid=34471) is multi-threaded, use of fork() may lead to deadlocks in the child.
[2024-09-10T08:17:14.981+0000] {standard_task_runner.py:104} INFO - Running: ['***', 'tasks', 'run', 'our_first_dag_V5', 'second_task', 'scheduled__2022-12-04T00:00:00+00:00', '--job-id', '7880', '--raw', '--subdir', 'DAGS_FOLDER/our_first_dag.py', '--cfg-path', '/tmp/tmpy0h16xwo']
[2024-09-10T08:17:14.984+0000] {standard_task_runner.py:72} INFO - Started process 34480 to run task
[2024-09-10T08:17:15.003+0000] {standard_task_runner.py:105} INFO - Job 7880: Subtask second_task
[2024-09-10T08:17:15.174+0000] {task_command.py:467} INFO - Running <TaskInstance: our_first_dag_V5.second_task scheduled__2022-12-04T00:00:00+00:00 [running]> on host 5508ea9ebfaf
[2024-09-10T08:17:15.518+0000] {taskinstance.py:3131} INFO - Exporting env vars: AIRFLOW_CTX_DAG_OWNER='coder2j' AIRFLOW_CTX_DAG_ID='our_first_dag_V5' AIRFLOW_CTX_TASK_ID='second_task' AIRFLOW_CTX_EXECUTION_DATE='2022-12-04T00:00:00+00:00' AIRFLOW_CTX_TRY_NUMBER='1' AIRFLOW_CTX_DAG_RUN_ID='scheduled__2022-12-04T00:00:00+00:00'
[2024-09-10T08:17:15.524+0000] {taskinstance.py:731} INFO - ::endgroup::
[2024-09-10T08:17:15.590+0000] {subprocess.py:63} INFO - Tmp dir root location: /tmp
[2024-09-10T08:17:15.599+0000] {subprocess.py:75} INFO - Running command: ['/usr/bin/bash', '-c', 'echo hey, this is the second task!']
[2024-09-10T08:17:15.645+0000] {subprocess.py:86} INFO - Output:
[2024-09-10T08:17:15.648+0000] {subprocess.py:93} INFO - hey, this is the second task!
[2024-09-10T08:17:15.649+0000] {subprocess.py:97} INFO - Command exited with return code 0
[2024-09-10T08:17:15.793+0000] {taskinstance.py:340} INFO - ::group::Post task execution logs
[2024-09-10T08:17:15.794+0000] {taskinstance.py:352} INFO - Marking task as SUCCESS. dag_id=our_first_dag_V5, task_id=second_task, run_id=scheduled__2022-12-04T00:00:00+00:00, execution_date=20221204T000000, start_date=20240910T081714, end_date=20240910T081715
[2024-09-10T08:17:15.935+0000] {local_task_job_runner.py:266} INFO - Task exited with return code 0
[2024-09-10T08:17:15.976+0000] {local_task_job_runner.py:245} INFO - ::endgroup::
