[2024-09-12T02:19:16.163+0000] {local_task_job_runner.py:123} INFO - ::group::Pre task execution logs
[2024-09-12T02:19:16.211+0000] {taskinstance.py:2612} INFO - Dependencies all met for dep_context=non-requeueable deps ti=<TaskInstance: our_first_dag_V6.second_task scheduled__2022-08-05T00:00:00+00:00 [queued]>
[2024-09-12T02:19:16.253+0000] {taskinstance.py:2612} INFO - Dependencies all met for dep_context=requeueable deps ti=<TaskInstance: our_first_dag_V6.second_task scheduled__2022-08-05T00:00:00+00:00 [queued]>
[2024-09-12T02:19:16.262+0000] {taskinstance.py:2865} INFO - Starting attempt 1 of 6
[2024-09-12T02:19:16.477+0000] {taskinstance.py:2888} INFO - Executing <Task(BashOperator): second_task> on 2022-08-05 00:00:00+00:00
[2024-09-12T02:19:16.491+0000] {logging_mixin.py:190} WARNING - /home/***/.local/lib/python3.12/site-packages/***/task/task_runner/standard_task_runner.py:70 DeprecationWarning: This process (pid=5590) is multi-threaded, use of fork() may lead to deadlocks in the child.
[2024-09-12T02:19:16.492+0000] {standard_task_runner.py:104} INFO - Running: ['***', 'tasks', 'run', 'our_first_dag_V6', 'second_task', 'scheduled__2022-08-05T00:00:00+00:00', '--job-id', '19560', '--raw', '--subdir', 'DAGS_FOLDER/our_first_dag.py', '--cfg-path', '/tmp/tmpum76g106']
[2024-09-12T02:19:16.501+0000] {standard_task_runner.py:105} INFO - Job 19560: Subtask second_task
[2024-09-12T02:19:16.501+0000] {standard_task_runner.py:72} INFO - Started process 5613 to run task
[2024-09-12T02:19:16.648+0000] {task_command.py:467} INFO - Running <TaskInstance: our_first_dag_V6.second_task scheduled__2022-08-05T00:00:00+00:00 [running]> on host 5508ea9ebfaf
[2024-09-12T02:19:16.936+0000] {taskinstance.py:3131} INFO - Exporting env vars: AIRFLOW_CTX_DAG_OWNER='acap' AIRFLOW_CTX_DAG_ID='our_first_dag_V6' AIRFLOW_CTX_TASK_ID='second_task' AIRFLOW_CTX_EXECUTION_DATE='2022-08-05T00:00:00+00:00' AIRFLOW_CTX_TRY_NUMBER='1' AIRFLOW_CTX_DAG_RUN_ID='scheduled__2022-08-05T00:00:00+00:00'
[2024-09-12T02:19:16.940+0000] {taskinstance.py:731} INFO - ::endgroup::
[2024-09-12T02:19:16.976+0000] {subprocess.py:63} INFO - Tmp dir root location: /tmp
[2024-09-12T02:19:16.979+0000] {subprocess.py:75} INFO - Running command: ['/usr/bin/bash', '-c', 'echo hey, this is the second task!']
[2024-09-12T02:19:17.005+0000] {subprocess.py:86} INFO - Output:
[2024-09-12T02:19:17.010+0000] {subprocess.py:93} INFO - hey, this is the second task!
[2024-09-12T02:19:17.011+0000] {subprocess.py:97} INFO - Command exited with return code 0
[2024-09-12T02:19:17.146+0000] {taskinstance.py:340} INFO - ::group::Post task execution logs
[2024-09-12T02:19:17.156+0000] {taskinstance.py:352} INFO - Marking task as SUCCESS. dag_id=our_first_dag_V6, task_id=second_task, run_id=scheduled__2022-08-05T00:00:00+00:00, execution_date=20220805T000000, start_date=20240912T021916, end_date=20240912T021917
[2024-09-12T02:19:17.271+0000] {local_task_job_runner.py:266} INFO - Task exited with return code 0
[2024-09-12T02:19:17.320+0000] {local_task_job_runner.py:245} INFO - ::endgroup::
