[2024-09-10T07:20:59.016+0000] {local_task_job_runner.py:123} INFO - ::group::Pre task execution logs
[2024-09-10T07:20:59.048+0000] {taskinstance.py:2612} INFO - Dependencies all met for dep_context=non-requeueable deps ti=<TaskInstance: our_first_dag_V2.first_task scheduled__2022-10-20T00:00:00+00:00 [queued]>
[2024-09-10T07:20:59.065+0000] {taskinstance.py:2612} INFO - Dependencies all met for dep_context=requeueable deps ti=<TaskInstance: our_first_dag_V2.first_task scheduled__2022-10-20T00:00:00+00:00 [queued]>
[2024-09-10T07:20:59.067+0000] {taskinstance.py:2865} INFO - Starting attempt 1 of 6
[2024-09-10T07:20:59.119+0000] {taskinstance.py:2888} INFO - Executing <Task(BashOperator): first_task> on 2022-10-20 00:00:00+00:00
[2024-09-10T07:20:59.133+0000] {logging_mixin.py:190} WARNING - /home/***/.local/lib/python3.12/site-packages/***/task/task_runner/standard_task_runner.py:70 DeprecationWarning: This process (pid=8666) is multi-threaded, use of fork() may lead to deadlocks in the child.
[2024-09-10T07:20:59.139+0000] {standard_task_runner.py:72} INFO - Started process 8677 to run task
[2024-09-10T07:20:59.133+0000] {standard_task_runner.py:104} INFO - Running: ['***', 'tasks', 'run', 'our_first_dag_V2', 'first_task', 'scheduled__2022-10-20T00:00:00+00:00', '--job-id', '1750', '--raw', '--subdir', 'DAGS_FOLDER/our_first_dag.py', '--cfg-path', '/tmp/tmp8q3y_hf5']
[2024-09-10T07:20:59.154+0000] {standard_task_runner.py:105} INFO - Job 1750: Subtask first_task
[2024-09-10T07:20:59.390+0000] {task_command.py:467} INFO - Running <TaskInstance: our_first_dag_V2.first_task scheduled__2022-10-20T00:00:00+00:00 [running]> on host 5508ea9ebfaf
[2024-09-10T07:20:59.608+0000] {taskinstance.py:3131} INFO - Exporting env vars: AIRFLOW_CTX_DAG_OWNER='coder2j' AIRFLOW_CTX_DAG_ID='our_first_dag_V2' AIRFLOW_CTX_TASK_ID='first_task' AIRFLOW_CTX_EXECUTION_DATE='2022-10-20T00:00:00+00:00' AIRFLOW_CTX_TRY_NUMBER='1' AIRFLOW_CTX_DAG_RUN_ID='scheduled__2022-10-20T00:00:00+00:00'
[2024-09-10T07:20:59.612+0000] {taskinstance.py:731} INFO - ::endgroup::
[2024-09-10T07:20:59.652+0000] {subprocess.py:63} INFO - Tmp dir root location: /tmp
[2024-09-10T07:20:59.654+0000] {subprocess.py:75} INFO - Running command: ['/usr/bin/bash', '-c', 'echo hello world, this is the first task!']
[2024-09-10T07:20:59.697+0000] {subprocess.py:86} INFO - Output:
[2024-09-10T07:20:59.700+0000] {subprocess.py:93} INFO - hello world, this is the first task!
[2024-09-10T07:20:59.702+0000] {subprocess.py:97} INFO - Command exited with return code 0
[2024-09-10T07:20:59.753+0000] {taskinstance.py:340} INFO - ::group::Post task execution logs
[2024-09-10T07:20:59.754+0000] {taskinstance.py:352} INFO - Marking task as SUCCESS. dag_id=our_first_dag_V2, task_id=first_task, run_id=scheduled__2022-10-20T00:00:00+00:00, execution_date=20221020T000000, start_date=20240910T072059, end_date=20240910T072059
[2024-09-10T07:20:59.961+0000] {local_task_job_runner.py:266} INFO - Task exited with return code 0
[2024-09-10T07:21:00.074+0000] {taskinstance.py:3900} INFO - 1 downstream tasks scheduled from follow-on schedule check
[2024-09-10T07:21:00.080+0000] {local_task_job_runner.py:245} INFO - ::endgroup::
