[2024-09-10T07:12:36.475+0000] {local_task_job_runner.py:123} INFO - ::group::Pre task execution logs
[2024-09-10T07:12:36.496+0000] {taskinstance.py:2612} INFO - Dependencies all met for dep_context=non-requeueable deps ti=<TaskInstance: our_first_dag.first_task scheduled__2022-06-29T00:00:00+00:00 [queued]>
[2024-09-10T07:12:36.513+0000] {taskinstance.py:2612} INFO - Dependencies all met for dep_context=requeueable deps ti=<TaskInstance: our_first_dag.first_task scheduled__2022-06-29T00:00:00+00:00 [queued]>
[2024-09-10T07:12:36.519+0000] {taskinstance.py:2865} INFO - Starting attempt 1 of 6
[2024-09-10T07:12:36.561+0000] {taskinstance.py:2888} INFO - Executing <Task(BashOperator): first_task> on 2022-06-29 00:00:00+00:00
[2024-09-10T07:12:36.570+0000] {logging_mixin.py:190} WARNING - /home/***/.local/lib/python3.12/site-packages/***/task/task_runner/standard_task_runner.py:70 DeprecationWarning: This process (pid=2835) is multi-threaded, use of fork() may lead to deadlocks in the child.
[2024-09-10T07:12:36.573+0000] {standard_task_runner.py:72} INFO - Started process 2844 to run task
[2024-09-10T07:12:36.570+0000] {standard_task_runner.py:104} INFO - Running: ['***', 'tasks', 'run', 'our_first_dag', 'first_task', 'scheduled__2022-06-29T00:00:00+00:00', '--job-id', '339', '--raw', '--subdir', 'DAGS_FOLDER/our_first_dag.py', '--cfg-path', '/tmp/tmpm1uipc1m']
[2024-09-10T07:12:36.575+0000] {standard_task_runner.py:105} INFO - Job 339: Subtask first_task
[2024-09-10T07:12:36.659+0000] {task_command.py:467} INFO - Running <TaskInstance: our_first_dag.first_task scheduled__2022-06-29T00:00:00+00:00 [running]> on host 5508ea9ebfaf
[2024-09-10T07:12:36.792+0000] {taskinstance.py:3131} INFO - Exporting env vars: AIRFLOW_CTX_DAG_OWNER='coder2j' AIRFLOW_CTX_DAG_ID='our_first_dag' AIRFLOW_CTX_TASK_ID='first_task' AIRFLOW_CTX_EXECUTION_DATE='2022-06-29T00:00:00+00:00' AIRFLOW_CTX_TRY_NUMBER='1' AIRFLOW_CTX_DAG_RUN_ID='scheduled__2022-06-29T00:00:00+00:00'
[2024-09-10T07:12:36.793+0000] {taskinstance.py:731} INFO - ::endgroup::
[2024-09-10T07:12:36.819+0000] {subprocess.py:63} INFO - Tmp dir root location: /tmp
[2024-09-10T07:12:36.820+0000] {subprocess.py:75} INFO - Running command: ['/usr/bin/bash', '-c', 'echo hello world, this is the first task!']
[2024-09-10T07:12:36.830+0000] {subprocess.py:86} INFO - Output:
[2024-09-10T07:12:36.832+0000] {subprocess.py:93} INFO - hello world, this is the first task!
[2024-09-10T07:12:36.833+0000] {subprocess.py:97} INFO - Command exited with return code 0
[2024-09-10T07:12:36.865+0000] {taskinstance.py:340} INFO - ::group::Post task execution logs
[2024-09-10T07:12:36.867+0000] {taskinstance.py:352} INFO - Marking task as SUCCESS. dag_id=our_first_dag, task_id=first_task, run_id=scheduled__2022-06-29T00:00:00+00:00, execution_date=20220629T000000, start_date=20240910T071236, end_date=20240910T071236
[2024-09-10T07:12:36.915+0000] {local_task_job_runner.py:266} INFO - Task exited with return code 0
[2024-09-10T07:12:36.943+0000] {taskinstance.py:3900} INFO - 0 downstream tasks scheduled from follow-on schedule check
[2024-09-10T07:12:36.946+0000] {local_task_job_runner.py:245} INFO - ::endgroup::
