[2024-09-10T08:16:29.085+0000] {local_task_job_runner.py:123} INFO - ::group::Pre task execution logs
[2024-09-10T08:16:29.172+0000] {taskinstance.py:2612} INFO - Dependencies all met for dep_context=non-requeueable deps ti=<TaskInstance: our_first_dag_V5.third_task scheduled__2022-10-03T00:00:00+00:00 [queued]>
[2024-09-10T08:16:29.202+0000] {taskinstance.py:2612} INFO - Dependencies all met for dep_context=requeueable deps ti=<TaskInstance: our_first_dag_V5.third_task scheduled__2022-10-03T00:00:00+00:00 [queued]>
[2024-09-10T08:16:29.205+0000] {taskinstance.py:2865} INFO - Starting attempt 1 of 6
[2024-09-10T08:16:29.285+0000] {taskinstance.py:2888} INFO - Executing <Task(BashOperator): third_task> on 2022-10-03 00:00:00+00:00
[2024-09-10T08:16:29.321+0000] {standard_task_runner.py:104} INFO - Running: ['***', 'tasks', 'run', 'our_first_dag_V5', 'third_task', 'scheduled__2022-10-03T00:00:00+00:00', '--job-id', '7695', '--raw', '--subdir', 'DAGS_FOLDER/our_first_dag.py', '--cfg-path', '/tmp/tmpuxm9c1ll']
[2024-09-10T08:16:29.330+0000] {standard_task_runner.py:105} INFO - Job 7695: Subtask third_task
[2024-09-10T08:16:29.320+0000] {logging_mixin.py:190} WARNING - /home/***/.local/lib/python3.12/site-packages/***/task/task_runner/standard_task_runner.py:70 DeprecationWarning: This process (pid=33699) is multi-threaded, use of fork() may lead to deadlocks in the child.
[2024-09-10T08:16:29.358+0000] {standard_task_runner.py:72} INFO - Started process 33724 to run task
[2024-09-10T08:16:29.554+0000] {task_command.py:467} INFO - Running <TaskInstance: our_first_dag_V5.third_task scheduled__2022-10-03T00:00:00+00:00 [running]> on host 5508ea9ebfaf
[2024-09-10T08:16:29.859+0000] {taskinstance.py:3131} INFO - Exporting env vars: AIRFLOW_CTX_DAG_OWNER='coder2j' AIRFLOW_CTX_DAG_ID='our_first_dag_V5' AIRFLOW_CTX_TASK_ID='third_task' AIRFLOW_CTX_EXECUTION_DATE='2022-10-03T00:00:00+00:00' AIRFLOW_CTX_TRY_NUMBER='1' AIRFLOW_CTX_DAG_RUN_ID='scheduled__2022-10-03T00:00:00+00:00'
[2024-09-10T08:16:29.865+0000] {taskinstance.py:731} INFO - ::endgroup::
[2024-09-10T08:16:29.918+0000] {subprocess.py:63} INFO - Tmp dir root location: /tmp
[2024-09-10T08:16:29.921+0000] {subprocess.py:75} INFO - Running command: ['/usr/bin/bash', '-c', 'echo hey, this is the third task!']
[2024-09-10T08:16:29.961+0000] {subprocess.py:86} INFO - Output:
[2024-09-10T08:16:29.970+0000] {subprocess.py:93} INFO - hey, this is the third task!
[2024-09-10T08:16:29.979+0000] {subprocess.py:97} INFO - Command exited with return code 0
[2024-09-10T08:16:30.106+0000] {taskinstance.py:340} INFO - ::group::Post task execution logs
[2024-09-10T08:16:30.109+0000] {taskinstance.py:352} INFO - Marking task as SUCCESS. dag_id=our_first_dag_V5, task_id=third_task, run_id=scheduled__2022-10-03T00:00:00+00:00, execution_date=20221003T000000, start_date=20240910T081629, end_date=20240910T081630
[2024-09-10T08:16:30.223+0000] {local_task_job_runner.py:266} INFO - Task exited with return code 0
[2024-09-10T08:16:30.284+0000] {taskinstance.py:3900} INFO - 0 downstream tasks scheduled from follow-on schedule check
[2024-09-10T08:16:30.289+0000] {local_task_job_runner.py:245} INFO - ::endgroup::
