[2024-09-12T02:18:48.799+0000] {local_task_job_runner.py:123} INFO - ::group::Pre task execution logs
[2024-09-12T02:18:48.846+0000] {taskinstance.py:2612} INFO - Dependencies all met for dep_context=non-requeueable deps ti=<TaskInstance: our_first_dag_V6.first_task scheduled__2022-07-07T00:00:00+00:00 [queued]>
[2024-09-12T02:18:48.866+0000] {taskinstance.py:2612} INFO - Dependencies all met for dep_context=requeueable deps ti=<TaskInstance: our_first_dag_V6.first_task scheduled__2022-07-07T00:00:00+00:00 [queued]>
[2024-09-12T02:18:48.867+0000] {taskinstance.py:2865} INFO - Starting attempt 1 of 6
[2024-09-12T02:18:48.938+0000] {taskinstance.py:2888} INFO - Executing <Task(BashOperator): first_task> on 2022-07-07 00:00:00+00:00
[2024-09-12T02:18:48.959+0000] {logging_mixin.py:190} WARNING - /home/***/.local/lib/python3.12/site-packages/***/task/task_runner/standard_task_runner.py:70 DeprecationWarning: This process (pid=5022) is multi-threaded, use of fork() may lead to deadlocks in the child.
[2024-09-12T02:18:48.967+0000] {standard_task_runner.py:104} INFO - Running: ['***', 'tasks', 'run', 'our_first_dag_V6', 'first_task', 'scheduled__2022-07-07T00:00:00+00:00', '--job-id', '19430', '--raw', '--subdir', 'DAGS_FOLDER/our_first_dag.py', '--cfg-path', '/tmp/tmpaok9jdtt']
[2024-09-12T02:18:48.971+0000] {standard_task_runner.py:105} INFO - Job 19430: Subtask first_task
[2024-09-12T02:18:48.970+0000] {standard_task_runner.py:72} INFO - Started process 5045 to run task
[2024-09-12T02:18:49.241+0000] {task_command.py:467} INFO - Running <TaskInstance: our_first_dag_V6.first_task scheduled__2022-07-07T00:00:00+00:00 [running]> on host 5508ea9ebfaf
[2024-09-12T02:18:49.664+0000] {taskinstance.py:3131} INFO - Exporting env vars: AIRFLOW_CTX_DAG_OWNER='acap' AIRFLOW_CTX_DAG_ID='our_first_dag_V6' AIRFLOW_CTX_TASK_ID='first_task' AIRFLOW_CTX_EXECUTION_DATE='2022-07-07T00:00:00+00:00' AIRFLOW_CTX_TRY_NUMBER='1' AIRFLOW_CTX_DAG_RUN_ID='scheduled__2022-07-07T00:00:00+00:00'
[2024-09-12T02:18:49.667+0000] {taskinstance.py:731} INFO - ::endgroup::
[2024-09-12T02:18:49.718+0000] {subprocess.py:63} INFO - Tmp dir root location: /tmp
[2024-09-12T02:18:49.721+0000] {subprocess.py:75} INFO - Running command: ['/usr/bin/bash', '-c', 'echo hello world, this is the first task!']
[2024-09-12T02:18:49.743+0000] {subprocess.py:86} INFO - Output:
[2024-09-12T02:18:49.748+0000] {subprocess.py:93} INFO - hello world, this is the first task!
[2024-09-12T02:18:49.752+0000] {subprocess.py:97} INFO - Command exited with return code 0
[2024-09-12T02:18:49.843+0000] {taskinstance.py:340} INFO - ::group::Post task execution logs
[2024-09-12T02:18:49.845+0000] {taskinstance.py:352} INFO - Marking task as SUCCESS. dag_id=our_first_dag_V6, task_id=first_task, run_id=scheduled__2022-07-07T00:00:00+00:00, execution_date=20220707T000000, start_date=20240912T021848, end_date=20240912T021849
[2024-09-12T02:18:49.938+0000] {local_task_job_runner.py:266} INFO - Task exited with return code 0
[2024-09-12T02:18:50.017+0000] {taskinstance.py:3900} INFO - 2 downstream tasks scheduled from follow-on schedule check
[2024-09-12T02:18:50.026+0000] {local_task_job_runner.py:245} INFO - ::endgroup::
