[2024-09-10T07:19:00.894+0000] {local_task_job_runner.py:123} INFO - ::group::Pre task execution logs
[2024-09-10T07:19:00.929+0000] {taskinstance.py:2612} INFO - Dependencies all met for dep_context=non-requeueable deps ti=<TaskInstance: our_first_dag_V2.first_task scheduled__2022-04-08T00:00:00+00:00 [queued]>
[2024-09-10T07:19:00.947+0000] {taskinstance.py:2612} INFO - Dependencies all met for dep_context=requeueable deps ti=<TaskInstance: our_first_dag_V2.first_task scheduled__2022-04-08T00:00:00+00:00 [queued]>
[2024-09-10T07:19:00.949+0000] {taskinstance.py:2865} INFO - Starting attempt 1 of 6
[2024-09-10T07:19:00.986+0000] {taskinstance.py:2888} INFO - Executing <Task(BashOperator): first_task> on 2022-04-08 00:00:00+00:00
[2024-09-10T07:19:00.998+0000] {logging_mixin.py:190} WARNING - /home/***/.local/lib/python3.12/site-packages/***/task/task_runner/standard_task_runner.py:70 DeprecationWarning: This process (pid=7051) is multi-threaded, use of fork() may lead to deadlocks in the child.
[2024-09-10T07:19:01.002+0000] {standard_task_runner.py:72} INFO - Started process 7062 to run task
[2024-09-10T07:19:00.999+0000] {standard_task_runner.py:104} INFO - Running: ['***', 'tasks', 'run', 'our_first_dag_V2', 'first_task', 'scheduled__2022-04-08T00:00:00+00:00', '--job-id', '1356', '--raw', '--subdir', 'DAGS_FOLDER/our_first_dag.py', '--cfg-path', '/tmp/tmpl5943yhy']
[2024-09-10T07:19:01.007+0000] {standard_task_runner.py:105} INFO - Job 1356: Subtask first_task
[2024-09-10T07:19:01.130+0000] {task_command.py:467} INFO - Running <TaskInstance: our_first_dag_V2.first_task scheduled__2022-04-08T00:00:00+00:00 [running]> on host 5508ea9ebfaf
[2024-09-10T07:19:01.396+0000] {taskinstance.py:3131} INFO - Exporting env vars: AIRFLOW_CTX_DAG_OWNER='coder2j' AIRFLOW_CTX_DAG_ID='our_first_dag_V2' AIRFLOW_CTX_TASK_ID='first_task' AIRFLOW_CTX_EXECUTION_DATE='2022-04-08T00:00:00+00:00' AIRFLOW_CTX_TRY_NUMBER='1' AIRFLOW_CTX_DAG_RUN_ID='scheduled__2022-04-08T00:00:00+00:00'
[2024-09-10T07:19:01.400+0000] {taskinstance.py:731} INFO - ::endgroup::
[2024-09-10T07:19:01.439+0000] {subprocess.py:63} INFO - Tmp dir root location: /tmp
[2024-09-10T07:19:01.441+0000] {subprocess.py:75} INFO - Running command: ['/usr/bin/bash', '-c', 'echo hello world, this is the first task!']
[2024-09-10T07:19:01.467+0000] {subprocess.py:86} INFO - Output:
[2024-09-10T07:19:01.468+0000] {subprocess.py:93} INFO - hello world, this is the first task!
[2024-09-10T07:19:01.469+0000] {subprocess.py:97} INFO - Command exited with return code 0
[2024-09-10T07:19:01.500+0000] {taskinstance.py:340} INFO - ::group::Post task execution logs
[2024-09-10T07:19:01.501+0000] {taskinstance.py:352} INFO - Marking task as SUCCESS. dag_id=our_first_dag_V2, task_id=first_task, run_id=scheduled__2022-04-08T00:00:00+00:00, execution_date=20220408T000000, start_date=20240910T071900, end_date=20240910T071901
[2024-09-10T07:19:01.642+0000] {local_task_job_runner.py:266} INFO - Task exited with return code 0
[2024-09-10T07:19:01.684+0000] {taskinstance.py:3900} INFO - 1 downstream tasks scheduled from follow-on schedule check
[2024-09-10T07:19:01.689+0000] {local_task_job_runner.py:245} INFO - ::endgroup::
