[2024-09-12T02:19:17.166+0000] {local_task_job_runner.py:123} INFO - ::group::Pre task execution logs
[2024-09-12T02:19:17.236+0000] {taskinstance.py:2612} INFO - Dependencies all met for dep_context=non-requeueable deps ti=<TaskInstance: our_first_dag_V6.third_task scheduled__2022-08-08T00:00:00+00:00 [queued]>
[2024-09-12T02:19:17.263+0000] {taskinstance.py:2612} INFO - Dependencies all met for dep_context=requeueable deps ti=<TaskInstance: our_first_dag_V6.third_task scheduled__2022-08-08T00:00:00+00:00 [queued]>
[2024-09-12T02:19:17.265+0000] {taskinstance.py:2865} INFO - Starting attempt 1 of 6
[2024-09-12T02:19:17.364+0000] {taskinstance.py:2888} INFO - Executing <Task(BashOperator): third_task> on 2022-08-08 00:00:00+00:00
[2024-09-12T02:19:17.385+0000] {logging_mixin.py:190} WARNING - /home/***/.local/lib/python3.12/site-packages/***/task/task_runner/standard_task_runner.py:70 DeprecationWarning: This process (pid=5621) is multi-threaded, use of fork() may lead to deadlocks in the child.
[2024-09-12T02:19:17.389+0000] {standard_task_runner.py:72} INFO - Started process 5645 to run task
[2024-09-12T02:19:17.382+0000] {standard_task_runner.py:104} INFO - Running: ['***', 'tasks', 'run', 'our_first_dag_V6', 'third_task', 'scheduled__2022-08-08T00:00:00+00:00', '--job-id', '19569', '--raw', '--subdir', 'DAGS_FOLDER/our_first_dag.py', '--cfg-path', '/tmp/tmpvuuekb9y']
[2024-09-12T02:19:17.391+0000] {standard_task_runner.py:105} INFO - Job 19569: Subtask third_task
[2024-09-12T02:19:17.564+0000] {task_command.py:467} INFO - Running <TaskInstance: our_first_dag_V6.third_task scheduled__2022-08-08T00:00:00+00:00 [running]> on host 5508ea9ebfaf
[2024-09-12T02:19:17.927+0000] {taskinstance.py:3131} INFO - Exporting env vars: AIRFLOW_CTX_DAG_OWNER='acap' AIRFLOW_CTX_DAG_ID='our_first_dag_V6' AIRFLOW_CTX_TASK_ID='third_task' AIRFLOW_CTX_EXECUTION_DATE='2022-08-08T00:00:00+00:00' AIRFLOW_CTX_TRY_NUMBER='1' AIRFLOW_CTX_DAG_RUN_ID='scheduled__2022-08-08T00:00:00+00:00'
[2024-09-12T02:19:17.935+0000] {taskinstance.py:731} INFO - ::endgroup::
[2024-09-12T02:19:18.015+0000] {subprocess.py:63} INFO - Tmp dir root location: /tmp
[2024-09-12T02:19:18.026+0000] {subprocess.py:75} INFO - Running command: ['/usr/bin/bash', '-c', 'echo hey, this is the third task!']
[2024-09-12T02:19:18.044+0000] {subprocess.py:86} INFO - Output:
[2024-09-12T02:19:18.047+0000] {subprocess.py:93} INFO - hey, this is the third task!
[2024-09-12T02:19:18.048+0000] {subprocess.py:97} INFO - Command exited with return code 0
[2024-09-12T02:19:18.107+0000] {taskinstance.py:340} INFO - ::group::Post task execution logs
[2024-09-12T02:19:18.108+0000] {taskinstance.py:352} INFO - Marking task as SUCCESS. dag_id=our_first_dag_V6, task_id=third_task, run_id=scheduled__2022-08-08T00:00:00+00:00, execution_date=20220808T000000, start_date=20240912T021917, end_date=20240912T021918
[2024-09-12T02:19:18.195+0000] {local_task_job_runner.py:266} INFO - Task exited with return code 0
[2024-09-12T02:19:18.210+0000] {local_task_job_runner.py:245} INFO - ::endgroup::
