[2024-09-26T06:43:18.488+0000] {local_task_job_runner.py:123} INFO - ::group::Pre task execution logs
[2024-09-26T06:43:18.501+0000] {taskinstance.py:2612} INFO - Dependencies all met for dep_context=non-requeueable deps ti=<TaskInstance: dag_with_postgres_hooks_v01.postgres_to_s3 scheduled__2024-09-25T00:00:00+00:00 [queued]>
[2024-09-26T06:43:18.508+0000] {taskinstance.py:2612} INFO - Dependencies all met for dep_context=requeueable deps ti=<TaskInstance: dag_with_postgres_hooks_v01.postgres_to_s3 scheduled__2024-09-25T00:00:00+00:00 [queued]>
[2024-09-26T06:43:18.509+0000] {taskinstance.py:2865} INFO - Starting attempt 4 of 9
[2024-09-26T06:43:18.522+0000] {taskinstance.py:2888} INFO - Executing <Task(PythonOperator): postgres_to_s3> on 2024-09-25 00:00:00+00:00
[2024-09-26T06:43:18.528+0000] {standard_task_runner.py:104} INFO - Running: ['***', 'tasks', 'run', 'dag_with_postgres_hooks_v01', 'postgres_to_s3', 'scheduled__2024-09-25T00:00:00+00:00', '--job-id', '22748', '--raw', '--subdir', 'DAGS_FOLDER/dag_with_postgres_hooks.py', '--cfg-path', '/tmp/tmp0fbh0vex']
[2024-09-26T06:43:18.529+0000] {standard_task_runner.py:105} INFO - Job 22748: Subtask postgres_to_s3
[2024-09-26T06:43:18.530+0000] {logging_mixin.py:190} WARNING - /home/***/.local/lib/python3.12/site-packages/***/task/task_runner/standard_task_runner.py:70 DeprecationWarning: This process (pid=2529) is multi-threaded, use of fork() may lead to deadlocks in the child.
[2024-09-26T06:43:18.531+0000] {standard_task_runner.py:72} INFO - Started process 2530 to run task
[2024-09-26T06:43:18.569+0000] {task_command.py:467} INFO - Running <TaskInstance: dag_with_postgres_hooks_v01.postgres_to_s3 scheduled__2024-09-25T00:00:00+00:00 [running]> on host ced43fa3e256
[2024-09-26T06:43:18.634+0000] {taskinstance.py:3131} INFO - Exporting env vars: AIRFLOW_CTX_DAG_OWNER='coder2j' AIRFLOW_CTX_DAG_ID='dag_with_postgres_hooks_v01' AIRFLOW_CTX_TASK_ID='postgres_to_s3' AIRFLOW_CTX_EXECUTION_DATE='2024-09-25T00:00:00+00:00' AIRFLOW_CTX_TRY_NUMBER='4' AIRFLOW_CTX_DAG_RUN_ID='scheduled__2024-09-25T00:00:00+00:00'
[2024-09-26T06:43:18.635+0000] {taskinstance.py:731} INFO - ::endgroup::
[2024-09-26T06:43:18.650+0000] {base.py:84} INFO - Retrieving connection 'postgres_localhost'
[2024-09-26T06:43:18.707+0000] {dag_with_postgres_hooks.py:26} INFO - Saved orders data in text file get_orders.txt
[2024-09-26T06:43:18.708+0000] {python.py:240} INFO - Done. Returned value was: None
[2024-09-26T06:43:18.716+0000] {taskinstance.py:340} INFO - ::group::Post task execution logs
[2024-09-26T06:43:18.716+0000] {taskinstance.py:352} INFO - Marking task as SUCCESS. dag_id=dag_with_postgres_hooks_v01, task_id=postgres_to_s3, run_id=scheduled__2024-09-25T00:00:00+00:00, execution_date=20240925T000000, start_date=20240926T064318, end_date=20240926T064318
[2024-09-26T06:43:18.747+0000] {local_task_job_runner.py:266} INFO - Task exited with return code 0
[2024-09-26T06:43:18.759+0000] {taskinstance.py:3900} INFO - 0 downstream tasks scheduled from follow-on schedule check
[2024-09-26T06:43:18.764+0000] {local_task_job_runner.py:245} INFO - ::endgroup::
