[2024-09-10T08:20:47.206+0000] {local_task_job_runner.py:123} INFO - ::group::Pre task execution logs
[2024-09-10T08:20:47.254+0000] {taskinstance.py:2612} INFO - Dependencies all met for dep_context=non-requeueable deps ti=<TaskInstance: our_first_dag_V5.third_task scheduled__2023-09-20T00:00:00+00:00 [queued]>
[2024-09-10T08:20:47.262+0000] {taskinstance.py:2612} INFO - Dependencies all met for dep_context=requeueable deps ti=<TaskInstance: our_first_dag_V5.third_task scheduled__2023-09-20T00:00:00+00:00 [queued]>
[2024-09-10T08:20:47.263+0000] {taskinstance.py:2865} INFO - Starting attempt 1 of 6
[2024-09-10T08:20:47.372+0000] {taskinstance.py:2888} INFO - Executing <Task(BashOperator): third_task> on 2023-09-20 00:00:00+00:00
[2024-09-10T08:20:47.389+0000] {logging_mixin.py:190} WARNING - /home/***/.local/lib/python3.12/site-packages/***/task/task_runner/standard_task_runner.py:70 DeprecationWarning: This process (pid=38027) is multi-threaded, use of fork() may lead to deadlocks in the child.
[2024-09-10T08:20:47.396+0000] {standard_task_runner.py:72} INFO - Started process 38038 to run task
[2024-09-10T08:20:47.402+0000] {standard_task_runner.py:104} INFO - Running: ['***', 'tasks', 'run', 'our_first_dag_V5', 'third_task', 'scheduled__2023-09-20T00:00:00+00:00', '--job-id', '8749', '--raw', '--subdir', 'DAGS_FOLDER/our_first_dag.py', '--cfg-path', '/tmp/tmpespm_div']
[2024-09-10T08:20:47.405+0000] {standard_task_runner.py:105} INFO - Job 8749: Subtask third_task
[2024-09-10T08:20:47.495+0000] {task_command.py:467} INFO - Running <TaskInstance: our_first_dag_V5.third_task scheduled__2023-09-20T00:00:00+00:00 [running]> on host 5508ea9ebfaf
[2024-09-10T08:20:47.741+0000] {taskinstance.py:3131} INFO - Exporting env vars: AIRFLOW_CTX_DAG_OWNER='coder2j' AIRFLOW_CTX_DAG_ID='our_first_dag_V5' AIRFLOW_CTX_TASK_ID='third_task' AIRFLOW_CTX_EXECUTION_DATE='2023-09-20T00:00:00+00:00' AIRFLOW_CTX_TRY_NUMBER='1' AIRFLOW_CTX_DAG_RUN_ID='scheduled__2023-09-20T00:00:00+00:00'
[2024-09-10T08:20:47.742+0000] {taskinstance.py:731} INFO - ::endgroup::
[2024-09-10T08:20:47.775+0000] {subprocess.py:63} INFO - Tmp dir root location: /tmp
[2024-09-10T08:20:47.781+0000] {subprocess.py:75} INFO - Running command: ['/usr/bin/bash', '-c', 'echo hey, this is the third task!']
[2024-09-10T08:20:47.819+0000] {subprocess.py:86} INFO - Output:
[2024-09-10T08:20:47.823+0000] {subprocess.py:93} INFO - hey, this is the third task!
[2024-09-10T08:20:47.824+0000] {subprocess.py:97} INFO - Command exited with return code 0
[2024-09-10T08:20:47.901+0000] {taskinstance.py:340} INFO - ::group::Post task execution logs
[2024-09-10T08:20:47.902+0000] {taskinstance.py:352} INFO - Marking task as SUCCESS. dag_id=our_first_dag_V5, task_id=third_task, run_id=scheduled__2023-09-20T00:00:00+00:00, execution_date=20230920T000000, start_date=20240910T082047, end_date=20240910T082047
[2024-09-10T08:20:47.999+0000] {local_task_job_runner.py:266} INFO - Task exited with return code 0
[2024-09-10T08:20:48.043+0000] {local_task_job_runner.py:245} INFO - ::endgroup::
