[2024-09-23T01:35:35.570+0000] {local_task_job_runner.py:123} INFO - ::group::Pre task execution logs
[2024-09-23T01:35:35.773+0000] {taskinstance.py:2612} INFO - Dependencies all met for dep_context=non-requeueable deps ti=<TaskInstance: dag_with_postgres_operator_v03.create_postgres_table scheduled__2024-09-20T00:00:00+00:00 [queued]>
[2024-09-23T01:35:35.841+0000] {taskinstance.py:2612} INFO - Dependencies all met for dep_context=requeueable deps ti=<TaskInstance: dag_with_postgres_operator_v03.create_postgres_table scheduled__2024-09-20T00:00:00+00:00 [queued]>
[2024-09-23T01:35:35.846+0000] {taskinstance.py:2865} INFO - Starting attempt 1 of 6
[2024-09-23T01:35:36.169+0000] {taskinstance.py:2888} INFO - Executing <Task(PostgresOperator): create_postgres_table> on 2024-09-20 00:00:00+00:00
[2024-09-23T01:35:36.230+0000] {standard_task_runner.py:104} INFO - Running: ['***', 'tasks', 'run', 'dag_with_postgres_operator_v03', 'create_postgres_table', 'scheduled__2024-09-20T00:00:00+00:00', '--job-id', '22627', '--raw', '--subdir', 'DAGS_FOLDER/dag_with_postgres_operator.py', '--cfg-path', '/tmp/tmpdmowf34u']
[2024-09-23T01:35:36.310+0000] {standard_task_runner.py:105} INFO - Job 22627: Subtask create_postgres_table
[2024-09-23T01:35:36.318+0000] {logging_mixin.py:190} WARNING - /home/***/.local/lib/python3.12/site-packages/***/task/task_runner/standard_task_runner.py:70 DeprecationWarning: This process (pid=185) is multi-threaded, use of fork() may lead to deadlocks in the child.
[2024-09-23T01:35:36.340+0000] {standard_task_runner.py:72} INFO - Started process 207 to run task
[2024-09-23T01:35:38.198+0000] {task_command.py:467} INFO - Running <TaskInstance: dag_with_postgres_operator_v03.create_postgres_table scheduled__2024-09-20T00:00:00+00:00 [running]> on host ced43fa3e256
[2024-09-23T01:35:41.695+0000] {taskinstance.py:3131} INFO - Exporting env vars: AIRFLOW_CTX_DAG_OWNER='coder2j' AIRFLOW_CTX_DAG_ID='dag_with_postgres_operator_v03' AIRFLOW_CTX_TASK_ID='create_postgres_table' AIRFLOW_CTX_EXECUTION_DATE='2024-09-20T00:00:00+00:00' AIRFLOW_CTX_TRY_NUMBER='1' AIRFLOW_CTX_DAG_RUN_ID='scheduled__2024-09-20T00:00:00+00:00'
[2024-09-23T01:35:41.703+0000] {taskinstance.py:731} INFO - ::endgroup::
[2024-09-23T01:35:42.386+0000] {sql.py:266} INFO - Executing: 
            create table if not exists dag_runs (
                dt date,
                dag_id character varying,
                primary key (dt, dag_id)
            )
        
[2024-09-23T01:35:42.801+0000] {base.py:84} INFO - Retrieving connection 'postgres_localhost'
[2024-09-23T01:35:43.306+0000] {base.py:84} INFO - Retrieving connection 'postgres_localhost'
[2024-09-23T01:35:43.933+0000] {sql.py:509} INFO - Running statement: 
            create table if not exists dag_runs (
                dt date,
                dag_id character varying,
                primary key (dt, dag_id)
            )
        , parameters: None
[2024-09-23T01:35:44.031+0000] {taskinstance.py:340} INFO - ::group::Post task execution logs
[2024-09-23T01:35:44.084+0000] {taskinstance.py:352} INFO - Marking task as SUCCESS. dag_id=dag_with_postgres_operator_v03, task_id=create_postgres_table, run_id=scheduled__2024-09-20T00:00:00+00:00, execution_date=20240920T000000, start_date=20240923T013535, end_date=20240923T013544
[2024-09-23T01:35:45.102+0000] {local_task_job_runner.py:266} INFO - Task exited with return code 0
[2024-09-23T01:35:45.270+0000] {logging_mixin.py:190} WARNING - /home/***/.local/lib/python3.12/site-packages/***/models/baseoperator.py:1378 AirflowProviderDeprecationWarning: Call to deprecated class PostgresOperator. (Please use `***.providers.common.sql.operators.sql.SQLExecuteQueryOperator`.Also, you can provide `hook_params={'schema': <database>}`.)
[2024-09-23T01:35:45.409+0000] {taskinstance.py:3900} INFO - 1 downstream tasks scheduled from follow-on schedule check
[2024-09-23T01:35:46.360+0000] {standard_task_runner.py:217} INFO - Process not found (most likely exited), stop collecting metrics
[2024-09-23T01:35:46.374+0000] {local_task_job_runner.py:245} INFO - ::endgroup::
