[2024-09-10T07:14:33.519+0000] {local_task_job_runner.py:123} INFO - ::group::Pre task execution logs
[2024-09-10T07:14:33.558+0000] {taskinstance.py:2612} INFO - Dependencies all met for dep_context=non-requeueable deps ti=<TaskInstance: our_first_dag.first_task scheduled__2023-05-08T00:00:00+00:00 [queued]>
[2024-09-10T07:14:33.583+0000] {taskinstance.py:2612} INFO - Dependencies all met for dep_context=requeueable deps ti=<TaskInstance: our_first_dag.first_task scheduled__2023-05-08T00:00:00+00:00 [queued]>
[2024-09-10T07:14:33.587+0000] {taskinstance.py:2865} INFO - Starting attempt 1 of 6
[2024-09-10T07:14:33.621+0000] {taskinstance.py:2888} INFO - Executing <Task(BashOperator): first_task> on 2023-05-08 00:00:00+00:00
[2024-09-10T07:14:33.632+0000] {logging_mixin.py:190} WARNING - /home/***/.local/lib/python3.12/site-packages/***/task/task_runner/standard_task_runner.py:70 DeprecationWarning: This process (pid=4126) is multi-threaded, use of fork() may lead to deadlocks in the child.
[2024-09-10T07:14:33.634+0000] {standard_task_runner.py:72} INFO - Started process 4141 to run task
[2024-09-10T07:14:33.636+0000] {standard_task_runner.py:104} INFO - Running: ['***', 'tasks', 'run', 'our_first_dag', 'first_task', 'scheduled__2023-05-08T00:00:00+00:00', '--job-id', '652', '--raw', '--subdir', 'DAGS_FOLDER/our_first_dag.py', '--cfg-path', '/tmp/tmpc_phz5wp']
[2024-09-10T07:14:33.653+0000] {standard_task_runner.py:105} INFO - Job 652: Subtask first_task
[2024-09-10T07:14:33.754+0000] {task_command.py:467} INFO - Running <TaskInstance: our_first_dag.first_task scheduled__2023-05-08T00:00:00+00:00 [running]> on host 5508ea9ebfaf
[2024-09-10T07:14:33.919+0000] {taskinstance.py:3131} INFO - Exporting env vars: AIRFLOW_CTX_DAG_OWNER='coder2j' AIRFLOW_CTX_DAG_ID='our_first_dag' AIRFLOW_CTX_TASK_ID='first_task' AIRFLOW_CTX_EXECUTION_DATE='2023-05-08T00:00:00+00:00' AIRFLOW_CTX_TRY_NUMBER='1' AIRFLOW_CTX_DAG_RUN_ID='scheduled__2023-05-08T00:00:00+00:00'
[2024-09-10T07:14:33.920+0000] {taskinstance.py:731} INFO - ::endgroup::
[2024-09-10T07:14:33.957+0000] {subprocess.py:63} INFO - Tmp dir root location: /tmp
[2024-09-10T07:14:33.959+0000] {subprocess.py:75} INFO - Running command: ['/usr/bin/bash', '-c', 'echo hello world, this is the first task!']
[2024-09-10T07:14:33.973+0000] {subprocess.py:86} INFO - Output:
[2024-09-10T07:14:33.975+0000] {subprocess.py:93} INFO - hello world, this is the first task!
[2024-09-10T07:14:33.975+0000] {subprocess.py:97} INFO - Command exited with return code 0
[2024-09-10T07:14:34.009+0000] {taskinstance.py:340} INFO - ::group::Post task execution logs
[2024-09-10T07:14:34.010+0000] {taskinstance.py:352} INFO - Marking task as SUCCESS. dag_id=our_first_dag, task_id=first_task, run_id=scheduled__2023-05-08T00:00:00+00:00, execution_date=20230508T000000, start_date=20240910T071433, end_date=20240910T071434
[2024-09-10T07:14:34.068+0000] {local_task_job_runner.py:266} INFO - Task exited with return code 0
[2024-09-10T07:14:34.097+0000] {taskinstance.py:3900} INFO - 0 downstream tasks scheduled from follow-on schedule check
[2024-09-10T07:14:34.101+0000] {local_task_job_runner.py:245} INFO - ::endgroup::
