[2024-09-10T07:27:57.061+0000] {local_task_job_runner.py:123} INFO - ::group::Pre task execution logs
[2024-09-10T07:27:57.073+0000] {taskinstance.py:2612} INFO - Dependencies all met for dep_context=non-requeueable deps ti=<TaskInstance: our_first_dag_V3.first_task scheduled__2022-05-23T00:00:00+00:00 [queued]>
[2024-09-10T07:27:57.081+0000] {taskinstance.py:2612} INFO - Dependencies all met for dep_context=requeueable deps ti=<TaskInstance: our_first_dag_V3.first_task scheduled__2022-05-23T00:00:00+00:00 [queued]>
[2024-09-10T07:27:57.082+0000] {taskinstance.py:2865} INFO - Starting attempt 1 of 6
[2024-09-10T07:27:57.095+0000] {taskinstance.py:2888} INFO - Executing <Task(BashOperator): first_task> on 2022-05-23 00:00:00+00:00
[2024-09-10T07:27:57.101+0000] {logging_mixin.py:190} WARNING - /home/***/.local/lib/python3.12/site-packages/***/task/task_runner/standard_task_runner.py:70 DeprecationWarning: This process (pid=15246) is multi-threaded, use of fork() may lead to deadlocks in the child.
[2024-09-10T07:27:57.102+0000] {standard_task_runner.py:72} INFO - Started process 15247 to run task
[2024-09-10T07:27:57.101+0000] {standard_task_runner.py:104} INFO - Running: ['***', 'tasks', 'run', 'our_first_dag_V3', 'first_task', 'scheduled__2022-05-23T00:00:00+00:00', '--job-id', '3347', '--raw', '--subdir', 'DAGS_FOLDER/our_first_dag.py', '--cfg-path', '/tmp/tmpfp7_7say']
[2024-09-10T07:27:57.103+0000] {standard_task_runner.py:105} INFO - Job 3347: Subtask first_task
[2024-09-10T07:27:57.145+0000] {task_command.py:467} INFO - Running <TaskInstance: our_first_dag_V3.first_task scheduled__2022-05-23T00:00:00+00:00 [running]> on host 5508ea9ebfaf
[2024-09-10T07:27:57.220+0000] {taskinstance.py:3131} INFO - Exporting env vars: AIRFLOW_CTX_DAG_OWNER='coder2j' AIRFLOW_CTX_DAG_ID='our_first_dag_V3' AIRFLOW_CTX_TASK_ID='first_task' AIRFLOW_CTX_EXECUTION_DATE='2022-05-23T00:00:00+00:00' AIRFLOW_CTX_TRY_NUMBER='1' AIRFLOW_CTX_DAG_RUN_ID='scheduled__2022-05-23T00:00:00+00:00'
[2024-09-10T07:27:57.221+0000] {taskinstance.py:731} INFO - ::endgroup::
[2024-09-10T07:27:57.233+0000] {subprocess.py:63} INFO - Tmp dir root location: /tmp
[2024-09-10T07:27:57.234+0000] {subprocess.py:75} INFO - Running command: ['/usr/bin/bash', '-c', 'echo hello world, this is the first task!']
[2024-09-10T07:27:57.242+0000] {subprocess.py:86} INFO - Output:
[2024-09-10T07:27:57.243+0000] {subprocess.py:93} INFO - hello world, this is the first task!
[2024-09-10T07:27:57.244+0000] {subprocess.py:97} INFO - Command exited with return code 0
[2024-09-10T07:27:57.267+0000] {taskinstance.py:340} INFO - ::group::Post task execution logs
[2024-09-10T07:27:57.268+0000] {taskinstance.py:352} INFO - Marking task as SUCCESS. dag_id=our_first_dag_V3, task_id=first_task, run_id=scheduled__2022-05-23T00:00:00+00:00, execution_date=20220523T000000, start_date=20240910T072757, end_date=20240910T072757
[2024-09-10T07:27:57.358+0000] {local_task_job_runner.py:266} INFO - Task exited with return code 0
[2024-09-10T07:27:57.367+0000] {local_task_job_runner.py:245} INFO - ::endgroup::
