[2024-09-10T08:11:12.978+0000] {local_task_job_runner.py:123} INFO - ::group::Pre task execution logs
[2024-09-10T08:11:13.071+0000] {taskinstance.py:2612} INFO - Dependencies all met for dep_context=non-requeueable deps ti=<TaskInstance: our_first_dag_V5.first_task scheduled__2021-10-20T00:00:00+00:00 [queued]>
[2024-09-10T08:11:13.115+0000] {taskinstance.py:2612} INFO - Dependencies all met for dep_context=requeueable deps ti=<TaskInstance: our_first_dag_V5.first_task scheduled__2021-10-20T00:00:00+00:00 [queued]>
[2024-09-10T08:11:13.117+0000] {taskinstance.py:2865} INFO - Starting attempt 1 of 6
[2024-09-10T08:11:13.195+0000] {taskinstance.py:2888} INFO - Executing <Task(BashOperator): first_task> on 2021-10-20 00:00:00+00:00
[2024-09-10T08:11:13.206+0000] {logging_mixin.py:190} WARNING - /home/***/.local/lib/python3.12/site-packages/***/task/task_runner/standard_task_runner.py:70 DeprecationWarning: This process (pid=29386) is multi-threaded, use of fork() may lead to deadlocks in the child.
[2024-09-10T08:11:13.210+0000] {standard_task_runner.py:72} INFO - Started process 29398 to run task
[2024-09-10T08:11:13.206+0000] {standard_task_runner.py:104} INFO - Running: ['***', 'tasks', 'run', 'our_first_dag_V5', 'first_task', 'scheduled__2021-10-20T00:00:00+00:00', '--job-id', '6641', '--raw', '--subdir', 'DAGS_FOLDER/our_first_dag.py', '--cfg-path', '/tmp/tmp323o7iui']
[2024-09-10T08:11:13.215+0000] {standard_task_runner.py:105} INFO - Job 6641: Subtask first_task
[2024-09-10T08:11:13.327+0000] {task_command.py:467} INFO - Running <TaskInstance: our_first_dag_V5.first_task scheduled__2021-10-20T00:00:00+00:00 [running]> on host 5508ea9ebfaf
[2024-09-10T08:11:13.501+0000] {taskinstance.py:3131} INFO - Exporting env vars: AIRFLOW_CTX_DAG_OWNER='coder2j' AIRFLOW_CTX_DAG_ID='our_first_dag_V5' AIRFLOW_CTX_TASK_ID='first_task' AIRFLOW_CTX_EXECUTION_DATE='2021-10-20T00:00:00+00:00' AIRFLOW_CTX_TRY_NUMBER='1' AIRFLOW_CTX_DAG_RUN_ID='scheduled__2021-10-20T00:00:00+00:00'
[2024-09-10T08:11:13.502+0000] {taskinstance.py:731} INFO - ::endgroup::
[2024-09-10T08:11:13.532+0000] {subprocess.py:63} INFO - Tmp dir root location: /tmp
[2024-09-10T08:11:13.534+0000] {subprocess.py:75} INFO - Running command: ['/usr/bin/bash', '-c', 'echo hello world, this is the first task!']
[2024-09-10T08:11:13.549+0000] {subprocess.py:86} INFO - Output:
[2024-09-10T08:11:13.551+0000] {subprocess.py:93} INFO - hello world, this is the first task!
[2024-09-10T08:11:13.552+0000] {subprocess.py:97} INFO - Command exited with return code 0
[2024-09-10T08:11:13.599+0000] {taskinstance.py:340} INFO - ::group::Post task execution logs
[2024-09-10T08:11:13.600+0000] {taskinstance.py:352} INFO - Marking task as SUCCESS. dag_id=our_first_dag_V5, task_id=first_task, run_id=scheduled__2021-10-20T00:00:00+00:00, execution_date=20211020T000000, start_date=20240910T081113, end_date=20240910T081113
[2024-09-10T08:11:13.648+0000] {local_task_job_runner.py:266} INFO - Task exited with return code 0
[2024-09-10T08:11:13.685+0000] {taskinstance.py:3900} INFO - 2 downstream tasks scheduled from follow-on schedule check
[2024-09-10T08:11:13.690+0000] {local_task_job_runner.py:245} INFO - ::endgroup::
