[2024-09-10T07:29:26.538+0000] {local_task_job_runner.py:123} INFO - ::group::Pre task execution logs
[2024-09-10T07:29:26.648+0000] {taskinstance.py:2612} INFO - Dependencies all met for dep_context=non-requeueable deps ti=<TaskInstance: our_first_dag_V3.third_task scheduled__2022-10-04T00:00:00+00:00 [queued]>
[2024-09-10T07:29:26.685+0000] {taskinstance.py:2612} INFO - Dependencies all met for dep_context=requeueable deps ti=<TaskInstance: our_first_dag_V3.third_task scheduled__2022-10-04T00:00:00+00:00 [queued]>
[2024-09-10T07:29:26.687+0000] {taskinstance.py:2865} INFO - Starting attempt 1 of 6
[2024-09-10T07:29:26.810+0000] {taskinstance.py:2888} INFO - Executing <Task(BashOperator): third_task> on 2022-10-04 00:00:00+00:00
[2024-09-10T07:29:26.824+0000] {logging_mixin.py:190} WARNING - /home/***/.local/lib/python3.12/site-packages/***/task/task_runner/standard_task_runner.py:70 DeprecationWarning: This process (pid=16895) is multi-threaded, use of fork() may lead to deadlocks in the child.
[2024-09-10T07:29:26.837+0000] {standard_task_runner.py:72} INFO - Started process 16919 to run task
[2024-09-10T07:29:26.852+0000] {standard_task_runner.py:104} INFO - Running: ['***', 'tasks', 'run', 'our_first_dag_V3', 'third_task', 'scheduled__2022-10-04T00:00:00+00:00', '--job-id', '3758', '--raw', '--subdir', 'DAGS_FOLDER/our_first_dag.py', '--cfg-path', '/tmp/tmpdpvsj0_l']
[2024-09-10T07:29:26.863+0000] {standard_task_runner.py:105} INFO - Job 3758: Subtask third_task
[2024-09-10T07:29:27.083+0000] {task_command.py:467} INFO - Running <TaskInstance: our_first_dag_V3.third_task scheduled__2022-10-04T00:00:00+00:00 [running]> on host 5508ea9ebfaf
[2024-09-10T07:29:27.514+0000] {taskinstance.py:3131} INFO - Exporting env vars: AIRFLOW_CTX_DAG_OWNER='coder2j' AIRFLOW_CTX_DAG_ID='our_first_dag_V3' AIRFLOW_CTX_TASK_ID='third_task' AIRFLOW_CTX_EXECUTION_DATE='2022-10-04T00:00:00+00:00' AIRFLOW_CTX_TRY_NUMBER='1' AIRFLOW_CTX_DAG_RUN_ID='scheduled__2022-10-04T00:00:00+00:00'
[2024-09-10T07:29:27.515+0000] {taskinstance.py:731} INFO - ::endgroup::
[2024-09-10T07:29:27.591+0000] {subprocess.py:63} INFO - Tmp dir root location: /tmp
[2024-09-10T07:29:27.593+0000] {subprocess.py:75} INFO - Running command: ['/usr/bin/bash', '-c', 'echo hey, this is the third task!']
[2024-09-10T07:29:27.612+0000] {subprocess.py:86} INFO - Output:
[2024-09-10T07:29:27.618+0000] {subprocess.py:93} INFO - hey, this is the third task!
[2024-09-10T07:29:27.622+0000] {subprocess.py:97} INFO - Command exited with return code 0
[2024-09-10T07:29:27.745+0000] {taskinstance.py:340} INFO - ::group::Post task execution logs
[2024-09-10T07:29:27.746+0000] {taskinstance.py:352} INFO - Marking task as SUCCESS. dag_id=our_first_dag_V3, task_id=third_task, run_id=scheduled__2022-10-04T00:00:00+00:00, execution_date=20221004T000000, start_date=20240910T072926, end_date=20240910T072927
[2024-09-10T07:29:28.009+0000] {local_task_job_runner.py:266} INFO - Task exited with return code 0
[2024-09-10T07:29:28.042+0000] {taskinstance.py:3900} INFO - 0 downstream tasks scheduled from follow-on schedule check
[2024-09-10T07:29:28.068+0000] {local_task_job_runner.py:245} INFO - ::endgroup::
