[2024-09-10T08:12:24.380+0000] {local_task_job_runner.py:123} INFO - ::group::Pre task execution logs
[2024-09-10T08:12:24.440+0000] {taskinstance.py:2612} INFO - Dependencies all met for dep_context=non-requeueable deps ti=<TaskInstance: our_first_dag_V5.second_task scheduled__2022-01-13T00:00:00+00:00 [queued]>
[2024-09-10T08:12:24.481+0000] {taskinstance.py:2612} INFO - Dependencies all met for dep_context=requeueable deps ti=<TaskInstance: our_first_dag_V5.second_task scheduled__2022-01-13T00:00:00+00:00 [queued]>
[2024-09-10T08:12:24.484+0000] {taskinstance.py:2865} INFO - Starting attempt 1 of 6
[2024-09-10T08:12:24.621+0000] {taskinstance.py:2888} INFO - Executing <Task(BashOperator): second_task> on 2022-01-13 00:00:00+00:00
[2024-09-10T08:12:24.655+0000] {logging_mixin.py:190} WARNING - /home/***/.local/lib/python3.12/site-packages/***/task/task_runner/standard_task_runner.py:70 DeprecationWarning: This process (pid=30473) is multi-threaded, use of fork() may lead to deadlocks in the child.
[2024-09-10T08:12:24.662+0000] {standard_task_runner.py:72} INFO - Started process 30489 to run task
[2024-09-10T08:12:24.668+0000] {standard_task_runner.py:104} INFO - Running: ['***', 'tasks', 'run', 'our_first_dag_V5', 'second_task', 'scheduled__2022-01-13T00:00:00+00:00', '--job-id', '6908', '--raw', '--subdir', 'DAGS_FOLDER/our_first_dag.py', '--cfg-path', '/tmp/tmpm1h_hk20']
[2024-09-10T08:12:24.673+0000] {standard_task_runner.py:105} INFO - Job 6908: Subtask second_task
[2024-09-10T08:12:24.940+0000] {task_command.py:467} INFO - Running <TaskInstance: our_first_dag_V5.second_task scheduled__2022-01-13T00:00:00+00:00 [running]> on host 5508ea9ebfaf
[2024-09-10T08:12:25.400+0000] {taskinstance.py:3131} INFO - Exporting env vars: AIRFLOW_CTX_DAG_OWNER='coder2j' AIRFLOW_CTX_DAG_ID='our_first_dag_V5' AIRFLOW_CTX_TASK_ID='second_task' AIRFLOW_CTX_EXECUTION_DATE='2022-01-13T00:00:00+00:00' AIRFLOW_CTX_TRY_NUMBER='1' AIRFLOW_CTX_DAG_RUN_ID='scheduled__2022-01-13T00:00:00+00:00'
[2024-09-10T08:12:25.412+0000] {taskinstance.py:731} INFO - ::endgroup::
[2024-09-10T08:12:25.475+0000] {subprocess.py:63} INFO - Tmp dir root location: /tmp
[2024-09-10T08:12:25.476+0000] {subprocess.py:75} INFO - Running command: ['/usr/bin/bash', '-c', 'echo hey, this is the second task!']
[2024-09-10T08:12:25.503+0000] {subprocess.py:86} INFO - Output:
[2024-09-10T08:12:25.507+0000] {subprocess.py:93} INFO - hey, this is the second task!
[2024-09-10T08:12:25.520+0000] {subprocess.py:97} INFO - Command exited with return code 0
[2024-09-10T08:12:25.693+0000] {taskinstance.py:340} INFO - ::group::Post task execution logs
[2024-09-10T08:12:25.701+0000] {taskinstance.py:352} INFO - Marking task as SUCCESS. dag_id=our_first_dag_V5, task_id=second_task, run_id=scheduled__2022-01-13T00:00:00+00:00, execution_date=20220113T000000, start_date=20240910T081224, end_date=20240910T081225
[2024-09-10T08:12:26.189+0000] {local_task_job_runner.py:266} INFO - Task exited with return code 0
[2024-09-10T08:12:26.242+0000] {local_task_job_runner.py:245} INFO - ::endgroup::
