[2024-09-10T07:27:18.811+0000] {local_task_job_runner.py:123} INFO - ::group::Pre task execution logs
[2024-09-10T07:27:18.888+0000] {taskinstance.py:2612} INFO - Dependencies all met for dep_context=non-requeueable deps ti=<TaskInstance: our_first_dag_V3.second_task scheduled__2022-04-02T00:00:00+00:00 [queued]>
[2024-09-10T07:27:18.908+0000] {taskinstance.py:2612} INFO - Dependencies all met for dep_context=requeueable deps ti=<TaskInstance: our_first_dag_V3.second_task scheduled__2022-04-02T00:00:00+00:00 [queued]>
[2024-09-10T07:27:18.909+0000] {taskinstance.py:2865} INFO - Starting attempt 1 of 6
[2024-09-10T07:27:19.222+0000] {taskinstance.py:2888} INFO - Executing <Task(BashOperator): second_task> on 2022-04-02 00:00:00+00:00
[2024-09-10T07:27:19.335+0000] {logging_mixin.py:190} WARNING - /home/***/.local/lib/python3.12/site-packages/***/task/task_runner/standard_task_runner.py:70 DeprecationWarning: This process (pid=14622) is multi-threaded, use of fork() may lead to deadlocks in the child.
[2024-09-10T07:27:19.389+0000] {standard_task_runner.py:72} INFO - Started process 14645 to run task
[2024-09-10T07:27:19.367+0000] {standard_task_runner.py:104} INFO - Running: ['***', 'tasks', 'run', 'our_first_dag_V3', 'second_task', 'scheduled__2022-04-02T00:00:00+00:00', '--job-id', '3199', '--raw', '--subdir', 'DAGS_FOLDER/our_first_dag.py', '--cfg-path', '/tmp/tmpck20rm6j']
[2024-09-10T07:27:19.451+0000] {standard_task_runner.py:105} INFO - Job 3199: Subtask second_task
[2024-09-10T07:27:19.697+0000] {task_command.py:467} INFO - Running <TaskInstance: our_first_dag_V3.second_task scheduled__2022-04-02T00:00:00+00:00 [running]> on host 5508ea9ebfaf
[2024-09-10T07:27:20.113+0000] {taskinstance.py:3131} INFO - Exporting env vars: AIRFLOW_CTX_DAG_OWNER='coder2j' AIRFLOW_CTX_DAG_ID='our_first_dag_V3' AIRFLOW_CTX_TASK_ID='second_task' AIRFLOW_CTX_EXECUTION_DATE='2022-04-02T00:00:00+00:00' AIRFLOW_CTX_TRY_NUMBER='1' AIRFLOW_CTX_DAG_RUN_ID='scheduled__2022-04-02T00:00:00+00:00'
[2024-09-10T07:27:20.117+0000] {taskinstance.py:731} INFO - ::endgroup::
[2024-09-10T07:27:20.171+0000] {subprocess.py:63} INFO - Tmp dir root location: /tmp
[2024-09-10T07:27:20.179+0000] {subprocess.py:75} INFO - Running command: ['/usr/bin/bash', '-c', 'echo hey, this is the second task!']
[2024-09-10T07:27:20.212+0000] {subprocess.py:86} INFO - Output:
[2024-09-10T07:27:20.238+0000] {subprocess.py:93} INFO - hey, this is the second task!
[2024-09-10T07:27:20.240+0000] {subprocess.py:97} INFO - Command exited with return code 0
[2024-09-10T07:27:20.450+0000] {taskinstance.py:340} INFO - ::group::Post task execution logs
[2024-09-10T07:27:20.475+0000] {taskinstance.py:352} INFO - Marking task as SUCCESS. dag_id=our_first_dag_V3, task_id=second_task, run_id=scheduled__2022-04-02T00:00:00+00:00, execution_date=20220402T000000, start_date=20240910T072718, end_date=20240910T072720
[2024-09-10T07:27:20.666+0000] {local_task_job_runner.py:266} INFO - Task exited with return code 0
[2024-09-10T07:27:20.726+0000] {local_task_job_runner.py:245} INFO - ::endgroup::
