[2024-09-10T08:21:51.752+0000] {local_task_job_runner.py:123} INFO - ::group::Pre task execution logs
[2024-09-10T08:21:51.841+0000] {taskinstance.py:2612} INFO - Dependencies all met for dep_context=non-requeueable deps ti=<TaskInstance: our_first_dag_V5.first_task scheduled__2023-12-15T00:00:00+00:00 [queued]>
[2024-09-10T08:21:51.913+0000] {taskinstance.py:2612} INFO - Dependencies all met for dep_context=requeueable deps ti=<TaskInstance: our_first_dag_V5.first_task scheduled__2023-12-15T00:00:00+00:00 [queued]>
[2024-09-10T08:21:51.915+0000] {taskinstance.py:2865} INFO - Starting attempt 1 of 6
[2024-09-10T08:21:52.320+0000] {taskinstance.py:2888} INFO - Executing <Task(BashOperator): first_task> on 2023-12-15 00:00:00+00:00
[2024-09-10T08:21:52.343+0000] {logging_mixin.py:190} WARNING - /home/***/.local/lib/python3.12/site-packages/***/task/task_runner/standard_task_runner.py:70 DeprecationWarning: This process (pid=39014) is multi-threaded, use of fork() may lead to deadlocks in the child.
[2024-09-10T08:21:52.353+0000] {standard_task_runner.py:72} INFO - Started process 39037 to run task
[2024-09-10T08:21:52.344+0000] {standard_task_runner.py:104} INFO - Running: ['***', 'tasks', 'run', 'our_first_dag_V5', 'first_task', 'scheduled__2023-12-15T00:00:00+00:00', '--job-id', '8993', '--raw', '--subdir', 'DAGS_FOLDER/our_first_dag.py', '--cfg-path', '/tmp/tmpsz6s4jac']
[2024-09-10T08:21:52.380+0000] {standard_task_runner.py:105} INFO - Job 8993: Subtask first_task
[2024-09-10T08:21:52.899+0000] {task_command.py:467} INFO - Running <TaskInstance: our_first_dag_V5.first_task scheduled__2023-12-15T00:00:00+00:00 [running]> on host 5508ea9ebfaf
[2024-09-10T08:21:53.428+0000] {taskinstance.py:3131} INFO - Exporting env vars: AIRFLOW_CTX_DAG_OWNER='coder2j' AIRFLOW_CTX_DAG_ID='our_first_dag_V5' AIRFLOW_CTX_TASK_ID='first_task' AIRFLOW_CTX_EXECUTION_DATE='2023-12-15T00:00:00+00:00' AIRFLOW_CTX_TRY_NUMBER='1' AIRFLOW_CTX_DAG_RUN_ID='scheduled__2023-12-15T00:00:00+00:00'
[2024-09-10T08:21:53.430+0000] {taskinstance.py:731} INFO - ::endgroup::
[2024-09-10T08:21:53.525+0000] {subprocess.py:63} INFO - Tmp dir root location: /tmp
[2024-09-10T08:21:53.528+0000] {subprocess.py:75} INFO - Running command: ['/usr/bin/bash', '-c', 'echo hello world, this is the first task!']
[2024-09-10T08:21:53.605+0000] {subprocess.py:86} INFO - Output:
[2024-09-10T08:21:53.613+0000] {subprocess.py:93} INFO - hello world, this is the first task!
[2024-09-10T08:21:53.615+0000] {subprocess.py:97} INFO - Command exited with return code 0
[2024-09-10T08:21:53.681+0000] {taskinstance.py:340} INFO - ::group::Post task execution logs
[2024-09-10T08:21:53.698+0000] {taskinstance.py:352} INFO - Marking task as SUCCESS. dag_id=our_first_dag_V5, task_id=first_task, run_id=scheduled__2023-12-15T00:00:00+00:00, execution_date=20231215T000000, start_date=20240910T082151, end_date=20240910T082153
[2024-09-10T08:21:53.833+0000] {local_task_job_runner.py:266} INFO - Task exited with return code 0
[2024-09-10T08:21:53.893+0000] {taskinstance.py:3900} INFO - 2 downstream tasks scheduled from follow-on schedule check
[2024-09-10T08:21:53.915+0000] {local_task_job_runner.py:245} INFO - ::endgroup::
