[2024-09-10T08:16:34.903+0000] {local_task_job_runner.py:123} INFO - ::group::Pre task execution logs
[2024-09-10T08:16:34.930+0000] {taskinstance.py:2612} INFO - Dependencies all met for dep_context=non-requeueable deps ti=<TaskInstance: our_first_dag_V5.first_task scheduled__2022-10-14T00:00:00+00:00 [queued]>
[2024-09-10T08:16:34.945+0000] {taskinstance.py:2612} INFO - Dependencies all met for dep_context=requeueable deps ti=<TaskInstance: our_first_dag_V5.first_task scheduled__2022-10-14T00:00:00+00:00 [queued]>
[2024-09-10T08:16:34.946+0000] {taskinstance.py:2865} INFO - Starting attempt 1 of 6
[2024-09-10T08:16:34.989+0000] {taskinstance.py:2888} INFO - Executing <Task(BashOperator): first_task> on 2022-10-14 00:00:00+00:00
[2024-09-10T08:16:35.001+0000] {logging_mixin.py:190} WARNING - /home/***/.local/lib/python3.12/site-packages/***/task/task_runner/standard_task_runner.py:70 DeprecationWarning: This process (pid=33803) is multi-threaded, use of fork() may lead to deadlocks in the child.
[2024-09-10T08:16:35.003+0000] {standard_task_runner.py:104} INFO - Running: ['***', 'tasks', 'run', 'our_first_dag_V5', 'first_task', 'scheduled__2022-10-14T00:00:00+00:00', '--job-id', '7718', '--raw', '--subdir', 'DAGS_FOLDER/our_first_dag.py', '--cfg-path', '/tmp/tmpi5ztnp6i']
[2024-09-10T08:16:35.006+0000] {standard_task_runner.py:72} INFO - Started process 33816 to run task
[2024-09-10T08:16:35.007+0000] {standard_task_runner.py:105} INFO - Job 7718: Subtask first_task
[2024-09-10T08:16:35.128+0000] {task_command.py:467} INFO - Running <TaskInstance: our_first_dag_V5.first_task scheduled__2022-10-14T00:00:00+00:00 [running]> on host 5508ea9ebfaf
[2024-09-10T08:16:35.344+0000] {taskinstance.py:3131} INFO - Exporting env vars: AIRFLOW_CTX_DAG_OWNER='coder2j' AIRFLOW_CTX_DAG_ID='our_first_dag_V5' AIRFLOW_CTX_TASK_ID='first_task' AIRFLOW_CTX_EXECUTION_DATE='2022-10-14T00:00:00+00:00' AIRFLOW_CTX_TRY_NUMBER='1' AIRFLOW_CTX_DAG_RUN_ID='scheduled__2022-10-14T00:00:00+00:00'
[2024-09-10T08:16:35.348+0000] {taskinstance.py:731} INFO - ::endgroup::
[2024-09-10T08:16:35.381+0000] {subprocess.py:63} INFO - Tmp dir root location: /tmp
[2024-09-10T08:16:35.382+0000] {subprocess.py:75} INFO - Running command: ['/usr/bin/bash', '-c', 'echo hello world, this is the first task!']
[2024-09-10T08:16:35.395+0000] {subprocess.py:86} INFO - Output:
[2024-09-10T08:16:35.397+0000] {subprocess.py:93} INFO - hello world, this is the first task!
[2024-09-10T08:16:35.398+0000] {subprocess.py:97} INFO - Command exited with return code 0
[2024-09-10T08:16:35.470+0000] {taskinstance.py:340} INFO - ::group::Post task execution logs
[2024-09-10T08:16:35.473+0000] {taskinstance.py:352} INFO - Marking task as SUCCESS. dag_id=our_first_dag_V5, task_id=first_task, run_id=scheduled__2022-10-14T00:00:00+00:00, execution_date=20221014T000000, start_date=20240910T081634, end_date=20240910T081635
[2024-09-10T08:16:35.599+0000] {local_task_job_runner.py:266} INFO - Task exited with return code 0
[2024-09-10T08:16:35.639+0000] {taskinstance.py:3900} INFO - 2 downstream tasks scheduled from follow-on schedule check
[2024-09-10T08:16:35.645+0000] {local_task_job_runner.py:245} INFO - ::endgroup::
