[2024-09-12T02:16:30.119+0000] {local_task_job_runner.py:123} INFO - ::group::Pre task execution logs
[2024-09-12T02:16:30.136+0000] {taskinstance.py:2612} INFO - Dependencies all met for dep_context=non-requeueable deps ti=<TaskInstance: our_first_dag_V6.second_task scheduled__2021-12-25T00:00:00+00:00 [queued]>
[2024-09-12T02:16:30.146+0000] {taskinstance.py:2612} INFO - Dependencies all met for dep_context=requeueable deps ti=<TaskInstance: our_first_dag_V6.second_task scheduled__2021-12-25T00:00:00+00:00 [queued]>
[2024-09-12T02:16:30.147+0000] {taskinstance.py:2865} INFO - Starting attempt 1 of 6
[2024-09-12T02:16:30.165+0000] {taskinstance.py:2888} INFO - Executing <Task(BashOperator): second_task> on 2021-12-25 00:00:00+00:00
[2024-09-12T02:16:30.173+0000] {logging_mixin.py:190} WARNING - /home/***/.local/lib/python3.12/site-packages/***/task/task_runner/standard_task_runner.py:70 DeprecationWarning: This process (pid=2228) is multi-threaded, use of fork() may lead to deadlocks in the child.
[2024-09-12T02:16:30.174+0000] {standard_task_runner.py:72} INFO - Started process 2230 to run task
[2024-09-12T02:16:30.173+0000] {standard_task_runner.py:104} INFO - Running: ['***', 'tasks', 'run', 'our_first_dag_V6', 'second_task', 'scheduled__2021-12-25T00:00:00+00:00', '--job-id', '18753', '--raw', '--subdir', 'DAGS_FOLDER/our_first_dag.py', '--cfg-path', '/tmp/tmp9ohe1kzi']
[2024-09-12T02:16:30.176+0000] {standard_task_runner.py:105} INFO - Job 18753: Subtask second_task
[2024-09-12T02:16:30.243+0000] {task_command.py:467} INFO - Running <TaskInstance: our_first_dag_V6.second_task scheduled__2021-12-25T00:00:00+00:00 [running]> on host 5508ea9ebfaf
[2024-09-12T02:16:30.354+0000] {taskinstance.py:3131} INFO - Exporting env vars: AIRFLOW_CTX_DAG_OWNER='acap' AIRFLOW_CTX_DAG_ID='our_first_dag_V6' AIRFLOW_CTX_TASK_ID='second_task' AIRFLOW_CTX_EXECUTION_DATE='2021-12-25T00:00:00+00:00' AIRFLOW_CTX_TRY_NUMBER='1' AIRFLOW_CTX_DAG_RUN_ID='scheduled__2021-12-25T00:00:00+00:00'
[2024-09-12T02:16:30.355+0000] {taskinstance.py:731} INFO - ::endgroup::
[2024-09-12T02:16:30.375+0000] {subprocess.py:63} INFO - Tmp dir root location: /tmp
[2024-09-12T02:16:30.376+0000] {subprocess.py:75} INFO - Running command: ['/usr/bin/bash', '-c', 'echo hey, this is the second task!']
[2024-09-12T02:16:30.386+0000] {subprocess.py:86} INFO - Output:
[2024-09-12T02:16:30.388+0000] {subprocess.py:93} INFO - hey, this is the second task!
[2024-09-12T02:16:30.389+0000] {subprocess.py:97} INFO - Command exited with return code 0
[2024-09-12T02:16:30.420+0000] {taskinstance.py:340} INFO - ::group::Post task execution logs
[2024-09-12T02:16:30.421+0000] {taskinstance.py:352} INFO - Marking task as SUCCESS. dag_id=our_first_dag_V6, task_id=second_task, run_id=scheduled__2021-12-25T00:00:00+00:00, execution_date=20211225T000000, start_date=20240912T021630, end_date=20240912T021630
[2024-09-12T02:16:30.511+0000] {local_task_job_runner.py:266} INFO - Task exited with return code 0
[2024-09-12T02:16:30.527+0000] {taskinstance.py:3900} INFO - 0 downstream tasks scheduled from follow-on schedule check
[2024-09-12T02:16:30.531+0000] {local_task_job_runner.py:245} INFO - ::endgroup::
