[2024-09-12T02:20:26.772+0000] {local_task_job_runner.py:123} INFO - ::group::Pre task execution logs
[2024-09-12T02:20:26.829+0000] {taskinstance.py:2612} INFO - Dependencies all met for dep_context=non-requeueable deps ti=<TaskInstance: our_first_dag_V6.second_task scheduled__2022-11-27T00:00:00+00:00 [queued]>
[2024-09-12T02:20:26.846+0000] {taskinstance.py:2612} INFO - Dependencies all met for dep_context=requeueable deps ti=<TaskInstance: our_first_dag_V6.second_task scheduled__2022-11-27T00:00:00+00:00 [queued]>
[2024-09-12T02:20:26.848+0000] {taskinstance.py:2865} INFO - Starting attempt 1 of 6
[2024-09-12T02:20:26.921+0000] {taskinstance.py:2888} INFO - Executing <Task(BashOperator): second_task> on 2022-11-27 00:00:00+00:00
[2024-09-12T02:20:26.934+0000] {logging_mixin.py:190} WARNING - /home/***/.local/lib/python3.12/site-packages/***/task/task_runner/standard_task_runner.py:70 DeprecationWarning: This process (pid=7001) is multi-threaded, use of fork() may lead to deadlocks in the child.
[2024-09-12T02:20:26.938+0000] {standard_task_runner.py:72} INFO - Started process 7023 to run task
[2024-09-12T02:20:26.940+0000] {standard_task_runner.py:104} INFO - Running: ['***', 'tasks', 'run', 'our_first_dag_V6', 'second_task', 'scheduled__2022-11-27T00:00:00+00:00', '--job-id', '19902', '--raw', '--subdir', 'DAGS_FOLDER/our_first_dag.py', '--cfg-path', '/tmp/tmpdwznai5p']
[2024-09-12T02:20:26.949+0000] {standard_task_runner.py:105} INFO - Job 19902: Subtask second_task
[2024-09-12T02:20:27.206+0000] {task_command.py:467} INFO - Running <TaskInstance: our_first_dag_V6.second_task scheduled__2022-11-27T00:00:00+00:00 [running]> on host 5508ea9ebfaf
[2024-09-12T02:20:27.758+0000] {taskinstance.py:3131} INFO - Exporting env vars: AIRFLOW_CTX_DAG_OWNER='acap' AIRFLOW_CTX_DAG_ID='our_first_dag_V6' AIRFLOW_CTX_TASK_ID='second_task' AIRFLOW_CTX_EXECUTION_DATE='2022-11-27T00:00:00+00:00' AIRFLOW_CTX_TRY_NUMBER='1' AIRFLOW_CTX_DAG_RUN_ID='scheduled__2022-11-27T00:00:00+00:00'
[2024-09-12T02:20:27.792+0000] {taskinstance.py:731} INFO - ::endgroup::
[2024-09-12T02:20:27.859+0000] {subprocess.py:63} INFO - Tmp dir root location: /tmp
[2024-09-12T02:20:27.872+0000] {subprocess.py:75} INFO - Running command: ['/usr/bin/bash', '-c', 'echo hey, this is the second task!']
[2024-09-12T02:20:27.912+0000] {subprocess.py:86} INFO - Output:
[2024-09-12T02:20:27.916+0000] {subprocess.py:93} INFO - hey, this is the second task!
[2024-09-12T02:20:27.917+0000] {subprocess.py:97} INFO - Command exited with return code 0
[2024-09-12T02:20:28.011+0000] {taskinstance.py:340} INFO - ::group::Post task execution logs
[2024-09-12T02:20:28.012+0000] {taskinstance.py:352} INFO - Marking task as SUCCESS. dag_id=our_first_dag_V6, task_id=second_task, run_id=scheduled__2022-11-27T00:00:00+00:00, execution_date=20221127T000000, start_date=20240912T022026, end_date=20240912T022028
[2024-09-12T02:20:28.079+0000] {local_task_job_runner.py:266} INFO - Task exited with return code 0
[2024-09-12T02:20:28.101+0000] {local_task_job_runner.py:245} INFO - ::endgroup::
