[2024-09-10T07:34:54.750+0000] {local_task_job_runner.py:123} INFO - ::group::Pre task execution logs
[2024-09-10T07:34:54.798+0000] {taskinstance.py:2612} INFO - Dependencies all met for dep_context=non-requeueable deps ti=<TaskInstance: our_first_dag_V3.third_task scheduled__2024-02-13T00:00:00+00:00 [queued]>
[2024-09-10T07:34:54.828+0000] {taskinstance.py:2612} INFO - Dependencies all met for dep_context=requeueable deps ti=<TaskInstance: our_first_dag_V3.third_task scheduled__2024-02-13T00:00:00+00:00 [queued]>
[2024-09-10T07:34:54.830+0000] {taskinstance.py:2865} INFO - Starting attempt 1 of 6
[2024-09-10T07:34:54.891+0000] {taskinstance.py:2888} INFO - Executing <Task(BashOperator): third_task> on 2024-02-13 00:00:00+00:00
[2024-09-10T07:34:54.903+0000] {logging_mixin.py:190} WARNING - /home/***/.local/lib/python3.12/site-packages/***/task/task_runner/standard_task_runner.py:70 DeprecationWarning: This process (pid=22964) is multi-threaded, use of fork() may lead to deadlocks in the child.
[2024-09-10T07:34:54.908+0000] {standard_task_runner.py:72} INFO - Started process 22987 to run task
[2024-09-10T07:34:54.902+0000] {standard_task_runner.py:104} INFO - Running: ['***', 'tasks', 'run', 'our_first_dag_V3', 'third_task', 'scheduled__2024-02-13T00:00:00+00:00', '--job-id', '5246', '--raw', '--subdir', 'DAGS_FOLDER/our_first_dag.py', '--cfg-path', '/tmp/tmpgvion3s8']
[2024-09-10T07:34:54.909+0000] {standard_task_runner.py:105} INFO - Job 5246: Subtask third_task
[2024-09-10T07:34:55.056+0000] {task_command.py:467} INFO - Running <TaskInstance: our_first_dag_V3.third_task scheduled__2024-02-13T00:00:00+00:00 [running]> on host 5508ea9ebfaf
[2024-09-10T07:34:55.354+0000] {taskinstance.py:3131} INFO - Exporting env vars: AIRFLOW_CTX_DAG_OWNER='coder2j' AIRFLOW_CTX_DAG_ID='our_first_dag_V3' AIRFLOW_CTX_TASK_ID='third_task' AIRFLOW_CTX_EXECUTION_DATE='2024-02-13T00:00:00+00:00' AIRFLOW_CTX_TRY_NUMBER='1' AIRFLOW_CTX_DAG_RUN_ID='scheduled__2024-02-13T00:00:00+00:00'
[2024-09-10T07:34:55.364+0000] {taskinstance.py:731} INFO - ::endgroup::
[2024-09-10T07:34:55.418+0000] {subprocess.py:63} INFO - Tmp dir root location: /tmp
[2024-09-10T07:34:55.426+0000] {subprocess.py:75} INFO - Running command: ['/usr/bin/bash', '-c', 'echo hey, this is the third task!']
[2024-09-10T07:34:55.449+0000] {subprocess.py:86} INFO - Output:
[2024-09-10T07:34:55.455+0000] {subprocess.py:93} INFO - hey, this is the third task!
[2024-09-10T07:34:55.459+0000] {subprocess.py:97} INFO - Command exited with return code 0
[2024-09-10T07:34:55.538+0000] {taskinstance.py:340} INFO - ::group::Post task execution logs
[2024-09-10T07:34:55.542+0000] {taskinstance.py:352} INFO - Marking task as SUCCESS. dag_id=our_first_dag_V3, task_id=third_task, run_id=scheduled__2024-02-13T00:00:00+00:00, execution_date=20240213T000000, start_date=20240910T073454, end_date=20240910T073455
[2024-09-10T07:34:55.649+0000] {local_task_job_runner.py:266} INFO - Task exited with return code 0
[2024-09-10T07:34:55.680+0000] {taskinstance.py:3900} INFO - 0 downstream tasks scheduled from follow-on schedule check
[2024-09-10T07:34:55.688+0000] {local_task_job_runner.py:245} INFO - ::endgroup::
