[2024-09-12T02:24:05.727+0000] {local_task_job_runner.py:123} INFO - ::group::Pre task execution logs
[2024-09-12T02:24:05.751+0000] {taskinstance.py:2612} INFO - Dependencies all met for dep_context=non-requeueable deps ti=<TaskInstance: our_first_dag_V6.first_task scheduled__2023-10-14T00:00:00+00:00 [queued]>
[2024-09-12T02:24:05.764+0000] {taskinstance.py:2612} INFO - Dependencies all met for dep_context=requeueable deps ti=<TaskInstance: our_first_dag_V6.first_task scheduled__2023-10-14T00:00:00+00:00 [queued]>
[2024-09-12T02:24:05.764+0000] {taskinstance.py:2865} INFO - Starting attempt 1 of 6
[2024-09-12T02:24:05.798+0000] {taskinstance.py:2888} INFO - Executing <Task(BashOperator): first_task> on 2023-10-14 00:00:00+00:00
[2024-09-12T02:24:05.812+0000] {standard_task_runner.py:104} INFO - Running: ['***', 'tasks', 'run', 'our_first_dag_V6', 'first_task', 'scheduled__2023-10-14T00:00:00+00:00', '--job-id', '20852', '--raw', '--subdir', 'DAGS_FOLDER/our_first_dag.py', '--cfg-path', '/tmp/tmpr8ko0j4u']
[2024-09-12T02:24:05.816+0000] {standard_task_runner.py:105} INFO - Job 20852: Subtask first_task
[2024-09-12T02:24:05.822+0000] {logging_mixin.py:190} WARNING - /home/***/.local/lib/python3.12/site-packages/***/task/task_runner/standard_task_runner.py:70 DeprecationWarning: This process (pid=11010) is multi-threaded, use of fork() may lead to deadlocks in the child.
[2024-09-12T02:24:05.823+0000] {standard_task_runner.py:72} INFO - Started process 11019 to run task
[2024-09-12T02:24:05.922+0000] {task_command.py:467} INFO - Running <TaskInstance: our_first_dag_V6.first_task scheduled__2023-10-14T00:00:00+00:00 [running]> on host 5508ea9ebfaf
[2024-09-12T02:24:06.125+0000] {taskinstance.py:3131} INFO - Exporting env vars: AIRFLOW_CTX_DAG_OWNER='acap' AIRFLOW_CTX_DAG_ID='our_first_dag_V6' AIRFLOW_CTX_TASK_ID='first_task' AIRFLOW_CTX_EXECUTION_DATE='2023-10-14T00:00:00+00:00' AIRFLOW_CTX_TRY_NUMBER='1' AIRFLOW_CTX_DAG_RUN_ID='scheduled__2023-10-14T00:00:00+00:00'
[2024-09-12T02:24:06.129+0000] {taskinstance.py:731} INFO - ::endgroup::
[2024-09-12T02:24:06.173+0000] {subprocess.py:63} INFO - Tmp dir root location: /tmp
[2024-09-12T02:24:06.175+0000] {subprocess.py:75} INFO - Running command: ['/usr/bin/bash', '-c', 'echo hello world, this is the first task!']
[2024-09-12T02:24:06.202+0000] {subprocess.py:86} INFO - Output:
[2024-09-12T02:24:06.204+0000] {subprocess.py:93} INFO - hello world, this is the first task!
[2024-09-12T02:24:06.205+0000] {subprocess.py:97} INFO - Command exited with return code 0
[2024-09-12T02:24:06.260+0000] {taskinstance.py:340} INFO - ::group::Post task execution logs
[2024-09-12T02:24:06.273+0000] {taskinstance.py:352} INFO - Marking task as SUCCESS. dag_id=our_first_dag_V6, task_id=first_task, run_id=scheduled__2023-10-14T00:00:00+00:00, execution_date=20231014T000000, start_date=20240912T022405, end_date=20240912T022406
[2024-09-12T02:24:06.532+0000] {local_task_job_runner.py:266} INFO - Task exited with return code 0
[2024-09-12T02:24:06.573+0000] {taskinstance.py:3900} INFO - 2 downstream tasks scheduled from follow-on schedule check
[2024-09-12T02:24:06.590+0000] {local_task_job_runner.py:245} INFO - ::endgroup::
