[2024-09-23T01:35:38.219+0000] {local_task_job_runner.py:123} INFO - ::group::Pre task execution logs
[2024-09-23T01:35:38.274+0000] {taskinstance.py:2612} INFO - Dependencies all met for dep_context=non-requeueable deps ti=<TaskInstance: our_first_dag_V6.first_task scheduled__2024-09-21T00:00:00+00:00 [queued]>
[2024-09-23T01:35:38.304+0000] {taskinstance.py:2612} INFO - Dependencies all met for dep_context=requeueable deps ti=<TaskInstance: our_first_dag_V6.first_task scheduled__2024-09-21T00:00:00+00:00 [queued]>
[2024-09-23T01:35:38.305+0000] {taskinstance.py:2865} INFO - Starting attempt 1 of 6
[2024-09-23T01:35:38.917+0000] {taskinstance.py:2888} INFO - Executing <Task(BashOperator): first_task> on 2024-09-21 00:00:00+00:00
[2024-09-23T01:35:39.040+0000] {standard_task_runner.py:104} INFO - Running: ['***', 'tasks', 'run', 'our_first_dag_V6', 'first_task', 'scheduled__2024-09-21T00:00:00+00:00', '--job-id', '22635', '--raw', '--subdir', 'DAGS_FOLDER/our_first_dag.py', '--cfg-path', '/tmp/tmpn6ev6mit']
[2024-09-23T01:35:39.072+0000] {logging_mixin.py:190} WARNING - /home/***/.local/lib/python3.12/site-packages/***/task/task_runner/standard_task_runner.py:70 DeprecationWarning: This process (pid=197) is multi-threaded, use of fork() may lead to deadlocks in the child.
[2024-09-23T01:35:39.088+0000] {standard_task_runner.py:72} INFO - Started process 228 to run task
[2024-09-23T01:35:39.062+0000] {standard_task_runner.py:105} INFO - Job 22635: Subtask first_task
[2024-09-23T01:35:41.548+0000] {task_command.py:467} INFO - Running <TaskInstance: our_first_dag_V6.first_task scheduled__2024-09-21T00:00:00+00:00 [running]> on host ced43fa3e256
[2024-09-23T01:35:42.443+0000] {taskinstance.py:3131} INFO - Exporting env vars: AIRFLOW_CTX_DAG_OWNER='acap' AIRFLOW_CTX_DAG_ID='our_first_dag_V6' AIRFLOW_CTX_TASK_ID='first_task' AIRFLOW_CTX_EXECUTION_DATE='2024-09-21T00:00:00+00:00' AIRFLOW_CTX_TRY_NUMBER='1' AIRFLOW_CTX_DAG_RUN_ID='scheduled__2024-09-21T00:00:00+00:00'
[2024-09-23T01:35:42.477+0000] {taskinstance.py:731} INFO - ::endgroup::
[2024-09-23T01:35:43.009+0000] {subprocess.py:63} INFO - Tmp dir root location: /tmp
[2024-09-23T01:35:43.120+0000] {subprocess.py:75} INFO - Running command: ['/usr/bin/bash', '-c', 'echo hello world, this is the first task!']
[2024-09-23T01:35:43.232+0000] {subprocess.py:86} INFO - Output:
[2024-09-23T01:35:43.250+0000] {subprocess.py:93} INFO - hello world, this is the first task!
[2024-09-23T01:35:43.265+0000] {subprocess.py:97} INFO - Command exited with return code 0
[2024-09-23T01:35:43.831+0000] {taskinstance.py:340} INFO - ::group::Post task execution logs
[2024-09-23T01:35:43.833+0000] {taskinstance.py:352} INFO - Marking task as SUCCESS. dag_id=our_first_dag_V6, task_id=first_task, run_id=scheduled__2024-09-21T00:00:00+00:00, execution_date=20240921T000000, start_date=20240923T013538, end_date=20240923T013543
[2024-09-23T01:35:44.142+0000] {local_task_job_runner.py:266} INFO - Task exited with return code 0
[2024-09-23T01:35:44.215+0000] {local_task_job_runner.py:245} INFO - ::endgroup::
