[2024-09-12T02:52:30.362+0000] {local_task_job_runner.py:123} INFO - ::group::Pre task execution logs
[2024-09-12T02:52:30.454+0000] {taskinstance.py:2612} INFO - Dependencies all met for dep_context=non-requeueable deps ti=<TaskInstance: dag_with_cron_expression_v01.task1 scheduled__2024-09-10T00:00:00+00:00 [queued]>
[2024-09-12T02:52:30.511+0000] {taskinstance.py:2612} INFO - Dependencies all met for dep_context=requeueable deps ti=<TaskInstance: dag_with_cron_expression_v01.task1 scheduled__2024-09-10T00:00:00+00:00 [queued]>
[2024-09-12T02:52:30.546+0000] {taskinstance.py:2865} INFO - Starting attempt 1 of 6
[2024-09-12T02:52:30.633+0000] {taskinstance.py:2888} INFO - Executing <Task(BashOperator): task1> on 2024-09-10 00:00:00+00:00
[2024-09-12T02:52:30.669+0000] {standard_task_runner.py:104} INFO - Running: ['***', 'tasks', 'run', 'dag_with_cron_expression_v01', 'task1', 'scheduled__2024-09-10T00:00:00+00:00', '--job-id', '21885', '--raw', '--subdir', 'DAGS_FOLDER/dag_with_cron_expression.py', '--cfg-path', '/tmp/tmpjzpcj6c0']
[2024-09-12T02:52:30.747+0000] {standard_task_runner.py:105} INFO - Job 21885: Subtask task1
[2024-09-12T02:52:30.697+0000] {logging_mixin.py:190} WARNING - /home/***/.local/lib/python3.12/site-packages/***/task/task_runner/standard_task_runner.py:70 DeprecationWarning: This process (pid=208) is multi-threaded, use of fork() may lead to deadlocks in the child.
[2024-09-12T02:52:30.778+0000] {standard_task_runner.py:72} INFO - Started process 236 to run task
[2024-09-12T02:52:31.159+0000] {task_command.py:467} INFO - Running <TaskInstance: dag_with_cron_expression_v01.task1 scheduled__2024-09-10T00:00:00+00:00 [running]> on host 5508ea9ebfaf
[2024-09-12T02:52:31.667+0000] {taskinstance.py:3131} INFO - Exporting env vars: AIRFLOW_CTX_DAG_OWNER='coder2j' AIRFLOW_CTX_DAG_ID='dag_with_cron_expression_v01' AIRFLOW_CTX_TASK_ID='task1' AIRFLOW_CTX_EXECUTION_DATE='2024-09-10T00:00:00+00:00' AIRFLOW_CTX_TRY_NUMBER='1' AIRFLOW_CTX_DAG_RUN_ID='scheduled__2024-09-10T00:00:00+00:00'
[2024-09-12T02:52:31.684+0000] {taskinstance.py:731} INFO - ::endgroup::
[2024-09-12T02:52:31.774+0000] {subprocess.py:63} INFO - Tmp dir root location: /tmp
[2024-09-12T02:52:31.805+0000] {subprocess.py:75} INFO - Running command: ['/usr/bin/bash', '-c', 'echo dag with cron expression!']
[2024-09-12T02:52:31.843+0000] {subprocess.py:86} INFO - Output:
[2024-09-12T02:52:31.859+0000] {subprocess.py:93} INFO - dag with cron expression!
[2024-09-12T02:52:31.861+0000] {subprocess.py:97} INFO - Command exited with return code 0
[2024-09-12T02:52:31.932+0000] {taskinstance.py:340} INFO - ::group::Post task execution logs
[2024-09-12T02:52:31.946+0000] {taskinstance.py:352} INFO - Marking task as SUCCESS. dag_id=dag_with_cron_expression_v01, task_id=task1, run_id=scheduled__2024-09-10T00:00:00+00:00, execution_date=20240910T000000, start_date=20240912T025230, end_date=20240912T025231
[2024-09-12T02:52:32.110+0000] {local_task_job_runner.py:266} INFO - Task exited with return code 0
[2024-09-12T02:52:32.162+0000] {taskinstance.py:3900} INFO - 0 downstream tasks scheduled from follow-on schedule check
[2024-09-12T02:52:32.198+0000] {local_task_job_runner.py:245} INFO - ::endgroup::
