[2024-09-10T08:24:35.108+0000] {local_task_job_runner.py:123} INFO - ::group::Pre task execution logs
[2024-09-10T08:24:35.164+0000] {taskinstance.py:2612} INFO - Dependencies all met for dep_context=non-requeueable deps ti=<TaskInstance: our_first_dag_V5.third_task scheduled__2024-07-17T00:00:00+00:00 [queued]>
[2024-09-10T08:24:35.181+0000] {taskinstance.py:2612} INFO - Dependencies all met for dep_context=requeueable deps ti=<TaskInstance: our_first_dag_V5.third_task scheduled__2024-07-17T00:00:00+00:00 [queued]>
[2024-09-10T08:24:35.182+0000] {taskinstance.py:2865} INFO - Starting attempt 1 of 6
[2024-09-10T08:24:35.330+0000] {taskinstance.py:2888} INFO - Executing <Task(BashOperator): third_task> on 2024-07-17 00:00:00+00:00
[2024-09-10T08:24:35.349+0000] {logging_mixin.py:190} WARNING - /home/***/.local/lib/python3.12/site-packages/***/task/task_runner/standard_task_runner.py:70 DeprecationWarning: This process (pid=41733) is multi-threaded, use of fork() may lead to deadlocks in the child.
[2024-09-10T08:24:35.357+0000] {standard_task_runner.py:72} INFO - Started process 41745 to run task
[2024-09-10T08:24:35.360+0000] {standard_task_runner.py:104} INFO - Running: ['***', 'tasks', 'run', 'our_first_dag_V5', 'third_task', 'scheduled__2024-07-17T00:00:00+00:00', '--job-id', '9656', '--raw', '--subdir', 'DAGS_FOLDER/our_first_dag.py', '--cfg-path', '/tmp/tmpbgryodhq']
[2024-09-10T08:24:35.365+0000] {standard_task_runner.py:105} INFO - Job 9656: Subtask third_task
[2024-09-10T08:24:35.560+0000] {task_command.py:467} INFO - Running <TaskInstance: our_first_dag_V5.third_task scheduled__2024-07-17T00:00:00+00:00 [running]> on host 5508ea9ebfaf
[2024-09-10T08:24:35.895+0000] {taskinstance.py:3131} INFO - Exporting env vars: AIRFLOW_CTX_DAG_OWNER='coder2j' AIRFLOW_CTX_DAG_ID='our_first_dag_V5' AIRFLOW_CTX_TASK_ID='third_task' AIRFLOW_CTX_EXECUTION_DATE='2024-07-17T00:00:00+00:00' AIRFLOW_CTX_TRY_NUMBER='1' AIRFLOW_CTX_DAG_RUN_ID='scheduled__2024-07-17T00:00:00+00:00'
[2024-09-10T08:24:35.904+0000] {taskinstance.py:731} INFO - ::endgroup::
[2024-09-10T08:24:35.949+0000] {subprocess.py:63} INFO - Tmp dir root location: /tmp
[2024-09-10T08:24:35.951+0000] {subprocess.py:75} INFO - Running command: ['/usr/bin/bash', '-c', 'echo hey, this is the third task!']
[2024-09-10T08:24:35.969+0000] {subprocess.py:86} INFO - Output:
[2024-09-10T08:24:35.974+0000] {subprocess.py:93} INFO - hey, this is the third task!
[2024-09-10T08:24:35.975+0000] {subprocess.py:97} INFO - Command exited with return code 0
[2024-09-10T08:24:36.047+0000] {taskinstance.py:340} INFO - ::group::Post task execution logs
[2024-09-10T08:24:36.053+0000] {taskinstance.py:352} INFO - Marking task as SUCCESS. dag_id=our_first_dag_V5, task_id=third_task, run_id=scheduled__2024-07-17T00:00:00+00:00, execution_date=20240717T000000, start_date=20240910T082435, end_date=20240910T082436
[2024-09-10T08:24:36.205+0000] {local_task_job_runner.py:266} INFO - Task exited with return code 0
[2024-09-10T08:24:36.240+0000] {local_task_job_runner.py:245} INFO - ::endgroup::
