[2024-09-10T07:26:54.440+0000] {local_task_job_runner.py:123} INFO - ::group::Pre task execution logs
[2024-09-10T07:26:54.507+0000] {taskinstance.py:2612} INFO - Dependencies all met for dep_context=non-requeueable deps ti=<TaskInstance: our_first_dag_V3.third_task scheduled__2022-03-01T00:00:00+00:00 [queued]>
[2024-09-10T07:26:54.528+0000] {taskinstance.py:2612} INFO - Dependencies all met for dep_context=requeueable deps ti=<TaskInstance: our_first_dag_V3.third_task scheduled__2022-03-01T00:00:00+00:00 [queued]>
[2024-09-10T07:26:54.529+0000] {taskinstance.py:2865} INFO - Starting attempt 1 of 6
[2024-09-10T07:26:54.566+0000] {taskinstance.py:2888} INFO - Executing <Task(BashOperator): third_task> on 2022-03-01 00:00:00+00:00
[2024-09-10T07:26:54.592+0000] {logging_mixin.py:190} WARNING - /home/***/.local/lib/python3.12/site-packages/***/task/task_runner/standard_task_runner.py:70 DeprecationWarning: This process (pid=14232) is multi-threaded, use of fork() may lead to deadlocks in the child.
[2024-09-10T07:26:54.610+0000] {standard_task_runner.py:72} INFO - Started process 14251 to run task
[2024-09-10T07:26:54.606+0000] {standard_task_runner.py:104} INFO - Running: ['***', 'tasks', 'run', 'our_first_dag_V3', 'third_task', 'scheduled__2022-03-01T00:00:00+00:00', '--job-id', '3104', '--raw', '--subdir', 'DAGS_FOLDER/our_first_dag.py', '--cfg-path', '/tmp/tmp0gt81hyw']
[2024-09-10T07:26:54.621+0000] {standard_task_runner.py:105} INFO - Job 3104: Subtask third_task
[2024-09-10T07:26:54.770+0000] {task_command.py:467} INFO - Running <TaskInstance: our_first_dag_V3.third_task scheduled__2022-03-01T00:00:00+00:00 [running]> on host 5508ea9ebfaf
[2024-09-10T07:26:55.310+0000] {taskinstance.py:3131} INFO - Exporting env vars: AIRFLOW_CTX_DAG_OWNER='coder2j' AIRFLOW_CTX_DAG_ID='our_first_dag_V3' AIRFLOW_CTX_TASK_ID='third_task' AIRFLOW_CTX_EXECUTION_DATE='2022-03-01T00:00:00+00:00' AIRFLOW_CTX_TRY_NUMBER='1' AIRFLOW_CTX_DAG_RUN_ID='scheduled__2022-03-01T00:00:00+00:00'
[2024-09-10T07:26:55.313+0000] {taskinstance.py:731} INFO - ::endgroup::
[2024-09-10T07:26:55.377+0000] {subprocess.py:63} INFO - Tmp dir root location: /tmp
[2024-09-10T07:26:55.379+0000] {subprocess.py:75} INFO - Running command: ['/usr/bin/bash', '-c', 'echo hey, this is the third task!']
[2024-09-10T07:26:55.408+0000] {subprocess.py:86} INFO - Output:
[2024-09-10T07:26:55.436+0000] {subprocess.py:93} INFO - hey, this is the third task!
[2024-09-10T07:26:55.441+0000] {subprocess.py:97} INFO - Command exited with return code 0
[2024-09-10T07:26:55.522+0000] {taskinstance.py:340} INFO - ::group::Post task execution logs
[2024-09-10T07:26:55.533+0000] {taskinstance.py:352} INFO - Marking task as SUCCESS. dag_id=our_first_dag_V3, task_id=third_task, run_id=scheduled__2022-03-01T00:00:00+00:00, execution_date=20220301T000000, start_date=20240910T072654, end_date=20240910T072655
[2024-09-10T07:26:55.615+0000] {local_task_job_runner.py:266} INFO - Task exited with return code 0
[2024-09-10T07:26:55.657+0000] {taskinstance.py:3900} INFO - 0 downstream tasks scheduled from follow-on schedule check
[2024-09-10T07:26:55.685+0000] {local_task_job_runner.py:245} INFO - ::endgroup::
