[2024-09-10T08:08:48.382+0000] {local_task_job_runner.py:123} INFO - ::group::Pre task execution logs
[2024-09-10T08:08:48.423+0000] {taskinstance.py:2612} INFO - Dependencies all met for dep_context=non-requeueable deps ti=<TaskInstance: our_first_dag_V4.third_task scheduled__2021-10-28T00:00:00+00:00 [queued]>
[2024-09-10T08:08:48.448+0000] {taskinstance.py:2612} INFO - Dependencies all met for dep_context=requeueable deps ti=<TaskInstance: our_first_dag_V4.third_task scheduled__2021-10-28T00:00:00+00:00 [queued]>
[2024-09-10T08:08:48.449+0000] {taskinstance.py:2865} INFO - Starting attempt 1 of 6
[2024-09-10T08:08:48.513+0000] {taskinstance.py:2888} INFO - Executing <Task(BashOperator): third_task> on 2021-10-28 00:00:00+00:00
[2024-09-10T08:08:48.527+0000] {logging_mixin.py:190} WARNING - /home/***/.local/lib/python3.12/site-packages/***/task/task_runner/standard_task_runner.py:70 DeprecationWarning: This process (pid=27320) is multi-threaded, use of fork() may lead to deadlocks in the child.
[2024-09-10T08:08:48.529+0000] {standard_task_runner.py:72} INFO - Started process 27337 to run task
[2024-09-10T08:08:48.528+0000] {standard_task_runner.py:104} INFO - Running: ['***', 'tasks', 'run', 'our_first_dag_V4', 'third_task', 'scheduled__2021-10-28T00:00:00+00:00', '--job-id', '6144', '--raw', '--subdir', 'DAGS_FOLDER/our_first_dag.py', '--cfg-path', '/tmp/tmpd18uc3af']
[2024-09-10T08:08:48.532+0000] {standard_task_runner.py:105} INFO - Job 6144: Subtask third_task
[2024-09-10T08:08:48.638+0000] {task_command.py:467} INFO - Running <TaskInstance: our_first_dag_V4.third_task scheduled__2021-10-28T00:00:00+00:00 [running]> on host 5508ea9ebfaf
[2024-09-10T08:08:48.841+0000] {taskinstance.py:3131} INFO - Exporting env vars: AIRFLOW_CTX_DAG_OWNER='coder2j' AIRFLOW_CTX_DAG_ID='our_first_dag_V4' AIRFLOW_CTX_TASK_ID='third_task' AIRFLOW_CTX_EXECUTION_DATE='2021-10-28T00:00:00+00:00' AIRFLOW_CTX_TRY_NUMBER='1' AIRFLOW_CTX_DAG_RUN_ID='scheduled__2021-10-28T00:00:00+00:00'
[2024-09-10T08:08:48.844+0000] {taskinstance.py:731} INFO - ::endgroup::
[2024-09-10T08:08:48.884+0000] {subprocess.py:63} INFO - Tmp dir root location: /tmp
[2024-09-10T08:08:48.886+0000] {subprocess.py:75} INFO - Running command: ['/usr/bin/bash', '-c', 'echo hey, this is the third task!']
[2024-09-10T08:08:48.902+0000] {subprocess.py:86} INFO - Output:
[2024-09-10T08:08:48.904+0000] {subprocess.py:93} INFO - hey, this is the third task!
[2024-09-10T08:08:48.905+0000] {subprocess.py:97} INFO - Command exited with return code 0
[2024-09-10T08:08:48.963+0000] {taskinstance.py:340} INFO - ::group::Post task execution logs
[2024-09-10T08:08:48.964+0000] {taskinstance.py:352} INFO - Marking task as SUCCESS. dag_id=our_first_dag_V4, task_id=third_task, run_id=scheduled__2021-10-28T00:00:00+00:00, execution_date=20211028T000000, start_date=20240910T080848, end_date=20240910T080848
[2024-09-10T08:08:49.034+0000] {local_task_job_runner.py:266} INFO - Task exited with return code 0
[2024-09-10T08:08:49.062+0000] {taskinstance.py:3900} INFO - 0 downstream tasks scheduled from follow-on schedule check
[2024-09-10T08:08:49.069+0000] {local_task_job_runner.py:245} INFO - ::endgroup::
