[2024-09-10T07:24:43.935+0000] {local_task_job_runner.py:123} INFO - ::group::Pre task execution logs
[2024-09-10T07:24:43.956+0000] {taskinstance.py:2612} INFO - Dependencies all met for dep_context=non-requeueable deps ti=<TaskInstance: our_first_dag_V3.third_task scheduled__2021-08-30T00:00:00+00:00 [queued]>
[2024-09-10T07:24:43.970+0000] {taskinstance.py:2612} INFO - Dependencies all met for dep_context=requeueable deps ti=<TaskInstance: our_first_dag_V3.third_task scheduled__2021-08-30T00:00:00+00:00 [queued]>
[2024-09-10T07:24:43.970+0000] {taskinstance.py:2865} INFO - Starting attempt 1 of 6
[2024-09-10T07:24:44.001+0000] {taskinstance.py:2888} INFO - Executing <Task(BashOperator): third_task> on 2021-08-30 00:00:00+00:00
[2024-09-10T07:24:44.008+0000] {logging_mixin.py:190} WARNING - /home/***/.local/lib/python3.12/site-packages/***/task/task_runner/standard_task_runner.py:70 DeprecationWarning: This process (pid=11991) is multi-threaded, use of fork() may lead to deadlocks in the child.
[2024-09-10T07:24:44.010+0000] {standard_task_runner.py:72} INFO - Started process 11999 to run task
[2024-09-10T07:24:44.009+0000] {standard_task_runner.py:104} INFO - Running: ['***', 'tasks', 'run', 'our_first_dag_V3', 'third_task', 'scheduled__2021-08-30T00:00:00+00:00', '--job-id', '2554', '--raw', '--subdir', 'DAGS_FOLDER/our_first_dag.py', '--cfg-path', '/tmp/tmppft8gnel']
[2024-09-10T07:24:44.012+0000] {standard_task_runner.py:105} INFO - Job 2554: Subtask third_task
[2024-09-10T07:24:44.102+0000] {task_command.py:467} INFO - Running <TaskInstance: our_first_dag_V3.third_task scheduled__2021-08-30T00:00:00+00:00 [running]> on host 5508ea9ebfaf
[2024-09-10T07:24:44.227+0000] {taskinstance.py:3131} INFO - Exporting env vars: AIRFLOW_CTX_DAG_OWNER='coder2j' AIRFLOW_CTX_DAG_ID='our_first_dag_V3' AIRFLOW_CTX_TASK_ID='third_task' AIRFLOW_CTX_EXECUTION_DATE='2021-08-30T00:00:00+00:00' AIRFLOW_CTX_TRY_NUMBER='1' AIRFLOW_CTX_DAG_RUN_ID='scheduled__2021-08-30T00:00:00+00:00'
[2024-09-10T07:24:44.228+0000] {taskinstance.py:731} INFO - ::endgroup::
[2024-09-10T07:24:44.249+0000] {subprocess.py:63} INFO - Tmp dir root location: /tmp
[2024-09-10T07:24:44.250+0000] {subprocess.py:75} INFO - Running command: ['/usr/bin/bash', '-c', 'echo hey, this is the third task!']
[2024-09-10T07:24:44.261+0000] {subprocess.py:86} INFO - Output:
[2024-09-10T07:24:44.263+0000] {subprocess.py:93} INFO - hey, this is the third task!
[2024-09-10T07:24:44.264+0000] {subprocess.py:97} INFO - Command exited with return code 0
[2024-09-10T07:24:44.306+0000] {taskinstance.py:340} INFO - ::group::Post task execution logs
[2024-09-10T07:24:44.306+0000] {taskinstance.py:352} INFO - Marking task as SUCCESS. dag_id=our_first_dag_V3, task_id=third_task, run_id=scheduled__2021-08-30T00:00:00+00:00, execution_date=20210830T000000, start_date=20240910T072443, end_date=20240910T072444
[2024-09-10T07:24:44.354+0000] {local_task_job_runner.py:266} INFO - Task exited with return code 0
[2024-09-10T07:24:44.376+0000] {taskinstance.py:3900} INFO - 0 downstream tasks scheduled from follow-on schedule check
[2024-09-10T07:24:44.397+0000] {local_task_job_runner.py:245} INFO - ::endgroup::
