[2024-09-12T02:18:00.412+0000] {local_task_job_runner.py:123} INFO - ::group::Pre task execution logs
[2024-09-12T02:18:00.460+0000] {taskinstance.py:2612} INFO - Dependencies all met for dep_context=non-requeueable deps ti=<TaskInstance: dag_with_catchup_backfill_v01.task1 scheduled__2021-10-03T00:00:00+00:00 [queued]>
[2024-09-12T02:18:00.487+0000] {taskinstance.py:2612} INFO - Dependencies all met for dep_context=requeueable deps ti=<TaskInstance: dag_with_catchup_backfill_v01.task1 scheduled__2021-10-03T00:00:00+00:00 [queued]>
[2024-09-12T02:18:00.492+0000] {taskinstance.py:2865} INFO - Starting attempt 1 of 6
[2024-09-12T02:18:00.640+0000] {taskinstance.py:2888} INFO - Executing <Task(BashOperator): task1> on 2021-10-03 00:00:00+00:00
[2024-09-12T02:18:00.648+0000] {logging_mixin.py:190} WARNING - /home/***/.local/lib/python3.12/site-packages/***/task/task_runner/standard_task_runner.py:70 DeprecationWarning: This process (pid=3978) is multi-threaded, use of fork() may lead to deadlocks in the child.
[2024-09-12T02:18:00.650+0000] {standard_task_runner.py:72} INFO - Started process 4001 to run task
[2024-09-12T02:18:00.652+0000] {standard_task_runner.py:104} INFO - Running: ['***', 'tasks', 'run', 'dag_with_catchup_backfill_v01', 'task1', 'scheduled__2021-10-03T00:00:00+00:00', '--job-id', '19175', '--raw', '--subdir', 'DAGS_FOLDER/dag_with_catchup_and_backfill.py', '--cfg-path', '/tmp/tmp_cu87i95']
[2024-09-12T02:18:00.654+0000] {standard_task_runner.py:105} INFO - Job 19175: Subtask task1
[2024-09-12T02:18:00.766+0000] {task_command.py:467} INFO - Running <TaskInstance: dag_with_catchup_backfill_v01.task1 scheduled__2021-10-03T00:00:00+00:00 [running]> on host 5508ea9ebfaf
[2024-09-12T02:18:00.969+0000] {taskinstance.py:3131} INFO - Exporting env vars: AIRFLOW_CTX_DAG_OWNER='coder2j' AIRFLOW_CTX_DAG_ID='dag_with_catchup_backfill_v01' AIRFLOW_CTX_TASK_ID='task1' AIRFLOW_CTX_EXECUTION_DATE='2021-10-03T00:00:00+00:00' AIRFLOW_CTX_TRY_NUMBER='1' AIRFLOW_CTX_DAG_RUN_ID='scheduled__2021-10-03T00:00:00+00:00'
[2024-09-12T02:18:00.971+0000] {taskinstance.py:731} INFO - ::endgroup::
[2024-09-12T02:18:00.993+0000] {subprocess.py:63} INFO - Tmp dir root location: /tmp
[2024-09-12T02:18:00.994+0000] {subprocess.py:75} INFO - Running command: ['/usr/bin/bash', '-c', 'echo This is a simple bash command!']
[2024-09-12T02:18:01.041+0000] {subprocess.py:86} INFO - Output:
[2024-09-12T02:18:01.043+0000] {subprocess.py:93} INFO - This is a simple bash command!
[2024-09-12T02:18:01.043+0000] {subprocess.py:97} INFO - Command exited with return code 0
[2024-09-12T02:18:01.102+0000] {taskinstance.py:340} INFO - ::group::Post task execution logs
[2024-09-12T02:18:01.103+0000] {taskinstance.py:352} INFO - Marking task as SUCCESS. dag_id=dag_with_catchup_backfill_v01, task_id=task1, run_id=scheduled__2021-10-03T00:00:00+00:00, execution_date=20211003T000000, start_date=20240912T021800, end_date=20240912T021801
[2024-09-12T02:18:01.199+0000] {local_task_job_runner.py:266} INFO - Task exited with return code 0
[2024-09-12T02:18:01.232+0000] {taskinstance.py:3900} INFO - 0 downstream tasks scheduled from follow-on schedule check
[2024-09-12T02:18:01.236+0000] {local_task_job_runner.py:245} INFO - ::endgroup::
