[2024-09-12T02:25:17.901+0000] {local_task_job_runner.py:123} INFO - ::group::Pre task execution logs
[2024-09-12T02:25:17.939+0000] {taskinstance.py:2612} INFO - Dependencies all met for dep_context=non-requeueable deps ti=<TaskInstance: our_first_dag_V6.first_task scheduled__2024-01-31T00:00:00+00:00 [queued]>
[2024-09-12T02:25:17.961+0000] {taskinstance.py:2612} INFO - Dependencies all met for dep_context=requeueable deps ti=<TaskInstance: our_first_dag_V6.first_task scheduled__2024-01-31T00:00:00+00:00 [queued]>
[2024-09-12T02:25:17.965+0000] {taskinstance.py:2865} INFO - Starting attempt 1 of 6
[2024-09-12T02:25:18.048+0000] {taskinstance.py:2888} INFO - Executing <Task(BashOperator): first_task> on 2024-01-31 00:00:00+00:00
[2024-09-12T02:25:18.081+0000] {logging_mixin.py:190} WARNING - /home/***/.local/lib/python3.12/site-packages/***/task/task_runner/standard_task_runner.py:70 DeprecationWarning: This process (pid=12385) is multi-threaded, use of fork() may lead to deadlocks in the child.
[2024-09-12T02:25:18.084+0000] {standard_task_runner.py:72} INFO - Started process 12397 to run task
[2024-09-12T02:25:18.075+0000] {standard_task_runner.py:104} INFO - Running: ['***', 'tasks', 'run', 'our_first_dag_V6', 'first_task', 'scheduled__2024-01-31T00:00:00+00:00', '--job-id', '21177', '--raw', '--subdir', 'DAGS_FOLDER/our_first_dag.py', '--cfg-path', '/tmp/tmpu4ufq01z']
[2024-09-12T02:25:18.097+0000] {standard_task_runner.py:105} INFO - Job 21177: Subtask first_task
[2024-09-12T02:25:18.275+0000] {task_command.py:467} INFO - Running <TaskInstance: our_first_dag_V6.first_task scheduled__2024-01-31T00:00:00+00:00 [running]> on host 5508ea9ebfaf
[2024-09-12T02:25:18.541+0000] {taskinstance.py:3131} INFO - Exporting env vars: AIRFLOW_CTX_DAG_OWNER='acap' AIRFLOW_CTX_DAG_ID='our_first_dag_V6' AIRFLOW_CTX_TASK_ID='first_task' AIRFLOW_CTX_EXECUTION_DATE='2024-01-31T00:00:00+00:00' AIRFLOW_CTX_TRY_NUMBER='1' AIRFLOW_CTX_DAG_RUN_ID='scheduled__2024-01-31T00:00:00+00:00'
[2024-09-12T02:25:18.545+0000] {taskinstance.py:731} INFO - ::endgroup::
[2024-09-12T02:25:18.584+0000] {subprocess.py:63} INFO - Tmp dir root location: /tmp
[2024-09-12T02:25:18.589+0000] {subprocess.py:75} INFO - Running command: ['/usr/bin/bash', '-c', 'echo hello world, this is the first task!']
[2024-09-12T02:25:18.605+0000] {subprocess.py:86} INFO - Output:
[2024-09-12T02:25:18.607+0000] {subprocess.py:93} INFO - hello world, this is the first task!
[2024-09-12T02:25:18.608+0000] {subprocess.py:97} INFO - Command exited with return code 0
[2024-09-12T02:25:18.674+0000] {taskinstance.py:340} INFO - ::group::Post task execution logs
[2024-09-12T02:25:18.675+0000] {taskinstance.py:352} INFO - Marking task as SUCCESS. dag_id=our_first_dag_V6, task_id=first_task, run_id=scheduled__2024-01-31T00:00:00+00:00, execution_date=20240131T000000, start_date=20240912T022517, end_date=20240912T022518
[2024-09-12T02:25:18.825+0000] {local_task_job_runner.py:266} INFO - Task exited with return code 0
[2024-09-12T02:25:18.888+0000] {taskinstance.py:3900} INFO - 2 downstream tasks scheduled from follow-on schedule check
[2024-09-12T02:25:18.902+0000] {local_task_job_runner.py:245} INFO - ::endgroup::
