[2024-09-10T07:10:46.564+0000] {local_task_job_runner.py:123} INFO - ::group::Pre task execution logs
[2024-09-10T07:10:46.588+0000] {taskinstance.py:2612} INFO - Dependencies all met for dep_context=non-requeueable deps ti=<TaskInstance: our_first_dag.first_task scheduled__2021-09-30T00:00:00+00:00 [queued]>
[2024-09-10T07:10:46.601+0000] {taskinstance.py:2612} INFO - Dependencies all met for dep_context=requeueable deps ti=<TaskInstance: our_first_dag.first_task scheduled__2021-09-30T00:00:00+00:00 [queued]>
[2024-09-10T07:10:46.602+0000] {taskinstance.py:2865} INFO - Starting attempt 1 of 6
[2024-09-10T07:10:46.628+0000] {taskinstance.py:2888} INFO - Executing <Task(BashOperator): first_task> on 2021-09-30 00:00:00+00:00
[2024-09-10T07:10:46.636+0000] {logging_mixin.py:190} WARNING - /home/***/.local/lib/python3.12/site-packages/***/task/task_runner/standard_task_runner.py:70 DeprecationWarning: This process (pid=1704) is multi-threaded, use of fork() may lead to deadlocks in the child.
[2024-09-10T07:10:46.637+0000] {standard_task_runner.py:72} INFO - Started process 1712 to run task
[2024-09-10T07:10:46.635+0000] {standard_task_runner.py:104} INFO - Running: ['***', 'tasks', 'run', 'our_first_dag', 'first_task', 'scheduled__2021-09-30T00:00:00+00:00', '--job-id', '67', '--raw', '--subdir', 'DAGS_FOLDER/our_first_dag.py', '--cfg-path', '/tmp/tmpjbwsnfxm']
[2024-09-10T07:10:46.638+0000] {standard_task_runner.py:105} INFO - Job 67: Subtask first_task
[2024-09-10T07:10:46.696+0000] {task_command.py:467} INFO - Running <TaskInstance: our_first_dag.first_task scheduled__2021-09-30T00:00:00+00:00 [running]> on host 5508ea9ebfaf
[2024-09-10T07:10:46.832+0000] {taskinstance.py:3131} INFO - Exporting env vars: AIRFLOW_CTX_DAG_OWNER='coder2j' AIRFLOW_CTX_DAG_ID='our_first_dag' AIRFLOW_CTX_TASK_ID='first_task' AIRFLOW_CTX_EXECUTION_DATE='2021-09-30T00:00:00+00:00' AIRFLOW_CTX_TRY_NUMBER='1' AIRFLOW_CTX_DAG_RUN_ID='scheduled__2021-09-30T00:00:00+00:00'
[2024-09-10T07:10:46.833+0000] {taskinstance.py:731} INFO - ::endgroup::
[2024-09-10T07:10:46.865+0000] {subprocess.py:63} INFO - Tmp dir root location: /tmp
[2024-09-10T07:10:46.866+0000] {subprocess.py:75} INFO - Running command: ['/usr/bin/bash', '-c', 'echo hello world, this is the first task!']
[2024-09-10T07:10:46.877+0000] {subprocess.py:86} INFO - Output:
[2024-09-10T07:10:46.878+0000] {subprocess.py:93} INFO - hello world, this is the first task!
[2024-09-10T07:10:46.879+0000] {subprocess.py:97} INFO - Command exited with return code 0
[2024-09-10T07:10:46.910+0000] {taskinstance.py:340} INFO - ::group::Post task execution logs
[2024-09-10T07:10:46.912+0000] {taskinstance.py:352} INFO - Marking task as SUCCESS. dag_id=our_first_dag, task_id=first_task, run_id=scheduled__2021-09-30T00:00:00+00:00, execution_date=20210930T000000, start_date=20240910T071046, end_date=20240910T071046
[2024-09-10T07:10:46.977+0000] {local_task_job_runner.py:266} INFO - Task exited with return code 0
[2024-09-10T07:10:46.991+0000] {taskinstance.py:3900} INFO - 0 downstream tasks scheduled from follow-on schedule check
[2024-09-10T07:10:46.994+0000] {local_task_job_runner.py:245} INFO - ::endgroup::
