[2024-09-12T02:22:24.904+0000] {local_task_job_runner.py:123} INFO - ::group::Pre task execution logs
[2024-09-12T02:22:24.989+0000] {taskinstance.py:2612} INFO - Dependencies all met for dep_context=non-requeueable deps ti=<TaskInstance: our_first_dag_V6.second_task scheduled__2023-05-20T00:00:00+00:00 [queued]>
[2024-09-12T02:22:25.038+0000] {taskinstance.py:2612} INFO - Dependencies all met for dep_context=requeueable deps ti=<TaskInstance: our_first_dag_V6.second_task scheduled__2023-05-20T00:00:00+00:00 [queued]>
[2024-09-12T02:22:25.039+0000] {taskinstance.py:2865} INFO - Starting attempt 1 of 6
[2024-09-12T02:22:25.096+0000] {taskinstance.py:2888} INFO - Executing <Task(BashOperator): second_task> on 2023-05-20 00:00:00+00:00
[2024-09-12T02:22:25.122+0000] {logging_mixin.py:190} WARNING - /home/***/.local/lib/python3.12/site-packages/***/task/task_runner/standard_task_runner.py:70 DeprecationWarning: This process (pid=9201) is multi-threaded, use of fork() may lead to deadlocks in the child.
[2024-09-12T02:22:25.153+0000] {standard_task_runner.py:72} INFO - Started process 9218 to run task
[2024-09-12T02:22:25.139+0000] {standard_task_runner.py:104} INFO - Running: ['***', 'tasks', 'run', 'our_first_dag_V6', 'second_task', 'scheduled__2023-05-20T00:00:00+00:00', '--job-id', '20423', '--raw', '--subdir', 'DAGS_FOLDER/our_first_dag.py', '--cfg-path', '/tmp/tmpy48bhudh']
[2024-09-12T02:22:25.167+0000] {standard_task_runner.py:105} INFO - Job 20423: Subtask second_task
[2024-09-12T02:22:25.353+0000] {task_command.py:467} INFO - Running <TaskInstance: our_first_dag_V6.second_task scheduled__2023-05-20T00:00:00+00:00 [running]> on host 5508ea9ebfaf
[2024-09-12T02:22:25.806+0000] {taskinstance.py:3131} INFO - Exporting env vars: AIRFLOW_CTX_DAG_OWNER='acap' AIRFLOW_CTX_DAG_ID='our_first_dag_V6' AIRFLOW_CTX_TASK_ID='second_task' AIRFLOW_CTX_EXECUTION_DATE='2023-05-20T00:00:00+00:00' AIRFLOW_CTX_TRY_NUMBER='1' AIRFLOW_CTX_DAG_RUN_ID='scheduled__2023-05-20T00:00:00+00:00'
[2024-09-12T02:22:25.814+0000] {taskinstance.py:731} INFO - ::endgroup::
[2024-09-12T02:22:25.893+0000] {subprocess.py:63} INFO - Tmp dir root location: /tmp
[2024-09-12T02:22:25.908+0000] {subprocess.py:75} INFO - Running command: ['/usr/bin/bash', '-c', 'echo hey, this is the second task!']
[2024-09-12T02:22:25.975+0000] {subprocess.py:86} INFO - Output:
[2024-09-12T02:22:25.979+0000] {subprocess.py:93} INFO - hey, this is the second task!
[2024-09-12T02:22:25.982+0000] {subprocess.py:97} INFO - Command exited with return code 0
[2024-09-12T02:22:26.178+0000] {taskinstance.py:340} INFO - ::group::Post task execution logs
[2024-09-12T02:22:26.192+0000] {taskinstance.py:352} INFO - Marking task as SUCCESS. dag_id=our_first_dag_V6, task_id=second_task, run_id=scheduled__2023-05-20T00:00:00+00:00, execution_date=20230520T000000, start_date=20240912T022225, end_date=20240912T022226
[2024-09-12T02:22:26.336+0000] {local_task_job_runner.py:266} INFO - Task exited with return code 0
[2024-09-12T02:22:26.393+0000] {taskinstance.py:3900} INFO - 0 downstream tasks scheduled from follow-on schedule check
[2024-09-12T02:22:26.403+0000] {local_task_job_runner.py:245} INFO - ::endgroup::
