[2024-09-18T02:25:57.737+0000] {local_task_job_runner.py:123} INFO - ::group::Pre task execution logs
[2024-09-18T02:25:57.776+0000] {taskinstance.py:2612} INFO - Dependencies all met for dep_context=non-requeueable deps ti=<TaskInstance: dag_with_postgres_operator_v03.delete_data_from_table scheduled__2024-09-03T00:00:00+00:00 [queued]>
[2024-09-18T02:25:57.791+0000] {taskinstance.py:2612} INFO - Dependencies all met for dep_context=requeueable deps ti=<TaskInstance: dag_with_postgres_operator_v03.delete_data_from_table scheduled__2024-09-03T00:00:00+00:00 [queued]>
[2024-09-18T02:25:57.792+0000] {taskinstance.py:2865} INFO - Starting attempt 1 of 6
[2024-09-18T02:25:57.957+0000] {taskinstance.py:2888} INFO - Executing <Task(PostgresOperator): delete_data_from_table> on 2024-09-03 00:00:00+00:00
[2024-09-18T02:25:58.000+0000] {logging_mixin.py:190} WARNING - /home/***/.local/lib/python3.12/site-packages/***/task/task_runner/standard_task_runner.py:70 DeprecationWarning: This process (pid=1297) is multi-threaded, use of fork() may lead to deadlocks in the child.
[2024-09-18T02:25:58.002+0000] {standard_task_runner.py:72} INFO - Started process 1307 to run task
[2024-09-18T02:25:58.001+0000] {standard_task_runner.py:104} INFO - Running: ['***', 'tasks', 'run', 'dag_with_postgres_operator_v03', 'delete_data_from_table', 'scheduled__2024-09-03T00:00:00+00:00', '--job-id', '22071', '--raw', '--subdir', 'DAGS_FOLDER/dag_with_postgres_operator.py', '--cfg-path', '/tmp/tmpfqwoky7h']
[2024-09-18T02:25:58.006+0000] {standard_task_runner.py:105} INFO - Job 22071: Subtask delete_data_from_table
[2024-09-18T02:25:58.124+0000] {task_command.py:467} INFO - Running <TaskInstance: dag_with_postgres_operator_v03.delete_data_from_table scheduled__2024-09-03T00:00:00+00:00 [running]> on host 5508ea9ebfaf
[2024-09-18T02:25:59.123+0000] {taskinstance.py:3131} INFO - Exporting env vars: AIRFLOW_CTX_DAG_OWNER='coder2j' AIRFLOW_CTX_DAG_ID='dag_with_postgres_operator_v03' AIRFLOW_CTX_TASK_ID='delete_data_from_table' AIRFLOW_CTX_EXECUTION_DATE='2024-09-03T00:00:00+00:00' AIRFLOW_CTX_TRY_NUMBER='1' AIRFLOW_CTX_DAG_RUN_ID='scheduled__2024-09-03T00:00:00+00:00'
[2024-09-18T02:25:59.139+0000] {taskinstance.py:731} INFO - ::endgroup::
[2024-09-18T02:25:59.182+0000] {sql.py:266} INFO - Executing: 
                delete from dag_runs where dt = ('2024-09-03' and dag_id 'dag_with_postgres_operator_v03')
            
[2024-09-18T02:25:59.207+0000] {base.py:84} INFO - Retrieving connection 'postgres_localhost'
[2024-09-18T02:25:59.229+0000] {base.py:84} INFO - Retrieving connection 'postgres_localhost'
[2024-09-18T02:25:59.322+0000] {sql.py:509} INFO - Running statement: 
                delete from dag_runs where dt = ('2024-09-03' and dag_id 'dag_with_postgres_operator_v03')
            , parameters: None
[2024-09-18T02:25:59.355+0000] {taskinstance.py:3310} ERROR - Task failed with exception
Traceback (most recent call last):
  File "/home/airflow/.local/lib/python3.12/site-packages/airflow/models/taskinstance.py", line 767, in _execute_task
    result = _execute_callable(context=context, **execute_callable_kwargs)
             ^^^^^^^^^^^^^^^^^^^^^^^^^^^^^^^^^^^^^^^^^^^^^^^^^^^^^^^^^^^^^
  File "/home/airflow/.local/lib/python3.12/site-packages/airflow/models/taskinstance.py", line 733, in _execute_callable
    return ExecutionCallableRunner(
           ^^^^^^^^^^^^^^^^^^^^^^^^
  File "/home/airflow/.local/lib/python3.12/site-packages/airflow/utils/operator_helpers.py", line 252, in run
    return self.func(*args, **kwargs)
           ^^^^^^^^^^^^^^^^^^^^^^^^^^
  File "/home/airflow/.local/lib/python3.12/site-packages/airflow/models/baseoperator.py", line 406, in wrapper
    return func(self, *args, **kwargs)
           ^^^^^^^^^^^^^^^^^^^^^^^^^^^
  File "/home/airflow/.local/lib/python3.12/site-packages/airflow/providers/common/sql/operators/sql.py", line 272, in execute
    output = hook.run(
             ^^^^^^^^^
  File "/home/airflow/.local/lib/python3.12/site-packages/airflow/providers/common/sql/hooks/sql.py", line 456, in run
    self._run_command(cur, sql_statement, parameters)
  File "/home/airflow/.local/lib/python3.12/site-packages/airflow/providers/common/sql/hooks/sql.py", line 514, in _run_command
    cur.execute(sql_statement)
psycopg2.errors.InvalidTextRepresentation: invalid input syntax for type boolean: "2024-09-03"
LINE 2:                 delete from dag_runs where dt = ('2024-09-03...
                                                         ^

[2024-09-18T02:25:59.391+0000] {taskinstance.py:1225} INFO - Marking task as UP_FOR_RETRY. dag_id=dag_with_postgres_operator_v03, task_id=delete_data_from_table, run_id=scheduled__2024-09-03T00:00:00+00:00, execution_date=20240903T000000, start_date=20240918T022557, end_date=20240918T022559
[2024-09-18T02:25:59.781+0000] {taskinstance.py:340} INFO - ::group::Post task execution logs
[2024-09-18T02:25:59.783+0000] {standard_task_runner.py:124} ERROR - Failed to execute job 22071 for task delete_data_from_table (invalid input syntax for type boolean: "2024-09-03"
LINE 2:                 delete from dag_runs where dt = ('2024-09-03...
                                                         ^
; 1307)
Traceback (most recent call last):
  File "/home/airflow/.local/lib/python3.12/site-packages/airflow/task/task_runner/standard_task_runner.py", line 117, in _start_by_fork
    ret = args.func(args, dag=self.dag)
          ^^^^^^^^^^^^^^^^^^^^^^^^^^^^^
  File "/home/airflow/.local/lib/python3.12/site-packages/airflow/cli/cli_config.py", line 49, in command
    return func(*args, **kwargs)
           ^^^^^^^^^^^^^^^^^^^^^
  File "/home/airflow/.local/lib/python3.12/site-packages/airflow/utils/cli.py", line 115, in wrapper
    return f(*args, **kwargs)
           ^^^^^^^^^^^^^^^^^^
  File "/home/airflow/.local/lib/python3.12/site-packages/airflow/cli/commands/task_command.py", line 483, in task_run
    task_return_code = _run_task_by_selected_method(args, _dag, ti)
                       ^^^^^^^^^^^^^^^^^^^^^^^^^^^^^^^^^^^^^^^^^^^^
  File "/home/airflow/.local/lib/python3.12/site-packages/airflow/cli/commands/task_command.py", line 256, in _run_task_by_selected_method
    return _run_raw_task(args, ti)
           ^^^^^^^^^^^^^^^^^^^^^^^
  File "/home/airflow/.local/lib/python3.12/site-packages/airflow/cli/commands/task_command.py", line 341, in _run_raw_task
    return ti._run_raw_task(
           ^^^^^^^^^^^^^^^^^
  File "/home/airflow/.local/lib/python3.12/site-packages/airflow/utils/session.py", line 97, in wrapper
    return func(*args, session=session, **kwargs)
           ^^^^^^^^^^^^^^^^^^^^^^^^^^^^^^^^^^^^^^
  File "/home/airflow/.local/lib/python3.12/site-packages/airflow/models/taskinstance.py", line 3004, in _run_raw_task
    return _run_raw_task(
           ^^^^^^^^^^^^^^
  File "/home/airflow/.local/lib/python3.12/site-packages/airflow/models/taskinstance.py", line 273, in _run_raw_task
    TaskInstance._execute_task_with_callbacks(
  File "/home/airflow/.local/lib/python3.12/site-packages/airflow/models/taskinstance.py", line 3158, in _execute_task_with_callbacks
    result = self._execute_task(context, task_orig)
             ^^^^^^^^^^^^^^^^^^^^^^^^^^^^^^^^^^^^^^
  File "/home/airflow/.local/lib/python3.12/site-packages/airflow/models/taskinstance.py", line 3182, in _execute_task
    return _execute_task(self, context, task_orig)
           ^^^^^^^^^^^^^^^^^^^^^^^^^^^^^^^^^^^^^^^
  File "/home/airflow/.local/lib/python3.12/site-packages/airflow/models/taskinstance.py", line 767, in _execute_task
    result = _execute_callable(context=context, **execute_callable_kwargs)
             ^^^^^^^^^^^^^^^^^^^^^^^^^^^^^^^^^^^^^^^^^^^^^^^^^^^^^^^^^^^^^
  File "/home/airflow/.local/lib/python3.12/site-packages/airflow/models/taskinstance.py", line 733, in _execute_callable
    return ExecutionCallableRunner(
           ^^^^^^^^^^^^^^^^^^^^^^^^
  File "/home/airflow/.local/lib/python3.12/site-packages/airflow/utils/operator_helpers.py", line 252, in run
    return self.func(*args, **kwargs)
           ^^^^^^^^^^^^^^^^^^^^^^^^^^
  File "/home/airflow/.local/lib/python3.12/site-packages/airflow/models/baseoperator.py", line 406, in wrapper
    return func(self, *args, **kwargs)
           ^^^^^^^^^^^^^^^^^^^^^^^^^^^
  File "/home/airflow/.local/lib/python3.12/site-packages/airflow/providers/common/sql/operators/sql.py", line 272, in execute
    output = hook.run(
             ^^^^^^^^^
  File "/home/airflow/.local/lib/python3.12/site-packages/airflow/providers/common/sql/hooks/sql.py", line 456, in run
    self._run_command(cur, sql_statement, parameters)
  File "/home/airflow/.local/lib/python3.12/site-packages/airflow/providers/common/sql/hooks/sql.py", line 514, in _run_command
    cur.execute(sql_statement)
psycopg2.errors.InvalidTextRepresentation: invalid input syntax for type boolean: "2024-09-03"
LINE 2:                 delete from dag_runs where dt = ('2024-09-03...
                                                         ^

[2024-09-18T02:25:59.868+0000] {local_task_job_runner.py:266} INFO - Task exited with return code 1
[2024-09-18T02:25:59.958+0000] {logging_mixin.py:190} WARNING - /home/***/.local/lib/python3.12/site-packages/***/models/baseoperator.py:1378 AirflowProviderDeprecationWarning: Call to deprecated class PostgresOperator. (Please use `***.providers.common.sql.operators.sql.SQLExecuteQueryOperator`.Also, you can provide `hook_params={'schema': <database>}`.)
[2024-09-18T02:26:00.046+0000] {taskinstance.py:3900} INFO - 0 downstream tasks scheduled from follow-on schedule check
[2024-09-18T02:26:00.055+0000] {local_task_job_runner.py:245} INFO - ::endgroup::
[2024-09-18T02:31:49.323+0000] {local_task_job_runner.py:123} INFO - ::group::Pre task execution logs
[2024-09-18T02:31:49.359+0000] {taskinstance.py:2612} INFO - Dependencies all met for dep_context=non-requeueable deps ti=<TaskInstance: dag_with_postgres_operator_v03.delete_data_from_table scheduled__2024-09-03T00:00:00+00:00 [queued]>
[2024-09-18T02:31:49.374+0000] {taskinstance.py:2612} INFO - Dependencies all met for dep_context=requeueable deps ti=<TaskInstance: dag_with_postgres_operator_v03.delete_data_from_table scheduled__2024-09-03T00:00:00+00:00 [queued]>
[2024-09-18T02:31:49.375+0000] {taskinstance.py:2865} INFO - Starting attempt 1 of 6
[2024-09-18T02:31:49.426+0000] {taskinstance.py:2888} INFO - Executing <Task(PostgresOperator): delete_data_from_table> on 2024-09-03 00:00:00+00:00
[2024-09-18T02:31:49.447+0000] {standard_task_runner.py:104} INFO - Running: ['***', 'tasks', 'run', 'dag_with_postgres_operator_v03', 'delete_data_from_table', 'scheduled__2024-09-03T00:00:00+00:00', '--job-id', '22119', '--raw', '--subdir', 'DAGS_FOLDER/dag_with_postgres_operator.py', '--cfg-path', '/tmp/tmplp7qaitk']
[2024-09-18T02:31:49.450+0000] {standard_task_runner.py:105} INFO - Job 22119: Subtask delete_data_from_table
[2024-09-18T02:31:49.455+0000] {logging_mixin.py:190} WARNING - /home/***/.local/lib/python3.12/site-packages/***/task/task_runner/standard_task_runner.py:70 DeprecationWarning: This process (pid=1862) is multi-threaded, use of fork() may lead to deadlocks in the child.
[2024-09-18T02:31:49.463+0000] {standard_task_runner.py:72} INFO - Started process 1871 to run task
[2024-09-18T02:31:49.575+0000] {task_command.py:467} INFO - Running <TaskInstance: dag_with_postgres_operator_v03.delete_data_from_table scheduled__2024-09-03T00:00:00+00:00 [running]> on host 5508ea9ebfaf
[2024-09-18T02:31:49.771+0000] {taskinstance.py:3131} INFO - Exporting env vars: AIRFLOW_CTX_DAG_OWNER='coder2j' AIRFLOW_CTX_DAG_ID='dag_with_postgres_operator_v03' AIRFLOW_CTX_TASK_ID='delete_data_from_table' AIRFLOW_CTX_EXECUTION_DATE='2024-09-03T00:00:00+00:00' AIRFLOW_CTX_TRY_NUMBER='1' AIRFLOW_CTX_DAG_RUN_ID='scheduled__2024-09-03T00:00:00+00:00'
[2024-09-18T02:31:49.775+0000] {taskinstance.py:731} INFO - ::endgroup::
[2024-09-18T02:31:49.812+0000] {sql.py:266} INFO - Executing: 
                delete from dag_runs where dt = ('2024-09-03' and dag_id = 'dag_with_postgres_operator_v03')
            
[2024-09-18T02:31:49.835+0000] {base.py:84} INFO - Retrieving connection 'postgres_localhost'
[2024-09-18T02:31:49.862+0000] {base.py:84} INFO - Retrieving connection 'postgres_localhost'
[2024-09-18T02:31:49.893+0000] {sql.py:509} INFO - Running statement: 
                delete from dag_runs where dt = ('2024-09-03' and dag_id = 'dag_with_postgres_operator_v03')
            , parameters: None
[2024-09-18T02:31:49.912+0000] {taskinstance.py:3310} ERROR - Task failed with exception
Traceback (most recent call last):
  File "/home/airflow/.local/lib/python3.12/site-packages/airflow/models/taskinstance.py", line 767, in _execute_task
    result = _execute_callable(context=context, **execute_callable_kwargs)
             ^^^^^^^^^^^^^^^^^^^^^^^^^^^^^^^^^^^^^^^^^^^^^^^^^^^^^^^^^^^^^
  File "/home/airflow/.local/lib/python3.12/site-packages/airflow/models/taskinstance.py", line 733, in _execute_callable
    return ExecutionCallableRunner(
           ^^^^^^^^^^^^^^^^^^^^^^^^
  File "/home/airflow/.local/lib/python3.12/site-packages/airflow/utils/operator_helpers.py", line 252, in run
    return self.func(*args, **kwargs)
           ^^^^^^^^^^^^^^^^^^^^^^^^^^
  File "/home/airflow/.local/lib/python3.12/site-packages/airflow/models/baseoperator.py", line 406, in wrapper
    return func(self, *args, **kwargs)
           ^^^^^^^^^^^^^^^^^^^^^^^^^^^
  File "/home/airflow/.local/lib/python3.12/site-packages/airflow/providers/common/sql/operators/sql.py", line 272, in execute
    output = hook.run(
             ^^^^^^^^^
  File "/home/airflow/.local/lib/python3.12/site-packages/airflow/providers/common/sql/hooks/sql.py", line 456, in run
    self._run_command(cur, sql_statement, parameters)
  File "/home/airflow/.local/lib/python3.12/site-packages/airflow/providers/common/sql/hooks/sql.py", line 514, in _run_command
    cur.execute(sql_statement)
psycopg2.errors.InvalidTextRepresentation: invalid input syntax for type boolean: "2024-09-03"
LINE 2:                 delete from dag_runs where dt = ('2024-09-03...
                                                         ^

[2024-09-18T02:31:49.951+0000] {taskinstance.py:1225} INFO - Marking task as UP_FOR_RETRY. dag_id=dag_with_postgres_operator_v03, task_id=delete_data_from_table, run_id=scheduled__2024-09-03T00:00:00+00:00, execution_date=20240903T000000, start_date=20240918T023149, end_date=20240918T023149
[2024-09-18T02:31:50.142+0000] {taskinstance.py:340} INFO - ::group::Post task execution logs
[2024-09-18T02:31:50.143+0000] {standard_task_runner.py:124} ERROR - Failed to execute job 22119 for task delete_data_from_table (invalid input syntax for type boolean: "2024-09-03"
LINE 2:                 delete from dag_runs where dt = ('2024-09-03...
                                                         ^
; 1871)
Traceback (most recent call last):
  File "/home/airflow/.local/lib/python3.12/site-packages/airflow/task/task_runner/standard_task_runner.py", line 117, in _start_by_fork
    ret = args.func(args, dag=self.dag)
          ^^^^^^^^^^^^^^^^^^^^^^^^^^^^^
  File "/home/airflow/.local/lib/python3.12/site-packages/airflow/cli/cli_config.py", line 49, in command
    return func(*args, **kwargs)
           ^^^^^^^^^^^^^^^^^^^^^
  File "/home/airflow/.local/lib/python3.12/site-packages/airflow/utils/cli.py", line 115, in wrapper
    return f(*args, **kwargs)
           ^^^^^^^^^^^^^^^^^^
  File "/home/airflow/.local/lib/python3.12/site-packages/airflow/cli/commands/task_command.py", line 483, in task_run
    task_return_code = _run_task_by_selected_method(args, _dag, ti)
                       ^^^^^^^^^^^^^^^^^^^^^^^^^^^^^^^^^^^^^^^^^^^^
  File "/home/airflow/.local/lib/python3.12/site-packages/airflow/cli/commands/task_command.py", line 256, in _run_task_by_selected_method
    return _run_raw_task(args, ti)
           ^^^^^^^^^^^^^^^^^^^^^^^
  File "/home/airflow/.local/lib/python3.12/site-packages/airflow/cli/commands/task_command.py", line 341, in _run_raw_task
    return ti._run_raw_task(
           ^^^^^^^^^^^^^^^^^
  File "/home/airflow/.local/lib/python3.12/site-packages/airflow/utils/session.py", line 97, in wrapper
    return func(*args, session=session, **kwargs)
           ^^^^^^^^^^^^^^^^^^^^^^^^^^^^^^^^^^^^^^
  File "/home/airflow/.local/lib/python3.12/site-packages/airflow/models/taskinstance.py", line 3004, in _run_raw_task
    return _run_raw_task(
           ^^^^^^^^^^^^^^
  File "/home/airflow/.local/lib/python3.12/site-packages/airflow/models/taskinstance.py", line 273, in _run_raw_task
    TaskInstance._execute_task_with_callbacks(
  File "/home/airflow/.local/lib/python3.12/site-packages/airflow/models/taskinstance.py", line 3158, in _execute_task_with_callbacks
    result = self._execute_task(context, task_orig)
             ^^^^^^^^^^^^^^^^^^^^^^^^^^^^^^^^^^^^^^
  File "/home/airflow/.local/lib/python3.12/site-packages/airflow/models/taskinstance.py", line 3182, in _execute_task
    return _execute_task(self, context, task_orig)
           ^^^^^^^^^^^^^^^^^^^^^^^^^^^^^^^^^^^^^^^
  File "/home/airflow/.local/lib/python3.12/site-packages/airflow/models/taskinstance.py", line 767, in _execute_task
    result = _execute_callable(context=context, **execute_callable_kwargs)
             ^^^^^^^^^^^^^^^^^^^^^^^^^^^^^^^^^^^^^^^^^^^^^^^^^^^^^^^^^^^^^
  File "/home/airflow/.local/lib/python3.12/site-packages/airflow/models/taskinstance.py", line 733, in _execute_callable
    return ExecutionCallableRunner(
           ^^^^^^^^^^^^^^^^^^^^^^^^
  File "/home/airflow/.local/lib/python3.12/site-packages/airflow/utils/operator_helpers.py", line 252, in run
    return self.func(*args, **kwargs)
           ^^^^^^^^^^^^^^^^^^^^^^^^^^
  File "/home/airflow/.local/lib/python3.12/site-packages/airflow/models/baseoperator.py", line 406, in wrapper
    return func(self, *args, **kwargs)
           ^^^^^^^^^^^^^^^^^^^^^^^^^^^
  File "/home/airflow/.local/lib/python3.12/site-packages/airflow/providers/common/sql/operators/sql.py", line 272, in execute
    output = hook.run(
             ^^^^^^^^^
  File "/home/airflow/.local/lib/python3.12/site-packages/airflow/providers/common/sql/hooks/sql.py", line 456, in run
    self._run_command(cur, sql_statement, parameters)
  File "/home/airflow/.local/lib/python3.12/site-packages/airflow/providers/common/sql/hooks/sql.py", line 514, in _run_command
    cur.execute(sql_statement)
psycopg2.errors.InvalidTextRepresentation: invalid input syntax for type boolean: "2024-09-03"
LINE 2:                 delete from dag_runs where dt = ('2024-09-03...
                                                         ^

[2024-09-18T02:31:50.209+0000] {local_task_job_runner.py:266} INFO - Task exited with return code 1
[2024-09-18T02:31:50.225+0000] {logging_mixin.py:190} WARNING - /home/***/.local/lib/python3.12/site-packages/***/models/baseoperator.py:1378 AirflowProviderDeprecationWarning: Call to deprecated class PostgresOperator. (Please use `***.providers.common.sql.operators.sql.SQLExecuteQueryOperator`.Also, you can provide `hook_params={'schema': <database>}`.)
[2024-09-18T02:31:50.276+0000] {taskinstance.py:3900} INFO - 0 downstream tasks scheduled from follow-on schedule check
[2024-09-18T02:31:50.283+0000] {local_task_job_runner.py:245} INFO - ::endgroup::
