[2024-09-12T02:15:26.896+0000] {local_task_job_runner.py:123} INFO - ::group::Pre task execution logs
[2024-09-12T02:15:26.937+0000] {taskinstance.py:2612} INFO - Dependencies all met for dep_context=non-requeueable deps ti=<TaskInstance: our_first_dag_V6.third_task scheduled__2021-09-16T00:00:00+00:00 [queued]>
[2024-09-12T02:15:26.964+0000] {taskinstance.py:2612} INFO - Dependencies all met for dep_context=requeueable deps ti=<TaskInstance: our_first_dag_V6.third_task scheduled__2021-09-16T00:00:00+00:00 [queued]>
[2024-09-12T02:15:26.967+0000] {taskinstance.py:2865} INFO - Starting attempt 1 of 6
[2024-09-12T02:15:27.010+0000] {taskinstance.py:2888} INFO - Executing <Task(BashOperator): third_task> on 2021-09-16 00:00:00+00:00
[2024-09-12T02:15:27.037+0000] {logging_mixin.py:190} WARNING - /home/***/.local/lib/python3.12/site-packages/***/task/task_runner/standard_task_runner.py:70 DeprecationWarning: This process (pid=953) is multi-threaded, use of fork() may lead to deadlocks in the child.
[2024-09-12T02:15:27.040+0000] {standard_task_runner.py:72} INFO - Started process 978 to run task
[2024-09-12T02:15:27.059+0000] {standard_task_runner.py:104} INFO - Running: ['***', 'tasks', 'run', 'our_first_dag_V6', 'third_task', 'scheduled__2021-09-16T00:00:00+00:00', '--job-id', '18455', '--raw', '--subdir', 'DAGS_FOLDER/our_first_dag.py', '--cfg-path', '/tmp/tmp6o6tw3xf']
[2024-09-12T02:15:27.084+0000] {standard_task_runner.py:105} INFO - Job 18455: Subtask third_task
[2024-09-12T02:15:27.287+0000] {task_command.py:467} INFO - Running <TaskInstance: our_first_dag_V6.third_task scheduled__2021-09-16T00:00:00+00:00 [running]> on host 5508ea9ebfaf
[2024-09-12T02:15:27.471+0000] {taskinstance.py:3131} INFO - Exporting env vars: AIRFLOW_CTX_DAG_OWNER='acap' AIRFLOW_CTX_DAG_ID='our_first_dag_V6' AIRFLOW_CTX_TASK_ID='third_task' AIRFLOW_CTX_EXECUTION_DATE='2021-09-16T00:00:00+00:00' AIRFLOW_CTX_TRY_NUMBER='1' AIRFLOW_CTX_DAG_RUN_ID='scheduled__2021-09-16T00:00:00+00:00'
[2024-09-12T02:15:27.475+0000] {taskinstance.py:731} INFO - ::endgroup::
[2024-09-12T02:15:27.508+0000] {subprocess.py:63} INFO - Tmp dir root location: /tmp
[2024-09-12T02:15:27.510+0000] {subprocess.py:75} INFO - Running command: ['/usr/bin/bash', '-c', 'echo hey, this is the third task!']
[2024-09-12T02:15:27.525+0000] {subprocess.py:86} INFO - Output:
[2024-09-12T02:15:27.529+0000] {subprocess.py:93} INFO - hey, this is the third task!
[2024-09-12T02:15:27.530+0000] {subprocess.py:97} INFO - Command exited with return code 0
[2024-09-12T02:15:27.574+0000] {taskinstance.py:340} INFO - ::group::Post task execution logs
[2024-09-12T02:15:27.575+0000] {taskinstance.py:352} INFO - Marking task as SUCCESS. dag_id=our_first_dag_V6, task_id=third_task, run_id=scheduled__2021-09-16T00:00:00+00:00, execution_date=20210916T000000, start_date=20240912T021526, end_date=20240912T021527
[2024-09-12T02:15:27.632+0000] {local_task_job_runner.py:266} INFO - Task exited with return code 0
[2024-09-12T02:15:27.649+0000] {local_task_job_runner.py:245} INFO - ::endgroup::
