[2024-09-10T08:16:52.198+0000] {local_task_job_runner.py:123} INFO - ::group::Pre task execution logs
[2024-09-10T08:16:52.327+0000] {taskinstance.py:2612} INFO - Dependencies all met for dep_context=non-requeueable deps ti=<TaskInstance: our_first_dag_V5.third_task scheduled__2022-11-06T00:00:00+00:00 [queued]>
[2024-09-10T08:16:52.356+0000] {taskinstance.py:2612} INFO - Dependencies all met for dep_context=requeueable deps ti=<TaskInstance: our_first_dag_V5.third_task scheduled__2022-11-06T00:00:00+00:00 [queued]>
[2024-09-10T08:16:52.358+0000] {taskinstance.py:2865} INFO - Starting attempt 1 of 6
[2024-09-10T08:16:52.443+0000] {taskinstance.py:2888} INFO - Executing <Task(BashOperator): third_task> on 2022-11-06 00:00:00+00:00
[2024-09-10T08:16:52.474+0000] {logging_mixin.py:190} WARNING - /home/***/.local/lib/python3.12/site-packages/***/task/task_runner/standard_task_runner.py:70 DeprecationWarning: This process (pid=34117) is multi-threaded, use of fork() may lead to deadlocks in the child.
[2024-09-10T08:16:52.479+0000] {standard_task_runner.py:104} INFO - Running: ['***', 'tasks', 'run', 'our_first_dag_V5', 'third_task', 'scheduled__2022-11-06T00:00:00+00:00', '--job-id', '7795', '--raw', '--subdir', 'DAGS_FOLDER/our_first_dag.py', '--cfg-path', '/tmp/tmp8lgyw7ez']
[2024-09-10T08:16:52.483+0000] {standard_task_runner.py:105} INFO - Job 7795: Subtask third_task
[2024-09-10T08:16:52.478+0000] {standard_task_runner.py:72} INFO - Started process 34140 to run task
[2024-09-10T08:16:52.669+0000] {task_command.py:467} INFO - Running <TaskInstance: our_first_dag_V5.third_task scheduled__2022-11-06T00:00:00+00:00 [running]> on host 5508ea9ebfaf
[2024-09-10T08:16:53.005+0000] {taskinstance.py:3131} INFO - Exporting env vars: AIRFLOW_CTX_DAG_OWNER='coder2j' AIRFLOW_CTX_DAG_ID='our_first_dag_V5' AIRFLOW_CTX_TASK_ID='third_task' AIRFLOW_CTX_EXECUTION_DATE='2022-11-06T00:00:00+00:00' AIRFLOW_CTX_TRY_NUMBER='1' AIRFLOW_CTX_DAG_RUN_ID='scheduled__2022-11-06T00:00:00+00:00'
[2024-09-10T08:16:53.024+0000] {taskinstance.py:731} INFO - ::endgroup::
[2024-09-10T08:16:53.056+0000] {subprocess.py:63} INFO - Tmp dir root location: /tmp
[2024-09-10T08:16:53.058+0000] {subprocess.py:75} INFO - Running command: ['/usr/bin/bash', '-c', 'echo hey, this is the third task!']
[2024-09-10T08:16:53.084+0000] {subprocess.py:86} INFO - Output:
[2024-09-10T08:16:53.088+0000] {subprocess.py:93} INFO - hey, this is the third task!
[2024-09-10T08:16:53.089+0000] {subprocess.py:97} INFO - Command exited with return code 0
[2024-09-10T08:16:53.135+0000] {taskinstance.py:340} INFO - ::group::Post task execution logs
[2024-09-10T08:16:53.136+0000] {taskinstance.py:352} INFO - Marking task as SUCCESS. dag_id=our_first_dag_V5, task_id=third_task, run_id=scheduled__2022-11-06T00:00:00+00:00, execution_date=20221106T000000, start_date=20240910T081652, end_date=20240910T081653
[2024-09-10T08:16:53.233+0000] {local_task_job_runner.py:266} INFO - Task exited with return code 0
[2024-09-10T08:16:53.274+0000] {taskinstance.py:3900} INFO - 0 downstream tasks scheduled from follow-on schedule check
[2024-09-10T08:16:53.280+0000] {local_task_job_runner.py:245} INFO - ::endgroup::
