[2024-09-10T07:26:28.867+0000] {local_task_job_runner.py:123} INFO - ::group::Pre task execution logs
[2024-09-10T07:26:28.904+0000] {taskinstance.py:2612} INFO - Dependencies all met for dep_context=non-requeueable deps ti=<TaskInstance: our_first_dag_V3.first_task scheduled__2022-01-30T00:00:00+00:00 [queued]>
[2024-09-10T07:26:28.934+0000] {taskinstance.py:2612} INFO - Dependencies all met for dep_context=requeueable deps ti=<TaskInstance: our_first_dag_V3.first_task scheduled__2022-01-30T00:00:00+00:00 [queued]>
[2024-09-10T07:26:28.936+0000] {taskinstance.py:2865} INFO - Starting attempt 1 of 6
[2024-09-10T07:26:29.011+0000] {taskinstance.py:2888} INFO - Executing <Task(BashOperator): first_task> on 2022-01-30 00:00:00+00:00
[2024-09-10T07:26:29.037+0000] {logging_mixin.py:190} WARNING - /home/***/.local/lib/python3.12/site-packages/***/task/task_runner/standard_task_runner.py:70 DeprecationWarning: This process (pid=13804) is multi-threaded, use of fork() may lead to deadlocks in the child.
[2024-09-10T07:26:29.041+0000] {standard_task_runner.py:72} INFO - Started process 13816 to run task
[2024-09-10T07:26:29.044+0000] {standard_task_runner.py:104} INFO - Running: ['***', 'tasks', 'run', 'our_first_dag_V3', 'first_task', 'scheduled__2022-01-30T00:00:00+00:00', '--job-id', '2996', '--raw', '--subdir', 'DAGS_FOLDER/our_first_dag.py', '--cfg-path', '/tmp/tmp6ggfqeba']
[2024-09-10T07:26:29.054+0000] {standard_task_runner.py:105} INFO - Job 2996: Subtask first_task
[2024-09-10T07:26:29.234+0000] {task_command.py:467} INFO - Running <TaskInstance: our_first_dag_V3.first_task scheduled__2022-01-30T00:00:00+00:00 [running]> on host 5508ea9ebfaf
[2024-09-10T07:26:29.488+0000] {taskinstance.py:3131} INFO - Exporting env vars: AIRFLOW_CTX_DAG_OWNER='coder2j' AIRFLOW_CTX_DAG_ID='our_first_dag_V3' AIRFLOW_CTX_TASK_ID='first_task' AIRFLOW_CTX_EXECUTION_DATE='2022-01-30T00:00:00+00:00' AIRFLOW_CTX_TRY_NUMBER='1' AIRFLOW_CTX_DAG_RUN_ID='scheduled__2022-01-30T00:00:00+00:00'
[2024-09-10T07:26:29.493+0000] {taskinstance.py:731} INFO - ::endgroup::
[2024-09-10T07:26:29.540+0000] {subprocess.py:63} INFO - Tmp dir root location: /tmp
[2024-09-10T07:26:29.541+0000] {subprocess.py:75} INFO - Running command: ['/usr/bin/bash', '-c', 'echo hello world, this is the first task!']
[2024-09-10T07:26:29.568+0000] {subprocess.py:86} INFO - Output:
[2024-09-10T07:26:29.573+0000] {subprocess.py:93} INFO - hello world, this is the first task!
[2024-09-10T07:26:29.575+0000] {subprocess.py:97} INFO - Command exited with return code 0
[2024-09-10T07:26:29.681+0000] {taskinstance.py:340} INFO - ::group::Post task execution logs
[2024-09-10T07:26:29.683+0000] {taskinstance.py:352} INFO - Marking task as SUCCESS. dag_id=our_first_dag_V3, task_id=first_task, run_id=scheduled__2022-01-30T00:00:00+00:00, execution_date=20220130T000000, start_date=20240910T072628, end_date=20240910T072629
[2024-09-10T07:26:29.804+0000] {local_task_job_runner.py:266} INFO - Task exited with return code 0
[2024-09-10T07:26:29.843+0000] {local_task_job_runner.py:245} INFO - ::endgroup::
