[2024-09-10T08:16:30.914+0000] {local_task_job_runner.py:123} INFO - ::group::Pre task execution logs
[2024-09-10T08:16:30.979+0000] {taskinstance.py:2612} INFO - Dependencies all met for dep_context=non-requeueable deps ti=<TaskInstance: our_first_dag_V5.second_task scheduled__2022-10-07T00:00:00+00:00 [queued]>
[2024-09-10T08:16:31.007+0000] {taskinstance.py:2612} INFO - Dependencies all met for dep_context=requeueable deps ti=<TaskInstance: our_first_dag_V5.second_task scheduled__2022-10-07T00:00:00+00:00 [queued]>
[2024-09-10T08:16:31.009+0000] {taskinstance.py:2865} INFO - Starting attempt 1 of 6
[2024-09-10T08:16:31.056+0000] {taskinstance.py:2888} INFO - Executing <Task(BashOperator): second_task> on 2022-10-07 00:00:00+00:00
[2024-09-10T08:16:31.085+0000] {logging_mixin.py:190} WARNING - /home/***/.local/lib/python3.12/site-packages/***/task/task_runner/standard_task_runner.py:70 DeprecationWarning: This process (pid=33746) is multi-threaded, use of fork() may lead to deadlocks in the child.
[2024-09-10T08:16:31.092+0000] {standard_task_runner.py:104} INFO - Running: ['***', 'tasks', 'run', 'our_first_dag_V5', 'second_task', 'scheduled__2022-10-07T00:00:00+00:00', '--job-id', '7705', '--raw', '--subdir', 'DAGS_FOLDER/our_first_dag.py', '--cfg-path', '/tmp/tmpdsi1ox9t']
[2024-09-10T08:16:31.093+0000] {standard_task_runner.py:72} INFO - Started process 33762 to run task
[2024-09-10T08:16:31.109+0000] {standard_task_runner.py:105} INFO - Job 7705: Subtask second_task
[2024-09-10T08:16:31.319+0000] {task_command.py:467} INFO - Running <TaskInstance: our_first_dag_V5.second_task scheduled__2022-10-07T00:00:00+00:00 [running]> on host 5508ea9ebfaf
[2024-09-10T08:16:31.588+0000] {taskinstance.py:3131} INFO - Exporting env vars: AIRFLOW_CTX_DAG_OWNER='coder2j' AIRFLOW_CTX_DAG_ID='our_first_dag_V5' AIRFLOW_CTX_TASK_ID='second_task' AIRFLOW_CTX_EXECUTION_DATE='2022-10-07T00:00:00+00:00' AIRFLOW_CTX_TRY_NUMBER='1' AIRFLOW_CTX_DAG_RUN_ID='scheduled__2022-10-07T00:00:00+00:00'
[2024-09-10T08:16:31.598+0000] {taskinstance.py:731} INFO - ::endgroup::
[2024-09-10T08:16:31.649+0000] {subprocess.py:63} INFO - Tmp dir root location: /tmp
[2024-09-10T08:16:31.651+0000] {subprocess.py:75} INFO - Running command: ['/usr/bin/bash', '-c', 'echo hey, this is the second task!']
[2024-09-10T08:16:31.675+0000] {subprocess.py:86} INFO - Output:
[2024-09-10T08:16:31.687+0000] {subprocess.py:93} INFO - hey, this is the second task!
[2024-09-10T08:16:31.688+0000] {subprocess.py:97} INFO - Command exited with return code 0
[2024-09-10T08:16:31.766+0000] {taskinstance.py:340} INFO - ::group::Post task execution logs
[2024-09-10T08:16:31.768+0000] {taskinstance.py:352} INFO - Marking task as SUCCESS. dag_id=our_first_dag_V5, task_id=second_task, run_id=scheduled__2022-10-07T00:00:00+00:00, execution_date=20221007T000000, start_date=20240910T081630, end_date=20240910T081631
[2024-09-10T08:16:31.841+0000] {local_task_job_runner.py:266} INFO - Task exited with return code 0
[2024-09-10T08:16:31.856+0000] {local_task_job_runner.py:245} INFO - ::endgroup::
