[2024-09-12T02:17:39.671+0000] {local_task_job_runner.py:123} INFO - ::group::Pre task execution logs
[2024-09-12T02:17:39.734+0000] {taskinstance.py:2612} INFO - Dependencies all met for dep_context=non-requeueable deps ti=<TaskInstance: dag_with_catchup_backfill_v01.task1 scheduled__2021-09-02T00:00:00+00:00 [queued]>
[2024-09-12T02:17:39.772+0000] {taskinstance.py:2612} INFO - Dependencies all met for dep_context=requeueable deps ti=<TaskInstance: dag_with_catchup_backfill_v01.task1 scheduled__2021-09-02T00:00:00+00:00 [queued]>
[2024-09-12T02:17:39.777+0000] {taskinstance.py:2865} INFO - Starting attempt 1 of 6
[2024-09-12T02:17:39.840+0000] {taskinstance.py:2888} INFO - Executing <Task(BashOperator): task1> on 2021-09-02 00:00:00+00:00
[2024-09-12T02:17:39.890+0000] {logging_mixin.py:190} WARNING - /home/***/.local/lib/python3.12/site-packages/***/task/task_runner/standard_task_runner.py:70 DeprecationWarning: This process (pid=3558) is multi-threaded, use of fork() may lead to deadlocks in the child.
[2024-09-12T02:17:39.895+0000] {standard_task_runner.py:72} INFO - Started process 3577 to run task
[2024-09-12T02:17:39.900+0000] {standard_task_runner.py:104} INFO - Running: ['***', 'tasks', 'run', 'dag_with_catchup_backfill_v01', 'task1', 'scheduled__2021-09-02T00:00:00+00:00', '--job-id', '19076', '--raw', '--subdir', 'DAGS_FOLDER/dag_with_catchup_and_backfill.py', '--cfg-path', '/tmp/tmp0u_fr8nt']
[2024-09-12T02:17:39.907+0000] {standard_task_runner.py:105} INFO - Job 19076: Subtask task1
[2024-09-12T02:17:40.140+0000] {task_command.py:467} INFO - Running <TaskInstance: dag_with_catchup_backfill_v01.task1 scheduled__2021-09-02T00:00:00+00:00 [running]> on host 5508ea9ebfaf
[2024-09-12T02:17:40.487+0000] {taskinstance.py:3131} INFO - Exporting env vars: AIRFLOW_CTX_DAG_OWNER='coder2j' AIRFLOW_CTX_DAG_ID='dag_with_catchup_backfill_v01' AIRFLOW_CTX_TASK_ID='task1' AIRFLOW_CTX_EXECUTION_DATE='2021-09-02T00:00:00+00:00' AIRFLOW_CTX_TRY_NUMBER='1' AIRFLOW_CTX_DAG_RUN_ID='scheduled__2021-09-02T00:00:00+00:00'
[2024-09-12T02:17:40.489+0000] {taskinstance.py:731} INFO - ::endgroup::
[2024-09-12T02:17:40.539+0000] {subprocess.py:63} INFO - Tmp dir root location: /tmp
[2024-09-12T02:17:40.547+0000] {subprocess.py:75} INFO - Running command: ['/usr/bin/bash', '-c', 'echo This is a simple bash command!']
[2024-09-12T02:17:40.582+0000] {subprocess.py:86} INFO - Output:
[2024-09-12T02:17:40.587+0000] {subprocess.py:93} INFO - This is a simple bash command!
[2024-09-12T02:17:40.590+0000] {subprocess.py:97} INFO - Command exited with return code 0
[2024-09-12T02:17:40.694+0000] {taskinstance.py:340} INFO - ::group::Post task execution logs
[2024-09-12T02:17:40.708+0000] {taskinstance.py:352} INFO - Marking task as SUCCESS. dag_id=dag_with_catchup_backfill_v01, task_id=task1, run_id=scheduled__2021-09-02T00:00:00+00:00, execution_date=20210902T000000, start_date=20240912T021739, end_date=20240912T021740
[2024-09-12T02:17:40.824+0000] {local_task_job_runner.py:266} INFO - Task exited with return code 0
[2024-09-12T02:17:40.855+0000] {taskinstance.py:3900} INFO - 0 downstream tasks scheduled from follow-on schedule check
[2024-09-12T02:17:40.875+0000] {local_task_job_runner.py:245} INFO - ::endgroup::
