[2024-09-10T07:26:48.186+0000] {local_task_job_runner.py:123} INFO - ::group::Pre task execution logs
[2024-09-10T07:26:48.316+0000] {taskinstance.py:2612} INFO - Dependencies all met for dep_context=non-requeueable deps ti=<TaskInstance: our_first_dag_V3.third_task scheduled__2022-02-21T00:00:00+00:00 [queued]>
[2024-09-10T07:26:48.391+0000] {taskinstance.py:2612} INFO - Dependencies all met for dep_context=requeueable deps ti=<TaskInstance: our_first_dag_V3.third_task scheduled__2022-02-21T00:00:00+00:00 [queued]>
[2024-09-10T07:26:48.398+0000] {taskinstance.py:2865} INFO - Starting attempt 1 of 6
[2024-09-10T07:26:48.720+0000] {taskinstance.py:2888} INFO - Executing <Task(BashOperator): third_task> on 2022-02-21 00:00:00+00:00
[2024-09-10T07:26:48.761+0000] {logging_mixin.py:190} WARNING - /home/***/.local/lib/python3.12/site-packages/***/task/task_runner/standard_task_runner.py:70 DeprecationWarning: This process (pid=14127) is multi-threaded, use of fork() may lead to deadlocks in the child.
[2024-09-10T07:26:48.764+0000] {standard_task_runner.py:72} INFO - Started process 14149 to run task
[2024-09-10T07:26:48.780+0000] {standard_task_runner.py:104} INFO - Running: ['***', 'tasks', 'run', 'our_first_dag_V3', 'third_task', 'scheduled__2022-02-21T00:00:00+00:00', '--job-id', '3079', '--raw', '--subdir', 'DAGS_FOLDER/our_first_dag.py', '--cfg-path', '/tmp/tmp_evxj5yd']
[2024-09-10T07:26:48.802+0000] {standard_task_runner.py:105} INFO - Job 3079: Subtask third_task
[2024-09-10T07:26:49.061+0000] {task_command.py:467} INFO - Running <TaskInstance: our_first_dag_V3.third_task scheduled__2022-02-21T00:00:00+00:00 [running]> on host 5508ea9ebfaf
[2024-09-10T07:26:49.352+0000] {taskinstance.py:3131} INFO - Exporting env vars: AIRFLOW_CTX_DAG_OWNER='coder2j' AIRFLOW_CTX_DAG_ID='our_first_dag_V3' AIRFLOW_CTX_TASK_ID='third_task' AIRFLOW_CTX_EXECUTION_DATE='2022-02-21T00:00:00+00:00' AIRFLOW_CTX_TRY_NUMBER='1' AIRFLOW_CTX_DAG_RUN_ID='scheduled__2022-02-21T00:00:00+00:00'
[2024-09-10T07:26:49.360+0000] {taskinstance.py:731} INFO - ::endgroup::
[2024-09-10T07:26:49.409+0000] {subprocess.py:63} INFO - Tmp dir root location: /tmp
[2024-09-10T07:26:49.411+0000] {subprocess.py:75} INFO - Running command: ['/usr/bin/bash', '-c', 'echo hey, this is the third task!']
[2024-09-10T07:26:49.438+0000] {subprocess.py:86} INFO - Output:
[2024-09-10T07:26:49.443+0000] {subprocess.py:93} INFO - hey, this is the third task!
[2024-09-10T07:26:49.444+0000] {subprocess.py:97} INFO - Command exited with return code 0
[2024-09-10T07:26:49.498+0000] {taskinstance.py:340} INFO - ::group::Post task execution logs
[2024-09-10T07:26:49.499+0000] {taskinstance.py:352} INFO - Marking task as SUCCESS. dag_id=our_first_dag_V3, task_id=third_task, run_id=scheduled__2022-02-21T00:00:00+00:00, execution_date=20220221T000000, start_date=20240910T072648, end_date=20240910T072649
[2024-09-10T07:26:49.553+0000] {local_task_job_runner.py:266} INFO - Task exited with return code 0
[2024-09-10T07:26:49.590+0000] {taskinstance.py:3900} INFO - 0 downstream tasks scheduled from follow-on schedule check
[2024-09-10T07:26:49.609+0000] {local_task_job_runner.py:245} INFO - ::endgroup::
