[2024-09-18T02:26:02.863+0000] {local_task_job_runner.py:123} INFO - ::group::Pre task execution logs
[2024-09-18T02:26:02.907+0000] {taskinstance.py:2612} INFO - Dependencies all met for dep_context=non-requeueable deps ti=<TaskInstance: dag_with_postgres_operator_v03.create_postgres_table scheduled__2024-09-13T00:00:00+00:00 [queued]>
[2024-09-18T02:26:02.937+0000] {taskinstance.py:2612} INFO - Dependencies all met for dep_context=requeueable deps ti=<TaskInstance: dag_with_postgres_operator_v03.create_postgres_table scheduled__2024-09-13T00:00:00+00:00 [queued]>
[2024-09-18T02:26:02.938+0000] {taskinstance.py:2865} INFO - Starting attempt 1 of 6
[2024-09-18T02:26:02.993+0000] {taskinstance.py:2888} INFO - Executing <Task(PostgresOperator): create_postgres_table> on 2024-09-13 00:00:00+00:00
[2024-09-18T02:26:03.016+0000] {logging_mixin.py:190} WARNING - /home/***/.local/lib/python3.12/site-packages/***/task/task_runner/standard_task_runner.py:70 DeprecationWarning: This process (pid=1331) is multi-threaded, use of fork() may lead to deadlocks in the child.
[2024-09-18T02:26:03.022+0000] {standard_task_runner.py:104} INFO - Running: ['***', 'tasks', 'run', 'dag_with_postgres_operator_v03', 'create_postgres_table', 'scheduled__2024-09-13T00:00:00+00:00', '--job-id', '22082', '--raw', '--subdir', 'DAGS_FOLDER/dag_with_postgres_operator.py', '--cfg-path', '/tmp/tmp1qgpaocg']
[2024-09-18T02:26:03.029+0000] {standard_task_runner.py:105} INFO - Job 22082: Subtask create_postgres_table
[2024-09-18T02:26:03.024+0000] {standard_task_runner.py:72} INFO - Started process 1338 to run task
[2024-09-18T02:26:03.113+0000] {task_command.py:467} INFO - Running <TaskInstance: dag_with_postgres_operator_v03.create_postgres_table scheduled__2024-09-13T00:00:00+00:00 [running]> on host 5508ea9ebfaf
[2024-09-18T02:26:03.314+0000] {taskinstance.py:3131} INFO - Exporting env vars: AIRFLOW_CTX_DAG_OWNER='coder2j' AIRFLOW_CTX_DAG_ID='dag_with_postgres_operator_v03' AIRFLOW_CTX_TASK_ID='create_postgres_table' AIRFLOW_CTX_EXECUTION_DATE='2024-09-13T00:00:00+00:00' AIRFLOW_CTX_TRY_NUMBER='1' AIRFLOW_CTX_DAG_RUN_ID='scheduled__2024-09-13T00:00:00+00:00'
[2024-09-18T02:26:03.317+0000] {taskinstance.py:731} INFO - ::endgroup::
[2024-09-18T02:26:03.351+0000] {sql.py:266} INFO - Executing: 
            create table if not exists dag_runs (
                dt date,
                dag_id character varying,
                primary key (dt, dag_id)
            )
        
[2024-09-18T02:26:03.378+0000] {base.py:84} INFO - Retrieving connection 'postgres_localhost'
[2024-09-18T02:26:03.399+0000] {base.py:84} INFO - Retrieving connection 'postgres_localhost'
[2024-09-18T02:26:03.413+0000] {sql.py:509} INFO - Running statement: 
            create table if not exists dag_runs (
                dt date,
                dag_id character varying,
                primary key (dt, dag_id)
            )
        , parameters: None
[2024-09-18T02:26:03.434+0000] {taskinstance.py:340} INFO - ::group::Post task execution logs
[2024-09-18T02:26:03.435+0000] {taskinstance.py:352} INFO - Marking task as SUCCESS. dag_id=dag_with_postgres_operator_v03, task_id=create_postgres_table, run_id=scheduled__2024-09-13T00:00:00+00:00, execution_date=20240913T000000, start_date=20240918T022602, end_date=20240918T022603
[2024-09-18T02:26:03.494+0000] {local_task_job_runner.py:266} INFO - Task exited with return code 0
[2024-09-18T02:26:03.504+0000] {local_task_job_runner.py:245} INFO - ::endgroup::
[2024-09-18T02:31:50.725+0000] {local_task_job_runner.py:123} INFO - ::group::Pre task execution logs
[2024-09-18T02:31:50.748+0000] {taskinstance.py:2612} INFO - Dependencies all met for dep_context=non-requeueable deps ti=<TaskInstance: dag_with_postgres_operator_v03.create_postgres_table scheduled__2024-09-13T00:00:00+00:00 [queued]>
[2024-09-18T02:31:50.760+0000] {taskinstance.py:2612} INFO - Dependencies all met for dep_context=requeueable deps ti=<TaskInstance: dag_with_postgres_operator_v03.create_postgres_table scheduled__2024-09-13T00:00:00+00:00 [queued]>
[2024-09-18T02:31:50.761+0000] {taskinstance.py:2865} INFO - Starting attempt 1 of 6
[2024-09-18T02:31:50.782+0000] {taskinstance.py:2888} INFO - Executing <Task(PostgresOperator): create_postgres_table> on 2024-09-13 00:00:00+00:00
[2024-09-18T02:31:50.796+0000] {standard_task_runner.py:104} INFO - Running: ['***', 'tasks', 'run', 'dag_with_postgres_operator_v03', 'create_postgres_table', 'scheduled__2024-09-13T00:00:00+00:00', '--job-id', '22128', '--raw', '--subdir', 'DAGS_FOLDER/dag_with_postgres_operator.py', '--cfg-path', '/tmp/tmpw4t3f1rn']
[2024-09-18T02:31:50.809+0000] {standard_task_runner.py:105} INFO - Job 22128: Subtask create_postgres_table
[2024-09-18T02:31:50.806+0000] {logging_mixin.py:190} WARNING - /home/***/.local/lib/python3.12/site-packages/***/task/task_runner/standard_task_runner.py:70 DeprecationWarning: This process (pid=1892) is multi-threaded, use of fork() may lead to deadlocks in the child.
[2024-09-18T02:31:50.813+0000] {standard_task_runner.py:72} INFO - Started process 1902 to run task
[2024-09-18T02:31:50.908+0000] {task_command.py:467} INFO - Running <TaskInstance: dag_with_postgres_operator_v03.create_postgres_table scheduled__2024-09-13T00:00:00+00:00 [running]> on host 5508ea9ebfaf
[2024-09-18T02:31:51.063+0000] {taskinstance.py:3131} INFO - Exporting env vars: AIRFLOW_CTX_DAG_OWNER='coder2j' AIRFLOW_CTX_DAG_ID='dag_with_postgres_operator_v03' AIRFLOW_CTX_TASK_ID='create_postgres_table' AIRFLOW_CTX_EXECUTION_DATE='2024-09-13T00:00:00+00:00' AIRFLOW_CTX_TRY_NUMBER='1' AIRFLOW_CTX_DAG_RUN_ID='scheduled__2024-09-13T00:00:00+00:00'
[2024-09-18T02:31:51.065+0000] {taskinstance.py:731} INFO - ::endgroup::
[2024-09-18T02:31:51.087+0000] {sql.py:266} INFO - Executing: 
            create table if not exists dag_runs (
                dt date,
                dag_id character varying,
                primary key (dt, dag_id)
            )
        
[2024-09-18T02:31:51.102+0000] {base.py:84} INFO - Retrieving connection 'postgres_localhost'
[2024-09-18T02:31:51.118+0000] {base.py:84} INFO - Retrieving connection 'postgres_localhost'
[2024-09-18T02:31:51.137+0000] {sql.py:509} INFO - Running statement: 
            create table if not exists dag_runs (
                dt date,
                dag_id character varying,
                primary key (dt, dag_id)
            )
        , parameters: None
[2024-09-18T02:31:51.177+0000] {taskinstance.py:340} INFO - ::group::Post task execution logs
[2024-09-18T02:31:51.177+0000] {taskinstance.py:352} INFO - Marking task as SUCCESS. dag_id=dag_with_postgres_operator_v03, task_id=create_postgres_table, run_id=scheduled__2024-09-13T00:00:00+00:00, execution_date=20240913T000000, start_date=20240918T023150, end_date=20240918T023151
[2024-09-18T02:31:51.239+0000] {local_task_job_runner.py:266} INFO - Task exited with return code 0
[2024-09-18T02:31:51.257+0000] {local_task_job_runner.py:245} INFO - ::endgroup::
