[2024-09-10T08:08:46.371+0000] {local_task_job_runner.py:123} INFO - ::group::Pre task execution logs
[2024-09-10T08:08:46.403+0000] {taskinstance.py:2612} INFO - Dependencies all met for dep_context=non-requeueable deps ti=<TaskInstance: our_first_dag_V4.third_task scheduled__2021-10-22T00:00:00+00:00 [queued]>
[2024-09-10T08:08:46.430+0000] {taskinstance.py:2612} INFO - Dependencies all met for dep_context=requeueable deps ti=<TaskInstance: our_first_dag_V4.third_task scheduled__2021-10-22T00:00:00+00:00 [queued]>
[2024-09-10T08:08:46.447+0000] {taskinstance.py:2865} INFO - Starting attempt 1 of 6
[2024-09-10T08:08:46.483+0000] {taskinstance.py:2888} INFO - Executing <Task(BashOperator): third_task> on 2021-10-22 00:00:00+00:00
[2024-09-10T08:08:46.502+0000] {logging_mixin.py:190} WARNING - /home/***/.local/lib/python3.12/site-packages/***/task/task_runner/standard_task_runner.py:70 DeprecationWarning: This process (pid=27258) is multi-threaded, use of fork() may lead to deadlocks in the child.
[2024-09-10T08:08:46.509+0000] {standard_task_runner.py:72} INFO - Started process 27272 to run task
[2024-09-10T08:08:46.505+0000] {standard_task_runner.py:104} INFO - Running: ['***', 'tasks', 'run', 'our_first_dag_V4', 'third_task', 'scheduled__2021-10-22T00:00:00+00:00', '--job-id', '6129', '--raw', '--subdir', 'DAGS_FOLDER/our_first_dag.py', '--cfg-path', '/tmp/tmpre7qo7mu']
[2024-09-10T08:08:46.514+0000] {standard_task_runner.py:105} INFO - Job 6129: Subtask third_task
[2024-09-10T08:08:46.616+0000] {task_command.py:467} INFO - Running <TaskInstance: our_first_dag_V4.third_task scheduled__2021-10-22T00:00:00+00:00 [running]> on host 5508ea9ebfaf
[2024-09-10T08:08:46.806+0000] {taskinstance.py:3131} INFO - Exporting env vars: AIRFLOW_CTX_DAG_OWNER='coder2j' AIRFLOW_CTX_DAG_ID='our_first_dag_V4' AIRFLOW_CTX_TASK_ID='third_task' AIRFLOW_CTX_EXECUTION_DATE='2021-10-22T00:00:00+00:00' AIRFLOW_CTX_TRY_NUMBER='1' AIRFLOW_CTX_DAG_RUN_ID='scheduled__2021-10-22T00:00:00+00:00'
[2024-09-10T08:08:46.807+0000] {taskinstance.py:731} INFO - ::endgroup::
[2024-09-10T08:08:46.851+0000] {subprocess.py:63} INFO - Tmp dir root location: /tmp
[2024-09-10T08:08:46.853+0000] {subprocess.py:75} INFO - Running command: ['/usr/bin/bash', '-c', 'echo hey, this is the third task!']
[2024-09-10T08:08:46.868+0000] {subprocess.py:86} INFO - Output:
[2024-09-10T08:08:46.872+0000] {subprocess.py:93} INFO - hey, this is the third task!
[2024-09-10T08:08:46.873+0000] {subprocess.py:97} INFO - Command exited with return code 0
[2024-09-10T08:08:46.931+0000] {taskinstance.py:340} INFO - ::group::Post task execution logs
[2024-09-10T08:08:46.936+0000] {taskinstance.py:352} INFO - Marking task as SUCCESS. dag_id=our_first_dag_V4, task_id=third_task, run_id=scheduled__2021-10-22T00:00:00+00:00, execution_date=20211022T000000, start_date=20240910T080846, end_date=20240910T080846
[2024-09-10T08:08:46.995+0000] {local_task_job_runner.py:266} INFO - Task exited with return code 0
[2024-09-10T08:08:47.007+0000] {local_task_job_runner.py:245} INFO - ::endgroup::
