[2024-09-10T08:08:11.588+0000] {local_task_job_runner.py:123} INFO - ::group::Pre task execution logs
[2024-09-10T08:08:11.617+0000] {taskinstance.py:2612} INFO - Dependencies all met for dep_context=non-requeueable deps ti=<TaskInstance: our_first_dag_V4.third_task scheduled__2021-08-31T00:00:00+00:00 [queued]>
[2024-09-10T08:08:11.633+0000] {taskinstance.py:2612} INFO - Dependencies all met for dep_context=requeueable deps ti=<TaskInstance: our_first_dag_V4.third_task scheduled__2021-08-31T00:00:00+00:00 [queued]>
[2024-09-10T08:08:11.634+0000] {taskinstance.py:2865} INFO - Starting attempt 1 of 6
[2024-09-10T08:08:11.740+0000] {taskinstance.py:2888} INFO - Executing <Task(BashOperator): third_task> on 2021-08-31 00:00:00+00:00
[2024-09-10T08:08:11.761+0000] {logging_mixin.py:190} WARNING - /home/***/.local/lib/python3.12/site-packages/***/task/task_runner/standard_task_runner.py:70 DeprecationWarning: This process (pid=26625) is multi-threaded, use of fork() may lead to deadlocks in the child.
[2024-09-10T08:08:11.770+0000] {standard_task_runner.py:72} INFO - Started process 26637 to run task
[2024-09-10T08:08:11.784+0000] {standard_task_runner.py:104} INFO - Running: ['***', 'tasks', 'run', 'our_first_dag_V4', 'third_task', 'scheduled__2021-08-31T00:00:00+00:00', '--job-id', '5975', '--raw', '--subdir', 'DAGS_FOLDER/our_first_dag.py', '--cfg-path', '/tmp/tmpsd811zpm']
[2024-09-10T08:08:11.790+0000] {standard_task_runner.py:105} INFO - Job 5975: Subtask third_task
[2024-09-10T08:08:11.974+0000] {task_command.py:467} INFO - Running <TaskInstance: our_first_dag_V4.third_task scheduled__2021-08-31T00:00:00+00:00 [running]> on host 5508ea9ebfaf
[2024-09-10T08:08:12.381+0000] {taskinstance.py:3131} INFO - Exporting env vars: AIRFLOW_CTX_DAG_OWNER='coder2j' AIRFLOW_CTX_DAG_ID='our_first_dag_V4' AIRFLOW_CTX_TASK_ID='third_task' AIRFLOW_CTX_EXECUTION_DATE='2021-08-31T00:00:00+00:00' AIRFLOW_CTX_TRY_NUMBER='1' AIRFLOW_CTX_DAG_RUN_ID='scheduled__2021-08-31T00:00:00+00:00'
[2024-09-10T08:08:12.398+0000] {taskinstance.py:731} INFO - ::endgroup::
[2024-09-10T08:08:12.516+0000] {subprocess.py:63} INFO - Tmp dir root location: /tmp
[2024-09-10T08:08:12.519+0000] {subprocess.py:75} INFO - Running command: ['/usr/bin/bash', '-c', 'echo hey, this is the third task!']
[2024-09-10T08:08:12.552+0000] {subprocess.py:86} INFO - Output:
[2024-09-10T08:08:12.555+0000] {subprocess.py:93} INFO - hey, this is the third task!
[2024-09-10T08:08:12.557+0000] {subprocess.py:97} INFO - Command exited with return code 0
[2024-09-10T08:08:12.747+0000] {taskinstance.py:340} INFO - ::group::Post task execution logs
[2024-09-10T08:08:12.776+0000] {taskinstance.py:352} INFO - Marking task as SUCCESS. dag_id=our_first_dag_V4, task_id=third_task, run_id=scheduled__2021-08-31T00:00:00+00:00, execution_date=20210831T000000, start_date=20240910T080811, end_date=20240910T080812
[2024-09-10T08:08:13.007+0000] {local_task_job_runner.py:266} INFO - Task exited with return code 0
[2024-09-10T08:08:13.034+0000] {local_task_job_runner.py:245} INFO - ::endgroup::
