[2024-09-23T01:35:48.669+0000] {local_task_job_runner.py:123} INFO - ::group::Pre task execution logs
[2024-09-23T01:35:48.708+0000] {taskinstance.py:2612} INFO - Dependencies all met for dep_context=non-requeueable deps ti=<TaskInstance: dag_with_postgres_operator_v03.delete_data_from_table scheduled__2024-09-21T00:00:00+00:00 [queued]>
[2024-09-23T01:35:48.737+0000] {taskinstance.py:2612} INFO - Dependencies all met for dep_context=requeueable deps ti=<TaskInstance: dag_with_postgres_operator_v03.delete_data_from_table scheduled__2024-09-21T00:00:00+00:00 [queued]>
[2024-09-23T01:35:48.767+0000] {taskinstance.py:2865} INFO - Starting attempt 1 of 6
[2024-09-23T01:35:49.169+0000] {taskinstance.py:2888} INFO - Executing <Task(PostgresOperator): delete_data_from_table> on 2024-09-21 00:00:00+00:00
[2024-09-23T01:35:49.191+0000] {standard_task_runner.py:104} INFO - Running: ['***', 'tasks', 'run', 'dag_with_postgres_operator_v03', 'delete_data_from_table', 'scheduled__2024-09-21T00:00:00+00:00', '--job-id', '22650', '--raw', '--subdir', 'DAGS_FOLDER/dag_with_postgres_operator.py', '--cfg-path', '/tmp/tmpajtog_e7']
[2024-09-23T01:35:49.193+0000] {standard_task_runner.py:105} INFO - Job 22650: Subtask delete_data_from_table
[2024-09-23T01:35:49.201+0000] {logging_mixin.py:190} WARNING - /home/***/.local/lib/python3.12/site-packages/***/task/task_runner/standard_task_runner.py:70 DeprecationWarning: This process (pid=312) is multi-threaded, use of fork() may lead to deadlocks in the child.
[2024-09-23T01:35:49.206+0000] {standard_task_runner.py:72} INFO - Started process 349 to run task
[2024-09-23T01:35:49.360+0000] {task_command.py:467} INFO - Running <TaskInstance: dag_with_postgres_operator_v03.delete_data_from_table scheduled__2024-09-21T00:00:00+00:00 [running]> on host ced43fa3e256
[2024-09-23T01:35:49.656+0000] {taskinstance.py:3131} INFO - Exporting env vars: AIRFLOW_CTX_DAG_OWNER='coder2j' AIRFLOW_CTX_DAG_ID='dag_with_postgres_operator_v03' AIRFLOW_CTX_TASK_ID='delete_data_from_table' AIRFLOW_CTX_EXECUTION_DATE='2024-09-21T00:00:00+00:00' AIRFLOW_CTX_TRY_NUMBER='1' AIRFLOW_CTX_DAG_RUN_ID='scheduled__2024-09-21T00:00:00+00:00'
[2024-09-23T01:35:49.657+0000] {taskinstance.py:731} INFO - ::endgroup::
[2024-09-23T01:35:49.720+0000] {sql.py:266} INFO - Executing: 
                delete from dag_runs where dt = '2024-09-21' and dag_id = 'dag_with_postgres_operator_v03'
            
[2024-09-23T01:35:49.778+0000] {base.py:84} INFO - Retrieving connection 'postgres_localhost'
[2024-09-23T01:35:49.799+0000] {base.py:84} INFO - Retrieving connection 'postgres_localhost'
[2024-09-23T01:35:49.826+0000] {sql.py:509} INFO - Running statement: 
                delete from dag_runs where dt = '2024-09-21' and dag_id = 'dag_with_postgres_operator_v03'
            , parameters: None
[2024-09-23T01:35:50.110+0000] {sql.py:518} INFO - Rows affected: 0
[2024-09-23T01:35:50.154+0000] {taskinstance.py:340} INFO - ::group::Post task execution logs
[2024-09-23T01:35:50.155+0000] {taskinstance.py:352} INFO - Marking task as SUCCESS. dag_id=dag_with_postgres_operator_v03, task_id=delete_data_from_table, run_id=scheduled__2024-09-21T00:00:00+00:00, execution_date=20240921T000000, start_date=20240923T013548, end_date=20240923T013550
[2024-09-23T01:35:51.002+0000] {local_task_job_runner.py:266} INFO - Task exited with return code 0
[2024-09-23T01:35:51.027+0000] {logging_mixin.py:190} WARNING - /home/***/.local/lib/python3.12/site-packages/***/models/baseoperator.py:1378 AirflowProviderDeprecationWarning: Call to deprecated class PostgresOperator. (Please use `***.providers.common.sql.operators.sql.SQLExecuteQueryOperator`.Also, you can provide `hook_params={'schema': <database>}`.)
[2024-09-23T01:35:51.046+0000] {taskinstance.py:3900} INFO - 0 downstream tasks scheduled from follow-on schedule check
[2024-09-23T01:35:51.057+0000] {local_task_job_runner.py:245} INFO - ::endgroup::
