[2024-09-12T02:28:41.491+0000] {local_task_job_runner.py:123} INFO - ::group::Pre task execution logs
[2024-09-12T02:28:41.524+0000] {taskinstance.py:2612} INFO - Dependencies all met for dep_context=non-requeueable deps ti=<TaskInstance: dag_with_catchup_backfill_v02.task1 backfill__2024-09-02T00:00:00+00:00 [queued]>
[2024-09-12T02:28:41.544+0000] {taskinstance.py:2612} INFO - Dependencies all met for dep_context=requeueable deps ti=<TaskInstance: dag_with_catchup_backfill_v02.task1 backfill__2024-09-02T00:00:00+00:00 [queued]>
[2024-09-12T02:28:41.546+0000] {taskinstance.py:2865} INFO - Starting attempt 1 of 6
[2024-09-12T02:28:41.585+0000] {taskinstance.py:2888} INFO - Executing <Task(BashOperator): task1> on 2024-09-02 00:00:00+00:00
[2024-09-12T02:28:41.599+0000] {standard_task_runner.py:104} INFO - Running: ['***', 'tasks', 'run', 'dag_with_catchup_backfill_v02', 'task1', 'backfill__2024-09-02T00:00:00+00:00', '--job-id', '21865', '--pool', 'default_pool', '--raw', '--subdir', 'DAGS_FOLDER/dag_with_catchup_and_backfill.py', '--cfg-path', '/tmp/tmp12j9kqpa']
[2024-09-12T02:28:41.601+0000] {logging_mixin.py:190} WARNING - /home/***/.local/lib/python3.12/site-packages/***/task/task_runner/standard_task_runner.py:70 DeprecationWarning: This process (pid=15442) is multi-threaded, use of fork() may lead to deadlocks in the child.
[2024-09-12T02:28:41.612+0000] {standard_task_runner.py:72} INFO - Started process 15463 to run task
[2024-09-12T02:28:41.612+0000] {standard_task_runner.py:105} INFO - Job 21865: Subtask task1
[2024-09-12T02:28:41.733+0000] {task_command.py:467} INFO - Running <TaskInstance: dag_with_catchup_backfill_v02.task1 backfill__2024-09-02T00:00:00+00:00 [running]> on host 5508ea9ebfaf
[2024-09-12T02:28:41.900+0000] {taskinstance.py:3131} INFO - Exporting env vars: AIRFLOW_CTX_DAG_OWNER='coder2j' AIRFLOW_CTX_DAG_ID='dag_with_catchup_backfill_v02' AIRFLOW_CTX_TASK_ID='task1' AIRFLOW_CTX_EXECUTION_DATE='2024-09-02T00:00:00+00:00' AIRFLOW_CTX_TRY_NUMBER='1' AIRFLOW_CTX_DAG_RUN_ID='backfill__2024-09-02T00:00:00+00:00'
[2024-09-12T02:28:41.904+0000] {taskinstance.py:731} INFO - ::endgroup::
[2024-09-12T02:28:41.906+0000] {subprocess.py:63} INFO - Tmp dir root location: /tmp
[2024-09-12T02:28:41.908+0000] {subprocess.py:75} INFO - Running command: ['/usr/bin/bash', '-c', 'echo This is a simple bash command!']
[2024-09-12T02:28:41.930+0000] {subprocess.py:86} INFO - Output:
[2024-09-12T02:28:41.931+0000] {subprocess.py:93} INFO - This is a simple bash command!
[2024-09-12T02:28:41.931+0000] {subprocess.py:97} INFO - Command exited with return code 0
[2024-09-12T02:28:42.001+0000] {taskinstance.py:340} INFO - ::group::Post task execution logs
[2024-09-12T02:28:42.005+0000] {taskinstance.py:352} INFO - Marking task as SUCCESS. dag_id=dag_with_catchup_backfill_v02, task_id=task1, run_id=backfill__2024-09-02T00:00:00+00:00, execution_date=20240902T000000, start_date=20240912T022841, end_date=20240912T022842
[2024-09-12T02:28:42.176+0000] {local_task_job_runner.py:266} INFO - Task exited with return code 0
[2024-09-12T02:28:42.220+0000] {taskinstance.py:3900} INFO - 0 downstream tasks scheduled from follow-on schedule check
[2024-09-12T02:28:42.228+0000] {local_task_job_runner.py:245} INFO - ::endgroup::
