[2024-09-10T07:28:04.786+0000] {local_task_job_runner.py:123} INFO - ::group::Pre task execution logs
[2024-09-10T07:28:04.827+0000] {taskinstance.py:2612} INFO - Dependencies all met for dep_context=non-requeueable deps ti=<TaskInstance: our_first_dag_V3.second_task scheduled__2022-06-02T00:00:00+00:00 [queued]>
[2024-09-10T07:28:04.853+0000] {taskinstance.py:2612} INFO - Dependencies all met for dep_context=requeueable deps ti=<TaskInstance: our_first_dag_V3.second_task scheduled__2022-06-02T00:00:00+00:00 [queued]>
[2024-09-10T07:28:04.856+0000] {taskinstance.py:2865} INFO - Starting attempt 1 of 6
[2024-09-10T07:28:04.916+0000] {taskinstance.py:2888} INFO - Executing <Task(BashOperator): second_task> on 2022-06-02 00:00:00+00:00
[2024-09-10T07:28:04.934+0000] {logging_mixin.py:190} WARNING - /home/***/.local/lib/python3.12/site-packages/***/task/task_runner/standard_task_runner.py:70 DeprecationWarning: This process (pid=15382) is multi-threaded, use of fork() may lead to deadlocks in the child.
[2024-09-10T07:28:04.938+0000] {standard_task_runner.py:72} INFO - Started process 15396 to run task
[2024-09-10T07:28:04.933+0000] {standard_task_runner.py:104} INFO - Running: ['***', 'tasks', 'run', 'our_first_dag_V3', 'second_task', 'scheduled__2022-06-02T00:00:00+00:00', '--job-id', '3382', '--raw', '--subdir', 'DAGS_FOLDER/our_first_dag.py', '--cfg-path', '/tmp/tmpi377xy4r']
[2024-09-10T07:28:04.940+0000] {standard_task_runner.py:105} INFO - Job 3382: Subtask second_task
[2024-09-10T07:28:05.073+0000] {task_command.py:467} INFO - Running <TaskInstance: our_first_dag_V3.second_task scheduled__2022-06-02T00:00:00+00:00 [running]> on host 5508ea9ebfaf
[2024-09-10T07:28:05.272+0000] {taskinstance.py:3131} INFO - Exporting env vars: AIRFLOW_CTX_DAG_OWNER='coder2j' AIRFLOW_CTX_DAG_ID='our_first_dag_V3' AIRFLOW_CTX_TASK_ID='second_task' AIRFLOW_CTX_EXECUTION_DATE='2022-06-02T00:00:00+00:00' AIRFLOW_CTX_TRY_NUMBER='1' AIRFLOW_CTX_DAG_RUN_ID='scheduled__2022-06-02T00:00:00+00:00'
[2024-09-10T07:28:05.274+0000] {taskinstance.py:731} INFO - ::endgroup::
[2024-09-10T07:28:05.314+0000] {subprocess.py:63} INFO - Tmp dir root location: /tmp
[2024-09-10T07:28:05.316+0000] {subprocess.py:75} INFO - Running command: ['/usr/bin/bash', '-c', 'echo hey, this is the second task!']
[2024-09-10T07:28:05.331+0000] {subprocess.py:86} INFO - Output:
[2024-09-10T07:28:05.334+0000] {subprocess.py:93} INFO - hey, this is the second task!
[2024-09-10T07:28:05.335+0000] {subprocess.py:97} INFO - Command exited with return code 0
[2024-09-10T07:28:05.499+0000] {taskinstance.py:340} INFO - ::group::Post task execution logs
[2024-09-10T07:28:05.502+0000] {taskinstance.py:352} INFO - Marking task as SUCCESS. dag_id=our_first_dag_V3, task_id=second_task, run_id=scheduled__2022-06-02T00:00:00+00:00, execution_date=20220602T000000, start_date=20240910T072804, end_date=20240910T072805
[2024-09-10T07:28:05.610+0000] {local_task_job_runner.py:266} INFO - Task exited with return code 0
[2024-09-10T07:28:05.632+0000] {local_task_job_runner.py:245} INFO - ::endgroup::
