[2024-09-10T08:22:40.872+0000] {local_task_job_runner.py:123} INFO - ::group::Pre task execution logs
[2024-09-10T08:22:40.918+0000] {taskinstance.py:2612} INFO - Dependencies all met for dep_context=non-requeueable deps ti=<TaskInstance: our_first_dag_V5.second_task scheduled__2024-02-13T00:00:00+00:00 [queued]>
[2024-09-10T08:22:40.981+0000] {taskinstance.py:2612} INFO - Dependencies all met for dep_context=requeueable deps ti=<TaskInstance: our_first_dag_V5.second_task scheduled__2024-02-13T00:00:00+00:00 [queued]>
[2024-09-10T08:22:40.992+0000] {taskinstance.py:2865} INFO - Starting attempt 1 of 6
[2024-09-10T08:22:41.128+0000] {taskinstance.py:2888} INFO - Executing <Task(BashOperator): second_task> on 2024-02-13 00:00:00+00:00
[2024-09-10T08:22:41.160+0000] {logging_mixin.py:190} WARNING - /home/***/.local/lib/python3.12/site-packages/***/task/task_runner/standard_task_runner.py:70 DeprecationWarning: This process (pid=39819) is multi-threaded, use of fork() may lead to deadlocks in the child.
[2024-09-10T08:22:41.165+0000] {standard_task_runner.py:72} INFO - Started process 39839 to run task
[2024-09-10T08:22:41.170+0000] {standard_task_runner.py:104} INFO - Running: ['***', 'tasks', 'run', 'our_first_dag_V5', 'second_task', 'scheduled__2024-02-13T00:00:00+00:00', '--job-id', '9189', '--raw', '--subdir', 'DAGS_FOLDER/our_first_dag.py', '--cfg-path', '/tmp/tmpmglhohc9']
[2024-09-10T08:22:41.175+0000] {standard_task_runner.py:105} INFO - Job 9189: Subtask second_task
[2024-09-10T08:22:41.406+0000] {task_command.py:467} INFO - Running <TaskInstance: our_first_dag_V5.second_task scheduled__2024-02-13T00:00:00+00:00 [running]> on host 5508ea9ebfaf
[2024-09-10T08:22:41.878+0000] {taskinstance.py:3131} INFO - Exporting env vars: AIRFLOW_CTX_DAG_OWNER='coder2j' AIRFLOW_CTX_DAG_ID='our_first_dag_V5' AIRFLOW_CTX_TASK_ID='second_task' AIRFLOW_CTX_EXECUTION_DATE='2024-02-13T00:00:00+00:00' AIRFLOW_CTX_TRY_NUMBER='1' AIRFLOW_CTX_DAG_RUN_ID='scheduled__2024-02-13T00:00:00+00:00'
[2024-09-10T08:22:41.883+0000] {taskinstance.py:731} INFO - ::endgroup::
[2024-09-10T08:22:41.944+0000] {subprocess.py:63} INFO - Tmp dir root location: /tmp
[2024-09-10T08:22:41.946+0000] {subprocess.py:75} INFO - Running command: ['/usr/bin/bash', '-c', 'echo hey, this is the second task!']
[2024-09-10T08:22:41.963+0000] {subprocess.py:86} INFO - Output:
[2024-09-10T08:22:41.965+0000] {subprocess.py:93} INFO - hey, this is the second task!
[2024-09-10T08:22:41.965+0000] {subprocess.py:97} INFO - Command exited with return code 0
[2024-09-10T08:22:42.006+0000] {taskinstance.py:340} INFO - ::group::Post task execution logs
[2024-09-10T08:22:42.007+0000] {taskinstance.py:352} INFO - Marking task as SUCCESS. dag_id=our_first_dag_V5, task_id=second_task, run_id=scheduled__2024-02-13T00:00:00+00:00, execution_date=20240213T000000, start_date=20240910T082240, end_date=20240910T082242
[2024-09-10T08:22:42.068+0000] {local_task_job_runner.py:266} INFO - Task exited with return code 0
[2024-09-10T08:22:42.104+0000] {local_task_job_runner.py:245} INFO - ::endgroup::
