[2024-09-10T08:18:45.688+0000] {local_task_job_runner.py:123} INFO - ::group::Pre task execution logs
[2024-09-10T08:18:45.729+0000] {taskinstance.py:2612} INFO - Dependencies all met for dep_context=non-requeueable deps ti=<TaskInstance: our_first_dag_V5.second_task scheduled__2023-04-22T00:00:00+00:00 [queued]>
[2024-09-10T08:18:45.755+0000] {taskinstance.py:2612} INFO - Dependencies all met for dep_context=requeueable deps ti=<TaskInstance: our_first_dag_V5.second_task scheduled__2023-04-22T00:00:00+00:00 [queued]>
[2024-09-10T08:18:45.756+0000] {taskinstance.py:2865} INFO - Starting attempt 1 of 6
[2024-09-10T08:18:45.822+0000] {taskinstance.py:2888} INFO - Executing <Task(BashOperator): second_task> on 2023-04-22 00:00:00+00:00
[2024-09-10T08:18:45.848+0000] {logging_mixin.py:190} WARNING - /home/***/.local/lib/python3.12/site-packages/***/task/task_runner/standard_task_runner.py:70 DeprecationWarning: This process (pid=36160) is multi-threaded, use of fork() may lead to deadlocks in the child.
[2024-09-10T08:18:45.851+0000] {standard_task_runner.py:72} INFO - Started process 36177 to run task
[2024-09-10T08:18:45.852+0000] {standard_task_runner.py:104} INFO - Running: ['***', 'tasks', 'run', 'our_first_dag_V5', 'second_task', 'scheduled__2023-04-22T00:00:00+00:00', '--job-id', '8295', '--raw', '--subdir', 'DAGS_FOLDER/our_first_dag.py', '--cfg-path', '/tmp/tmp2ptg20pg']
[2024-09-10T08:18:45.861+0000] {standard_task_runner.py:105} INFO - Job 8295: Subtask second_task
[2024-09-10T08:18:46.043+0000] {task_command.py:467} INFO - Running <TaskInstance: our_first_dag_V5.second_task scheduled__2023-04-22T00:00:00+00:00 [running]> on host 5508ea9ebfaf
[2024-09-10T08:18:46.296+0000] {taskinstance.py:3131} INFO - Exporting env vars: AIRFLOW_CTX_DAG_OWNER='coder2j' AIRFLOW_CTX_DAG_ID='our_first_dag_V5' AIRFLOW_CTX_TASK_ID='second_task' AIRFLOW_CTX_EXECUTION_DATE='2023-04-22T00:00:00+00:00' AIRFLOW_CTX_TRY_NUMBER='1' AIRFLOW_CTX_DAG_RUN_ID='scheduled__2023-04-22T00:00:00+00:00'
[2024-09-10T08:18:46.298+0000] {taskinstance.py:731} INFO - ::endgroup::
[2024-09-10T08:18:46.338+0000] {subprocess.py:63} INFO - Tmp dir root location: /tmp
[2024-09-10T08:18:46.339+0000] {subprocess.py:75} INFO - Running command: ['/usr/bin/bash', '-c', 'echo hey, this is the second task!']
[2024-09-10T08:18:46.354+0000] {subprocess.py:86} INFO - Output:
[2024-09-10T08:18:46.355+0000] {subprocess.py:93} INFO - hey, this is the second task!
[2024-09-10T08:18:46.358+0000] {subprocess.py:97} INFO - Command exited with return code 0
[2024-09-10T08:18:46.396+0000] {taskinstance.py:340} INFO - ::group::Post task execution logs
[2024-09-10T08:18:46.397+0000] {taskinstance.py:352} INFO - Marking task as SUCCESS. dag_id=our_first_dag_V5, task_id=second_task, run_id=scheduled__2023-04-22T00:00:00+00:00, execution_date=20230422T000000, start_date=20240910T081845, end_date=20240910T081846
[2024-09-10T08:18:46.447+0000] {local_task_job_runner.py:266} INFO - Task exited with return code 0
[2024-09-10T08:18:46.464+0000] {local_task_job_runner.py:245} INFO - ::endgroup::
