[2024-09-20T08:57:05.010+0000] {local_task_job_runner.py:123} INFO - ::group::Pre task execution logs
[2024-09-20T08:57:05.058+0000] {taskinstance.py:2612} INFO - Dependencies all met for dep_context=non-requeueable deps ti=<TaskInstance: dag_with_minio_s3_v02.sensor_minio_s3 scheduled__2024-09-17T00:00:00+00:00 [queued]>
[2024-09-20T08:57:05.077+0000] {taskinstance.py:2612} INFO - Dependencies all met for dep_context=requeueable deps ti=<TaskInstance: dag_with_minio_s3_v02.sensor_minio_s3 scheduled__2024-09-17T00:00:00+00:00 [queued]>
[2024-09-20T08:57:05.078+0000] {taskinstance.py:2865} INFO - Starting attempt 2 of 7
[2024-09-20T08:57:05.559+0000] {taskinstance.py:2888} INFO - Executing <Task(S3KeySensor): sensor_minio_s3> on 2024-09-17 00:00:00+00:00
[2024-09-20T08:57:05.572+0000] {standard_task_runner.py:104} INFO - Running: ['***', 'tasks', 'run', 'dag_with_minio_s3_v02', 'sensor_minio_s3', 'scheduled__2024-09-17T00:00:00+00:00', '--job-id', '22585', '--raw', '--subdir', 'DAGS_FOLDER/dag_with_minio_s3.py', '--cfg-path', '/tmp/tmptspkzi99']
[2024-09-20T08:57:05.573+0000] {logging_mixin.py:190} WARNING - /home/***/.local/lib/python3.12/site-packages/***/task/task_runner/standard_task_runner.py:70 DeprecationWarning: This process (pid=6617) is multi-threaded, use of fork() may lead to deadlocks in the child.
[2024-09-20T08:57:05.574+0000] {standard_task_runner.py:105} INFO - Job 22585: Subtask sensor_minio_s3
[2024-09-20T08:57:05.575+0000] {standard_task_runner.py:72} INFO - Started process 6622 to run task
[2024-09-20T08:57:05.647+0000] {task_command.py:467} INFO - Running <TaskInstance: dag_with_minio_s3_v02.sensor_minio_s3 scheduled__2024-09-17T00:00:00+00:00 [running]> on host ced43fa3e256
[2024-09-20T08:57:05.797+0000] {taskinstance.py:3131} INFO - Exporting env vars: AIRFLOW_CTX_DAG_OWNER='coder2j' AIRFLOW_CTX_DAG_ID='dag_with_minio_s3_v02' AIRFLOW_CTX_TASK_ID='sensor_minio_s3' AIRFLOW_CTX_EXECUTION_DATE='2024-09-17T00:00:00+00:00' AIRFLOW_CTX_TRY_NUMBER='2' AIRFLOW_CTX_DAG_RUN_ID='scheduled__2024-09-17T00:00:00+00:00'
[2024-09-20T08:57:05.798+0000] {taskinstance.py:731} INFO - ::endgroup::
[2024-09-20T08:57:05.825+0000] {baseoperator.py:405} WARNING - S3KeySensor.execute cannot be called outside TaskInstance!
[2024-09-20T08:57:05.826+0000] {s3.py:118} INFO - Poking for key : s3://***/data.csv
[2024-09-20T08:57:05.843+0000] {base.py:84} INFO - Retrieving connection 'minio_conn'
[2024-09-20T08:57:05.845+0000] {connection_wrapper.py:388} INFO - AWS Connection (conn_id='minio_conn', conn_type='aws') credentials retrieved from login and password.
[2024-09-20T08:57:05.848+0000] {logging_mixin.py:190} WARNING - <string>:9 AirflowProviderDeprecationWarning: extra['host'] is deprecated and will be removed in a future release. Please set extra['endpoint_url'] instead
[2024-09-20T08:57:06.448+0000] {base.py:336} INFO - Success criteria met. Exiting.
[2024-09-20T08:57:06.466+0000] {taskinstance.py:340} INFO - ::group::Post task execution logs
[2024-09-20T08:57:06.467+0000] {taskinstance.py:352} INFO - Marking task as SUCCESS. dag_id=dag_with_minio_s3_v02, task_id=sensor_minio_s3, run_id=scheduled__2024-09-17T00:00:00+00:00, execution_date=20240917T000000, start_date=20240920T085705, end_date=20240920T085706
[2024-09-20T08:57:06.595+0000] {local_task_job_runner.py:266} INFO - Task exited with return code 0
[2024-09-20T08:57:06.629+0000] {taskinstance.py:3900} INFO - 0 downstream tasks scheduled from follow-on schedule check
[2024-09-20T08:57:06.634+0000] {local_task_job_runner.py:245} INFO - ::endgroup::
