[2024-09-12T02:26:45.753+0000] {local_task_job_runner.py:123} INFO - ::group::Pre task execution logs
[2024-09-12T02:26:45.824+0000] {taskinstance.py:2612} INFO - Dependencies all met for dep_context=non-requeueable deps ti=<TaskInstance: our_first_dag_V6.third_task scheduled__2024-06-06T00:00:00+00:00 [queued]>
[2024-09-12T02:26:45.848+0000] {taskinstance.py:2612} INFO - Dependencies all met for dep_context=requeueable deps ti=<TaskInstance: our_first_dag_V6.third_task scheduled__2024-06-06T00:00:00+00:00 [queued]>
[2024-09-12T02:26:45.850+0000] {taskinstance.py:2865} INFO - Starting attempt 1 of 6
[2024-09-12T02:26:45.916+0000] {taskinstance.py:2888} INFO - Executing <Task(BashOperator): third_task> on 2024-06-06 00:00:00+00:00
[2024-09-12T02:26:45.931+0000] {logging_mixin.py:190} WARNING - /home/***/.local/lib/python3.12/site-packages/***/task/task_runner/standard_task_runner.py:70 DeprecationWarning: This process (pid=14038) is multi-threaded, use of fork() may lead to deadlocks in the child.
[2024-09-12T02:26:45.936+0000] {standard_task_runner.py:72} INFO - Started process 14055 to run task
[2024-09-12T02:26:45.927+0000] {standard_task_runner.py:104} INFO - Running: ['***', 'tasks', 'run', 'our_first_dag_V6', 'third_task', 'scheduled__2024-06-06T00:00:00+00:00', '--job-id', '21572', '--raw', '--subdir', 'DAGS_FOLDER/our_first_dag.py', '--cfg-path', '/tmp/tmpqvkuxsuv']
[2024-09-12T02:26:45.940+0000] {standard_task_runner.py:105} INFO - Job 21572: Subtask third_task
[2024-09-12T02:26:46.092+0000] {task_command.py:467} INFO - Running <TaskInstance: our_first_dag_V6.third_task scheduled__2024-06-06T00:00:00+00:00 [running]> on host 5508ea9ebfaf
[2024-09-12T02:26:46.292+0000] {taskinstance.py:3131} INFO - Exporting env vars: AIRFLOW_CTX_DAG_OWNER='acap' AIRFLOW_CTX_DAG_ID='our_first_dag_V6' AIRFLOW_CTX_TASK_ID='third_task' AIRFLOW_CTX_EXECUTION_DATE='2024-06-06T00:00:00+00:00' AIRFLOW_CTX_TRY_NUMBER='1' AIRFLOW_CTX_DAG_RUN_ID='scheduled__2024-06-06T00:00:00+00:00'
[2024-09-12T02:26:46.295+0000] {taskinstance.py:731} INFO - ::endgroup::
[2024-09-12T02:26:46.331+0000] {subprocess.py:63} INFO - Tmp dir root location: /tmp
[2024-09-12T02:26:46.333+0000] {subprocess.py:75} INFO - Running command: ['/usr/bin/bash', '-c', 'echo hey, this is the third task!']
[2024-09-12T02:26:46.345+0000] {subprocess.py:86} INFO - Output:
[2024-09-12T02:26:46.349+0000] {subprocess.py:93} INFO - hey, this is the third task!
[2024-09-12T02:26:46.350+0000] {subprocess.py:97} INFO - Command exited with return code 0
[2024-09-12T02:26:46.402+0000] {taskinstance.py:340} INFO - ::group::Post task execution logs
[2024-09-12T02:26:46.403+0000] {taskinstance.py:352} INFO - Marking task as SUCCESS. dag_id=our_first_dag_V6, task_id=third_task, run_id=scheduled__2024-06-06T00:00:00+00:00, execution_date=20240606T000000, start_date=20240912T022645, end_date=20240912T022646
[2024-09-12T02:26:46.456+0000] {local_task_job_runner.py:266} INFO - Task exited with return code 0
[2024-09-12T02:26:46.469+0000] {local_task_job_runner.py:245} INFO - ::endgroup::
