[2024-09-18T02:26:00.272+0000] {local_task_job_runner.py:123} INFO - ::group::Pre task execution logs
[2024-09-18T02:26:00.298+0000] {taskinstance.py:2612} INFO - Dependencies all met for dep_context=non-requeueable deps ti=<TaskInstance: dag_with_postgres_operator_v03.create_postgres_table scheduled__2024-09-12T00:00:00+00:00 [queued]>
[2024-09-18T02:26:00.308+0000] {taskinstance.py:2612} INFO - Dependencies all met for dep_context=requeueable deps ti=<TaskInstance: dag_with_postgres_operator_v03.create_postgres_table scheduled__2024-09-12T00:00:00+00:00 [queued]>
[2024-09-18T02:26:00.310+0000] {taskinstance.py:2865} INFO - Starting attempt 1 of 6
[2024-09-18T02:26:00.330+0000] {taskinstance.py:2888} INFO - Executing <Task(PostgresOperator): create_postgres_table> on 2024-09-12 00:00:00+00:00
[2024-09-18T02:26:00.342+0000] {standard_task_runner.py:104} INFO - Running: ['***', 'tasks', 'run', 'dag_with_postgres_operator_v03', 'create_postgres_table', 'scheduled__2024-09-12T00:00:00+00:00', '--job-id', '22079', '--raw', '--subdir', 'DAGS_FOLDER/dag_with_postgres_operator.py', '--cfg-path', '/tmp/tmpitjc8b58']
[2024-09-18T02:26:00.345+0000] {standard_task_runner.py:105} INFO - Job 22079: Subtask create_postgres_table
[2024-09-18T02:26:00.345+0000] {logging_mixin.py:190} WARNING - /home/***/.local/lib/python3.12/site-packages/***/task/task_runner/standard_task_runner.py:70 DeprecationWarning: This process (pid=1322) is multi-threaded, use of fork() may lead to deadlocks in the child.
[2024-09-18T02:26:00.346+0000] {standard_task_runner.py:72} INFO - Started process 1325 to run task
[2024-09-18T02:26:00.938+0000] {task_command.py:467} INFO - Running <TaskInstance: dag_with_postgres_operator_v03.create_postgres_table scheduled__2024-09-12T00:00:00+00:00 [running]> on host 5508ea9ebfaf
[2024-09-18T02:26:02.081+0000] {taskinstance.py:3131} INFO - Exporting env vars: AIRFLOW_CTX_DAG_OWNER='coder2j' AIRFLOW_CTX_DAG_ID='dag_with_postgres_operator_v03' AIRFLOW_CTX_TASK_ID='create_postgres_table' AIRFLOW_CTX_EXECUTION_DATE='2024-09-12T00:00:00+00:00' AIRFLOW_CTX_TRY_NUMBER='1' AIRFLOW_CTX_DAG_RUN_ID='scheduled__2024-09-12T00:00:00+00:00'
[2024-09-18T02:26:02.097+0000] {taskinstance.py:731} INFO - ::endgroup::
[2024-09-18T02:26:02.130+0000] {sql.py:266} INFO - Executing: 
            create table if not exists dag_runs (
                dt date,
                dag_id character varying,
                primary key (dt, dag_id)
            )
        
[2024-09-18T02:26:02.164+0000] {base.py:84} INFO - Retrieving connection 'postgres_localhost'
[2024-09-18T02:26:02.184+0000] {base.py:84} INFO - Retrieving connection 'postgres_localhost'
[2024-09-18T02:26:02.233+0000] {sql.py:509} INFO - Running statement: 
            create table if not exists dag_runs (
                dt date,
                dag_id character varying,
                primary key (dt, dag_id)
            )
        , parameters: None
[2024-09-18T02:26:02.265+0000] {taskinstance.py:340} INFO - ::group::Post task execution logs
[2024-09-18T02:26:02.265+0000] {taskinstance.py:352} INFO - Marking task as SUCCESS. dag_id=dag_with_postgres_operator_v03, task_id=create_postgres_table, run_id=scheduled__2024-09-12T00:00:00+00:00, execution_date=20240912T000000, start_date=20240918T022600, end_date=20240918T022602
[2024-09-18T02:26:02.860+0000] {local_task_job_runner.py:266} INFO - Task exited with return code 0
[2024-09-18T02:26:02.896+0000] {local_task_job_runner.py:245} INFO - ::endgroup::
[2024-09-18T02:31:50.490+0000] {local_task_job_runner.py:123} INFO - ::group::Pre task execution logs
[2024-09-18T02:31:50.529+0000] {taskinstance.py:2612} INFO - Dependencies all met for dep_context=non-requeueable deps ti=<TaskInstance: dag_with_postgres_operator_v03.create_postgres_table scheduled__2024-09-12T00:00:00+00:00 [queued]>
[2024-09-18T02:31:50.542+0000] {taskinstance.py:2612} INFO - Dependencies all met for dep_context=requeueable deps ti=<TaskInstance: dag_with_postgres_operator_v03.create_postgres_table scheduled__2024-09-12T00:00:00+00:00 [queued]>
[2024-09-18T02:31:50.542+0000] {taskinstance.py:2865} INFO - Starting attempt 1 of 6
[2024-09-18T02:31:50.582+0000] {taskinstance.py:2888} INFO - Executing <Task(PostgresOperator): create_postgres_table> on 2024-09-12 00:00:00+00:00
[2024-09-18T02:31:50.594+0000] {standard_task_runner.py:104} INFO - Running: ['***', 'tasks', 'run', 'dag_with_postgres_operator_v03', 'create_postgres_table', 'scheduled__2024-09-12T00:00:00+00:00', '--job-id', '22126', '--raw', '--subdir', 'DAGS_FOLDER/dag_with_postgres_operator.py', '--cfg-path', '/tmp/tmphybd4gjz']
[2024-09-18T02:31:50.595+0000] {logging_mixin.py:190} WARNING - /home/***/.local/lib/python3.12/site-packages/***/task/task_runner/standard_task_runner.py:70 DeprecationWarning: This process (pid=1888) is multi-threaded, use of fork() may lead to deadlocks in the child.
[2024-09-18T02:31:50.601+0000] {standard_task_runner.py:72} INFO - Started process 1895 to run task
[2024-09-18T02:31:50.599+0000] {standard_task_runner.py:105} INFO - Job 22126: Subtask create_postgres_table
[2024-09-18T02:31:50.701+0000] {task_command.py:467} INFO - Running <TaskInstance: dag_with_postgres_operator_v03.create_postgres_table scheduled__2024-09-12T00:00:00+00:00 [running]> on host 5508ea9ebfaf
[2024-09-18T02:31:50.828+0000] {taskinstance.py:3131} INFO - Exporting env vars: AIRFLOW_CTX_DAG_OWNER='coder2j' AIRFLOW_CTX_DAG_ID='dag_with_postgres_operator_v03' AIRFLOW_CTX_TASK_ID='create_postgres_table' AIRFLOW_CTX_EXECUTION_DATE='2024-09-12T00:00:00+00:00' AIRFLOW_CTX_TRY_NUMBER='1' AIRFLOW_CTX_DAG_RUN_ID='scheduled__2024-09-12T00:00:00+00:00'
[2024-09-18T02:31:50.831+0000] {taskinstance.py:731} INFO - ::endgroup::
[2024-09-18T02:31:50.863+0000] {sql.py:266} INFO - Executing: 
            create table if not exists dag_runs (
                dt date,
                dag_id character varying,
                primary key (dt, dag_id)
            )
        
[2024-09-18T02:31:50.875+0000] {base.py:84} INFO - Retrieving connection 'postgres_localhost'
[2024-09-18T02:31:50.887+0000] {base.py:84} INFO - Retrieving connection 'postgres_localhost'
[2024-09-18T02:31:50.910+0000] {sql.py:509} INFO - Running statement: 
            create table if not exists dag_runs (
                dt date,
                dag_id character varying,
                primary key (dt, dag_id)
            )
        , parameters: None
[2024-09-18T02:31:50.935+0000] {taskinstance.py:340} INFO - ::group::Post task execution logs
[2024-09-18T02:31:50.939+0000] {taskinstance.py:352} INFO - Marking task as SUCCESS. dag_id=dag_with_postgres_operator_v03, task_id=create_postgres_table, run_id=scheduled__2024-09-12T00:00:00+00:00, execution_date=20240912T000000, start_date=20240918T023150, end_date=20240918T023150
[2024-09-18T02:31:50.986+0000] {local_task_job_runner.py:266} INFO - Task exited with return code 0
[2024-09-18T02:31:50.996+0000] {local_task_job_runner.py:245} INFO - ::endgroup::
