[2024-09-12T02:20:42.070+0000] {local_task_job_runner.py:123} INFO - ::group::Pre task execution logs
[2024-09-12T02:20:42.147+0000] {taskinstance.py:2612} INFO - Dependencies all met for dep_context=non-requeueable deps ti=<TaskInstance: our_first_dag_V6.first_task scheduled__2022-12-22T00:00:00+00:00 [queued]>
[2024-09-12T02:20:42.170+0000] {taskinstance.py:2612} INFO - Dependencies all met for dep_context=requeueable deps ti=<TaskInstance: our_first_dag_V6.first_task scheduled__2022-12-22T00:00:00+00:00 [queued]>
[2024-09-12T02:20:42.171+0000] {taskinstance.py:2865} INFO - Starting attempt 1 of 6
[2024-09-12T02:20:42.240+0000] {taskinstance.py:2888} INFO - Executing <Task(BashOperator): first_task> on 2022-12-22 00:00:00+00:00
[2024-09-12T02:20:42.253+0000] {logging_mixin.py:190} WARNING - /home/***/.local/lib/python3.12/site-packages/***/task/task_runner/standard_task_runner.py:70 DeprecationWarning: This process (pid=7269) is multi-threaded, use of fork() may lead to deadlocks in the child.
[2024-09-12T02:20:42.266+0000] {standard_task_runner.py:72} INFO - Started process 7289 to run task
[2024-09-12T02:20:42.255+0000] {standard_task_runner.py:104} INFO - Running: ['***', 'tasks', 'run', 'our_first_dag_V6', 'first_task', 'scheduled__2022-12-22T00:00:00+00:00', '--job-id', '19961', '--raw', '--subdir', 'DAGS_FOLDER/our_first_dag.py', '--cfg-path', '/tmp/tmpfqho8283']
[2024-09-12T02:20:42.269+0000] {standard_task_runner.py:105} INFO - Job 19961: Subtask first_task
[2024-09-12T02:20:42.431+0000] {task_command.py:467} INFO - Running <TaskInstance: our_first_dag_V6.first_task scheduled__2022-12-22T00:00:00+00:00 [running]> on host 5508ea9ebfaf
[2024-09-12T02:20:42.838+0000] {taskinstance.py:3131} INFO - Exporting env vars: AIRFLOW_CTX_DAG_OWNER='acap' AIRFLOW_CTX_DAG_ID='our_first_dag_V6' AIRFLOW_CTX_TASK_ID='first_task' AIRFLOW_CTX_EXECUTION_DATE='2022-12-22T00:00:00+00:00' AIRFLOW_CTX_TRY_NUMBER='1' AIRFLOW_CTX_DAG_RUN_ID='scheduled__2022-12-22T00:00:00+00:00'
[2024-09-12T02:20:42.844+0000] {taskinstance.py:731} INFO - ::endgroup::
[2024-09-12T02:20:42.909+0000] {subprocess.py:63} INFO - Tmp dir root location: /tmp
[2024-09-12T02:20:42.911+0000] {subprocess.py:75} INFO - Running command: ['/usr/bin/bash', '-c', 'echo hello world, this is the first task!']
[2024-09-12T02:20:42.945+0000] {subprocess.py:86} INFO - Output:
[2024-09-12T02:20:42.957+0000] {subprocess.py:93} INFO - hello world, this is the first task!
[2024-09-12T02:20:42.966+0000] {subprocess.py:97} INFO - Command exited with return code 0
[2024-09-12T02:20:43.082+0000] {taskinstance.py:340} INFO - ::group::Post task execution logs
[2024-09-12T02:20:43.084+0000] {taskinstance.py:352} INFO - Marking task as SUCCESS. dag_id=our_first_dag_V6, task_id=first_task, run_id=scheduled__2022-12-22T00:00:00+00:00, execution_date=20221222T000000, start_date=20240912T022042, end_date=20240912T022043
[2024-09-12T02:20:43.158+0000] {local_task_job_runner.py:266} INFO - Task exited with return code 0
[2024-09-12T02:20:43.274+0000] {taskinstance.py:3900} INFO - 2 downstream tasks scheduled from follow-on schedule check
[2024-09-12T02:20:43.291+0000] {local_task_job_runner.py:245} INFO - ::endgroup::
