[2024-09-10T07:34:34.649+0000] {local_task_job_runner.py:123} INFO - ::group::Pre task execution logs
[2024-09-10T07:34:34.673+0000] {taskinstance.py:2612} INFO - Dependencies all met for dep_context=non-requeueable deps ti=<TaskInstance: our_first_dag_V3.second_task scheduled__2024-01-17T00:00:00+00:00 [queued]>
[2024-09-10T07:34:34.685+0000] {taskinstance.py:2612} INFO - Dependencies all met for dep_context=requeueable deps ti=<TaskInstance: our_first_dag_V3.second_task scheduled__2024-01-17T00:00:00+00:00 [queued]>
[2024-09-10T07:34:34.686+0000] {taskinstance.py:2865} INFO - Starting attempt 1 of 6
[2024-09-10T07:34:34.711+0000] {taskinstance.py:2888} INFO - Executing <Task(BashOperator): second_task> on 2024-01-17 00:00:00+00:00
[2024-09-10T07:34:34.721+0000] {logging_mixin.py:190} WARNING - /home/***/.local/lib/python3.12/site-packages/***/task/task_runner/standard_task_runner.py:70 DeprecationWarning: This process (pid=22642) is multi-threaded, use of fork() may lead to deadlocks in the child.
[2024-09-10T07:34:34.721+0000] {standard_task_runner.py:104} INFO - Running: ['***', 'tasks', 'run', 'our_first_dag_V3', 'second_task', 'scheduled__2024-01-17T00:00:00+00:00', '--job-id', '5167', '--raw', '--subdir', 'DAGS_FOLDER/our_first_dag.py', '--cfg-path', '/tmp/tmpbs674kft']
[2024-09-10T07:34:34.725+0000] {standard_task_runner.py:105} INFO - Job 5167: Subtask second_task
[2024-09-10T07:34:34.723+0000] {standard_task_runner.py:72} INFO - Started process 22652 to run task
[2024-09-10T07:34:34.793+0000] {task_command.py:467} INFO - Running <TaskInstance: our_first_dag_V3.second_task scheduled__2024-01-17T00:00:00+00:00 [running]> on host 5508ea9ebfaf
[2024-09-10T07:34:34.972+0000] {taskinstance.py:3131} INFO - Exporting env vars: AIRFLOW_CTX_DAG_OWNER='coder2j' AIRFLOW_CTX_DAG_ID='our_first_dag_V3' AIRFLOW_CTX_TASK_ID='second_task' AIRFLOW_CTX_EXECUTION_DATE='2024-01-17T00:00:00+00:00' AIRFLOW_CTX_TRY_NUMBER='1' AIRFLOW_CTX_DAG_RUN_ID='scheduled__2024-01-17T00:00:00+00:00'
[2024-09-10T07:34:34.974+0000] {taskinstance.py:731} INFO - ::endgroup::
[2024-09-10T07:34:35.012+0000] {subprocess.py:63} INFO - Tmp dir root location: /tmp
[2024-09-10T07:34:35.014+0000] {subprocess.py:75} INFO - Running command: ['/usr/bin/bash', '-c', 'echo hey, this is the second task!']
[2024-09-10T07:34:35.034+0000] {subprocess.py:86} INFO - Output:
[2024-09-10T07:34:35.037+0000] {subprocess.py:93} INFO - hey, this is the second task!
[2024-09-10T07:34:35.039+0000] {subprocess.py:97} INFO - Command exited with return code 0
[2024-09-10T07:34:35.093+0000] {taskinstance.py:340} INFO - ::group::Post task execution logs
[2024-09-10T07:34:35.095+0000] {taskinstance.py:352} INFO - Marking task as SUCCESS. dag_id=our_first_dag_V3, task_id=second_task, run_id=scheduled__2024-01-17T00:00:00+00:00, execution_date=20240117T000000, start_date=20240910T073434, end_date=20240910T073435
[2024-09-10T07:34:35.162+0000] {local_task_job_runner.py:266} INFO - Task exited with return code 0
[2024-09-10T07:34:35.190+0000] {local_task_job_runner.py:245} INFO - ::endgroup::
