[2024-09-12T02:19:24.405+0000] {local_task_job_runner.py:123} INFO - ::group::Pre task execution logs
[2024-09-12T02:19:24.421+0000] {taskinstance.py:2612} INFO - Dependencies all met for dep_context=non-requeueable deps ti=<TaskInstance: our_first_dag_V6.third_task scheduled__2022-08-20T00:00:00+00:00 [queued]>
[2024-09-12T02:19:24.430+0000] {taskinstance.py:2612} INFO - Dependencies all met for dep_context=requeueable deps ti=<TaskInstance: our_first_dag_V6.third_task scheduled__2022-08-20T00:00:00+00:00 [queued]>
[2024-09-12T02:19:24.431+0000] {taskinstance.py:2865} INFO - Starting attempt 1 of 6
[2024-09-12T02:19:24.455+0000] {taskinstance.py:2888} INFO - Executing <Task(BashOperator): third_task> on 2022-08-20 00:00:00+00:00
[2024-09-12T02:19:24.462+0000] {logging_mixin.py:190} WARNING - /home/***/.local/lib/python3.12/site-packages/***/task/task_runner/standard_task_runner.py:70 DeprecationWarning: This process (pid=5767) is multi-threaded, use of fork() may lead to deadlocks in the child.
[2024-09-12T02:19:24.463+0000] {standard_task_runner.py:72} INFO - Started process 5771 to run task
[2024-09-12T02:19:24.462+0000] {standard_task_runner.py:104} INFO - Running: ['***', 'tasks', 'run', 'our_first_dag_V6', 'third_task', 'scheduled__2022-08-20T00:00:00+00:00', '--job-id', '19600', '--raw', '--subdir', 'DAGS_FOLDER/our_first_dag.py', '--cfg-path', '/tmp/tmpl9c7mjaz']
[2024-09-12T02:19:24.465+0000] {standard_task_runner.py:105} INFO - Job 19600: Subtask third_task
[2024-09-12T02:19:24.513+0000] {task_command.py:467} INFO - Running <TaskInstance: our_first_dag_V6.third_task scheduled__2022-08-20T00:00:00+00:00 [running]> on host 5508ea9ebfaf
[2024-09-12T02:19:24.608+0000] {taskinstance.py:3131} INFO - Exporting env vars: AIRFLOW_CTX_DAG_OWNER='acap' AIRFLOW_CTX_DAG_ID='our_first_dag_V6' AIRFLOW_CTX_TASK_ID='third_task' AIRFLOW_CTX_EXECUTION_DATE='2022-08-20T00:00:00+00:00' AIRFLOW_CTX_TRY_NUMBER='1' AIRFLOW_CTX_DAG_RUN_ID='scheduled__2022-08-20T00:00:00+00:00'
[2024-09-12T02:19:24.609+0000] {taskinstance.py:731} INFO - ::endgroup::
[2024-09-12T02:19:24.624+0000] {subprocess.py:63} INFO - Tmp dir root location: /tmp
[2024-09-12T02:19:24.625+0000] {subprocess.py:75} INFO - Running command: ['/usr/bin/bash', '-c', 'echo hey, this is the third task!']
[2024-09-12T02:19:24.634+0000] {subprocess.py:86} INFO - Output:
[2024-09-12T02:19:24.635+0000] {subprocess.py:93} INFO - hey, this is the third task!
[2024-09-12T02:19:24.637+0000] {subprocess.py:97} INFO - Command exited with return code 0
[2024-09-12T02:19:24.663+0000] {taskinstance.py:340} INFO - ::group::Post task execution logs
[2024-09-12T02:19:24.663+0000] {taskinstance.py:352} INFO - Marking task as SUCCESS. dag_id=our_first_dag_V6, task_id=third_task, run_id=scheduled__2022-08-20T00:00:00+00:00, execution_date=20220820T000000, start_date=20240912T021924, end_date=20240912T021924
[2024-09-12T02:19:24.719+0000] {local_task_job_runner.py:266} INFO - Task exited with return code 0
[2024-09-12T02:19:24.730+0000] {local_task_job_runner.py:245} INFO - ::endgroup::
