[2024-09-10T07:17:14.750+0000] {local_task_job_runner.py:123} INFO - ::group::Pre task execution logs
[2024-09-10T07:17:14.774+0000] {taskinstance.py:2612} INFO - Dependencies all met for dep_context=non-requeueable deps ti=<TaskInstance: our_first_dag_V2.second_task scheduled__2021-10-07T00:00:00+00:00 [queued]>
[2024-09-10T07:17:14.787+0000] {taskinstance.py:2612} INFO - Dependencies all met for dep_context=requeueable deps ti=<TaskInstance: our_first_dag_V2.second_task scheduled__2021-10-07T00:00:00+00:00 [queued]>
[2024-09-10T07:17:14.789+0000] {taskinstance.py:2865} INFO - Starting attempt 1 of 6
[2024-09-10T07:17:14.817+0000] {taskinstance.py:2888} INFO - Executing <Task(BashOperator): second_task> on 2021-10-07 00:00:00+00:00
[2024-09-10T07:17:14.830+0000] {logging_mixin.py:190} WARNING - /home/***/.local/lib/python3.12/site-packages/***/task/task_runner/standard_task_runner.py:70 DeprecationWarning: This process (pid=5575) is multi-threaded, use of fork() may lead to deadlocks in the child.
[2024-09-10T07:17:14.840+0000] {standard_task_runner.py:72} INFO - Started process 5589 to run task
[2024-09-10T07:17:14.847+0000] {standard_task_runner.py:104} INFO - Running: ['***', 'tasks', 'run', 'our_first_dag_V2', 'second_task', 'scheduled__2021-10-07T00:00:00+00:00', '--job-id', '995', '--raw', '--subdir', 'DAGS_FOLDER/our_first_dag.py', '--cfg-path', '/tmp/tmpaxm_cci_']
[2024-09-10T07:17:14.852+0000] {standard_task_runner.py:105} INFO - Job 995: Subtask second_task
[2024-09-10T07:17:14.939+0000] {task_command.py:467} INFO - Running <TaskInstance: our_first_dag_V2.second_task scheduled__2021-10-07T00:00:00+00:00 [running]> on host 5508ea9ebfaf
[2024-09-10T07:17:15.208+0000] {taskinstance.py:3131} INFO - Exporting env vars: AIRFLOW_CTX_DAG_OWNER='coder2j' AIRFLOW_CTX_DAG_ID='our_first_dag_V2' AIRFLOW_CTX_TASK_ID='second_task' AIRFLOW_CTX_EXECUTION_DATE='2021-10-07T00:00:00+00:00' AIRFLOW_CTX_TRY_NUMBER='1' AIRFLOW_CTX_DAG_RUN_ID='scheduled__2021-10-07T00:00:00+00:00'
[2024-09-10T07:17:15.212+0000] {taskinstance.py:731} INFO - ::endgroup::
[2024-09-10T07:17:15.263+0000] {subprocess.py:63} INFO - Tmp dir root location: /tmp
[2024-09-10T07:17:15.270+0000] {subprocess.py:75} INFO - Running command: ['/usr/bin/bash', '-c', 'echo hey, this is the second task!']
[2024-09-10T07:17:15.300+0000] {subprocess.py:86} INFO - Output:
[2024-09-10T07:17:15.304+0000] {subprocess.py:93} INFO - hey, this is the second task!
[2024-09-10T07:17:15.305+0000] {subprocess.py:97} INFO - Command exited with return code 0
[2024-09-10T07:17:15.436+0000] {taskinstance.py:340} INFO - ::group::Post task execution logs
[2024-09-10T07:17:15.438+0000] {taskinstance.py:352} INFO - Marking task as SUCCESS. dag_id=our_first_dag_V2, task_id=second_task, run_id=scheduled__2021-10-07T00:00:00+00:00, execution_date=20211007T000000, start_date=20240910T071714, end_date=20240910T071715
[2024-09-10T07:17:15.515+0000] {local_task_job_runner.py:266} INFO - Task exited with return code 0
[2024-09-10T07:17:15.538+0000] {local_task_job_runner.py:245} INFO - ::endgroup::
