[2024-09-10T07:30:24.259+0000] {local_task_job_runner.py:123} INFO - ::group::Pre task execution logs
[2024-09-10T07:30:24.334+0000] {taskinstance.py:2612} INFO - Dependencies all met for dep_context=non-requeueable deps ti=<TaskInstance: our_first_dag_V3.second_task scheduled__2023-01-06T00:00:00+00:00 [queued]>
[2024-09-10T07:30:24.381+0000] {taskinstance.py:2612} INFO - Dependencies all met for dep_context=requeueable deps ti=<TaskInstance: our_first_dag_V3.second_task scheduled__2023-01-06T00:00:00+00:00 [queued]>
[2024-09-10T07:30:24.384+0000] {taskinstance.py:2865} INFO - Starting attempt 1 of 6
[2024-09-10T07:30:24.642+0000] {taskinstance.py:2888} INFO - Executing <Task(BashOperator): second_task> on 2023-01-06 00:00:00+00:00
[2024-09-10T07:30:24.657+0000] {logging_mixin.py:190} WARNING - /home/***/.local/lib/python3.12/site-packages/***/task/task_runner/standard_task_runner.py:70 DeprecationWarning: This process (pid=18035) is multi-threaded, use of fork() may lead to deadlocks in the child.
[2024-09-10T07:30:24.665+0000] {standard_task_runner.py:72} INFO - Started process 18062 to run task
[2024-09-10T07:30:24.670+0000] {standard_task_runner.py:104} INFO - Running: ['***', 'tasks', 'run', 'our_first_dag_V3', 'second_task', 'scheduled__2023-01-06T00:00:00+00:00', '--job-id', '4038', '--raw', '--subdir', 'DAGS_FOLDER/our_first_dag.py', '--cfg-path', '/tmp/tmpxwxee27v']
[2024-09-10T07:30:24.681+0000] {standard_task_runner.py:105} INFO - Job 4038: Subtask second_task
[2024-09-10T07:30:24.912+0000] {task_command.py:467} INFO - Running <TaskInstance: our_first_dag_V3.second_task scheduled__2023-01-06T00:00:00+00:00 [running]> on host 5508ea9ebfaf
[2024-09-10T07:30:25.351+0000] {taskinstance.py:3131} INFO - Exporting env vars: AIRFLOW_CTX_DAG_OWNER='coder2j' AIRFLOW_CTX_DAG_ID='our_first_dag_V3' AIRFLOW_CTX_TASK_ID='second_task' AIRFLOW_CTX_EXECUTION_DATE='2023-01-06T00:00:00+00:00' AIRFLOW_CTX_TRY_NUMBER='1' AIRFLOW_CTX_DAG_RUN_ID='scheduled__2023-01-06T00:00:00+00:00'
[2024-09-10T07:30:25.354+0000] {taskinstance.py:731} INFO - ::endgroup::
[2024-09-10T07:30:25.437+0000] {subprocess.py:63} INFO - Tmp dir root location: /tmp
[2024-09-10T07:30:25.440+0000] {subprocess.py:75} INFO - Running command: ['/usr/bin/bash', '-c', 'echo hey, this is the second task!']
[2024-09-10T07:30:25.463+0000] {subprocess.py:86} INFO - Output:
[2024-09-10T07:30:25.465+0000] {subprocess.py:93} INFO - hey, this is the second task!
[2024-09-10T07:30:25.467+0000] {subprocess.py:97} INFO - Command exited with return code 0
[2024-09-10T07:30:25.552+0000] {taskinstance.py:340} INFO - ::group::Post task execution logs
[2024-09-10T07:30:25.553+0000] {taskinstance.py:352} INFO - Marking task as SUCCESS. dag_id=our_first_dag_V3, task_id=second_task, run_id=scheduled__2023-01-06T00:00:00+00:00, execution_date=20230106T000000, start_date=20240910T073024, end_date=20240910T073025
[2024-09-10T07:30:25.628+0000] {local_task_job_runner.py:266} INFO - Task exited with return code 0
[2024-09-10T07:30:25.658+0000] {local_task_job_runner.py:245} INFO - ::endgroup::
