[2024-09-12T02:24:43.671+0000] {local_task_job_runner.py:123} INFO - ::group::Pre task execution logs
[2024-09-12T02:24:43.689+0000] {taskinstance.py:2612} INFO - Dependencies all met for dep_context=non-requeueable deps ti=<TaskInstance: our_first_dag_V6.first_task scheduled__2023-12-10T00:00:00+00:00 [queued]>
[2024-09-12T02:24:43.706+0000] {taskinstance.py:2612} INFO - Dependencies all met for dep_context=requeueable deps ti=<TaskInstance: our_first_dag_V6.first_task scheduled__2023-12-10T00:00:00+00:00 [queued]>
[2024-09-12T02:24:43.707+0000] {taskinstance.py:2865} INFO - Starting attempt 1 of 6
[2024-09-12T02:24:43.731+0000] {taskinstance.py:2888} INFO - Executing <Task(BashOperator): first_task> on 2023-12-10 00:00:00+00:00
[2024-09-12T02:24:43.740+0000] {logging_mixin.py:190} WARNING - /home/***/.local/lib/python3.12/site-packages/***/task/task_runner/standard_task_runner.py:70 DeprecationWarning: This process (pid=11770) is multi-threaded, use of fork() may lead to deadlocks in the child.
[2024-09-12T02:24:43.742+0000] {standard_task_runner.py:72} INFO - Started process 11775 to run task
[2024-09-12T02:24:43.740+0000] {standard_task_runner.py:104} INFO - Running: ['***', 'tasks', 'run', 'our_first_dag_V6', 'first_task', 'scheduled__2023-12-10T00:00:00+00:00', '--job-id', '21029', '--raw', '--subdir', 'DAGS_FOLDER/our_first_dag.py', '--cfg-path', '/tmp/tmpq7uwv7s2']
[2024-09-12T02:24:43.744+0000] {standard_task_runner.py:105} INFO - Job 21029: Subtask first_task
[2024-09-12T02:24:43.805+0000] {task_command.py:467} INFO - Running <TaskInstance: our_first_dag_V6.first_task scheduled__2023-12-10T00:00:00+00:00 [running]> on host 5508ea9ebfaf
[2024-09-12T02:24:43.956+0000] {taskinstance.py:3131} INFO - Exporting env vars: AIRFLOW_CTX_DAG_OWNER='acap' AIRFLOW_CTX_DAG_ID='our_first_dag_V6' AIRFLOW_CTX_TASK_ID='first_task' AIRFLOW_CTX_EXECUTION_DATE='2023-12-10T00:00:00+00:00' AIRFLOW_CTX_TRY_NUMBER='1' AIRFLOW_CTX_DAG_RUN_ID='scheduled__2023-12-10T00:00:00+00:00'
[2024-09-12T02:24:43.959+0000] {taskinstance.py:731} INFO - ::endgroup::
[2024-09-12T02:24:43.994+0000] {subprocess.py:63} INFO - Tmp dir root location: /tmp
[2024-09-12T02:24:43.995+0000] {subprocess.py:75} INFO - Running command: ['/usr/bin/bash', '-c', 'echo hello world, this is the first task!']
[2024-09-12T02:24:44.006+0000] {subprocess.py:86} INFO - Output:
[2024-09-12T02:24:44.009+0000] {subprocess.py:93} INFO - hello world, this is the first task!
[2024-09-12T02:24:44.010+0000] {subprocess.py:97} INFO - Command exited with return code 0
[2024-09-12T02:24:44.045+0000] {taskinstance.py:340} INFO - ::group::Post task execution logs
[2024-09-12T02:24:44.045+0000] {taskinstance.py:352} INFO - Marking task as SUCCESS. dag_id=our_first_dag_V6, task_id=first_task, run_id=scheduled__2023-12-10T00:00:00+00:00, execution_date=20231210T000000, start_date=20240912T022443, end_date=20240912T022444
[2024-09-12T02:24:44.201+0000] {local_task_job_runner.py:266} INFO - Task exited with return code 0
[2024-09-12T02:24:44.236+0000] {taskinstance.py:3900} INFO - 2 downstream tasks scheduled from follow-on schedule check
[2024-09-12T02:24:44.244+0000] {local_task_job_runner.py:245} INFO - ::endgroup::
