[2024-09-10T07:19:56.806+0000] {local_task_job_runner.py:123} INFO - ::group::Pre task execution logs
[2024-09-10T07:19:56.829+0000] {taskinstance.py:2612} INFO - Dependencies all met for dep_context=non-requeueable deps ti=<TaskInstance: our_first_dag_V2.second_task scheduled__2022-06-16T00:00:00+00:00 [queued]>
[2024-09-10T07:19:56.847+0000] {taskinstance.py:2612} INFO - Dependencies all met for dep_context=requeueable deps ti=<TaskInstance: our_first_dag_V2.second_task scheduled__2022-06-16T00:00:00+00:00 [queued]>
[2024-09-10T07:19:56.848+0000] {taskinstance.py:2865} INFO - Starting attempt 1 of 6
[2024-09-10T07:19:56.903+0000] {taskinstance.py:2888} INFO - Executing <Task(BashOperator): second_task> on 2022-06-16 00:00:00+00:00
[2024-09-10T07:19:56.917+0000] {logging_mixin.py:190} WARNING - /home/***/.local/lib/python3.12/site-packages/***/task/task_runner/standard_task_runner.py:70 DeprecationWarning: This process (pid=7667) is multi-threaded, use of fork() may lead to deadlocks in the child.
[2024-09-10T07:19:56.919+0000] {standard_task_runner.py:72} INFO - Started process 7684 to run task
[2024-09-10T07:19:56.919+0000] {standard_task_runner.py:104} INFO - Running: ['***', 'tasks', 'run', 'our_first_dag_V2', 'second_task', 'scheduled__2022-06-16T00:00:00+00:00', '--job-id', '1507', '--raw', '--subdir', 'DAGS_FOLDER/our_first_dag.py', '--cfg-path', '/tmp/tmpl9zoio67']
[2024-09-10T07:19:56.922+0000] {standard_task_runner.py:105} INFO - Job 1507: Subtask second_task
[2024-09-10T07:19:57.004+0000] {task_command.py:467} INFO - Running <TaskInstance: our_first_dag_V2.second_task scheduled__2022-06-16T00:00:00+00:00 [running]> on host 5508ea9ebfaf
[2024-09-10T07:19:57.117+0000] {taskinstance.py:3131} INFO - Exporting env vars: AIRFLOW_CTX_DAG_OWNER='coder2j' AIRFLOW_CTX_DAG_ID='our_first_dag_V2' AIRFLOW_CTX_TASK_ID='second_task' AIRFLOW_CTX_EXECUTION_DATE='2022-06-16T00:00:00+00:00' AIRFLOW_CTX_TRY_NUMBER='1' AIRFLOW_CTX_DAG_RUN_ID='scheduled__2022-06-16T00:00:00+00:00'
[2024-09-10T07:19:57.118+0000] {taskinstance.py:731} INFO - ::endgroup::
[2024-09-10T07:19:57.138+0000] {subprocess.py:63} INFO - Tmp dir root location: /tmp
[2024-09-10T07:19:57.141+0000] {subprocess.py:75} INFO - Running command: ['/usr/bin/bash', '-c', 'echo hey, this is the second task!']
[2024-09-10T07:19:57.156+0000] {subprocess.py:86} INFO - Output:
[2024-09-10T07:19:57.157+0000] {subprocess.py:93} INFO - hey, this is the second task!
[2024-09-10T07:19:57.158+0000] {subprocess.py:97} INFO - Command exited with return code 0
[2024-09-10T07:19:57.206+0000] {taskinstance.py:340} INFO - ::group::Post task execution logs
[2024-09-10T07:19:57.207+0000] {taskinstance.py:352} INFO - Marking task as SUCCESS. dag_id=our_first_dag_V2, task_id=second_task, run_id=scheduled__2022-06-16T00:00:00+00:00, execution_date=20220616T000000, start_date=20240910T071956, end_date=20240910T071957
[2024-09-10T07:19:57.312+0000] {local_task_job_runner.py:266} INFO - Task exited with return code 0
[2024-09-10T07:19:57.330+0000] {taskinstance.py:3900} INFO - 0 downstream tasks scheduled from follow-on schedule check
[2024-09-10T07:19:57.335+0000] {local_task_job_runner.py:245} INFO - ::endgroup::
