[2024-09-12T02:21:17.298+0000] {local_task_job_runner.py:123} INFO - ::group::Pre task execution logs
[2024-09-12T02:21:17.334+0000] {taskinstance.py:2612} INFO - Dependencies all met for dep_context=non-requeueable deps ti=<TaskInstance: our_first_dag_V6.first_task scheduled__2023-02-13T00:00:00+00:00 [queued]>
[2024-09-12T02:21:17.350+0000] {taskinstance.py:2612} INFO - Dependencies all met for dep_context=requeueable deps ti=<TaskInstance: our_first_dag_V6.first_task scheduled__2023-02-13T00:00:00+00:00 [queued]>
[2024-09-12T02:21:17.351+0000] {taskinstance.py:2865} INFO - Starting attempt 1 of 6
[2024-09-12T02:21:17.479+0000] {taskinstance.py:2888} INFO - Executing <Task(BashOperator): first_task> on 2023-02-13 00:00:00+00:00
[2024-09-12T02:21:17.497+0000] {logging_mixin.py:190} WARNING - /home/***/.local/lib/python3.12/site-packages/***/task/task_runner/standard_task_runner.py:70 DeprecationWarning: This process (pid=7937) is multi-threaded, use of fork() may lead to deadlocks in the child.
[2024-09-12T02:21:17.499+0000] {standard_task_runner.py:72} INFO - Started process 7952 to run task
[2024-09-12T02:21:17.499+0000] {standard_task_runner.py:104} INFO - Running: ['***', 'tasks', 'run', 'our_first_dag_V6', 'first_task', 'scheduled__2023-02-13T00:00:00+00:00', '--job-id', '20119', '--raw', '--subdir', 'DAGS_FOLDER/our_first_dag.py', '--cfg-path', '/tmp/tmpt4zqor_i']
[2024-09-12T02:21:17.504+0000] {standard_task_runner.py:105} INFO - Job 20119: Subtask first_task
[2024-09-12T02:21:17.765+0000] {task_command.py:467} INFO - Running <TaskInstance: our_first_dag_V6.first_task scheduled__2023-02-13T00:00:00+00:00 [running]> on host 5508ea9ebfaf
[2024-09-12T02:21:18.096+0000] {taskinstance.py:3131} INFO - Exporting env vars: AIRFLOW_CTX_DAG_OWNER='acap' AIRFLOW_CTX_DAG_ID='our_first_dag_V6' AIRFLOW_CTX_TASK_ID='first_task' AIRFLOW_CTX_EXECUTION_DATE='2023-02-13T00:00:00+00:00' AIRFLOW_CTX_TRY_NUMBER='1' AIRFLOW_CTX_DAG_RUN_ID='scheduled__2023-02-13T00:00:00+00:00'
[2024-09-12T02:21:18.097+0000] {taskinstance.py:731} INFO - ::endgroup::
[2024-09-12T02:21:18.142+0000] {subprocess.py:63} INFO - Tmp dir root location: /tmp
[2024-09-12T02:21:18.144+0000] {subprocess.py:75} INFO - Running command: ['/usr/bin/bash', '-c', 'echo hello world, this is the first task!']
[2024-09-12T02:21:18.180+0000] {subprocess.py:86} INFO - Output:
[2024-09-12T02:21:18.184+0000] {subprocess.py:93} INFO - hello world, this is the first task!
[2024-09-12T02:21:18.195+0000] {subprocess.py:97} INFO - Command exited with return code 0
[2024-09-12T02:21:18.279+0000] {taskinstance.py:340} INFO - ::group::Post task execution logs
[2024-09-12T02:21:18.280+0000] {taskinstance.py:352} INFO - Marking task as SUCCESS. dag_id=our_first_dag_V6, task_id=first_task, run_id=scheduled__2023-02-13T00:00:00+00:00, execution_date=20230213T000000, start_date=20240912T022117, end_date=20240912T022118
[2024-09-12T02:21:18.385+0000] {local_task_job_runner.py:266} INFO - Task exited with return code 0
[2024-09-12T02:21:18.402+0000] {local_task_job_runner.py:245} INFO - ::endgroup::
