[2024-09-20T08:56:43.228+0000] {local_task_job_runner.py:123} INFO - ::group::Pre task execution logs
[2024-09-20T08:56:43.306+0000] {taskinstance.py:2612} INFO - Dependencies all met for dep_context=non-requeueable deps ti=<TaskInstance: dag_with_minio_s3_v02.sensor_minio_s3 scheduled__2024-09-04T00:00:00+00:00 [queued]>
[2024-09-20T08:56:43.337+0000] {taskinstance.py:2612} INFO - Dependencies all met for dep_context=requeueable deps ti=<TaskInstance: dag_with_minio_s3_v02.sensor_minio_s3 scheduled__2024-09-04T00:00:00+00:00 [queued]>
[2024-09-20T08:56:43.339+0000] {taskinstance.py:2865} INFO - Starting attempt 2 of 7
[2024-09-20T08:56:44.560+0000] {taskinstance.py:2888} INFO - Executing <Task(S3KeySensor): sensor_minio_s3> on 2024-09-04 00:00:00+00:00
[2024-09-20T08:56:44.610+0000] {logging_mixin.py:190} WARNING - /home/***/.local/lib/python3.12/site-packages/***/task/task_runner/standard_task_runner.py:70 DeprecationWarning: This process (pid=6537) is multi-threaded, use of fork() may lead to deadlocks in the child.
[2024-09-20T08:56:44.648+0000] {standard_task_runner.py:72} INFO - Started process 6560 to run task
[2024-09-20T08:56:44.615+0000] {standard_task_runner.py:104} INFO - Running: ['***', 'tasks', 'run', 'dag_with_minio_s3_v02', 'sensor_minio_s3', 'scheduled__2024-09-04T00:00:00+00:00', '--job-id', '22572', '--raw', '--subdir', 'DAGS_FOLDER/dag_with_minio_s3.py', '--cfg-path', '/tmp/tmpd9d2knkw']
[2024-09-20T08:56:44.653+0000] {standard_task_runner.py:105} INFO - Job 22572: Subtask sensor_minio_s3
[2024-09-20T08:56:46.026+0000] {task_command.py:467} INFO - Running <TaskInstance: dag_with_minio_s3_v02.sensor_minio_s3 scheduled__2024-09-04T00:00:00+00:00 [running]> on host ced43fa3e256
[2024-09-20T08:56:53.634+0000] {job.py:229} INFO - Heartbeat recovered after 10.71 seconds
[2024-09-20T08:56:54.007+0000] {taskinstance.py:3131} INFO - Exporting env vars: AIRFLOW_CTX_DAG_OWNER='coder2j' AIRFLOW_CTX_DAG_ID='dag_with_minio_s3_v02' AIRFLOW_CTX_TASK_ID='sensor_minio_s3' AIRFLOW_CTX_EXECUTION_DATE='2024-09-04T00:00:00+00:00' AIRFLOW_CTX_TRY_NUMBER='2' AIRFLOW_CTX_DAG_RUN_ID='scheduled__2024-09-04T00:00:00+00:00'
[2024-09-20T08:56:54.048+0000] {taskinstance.py:731} INFO - ::endgroup::
[2024-09-20T08:56:54.120+0000] {baseoperator.py:405} WARNING - S3KeySensor.execute cannot be called outside TaskInstance!
[2024-09-20T08:56:54.131+0000] {s3.py:118} INFO - Poking for key : s3://***/data.csv
[2024-09-20T08:56:54.164+0000] {base.py:84} INFO - Retrieving connection 'minio_conn'
[2024-09-20T08:56:54.170+0000] {connection_wrapper.py:388} INFO - AWS Connection (conn_id='minio_conn', conn_type='aws') credentials retrieved from login and password.
[2024-09-20T08:56:54.178+0000] {logging_mixin.py:190} WARNING - <string>:9 AirflowProviderDeprecationWarning: extra['host'] is deprecated and will be removed in a future release. Please set extra['endpoint_url'] instead
[2024-09-20T08:56:55.151+0000] {base.py:336} INFO - Success criteria met. Exiting.
[2024-09-20T08:56:55.869+0000] {taskinstance.py:340} INFO - ::group::Post task execution logs
[2024-09-20T08:56:55.877+0000] {taskinstance.py:352} INFO - Marking task as SUCCESS. dag_id=dag_with_minio_s3_v02, task_id=sensor_minio_s3, run_id=scheduled__2024-09-04T00:00:00+00:00, execution_date=20240904T000000, start_date=20240920T085643, end_date=20240920T085655
[2024-09-20T08:56:57.075+0000] {local_task_job_runner.py:266} INFO - Task exited with return code 0
[2024-09-20T08:56:57.208+0000] {taskinstance.py:3900} INFO - 0 downstream tasks scheduled from follow-on schedule check
[2024-09-20T08:56:58.831+0000] {local_task_job_runner.py:245} INFO - ::endgroup::
[2024-09-20T08:56:59.616+0000] {standard_task_runner.py:217} INFO - Process not found (most likely exited), stop collecting metrics
