[2024-09-10T08:14:49.881+0000] {local_task_job_runner.py:123} INFO - ::group::Pre task execution logs
[2024-09-10T08:14:49.912+0000] {taskinstance.py:2612} INFO - Dependencies all met for dep_context=non-requeueable deps ti=<TaskInstance: our_first_dag_V5.first_task scheduled__2022-06-16T00:00:00+00:00 [queued]>
[2024-09-10T08:14:49.931+0000] {taskinstance.py:2612} INFO - Dependencies all met for dep_context=requeueable deps ti=<TaskInstance: our_first_dag_V5.first_task scheduled__2022-06-16T00:00:00+00:00 [queued]>
[2024-09-10T08:14:49.932+0000] {taskinstance.py:2865} INFO - Starting attempt 1 of 6
[2024-09-10T08:14:49.971+0000] {taskinstance.py:2888} INFO - Executing <Task(BashOperator): first_task> on 2022-06-16 00:00:00+00:00
[2024-09-10T08:14:49.984+0000] {logging_mixin.py:190} WARNING - /home/***/.local/lib/python3.12/site-packages/***/task/task_runner/standard_task_runner.py:70 DeprecationWarning: This process (pid=32326) is multi-threaded, use of fork() may lead to deadlocks in the child.
[2024-09-10T08:14:49.986+0000] {standard_task_runner.py:72} INFO - Started process 32335 to run task
[2024-09-10T08:14:49.985+0000] {standard_task_runner.py:104} INFO - Running: ['***', 'tasks', 'run', 'our_first_dag_V5', 'first_task', 'scheduled__2022-06-16T00:00:00+00:00', '--job-id', '7356', '--raw', '--subdir', 'DAGS_FOLDER/our_first_dag.py', '--cfg-path', '/tmp/tmpp097lpur']
[2024-09-10T08:14:49.990+0000] {standard_task_runner.py:105} INFO - Job 7356: Subtask first_task
[2024-09-10T08:14:50.104+0000] {task_command.py:467} INFO - Running <TaskInstance: our_first_dag_V5.first_task scheduled__2022-06-16T00:00:00+00:00 [running]> on host 5508ea9ebfaf
[2024-09-10T08:14:50.314+0000] {taskinstance.py:3131} INFO - Exporting env vars: AIRFLOW_CTX_DAG_OWNER='coder2j' AIRFLOW_CTX_DAG_ID='our_first_dag_V5' AIRFLOW_CTX_TASK_ID='first_task' AIRFLOW_CTX_EXECUTION_DATE='2022-06-16T00:00:00+00:00' AIRFLOW_CTX_TRY_NUMBER='1' AIRFLOW_CTX_DAG_RUN_ID='scheduled__2022-06-16T00:00:00+00:00'
[2024-09-10T08:14:50.318+0000] {taskinstance.py:731} INFO - ::endgroup::
[2024-09-10T08:14:50.367+0000] {subprocess.py:63} INFO - Tmp dir root location: /tmp
[2024-09-10T08:14:50.368+0000] {subprocess.py:75} INFO - Running command: ['/usr/bin/bash', '-c', 'echo hello world, this is the first task!']
[2024-09-10T08:14:50.399+0000] {subprocess.py:86} INFO - Output:
[2024-09-10T08:14:50.408+0000] {subprocess.py:93} INFO - hello world, this is the first task!
[2024-09-10T08:14:50.411+0000] {subprocess.py:97} INFO - Command exited with return code 0
[2024-09-10T08:14:50.474+0000] {taskinstance.py:340} INFO - ::group::Post task execution logs
[2024-09-10T08:14:50.475+0000] {taskinstance.py:352} INFO - Marking task as SUCCESS. dag_id=our_first_dag_V5, task_id=first_task, run_id=scheduled__2022-06-16T00:00:00+00:00, execution_date=20220616T000000, start_date=20240910T081449, end_date=20240910T081450
[2024-09-10T08:14:50.676+0000] {local_task_job_runner.py:266} INFO - Task exited with return code 0
[2024-09-10T08:14:50.745+0000] {taskinstance.py:3900} INFO - 2 downstream tasks scheduled from follow-on schedule check
[2024-09-10T08:14:50.751+0000] {local_task_job_runner.py:245} INFO - ::endgroup::
