[2024-09-10T07:15:23.263+0000] {local_task_job_runner.py:123} INFO - ::group::Pre task execution logs
[2024-09-10T07:15:23.286+0000] {taskinstance.py:2612} INFO - Dependencies all met for dep_context=non-requeueable deps ti=<TaskInstance: our_first_dag.first_task scheduled__2023-09-13T00:00:00+00:00 [queued]>
[2024-09-10T07:15:23.298+0000] {taskinstance.py:2612} INFO - Dependencies all met for dep_context=requeueable deps ti=<TaskInstance: our_first_dag.first_task scheduled__2023-09-13T00:00:00+00:00 [queued]>
[2024-09-10T07:15:23.299+0000] {taskinstance.py:2865} INFO - Starting attempt 1 of 6
[2024-09-10T07:15:23.319+0000] {taskinstance.py:2888} INFO - Executing <Task(BashOperator): first_task> on 2023-09-13 00:00:00+00:00
[2024-09-10T07:15:23.327+0000] {logging_mixin.py:190} WARNING - /home/***/.local/lib/python3.12/site-packages/***/task/task_runner/standard_task_runner.py:70 DeprecationWarning: This process (pid=4655) is multi-threaded, use of fork() may lead to deadlocks in the child.
[2024-09-10T07:15:23.329+0000] {standard_task_runner.py:72} INFO - Started process 4663 to run task
[2024-09-10T07:15:23.328+0000] {standard_task_runner.py:104} INFO - Running: ['***', 'tasks', 'run', 'our_first_dag', 'first_task', 'scheduled__2023-09-13T00:00:00+00:00', '--job-id', '780', '--raw', '--subdir', 'DAGS_FOLDER/our_first_dag.py', '--cfg-path', '/tmp/tmpiuwwnokc']
[2024-09-10T07:15:23.330+0000] {standard_task_runner.py:105} INFO - Job 780: Subtask first_task
[2024-09-10T07:15:23.391+0000] {task_command.py:467} INFO - Running <TaskInstance: our_first_dag.first_task scheduled__2023-09-13T00:00:00+00:00 [running]> on host 5508ea9ebfaf
[2024-09-10T07:15:23.509+0000] {taskinstance.py:3131} INFO - Exporting env vars: AIRFLOW_CTX_DAG_OWNER='coder2j' AIRFLOW_CTX_DAG_ID='our_first_dag' AIRFLOW_CTX_TASK_ID='first_task' AIRFLOW_CTX_EXECUTION_DATE='2023-09-13T00:00:00+00:00' AIRFLOW_CTX_TRY_NUMBER='1' AIRFLOW_CTX_DAG_RUN_ID='scheduled__2023-09-13T00:00:00+00:00'
[2024-09-10T07:15:23.510+0000] {taskinstance.py:731} INFO - ::endgroup::
[2024-09-10T07:15:23.537+0000] {subprocess.py:63} INFO - Tmp dir root location: /tmp
[2024-09-10T07:15:23.538+0000] {subprocess.py:75} INFO - Running command: ['/usr/bin/bash', '-c', 'echo hello world, this is the first task!']
[2024-09-10T07:15:23.547+0000] {subprocess.py:86} INFO - Output:
[2024-09-10T07:15:23.548+0000] {subprocess.py:93} INFO - hello world, this is the first task!
[2024-09-10T07:15:23.548+0000] {subprocess.py:97} INFO - Command exited with return code 0
[2024-09-10T07:15:23.574+0000] {taskinstance.py:340} INFO - ::group::Post task execution logs
[2024-09-10T07:15:23.575+0000] {taskinstance.py:352} INFO - Marking task as SUCCESS. dag_id=our_first_dag, task_id=first_task, run_id=scheduled__2023-09-13T00:00:00+00:00, execution_date=20230913T000000, start_date=20240910T071523, end_date=20240910T071523
[2024-09-10T07:15:23.627+0000] {local_task_job_runner.py:266} INFO - Task exited with return code 0
[2024-09-10T07:15:23.644+0000] {taskinstance.py:3900} INFO - 0 downstream tasks scheduled from follow-on schedule check
[2024-09-10T07:15:23.648+0000] {local_task_job_runner.py:245} INFO - ::endgroup::
