[2024-09-10T08:18:12.859+0000] {local_task_job_runner.py:123} INFO - ::group::Pre task execution logs
[2024-09-10T08:18:12.902+0000] {taskinstance.py:2612} INFO - Dependencies all met for dep_context=non-requeueable deps ti=<TaskInstance: our_first_dag_V5.first_task scheduled__2023-03-03T00:00:00+00:00 [queued]>
[2024-09-10T08:18:12.925+0000] {taskinstance.py:2612} INFO - Dependencies all met for dep_context=requeueable deps ti=<TaskInstance: our_first_dag_V5.first_task scheduled__2023-03-03T00:00:00+00:00 [queued]>
[2024-09-10T08:18:12.926+0000] {taskinstance.py:2865} INFO - Starting attempt 1 of 6
[2024-09-10T08:18:12.954+0000] {taskinstance.py:2888} INFO - Executing <Task(BashOperator): first_task> on 2023-03-03 00:00:00+00:00
[2024-09-10T08:18:12.973+0000] {logging_mixin.py:190} WARNING - /home/***/.local/lib/python3.12/site-packages/***/task/task_runner/standard_task_runner.py:70 DeprecationWarning: This process (pid=35496) is multi-threaded, use of fork() may lead to deadlocks in the child.
[2024-09-10T08:18:12.975+0000] {standard_task_runner.py:72} INFO - Started process 35516 to run task
[2024-09-10T08:18:12.974+0000] {standard_task_runner.py:104} INFO - Running: ['***', 'tasks', 'run', 'our_first_dag_V5', 'first_task', 'scheduled__2023-03-03T00:00:00+00:00', '--job-id', '8134', '--raw', '--subdir', 'DAGS_FOLDER/our_first_dag.py', '--cfg-path', '/tmp/tmp46rfbb5z']
[2024-09-10T08:18:12.977+0000] {standard_task_runner.py:105} INFO - Job 8134: Subtask first_task
[2024-09-10T08:18:13.082+0000] {task_command.py:467} INFO - Running <TaskInstance: our_first_dag_V5.first_task scheduled__2023-03-03T00:00:00+00:00 [running]> on host 5508ea9ebfaf
[2024-09-10T08:18:13.262+0000] {taskinstance.py:3131} INFO - Exporting env vars: AIRFLOW_CTX_DAG_OWNER='coder2j' AIRFLOW_CTX_DAG_ID='our_first_dag_V5' AIRFLOW_CTX_TASK_ID='first_task' AIRFLOW_CTX_EXECUTION_DATE='2023-03-03T00:00:00+00:00' AIRFLOW_CTX_TRY_NUMBER='1' AIRFLOW_CTX_DAG_RUN_ID='scheduled__2023-03-03T00:00:00+00:00'
[2024-09-10T08:18:13.264+0000] {taskinstance.py:731} INFO - ::endgroup::
[2024-09-10T08:18:13.307+0000] {subprocess.py:63} INFO - Tmp dir root location: /tmp
[2024-09-10T08:18:13.308+0000] {subprocess.py:75} INFO - Running command: ['/usr/bin/bash', '-c', 'echo hello world, this is the first task!']
[2024-09-10T08:18:13.320+0000] {subprocess.py:86} INFO - Output:
[2024-09-10T08:18:13.322+0000] {subprocess.py:93} INFO - hello world, this is the first task!
[2024-09-10T08:18:13.322+0000] {subprocess.py:97} INFO - Command exited with return code 0
[2024-09-10T08:18:13.354+0000] {taskinstance.py:340} INFO - ::group::Post task execution logs
[2024-09-10T08:18:13.355+0000] {taskinstance.py:352} INFO - Marking task as SUCCESS. dag_id=our_first_dag_V5, task_id=first_task, run_id=scheduled__2023-03-03T00:00:00+00:00, execution_date=20230303T000000, start_date=20240910T081812, end_date=20240910T081813
[2024-09-10T08:18:13.414+0000] {local_task_job_runner.py:266} INFO - Task exited with return code 0
[2024-09-10T08:18:13.441+0000] {taskinstance.py:3900} INFO - 2 downstream tasks scheduled from follow-on schedule check
[2024-09-10T08:18:13.445+0000] {local_task_job_runner.py:245} INFO - ::endgroup::
