[2024-09-12T02:25:27.647+0000] {local_task_job_runner.py:123} INFO - ::group::Pre task execution logs
[2024-09-12T02:25:27.669+0000] {taskinstance.py:2612} INFO - Dependencies all met for dep_context=non-requeueable deps ti=<TaskInstance: our_first_dag_V6.third_task scheduled__2024-02-13T00:00:00+00:00 [queued]>
[2024-09-12T02:25:27.681+0000] {taskinstance.py:2612} INFO - Dependencies all met for dep_context=requeueable deps ti=<TaskInstance: our_first_dag_V6.third_task scheduled__2024-02-13T00:00:00+00:00 [queued]>
[2024-09-12T02:25:27.682+0000] {taskinstance.py:2865} INFO - Starting attempt 1 of 6
[2024-09-12T02:25:27.712+0000] {taskinstance.py:2888} INFO - Executing <Task(BashOperator): third_task> on 2024-02-13 00:00:00+00:00
[2024-09-12T02:25:27.722+0000] {logging_mixin.py:190} WARNING - /home/***/.local/lib/python3.12/site-packages/***/task/task_runner/standard_task_runner.py:70 DeprecationWarning: This process (pid=12584) is multi-threaded, use of fork() may lead to deadlocks in the child.
[2024-09-12T02:25:27.726+0000] {standard_task_runner.py:72} INFO - Started process 12592 to run task
[2024-09-12T02:25:27.729+0000] {standard_task_runner.py:104} INFO - Running: ['***', 'tasks', 'run', 'our_first_dag_V6', 'third_task', 'scheduled__2024-02-13T00:00:00+00:00', '--job-id', '21227', '--raw', '--subdir', 'DAGS_FOLDER/our_first_dag.py', '--cfg-path', '/tmp/tmp251atie6']
[2024-09-12T02:25:27.733+0000] {standard_task_runner.py:105} INFO - Job 21227: Subtask third_task
[2024-09-12T02:25:27.812+0000] {task_command.py:467} INFO - Running <TaskInstance: our_first_dag_V6.third_task scheduled__2024-02-13T00:00:00+00:00 [running]> on host 5508ea9ebfaf
[2024-09-12T02:25:27.948+0000] {taskinstance.py:3131} INFO - Exporting env vars: AIRFLOW_CTX_DAG_OWNER='acap' AIRFLOW_CTX_DAG_ID='our_first_dag_V6' AIRFLOW_CTX_TASK_ID='third_task' AIRFLOW_CTX_EXECUTION_DATE='2024-02-13T00:00:00+00:00' AIRFLOW_CTX_TRY_NUMBER='1' AIRFLOW_CTX_DAG_RUN_ID='scheduled__2024-02-13T00:00:00+00:00'
[2024-09-12T02:25:27.949+0000] {taskinstance.py:731} INFO - ::endgroup::
[2024-09-12T02:25:27.973+0000] {subprocess.py:63} INFO - Tmp dir root location: /tmp
[2024-09-12T02:25:27.975+0000] {subprocess.py:75} INFO - Running command: ['/usr/bin/bash', '-c', 'echo hey, this is the third task!']
[2024-09-12T02:25:27.985+0000] {subprocess.py:86} INFO - Output:
[2024-09-12T02:25:27.988+0000] {subprocess.py:93} INFO - hey, this is the third task!
[2024-09-12T02:25:27.989+0000] {subprocess.py:97} INFO - Command exited with return code 0
[2024-09-12T02:25:28.025+0000] {taskinstance.py:340} INFO - ::group::Post task execution logs
[2024-09-12T02:25:28.026+0000] {taskinstance.py:352} INFO - Marking task as SUCCESS. dag_id=our_first_dag_V6, task_id=third_task, run_id=scheduled__2024-02-13T00:00:00+00:00, execution_date=20240213T000000, start_date=20240912T022527, end_date=20240912T022528
[2024-09-12T02:25:28.105+0000] {local_task_job_runner.py:266} INFO - Task exited with return code 0
[2024-09-12T02:25:28.118+0000] {local_task_job_runner.py:245} INFO - ::endgroup::
