[2024-09-10T07:19:23.897+0000] {local_task_job_runner.py:123} INFO - ::group::Pre task execution logs
[2024-09-10T07:19:23.915+0000] {taskinstance.py:2612} INFO - Dependencies all met for dep_context=non-requeueable deps ti=<TaskInstance: our_first_dag_V2.first_task scheduled__2022-05-15T00:00:00+00:00 [queued]>
[2024-09-10T07:19:23.925+0000] {taskinstance.py:2612} INFO - Dependencies all met for dep_context=requeueable deps ti=<TaskInstance: our_first_dag_V2.first_task scheduled__2022-05-15T00:00:00+00:00 [queued]>
[2024-09-10T07:19:23.926+0000] {taskinstance.py:2865} INFO - Starting attempt 1 of 6
[2024-09-10T07:19:24.001+0000] {taskinstance.py:2888} INFO - Executing <Task(BashOperator): first_task> on 2022-05-15 00:00:00+00:00
[2024-09-10T07:19:24.011+0000] {logging_mixin.py:190} WARNING - /home/***/.local/lib/python3.12/site-packages/***/task/task_runner/standard_task_runner.py:70 DeprecationWarning: This process (pid=7370) is multi-threaded, use of fork() may lead to deadlocks in the child.
[2024-09-10T07:19:24.013+0000] {standard_task_runner.py:72} INFO - Started process 7376 to run task
[2024-09-10T07:19:24.011+0000] {standard_task_runner.py:104} INFO - Running: ['***', 'tasks', 'run', 'our_first_dag_V2', 'first_task', 'scheduled__2022-05-15T00:00:00+00:00', '--job-id', '1432', '--raw', '--subdir', 'DAGS_FOLDER/our_first_dag.py', '--cfg-path', '/tmp/tmp6g3vjraw']
[2024-09-10T07:19:24.015+0000] {standard_task_runner.py:105} INFO - Job 1432: Subtask first_task
[2024-09-10T07:19:24.075+0000] {task_command.py:467} INFO - Running <TaskInstance: our_first_dag_V2.first_task scheduled__2022-05-15T00:00:00+00:00 [running]> on host 5508ea9ebfaf
[2024-09-10T07:19:24.202+0000] {taskinstance.py:3131} INFO - Exporting env vars: AIRFLOW_CTX_DAG_OWNER='coder2j' AIRFLOW_CTX_DAG_ID='our_first_dag_V2' AIRFLOW_CTX_TASK_ID='first_task' AIRFLOW_CTX_EXECUTION_DATE='2022-05-15T00:00:00+00:00' AIRFLOW_CTX_TRY_NUMBER='1' AIRFLOW_CTX_DAG_RUN_ID='scheduled__2022-05-15T00:00:00+00:00'
[2024-09-10T07:19:24.203+0000] {taskinstance.py:731} INFO - ::endgroup::
[2024-09-10T07:19:24.225+0000] {subprocess.py:63} INFO - Tmp dir root location: /tmp
[2024-09-10T07:19:24.226+0000] {subprocess.py:75} INFO - Running command: ['/usr/bin/bash', '-c', 'echo hello world, this is the first task!']
[2024-09-10T07:19:24.239+0000] {subprocess.py:86} INFO - Output:
[2024-09-10T07:19:24.242+0000] {subprocess.py:93} INFO - hello world, this is the first task!
[2024-09-10T07:19:24.243+0000] {subprocess.py:97} INFO - Command exited with return code 0
[2024-09-10T07:19:24.290+0000] {taskinstance.py:340} INFO - ::group::Post task execution logs
[2024-09-10T07:19:24.291+0000] {taskinstance.py:352} INFO - Marking task as SUCCESS. dag_id=our_first_dag_V2, task_id=first_task, run_id=scheduled__2022-05-15T00:00:00+00:00, execution_date=20220515T000000, start_date=20240910T071923, end_date=20240910T071924
[2024-09-10T07:19:24.470+0000] {local_task_job_runner.py:266} INFO - Task exited with return code 0
[2024-09-10T07:19:24.501+0000] {taskinstance.py:3900} INFO - 1 downstream tasks scheduled from follow-on schedule check
[2024-09-10T07:19:24.505+0000] {local_task_job_runner.py:245} INFO - ::endgroup::
