[2024-09-10T07:31:55.102+0000] {local_task_job_runner.py:123} INFO - ::group::Pre task execution logs
[2024-09-10T07:31:55.156+0000] {taskinstance.py:2612} INFO - Dependencies all met for dep_context=non-requeueable deps ti=<TaskInstance: our_first_dag_V3.second_task scheduled__2023-06-03T00:00:00+00:00 [queued]>
[2024-09-10T07:31:55.181+0000] {taskinstance.py:2612} INFO - Dependencies all met for dep_context=requeueable deps ti=<TaskInstance: our_first_dag_V3.second_task scheduled__2023-06-03T00:00:00+00:00 [queued]>
[2024-09-10T07:31:55.187+0000] {taskinstance.py:2865} INFO - Starting attempt 1 of 6
[2024-09-10T07:31:55.385+0000] {taskinstance.py:2888} INFO - Executing <Task(BashOperator): second_task> on 2023-06-03 00:00:00+00:00
[2024-09-10T07:31:55.396+0000] {logging_mixin.py:190} WARNING - /home/***/.local/lib/python3.12/site-packages/***/task/task_runner/standard_task_runner.py:70 DeprecationWarning: This process (pid=19855) is multi-threaded, use of fork() may lead to deadlocks in the child.
[2024-09-10T07:31:55.399+0000] {standard_task_runner.py:72} INFO - Started process 19870 to run task
[2024-09-10T07:31:55.400+0000] {standard_task_runner.py:104} INFO - Running: ['***', 'tasks', 'run', 'our_first_dag_V3', 'second_task', 'scheduled__2023-06-03T00:00:00+00:00', '--job-id', '4481', '--raw', '--subdir', 'DAGS_FOLDER/our_first_dag.py', '--cfg-path', '/tmp/tmpwsnatqm_']
[2024-09-10T07:31:55.404+0000] {standard_task_runner.py:105} INFO - Job 4481: Subtask second_task
[2024-09-10T07:31:55.538+0000] {task_command.py:467} INFO - Running <TaskInstance: our_first_dag_V3.second_task scheduled__2023-06-03T00:00:00+00:00 [running]> on host 5508ea9ebfaf
[2024-09-10T07:31:55.807+0000] {taskinstance.py:3131} INFO - Exporting env vars: AIRFLOW_CTX_DAG_OWNER='coder2j' AIRFLOW_CTX_DAG_ID='our_first_dag_V3' AIRFLOW_CTX_TASK_ID='second_task' AIRFLOW_CTX_EXECUTION_DATE='2023-06-03T00:00:00+00:00' AIRFLOW_CTX_TRY_NUMBER='1' AIRFLOW_CTX_DAG_RUN_ID='scheduled__2023-06-03T00:00:00+00:00'
[2024-09-10T07:31:55.812+0000] {taskinstance.py:731} INFO - ::endgroup::
[2024-09-10T07:31:55.868+0000] {subprocess.py:63} INFO - Tmp dir root location: /tmp
[2024-09-10T07:31:55.870+0000] {subprocess.py:75} INFO - Running command: ['/usr/bin/bash', '-c', 'echo hey, this is the second task!']
[2024-09-10T07:31:55.898+0000] {subprocess.py:86} INFO - Output:
[2024-09-10T07:31:55.899+0000] {subprocess.py:93} INFO - hey, this is the second task!
[2024-09-10T07:31:55.900+0000] {subprocess.py:97} INFO - Command exited with return code 0
[2024-09-10T07:31:55.965+0000] {taskinstance.py:340} INFO - ::group::Post task execution logs
[2024-09-10T07:31:55.968+0000] {taskinstance.py:352} INFO - Marking task as SUCCESS. dag_id=our_first_dag_V3, task_id=second_task, run_id=scheduled__2023-06-03T00:00:00+00:00, execution_date=20230603T000000, start_date=20240910T073155, end_date=20240910T073155
[2024-09-10T07:31:56.039+0000] {local_task_job_runner.py:266} INFO - Task exited with return code 0
[2024-09-10T07:31:56.086+0000] {taskinstance.py:3900} INFO - 0 downstream tasks scheduled from follow-on schedule check
[2024-09-10T07:31:56.096+0000] {local_task_job_runner.py:245} INFO - ::endgroup::
