[2024-09-12T02:18:26.389+0000] {local_task_job_runner.py:123} INFO - ::group::Pre task execution logs
[2024-09-12T02:18:26.440+0000] {taskinstance.py:2612} INFO - Dependencies all met for dep_context=non-requeueable deps ti=<TaskInstance: dag_with_catchup_backfill_v01.task1 scheduled__2021-11-05T00:00:00+00:00 [queued]>
[2024-09-12T02:18:26.466+0000] {taskinstance.py:2612} INFO - Dependencies all met for dep_context=requeueable deps ti=<TaskInstance: dag_with_catchup_backfill_v01.task1 scheduled__2021-11-05T00:00:00+00:00 [queued]>
[2024-09-12T02:18:26.467+0000] {taskinstance.py:2865} INFO - Starting attempt 1 of 6
[2024-09-12T02:18:26.539+0000] {taskinstance.py:2888} INFO - Executing <Task(BashOperator): task1> on 2021-11-05 00:00:00+00:00
[2024-09-12T02:18:26.567+0000] {logging_mixin.py:190} WARNING - /home/***/.local/lib/python3.12/site-packages/***/task/task_runner/standard_task_runner.py:70 DeprecationWarning: This process (pid=4542) is multi-threaded, use of fork() may lead to deadlocks in the child.
[2024-09-12T02:18:26.575+0000] {standard_task_runner.py:104} INFO - Running: ['***', 'tasks', 'run', 'dag_with_catchup_backfill_v01', 'task1', 'scheduled__2021-11-05T00:00:00+00:00', '--job-id', '19312', '--raw', '--subdir', 'DAGS_FOLDER/dag_with_catchup_and_backfill.py', '--cfg-path', '/tmp/tmpjuuyheh1']
[2024-09-12T02:18:26.592+0000] {standard_task_runner.py:105} INFO - Job 19312: Subtask task1
[2024-09-12T02:18:26.589+0000] {standard_task_runner.py:72} INFO - Started process 4561 to run task
[2024-09-12T02:18:26.780+0000] {task_command.py:467} INFO - Running <TaskInstance: dag_with_catchup_backfill_v01.task1 scheduled__2021-11-05T00:00:00+00:00 [running]> on host 5508ea9ebfaf
[2024-09-12T02:18:27.016+0000] {taskinstance.py:3131} INFO - Exporting env vars: AIRFLOW_CTX_DAG_OWNER='coder2j' AIRFLOW_CTX_DAG_ID='dag_with_catchup_backfill_v01' AIRFLOW_CTX_TASK_ID='task1' AIRFLOW_CTX_EXECUTION_DATE='2021-11-05T00:00:00+00:00' AIRFLOW_CTX_TRY_NUMBER='1' AIRFLOW_CTX_DAG_RUN_ID='scheduled__2021-11-05T00:00:00+00:00'
[2024-09-12T02:18:27.020+0000] {taskinstance.py:731} INFO - ::endgroup::
[2024-09-12T02:18:27.055+0000] {subprocess.py:63} INFO - Tmp dir root location: /tmp
[2024-09-12T02:18:27.056+0000] {subprocess.py:75} INFO - Running command: ['/usr/bin/bash', '-c', 'echo This is a simple bash command!']
[2024-09-12T02:18:27.071+0000] {subprocess.py:86} INFO - Output:
[2024-09-12T02:18:27.075+0000] {subprocess.py:93} INFO - This is a simple bash command!
[2024-09-12T02:18:27.079+0000] {subprocess.py:97} INFO - Command exited with return code 0
[2024-09-12T02:18:27.122+0000] {taskinstance.py:340} INFO - ::group::Post task execution logs
[2024-09-12T02:18:27.123+0000] {taskinstance.py:352} INFO - Marking task as SUCCESS. dag_id=dag_with_catchup_backfill_v01, task_id=task1, run_id=scheduled__2021-11-05T00:00:00+00:00, execution_date=20211105T000000, start_date=20240912T021826, end_date=20240912T021827
[2024-09-12T02:18:27.208+0000] {local_task_job_runner.py:266} INFO - Task exited with return code 0
[2024-09-12T02:18:27.223+0000] {local_task_job_runner.py:245} INFO - ::endgroup::
