[2024-09-10T08:08:25.188+0000] {local_task_job_runner.py:123} INFO - ::group::Pre task execution logs
[2024-09-10T08:08:25.250+0000] {taskinstance.py:2612} INFO - Dependencies all met for dep_context=non-requeueable deps ti=<TaskInstance: our_first_dag_V4.second_task scheduled__2021-09-21T00:00:00+00:00 [queued]>
[2024-09-10T08:08:25.393+0000] {taskinstance.py:2612} INFO - Dependencies all met for dep_context=requeueable deps ti=<TaskInstance: our_first_dag_V4.second_task scheduled__2021-09-21T00:00:00+00:00 [queued]>
[2024-09-10T08:08:25.406+0000] {taskinstance.py:2865} INFO - Starting attempt 1 of 6
[2024-09-10T08:08:25.602+0000] {taskinstance.py:2888} INFO - Executing <Task(BashOperator): second_task> on 2021-09-21 00:00:00+00:00
[2024-09-10T08:08:25.637+0000] {standard_task_runner.py:104} INFO - Running: ['***', 'tasks', 'run', 'our_first_dag_V4', 'second_task', 'scheduled__2021-09-21T00:00:00+00:00', '--job-id', '6034', '--raw', '--subdir', 'DAGS_FOLDER/our_first_dag.py', '--cfg-path', '/tmp/tmp8lkrh5ub']
[2024-09-10T08:08:25.641+0000] {logging_mixin.py:190} WARNING - /home/***/.local/lib/python3.12/site-packages/***/task/task_runner/standard_task_runner.py:70 DeprecationWarning: This process (pid=26867) is multi-threaded, use of fork() may lead to deadlocks in the child.
[2024-09-10T08:08:25.646+0000] {standard_task_runner.py:72} INFO - Started process 26886 to run task
[2024-09-10T08:08:25.645+0000] {standard_task_runner.py:105} INFO - Job 6034: Subtask second_task
[2024-09-10T08:08:25.967+0000] {task_command.py:467} INFO - Running <TaskInstance: our_first_dag_V4.second_task scheduled__2021-09-21T00:00:00+00:00 [running]> on host 5508ea9ebfaf
[2024-09-10T08:08:26.195+0000] {taskinstance.py:3131} INFO - Exporting env vars: AIRFLOW_CTX_DAG_OWNER='coder2j' AIRFLOW_CTX_DAG_ID='our_first_dag_V4' AIRFLOW_CTX_TASK_ID='second_task' AIRFLOW_CTX_EXECUTION_DATE='2021-09-21T00:00:00+00:00' AIRFLOW_CTX_TRY_NUMBER='1' AIRFLOW_CTX_DAG_RUN_ID='scheduled__2021-09-21T00:00:00+00:00'
[2024-09-10T08:08:26.200+0000] {taskinstance.py:731} INFO - ::endgroup::
[2024-09-10T08:08:26.247+0000] {subprocess.py:63} INFO - Tmp dir root location: /tmp
[2024-09-10T08:08:26.255+0000] {subprocess.py:75} INFO - Running command: ['/usr/bin/bash', '-c', 'echo hey, this is the second task!']
[2024-09-10T08:08:26.276+0000] {subprocess.py:86} INFO - Output:
[2024-09-10T08:08:26.278+0000] {subprocess.py:93} INFO - hey, this is the second task!
[2024-09-10T08:08:26.282+0000] {subprocess.py:97} INFO - Command exited with return code 0
[2024-09-10T08:08:26.466+0000] {taskinstance.py:340} INFO - ::group::Post task execution logs
[2024-09-10T08:08:26.467+0000] {taskinstance.py:352} INFO - Marking task as SUCCESS. dag_id=our_first_dag_V4, task_id=second_task, run_id=scheduled__2021-09-21T00:00:00+00:00, execution_date=20210921T000000, start_date=20240910T080825, end_date=20240910T080826
[2024-09-10T08:08:26.583+0000] {local_task_job_runner.py:266} INFO - Task exited with return code 0
[2024-09-10T08:08:26.620+0000] {taskinstance.py:3900} INFO - 0 downstream tasks scheduled from follow-on schedule check
[2024-09-10T08:08:26.633+0000] {local_task_job_runner.py:245} INFO - ::endgroup::
