[2024-09-12T02:26:33.990+0000] {local_task_job_runner.py:123} INFO - ::group::Pre task execution logs
[2024-09-12T02:26:34.082+0000] {taskinstance.py:2612} INFO - Dependencies all met for dep_context=non-requeueable deps ti=<TaskInstance: our_first_dag_V6.second_task scheduled__2024-05-18T00:00:00+00:00 [queued]>
[2024-09-12T02:26:34.099+0000] {taskinstance.py:2612} INFO - Dependencies all met for dep_context=requeueable deps ti=<TaskInstance: our_first_dag_V6.second_task scheduled__2024-05-18T00:00:00+00:00 [queued]>
[2024-09-12T02:26:34.101+0000] {taskinstance.py:2865} INFO - Starting attempt 1 of 6
[2024-09-12T02:26:34.243+0000] {taskinstance.py:2888} INFO - Executing <Task(BashOperator): second_task> on 2024-05-18 00:00:00+00:00
[2024-09-12T02:26:34.256+0000] {logging_mixin.py:190} WARNING - /home/***/.local/lib/python3.12/site-packages/***/task/task_runner/standard_task_runner.py:70 DeprecationWarning: This process (pid=13810) is multi-threaded, use of fork() may lead to deadlocks in the child.
[2024-09-12T02:26:34.259+0000] {standard_task_runner.py:72} INFO - Started process 13827 to run task
[2024-09-12T02:26:34.255+0000] {standard_task_runner.py:104} INFO - Running: ['***', 'tasks', 'run', 'our_first_dag_V6', 'second_task', 'scheduled__2024-05-18T00:00:00+00:00', '--job-id', '21519', '--raw', '--subdir', 'DAGS_FOLDER/our_first_dag.py', '--cfg-path', '/tmp/tmp2e9hnct9']
[2024-09-12T02:26:34.273+0000] {standard_task_runner.py:105} INFO - Job 21519: Subtask second_task
[2024-09-12T02:26:34.420+0000] {task_command.py:467} INFO - Running <TaskInstance: our_first_dag_V6.second_task scheduled__2024-05-18T00:00:00+00:00 [running]> on host 5508ea9ebfaf
[2024-09-12T02:26:34.633+0000] {taskinstance.py:3131} INFO - Exporting env vars: AIRFLOW_CTX_DAG_OWNER='acap' AIRFLOW_CTX_DAG_ID='our_first_dag_V6' AIRFLOW_CTX_TASK_ID='second_task' AIRFLOW_CTX_EXECUTION_DATE='2024-05-18T00:00:00+00:00' AIRFLOW_CTX_TRY_NUMBER='1' AIRFLOW_CTX_DAG_RUN_ID='scheduled__2024-05-18T00:00:00+00:00'
[2024-09-12T02:26:34.634+0000] {taskinstance.py:731} INFO - ::endgroup::
[2024-09-12T02:26:34.711+0000] {subprocess.py:63} INFO - Tmp dir root location: /tmp
[2024-09-12T02:26:34.716+0000] {subprocess.py:75} INFO - Running command: ['/usr/bin/bash', '-c', 'echo hey, this is the second task!']
[2024-09-12T02:26:34.731+0000] {subprocess.py:86} INFO - Output:
[2024-09-12T02:26:34.733+0000] {subprocess.py:93} INFO - hey, this is the second task!
[2024-09-12T02:26:34.734+0000] {subprocess.py:97} INFO - Command exited with return code 0
[2024-09-12T02:26:34.782+0000] {taskinstance.py:340} INFO - ::group::Post task execution logs
[2024-09-12T02:26:34.790+0000] {taskinstance.py:352} INFO - Marking task as SUCCESS. dag_id=our_first_dag_V6, task_id=second_task, run_id=scheduled__2024-05-18T00:00:00+00:00, execution_date=20240518T000000, start_date=20240912T022634, end_date=20240912T022634
[2024-09-12T02:26:34.923+0000] {local_task_job_runner.py:266} INFO - Task exited with return code 0
[2024-09-12T02:26:34.972+0000] {local_task_job_runner.py:245} INFO - ::endgroup::
