[2024-09-10T08:18:19.168+0000] {local_task_job_runner.py:123} INFO - ::group::Pre task execution logs
[2024-09-10T08:18:19.232+0000] {taskinstance.py:2612} INFO - Dependencies all met for dep_context=non-requeueable deps ti=<TaskInstance: our_first_dag_V5.second_task scheduled__2023-03-10T00:00:00+00:00 [queued]>
[2024-09-10T08:18:19.271+0000] {taskinstance.py:2612} INFO - Dependencies all met for dep_context=requeueable deps ti=<TaskInstance: our_first_dag_V5.second_task scheduled__2023-03-10T00:00:00+00:00 [queued]>
[2024-09-10T08:18:19.276+0000] {taskinstance.py:2865} INFO - Starting attempt 1 of 6
[2024-09-10T08:18:19.378+0000] {taskinstance.py:2888} INFO - Executing <Task(BashOperator): second_task> on 2023-03-10 00:00:00+00:00
[2024-09-10T08:18:19.415+0000] {logging_mixin.py:190} WARNING - /home/***/.local/lib/python3.12/site-packages/***/task/task_runner/standard_task_runner.py:70 DeprecationWarning: This process (pid=35637) is multi-threaded, use of fork() may lead to deadlocks in the child.
[2024-09-10T08:18:19.420+0000] {standard_task_runner.py:72} INFO - Started process 35658 to run task
[2024-09-10T08:18:19.439+0000] {standard_task_runner.py:104} INFO - Running: ['***', 'tasks', 'run', 'our_first_dag_V5', 'second_task', 'scheduled__2023-03-10T00:00:00+00:00', '--job-id', '8168', '--raw', '--subdir', 'DAGS_FOLDER/our_first_dag.py', '--cfg-path', '/tmp/tmpugri5dcc']
[2024-09-10T08:18:19.449+0000] {standard_task_runner.py:105} INFO - Job 8168: Subtask second_task
[2024-09-10T08:18:19.598+0000] {task_command.py:467} INFO - Running <TaskInstance: our_first_dag_V5.second_task scheduled__2023-03-10T00:00:00+00:00 [running]> on host 5508ea9ebfaf
[2024-09-10T08:18:19.803+0000] {taskinstance.py:3131} INFO - Exporting env vars: AIRFLOW_CTX_DAG_OWNER='coder2j' AIRFLOW_CTX_DAG_ID='our_first_dag_V5' AIRFLOW_CTX_TASK_ID='second_task' AIRFLOW_CTX_EXECUTION_DATE='2023-03-10T00:00:00+00:00' AIRFLOW_CTX_TRY_NUMBER='1' AIRFLOW_CTX_DAG_RUN_ID='scheduled__2023-03-10T00:00:00+00:00'
[2024-09-10T08:18:19.807+0000] {taskinstance.py:731} INFO - ::endgroup::
[2024-09-10T08:18:19.852+0000] {subprocess.py:63} INFO - Tmp dir root location: /tmp
[2024-09-10T08:18:19.854+0000] {subprocess.py:75} INFO - Running command: ['/usr/bin/bash', '-c', 'echo hey, this is the second task!']
[2024-09-10T08:18:19.879+0000] {subprocess.py:86} INFO - Output:
[2024-09-10T08:18:19.882+0000] {subprocess.py:93} INFO - hey, this is the second task!
[2024-09-10T08:18:19.883+0000] {subprocess.py:97} INFO - Command exited with return code 0
[2024-09-10T08:18:19.940+0000] {taskinstance.py:340} INFO - ::group::Post task execution logs
[2024-09-10T08:18:19.941+0000] {taskinstance.py:352} INFO - Marking task as SUCCESS. dag_id=our_first_dag_V5, task_id=second_task, run_id=scheduled__2023-03-10T00:00:00+00:00, execution_date=20230310T000000, start_date=20240910T081819, end_date=20240910T081819
[2024-09-10T08:18:19.989+0000] {local_task_job_runner.py:266} INFO - Task exited with return code 0
[2024-09-10T08:18:20.007+0000] {local_task_job_runner.py:245} INFO - ::endgroup::
