[2024-09-18T02:25:59.025+0000] {local_task_job_runner.py:123} INFO - ::group::Pre task execution logs
[2024-09-18T02:25:59.070+0000] {taskinstance.py:2612} INFO - Dependencies all met for dep_context=non-requeueable deps ti=<TaskInstance: dag_with_postgres_operator_v03.create_postgres_table scheduled__2024-09-10T00:00:00+00:00 [queued]>
[2024-09-18T02:25:59.099+0000] {taskinstance.py:2612} INFO - Dependencies all met for dep_context=requeueable deps ti=<TaskInstance: dag_with_postgres_operator_v03.create_postgres_table scheduled__2024-09-10T00:00:00+00:00 [queued]>
[2024-09-18T02:25:59.108+0000] {taskinstance.py:2865} INFO - Starting attempt 1 of 6
[2024-09-18T02:25:59.142+0000] {taskinstance.py:2888} INFO - Executing <Task(PostgresOperator): create_postgres_table> on 2024-09-10 00:00:00+00:00
[2024-09-18T02:25:59.167+0000] {standard_task_runner.py:104} INFO - Running: ['***', 'tasks', 'run', 'dag_with_postgres_operator_v03', 'create_postgres_table', 'scheduled__2024-09-10T00:00:00+00:00', '--job-id', '22074', '--raw', '--subdir', 'DAGS_FOLDER/dag_with_postgres_operator.py', '--cfg-path', '/tmp/tmpf5kjwd9n']
[2024-09-18T02:25:59.173+0000] {standard_task_runner.py:105} INFO - Job 22074: Subtask create_postgres_table
[2024-09-18T02:25:59.181+0000] {logging_mixin.py:190} WARNING - /home/***/.local/lib/python3.12/site-packages/***/task/task_runner/standard_task_runner.py:70 DeprecationWarning: This process (pid=1308) is multi-threaded, use of fork() may lead to deadlocks in the child.
[2024-09-18T02:25:59.192+0000] {standard_task_runner.py:72} INFO - Started process 1318 to run task
[2024-09-18T02:25:59.430+0000] {task_command.py:467} INFO - Running <TaskInstance: dag_with_postgres_operator_v03.create_postgres_table scheduled__2024-09-10T00:00:00+00:00 [running]> on host 5508ea9ebfaf
[2024-09-18T02:26:00.012+0000] {taskinstance.py:3131} INFO - Exporting env vars: AIRFLOW_CTX_DAG_OWNER='coder2j' AIRFLOW_CTX_DAG_ID='dag_with_postgres_operator_v03' AIRFLOW_CTX_TASK_ID='create_postgres_table' AIRFLOW_CTX_EXECUTION_DATE='2024-09-10T00:00:00+00:00' AIRFLOW_CTX_TRY_NUMBER='1' AIRFLOW_CTX_DAG_RUN_ID='scheduled__2024-09-10T00:00:00+00:00'
[2024-09-18T02:26:00.017+0000] {taskinstance.py:731} INFO - ::endgroup::
[2024-09-18T02:26:00.092+0000] {sql.py:266} INFO - Executing: 
            create table if not exists dag_runs (
                dt date,
                dag_id character varying,
                primary key (dt, dag_id)
            )
        
[2024-09-18T02:26:00.113+0000] {base.py:84} INFO - Retrieving connection 'postgres_localhost'
[2024-09-18T02:26:00.136+0000] {base.py:84} INFO - Retrieving connection 'postgres_localhost'
[2024-09-18T02:26:00.152+0000] {sql.py:509} INFO - Running statement: 
            create table if not exists dag_runs (
                dt date,
                dag_id character varying,
                primary key (dt, dag_id)
            )
        , parameters: None
[2024-09-18T02:26:00.171+0000] {taskinstance.py:340} INFO - ::group::Post task execution logs
[2024-09-18T02:26:00.173+0000] {taskinstance.py:352} INFO - Marking task as SUCCESS. dag_id=dag_with_postgres_operator_v03, task_id=create_postgres_table, run_id=scheduled__2024-09-10T00:00:00+00:00, execution_date=20240910T000000, start_date=20240918T022559, end_date=20240918T022600
[2024-09-18T02:26:02.047+0000] {local_task_job_runner.py:266} INFO - Task exited with return code 0
[2024-09-18T02:26:02.098+0000] {logging_mixin.py:190} WARNING - /home/***/.local/lib/python3.12/site-packages/***/models/baseoperator.py:1378 AirflowProviderDeprecationWarning: Call to deprecated class PostgresOperator. (Please use `***.providers.common.sql.operators.sql.SQLExecuteQueryOperator`.Also, you can provide `hook_params={'schema': <database>}`.)
[2024-09-18T02:26:02.138+0000] {taskinstance.py:3900} INFO - 1 downstream tasks scheduled from follow-on schedule check
[2024-09-18T02:26:02.175+0000] {local_task_job_runner.py:245} INFO - ::endgroup::
[2024-09-18T02:31:49.999+0000] {local_task_job_runner.py:123} INFO - ::group::Pre task execution logs
[2024-09-18T02:31:50.041+0000] {taskinstance.py:2612} INFO - Dependencies all met for dep_context=non-requeueable deps ti=<TaskInstance: dag_with_postgres_operator_v03.create_postgres_table scheduled__2024-09-10T00:00:00+00:00 [queued]>
[2024-09-18T02:31:50.052+0000] {taskinstance.py:2612} INFO - Dependencies all met for dep_context=requeueable deps ti=<TaskInstance: dag_with_postgres_operator_v03.create_postgres_table scheduled__2024-09-10T00:00:00+00:00 [queued]>
[2024-09-18T02:31:50.054+0000] {taskinstance.py:2865} INFO - Starting attempt 1 of 6
[2024-09-18T02:31:50.129+0000] {taskinstance.py:2888} INFO - Executing <Task(PostgresOperator): create_postgres_table> on 2024-09-10 00:00:00+00:00
[2024-09-18T02:31:50.148+0000] {logging_mixin.py:190} WARNING - /home/***/.local/lib/python3.12/site-packages/***/task/task_runner/standard_task_runner.py:70 DeprecationWarning: This process (pid=1873) is multi-threaded, use of fork() may lead to deadlocks in the child.
[2024-09-18T02:31:50.149+0000] {standard_task_runner.py:72} INFO - Started process 1885 to run task
[2024-09-18T02:31:50.147+0000] {standard_task_runner.py:104} INFO - Running: ['***', 'tasks', 'run', 'dag_with_postgres_operator_v03', 'create_postgres_table', 'scheduled__2024-09-10T00:00:00+00:00', '--job-id', '22123', '--raw', '--subdir', 'DAGS_FOLDER/dag_with_postgres_operator.py', '--cfg-path', '/tmp/tmpg64vfng3']
[2024-09-18T02:31:50.151+0000] {standard_task_runner.py:105} INFO - Job 22123: Subtask create_postgres_table
[2024-09-18T02:31:50.264+0000] {task_command.py:467} INFO - Running <TaskInstance: dag_with_postgres_operator_v03.create_postgres_table scheduled__2024-09-10T00:00:00+00:00 [running]> on host 5508ea9ebfaf
[2024-09-18T02:31:50.420+0000] {taskinstance.py:3131} INFO - Exporting env vars: AIRFLOW_CTX_DAG_OWNER='coder2j' AIRFLOW_CTX_DAG_ID='dag_with_postgres_operator_v03' AIRFLOW_CTX_TASK_ID='create_postgres_table' AIRFLOW_CTX_EXECUTION_DATE='2024-09-10T00:00:00+00:00' AIRFLOW_CTX_TRY_NUMBER='1' AIRFLOW_CTX_DAG_RUN_ID='scheduled__2024-09-10T00:00:00+00:00'
[2024-09-18T02:31:50.423+0000] {taskinstance.py:731} INFO - ::endgroup::
[2024-09-18T02:31:50.450+0000] {sql.py:266} INFO - Executing: 
            create table if not exists dag_runs (
                dt date,
                dag_id character varying,
                primary key (dt, dag_id)
            )
        
[2024-09-18T02:31:50.464+0000] {base.py:84} INFO - Retrieving connection 'postgres_localhost'
[2024-09-18T02:31:50.482+0000] {base.py:84} INFO - Retrieving connection 'postgres_localhost'
[2024-09-18T02:31:50.497+0000] {sql.py:509} INFO - Running statement: 
            create table if not exists dag_runs (
                dt date,
                dag_id character varying,
                primary key (dt, dag_id)
            )
        , parameters: None
[2024-09-18T02:31:50.524+0000] {taskinstance.py:340} INFO - ::group::Post task execution logs
[2024-09-18T02:31:50.525+0000] {taskinstance.py:352} INFO - Marking task as SUCCESS. dag_id=dag_with_postgres_operator_v03, task_id=create_postgres_table, run_id=scheduled__2024-09-10T00:00:00+00:00, execution_date=20240910T000000, start_date=20240918T023150, end_date=20240918T023150
[2024-09-18T02:31:50.590+0000] {local_task_job_runner.py:266} INFO - Task exited with return code 0
[2024-09-18T02:31:50.611+0000] {local_task_job_runner.py:245} INFO - ::endgroup::
