[2024-09-20T02:55:02.575+0000] {local_task_job_runner.py:123} INFO - ::group::Pre task execution logs
[2024-09-20T02:55:02.681+0000] {taskinstance.py:2612} INFO - Dependencies all met for dep_context=non-requeueable deps ti=<TaskInstance: dag_with_python_dependencies_v02.get_matplotlib scheduled__2024-09-07T00:00:00+00:00 [queued]>
[2024-09-20T02:55:02.750+0000] {taskinstance.py:2612} INFO - Dependencies all met for dep_context=requeueable deps ti=<TaskInstance: dag_with_python_dependencies_v02.get_matplotlib scheduled__2024-09-07T00:00:00+00:00 [queued]>
[2024-09-20T02:55:02.752+0000] {taskinstance.py:2865} INFO - Starting attempt 1 of 6
[2024-09-20T02:55:02.792+0000] {taskinstance.py:2888} INFO - Executing <Task(PythonOperator): get_matplotlib> on 2024-09-07 00:00:00+00:00
[2024-09-20T02:55:02.829+0000] {standard_task_runner.py:104} INFO - Running: ['***', 'tasks', 'run', 'dag_with_python_dependencies_v02', 'get_matplotlib', 'scheduled__2024-09-07T00:00:00+00:00', '--job-id', '22439', '--raw', '--subdir', 'DAGS_FOLDER/dag_with_python_dependencies.py', '--cfg-path', '/tmp/tmpmgu0wibb']
[2024-09-20T02:55:02.866+0000] {standard_task_runner.py:105} INFO - Job 22439: Subtask get_matplotlib
[2024-09-20T02:55:02.863+0000] {logging_mixin.py:190} WARNING - /home/***/.local/lib/python3.12/site-packages/***/task/task_runner/standard_task_runner.py:70 DeprecationWarning: This process (pid=820) is multi-threaded, use of fork() may lead to deadlocks in the child.
[2024-09-20T02:55:02.884+0000] {standard_task_runner.py:72} INFO - Started process 835 to run task
[2024-09-20T02:55:03.062+0000] {task_command.py:467} INFO - Running <TaskInstance: dag_with_python_dependencies_v02.get_matplotlib scheduled__2024-09-07T00:00:00+00:00 [running]> on host ced43fa3e256
[2024-09-20T02:55:04.152+0000] {taskinstance.py:3131} INFO - Exporting env vars: AIRFLOW_CTX_DAG_OWNER='coder2j' AIRFLOW_CTX_DAG_ID='dag_with_python_dependencies_v02' AIRFLOW_CTX_TASK_ID='get_matplotlib' AIRFLOW_CTX_EXECUTION_DATE='2024-09-07T00:00:00+00:00' AIRFLOW_CTX_TRY_NUMBER='1' AIRFLOW_CTX_DAG_RUN_ID='scheduled__2024-09-07T00:00:00+00:00'
[2024-09-20T02:55:04.154+0000] {taskinstance.py:731} INFO - ::endgroup::
[2024-09-20T02:55:07.492+0000] {logging_mixin.py:190} INFO - matplotlib hok version: 3.9.2 , kemah keming
[2024-09-20T02:55:07.498+0000] {python.py:240} INFO - Done. Returned value was: None
[2024-09-20T02:55:07.523+0000] {taskinstance.py:340} INFO - ::group::Post task execution logs
[2024-09-20T02:55:07.525+0000] {taskinstance.py:352} INFO - Marking task as SUCCESS. dag_id=dag_with_python_dependencies_v02, task_id=get_matplotlib, run_id=scheduled__2024-09-07T00:00:00+00:00, execution_date=20240907T000000, start_date=20240920T025502, end_date=20240920T025507
[2024-09-20T02:55:07.907+0000] {local_task_job_runner.py:266} INFO - Task exited with return code 0
[2024-09-20T02:55:07.921+0000] {standard_task_runner.py:217} INFO - Process not found (most likely exited), stop collecting metrics
[2024-09-20T02:55:07.986+0000] {taskinstance.py:3900} INFO - 0 downstream tasks scheduled from follow-on schedule check
[2024-09-20T02:55:08.017+0000] {local_task_job_runner.py:245} INFO - ::endgroup::
