[2024-09-09T08:04:25.734+0000] {processor.py:186} INFO - Started process (PID=415) to work on /home/airflow/.local/lib/python3.12/site-packages/airflow/example_dags/example_latest_only.py
[2024-09-09T08:04:25.769+0000] {processor.py:914} INFO - Processing file /home/airflow/.local/lib/python3.12/site-packages/airflow/example_dags/example_latest_only.py for tasks to queue
[2024-09-09T08:04:25.792+0000] {logging_mixin.py:190} INFO - [2024-09-09T08:04:25.792+0000] {dagbag.py:587} INFO - Filling up the DagBag from /home/airflow/.local/lib/python3.12/site-packages/airflow/example_dags/example_latest_only.py
[2024-09-09T08:04:25.905+0000] {processor.py:925} INFO - DAG(s) 'latest_only' retrieved from /home/airflow/.local/lib/python3.12/site-packages/airflow/example_dags/example_latest_only.py
[2024-09-09T08:04:26.681+0000] {logging_mixin.py:190} INFO - [2024-09-09T08:04:26.680+0000] {override.py:1900} INFO - Created Permission View: can edit on DAG:latest_only
[2024-09-09T08:04:26.727+0000] {logging_mixin.py:190} INFO - [2024-09-09T08:04:26.726+0000] {override.py:1900} INFO - Created Permission View: can delete on DAG:latest_only
[2024-09-09T08:04:26.772+0000] {logging_mixin.py:190} INFO - [2024-09-09T08:04:26.771+0000] {override.py:1900} INFO - Created Permission View: can read on DAG:latest_only
[2024-09-09T08:04:26.895+0000] {logging_mixin.py:190} INFO - [2024-09-09T08:04:26.894+0000] {override.py:1900} INFO - Created Permission View: can create on DAG Run:latest_only
[2024-09-09T08:04:26.949+0000] {logging_mixin.py:190} INFO - [2024-09-09T08:04:26.949+0000] {override.py:1900} INFO - Created Permission View: can delete on DAG Run:latest_only
[2024-09-09T08:04:26.967+0000] {logging_mixin.py:190} INFO - [2024-09-09T08:04:26.967+0000] {override.py:1900} INFO - Created Permission View: menu access on DAG Run:latest_only
[2024-09-09T08:04:26.990+0000] {logging_mixin.py:190} INFO - [2024-09-09T08:04:26.989+0000] {override.py:1900} INFO - Created Permission View: can read on DAG Run:latest_only
[2024-09-09T08:04:26.991+0000] {logging_mixin.py:190} INFO - [2024-09-09T08:04:26.991+0000] {dag.py:3229} INFO - Sync 1 DAGs
[2024-09-09T08:04:27.015+0000] {logging_mixin.py:190} INFO - [2024-09-09T08:04:27.015+0000] {dag.py:3252} INFO - Creating ORM DAG for latest_only
[2024-09-09T08:04:27.030+0000] {logging_mixin.py:190} INFO - [2024-09-09T08:04:27.029+0000] {dag.py:4156} INFO - Setting next_dagrun for latest_only to 2024-09-09 04:00:00+00:00, run_after=2024-09-09 08:00:00+00:00
[2024-09-09T08:04:27.054+0000] {processor.py:208} INFO - Processing /home/airflow/.local/lib/python3.12/site-packages/airflow/example_dags/example_latest_only.py took 1.325 seconds
[2024-09-09T08:04:57.689+0000] {processor.py:186} INFO - Started process (PID=701) to work on /home/airflow/.local/lib/python3.12/site-packages/airflow/example_dags/example_latest_only.py
[2024-09-09T08:04:57.690+0000] {processor.py:914} INFO - Processing file /home/airflow/.local/lib/python3.12/site-packages/airflow/example_dags/example_latest_only.py for tasks to queue
[2024-09-09T08:04:57.693+0000] {logging_mixin.py:190} INFO - [2024-09-09T08:04:57.693+0000] {dagbag.py:587} INFO - Filling up the DagBag from /home/airflow/.local/lib/python3.12/site-packages/airflow/example_dags/example_latest_only.py
[2024-09-09T08:04:57.701+0000] {processor.py:925} INFO - DAG(s) 'latest_only' retrieved from /home/airflow/.local/lib/python3.12/site-packages/airflow/example_dags/example_latest_only.py
[2024-09-09T08:04:57.726+0000] {logging_mixin.py:190} INFO - [2024-09-09T08:04:57.725+0000] {dag.py:3229} INFO - Sync 1 DAGs
[2024-09-09T08:04:57.755+0000] {logging_mixin.py:190} INFO - [2024-09-09T08:04:57.755+0000] {dag.py:4156} INFO - Setting next_dagrun for latest_only to 2024-09-09 04:00:00+00:00, run_after=2024-09-09 08:00:00+00:00
[2024-09-09T08:04:57.784+0000] {processor.py:208} INFO - Processing /home/airflow/.local/lib/python3.12/site-packages/airflow/example_dags/example_latest_only.py took 0.102 seconds
[2024-09-09T08:05:28.413+0000] {processor.py:186} INFO - Started process (PID=987) to work on /home/airflow/.local/lib/python3.12/site-packages/airflow/example_dags/example_latest_only.py
[2024-09-09T08:05:28.414+0000] {processor.py:914} INFO - Processing file /home/airflow/.local/lib/python3.12/site-packages/airflow/example_dags/example_latest_only.py for tasks to queue
[2024-09-09T08:05:28.416+0000] {logging_mixin.py:190} INFO - [2024-09-09T08:05:28.416+0000] {dagbag.py:587} INFO - Filling up the DagBag from /home/airflow/.local/lib/python3.12/site-packages/airflow/example_dags/example_latest_only.py
[2024-09-09T08:05:28.422+0000] {processor.py:925} INFO - DAG(s) 'latest_only' retrieved from /home/airflow/.local/lib/python3.12/site-packages/airflow/example_dags/example_latest_only.py
[2024-09-09T08:05:28.443+0000] {logging_mixin.py:190} INFO - [2024-09-09T08:05:28.443+0000] {dag.py:3229} INFO - Sync 1 DAGs
[2024-09-09T08:05:28.460+0000] {logging_mixin.py:190} INFO - [2024-09-09T08:05:28.460+0000] {dag.py:4156} INFO - Setting next_dagrun for latest_only to 2024-09-09 04:00:00+00:00, run_after=2024-09-09 08:00:00+00:00
[2024-09-09T08:05:28.478+0000] {processor.py:208} INFO - Processing /home/airflow/.local/lib/python3.12/site-packages/airflow/example_dags/example_latest_only.py took 0.071 seconds
[2024-09-09T08:05:58.994+0000] {processor.py:186} INFO - Started process (PID=1273) to work on /home/airflow/.local/lib/python3.12/site-packages/airflow/example_dags/example_latest_only.py
[2024-09-09T08:05:58.995+0000] {processor.py:914} INFO - Processing file /home/airflow/.local/lib/python3.12/site-packages/airflow/example_dags/example_latest_only.py for tasks to queue
[2024-09-09T08:05:58.998+0000] {logging_mixin.py:190} INFO - [2024-09-09T08:05:58.998+0000] {dagbag.py:587} INFO - Filling up the DagBag from /home/airflow/.local/lib/python3.12/site-packages/airflow/example_dags/example_latest_only.py
[2024-09-09T08:05:59.006+0000] {processor.py:925} INFO - DAG(s) 'latest_only' retrieved from /home/airflow/.local/lib/python3.12/site-packages/airflow/example_dags/example_latest_only.py
[2024-09-09T08:05:59.032+0000] {logging_mixin.py:190} INFO - [2024-09-09T08:05:59.031+0000] {dag.py:3229} INFO - Sync 1 DAGs
[2024-09-09T08:05:59.075+0000] {logging_mixin.py:190} INFO - [2024-09-09T08:05:59.075+0000] {dag.py:4156} INFO - Setting next_dagrun for latest_only to 2024-09-09 04:00:00+00:00, run_after=2024-09-09 08:00:00+00:00
[2024-09-09T08:05:59.104+0000] {processor.py:208} INFO - Processing /home/airflow/.local/lib/python3.12/site-packages/airflow/example_dags/example_latest_only.py took 0.120 seconds
[2024-09-09T08:06:29.970+0000] {processor.py:186} INFO - Started process (PID=1559) to work on /home/airflow/.local/lib/python3.12/site-packages/airflow/example_dags/example_latest_only.py
[2024-09-09T08:06:29.971+0000] {processor.py:914} INFO - Processing file /home/airflow/.local/lib/python3.12/site-packages/airflow/example_dags/example_latest_only.py for tasks to queue
[2024-09-09T08:06:29.973+0000] {logging_mixin.py:190} INFO - [2024-09-09T08:06:29.973+0000] {dagbag.py:587} INFO - Filling up the DagBag from /home/airflow/.local/lib/python3.12/site-packages/airflow/example_dags/example_latest_only.py
[2024-09-09T08:06:29.978+0000] {processor.py:925} INFO - DAG(s) 'latest_only' retrieved from /home/airflow/.local/lib/python3.12/site-packages/airflow/example_dags/example_latest_only.py
[2024-09-09T08:06:29.996+0000] {logging_mixin.py:190} INFO - [2024-09-09T08:06:29.996+0000] {dag.py:3229} INFO - Sync 1 DAGs
[2024-09-09T08:06:30.027+0000] {logging_mixin.py:190} INFO - [2024-09-09T08:06:30.026+0000] {dag.py:4156} INFO - Setting next_dagrun for latest_only to 2024-09-09 04:00:00+00:00, run_after=2024-09-09 08:00:00+00:00
[2024-09-09T08:06:30.050+0000] {processor.py:208} INFO - Processing /home/airflow/.local/lib/python3.12/site-packages/airflow/example_dags/example_latest_only.py took 0.085 seconds
[2024-09-09T08:07:00.832+0000] {processor.py:186} INFO - Started process (PID=1845) to work on /home/airflow/.local/lib/python3.12/site-packages/airflow/example_dags/example_latest_only.py
[2024-09-09T08:07:00.833+0000] {processor.py:914} INFO - Processing file /home/airflow/.local/lib/python3.12/site-packages/airflow/example_dags/example_latest_only.py for tasks to queue
[2024-09-09T08:07:00.836+0000] {logging_mixin.py:190} INFO - [2024-09-09T08:07:00.835+0000] {dagbag.py:587} INFO - Filling up the DagBag from /home/airflow/.local/lib/python3.12/site-packages/airflow/example_dags/example_latest_only.py
[2024-09-09T08:07:00.844+0000] {processor.py:925} INFO - DAG(s) 'latest_only' retrieved from /home/airflow/.local/lib/python3.12/site-packages/airflow/example_dags/example_latest_only.py
[2024-09-09T08:07:00.866+0000] {logging_mixin.py:190} INFO - [2024-09-09T08:07:00.866+0000] {dag.py:3229} INFO - Sync 1 DAGs
[2024-09-09T08:07:00.906+0000] {logging_mixin.py:190} INFO - [2024-09-09T08:07:00.906+0000] {dag.py:4156} INFO - Setting next_dagrun for latest_only to 2024-09-09 04:00:00+00:00, run_after=2024-09-09 08:00:00+00:00
[2024-09-09T08:07:01.000+0000] {processor.py:208} INFO - Processing /home/airflow/.local/lib/python3.12/site-packages/airflow/example_dags/example_latest_only.py took 0.175 seconds
[2024-09-09T08:07:31.404+0000] {processor.py:186} INFO - Started process (PID=2132) to work on /home/airflow/.local/lib/python3.12/site-packages/airflow/example_dags/example_latest_only.py
[2024-09-09T08:07:31.406+0000] {processor.py:914} INFO - Processing file /home/airflow/.local/lib/python3.12/site-packages/airflow/example_dags/example_latest_only.py for tasks to queue
[2024-09-09T08:07:31.409+0000] {logging_mixin.py:190} INFO - [2024-09-09T08:07:31.408+0000] {dagbag.py:587} INFO - Filling up the DagBag from /home/airflow/.local/lib/python3.12/site-packages/airflow/example_dags/example_latest_only.py
[2024-09-09T08:07:31.416+0000] {processor.py:925} INFO - DAG(s) 'latest_only' retrieved from /home/airflow/.local/lib/python3.12/site-packages/airflow/example_dags/example_latest_only.py
[2024-09-09T08:07:31.437+0000] {logging_mixin.py:190} INFO - [2024-09-09T08:07:31.437+0000] {dag.py:3229} INFO - Sync 1 DAGs
[2024-09-09T08:07:31.464+0000] {logging_mixin.py:190} INFO - [2024-09-09T08:07:31.464+0000] {dag.py:4156} INFO - Setting next_dagrun for latest_only to 2024-09-09 04:00:00+00:00, run_after=2024-09-09 08:00:00+00:00
[2024-09-09T08:07:31.494+0000] {processor.py:208} INFO - Processing /home/airflow/.local/lib/python3.12/site-packages/airflow/example_dags/example_latest_only.py took 0.098 seconds
[2024-09-09T08:08:02.215+0000] {processor.py:186} INFO - Started process (PID=2418) to work on /home/airflow/.local/lib/python3.12/site-packages/airflow/example_dags/example_latest_only.py
[2024-09-09T08:08:02.216+0000] {processor.py:914} INFO - Processing file /home/airflow/.local/lib/python3.12/site-packages/airflow/example_dags/example_latest_only.py for tasks to queue
[2024-09-09T08:08:02.221+0000] {logging_mixin.py:190} INFO - [2024-09-09T08:08:02.220+0000] {dagbag.py:587} INFO - Filling up the DagBag from /home/airflow/.local/lib/python3.12/site-packages/airflow/example_dags/example_latest_only.py
[2024-09-09T08:08:02.233+0000] {processor.py:925} INFO - DAG(s) 'latest_only' retrieved from /home/airflow/.local/lib/python3.12/site-packages/airflow/example_dags/example_latest_only.py
[2024-09-09T08:08:02.263+0000] {logging_mixin.py:190} INFO - [2024-09-09T08:08:02.262+0000] {dag.py:3229} INFO - Sync 1 DAGs
[2024-09-09T08:08:02.305+0000] {logging_mixin.py:190} INFO - [2024-09-09T08:08:02.305+0000] {dag.py:4156} INFO - Setting next_dagrun for latest_only to 2024-09-09 04:00:00+00:00, run_after=2024-09-09 08:00:00+00:00
[2024-09-09T08:08:02.338+0000] {processor.py:208} INFO - Processing /home/airflow/.local/lib/python3.12/site-packages/airflow/example_dags/example_latest_only.py took 0.132 seconds
[2024-09-09T08:08:33.017+0000] {processor.py:186} INFO - Started process (PID=2704) to work on /home/airflow/.local/lib/python3.12/site-packages/airflow/example_dags/example_latest_only.py
[2024-09-09T08:08:33.018+0000] {processor.py:914} INFO - Processing file /home/airflow/.local/lib/python3.12/site-packages/airflow/example_dags/example_latest_only.py for tasks to queue
[2024-09-09T08:08:33.020+0000] {logging_mixin.py:190} INFO - [2024-09-09T08:08:33.020+0000] {dagbag.py:587} INFO - Filling up the DagBag from /home/airflow/.local/lib/python3.12/site-packages/airflow/example_dags/example_latest_only.py
[2024-09-09T08:08:33.027+0000] {processor.py:925} INFO - DAG(s) 'latest_only' retrieved from /home/airflow/.local/lib/python3.12/site-packages/airflow/example_dags/example_latest_only.py
[2024-09-09T08:08:33.047+0000] {logging_mixin.py:190} INFO - [2024-09-09T08:08:33.047+0000] {dag.py:3229} INFO - Sync 1 DAGs
[2024-09-09T08:08:33.071+0000] {logging_mixin.py:190} INFO - [2024-09-09T08:08:33.071+0000] {dag.py:4156} INFO - Setting next_dagrun for latest_only to 2024-09-09 04:00:00+00:00, run_after=2024-09-09 08:00:00+00:00
[2024-09-09T08:08:33.094+0000] {processor.py:208} INFO - Processing /home/airflow/.local/lib/python3.12/site-packages/airflow/example_dags/example_latest_only.py took 0.084 seconds
[2024-09-09T08:09:03.583+0000] {processor.py:186} INFO - Started process (PID=2990) to work on /home/airflow/.local/lib/python3.12/site-packages/airflow/example_dags/example_latest_only.py
[2024-09-09T08:09:03.584+0000] {processor.py:914} INFO - Processing file /home/airflow/.local/lib/python3.12/site-packages/airflow/example_dags/example_latest_only.py for tasks to queue
[2024-09-09T08:09:03.586+0000] {logging_mixin.py:190} INFO - [2024-09-09T08:09:03.586+0000] {dagbag.py:587} INFO - Filling up the DagBag from /home/airflow/.local/lib/python3.12/site-packages/airflow/example_dags/example_latest_only.py
[2024-09-09T08:09:03.593+0000] {processor.py:925} INFO - DAG(s) 'latest_only' retrieved from /home/airflow/.local/lib/python3.12/site-packages/airflow/example_dags/example_latest_only.py
[2024-09-09T08:09:03.612+0000] {logging_mixin.py:190} INFO - [2024-09-09T08:09:03.612+0000] {dag.py:3229} INFO - Sync 1 DAGs
[2024-09-09T08:09:03.646+0000] {logging_mixin.py:190} INFO - [2024-09-09T08:09:03.646+0000] {dag.py:4156} INFO - Setting next_dagrun for latest_only to 2024-09-09 04:00:00+00:00, run_after=2024-09-09 08:00:00+00:00
[2024-09-09T08:09:03.677+0000] {processor.py:208} INFO - Processing /home/airflow/.local/lib/python3.12/site-packages/airflow/example_dags/example_latest_only.py took 0.100 seconds
[2024-09-09T08:09:33.881+0000] {processor.py:186} INFO - Started process (PID=3273) to work on /home/airflow/.local/lib/python3.12/site-packages/airflow/example_dags/example_latest_only.py
[2024-09-09T08:09:33.882+0000] {processor.py:914} INFO - Processing file /home/airflow/.local/lib/python3.12/site-packages/airflow/example_dags/example_latest_only.py for tasks to queue
[2024-09-09T08:09:33.885+0000] {logging_mixin.py:190} INFO - [2024-09-09T08:09:33.884+0000] {dagbag.py:587} INFO - Filling up the DagBag from /home/airflow/.local/lib/python3.12/site-packages/airflow/example_dags/example_latest_only.py
[2024-09-09T08:09:33.894+0000] {processor.py:925} INFO - DAG(s) 'latest_only' retrieved from /home/airflow/.local/lib/python3.12/site-packages/airflow/example_dags/example_latest_only.py
[2024-09-09T08:09:33.920+0000] {logging_mixin.py:190} INFO - [2024-09-09T08:09:33.919+0000] {dag.py:3229} INFO - Sync 1 DAGs
[2024-09-09T08:09:33.955+0000] {logging_mixin.py:190} INFO - [2024-09-09T08:09:33.955+0000] {dag.py:4156} INFO - Setting next_dagrun for latest_only to 2024-09-09 04:00:00+00:00, run_after=2024-09-09 08:00:00+00:00
[2024-09-09T08:09:33.981+0000] {processor.py:208} INFO - Processing /home/airflow/.local/lib/python3.12/site-packages/airflow/example_dags/example_latest_only.py took 0.108 seconds
[2024-09-09T08:10:04.305+0000] {processor.py:186} INFO - Started process (PID=3559) to work on /home/airflow/.local/lib/python3.12/site-packages/airflow/example_dags/example_latest_only.py
[2024-09-09T08:10:04.307+0000] {processor.py:914} INFO - Processing file /home/airflow/.local/lib/python3.12/site-packages/airflow/example_dags/example_latest_only.py for tasks to queue
[2024-09-09T08:10:04.309+0000] {logging_mixin.py:190} INFO - [2024-09-09T08:10:04.309+0000] {dagbag.py:587} INFO - Filling up the DagBag from /home/airflow/.local/lib/python3.12/site-packages/airflow/example_dags/example_latest_only.py
[2024-09-09T08:10:04.318+0000] {processor.py:925} INFO - DAG(s) 'latest_only' retrieved from /home/airflow/.local/lib/python3.12/site-packages/airflow/example_dags/example_latest_only.py
[2024-09-09T08:10:04.338+0000] {logging_mixin.py:190} INFO - [2024-09-09T08:10:04.338+0000] {dag.py:3229} INFO - Sync 1 DAGs
[2024-09-09T08:10:04.361+0000] {logging_mixin.py:190} INFO - [2024-09-09T08:10:04.361+0000] {dag.py:4156} INFO - Setting next_dagrun for latest_only to 2024-09-09 04:00:00+00:00, run_after=2024-09-09 08:00:00+00:00
[2024-09-09T08:10:04.387+0000] {processor.py:208} INFO - Processing /home/airflow/.local/lib/python3.12/site-packages/airflow/example_dags/example_latest_only.py took 0.087 seconds
[2024-09-09T08:10:34.460+0000] {processor.py:186} INFO - Started process (PID=3845) to work on /home/airflow/.local/lib/python3.12/site-packages/airflow/example_dags/example_latest_only.py
[2024-09-09T08:10:34.461+0000] {processor.py:914} INFO - Processing file /home/airflow/.local/lib/python3.12/site-packages/airflow/example_dags/example_latest_only.py for tasks to queue
[2024-09-09T08:10:34.463+0000] {logging_mixin.py:190} INFO - [2024-09-09T08:10:34.463+0000] {dagbag.py:587} INFO - Filling up the DagBag from /home/airflow/.local/lib/python3.12/site-packages/airflow/example_dags/example_latest_only.py
[2024-09-09T08:10:34.469+0000] {processor.py:925} INFO - DAG(s) 'latest_only' retrieved from /home/airflow/.local/lib/python3.12/site-packages/airflow/example_dags/example_latest_only.py
[2024-09-09T08:10:34.485+0000] {logging_mixin.py:190} INFO - [2024-09-09T08:10:34.485+0000] {dag.py:3229} INFO - Sync 1 DAGs
[2024-09-09T08:10:34.503+0000] {logging_mixin.py:190} INFO - [2024-09-09T08:10:34.502+0000] {dag.py:4156} INFO - Setting next_dagrun for latest_only to 2024-09-09 04:00:00+00:00, run_after=2024-09-09 08:00:00+00:00
[2024-09-09T08:10:34.521+0000] {processor.py:208} INFO - Processing /home/airflow/.local/lib/python3.12/site-packages/airflow/example_dags/example_latest_only.py took 0.065 seconds
[2024-09-09T08:11:05.441+0000] {processor.py:186} INFO - Started process (PID=4131) to work on /home/airflow/.local/lib/python3.12/site-packages/airflow/example_dags/example_latest_only.py
[2024-09-09T08:11:05.443+0000] {processor.py:914} INFO - Processing file /home/airflow/.local/lib/python3.12/site-packages/airflow/example_dags/example_latest_only.py for tasks to queue
[2024-09-09T08:11:05.453+0000] {logging_mixin.py:190} INFO - [2024-09-09T08:11:05.453+0000] {dagbag.py:587} INFO - Filling up the DagBag from /home/airflow/.local/lib/python3.12/site-packages/airflow/example_dags/example_latest_only.py
[2024-09-09T08:11:05.472+0000] {processor.py:925} INFO - DAG(s) 'latest_only' retrieved from /home/airflow/.local/lib/python3.12/site-packages/airflow/example_dags/example_latest_only.py
[2024-09-09T08:11:05.503+0000] {logging_mixin.py:190} INFO - [2024-09-09T08:11:05.503+0000] {dag.py:3229} INFO - Sync 1 DAGs
[2024-09-09T08:11:05.552+0000] {logging_mixin.py:190} INFO - [2024-09-09T08:11:05.552+0000] {dag.py:4156} INFO - Setting next_dagrun for latest_only to 2024-09-09 04:00:00+00:00, run_after=2024-09-09 08:00:00+00:00
[2024-09-09T08:11:05.643+0000] {processor.py:208} INFO - Processing /home/airflow/.local/lib/python3.12/site-packages/airflow/example_dags/example_latest_only.py took 0.211 seconds
[2024-09-09T08:11:36.517+0000] {processor.py:186} INFO - Started process (PID=4420) to work on /home/airflow/.local/lib/python3.12/site-packages/airflow/example_dags/example_latest_only.py
[2024-09-09T08:11:36.518+0000] {processor.py:914} INFO - Processing file /home/airflow/.local/lib/python3.12/site-packages/airflow/example_dags/example_latest_only.py for tasks to queue
[2024-09-09T08:11:36.520+0000] {logging_mixin.py:190} INFO - [2024-09-09T08:11:36.520+0000] {dagbag.py:587} INFO - Filling up the DagBag from /home/airflow/.local/lib/python3.12/site-packages/airflow/example_dags/example_latest_only.py
[2024-09-09T08:11:36.525+0000] {processor.py:925} INFO - DAG(s) 'latest_only' retrieved from /home/airflow/.local/lib/python3.12/site-packages/airflow/example_dags/example_latest_only.py
[2024-09-09T08:11:36.542+0000] {logging_mixin.py:190} INFO - [2024-09-09T08:11:36.541+0000] {dag.py:3229} INFO - Sync 1 DAGs
[2024-09-09T08:11:36.560+0000] {logging_mixin.py:190} INFO - [2024-09-09T08:11:36.560+0000] {dag.py:4156} INFO - Setting next_dagrun for latest_only to 2024-09-09 04:00:00+00:00, run_after=2024-09-09 08:00:00+00:00
[2024-09-09T08:11:36.580+0000] {processor.py:208} INFO - Processing /home/airflow/.local/lib/python3.12/site-packages/airflow/example_dags/example_latest_only.py took 0.067 seconds
[2024-09-09T08:12:07.244+0000] {processor.py:186} INFO - Started process (PID=4706) to work on /home/airflow/.local/lib/python3.12/site-packages/airflow/example_dags/example_latest_only.py
[2024-09-09T08:12:07.246+0000] {processor.py:914} INFO - Processing file /home/airflow/.local/lib/python3.12/site-packages/airflow/example_dags/example_latest_only.py for tasks to queue
[2024-09-09T08:12:07.248+0000] {logging_mixin.py:190} INFO - [2024-09-09T08:12:07.248+0000] {dagbag.py:587} INFO - Filling up the DagBag from /home/airflow/.local/lib/python3.12/site-packages/airflow/example_dags/example_latest_only.py
[2024-09-09T08:12:07.255+0000] {processor.py:925} INFO - DAG(s) 'latest_only' retrieved from /home/airflow/.local/lib/python3.12/site-packages/airflow/example_dags/example_latest_only.py
[2024-09-09T08:12:07.276+0000] {logging_mixin.py:190} INFO - [2024-09-09T08:12:07.276+0000] {dag.py:3229} INFO - Sync 1 DAGs
[2024-09-09T08:12:07.300+0000] {logging_mixin.py:190} INFO - [2024-09-09T08:12:07.299+0000] {dag.py:4156} INFO - Setting next_dagrun for latest_only to 2024-09-09 04:00:00+00:00, run_after=2024-09-09 08:00:00+00:00
[2024-09-09T08:12:07.323+0000] {processor.py:208} INFO - Processing /home/airflow/.local/lib/python3.12/site-packages/airflow/example_dags/example_latest_only.py took 0.086 seconds
[2024-09-09T08:12:37.400+0000] {processor.py:186} INFO - Started process (PID=4989) to work on /home/airflow/.local/lib/python3.12/site-packages/airflow/example_dags/example_latest_only.py
[2024-09-09T08:12:37.402+0000] {processor.py:914} INFO - Processing file /home/airflow/.local/lib/python3.12/site-packages/airflow/example_dags/example_latest_only.py for tasks to queue
[2024-09-09T08:12:37.404+0000] {logging_mixin.py:190} INFO - [2024-09-09T08:12:37.403+0000] {dagbag.py:587} INFO - Filling up the DagBag from /home/airflow/.local/lib/python3.12/site-packages/airflow/example_dags/example_latest_only.py
[2024-09-09T08:12:37.409+0000] {processor.py:925} INFO - DAG(s) 'latest_only' retrieved from /home/airflow/.local/lib/python3.12/site-packages/airflow/example_dags/example_latest_only.py
[2024-09-09T08:12:37.427+0000] {logging_mixin.py:190} INFO - [2024-09-09T08:12:37.427+0000] {dag.py:3229} INFO - Sync 1 DAGs
[2024-09-09T08:12:37.445+0000] {logging_mixin.py:190} INFO - [2024-09-09T08:12:37.445+0000] {dag.py:4156} INFO - Setting next_dagrun for latest_only to 2024-09-09 04:00:00+00:00, run_after=2024-09-09 08:00:00+00:00
[2024-09-09T08:12:37.463+0000] {processor.py:208} INFO - Processing /home/airflow/.local/lib/python3.12/site-packages/airflow/example_dags/example_latest_only.py took 0.070 seconds
[2024-09-09T08:13:08.210+0000] {processor.py:186} INFO - Started process (PID=5275) to work on /home/airflow/.local/lib/python3.12/site-packages/airflow/example_dags/example_latest_only.py
[2024-09-09T08:13:08.211+0000] {processor.py:914} INFO - Processing file /home/airflow/.local/lib/python3.12/site-packages/airflow/example_dags/example_latest_only.py for tasks to queue
[2024-09-09T08:13:08.214+0000] {logging_mixin.py:190} INFO - [2024-09-09T08:13:08.214+0000] {dagbag.py:587} INFO - Filling up the DagBag from /home/airflow/.local/lib/python3.12/site-packages/airflow/example_dags/example_latest_only.py
[2024-09-09T08:13:08.220+0000] {processor.py:925} INFO - DAG(s) 'latest_only' retrieved from /home/airflow/.local/lib/python3.12/site-packages/airflow/example_dags/example_latest_only.py
[2024-09-09T08:13:08.237+0000] {logging_mixin.py:190} INFO - [2024-09-09T08:13:08.237+0000] {dag.py:3229} INFO - Sync 1 DAGs
[2024-09-09T08:13:08.261+0000] {logging_mixin.py:190} INFO - [2024-09-09T08:13:08.261+0000] {dag.py:4156} INFO - Setting next_dagrun for latest_only to 2024-09-09 04:00:00+00:00, run_after=2024-09-09 08:00:00+00:00
[2024-09-09T08:13:08.280+0000] {processor.py:208} INFO - Processing /home/airflow/.local/lib/python3.12/site-packages/airflow/example_dags/example_latest_only.py took 0.077 seconds
[2024-09-09T08:13:39.128+0000] {processor.py:186} INFO - Started process (PID=5561) to work on /home/airflow/.local/lib/python3.12/site-packages/airflow/example_dags/example_latest_only.py
[2024-09-09T08:13:39.129+0000] {processor.py:914} INFO - Processing file /home/airflow/.local/lib/python3.12/site-packages/airflow/example_dags/example_latest_only.py for tasks to queue
[2024-09-09T08:13:39.131+0000] {logging_mixin.py:190} INFO - [2024-09-09T08:13:39.131+0000] {dagbag.py:587} INFO - Filling up the DagBag from /home/airflow/.local/lib/python3.12/site-packages/airflow/example_dags/example_latest_only.py
[2024-09-09T08:13:39.137+0000] {processor.py:925} INFO - DAG(s) 'latest_only' retrieved from /home/airflow/.local/lib/python3.12/site-packages/airflow/example_dags/example_latest_only.py
[2024-09-09T08:13:39.154+0000] {logging_mixin.py:190} INFO - [2024-09-09T08:13:39.154+0000] {dag.py:3229} INFO - Sync 1 DAGs
[2024-09-09T08:13:39.172+0000] {logging_mixin.py:190} INFO - [2024-09-09T08:13:39.172+0000] {dag.py:4156} INFO - Setting next_dagrun for latest_only to 2024-09-09 04:00:00+00:00, run_after=2024-09-09 08:00:00+00:00
[2024-09-09T08:13:39.189+0000] {processor.py:208} INFO - Processing /home/airflow/.local/lib/python3.12/site-packages/airflow/example_dags/example_latest_only.py took 0.067 seconds
[2024-09-09T08:14:10.060+0000] {processor.py:186} INFO - Started process (PID=5847) to work on /home/airflow/.local/lib/python3.12/site-packages/airflow/example_dags/example_latest_only.py
[2024-09-09T08:14:10.061+0000] {processor.py:914} INFO - Processing file /home/airflow/.local/lib/python3.12/site-packages/airflow/example_dags/example_latest_only.py for tasks to queue
[2024-09-09T08:14:10.063+0000] {logging_mixin.py:190} INFO - [2024-09-09T08:14:10.063+0000] {dagbag.py:587} INFO - Filling up the DagBag from /home/airflow/.local/lib/python3.12/site-packages/airflow/example_dags/example_latest_only.py
[2024-09-09T08:14:10.070+0000] {processor.py:925} INFO - DAG(s) 'latest_only' retrieved from /home/airflow/.local/lib/python3.12/site-packages/airflow/example_dags/example_latest_only.py
[2024-09-09T08:14:10.087+0000] {logging_mixin.py:190} INFO - [2024-09-09T08:14:10.087+0000] {dag.py:3229} INFO - Sync 1 DAGs
[2024-09-09T08:14:10.106+0000] {logging_mixin.py:190} INFO - [2024-09-09T08:14:10.106+0000] {dag.py:4156} INFO - Setting next_dagrun for latest_only to 2024-09-09 04:00:00+00:00, run_after=2024-09-09 08:00:00+00:00
[2024-09-09T08:14:10.124+0000] {processor.py:208} INFO - Processing /home/airflow/.local/lib/python3.12/site-packages/airflow/example_dags/example_latest_only.py took 0.068 seconds
[2024-09-09T08:14:40.890+0000] {processor.py:186} INFO - Started process (PID=6133) to work on /home/airflow/.local/lib/python3.12/site-packages/airflow/example_dags/example_latest_only.py
[2024-09-09T08:14:40.891+0000] {processor.py:914} INFO - Processing file /home/airflow/.local/lib/python3.12/site-packages/airflow/example_dags/example_latest_only.py for tasks to queue
[2024-09-09T08:14:40.893+0000] {logging_mixin.py:190} INFO - [2024-09-09T08:14:40.893+0000] {dagbag.py:587} INFO - Filling up the DagBag from /home/airflow/.local/lib/python3.12/site-packages/airflow/example_dags/example_latest_only.py
[2024-09-09T08:14:40.899+0000] {processor.py:925} INFO - DAG(s) 'latest_only' retrieved from /home/airflow/.local/lib/python3.12/site-packages/airflow/example_dags/example_latest_only.py
[2024-09-09T08:14:40.917+0000] {logging_mixin.py:190} INFO - [2024-09-09T08:14:40.916+0000] {dag.py:3229} INFO - Sync 1 DAGs
[2024-09-09T08:14:40.937+0000] {logging_mixin.py:190} INFO - [2024-09-09T08:14:40.937+0000] {dag.py:4156} INFO - Setting next_dagrun for latest_only to 2024-09-09 04:00:00+00:00, run_after=2024-09-09 08:00:00+00:00
[2024-09-09T08:14:40.956+0000] {processor.py:208} INFO - Processing /home/airflow/.local/lib/python3.12/site-packages/airflow/example_dags/example_latest_only.py took 0.071 seconds
[2024-09-09T08:15:11.104+0000] {processor.py:186} INFO - Started process (PID=6419) to work on /home/airflow/.local/lib/python3.12/site-packages/airflow/example_dags/example_latest_only.py
[2024-09-09T08:15:11.106+0000] {processor.py:914} INFO - Processing file /home/airflow/.local/lib/python3.12/site-packages/airflow/example_dags/example_latest_only.py for tasks to queue
[2024-09-09T08:15:11.112+0000] {logging_mixin.py:190} INFO - [2024-09-09T08:15:11.110+0000] {dagbag.py:587} INFO - Filling up the DagBag from /home/airflow/.local/lib/python3.12/site-packages/airflow/example_dags/example_latest_only.py
[2024-09-09T08:15:11.122+0000] {processor.py:925} INFO - DAG(s) 'latest_only' retrieved from /home/airflow/.local/lib/python3.12/site-packages/airflow/example_dags/example_latest_only.py
[2024-09-09T08:15:11.155+0000] {logging_mixin.py:190} INFO - [2024-09-09T08:15:11.154+0000] {dag.py:3229} INFO - Sync 1 DAGs
[2024-09-09T08:15:11.189+0000] {logging_mixin.py:190} INFO - [2024-09-09T08:15:11.189+0000] {dag.py:4156} INFO - Setting next_dagrun for latest_only to 2024-09-09 04:00:00+00:00, run_after=2024-09-09 08:00:00+00:00
[2024-09-09T08:15:11.211+0000] {processor.py:208} INFO - Processing /home/airflow/.local/lib/python3.12/site-packages/airflow/example_dags/example_latest_only.py took 0.115 seconds
[2024-09-09T08:15:41.665+0000] {processor.py:186} INFO - Started process (PID=6716) to work on /home/airflow/.local/lib/python3.12/site-packages/airflow/example_dags/example_latest_only.py
[2024-09-09T08:15:41.666+0000] {processor.py:914} INFO - Processing file /home/airflow/.local/lib/python3.12/site-packages/airflow/example_dags/example_latest_only.py for tasks to queue
[2024-09-09T08:15:41.669+0000] {logging_mixin.py:190} INFO - [2024-09-09T08:15:41.668+0000] {dagbag.py:587} INFO - Filling up the DagBag from /home/airflow/.local/lib/python3.12/site-packages/airflow/example_dags/example_latest_only.py
[2024-09-09T08:15:41.675+0000] {processor.py:925} INFO - DAG(s) 'latest_only' retrieved from /home/airflow/.local/lib/python3.12/site-packages/airflow/example_dags/example_latest_only.py
[2024-09-09T08:15:41.690+0000] {logging_mixin.py:190} INFO - [2024-09-09T08:15:41.690+0000] {dag.py:3229} INFO - Sync 1 DAGs
[2024-09-09T08:15:41.709+0000] {logging_mixin.py:190} INFO - [2024-09-09T08:15:41.709+0000] {dag.py:4156} INFO - Setting next_dagrun for latest_only to 2024-09-09 04:00:00+00:00, run_after=2024-09-09 08:00:00+00:00
[2024-09-09T08:15:41.729+0000] {processor.py:208} INFO - Processing /home/airflow/.local/lib/python3.12/site-packages/airflow/example_dags/example_latest_only.py took 0.068 seconds
[2024-09-09T08:16:12.104+0000] {processor.py:186} INFO - Started process (PID=7002) to work on /home/airflow/.local/lib/python3.12/site-packages/airflow/example_dags/example_latest_only.py
[2024-09-09T08:16:12.106+0000] {processor.py:914} INFO - Processing file /home/airflow/.local/lib/python3.12/site-packages/airflow/example_dags/example_latest_only.py for tasks to queue
[2024-09-09T08:16:12.109+0000] {logging_mixin.py:190} INFO - [2024-09-09T08:16:12.109+0000] {dagbag.py:587} INFO - Filling up the DagBag from /home/airflow/.local/lib/python3.12/site-packages/airflow/example_dags/example_latest_only.py
[2024-09-09T08:16:12.119+0000] {processor.py:925} INFO - DAG(s) 'latest_only' retrieved from /home/airflow/.local/lib/python3.12/site-packages/airflow/example_dags/example_latest_only.py
[2024-09-09T08:16:12.142+0000] {logging_mixin.py:190} INFO - [2024-09-09T08:16:12.142+0000] {dag.py:3229} INFO - Sync 1 DAGs
[2024-09-09T08:16:12.175+0000] {logging_mixin.py:190} INFO - [2024-09-09T08:16:12.174+0000] {dag.py:4156} INFO - Setting next_dagrun for latest_only to 2024-09-09 04:00:00+00:00, run_after=2024-09-09 08:00:00+00:00
[2024-09-09T08:16:12.215+0000] {processor.py:208} INFO - Processing /home/airflow/.local/lib/python3.12/site-packages/airflow/example_dags/example_latest_only.py took 0.121 seconds
[2024-09-09T08:16:42.801+0000] {processor.py:186} INFO - Started process (PID=7288) to work on /home/airflow/.local/lib/python3.12/site-packages/airflow/example_dags/example_latest_only.py
[2024-09-09T08:16:42.803+0000] {processor.py:914} INFO - Processing file /home/airflow/.local/lib/python3.12/site-packages/airflow/example_dags/example_latest_only.py for tasks to queue
[2024-09-09T08:16:42.805+0000] {logging_mixin.py:190} INFO - [2024-09-09T08:16:42.805+0000] {dagbag.py:587} INFO - Filling up the DagBag from /home/airflow/.local/lib/python3.12/site-packages/airflow/example_dags/example_latest_only.py
[2024-09-09T08:16:42.813+0000] {processor.py:925} INFO - DAG(s) 'latest_only' retrieved from /home/airflow/.local/lib/python3.12/site-packages/airflow/example_dags/example_latest_only.py
[2024-09-09T08:16:42.841+0000] {logging_mixin.py:190} INFO - [2024-09-09T08:16:42.840+0000] {dag.py:3229} INFO - Sync 1 DAGs
[2024-09-09T08:16:42.863+0000] {logging_mixin.py:190} INFO - [2024-09-09T08:16:42.863+0000] {dag.py:4156} INFO - Setting next_dagrun for latest_only to 2024-09-09 04:00:00+00:00, run_after=2024-09-09 08:00:00+00:00
[2024-09-09T08:16:42.883+0000] {processor.py:208} INFO - Processing /home/airflow/.local/lib/python3.12/site-packages/airflow/example_dags/example_latest_only.py took 0.087 seconds
[2024-09-09T08:17:12.929+0000] {processor.py:186} INFO - Started process (PID=7574) to work on /home/airflow/.local/lib/python3.12/site-packages/airflow/example_dags/example_latest_only.py
[2024-09-09T08:17:12.930+0000] {processor.py:914} INFO - Processing file /home/airflow/.local/lib/python3.12/site-packages/airflow/example_dags/example_latest_only.py for tasks to queue
[2024-09-09T08:17:12.932+0000] {logging_mixin.py:190} INFO - [2024-09-09T08:17:12.932+0000] {dagbag.py:587} INFO - Filling up the DagBag from /home/airflow/.local/lib/python3.12/site-packages/airflow/example_dags/example_latest_only.py
[2024-09-09T08:17:12.938+0000] {processor.py:925} INFO - DAG(s) 'latest_only' retrieved from /home/airflow/.local/lib/python3.12/site-packages/airflow/example_dags/example_latest_only.py
[2024-09-09T08:17:12.954+0000] {logging_mixin.py:190} INFO - [2024-09-09T08:17:12.953+0000] {dag.py:3229} INFO - Sync 1 DAGs
[2024-09-09T08:17:12.971+0000] {logging_mixin.py:190} INFO - [2024-09-09T08:17:12.971+0000] {dag.py:4156} INFO - Setting next_dagrun for latest_only to 2024-09-09 04:00:00+00:00, run_after=2024-09-09 08:00:00+00:00
[2024-09-09T08:17:12.989+0000] {processor.py:208} INFO - Processing /home/airflow/.local/lib/python3.12/site-packages/airflow/example_dags/example_latest_only.py took 0.065 seconds
[2024-09-09T08:17:43.811+0000] {processor.py:186} INFO - Started process (PID=7860) to work on /home/airflow/.local/lib/python3.12/site-packages/airflow/example_dags/example_latest_only.py
[2024-09-09T08:17:43.813+0000] {processor.py:914} INFO - Processing file /home/airflow/.local/lib/python3.12/site-packages/airflow/example_dags/example_latest_only.py for tasks to queue
[2024-09-09T08:17:43.815+0000] {logging_mixin.py:190} INFO - [2024-09-09T08:17:43.815+0000] {dagbag.py:587} INFO - Filling up the DagBag from /home/airflow/.local/lib/python3.12/site-packages/airflow/example_dags/example_latest_only.py
[2024-09-09T08:17:43.823+0000] {processor.py:925} INFO - DAG(s) 'latest_only' retrieved from /home/airflow/.local/lib/python3.12/site-packages/airflow/example_dags/example_latest_only.py
[2024-09-09T08:17:43.845+0000] {logging_mixin.py:190} INFO - [2024-09-09T08:17:43.845+0000] {dag.py:3229} INFO - Sync 1 DAGs
[2024-09-09T08:17:43.873+0000] {logging_mixin.py:190} INFO - [2024-09-09T08:17:43.873+0000] {dag.py:4156} INFO - Setting next_dagrun for latest_only to 2024-09-09 04:00:00+00:00, run_after=2024-09-09 08:00:00+00:00
[2024-09-09T08:17:43.897+0000] {processor.py:208} INFO - Processing /home/airflow/.local/lib/python3.12/site-packages/airflow/example_dags/example_latest_only.py took 0.093 seconds
[2024-09-09T08:18:14.771+0000] {processor.py:186} INFO - Started process (PID=8146) to work on /home/airflow/.local/lib/python3.12/site-packages/airflow/example_dags/example_latest_only.py
[2024-09-09T08:18:14.772+0000] {processor.py:914} INFO - Processing file /home/airflow/.local/lib/python3.12/site-packages/airflow/example_dags/example_latest_only.py for tasks to queue
[2024-09-09T08:18:14.774+0000] {logging_mixin.py:190} INFO - [2024-09-09T08:18:14.774+0000] {dagbag.py:587} INFO - Filling up the DagBag from /home/airflow/.local/lib/python3.12/site-packages/airflow/example_dags/example_latest_only.py
[2024-09-09T08:18:14.780+0000] {processor.py:925} INFO - DAG(s) 'latest_only' retrieved from /home/airflow/.local/lib/python3.12/site-packages/airflow/example_dags/example_latest_only.py
[2024-09-09T08:18:14.799+0000] {logging_mixin.py:190} INFO - [2024-09-09T08:18:14.799+0000] {dag.py:3229} INFO - Sync 1 DAGs
[2024-09-09T08:18:14.823+0000] {logging_mixin.py:190} INFO - [2024-09-09T08:18:14.823+0000] {dag.py:4156} INFO - Setting next_dagrun for latest_only to 2024-09-09 04:00:00+00:00, run_after=2024-09-09 08:00:00+00:00
[2024-09-09T08:18:14.846+0000] {processor.py:208} INFO - Processing /home/airflow/.local/lib/python3.12/site-packages/airflow/example_dags/example_latest_only.py took 0.080 seconds
[2024-09-09T08:18:45.101+0000] {processor.py:186} INFO - Started process (PID=8432) to work on /home/airflow/.local/lib/python3.12/site-packages/airflow/example_dags/example_latest_only.py
[2024-09-09T08:18:45.102+0000] {processor.py:914} INFO - Processing file /home/airflow/.local/lib/python3.12/site-packages/airflow/example_dags/example_latest_only.py for tasks to queue
[2024-09-09T08:18:45.106+0000] {logging_mixin.py:190} INFO - [2024-09-09T08:18:45.105+0000] {dagbag.py:587} INFO - Filling up the DagBag from /home/airflow/.local/lib/python3.12/site-packages/airflow/example_dags/example_latest_only.py
[2024-09-09T08:18:45.117+0000] {processor.py:925} INFO - DAG(s) 'latest_only' retrieved from /home/airflow/.local/lib/python3.12/site-packages/airflow/example_dags/example_latest_only.py
[2024-09-09T08:18:45.143+0000] {logging_mixin.py:190} INFO - [2024-09-09T08:18:45.143+0000] {dag.py:3229} INFO - Sync 1 DAGs
[2024-09-09T08:18:45.167+0000] {logging_mixin.py:190} INFO - [2024-09-09T08:18:45.166+0000] {dag.py:4156} INFO - Setting next_dagrun for latest_only to 2024-09-09 04:00:00+00:00, run_after=2024-09-09 08:00:00+00:00
[2024-09-09T08:18:45.196+0000] {processor.py:208} INFO - Processing /home/airflow/.local/lib/python3.12/site-packages/airflow/example_dags/example_latest_only.py took 0.103 seconds
[2024-09-09T08:19:15.310+0000] {processor.py:186} INFO - Started process (PID=8718) to work on /home/airflow/.local/lib/python3.12/site-packages/airflow/example_dags/example_latest_only.py
[2024-09-09T08:19:15.311+0000] {processor.py:914} INFO - Processing file /home/airflow/.local/lib/python3.12/site-packages/airflow/example_dags/example_latest_only.py for tasks to queue
[2024-09-09T08:19:15.314+0000] {logging_mixin.py:190} INFO - [2024-09-09T08:19:15.314+0000] {dagbag.py:587} INFO - Filling up the DagBag from /home/airflow/.local/lib/python3.12/site-packages/airflow/example_dags/example_latest_only.py
[2024-09-09T08:19:15.321+0000] {processor.py:925} INFO - DAG(s) 'latest_only' retrieved from /home/airflow/.local/lib/python3.12/site-packages/airflow/example_dags/example_latest_only.py
[2024-09-09T08:19:15.341+0000] {logging_mixin.py:190} INFO - [2024-09-09T08:19:15.341+0000] {dag.py:3229} INFO - Sync 1 DAGs
[2024-09-09T08:19:15.363+0000] {logging_mixin.py:190} INFO - [2024-09-09T08:19:15.363+0000] {dag.py:4156} INFO - Setting next_dagrun for latest_only to 2024-09-09 04:00:00+00:00, run_after=2024-09-09 08:00:00+00:00
[2024-09-09T08:19:15.386+0000] {processor.py:208} INFO - Processing /home/airflow/.local/lib/python3.12/site-packages/airflow/example_dags/example_latest_only.py took 0.081 seconds
[2024-09-09T08:19:45.696+0000] {processor.py:186} INFO - Started process (PID=9004) to work on /home/airflow/.local/lib/python3.12/site-packages/airflow/example_dags/example_latest_only.py
[2024-09-09T08:19:45.698+0000] {processor.py:914} INFO - Processing file /home/airflow/.local/lib/python3.12/site-packages/airflow/example_dags/example_latest_only.py for tasks to queue
[2024-09-09T08:19:45.701+0000] {logging_mixin.py:190} INFO - [2024-09-09T08:19:45.700+0000] {dagbag.py:587} INFO - Filling up the DagBag from /home/airflow/.local/lib/python3.12/site-packages/airflow/example_dags/example_latest_only.py
[2024-09-09T08:19:45.709+0000] {processor.py:925} INFO - DAG(s) 'latest_only' retrieved from /home/airflow/.local/lib/python3.12/site-packages/airflow/example_dags/example_latest_only.py
[2024-09-09T08:19:45.730+0000] {logging_mixin.py:190} INFO - [2024-09-09T08:19:45.730+0000] {dag.py:3229} INFO - Sync 1 DAGs
[2024-09-09T08:19:45.754+0000] {logging_mixin.py:190} INFO - [2024-09-09T08:19:45.754+0000] {dag.py:4156} INFO - Setting next_dagrun for latest_only to 2024-09-09 04:00:00+00:00, run_after=2024-09-09 08:00:00+00:00
[2024-09-09T08:19:45.775+0000] {processor.py:208} INFO - Processing /home/airflow/.local/lib/python3.12/site-packages/airflow/example_dags/example_latest_only.py took 0.085 seconds
[2024-09-09T08:20:15.919+0000] {processor.py:186} INFO - Started process (PID=9290) to work on /home/airflow/.local/lib/python3.12/site-packages/airflow/example_dags/example_latest_only.py
[2024-09-09T08:20:15.920+0000] {processor.py:914} INFO - Processing file /home/airflow/.local/lib/python3.12/site-packages/airflow/example_dags/example_latest_only.py for tasks to queue
[2024-09-09T08:20:15.922+0000] {logging_mixin.py:190} INFO - [2024-09-09T08:20:15.922+0000] {dagbag.py:587} INFO - Filling up the DagBag from /home/airflow/.local/lib/python3.12/site-packages/airflow/example_dags/example_latest_only.py
[2024-09-09T08:20:15.927+0000] {processor.py:925} INFO - DAG(s) 'latest_only' retrieved from /home/airflow/.local/lib/python3.12/site-packages/airflow/example_dags/example_latest_only.py
[2024-09-09T08:20:15.942+0000] {logging_mixin.py:190} INFO - [2024-09-09T08:20:15.942+0000] {dag.py:3229} INFO - Sync 1 DAGs
[2024-09-09T08:20:15.959+0000] {logging_mixin.py:190} INFO - [2024-09-09T08:20:15.959+0000] {dag.py:4156} INFO - Setting next_dagrun for latest_only to 2024-09-09 04:00:00+00:00, run_after=2024-09-09 08:00:00+00:00
[2024-09-09T08:20:15.978+0000] {processor.py:208} INFO - Processing /home/airflow/.local/lib/python3.12/site-packages/airflow/example_dags/example_latest_only.py took 0.063 seconds
[2024-09-09T08:20:46.741+0000] {processor.py:186} INFO - Started process (PID=9576) to work on /home/airflow/.local/lib/python3.12/site-packages/airflow/example_dags/example_latest_only.py
[2024-09-09T08:20:46.742+0000] {processor.py:914} INFO - Processing file /home/airflow/.local/lib/python3.12/site-packages/airflow/example_dags/example_latest_only.py for tasks to queue
[2024-09-09T08:20:46.744+0000] {logging_mixin.py:190} INFO - [2024-09-09T08:20:46.744+0000] {dagbag.py:587} INFO - Filling up the DagBag from /home/airflow/.local/lib/python3.12/site-packages/airflow/example_dags/example_latest_only.py
[2024-09-09T08:20:46.750+0000] {processor.py:925} INFO - DAG(s) 'latest_only' retrieved from /home/airflow/.local/lib/python3.12/site-packages/airflow/example_dags/example_latest_only.py
[2024-09-09T08:20:46.766+0000] {logging_mixin.py:190} INFO - [2024-09-09T08:20:46.766+0000] {dag.py:3229} INFO - Sync 1 DAGs
[2024-09-09T08:20:46.783+0000] {logging_mixin.py:190} INFO - [2024-09-09T08:20:46.783+0000] {dag.py:4156} INFO - Setting next_dagrun for latest_only to 2024-09-09 04:00:00+00:00, run_after=2024-09-09 08:00:00+00:00
[2024-09-09T08:20:46.804+0000] {processor.py:208} INFO - Processing /home/airflow/.local/lib/python3.12/site-packages/airflow/example_dags/example_latest_only.py took 0.067 seconds
[2024-09-09T08:21:17.320+0000] {processor.py:186} INFO - Started process (PID=9862) to work on /home/airflow/.local/lib/python3.12/site-packages/airflow/example_dags/example_latest_only.py
[2024-09-09T08:21:17.322+0000] {processor.py:914} INFO - Processing file /home/airflow/.local/lib/python3.12/site-packages/airflow/example_dags/example_latest_only.py for tasks to queue
[2024-09-09T08:21:17.325+0000] {logging_mixin.py:190} INFO - [2024-09-09T08:21:17.324+0000] {dagbag.py:587} INFO - Filling up the DagBag from /home/airflow/.local/lib/python3.12/site-packages/airflow/example_dags/example_latest_only.py
[2024-09-09T08:21:17.334+0000] {processor.py:925} INFO - DAG(s) 'latest_only' retrieved from /home/airflow/.local/lib/python3.12/site-packages/airflow/example_dags/example_latest_only.py
[2024-09-09T08:21:17.368+0000] {logging_mixin.py:190} INFO - [2024-09-09T08:21:17.368+0000] {dag.py:3229} INFO - Sync 1 DAGs
[2024-09-09T08:21:17.396+0000] {logging_mixin.py:190} INFO - [2024-09-09T08:21:17.396+0000] {dag.py:4156} INFO - Setting next_dagrun for latest_only to 2024-09-09 04:00:00+00:00, run_after=2024-09-09 08:00:00+00:00
[2024-09-09T08:21:17.415+0000] {processor.py:208} INFO - Processing /home/airflow/.local/lib/python3.12/site-packages/airflow/example_dags/example_latest_only.py took 0.103 seconds
[2024-09-09T08:21:48.165+0000] {processor.py:186} INFO - Started process (PID=10148) to work on /home/airflow/.local/lib/python3.12/site-packages/airflow/example_dags/example_latest_only.py
[2024-09-09T08:21:48.167+0000] {processor.py:914} INFO - Processing file /home/airflow/.local/lib/python3.12/site-packages/airflow/example_dags/example_latest_only.py for tasks to queue
[2024-09-09T08:21:48.170+0000] {logging_mixin.py:190} INFO - [2024-09-09T08:21:48.170+0000] {dagbag.py:587} INFO - Filling up the DagBag from /home/airflow/.local/lib/python3.12/site-packages/airflow/example_dags/example_latest_only.py
[2024-09-09T08:21:48.177+0000] {processor.py:925} INFO - DAG(s) 'latest_only' retrieved from /home/airflow/.local/lib/python3.12/site-packages/airflow/example_dags/example_latest_only.py
[2024-09-09T08:21:48.198+0000] {logging_mixin.py:190} INFO - [2024-09-09T08:21:48.197+0000] {dag.py:3229} INFO - Sync 1 DAGs
[2024-09-09T08:21:48.225+0000] {logging_mixin.py:190} INFO - [2024-09-09T08:21:48.224+0000] {dag.py:4156} INFO - Setting next_dagrun for latest_only to 2024-09-09 04:00:00+00:00, run_after=2024-09-09 08:00:00+00:00
[2024-09-09T08:21:48.247+0000] {processor.py:208} INFO - Processing /home/airflow/.local/lib/python3.12/site-packages/airflow/example_dags/example_latest_only.py took 0.088 seconds
[2024-09-09T08:22:18.864+0000] {processor.py:186} INFO - Started process (PID=10434) to work on /home/airflow/.local/lib/python3.12/site-packages/airflow/example_dags/example_latest_only.py
[2024-09-09T08:22:18.865+0000] {processor.py:914} INFO - Processing file /home/airflow/.local/lib/python3.12/site-packages/airflow/example_dags/example_latest_only.py for tasks to queue
[2024-09-09T08:22:18.867+0000] {logging_mixin.py:190} INFO - [2024-09-09T08:22:18.867+0000] {dagbag.py:587} INFO - Filling up the DagBag from /home/airflow/.local/lib/python3.12/site-packages/airflow/example_dags/example_latest_only.py
[2024-09-09T08:22:18.873+0000] {processor.py:925} INFO - DAG(s) 'latest_only' retrieved from /home/airflow/.local/lib/python3.12/site-packages/airflow/example_dags/example_latest_only.py
[2024-09-09T08:22:18.887+0000] {logging_mixin.py:190} INFO - [2024-09-09T08:22:18.887+0000] {dag.py:3229} INFO - Sync 1 DAGs
[2024-09-09T08:22:18.905+0000] {logging_mixin.py:190} INFO - [2024-09-09T08:22:18.905+0000] {dag.py:4156} INFO - Setting next_dagrun for latest_only to 2024-09-09 04:00:00+00:00, run_after=2024-09-09 08:00:00+00:00
[2024-09-09T08:22:18.919+0000] {processor.py:208} INFO - Processing /home/airflow/.local/lib/python3.12/site-packages/airflow/example_dags/example_latest_only.py took 0.060 seconds
[2024-09-09T08:22:49.701+0000] {processor.py:186} INFO - Started process (PID=10720) to work on /home/airflow/.local/lib/python3.12/site-packages/airflow/example_dags/example_latest_only.py
[2024-09-09T08:22:49.702+0000] {processor.py:914} INFO - Processing file /home/airflow/.local/lib/python3.12/site-packages/airflow/example_dags/example_latest_only.py for tasks to queue
[2024-09-09T08:22:49.704+0000] {logging_mixin.py:190} INFO - [2024-09-09T08:22:49.704+0000] {dagbag.py:587} INFO - Filling up the DagBag from /home/airflow/.local/lib/python3.12/site-packages/airflow/example_dags/example_latest_only.py
[2024-09-09T08:22:49.711+0000] {processor.py:925} INFO - DAG(s) 'latest_only' retrieved from /home/airflow/.local/lib/python3.12/site-packages/airflow/example_dags/example_latest_only.py
[2024-09-09T08:22:49.731+0000] {logging_mixin.py:190} INFO - [2024-09-09T08:22:49.731+0000] {dag.py:3229} INFO - Sync 1 DAGs
[2024-09-09T08:22:49.754+0000] {logging_mixin.py:190} INFO - [2024-09-09T08:22:49.754+0000] {dag.py:4156} INFO - Setting next_dagrun for latest_only to 2024-09-09 04:00:00+00:00, run_after=2024-09-09 08:00:00+00:00
[2024-09-09T08:22:49.778+0000] {processor.py:208} INFO - Processing /home/airflow/.local/lib/python3.12/site-packages/airflow/example_dags/example_latest_only.py took 0.082 seconds
[2024-09-09T08:23:20.473+0000] {processor.py:186} INFO - Started process (PID=11006) to work on /home/airflow/.local/lib/python3.12/site-packages/airflow/example_dags/example_latest_only.py
[2024-09-09T08:23:20.474+0000] {processor.py:914} INFO - Processing file /home/airflow/.local/lib/python3.12/site-packages/airflow/example_dags/example_latest_only.py for tasks to queue
[2024-09-09T08:23:20.476+0000] {logging_mixin.py:190} INFO - [2024-09-09T08:23:20.476+0000] {dagbag.py:587} INFO - Filling up the DagBag from /home/airflow/.local/lib/python3.12/site-packages/airflow/example_dags/example_latest_only.py
[2024-09-09T08:23:20.482+0000] {processor.py:925} INFO - DAG(s) 'latest_only' retrieved from /home/airflow/.local/lib/python3.12/site-packages/airflow/example_dags/example_latest_only.py
[2024-09-09T08:23:20.499+0000] {logging_mixin.py:190} INFO - [2024-09-09T08:23:20.499+0000] {dag.py:3229} INFO - Sync 1 DAGs
[2024-09-09T08:23:20.518+0000] {logging_mixin.py:190} INFO - [2024-09-09T08:23:20.517+0000] {dag.py:4156} INFO - Setting next_dagrun for latest_only to 2024-09-09 04:00:00+00:00, run_after=2024-09-09 08:00:00+00:00
[2024-09-09T08:23:20.536+0000] {processor.py:208} INFO - Processing /home/airflow/.local/lib/python3.12/site-packages/airflow/example_dags/example_latest_only.py took 0.068 seconds
[2024-09-09T08:23:50.964+0000] {processor.py:186} INFO - Started process (PID=11292) to work on /home/airflow/.local/lib/python3.12/site-packages/airflow/example_dags/example_latest_only.py
[2024-09-09T08:23:50.965+0000] {processor.py:914} INFO - Processing file /home/airflow/.local/lib/python3.12/site-packages/airflow/example_dags/example_latest_only.py for tasks to queue
[2024-09-09T08:23:50.967+0000] {logging_mixin.py:190} INFO - [2024-09-09T08:23:50.967+0000] {dagbag.py:587} INFO - Filling up the DagBag from /home/airflow/.local/lib/python3.12/site-packages/airflow/example_dags/example_latest_only.py
[2024-09-09T08:23:50.973+0000] {processor.py:925} INFO - DAG(s) 'latest_only' retrieved from /home/airflow/.local/lib/python3.12/site-packages/airflow/example_dags/example_latest_only.py
[2024-09-09T08:23:50.989+0000] {logging_mixin.py:190} INFO - [2024-09-09T08:23:50.989+0000] {dag.py:3229} INFO - Sync 1 DAGs
[2024-09-09T08:23:51.009+0000] {logging_mixin.py:190} INFO - [2024-09-09T08:23:51.009+0000] {dag.py:4156} INFO - Setting next_dagrun for latest_only to 2024-09-09 04:00:00+00:00, run_after=2024-09-09 08:00:00+00:00
[2024-09-09T08:23:51.040+0000] {processor.py:208} INFO - Processing /home/airflow/.local/lib/python3.12/site-packages/airflow/example_dags/example_latest_only.py took 0.081 seconds
[2024-09-09T08:24:21.366+0000] {processor.py:186} INFO - Started process (PID=11578) to work on /home/airflow/.local/lib/python3.12/site-packages/airflow/example_dags/example_latest_only.py
[2024-09-09T08:24:21.367+0000] {processor.py:914} INFO - Processing file /home/airflow/.local/lib/python3.12/site-packages/airflow/example_dags/example_latest_only.py for tasks to queue
[2024-09-09T08:24:21.369+0000] {logging_mixin.py:190} INFO - [2024-09-09T08:24:21.369+0000] {dagbag.py:587} INFO - Filling up the DagBag from /home/airflow/.local/lib/python3.12/site-packages/airflow/example_dags/example_latest_only.py
[2024-09-09T08:24:21.375+0000] {processor.py:925} INFO - DAG(s) 'latest_only' retrieved from /home/airflow/.local/lib/python3.12/site-packages/airflow/example_dags/example_latest_only.py
[2024-09-09T08:24:21.391+0000] {logging_mixin.py:190} INFO - [2024-09-09T08:24:21.391+0000] {dag.py:3229} INFO - Sync 1 DAGs
[2024-09-09T08:24:21.408+0000] {logging_mixin.py:190} INFO - [2024-09-09T08:24:21.408+0000] {dag.py:4156} INFO - Setting next_dagrun for latest_only to 2024-09-09 04:00:00+00:00, run_after=2024-09-09 08:00:00+00:00
[2024-09-09T08:24:21.427+0000] {processor.py:208} INFO - Processing /home/airflow/.local/lib/python3.12/site-packages/airflow/example_dags/example_latest_only.py took 0.066 seconds
[2024-09-09T08:24:51.551+0000] {processor.py:186} INFO - Started process (PID=11864) to work on /home/airflow/.local/lib/python3.12/site-packages/airflow/example_dags/example_latest_only.py
[2024-09-09T08:24:51.552+0000] {processor.py:914} INFO - Processing file /home/airflow/.local/lib/python3.12/site-packages/airflow/example_dags/example_latest_only.py for tasks to queue
[2024-09-09T08:24:51.555+0000] {logging_mixin.py:190} INFO - [2024-09-09T08:24:51.554+0000] {dagbag.py:587} INFO - Filling up the DagBag from /home/airflow/.local/lib/python3.12/site-packages/airflow/example_dags/example_latest_only.py
[2024-09-09T08:24:51.561+0000] {processor.py:925} INFO - DAG(s) 'latest_only' retrieved from /home/airflow/.local/lib/python3.12/site-packages/airflow/example_dags/example_latest_only.py
[2024-09-09T08:24:51.578+0000] {logging_mixin.py:190} INFO - [2024-09-09T08:24:51.577+0000] {dag.py:3229} INFO - Sync 1 DAGs
[2024-09-09T08:24:51.600+0000] {logging_mixin.py:190} INFO - [2024-09-09T08:24:51.600+0000] {dag.py:4156} INFO - Setting next_dagrun for latest_only to 2024-09-09 04:00:00+00:00, run_after=2024-09-09 08:00:00+00:00
[2024-09-09T08:24:51.619+0000] {processor.py:208} INFO - Processing /home/airflow/.local/lib/python3.12/site-packages/airflow/example_dags/example_latest_only.py took 0.073 seconds
[2024-09-09T08:25:21.750+0000] {processor.py:186} INFO - Started process (PID=12148) to work on /home/airflow/.local/lib/python3.12/site-packages/airflow/example_dags/example_latest_only.py
[2024-09-09T08:25:21.751+0000] {processor.py:914} INFO - Processing file /home/airflow/.local/lib/python3.12/site-packages/airflow/example_dags/example_latest_only.py for tasks to queue
[2024-09-09T08:25:21.753+0000] {logging_mixin.py:190} INFO - [2024-09-09T08:25:21.752+0000] {dagbag.py:587} INFO - Filling up the DagBag from /home/airflow/.local/lib/python3.12/site-packages/airflow/example_dags/example_latest_only.py
[2024-09-09T08:25:21.759+0000] {processor.py:925} INFO - DAG(s) 'latest_only' retrieved from /home/airflow/.local/lib/python3.12/site-packages/airflow/example_dags/example_latest_only.py
[2024-09-09T08:25:21.777+0000] {logging_mixin.py:190} INFO - [2024-09-09T08:25:21.777+0000] {dag.py:3229} INFO - Sync 1 DAGs
[2024-09-09T08:25:21.803+0000] {logging_mixin.py:190} INFO - [2024-09-09T08:25:21.803+0000] {dag.py:4156} INFO - Setting next_dagrun for latest_only to 2024-09-09 04:00:00+00:00, run_after=2024-09-09 08:00:00+00:00
[2024-09-09T08:25:21.823+0000] {processor.py:208} INFO - Processing /home/airflow/.local/lib/python3.12/site-packages/airflow/example_dags/example_latest_only.py took 0.079 seconds
[2024-09-09T08:25:51.952+0000] {processor.py:186} INFO - Started process (PID=12435) to work on /home/airflow/.local/lib/python3.12/site-packages/airflow/example_dags/example_latest_only.py
[2024-09-09T08:25:51.953+0000] {processor.py:914} INFO - Processing file /home/airflow/.local/lib/python3.12/site-packages/airflow/example_dags/example_latest_only.py for tasks to queue
[2024-09-09T08:25:51.956+0000] {logging_mixin.py:190} INFO - [2024-09-09T08:25:51.955+0000] {dagbag.py:587} INFO - Filling up the DagBag from /home/airflow/.local/lib/python3.12/site-packages/airflow/example_dags/example_latest_only.py
[2024-09-09T08:25:51.963+0000] {processor.py:925} INFO - DAG(s) 'latest_only' retrieved from /home/airflow/.local/lib/python3.12/site-packages/airflow/example_dags/example_latest_only.py
[2024-09-09T08:25:51.983+0000] {logging_mixin.py:190} INFO - [2024-09-09T08:25:51.983+0000] {dag.py:3229} INFO - Sync 1 DAGs
[2024-09-09T08:25:52.006+0000] {logging_mixin.py:190} INFO - [2024-09-09T08:25:52.005+0000] {dag.py:4156} INFO - Setting next_dagrun for latest_only to 2024-09-09 04:00:00+00:00, run_after=2024-09-09 08:00:00+00:00
[2024-09-09T08:25:52.023+0000] {processor.py:208} INFO - Processing /home/airflow/.local/lib/python3.12/site-packages/airflow/example_dags/example_latest_only.py took 0.077 seconds
[2024-09-09T08:26:22.967+0000] {processor.py:186} INFO - Started process (PID=12723) to work on /home/airflow/.local/lib/python3.12/site-packages/airflow/example_dags/example_latest_only.py
[2024-09-09T08:26:22.969+0000] {processor.py:914} INFO - Processing file /home/airflow/.local/lib/python3.12/site-packages/airflow/example_dags/example_latest_only.py for tasks to queue
[2024-09-09T08:26:22.972+0000] {logging_mixin.py:190} INFO - [2024-09-09T08:26:22.971+0000] {dagbag.py:587} INFO - Filling up the DagBag from /home/airflow/.local/lib/python3.12/site-packages/airflow/example_dags/example_latest_only.py
[2024-09-09T08:26:22.981+0000] {processor.py:925} INFO - DAG(s) 'latest_only' retrieved from /home/airflow/.local/lib/python3.12/site-packages/airflow/example_dags/example_latest_only.py
[2024-09-09T08:26:23.001+0000] {logging_mixin.py:190} INFO - [2024-09-09T08:26:23.001+0000] {dag.py:3229} INFO - Sync 1 DAGs
[2024-09-09T08:26:23.020+0000] {logging_mixin.py:190} INFO - [2024-09-09T08:26:23.020+0000] {dag.py:4156} INFO - Setting next_dagrun for latest_only to 2024-09-09 04:00:00+00:00, run_after=2024-09-09 08:00:00+00:00
[2024-09-09T08:26:23.036+0000] {processor.py:208} INFO - Processing /home/airflow/.local/lib/python3.12/site-packages/airflow/example_dags/example_latest_only.py took 0.077 seconds
[2024-09-09T08:26:53.649+0000] {processor.py:186} INFO - Started process (PID=13009) to work on /home/airflow/.local/lib/python3.12/site-packages/airflow/example_dags/example_latest_only.py
[2024-09-09T08:26:53.650+0000] {processor.py:914} INFO - Processing file /home/airflow/.local/lib/python3.12/site-packages/airflow/example_dags/example_latest_only.py for tasks to queue
[2024-09-09T08:26:53.652+0000] {logging_mixin.py:190} INFO - [2024-09-09T08:26:53.652+0000] {dagbag.py:587} INFO - Filling up the DagBag from /home/airflow/.local/lib/python3.12/site-packages/airflow/example_dags/example_latest_only.py
[2024-09-09T08:26:53.658+0000] {processor.py:925} INFO - DAG(s) 'latest_only' retrieved from /home/airflow/.local/lib/python3.12/site-packages/airflow/example_dags/example_latest_only.py
[2024-09-09T08:26:53.675+0000] {logging_mixin.py:190} INFO - [2024-09-09T08:26:53.675+0000] {dag.py:3229} INFO - Sync 1 DAGs
[2024-09-09T08:26:53.694+0000] {logging_mixin.py:190} INFO - [2024-09-09T08:26:53.694+0000] {dag.py:4156} INFO - Setting next_dagrun for latest_only to 2024-09-09 04:00:00+00:00, run_after=2024-09-09 08:00:00+00:00
[2024-09-09T08:26:53.712+0000] {processor.py:208} INFO - Processing /home/airflow/.local/lib/python3.12/site-packages/airflow/example_dags/example_latest_only.py took 0.069 seconds
[2024-09-09T08:27:24.257+0000] {processor.py:186} INFO - Started process (PID=13295) to work on /home/airflow/.local/lib/python3.12/site-packages/airflow/example_dags/example_latest_only.py
[2024-09-09T08:27:24.258+0000] {processor.py:914} INFO - Processing file /home/airflow/.local/lib/python3.12/site-packages/airflow/example_dags/example_latest_only.py for tasks to queue
[2024-09-09T08:27:24.260+0000] {logging_mixin.py:190} INFO - [2024-09-09T08:27:24.260+0000] {dagbag.py:587} INFO - Filling up the DagBag from /home/airflow/.local/lib/python3.12/site-packages/airflow/example_dags/example_latest_only.py
[2024-09-09T08:27:24.266+0000] {processor.py:925} INFO - DAG(s) 'latest_only' retrieved from /home/airflow/.local/lib/python3.12/site-packages/airflow/example_dags/example_latest_only.py
[2024-09-09T08:27:24.284+0000] {logging_mixin.py:190} INFO - [2024-09-09T08:27:24.284+0000] {dag.py:3229} INFO - Sync 1 DAGs
[2024-09-09T08:27:24.301+0000] {logging_mixin.py:190} INFO - [2024-09-09T08:27:24.301+0000] {dag.py:4156} INFO - Setting next_dagrun for latest_only to 2024-09-09 04:00:00+00:00, run_after=2024-09-09 08:00:00+00:00
[2024-09-09T08:27:24.318+0000] {processor.py:208} INFO - Processing /home/airflow/.local/lib/python3.12/site-packages/airflow/example_dags/example_latest_only.py took 0.065 seconds
[2024-09-09T08:27:54.506+0000] {processor.py:186} INFO - Started process (PID=13579) to work on /home/airflow/.local/lib/python3.12/site-packages/airflow/example_dags/example_latest_only.py
[2024-09-09T08:27:54.507+0000] {processor.py:914} INFO - Processing file /home/airflow/.local/lib/python3.12/site-packages/airflow/example_dags/example_latest_only.py for tasks to queue
[2024-09-09T08:27:54.511+0000] {logging_mixin.py:190} INFO - [2024-09-09T08:27:54.510+0000] {dagbag.py:587} INFO - Filling up the DagBag from /home/airflow/.local/lib/python3.12/site-packages/airflow/example_dags/example_latest_only.py
[2024-09-09T08:27:54.519+0000] {processor.py:925} INFO - DAG(s) 'latest_only' retrieved from /home/airflow/.local/lib/python3.12/site-packages/airflow/example_dags/example_latest_only.py
[2024-09-09T08:27:54.536+0000] {logging_mixin.py:190} INFO - [2024-09-09T08:27:54.536+0000] {dag.py:3229} INFO - Sync 1 DAGs
[2024-09-09T08:27:54.558+0000] {logging_mixin.py:190} INFO - [2024-09-09T08:27:54.558+0000] {dag.py:4156} INFO - Setting next_dagrun for latest_only to 2024-09-09 04:00:00+00:00, run_after=2024-09-09 08:00:00+00:00
[2024-09-09T08:27:54.581+0000] {processor.py:208} INFO - Processing /home/airflow/.local/lib/python3.12/site-packages/airflow/example_dags/example_latest_only.py took 0.081 seconds
[2024-09-09T08:28:27.379+0000] {processor.py:186} INFO - Started process (PID=13867) to work on /home/airflow/.local/lib/python3.12/site-packages/airflow/example_dags/example_latest_only.py
[2024-09-09T08:28:27.380+0000] {processor.py:914} INFO - Processing file /home/airflow/.local/lib/python3.12/site-packages/airflow/example_dags/example_latest_only.py for tasks to queue
[2024-09-09T08:28:27.383+0000] {logging_mixin.py:190} INFO - [2024-09-09T08:28:27.382+0000] {dagbag.py:587} INFO - Filling up the DagBag from /home/airflow/.local/lib/python3.12/site-packages/airflow/example_dags/example_latest_only.py
[2024-09-09T08:28:27.391+0000] {processor.py:925} INFO - DAG(s) 'latest_only' retrieved from /home/airflow/.local/lib/python3.12/site-packages/airflow/example_dags/example_latest_only.py
[2024-09-09T08:28:27.412+0000] {logging_mixin.py:190} INFO - [2024-09-09T08:28:27.412+0000] {dag.py:3229} INFO - Sync 1 DAGs
[2024-09-09T08:28:27.441+0000] {logging_mixin.py:190} INFO - [2024-09-09T08:28:27.440+0000] {dag.py:4156} INFO - Setting next_dagrun for latest_only to 2024-09-09 04:00:00+00:00, run_after=2024-09-09 08:00:00+00:00
[2024-09-09T08:28:27.472+0000] {processor.py:208} INFO - Processing /home/airflow/.local/lib/python3.12/site-packages/airflow/example_dags/example_latest_only.py took 0.102 seconds
[2024-09-09T08:28:58.568+0000] {processor.py:186} INFO - Started process (PID=14151) to work on /home/airflow/.local/lib/python3.12/site-packages/airflow/example_dags/example_latest_only.py
[2024-09-09T08:28:58.569+0000] {processor.py:914} INFO - Processing file /home/airflow/.local/lib/python3.12/site-packages/airflow/example_dags/example_latest_only.py for tasks to queue
[2024-09-09T08:28:58.573+0000] {logging_mixin.py:190} INFO - [2024-09-09T08:28:58.573+0000] {dagbag.py:587} INFO - Filling up the DagBag from /home/airflow/.local/lib/python3.12/site-packages/airflow/example_dags/example_latest_only.py
[2024-09-09T08:28:58.586+0000] {processor.py:925} INFO - DAG(s) 'latest_only' retrieved from /home/airflow/.local/lib/python3.12/site-packages/airflow/example_dags/example_latest_only.py
[2024-09-09T08:28:58.614+0000] {logging_mixin.py:190} INFO - [2024-09-09T08:28:58.613+0000] {dag.py:3229} INFO - Sync 1 DAGs
[2024-09-09T08:28:58.668+0000] {logging_mixin.py:190} INFO - [2024-09-09T08:28:58.668+0000] {dag.py:4156} INFO - Setting next_dagrun for latest_only to 2024-09-09 04:00:00+00:00, run_after=2024-09-09 08:00:00+00:00
[2024-09-09T08:28:58.704+0000] {processor.py:208} INFO - Processing /home/airflow/.local/lib/python3.12/site-packages/airflow/example_dags/example_latest_only.py took 0.148 seconds
[2024-09-09T08:29:29.568+0000] {processor.py:186} INFO - Started process (PID=14437) to work on /home/airflow/.local/lib/python3.12/site-packages/airflow/example_dags/example_latest_only.py
[2024-09-09T08:29:29.569+0000] {processor.py:914} INFO - Processing file /home/airflow/.local/lib/python3.12/site-packages/airflow/example_dags/example_latest_only.py for tasks to queue
[2024-09-09T08:29:29.573+0000] {logging_mixin.py:190} INFO - [2024-09-09T08:29:29.573+0000] {dagbag.py:587} INFO - Filling up the DagBag from /home/airflow/.local/lib/python3.12/site-packages/airflow/example_dags/example_latest_only.py
[2024-09-09T08:29:29.585+0000] {processor.py:925} INFO - DAG(s) 'latest_only' retrieved from /home/airflow/.local/lib/python3.12/site-packages/airflow/example_dags/example_latest_only.py
[2024-09-09T08:29:29.615+0000] {logging_mixin.py:190} INFO - [2024-09-09T08:29:29.615+0000] {dag.py:3229} INFO - Sync 1 DAGs
[2024-09-09T08:29:29.663+0000] {logging_mixin.py:190} INFO - [2024-09-09T08:29:29.663+0000] {dag.py:4156} INFO - Setting next_dagrun for latest_only to 2024-09-09 04:00:00+00:00, run_after=2024-09-09 08:00:00+00:00
[2024-09-09T08:29:29.705+0000] {processor.py:208} INFO - Processing /home/airflow/.local/lib/python3.12/site-packages/airflow/example_dags/example_latest_only.py took 0.145 seconds
[2024-09-09T08:30:00.281+0000] {processor.py:186} INFO - Started process (PID=14725) to work on /home/airflow/.local/lib/python3.12/site-packages/airflow/example_dags/example_latest_only.py
[2024-09-09T08:30:00.283+0000] {processor.py:914} INFO - Processing file /home/airflow/.local/lib/python3.12/site-packages/airflow/example_dags/example_latest_only.py for tasks to queue
[2024-09-09T08:30:00.291+0000] {logging_mixin.py:190} INFO - [2024-09-09T08:30:00.290+0000] {dagbag.py:587} INFO - Filling up the DagBag from /home/airflow/.local/lib/python3.12/site-packages/airflow/example_dags/example_latest_only.py
[2024-09-09T08:30:00.304+0000] {processor.py:925} INFO - DAG(s) 'latest_only' retrieved from /home/airflow/.local/lib/python3.12/site-packages/airflow/example_dags/example_latest_only.py
[2024-09-09T08:30:00.349+0000] {logging_mixin.py:190} INFO - [2024-09-09T08:30:00.349+0000] {dag.py:3229} INFO - Sync 1 DAGs
[2024-09-09T08:30:00.399+0000] {logging_mixin.py:190} INFO - [2024-09-09T08:30:00.398+0000] {dag.py:4156} INFO - Setting next_dagrun for latest_only to 2024-09-09 04:00:00+00:00, run_after=2024-09-09 08:00:00+00:00
[2024-09-09T08:30:00.437+0000] {processor.py:208} INFO - Processing /home/airflow/.local/lib/python3.12/site-packages/airflow/example_dags/example_latest_only.py took 0.165 seconds
[2024-09-09T08:30:30.672+0000] {processor.py:186} INFO - Started process (PID=15009) to work on /home/airflow/.local/lib/python3.12/site-packages/airflow/example_dags/example_latest_only.py
[2024-09-09T08:30:30.674+0000] {processor.py:914} INFO - Processing file /home/airflow/.local/lib/python3.12/site-packages/airflow/example_dags/example_latest_only.py for tasks to queue
[2024-09-09T08:30:30.677+0000] {logging_mixin.py:190} INFO - [2024-09-09T08:30:30.676+0000] {dagbag.py:587} INFO - Filling up the DagBag from /home/airflow/.local/lib/python3.12/site-packages/airflow/example_dags/example_latest_only.py
[2024-09-09T08:30:30.687+0000] {processor.py:925} INFO - DAG(s) 'latest_only' retrieved from /home/airflow/.local/lib/python3.12/site-packages/airflow/example_dags/example_latest_only.py
[2024-09-09T08:30:30.709+0000] {logging_mixin.py:190} INFO - [2024-09-09T08:30:30.708+0000] {dag.py:3229} INFO - Sync 1 DAGs
[2024-09-09T08:30:30.734+0000] {logging_mixin.py:190} INFO - [2024-09-09T08:30:30.734+0000] {dag.py:4156} INFO - Setting next_dagrun for latest_only to 2024-09-09 04:00:00+00:00, run_after=2024-09-09 08:00:00+00:00
[2024-09-09T08:30:30.758+0000] {processor.py:208} INFO - Processing /home/airflow/.local/lib/python3.12/site-packages/airflow/example_dags/example_latest_only.py took 0.094 seconds
[2024-09-09T08:31:01.407+0000] {processor.py:186} INFO - Started process (PID=15295) to work on /home/airflow/.local/lib/python3.12/site-packages/airflow/example_dags/example_latest_only.py
[2024-09-09T08:31:01.409+0000] {processor.py:914} INFO - Processing file /home/airflow/.local/lib/python3.12/site-packages/airflow/example_dags/example_latest_only.py for tasks to queue
[2024-09-09T08:31:01.412+0000] {logging_mixin.py:190} INFO - [2024-09-09T08:31:01.411+0000] {dagbag.py:587} INFO - Filling up the DagBag from /home/airflow/.local/lib/python3.12/site-packages/airflow/example_dags/example_latest_only.py
[2024-09-09T08:31:01.422+0000] {processor.py:925} INFO - DAG(s) 'latest_only' retrieved from /home/airflow/.local/lib/python3.12/site-packages/airflow/example_dags/example_latest_only.py
[2024-09-09T08:31:01.443+0000] {logging_mixin.py:190} INFO - [2024-09-09T08:31:01.443+0000] {dag.py:3229} INFO - Sync 1 DAGs
[2024-09-09T08:31:01.469+0000] {logging_mixin.py:190} INFO - [2024-09-09T08:31:01.469+0000] {dag.py:4156} INFO - Setting next_dagrun for latest_only to 2024-09-09 04:00:00+00:00, run_after=2024-09-09 08:00:00+00:00
[2024-09-09T08:31:01.492+0000] {processor.py:208} INFO - Processing /home/airflow/.local/lib/python3.12/site-packages/airflow/example_dags/example_latest_only.py took 0.092 seconds
[2024-09-09T08:31:33.406+0000] {processor.py:186} INFO - Started process (PID=15581) to work on /home/airflow/.local/lib/python3.12/site-packages/airflow/example_dags/example_latest_only.py
[2024-09-09T08:31:33.407+0000] {processor.py:914} INFO - Processing file /home/airflow/.local/lib/python3.12/site-packages/airflow/example_dags/example_latest_only.py for tasks to queue
[2024-09-09T08:31:33.410+0000] {logging_mixin.py:190} INFO - [2024-09-09T08:31:33.409+0000] {dagbag.py:587} INFO - Filling up the DagBag from /home/airflow/.local/lib/python3.12/site-packages/airflow/example_dags/example_latest_only.py
[2024-09-09T08:31:33.417+0000] {processor.py:925} INFO - DAG(s) 'latest_only' retrieved from /home/airflow/.local/lib/python3.12/site-packages/airflow/example_dags/example_latest_only.py
[2024-09-09T08:31:33.439+0000] {logging_mixin.py:190} INFO - [2024-09-09T08:31:33.439+0000] {dag.py:3229} INFO - Sync 1 DAGs
[2024-09-09T08:31:33.465+0000] {logging_mixin.py:190} INFO - [2024-09-09T08:31:33.465+0000] {dag.py:4156} INFO - Setting next_dagrun for latest_only to 2024-09-09 04:00:00+00:00, run_after=2024-09-09 08:00:00+00:00
[2024-09-09T08:31:33.488+0000] {processor.py:208} INFO - Processing /home/airflow/.local/lib/python3.12/site-packages/airflow/example_dags/example_latest_only.py took 0.088 seconds
[2024-09-09T08:32:04.879+0000] {processor.py:186} INFO - Started process (PID=15867) to work on /home/airflow/.local/lib/python3.12/site-packages/airflow/example_dags/example_latest_only.py
[2024-09-09T08:32:04.880+0000] {processor.py:914} INFO - Processing file /home/airflow/.local/lib/python3.12/site-packages/airflow/example_dags/example_latest_only.py for tasks to queue
[2024-09-09T08:32:04.883+0000] {logging_mixin.py:190} INFO - [2024-09-09T08:32:04.883+0000] {dagbag.py:587} INFO - Filling up the DagBag from /home/airflow/.local/lib/python3.12/site-packages/airflow/example_dags/example_latest_only.py
[2024-09-09T08:32:04.891+0000] {processor.py:925} INFO - DAG(s) 'latest_only' retrieved from /home/airflow/.local/lib/python3.12/site-packages/airflow/example_dags/example_latest_only.py
[2024-09-09T08:32:04.916+0000] {logging_mixin.py:190} INFO - [2024-09-09T08:32:04.915+0000] {dag.py:3229} INFO - Sync 1 DAGs
[2024-09-09T08:32:05.133+0000] {logging_mixin.py:190} INFO - [2024-09-09T08:32:05.133+0000] {dag.py:4156} INFO - Setting next_dagrun for latest_only to 2024-09-09 04:00:00+00:00, run_after=2024-09-09 08:00:00+00:00
[2024-09-09T08:32:05.155+0000] {processor.py:208} INFO - Processing /home/airflow/.local/lib/python3.12/site-packages/airflow/example_dags/example_latest_only.py took 0.282 seconds
[2024-09-09T08:32:37.119+0000] {processor.py:186} INFO - Started process (PID=16153) to work on /home/airflow/.local/lib/python3.12/site-packages/airflow/example_dags/example_latest_only.py
[2024-09-09T08:32:37.121+0000] {processor.py:914} INFO - Processing file /home/airflow/.local/lib/python3.12/site-packages/airflow/example_dags/example_latest_only.py for tasks to queue
[2024-09-09T08:32:37.126+0000] {logging_mixin.py:190} INFO - [2024-09-09T08:32:37.125+0000] {dagbag.py:587} INFO - Filling up the DagBag from /home/airflow/.local/lib/python3.12/site-packages/airflow/example_dags/example_latest_only.py
[2024-09-09T08:32:37.137+0000] {processor.py:925} INFO - DAG(s) 'latest_only' retrieved from /home/airflow/.local/lib/python3.12/site-packages/airflow/example_dags/example_latest_only.py
[2024-09-09T08:32:37.172+0000] {logging_mixin.py:190} INFO - [2024-09-09T08:32:37.172+0000] {dag.py:3229} INFO - Sync 1 DAGs
[2024-09-09T08:32:37.482+0000] {logging_mixin.py:190} INFO - [2024-09-09T08:32:37.481+0000] {dag.py:4156} INFO - Setting next_dagrun for latest_only to 2024-09-09 04:00:00+00:00, run_after=2024-09-09 08:00:00+00:00
[2024-09-09T08:32:37.514+0000] {processor.py:208} INFO - Processing /home/airflow/.local/lib/python3.12/site-packages/airflow/example_dags/example_latest_only.py took 0.406 seconds
[2024-09-09T08:33:07.871+0000] {processor.py:186} INFO - Started process (PID=16440) to work on /home/airflow/.local/lib/python3.12/site-packages/airflow/example_dags/example_latest_only.py
[2024-09-09T08:33:07.874+0000] {processor.py:914} INFO - Processing file /home/airflow/.local/lib/python3.12/site-packages/airflow/example_dags/example_latest_only.py for tasks to queue
[2024-09-09T08:33:07.878+0000] {logging_mixin.py:190} INFO - [2024-09-09T08:33:07.877+0000] {dagbag.py:587} INFO - Filling up the DagBag from /home/airflow/.local/lib/python3.12/site-packages/airflow/example_dags/example_latest_only.py
[2024-09-09T08:33:07.887+0000] {processor.py:925} INFO - DAG(s) 'latest_only' retrieved from /home/airflow/.local/lib/python3.12/site-packages/airflow/example_dags/example_latest_only.py
[2024-09-09T08:33:07.912+0000] {logging_mixin.py:190} INFO - [2024-09-09T08:33:07.912+0000] {dag.py:3229} INFO - Sync 1 DAGs
[2024-09-09T08:33:07.946+0000] {logging_mixin.py:190} INFO - [2024-09-09T08:33:07.946+0000] {dag.py:4156} INFO - Setting next_dagrun for latest_only to 2024-09-09 04:00:00+00:00, run_after=2024-09-09 08:00:00+00:00
[2024-09-09T08:33:08.208+0000] {processor.py:208} INFO - Processing /home/airflow/.local/lib/python3.12/site-packages/airflow/example_dags/example_latest_only.py took 0.343 seconds
[2024-09-09T08:33:38.433+0000] {processor.py:186} INFO - Started process (PID=16726) to work on /home/airflow/.local/lib/python3.12/site-packages/airflow/example_dags/example_latest_only.py
[2024-09-09T08:33:38.433+0000] {processor.py:914} INFO - Processing file /home/airflow/.local/lib/python3.12/site-packages/airflow/example_dags/example_latest_only.py for tasks to queue
[2024-09-09T08:33:38.435+0000] {logging_mixin.py:190} INFO - [2024-09-09T08:33:38.435+0000] {dagbag.py:587} INFO - Filling up the DagBag from /home/airflow/.local/lib/python3.12/site-packages/airflow/example_dags/example_latest_only.py
[2024-09-09T08:33:38.441+0000] {processor.py:925} INFO - DAG(s) 'latest_only' retrieved from /home/airflow/.local/lib/python3.12/site-packages/airflow/example_dags/example_latest_only.py
[2024-09-09T08:33:38.459+0000] {logging_mixin.py:190} INFO - [2024-09-09T08:33:38.459+0000] {dag.py:3229} INFO - Sync 1 DAGs
[2024-09-09T08:33:38.478+0000] {logging_mixin.py:190} INFO - [2024-09-09T08:33:38.478+0000] {dag.py:4156} INFO - Setting next_dagrun for latest_only to 2024-09-09 04:00:00+00:00, run_after=2024-09-09 08:00:00+00:00
[2024-09-09T08:33:38.507+0000] {processor.py:208} INFO - Processing /home/airflow/.local/lib/python3.12/site-packages/airflow/example_dags/example_latest_only.py took 0.080 seconds
[2024-09-09T08:34:09.112+0000] {processor.py:186} INFO - Started process (PID=17010) to work on /home/airflow/.local/lib/python3.12/site-packages/airflow/example_dags/example_latest_only.py
[2024-09-09T08:34:09.114+0000] {processor.py:914} INFO - Processing file /home/airflow/.local/lib/python3.12/site-packages/airflow/example_dags/example_latest_only.py for tasks to queue
[2024-09-09T08:34:09.118+0000] {logging_mixin.py:190} INFO - [2024-09-09T08:34:09.117+0000] {dagbag.py:587} INFO - Filling up the DagBag from /home/airflow/.local/lib/python3.12/site-packages/airflow/example_dags/example_latest_only.py
[2024-09-09T08:34:09.126+0000] {processor.py:925} INFO - DAG(s) 'latest_only' retrieved from /home/airflow/.local/lib/python3.12/site-packages/airflow/example_dags/example_latest_only.py
[2024-09-09T08:34:09.150+0000] {logging_mixin.py:190} INFO - [2024-09-09T08:34:09.150+0000] {dag.py:3229} INFO - Sync 1 DAGs
[2024-09-09T08:34:09.185+0000] {logging_mixin.py:190} INFO - [2024-09-09T08:34:09.184+0000] {dag.py:4156} INFO - Setting next_dagrun for latest_only to 2024-09-09 04:00:00+00:00, run_after=2024-09-09 08:00:00+00:00
[2024-09-09T08:34:09.211+0000] {processor.py:208} INFO - Processing /home/airflow/.local/lib/python3.12/site-packages/airflow/example_dags/example_latest_only.py took 0.106 seconds
[2024-09-09T08:34:39.894+0000] {processor.py:186} INFO - Started process (PID=17296) to work on /home/airflow/.local/lib/python3.12/site-packages/airflow/example_dags/example_latest_only.py
[2024-09-09T08:34:39.896+0000] {processor.py:914} INFO - Processing file /home/airflow/.local/lib/python3.12/site-packages/airflow/example_dags/example_latest_only.py for tasks to queue
[2024-09-09T08:34:39.898+0000] {logging_mixin.py:190} INFO - [2024-09-09T08:34:39.898+0000] {dagbag.py:587} INFO - Filling up the DagBag from /home/airflow/.local/lib/python3.12/site-packages/airflow/example_dags/example_latest_only.py
[2024-09-09T08:34:39.905+0000] {processor.py:925} INFO - DAG(s) 'latest_only' retrieved from /home/airflow/.local/lib/python3.12/site-packages/airflow/example_dags/example_latest_only.py
[2024-09-09T08:34:39.933+0000] {logging_mixin.py:190} INFO - [2024-09-09T08:34:39.933+0000] {dag.py:3229} INFO - Sync 1 DAGs
[2024-09-09T08:34:39.962+0000] {logging_mixin.py:190} INFO - [2024-09-09T08:34:39.962+0000] {dag.py:4156} INFO - Setting next_dagrun for latest_only to 2024-09-09 04:00:00+00:00, run_after=2024-09-09 08:00:00+00:00
[2024-09-09T08:34:39.982+0000] {processor.py:208} INFO - Processing /home/airflow/.local/lib/python3.12/site-packages/airflow/example_dags/example_latest_only.py took 0.093 seconds
[2024-09-09T08:35:10.774+0000] {processor.py:186} INFO - Started process (PID=17584) to work on /home/airflow/.local/lib/python3.12/site-packages/airflow/example_dags/example_latest_only.py
[2024-09-09T08:35:10.775+0000] {processor.py:914} INFO - Processing file /home/airflow/.local/lib/python3.12/site-packages/airflow/example_dags/example_latest_only.py for tasks to queue
[2024-09-09T08:35:10.777+0000] {logging_mixin.py:190} INFO - [2024-09-09T08:35:10.777+0000] {dagbag.py:587} INFO - Filling up the DagBag from /home/airflow/.local/lib/python3.12/site-packages/airflow/example_dags/example_latest_only.py
[2024-09-09T08:35:10.785+0000] {processor.py:925} INFO - DAG(s) 'latest_only' retrieved from /home/airflow/.local/lib/python3.12/site-packages/airflow/example_dags/example_latest_only.py
[2024-09-09T08:35:10.804+0000] {logging_mixin.py:190} INFO - [2024-09-09T08:35:10.804+0000] {dag.py:3229} INFO - Sync 1 DAGs
[2024-09-09T08:35:10.827+0000] {logging_mixin.py:190} INFO - [2024-09-09T08:35:10.827+0000] {dag.py:4156} INFO - Setting next_dagrun for latest_only to 2024-09-09 04:00:00+00:00, run_after=2024-09-09 08:00:00+00:00
[2024-09-09T08:35:10.848+0000] {processor.py:208} INFO - Processing /home/airflow/.local/lib/python3.12/site-packages/airflow/example_dags/example_latest_only.py took 0.080 seconds
[2024-09-09T08:35:41.232+0000] {processor.py:186} INFO - Started process (PID=17875) to work on /home/airflow/.local/lib/python3.12/site-packages/airflow/example_dags/example_latest_only.py
[2024-09-09T08:35:41.234+0000] {processor.py:914} INFO - Processing file /home/airflow/.local/lib/python3.12/site-packages/airflow/example_dags/example_latest_only.py for tasks to queue
[2024-09-09T08:35:41.236+0000] {logging_mixin.py:190} INFO - [2024-09-09T08:35:41.236+0000] {dagbag.py:587} INFO - Filling up the DagBag from /home/airflow/.local/lib/python3.12/site-packages/airflow/example_dags/example_latest_only.py
[2024-09-09T08:35:41.244+0000] {processor.py:925} INFO - DAG(s) 'latest_only' retrieved from /home/airflow/.local/lib/python3.12/site-packages/airflow/example_dags/example_latest_only.py
[2024-09-09T08:35:41.262+0000] {logging_mixin.py:190} INFO - [2024-09-09T08:35:41.262+0000] {dag.py:3229} INFO - Sync 1 DAGs
[2024-09-09T08:35:41.287+0000] {logging_mixin.py:190} INFO - [2024-09-09T08:35:41.287+0000] {dag.py:4156} INFO - Setting next_dagrun for latest_only to 2024-09-09 04:00:00+00:00, run_after=2024-09-09 08:00:00+00:00
[2024-09-09T08:35:41.307+0000] {processor.py:208} INFO - Processing /home/airflow/.local/lib/python3.12/site-packages/airflow/example_dags/example_latest_only.py took 0.082 seconds
[2024-09-09T08:36:12.036+0000] {processor.py:186} INFO - Started process (PID=18161) to work on /home/airflow/.local/lib/python3.12/site-packages/airflow/example_dags/example_latest_only.py
[2024-09-09T08:36:12.038+0000] {processor.py:914} INFO - Processing file /home/airflow/.local/lib/python3.12/site-packages/airflow/example_dags/example_latest_only.py for tasks to queue
[2024-09-09T08:36:12.042+0000] {logging_mixin.py:190} INFO - [2024-09-09T08:36:12.041+0000] {dagbag.py:587} INFO - Filling up the DagBag from /home/airflow/.local/lib/python3.12/site-packages/airflow/example_dags/example_latest_only.py
[2024-09-09T08:36:12.057+0000] {processor.py:925} INFO - DAG(s) 'latest_only' retrieved from /home/airflow/.local/lib/python3.12/site-packages/airflow/example_dags/example_latest_only.py
[2024-09-09T08:36:12.084+0000] {logging_mixin.py:190} INFO - [2024-09-09T08:36:12.084+0000] {dag.py:3229} INFO - Sync 1 DAGs
[2024-09-09T08:36:12.125+0000] {logging_mixin.py:190} INFO - [2024-09-09T08:36:12.124+0000] {dag.py:4156} INFO - Setting next_dagrun for latest_only to 2024-09-09 04:00:00+00:00, run_after=2024-09-09 08:00:00+00:00
[2024-09-09T08:36:12.161+0000] {processor.py:208} INFO - Processing /home/airflow/.local/lib/python3.12/site-packages/airflow/example_dags/example_latest_only.py took 0.131 seconds
[2024-09-09T08:36:42.289+0000] {processor.py:186} INFO - Started process (PID=18440) to work on /home/airflow/.local/lib/python3.12/site-packages/airflow/example_dags/example_latest_only.py
[2024-09-09T08:36:42.290+0000] {processor.py:914} INFO - Processing file /home/airflow/.local/lib/python3.12/site-packages/airflow/example_dags/example_latest_only.py for tasks to queue
[2024-09-09T08:36:42.293+0000] {logging_mixin.py:190} INFO - [2024-09-09T08:36:42.292+0000] {dagbag.py:587} INFO - Filling up the DagBag from /home/airflow/.local/lib/python3.12/site-packages/airflow/example_dags/example_latest_only.py
[2024-09-09T08:36:42.300+0000] {processor.py:925} INFO - DAG(s) 'latest_only' retrieved from /home/airflow/.local/lib/python3.12/site-packages/airflow/example_dags/example_latest_only.py
[2024-09-09T08:36:42.323+0000] {logging_mixin.py:190} INFO - [2024-09-09T08:36:42.323+0000] {dag.py:3229} INFO - Sync 1 DAGs
[2024-09-09T08:36:42.350+0000] {logging_mixin.py:190} INFO - [2024-09-09T08:36:42.349+0000] {dag.py:4156} INFO - Setting next_dagrun for latest_only to 2024-09-09 04:00:00+00:00, run_after=2024-09-09 08:00:00+00:00
[2024-09-09T08:36:42.370+0000] {processor.py:208} INFO - Processing /home/airflow/.local/lib/python3.12/site-packages/airflow/example_dags/example_latest_only.py took 0.088 seconds
[2024-09-09T08:37:13.527+0000] {processor.py:186} INFO - Started process (PID=18732) to work on /home/airflow/.local/lib/python3.12/site-packages/airflow/example_dags/example_latest_only.py
[2024-09-09T08:37:13.528+0000] {processor.py:914} INFO - Processing file /home/airflow/.local/lib/python3.12/site-packages/airflow/example_dags/example_latest_only.py for tasks to queue
[2024-09-09T08:37:13.531+0000] {logging_mixin.py:190} INFO - [2024-09-09T08:37:13.530+0000] {dagbag.py:587} INFO - Filling up the DagBag from /home/airflow/.local/lib/python3.12/site-packages/airflow/example_dags/example_latest_only.py
[2024-09-09T08:37:13.541+0000] {processor.py:925} INFO - DAG(s) 'latest_only' retrieved from /home/airflow/.local/lib/python3.12/site-packages/airflow/example_dags/example_latest_only.py
[2024-09-09T08:37:13.563+0000] {logging_mixin.py:190} INFO - [2024-09-09T08:37:13.563+0000] {dag.py:3229} INFO - Sync 1 DAGs
[2024-09-09T08:37:13.598+0000] {logging_mixin.py:190} INFO - [2024-09-09T08:37:13.598+0000] {dag.py:4156} INFO - Setting next_dagrun for latest_only to 2024-09-09 04:00:00+00:00, run_after=2024-09-09 08:00:00+00:00
[2024-09-09T08:37:13.623+0000] {processor.py:208} INFO - Processing /home/airflow/.local/lib/python3.12/site-packages/airflow/example_dags/example_latest_only.py took 0.105 seconds
[2024-09-09T08:37:44.072+0000] {processor.py:186} INFO - Started process (PID=19018) to work on /home/airflow/.local/lib/python3.12/site-packages/airflow/example_dags/example_latest_only.py
[2024-09-09T08:37:44.073+0000] {processor.py:914} INFO - Processing file /home/airflow/.local/lib/python3.12/site-packages/airflow/example_dags/example_latest_only.py for tasks to queue
[2024-09-09T08:37:44.076+0000] {logging_mixin.py:190} INFO - [2024-09-09T08:37:44.076+0000] {dagbag.py:587} INFO - Filling up the DagBag from /home/airflow/.local/lib/python3.12/site-packages/airflow/example_dags/example_latest_only.py
[2024-09-09T08:37:44.085+0000] {processor.py:925} INFO - DAG(s) 'latest_only' retrieved from /home/airflow/.local/lib/python3.12/site-packages/airflow/example_dags/example_latest_only.py
[2024-09-09T08:37:44.111+0000] {logging_mixin.py:190} INFO - [2024-09-09T08:37:44.111+0000] {dag.py:3229} INFO - Sync 1 DAGs
[2024-09-09T08:37:44.137+0000] {logging_mixin.py:190} INFO - [2024-09-09T08:37:44.137+0000] {dag.py:4156} INFO - Setting next_dagrun for latest_only to 2024-09-09 04:00:00+00:00, run_after=2024-09-09 08:00:00+00:00
[2024-09-09T08:37:44.161+0000] {processor.py:208} INFO - Processing /home/airflow/.local/lib/python3.12/site-packages/airflow/example_dags/example_latest_only.py took 0.099 seconds
[2024-09-09T08:38:14.792+0000] {processor.py:186} INFO - Started process (PID=19304) to work on /home/airflow/.local/lib/python3.12/site-packages/airflow/example_dags/example_latest_only.py
[2024-09-09T08:38:14.793+0000] {processor.py:914} INFO - Processing file /home/airflow/.local/lib/python3.12/site-packages/airflow/example_dags/example_latest_only.py for tasks to queue
[2024-09-09T08:38:14.796+0000] {logging_mixin.py:190} INFO - [2024-09-09T08:38:14.795+0000] {dagbag.py:587} INFO - Filling up the DagBag from /home/airflow/.local/lib/python3.12/site-packages/airflow/example_dags/example_latest_only.py
[2024-09-09T08:38:14.804+0000] {processor.py:925} INFO - DAG(s) 'latest_only' retrieved from /home/airflow/.local/lib/python3.12/site-packages/airflow/example_dags/example_latest_only.py
[2024-09-09T08:38:14.824+0000] {logging_mixin.py:190} INFO - [2024-09-09T08:38:14.824+0000] {dag.py:3229} INFO - Sync 1 DAGs
[2024-09-09T08:38:14.859+0000] {logging_mixin.py:190} INFO - [2024-09-09T08:38:14.858+0000] {dag.py:4156} INFO - Setting next_dagrun for latest_only to 2024-09-09 04:00:00+00:00, run_after=2024-09-09 08:00:00+00:00
[2024-09-09T08:38:14.906+0000] {processor.py:208} INFO - Processing /home/airflow/.local/lib/python3.12/site-packages/airflow/example_dags/example_latest_only.py took 0.121 seconds
[2024-09-09T08:38:46.029+0000] {processor.py:186} INFO - Started process (PID=19590) to work on /home/airflow/.local/lib/python3.12/site-packages/airflow/example_dags/example_latest_only.py
[2024-09-09T08:38:46.030+0000] {processor.py:914} INFO - Processing file /home/airflow/.local/lib/python3.12/site-packages/airflow/example_dags/example_latest_only.py for tasks to queue
[2024-09-09T08:38:46.033+0000] {logging_mixin.py:190} INFO - [2024-09-09T08:38:46.033+0000] {dagbag.py:587} INFO - Filling up the DagBag from /home/airflow/.local/lib/python3.12/site-packages/airflow/example_dags/example_latest_only.py
[2024-09-09T08:38:46.044+0000] {processor.py:925} INFO - DAG(s) 'latest_only' retrieved from /home/airflow/.local/lib/python3.12/site-packages/airflow/example_dags/example_latest_only.py
[2024-09-09T08:38:46.071+0000] {logging_mixin.py:190} INFO - [2024-09-09T08:38:46.071+0000] {dag.py:3229} INFO - Sync 1 DAGs
[2024-09-09T08:38:46.105+0000] {logging_mixin.py:190} INFO - [2024-09-09T08:38:46.105+0000] {dag.py:4156} INFO - Setting next_dagrun for latest_only to 2024-09-09 04:00:00+00:00, run_after=2024-09-09 08:00:00+00:00
[2024-09-09T08:38:46.131+0000] {processor.py:208} INFO - Processing /home/airflow/.local/lib/python3.12/site-packages/airflow/example_dags/example_latest_only.py took 0.110 seconds
[2024-09-09T08:39:16.217+0000] {processor.py:186} INFO - Started process (PID=19876) to work on /home/airflow/.local/lib/python3.12/site-packages/airflow/example_dags/example_latest_only.py
[2024-09-09T08:39:16.218+0000] {processor.py:914} INFO - Processing file /home/airflow/.local/lib/python3.12/site-packages/airflow/example_dags/example_latest_only.py for tasks to queue
[2024-09-09T08:39:16.221+0000] {logging_mixin.py:190} INFO - [2024-09-09T08:39:16.221+0000] {dagbag.py:587} INFO - Filling up the DagBag from /home/airflow/.local/lib/python3.12/site-packages/airflow/example_dags/example_latest_only.py
[2024-09-09T08:39:16.231+0000] {processor.py:925} INFO - DAG(s) 'latest_only' retrieved from /home/airflow/.local/lib/python3.12/site-packages/airflow/example_dags/example_latest_only.py
[2024-09-09T08:39:16.261+0000] {logging_mixin.py:190} INFO - [2024-09-09T08:39:16.260+0000] {dag.py:3229} INFO - Sync 1 DAGs
[2024-09-09T08:39:16.293+0000] {logging_mixin.py:190} INFO - [2024-09-09T08:39:16.292+0000] {dag.py:4156} INFO - Setting next_dagrun for latest_only to 2024-09-09 04:00:00+00:00, run_after=2024-09-09 08:00:00+00:00
[2024-09-09T08:39:16.318+0000] {processor.py:208} INFO - Processing /home/airflow/.local/lib/python3.12/site-packages/airflow/example_dags/example_latest_only.py took 0.110 seconds
[2024-09-09T08:39:46.643+0000] {processor.py:186} INFO - Started process (PID=20164) to work on /home/airflow/.local/lib/python3.12/site-packages/airflow/example_dags/example_latest_only.py
[2024-09-09T08:39:46.645+0000] {processor.py:914} INFO - Processing file /home/airflow/.local/lib/python3.12/site-packages/airflow/example_dags/example_latest_only.py for tasks to queue
[2024-09-09T08:39:46.647+0000] {logging_mixin.py:190} INFO - [2024-09-09T08:39:46.647+0000] {dagbag.py:587} INFO - Filling up the DagBag from /home/airflow/.local/lib/python3.12/site-packages/airflow/example_dags/example_latest_only.py
[2024-09-09T08:39:46.655+0000] {processor.py:925} INFO - DAG(s) 'latest_only' retrieved from /home/airflow/.local/lib/python3.12/site-packages/airflow/example_dags/example_latest_only.py
[2024-09-09T08:39:46.677+0000] {logging_mixin.py:190} INFO - [2024-09-09T08:39:46.677+0000] {dag.py:3229} INFO - Sync 1 DAGs
[2024-09-09T08:39:46.705+0000] {logging_mixin.py:190} INFO - [2024-09-09T08:39:46.705+0000] {dag.py:4156} INFO - Setting next_dagrun for latest_only to 2024-09-09 04:00:00+00:00, run_after=2024-09-09 08:00:00+00:00
[2024-09-09T08:39:46.727+0000] {processor.py:208} INFO - Processing /home/airflow/.local/lib/python3.12/site-packages/airflow/example_dags/example_latest_only.py took 0.091 seconds
[2024-09-09T08:40:16.789+0000] {processor.py:186} INFO - Started process (PID=20450) to work on /home/airflow/.local/lib/python3.12/site-packages/airflow/example_dags/example_latest_only.py
[2024-09-09T08:40:16.790+0000] {processor.py:914} INFO - Processing file /home/airflow/.local/lib/python3.12/site-packages/airflow/example_dags/example_latest_only.py for tasks to queue
[2024-09-09T08:40:16.792+0000] {logging_mixin.py:190} INFO - [2024-09-09T08:40:16.792+0000] {dagbag.py:587} INFO - Filling up the DagBag from /home/airflow/.local/lib/python3.12/site-packages/airflow/example_dags/example_latest_only.py
[2024-09-09T08:40:16.798+0000] {processor.py:925} INFO - DAG(s) 'latest_only' retrieved from /home/airflow/.local/lib/python3.12/site-packages/airflow/example_dags/example_latest_only.py
[2024-09-09T08:40:16.818+0000] {logging_mixin.py:190} INFO - [2024-09-09T08:40:16.817+0000] {dag.py:3229} INFO - Sync 1 DAGs
[2024-09-09T08:40:16.839+0000] {logging_mixin.py:190} INFO - [2024-09-09T08:40:16.839+0000] {dag.py:4156} INFO - Setting next_dagrun for latest_only to 2024-09-09 04:00:00+00:00, run_after=2024-09-09 08:00:00+00:00
[2024-09-09T08:40:16.857+0000] {processor.py:208} INFO - Processing /home/airflow/.local/lib/python3.12/site-packages/airflow/example_dags/example_latest_only.py took 0.074 seconds
[2024-09-09T08:40:47.807+0000] {processor.py:186} INFO - Started process (PID=20736) to work on /home/airflow/.local/lib/python3.12/site-packages/airflow/example_dags/example_latest_only.py
[2024-09-09T08:40:47.808+0000] {processor.py:914} INFO - Processing file /home/airflow/.local/lib/python3.12/site-packages/airflow/example_dags/example_latest_only.py for tasks to queue
[2024-09-09T08:40:47.811+0000] {logging_mixin.py:190} INFO - [2024-09-09T08:40:47.810+0000] {dagbag.py:587} INFO - Filling up the DagBag from /home/airflow/.local/lib/python3.12/site-packages/airflow/example_dags/example_latest_only.py
[2024-09-09T08:40:47.818+0000] {processor.py:925} INFO - DAG(s) 'latest_only' retrieved from /home/airflow/.local/lib/python3.12/site-packages/airflow/example_dags/example_latest_only.py
[2024-09-09T08:40:47.838+0000] {logging_mixin.py:190} INFO - [2024-09-09T08:40:47.838+0000] {dag.py:3229} INFO - Sync 1 DAGs
[2024-09-09T08:40:47.867+0000] {logging_mixin.py:190} INFO - [2024-09-09T08:40:47.866+0000] {dag.py:4156} INFO - Setting next_dagrun for latest_only to 2024-09-09 04:00:00+00:00, run_after=2024-09-09 08:00:00+00:00
[2024-09-09T08:40:47.891+0000] {processor.py:208} INFO - Processing /home/airflow/.local/lib/python3.12/site-packages/airflow/example_dags/example_latest_only.py took 0.091 seconds
[2024-09-09T08:41:18.124+0000] {processor.py:186} INFO - Started process (PID=21021) to work on /home/airflow/.local/lib/python3.12/site-packages/airflow/example_dags/example_latest_only.py
[2024-09-09T08:41:18.126+0000] {processor.py:914} INFO - Processing file /home/airflow/.local/lib/python3.12/site-packages/airflow/example_dags/example_latest_only.py for tasks to queue
[2024-09-09T08:41:18.129+0000] {logging_mixin.py:190} INFO - [2024-09-09T08:41:18.128+0000] {dagbag.py:587} INFO - Filling up the DagBag from /home/airflow/.local/lib/python3.12/site-packages/airflow/example_dags/example_latest_only.py
[2024-09-09T08:41:18.137+0000] {processor.py:925} INFO - DAG(s) 'latest_only' retrieved from /home/airflow/.local/lib/python3.12/site-packages/airflow/example_dags/example_latest_only.py
[2024-09-09T08:41:18.161+0000] {logging_mixin.py:190} INFO - [2024-09-09T08:41:18.160+0000] {dag.py:3229} INFO - Sync 1 DAGs
[2024-09-09T08:41:18.194+0000] {logging_mixin.py:190} INFO - [2024-09-09T08:41:18.194+0000] {dag.py:4156} INFO - Setting next_dagrun for latest_only to 2024-09-09 04:00:00+00:00, run_after=2024-09-09 08:00:00+00:00
[2024-09-09T08:41:18.220+0000] {processor.py:208} INFO - Processing /home/airflow/.local/lib/python3.12/site-packages/airflow/example_dags/example_latest_only.py took 0.102 seconds
