[2024-09-09T08:04:23.358+0000] {processor.py:186} INFO - Started process (PID=360) to work on /home/airflow/.local/lib/python3.12/site-packages/airflow/example_dags/example_params_trigger_ui.py
[2024-09-09T08:04:23.359+0000] {processor.py:914} INFO - Processing file /home/airflow/.local/lib/python3.12/site-packages/airflow/example_dags/example_params_trigger_ui.py for tasks to queue
[2024-09-09T08:04:23.363+0000] {logging_mixin.py:190} INFO - [2024-09-09T08:04:23.362+0000] {dagbag.py:587} INFO - Filling up the DagBag from /home/airflow/.local/lib/python3.12/site-packages/airflow/example_dags/example_params_trigger_ui.py
[2024-09-09T08:04:23.380+0000] {processor.py:925} INFO - DAG(s) 'example_params_trigger_ui' retrieved from /home/airflow/.local/lib/python3.12/site-packages/airflow/example_dags/example_params_trigger_ui.py
[2024-09-09T08:04:23.599+0000] {logging_mixin.py:190} INFO - [2024-09-09T08:04:23.597+0000] {override.py:1900} INFO - Created Permission View: can edit on DAG:example_params_trigger_ui
[2024-09-09T08:04:23.615+0000] {logging_mixin.py:190} INFO - [2024-09-09T08:04:23.615+0000] {override.py:1900} INFO - Created Permission View: can delete on DAG:example_params_trigger_ui
[2024-09-09T08:04:23.626+0000] {logging_mixin.py:190} INFO - [2024-09-09T08:04:23.626+0000] {override.py:1900} INFO - Created Permission View: can read on DAG:example_params_trigger_ui
[2024-09-09T08:04:23.642+0000] {logging_mixin.py:190} INFO - [2024-09-09T08:04:23.641+0000] {override.py:1900} INFO - Created Permission View: can create on DAG Run:example_params_trigger_ui
[2024-09-09T08:04:23.652+0000] {logging_mixin.py:190} INFO - [2024-09-09T08:04:23.651+0000] {override.py:1900} INFO - Created Permission View: can delete on DAG Run:example_params_trigger_ui
[2024-09-09T08:04:23.662+0000] {logging_mixin.py:190} INFO - [2024-09-09T08:04:23.661+0000] {override.py:1900} INFO - Created Permission View: menu access on DAG Run:example_params_trigger_ui
[2024-09-09T08:04:23.671+0000] {logging_mixin.py:190} INFO - [2024-09-09T08:04:23.670+0000] {override.py:1900} INFO - Created Permission View: can read on DAG Run:example_params_trigger_ui
[2024-09-09T08:04:23.672+0000] {logging_mixin.py:190} INFO - [2024-09-09T08:04:23.671+0000] {dag.py:3229} INFO - Sync 1 DAGs
[2024-09-09T08:04:23.687+0000] {logging_mixin.py:190} INFO - [2024-09-09T08:04:23.686+0000] {dag.py:3252} INFO - Creating ORM DAG for example_params_trigger_ui
[2024-09-09T08:04:23.688+0000] {logging_mixin.py:190} INFO - [2024-09-09T08:04:23.687+0000] {dag.py:4156} INFO - Setting next_dagrun for example_params_trigger_ui to None, run_after=None
[2024-09-09T08:04:23.712+0000] {processor.py:208} INFO - Processing /home/airflow/.local/lib/python3.12/site-packages/airflow/example_dags/example_params_trigger_ui.py took 0.362 seconds
[2024-09-09T08:04:53.842+0000] {processor.py:186} INFO - Started process (PID=641) to work on /home/airflow/.local/lib/python3.12/site-packages/airflow/example_dags/example_params_trigger_ui.py
[2024-09-09T08:04:53.844+0000] {processor.py:914} INFO - Processing file /home/airflow/.local/lib/python3.12/site-packages/airflow/example_dags/example_params_trigger_ui.py for tasks to queue
[2024-09-09T08:04:53.847+0000] {logging_mixin.py:190} INFO - [2024-09-09T08:04:53.847+0000] {dagbag.py:587} INFO - Filling up the DagBag from /home/airflow/.local/lib/python3.12/site-packages/airflow/example_dags/example_params_trigger_ui.py
[2024-09-09T08:04:53.866+0000] {processor.py:925} INFO - DAG(s) 'example_params_trigger_ui' retrieved from /home/airflow/.local/lib/python3.12/site-packages/airflow/example_dags/example_params_trigger_ui.py
[2024-09-09T08:04:54.005+0000] {logging_mixin.py:190} INFO - [2024-09-09T08:04:54.004+0000] {dag.py:3229} INFO - Sync 1 DAGs
[2024-09-09T08:04:54.033+0000] {logging_mixin.py:190} INFO - [2024-09-09T08:04:54.032+0000] {dag.py:4156} INFO - Setting next_dagrun for example_params_trigger_ui to None, run_after=None
[2024-09-09T08:04:54.064+0000] {processor.py:208} INFO - Processing /home/airflow/.local/lib/python3.12/site-packages/airflow/example_dags/example_params_trigger_ui.py took 0.230 seconds
[2024-09-09T08:05:24.312+0000] {processor.py:186} INFO - Started process (PID=927) to work on /home/airflow/.local/lib/python3.12/site-packages/airflow/example_dags/example_params_trigger_ui.py
[2024-09-09T08:05:24.314+0000] {processor.py:914} INFO - Processing file /home/airflow/.local/lib/python3.12/site-packages/airflow/example_dags/example_params_trigger_ui.py for tasks to queue
[2024-09-09T08:05:24.318+0000] {logging_mixin.py:190} INFO - [2024-09-09T08:05:24.318+0000] {dagbag.py:587} INFO - Filling up the DagBag from /home/airflow/.local/lib/python3.12/site-packages/airflow/example_dags/example_params_trigger_ui.py
[2024-09-09T08:05:24.332+0000] {processor.py:925} INFO - DAG(s) 'example_params_trigger_ui' retrieved from /home/airflow/.local/lib/python3.12/site-packages/airflow/example_dags/example_params_trigger_ui.py
[2024-09-09T08:05:24.398+0000] {logging_mixin.py:190} INFO - [2024-09-09T08:05:24.397+0000] {dag.py:3229} INFO - Sync 1 DAGs
[2024-09-09T08:05:24.420+0000] {logging_mixin.py:190} INFO - [2024-09-09T08:05:24.420+0000] {dag.py:4156} INFO - Setting next_dagrun for example_params_trigger_ui to None, run_after=None
[2024-09-09T08:05:24.447+0000] {processor.py:208} INFO - Processing /home/airflow/.local/lib/python3.12/site-packages/airflow/example_dags/example_params_trigger_ui.py took 0.146 seconds
[2024-09-09T08:05:55.399+0000] {processor.py:186} INFO - Started process (PID=1213) to work on /home/airflow/.local/lib/python3.12/site-packages/airflow/example_dags/example_params_trigger_ui.py
[2024-09-09T08:05:55.401+0000] {processor.py:914} INFO - Processing file /home/airflow/.local/lib/python3.12/site-packages/airflow/example_dags/example_params_trigger_ui.py for tasks to queue
[2024-09-09T08:05:55.406+0000] {logging_mixin.py:190} INFO - [2024-09-09T08:05:55.406+0000] {dagbag.py:587} INFO - Filling up the DagBag from /home/airflow/.local/lib/python3.12/site-packages/airflow/example_dags/example_params_trigger_ui.py
[2024-09-09T08:05:55.425+0000] {processor.py:925} INFO - DAG(s) 'example_params_trigger_ui' retrieved from /home/airflow/.local/lib/python3.12/site-packages/airflow/example_dags/example_params_trigger_ui.py
[2024-09-09T08:05:55.489+0000] {logging_mixin.py:190} INFO - [2024-09-09T08:05:55.489+0000] {dag.py:3229} INFO - Sync 1 DAGs
[2024-09-09T08:05:55.513+0000] {logging_mixin.py:190} INFO - [2024-09-09T08:05:55.512+0000] {dag.py:4156} INFO - Setting next_dagrun for example_params_trigger_ui to None, run_after=None
[2024-09-09T08:05:55.542+0000] {processor.py:208} INFO - Processing /home/airflow/.local/lib/python3.12/site-packages/airflow/example_dags/example_params_trigger_ui.py took 0.159 seconds
[2024-09-09T08:06:26.390+0000] {processor.py:186} INFO - Started process (PID=1501) to work on /home/airflow/.local/lib/python3.12/site-packages/airflow/example_dags/example_params_trigger_ui.py
[2024-09-09T08:06:26.391+0000] {processor.py:914} INFO - Processing file /home/airflow/.local/lib/python3.12/site-packages/airflow/example_dags/example_params_trigger_ui.py for tasks to queue
[2024-09-09T08:06:26.394+0000] {logging_mixin.py:190} INFO - [2024-09-09T08:06:26.394+0000] {dagbag.py:587} INFO - Filling up the DagBag from /home/airflow/.local/lib/python3.12/site-packages/airflow/example_dags/example_params_trigger_ui.py
[2024-09-09T08:06:26.407+0000] {processor.py:925} INFO - DAG(s) 'example_params_trigger_ui' retrieved from /home/airflow/.local/lib/python3.12/site-packages/airflow/example_dags/example_params_trigger_ui.py
[2024-09-09T08:06:26.453+0000] {logging_mixin.py:190} INFO - [2024-09-09T08:06:26.453+0000] {dag.py:3229} INFO - Sync 1 DAGs
[2024-09-09T08:06:26.468+0000] {logging_mixin.py:190} INFO - [2024-09-09T08:06:26.467+0000] {dag.py:4156} INFO - Setting next_dagrun for example_params_trigger_ui to None, run_after=None
[2024-09-09T08:06:26.487+0000] {processor.py:208} INFO - Processing /home/airflow/.local/lib/python3.12/site-packages/airflow/example_dags/example_params_trigger_ui.py took 0.104 seconds
[2024-09-09T08:06:57.065+0000] {processor.py:186} INFO - Started process (PID=1787) to work on /home/airflow/.local/lib/python3.12/site-packages/airflow/example_dags/example_params_trigger_ui.py
[2024-09-09T08:06:57.067+0000] {processor.py:914} INFO - Processing file /home/airflow/.local/lib/python3.12/site-packages/airflow/example_dags/example_params_trigger_ui.py for tasks to queue
[2024-09-09T08:06:57.069+0000] {logging_mixin.py:190} INFO - [2024-09-09T08:06:57.069+0000] {dagbag.py:587} INFO - Filling up the DagBag from /home/airflow/.local/lib/python3.12/site-packages/airflow/example_dags/example_params_trigger_ui.py
[2024-09-09T08:06:57.078+0000] {processor.py:925} INFO - DAG(s) 'example_params_trigger_ui' retrieved from /home/airflow/.local/lib/python3.12/site-packages/airflow/example_dags/example_params_trigger_ui.py
[2024-09-09T08:06:57.111+0000] {logging_mixin.py:190} INFO - [2024-09-09T08:06:57.111+0000] {dag.py:3229} INFO - Sync 1 DAGs
[2024-09-09T08:06:57.122+0000] {logging_mixin.py:190} INFO - [2024-09-09T08:06:57.122+0000] {dag.py:4156} INFO - Setting next_dagrun for example_params_trigger_ui to None, run_after=None
[2024-09-09T08:06:57.140+0000] {processor.py:208} INFO - Processing /home/airflow/.local/lib/python3.12/site-packages/airflow/example_dags/example_params_trigger_ui.py took 0.082 seconds
[2024-09-09T08:07:27.295+0000] {processor.py:186} INFO - Started process (PID=2072) to work on /home/airflow/.local/lib/python3.12/site-packages/airflow/example_dags/example_params_trigger_ui.py
[2024-09-09T08:07:27.296+0000] {processor.py:914} INFO - Processing file /home/airflow/.local/lib/python3.12/site-packages/airflow/example_dags/example_params_trigger_ui.py for tasks to queue
[2024-09-09T08:07:27.300+0000] {logging_mixin.py:190} INFO - [2024-09-09T08:07:27.299+0000] {dagbag.py:587} INFO - Filling up the DagBag from /home/airflow/.local/lib/python3.12/site-packages/airflow/example_dags/example_params_trigger_ui.py
[2024-09-09T08:07:27.315+0000] {processor.py:925} INFO - DAG(s) 'example_params_trigger_ui' retrieved from /home/airflow/.local/lib/python3.12/site-packages/airflow/example_dags/example_params_trigger_ui.py
[2024-09-09T08:07:27.368+0000] {logging_mixin.py:190} INFO - [2024-09-09T08:07:27.368+0000] {dag.py:3229} INFO - Sync 1 DAGs
[2024-09-09T08:07:27.385+0000] {logging_mixin.py:190} INFO - [2024-09-09T08:07:27.385+0000] {dag.py:4156} INFO - Setting next_dagrun for example_params_trigger_ui to None, run_after=None
[2024-09-09T08:07:27.410+0000] {processor.py:208} INFO - Processing /home/airflow/.local/lib/python3.12/site-packages/airflow/example_dags/example_params_trigger_ui.py took 0.124 seconds
[2024-09-09T08:07:57.986+0000] {processor.py:186} INFO - Started process (PID=2358) to work on /home/airflow/.local/lib/python3.12/site-packages/airflow/example_dags/example_params_trigger_ui.py
[2024-09-09T08:07:57.988+0000] {processor.py:914} INFO - Processing file /home/airflow/.local/lib/python3.12/site-packages/airflow/example_dags/example_params_trigger_ui.py for tasks to queue
[2024-09-09T08:07:57.991+0000] {logging_mixin.py:190} INFO - [2024-09-09T08:07:57.990+0000] {dagbag.py:587} INFO - Filling up the DagBag from /home/airflow/.local/lib/python3.12/site-packages/airflow/example_dags/example_params_trigger_ui.py
[2024-09-09T08:07:58.008+0000] {processor.py:925} INFO - DAG(s) 'example_params_trigger_ui' retrieved from /home/airflow/.local/lib/python3.12/site-packages/airflow/example_dags/example_params_trigger_ui.py
[2024-09-09T08:07:58.111+0000] {logging_mixin.py:190} INFO - [2024-09-09T08:07:58.111+0000] {dag.py:3229} INFO - Sync 1 DAGs
[2024-09-09T08:07:58.136+0000] {logging_mixin.py:190} INFO - [2024-09-09T08:07:58.135+0000] {dag.py:4156} INFO - Setting next_dagrun for example_params_trigger_ui to None, run_after=None
[2024-09-09T08:07:58.164+0000] {processor.py:208} INFO - Processing /home/airflow/.local/lib/python3.12/site-packages/airflow/example_dags/example_params_trigger_ui.py took 0.188 seconds
[2024-09-09T08:08:29.046+0000] {processor.py:186} INFO - Started process (PID=2646) to work on /home/airflow/.local/lib/python3.12/site-packages/airflow/example_dags/example_params_trigger_ui.py
[2024-09-09T08:08:29.048+0000] {processor.py:914} INFO - Processing file /home/airflow/.local/lib/python3.12/site-packages/airflow/example_dags/example_params_trigger_ui.py for tasks to queue
[2024-09-09T08:08:29.052+0000] {logging_mixin.py:190} INFO - [2024-09-09T08:08:29.051+0000] {dagbag.py:587} INFO - Filling up the DagBag from /home/airflow/.local/lib/python3.12/site-packages/airflow/example_dags/example_params_trigger_ui.py
[2024-09-09T08:08:29.066+0000] {processor.py:925} INFO - DAG(s) 'example_params_trigger_ui' retrieved from /home/airflow/.local/lib/python3.12/site-packages/airflow/example_dags/example_params_trigger_ui.py
[2024-09-09T08:08:29.123+0000] {logging_mixin.py:190} INFO - [2024-09-09T08:08:29.122+0000] {dag.py:3229} INFO - Sync 1 DAGs
[2024-09-09T08:08:29.142+0000] {logging_mixin.py:190} INFO - [2024-09-09T08:08:29.142+0000] {dag.py:4156} INFO - Setting next_dagrun for example_params_trigger_ui to None, run_after=None
[2024-09-09T08:08:29.167+0000] {processor.py:208} INFO - Processing /home/airflow/.local/lib/python3.12/site-packages/airflow/example_dags/example_params_trigger_ui.py took 0.131 seconds
[2024-09-09T08:08:59.725+0000] {processor.py:186} INFO - Started process (PID=2932) to work on /home/airflow/.local/lib/python3.12/site-packages/airflow/example_dags/example_params_trigger_ui.py
[2024-09-09T08:08:59.727+0000] {processor.py:914} INFO - Processing file /home/airflow/.local/lib/python3.12/site-packages/airflow/example_dags/example_params_trigger_ui.py for tasks to queue
[2024-09-09T08:08:59.729+0000] {logging_mixin.py:190} INFO - [2024-09-09T08:08:59.729+0000] {dagbag.py:587} INFO - Filling up the DagBag from /home/airflow/.local/lib/python3.12/site-packages/airflow/example_dags/example_params_trigger_ui.py
[2024-09-09T08:08:59.742+0000] {processor.py:925} INFO - DAG(s) 'example_params_trigger_ui' retrieved from /home/airflow/.local/lib/python3.12/site-packages/airflow/example_dags/example_params_trigger_ui.py
[2024-09-09T08:08:59.788+0000] {logging_mixin.py:190} INFO - [2024-09-09T08:08:59.788+0000] {dag.py:3229} INFO - Sync 1 DAGs
[2024-09-09T08:08:59.803+0000] {logging_mixin.py:190} INFO - [2024-09-09T08:08:59.803+0000] {dag.py:4156} INFO - Setting next_dagrun for example_params_trigger_ui to None, run_after=None
[2024-09-09T08:08:59.823+0000] {processor.py:208} INFO - Processing /home/airflow/.local/lib/python3.12/site-packages/airflow/example_dags/example_params_trigger_ui.py took 0.106 seconds
[2024-09-09T08:09:30.049+0000] {processor.py:186} INFO - Started process (PID=3218) to work on /home/airflow/.local/lib/python3.12/site-packages/airflow/example_dags/example_params_trigger_ui.py
[2024-09-09T08:09:30.051+0000] {processor.py:914} INFO - Processing file /home/airflow/.local/lib/python3.12/site-packages/airflow/example_dags/example_params_trigger_ui.py for tasks to queue
[2024-09-09T08:09:30.054+0000] {logging_mixin.py:190} INFO - [2024-09-09T08:09:30.054+0000] {dagbag.py:587} INFO - Filling up the DagBag from /home/airflow/.local/lib/python3.12/site-packages/airflow/example_dags/example_params_trigger_ui.py
[2024-09-09T08:09:30.067+0000] {processor.py:925} INFO - DAG(s) 'example_params_trigger_ui' retrieved from /home/airflow/.local/lib/python3.12/site-packages/airflow/example_dags/example_params_trigger_ui.py
[2024-09-09T08:09:30.126+0000] {logging_mixin.py:190} INFO - [2024-09-09T08:09:30.126+0000] {dag.py:3229} INFO - Sync 1 DAGs
[2024-09-09T08:09:30.149+0000] {logging_mixin.py:190} INFO - [2024-09-09T08:09:30.149+0000] {dag.py:4156} INFO - Setting next_dagrun for example_params_trigger_ui to None, run_after=None
[2024-09-09T08:09:30.175+0000] {processor.py:208} INFO - Processing /home/airflow/.local/lib/python3.12/site-packages/airflow/example_dags/example_params_trigger_ui.py took 0.133 seconds
[2024-09-09T08:10:00.338+0000] {processor.py:186} INFO - Started process (PID=3502) to work on /home/airflow/.local/lib/python3.12/site-packages/airflow/example_dags/example_params_trigger_ui.py
[2024-09-09T08:10:00.340+0000] {processor.py:914} INFO - Processing file /home/airflow/.local/lib/python3.12/site-packages/airflow/example_dags/example_params_trigger_ui.py for tasks to queue
[2024-09-09T08:10:00.348+0000] {logging_mixin.py:190} INFO - [2024-09-09T08:10:00.348+0000] {dagbag.py:587} INFO - Filling up the DagBag from /home/airflow/.local/lib/python3.12/site-packages/airflow/example_dags/example_params_trigger_ui.py
[2024-09-09T08:10:00.367+0000] {processor.py:925} INFO - DAG(s) 'example_params_trigger_ui' retrieved from /home/airflow/.local/lib/python3.12/site-packages/airflow/example_dags/example_params_trigger_ui.py
[2024-09-09T08:10:00.418+0000] {logging_mixin.py:190} INFO - [2024-09-09T08:10:00.418+0000] {dag.py:3229} INFO - Sync 1 DAGs
[2024-09-09T08:10:00.431+0000] {logging_mixin.py:190} INFO - [2024-09-09T08:10:00.430+0000] {dag.py:4156} INFO - Setting next_dagrun for example_params_trigger_ui to None, run_after=None
[2024-09-09T08:10:00.452+0000] {processor.py:208} INFO - Processing /home/airflow/.local/lib/python3.12/site-packages/airflow/example_dags/example_params_trigger_ui.py took 0.121 seconds
[2024-09-09T08:10:30.606+0000] {processor.py:186} INFO - Started process (PID=3790) to work on /home/airflow/.local/lib/python3.12/site-packages/airflow/example_dags/example_params_trigger_ui.py
[2024-09-09T08:10:30.608+0000] {processor.py:914} INFO - Processing file /home/airflow/.local/lib/python3.12/site-packages/airflow/example_dags/example_params_trigger_ui.py for tasks to queue
[2024-09-09T08:10:30.610+0000] {logging_mixin.py:190} INFO - [2024-09-09T08:10:30.609+0000] {dagbag.py:587} INFO - Filling up the DagBag from /home/airflow/.local/lib/python3.12/site-packages/airflow/example_dags/example_params_trigger_ui.py
[2024-09-09T08:10:30.618+0000] {processor.py:925} INFO - DAG(s) 'example_params_trigger_ui' retrieved from /home/airflow/.local/lib/python3.12/site-packages/airflow/example_dags/example_params_trigger_ui.py
[2024-09-09T08:10:30.651+0000] {logging_mixin.py:190} INFO - [2024-09-09T08:10:30.651+0000] {dag.py:3229} INFO - Sync 1 DAGs
[2024-09-09T08:10:30.662+0000] {logging_mixin.py:190} INFO - [2024-09-09T08:10:30.662+0000] {dag.py:4156} INFO - Setting next_dagrun for example_params_trigger_ui to None, run_after=None
[2024-09-09T08:10:30.681+0000] {processor.py:208} INFO - Processing /home/airflow/.local/lib/python3.12/site-packages/airflow/example_dags/example_params_trigger_ui.py took 0.079 seconds
[2024-09-09T08:11:01.344+0000] {processor.py:186} INFO - Started process (PID=4076) to work on /home/airflow/.local/lib/python3.12/site-packages/airflow/example_dags/example_params_trigger_ui.py
[2024-09-09T08:11:01.346+0000] {processor.py:914} INFO - Processing file /home/airflow/.local/lib/python3.12/site-packages/airflow/example_dags/example_params_trigger_ui.py for tasks to queue
[2024-09-09T08:11:01.350+0000] {logging_mixin.py:190} INFO - [2024-09-09T08:11:01.349+0000] {dagbag.py:587} INFO - Filling up the DagBag from /home/airflow/.local/lib/python3.12/site-packages/airflow/example_dags/example_params_trigger_ui.py
[2024-09-09T08:11:01.363+0000] {processor.py:925} INFO - DAG(s) 'example_params_trigger_ui' retrieved from /home/airflow/.local/lib/python3.12/site-packages/airflow/example_dags/example_params_trigger_ui.py
[2024-09-09T08:11:01.423+0000] {logging_mixin.py:190} INFO - [2024-09-09T08:11:01.422+0000] {dag.py:3229} INFO - Sync 1 DAGs
[2024-09-09T08:11:01.440+0000] {logging_mixin.py:190} INFO - [2024-09-09T08:11:01.440+0000] {dag.py:4156} INFO - Setting next_dagrun for example_params_trigger_ui to None, run_after=None
[2024-09-09T08:11:01.468+0000] {processor.py:208} INFO - Processing /home/airflow/.local/lib/python3.12/site-packages/airflow/example_dags/example_params_trigger_ui.py took 0.133 seconds
[2024-09-09T08:11:31.691+0000] {processor.py:186} INFO - Started process (PID=4362) to work on /home/airflow/.local/lib/python3.12/site-packages/airflow/example_dags/example_params_trigger_ui.py
[2024-09-09T08:11:31.692+0000] {processor.py:914} INFO - Processing file /home/airflow/.local/lib/python3.12/site-packages/airflow/example_dags/example_params_trigger_ui.py for tasks to queue
[2024-09-09T08:11:31.694+0000] {logging_mixin.py:190} INFO - [2024-09-09T08:11:31.694+0000] {dagbag.py:587} INFO - Filling up the DagBag from /home/airflow/.local/lib/python3.12/site-packages/airflow/example_dags/example_params_trigger_ui.py
[2024-09-09T08:11:31.703+0000] {processor.py:925} INFO - DAG(s) 'example_params_trigger_ui' retrieved from /home/airflow/.local/lib/python3.12/site-packages/airflow/example_dags/example_params_trigger_ui.py
[2024-09-09T08:11:31.740+0000] {logging_mixin.py:190} INFO - [2024-09-09T08:11:31.740+0000] {dag.py:3229} INFO - Sync 1 DAGs
[2024-09-09T08:11:31.752+0000] {logging_mixin.py:190} INFO - [2024-09-09T08:11:31.751+0000] {dag.py:4156} INFO - Setting next_dagrun for example_params_trigger_ui to None, run_after=None
[2024-09-09T08:11:31.771+0000] {processor.py:208} INFO - Processing /home/airflow/.local/lib/python3.12/site-packages/airflow/example_dags/example_params_trigger_ui.py took 0.086 seconds
[2024-09-09T08:12:02.367+0000] {processor.py:186} INFO - Started process (PID=4648) to work on /home/airflow/.local/lib/python3.12/site-packages/airflow/example_dags/example_params_trigger_ui.py
[2024-09-09T08:12:02.368+0000] {processor.py:914} INFO - Processing file /home/airflow/.local/lib/python3.12/site-packages/airflow/example_dags/example_params_trigger_ui.py for tasks to queue
[2024-09-09T08:12:02.371+0000] {logging_mixin.py:190} INFO - [2024-09-09T08:12:02.371+0000] {dagbag.py:587} INFO - Filling up the DagBag from /home/airflow/.local/lib/python3.12/site-packages/airflow/example_dags/example_params_trigger_ui.py
[2024-09-09T08:12:02.382+0000] {processor.py:925} INFO - DAG(s) 'example_params_trigger_ui' retrieved from /home/airflow/.local/lib/python3.12/site-packages/airflow/example_dags/example_params_trigger_ui.py
[2024-09-09T08:12:02.436+0000] {logging_mixin.py:190} INFO - [2024-09-09T08:12:02.436+0000] {dag.py:3229} INFO - Sync 1 DAGs
[2024-09-09T08:12:02.450+0000] {logging_mixin.py:190} INFO - [2024-09-09T08:12:02.450+0000] {dag.py:4156} INFO - Setting next_dagrun for example_params_trigger_ui to None, run_after=None
[2024-09-09T08:12:02.468+0000] {processor.py:208} INFO - Processing /home/airflow/.local/lib/python3.12/site-packages/airflow/example_dags/example_params_trigger_ui.py took 0.106 seconds
[2024-09-09T08:12:32.752+0000] {processor.py:186} INFO - Started process (PID=4934) to work on /home/airflow/.local/lib/python3.12/site-packages/airflow/example_dags/example_params_trigger_ui.py
[2024-09-09T08:12:32.754+0000] {processor.py:914} INFO - Processing file /home/airflow/.local/lib/python3.12/site-packages/airflow/example_dags/example_params_trigger_ui.py for tasks to queue
[2024-09-09T08:12:32.756+0000] {logging_mixin.py:190} INFO - [2024-09-09T08:12:32.756+0000] {dagbag.py:587} INFO - Filling up the DagBag from /home/airflow/.local/lib/python3.12/site-packages/airflow/example_dags/example_params_trigger_ui.py
[2024-09-09T08:12:32.765+0000] {processor.py:925} INFO - DAG(s) 'example_params_trigger_ui' retrieved from /home/airflow/.local/lib/python3.12/site-packages/airflow/example_dags/example_params_trigger_ui.py
[2024-09-09T08:12:32.804+0000] {logging_mixin.py:190} INFO - [2024-09-09T08:12:32.803+0000] {dag.py:3229} INFO - Sync 1 DAGs
[2024-09-09T08:12:32.817+0000] {logging_mixin.py:190} INFO - [2024-09-09T08:12:32.817+0000] {dag.py:4156} INFO - Setting next_dagrun for example_params_trigger_ui to None, run_after=None
[2024-09-09T08:12:32.839+0000] {processor.py:208} INFO - Processing /home/airflow/.local/lib/python3.12/site-packages/airflow/example_dags/example_params_trigger_ui.py took 0.093 seconds
[2024-09-09T08:13:03.527+0000] {processor.py:186} INFO - Started process (PID=5220) to work on /home/airflow/.local/lib/python3.12/site-packages/airflow/example_dags/example_params_trigger_ui.py
[2024-09-09T08:13:03.528+0000] {processor.py:914} INFO - Processing file /home/airflow/.local/lib/python3.12/site-packages/airflow/example_dags/example_params_trigger_ui.py for tasks to queue
[2024-09-09T08:13:03.531+0000] {logging_mixin.py:190} INFO - [2024-09-09T08:13:03.531+0000] {dagbag.py:587} INFO - Filling up the DagBag from /home/airflow/.local/lib/python3.12/site-packages/airflow/example_dags/example_params_trigger_ui.py
[2024-09-09T08:13:03.540+0000] {processor.py:925} INFO - DAG(s) 'example_params_trigger_ui' retrieved from /home/airflow/.local/lib/python3.12/site-packages/airflow/example_dags/example_params_trigger_ui.py
[2024-09-09T08:13:03.575+0000] {logging_mixin.py:190} INFO - [2024-09-09T08:13:03.575+0000] {dag.py:3229} INFO - Sync 1 DAGs
[2024-09-09T08:13:03.587+0000] {logging_mixin.py:190} INFO - [2024-09-09T08:13:03.587+0000] {dag.py:4156} INFO - Setting next_dagrun for example_params_trigger_ui to None, run_after=None
[2024-09-09T08:13:03.606+0000] {processor.py:208} INFO - Processing /home/airflow/.local/lib/python3.12/site-packages/airflow/example_dags/example_params_trigger_ui.py took 0.084 seconds
[2024-09-09T08:13:34.462+0000] {processor.py:186} INFO - Started process (PID=5506) to work on /home/airflow/.local/lib/python3.12/site-packages/airflow/example_dags/example_params_trigger_ui.py
[2024-09-09T08:13:34.464+0000] {processor.py:914} INFO - Processing file /home/airflow/.local/lib/python3.12/site-packages/airflow/example_dags/example_params_trigger_ui.py for tasks to queue
[2024-09-09T08:13:34.467+0000] {logging_mixin.py:190} INFO - [2024-09-09T08:13:34.466+0000] {dagbag.py:587} INFO - Filling up the DagBag from /home/airflow/.local/lib/python3.12/site-packages/airflow/example_dags/example_params_trigger_ui.py
[2024-09-09T08:13:34.477+0000] {processor.py:925} INFO - DAG(s) 'example_params_trigger_ui' retrieved from /home/airflow/.local/lib/python3.12/site-packages/airflow/example_dags/example_params_trigger_ui.py
[2024-09-09T08:13:34.515+0000] {logging_mixin.py:190} INFO - [2024-09-09T08:13:34.515+0000] {dag.py:3229} INFO - Sync 1 DAGs
[2024-09-09T08:13:34.528+0000] {logging_mixin.py:190} INFO - [2024-09-09T08:13:34.528+0000] {dag.py:4156} INFO - Setting next_dagrun for example_params_trigger_ui to None, run_after=None
[2024-09-09T08:13:34.552+0000] {processor.py:208} INFO - Processing /home/airflow/.local/lib/python3.12/site-packages/airflow/example_dags/example_params_trigger_ui.py took 0.096 seconds
[2024-09-09T08:14:05.371+0000] {processor.py:186} INFO - Started process (PID=5792) to work on /home/airflow/.local/lib/python3.12/site-packages/airflow/example_dags/example_params_trigger_ui.py
[2024-09-09T08:14:05.373+0000] {processor.py:914} INFO - Processing file /home/airflow/.local/lib/python3.12/site-packages/airflow/example_dags/example_params_trigger_ui.py for tasks to queue
[2024-09-09T08:14:05.375+0000] {logging_mixin.py:190} INFO - [2024-09-09T08:14:05.375+0000] {dagbag.py:587} INFO - Filling up the DagBag from /home/airflow/.local/lib/python3.12/site-packages/airflow/example_dags/example_params_trigger_ui.py
[2024-09-09T08:14:05.383+0000] {processor.py:925} INFO - DAG(s) 'example_params_trigger_ui' retrieved from /home/airflow/.local/lib/python3.12/site-packages/airflow/example_dags/example_params_trigger_ui.py
[2024-09-09T08:14:05.418+0000] {logging_mixin.py:190} INFO - [2024-09-09T08:14:05.418+0000] {dag.py:3229} INFO - Sync 1 DAGs
[2024-09-09T08:14:05.430+0000] {logging_mixin.py:190} INFO - [2024-09-09T08:14:05.430+0000] {dag.py:4156} INFO - Setting next_dagrun for example_params_trigger_ui to None, run_after=None
[2024-09-09T08:14:05.447+0000] {processor.py:208} INFO - Processing /home/airflow/.local/lib/python3.12/site-packages/airflow/example_dags/example_params_trigger_ui.py took 0.086 seconds
[2024-09-09T08:14:36.270+0000] {processor.py:186} INFO - Started process (PID=6078) to work on /home/airflow/.local/lib/python3.12/site-packages/airflow/example_dags/example_params_trigger_ui.py
[2024-09-09T08:14:36.271+0000] {processor.py:914} INFO - Processing file /home/airflow/.local/lib/python3.12/site-packages/airflow/example_dags/example_params_trigger_ui.py for tasks to queue
[2024-09-09T08:14:36.273+0000] {logging_mixin.py:190} INFO - [2024-09-09T08:14:36.272+0000] {dagbag.py:587} INFO - Filling up the DagBag from /home/airflow/.local/lib/python3.12/site-packages/airflow/example_dags/example_params_trigger_ui.py
[2024-09-09T08:14:36.282+0000] {processor.py:925} INFO - DAG(s) 'example_params_trigger_ui' retrieved from /home/airflow/.local/lib/python3.12/site-packages/airflow/example_dags/example_params_trigger_ui.py
[2024-09-09T08:14:36.316+0000] {logging_mixin.py:190} INFO - [2024-09-09T08:14:36.316+0000] {dag.py:3229} INFO - Sync 1 DAGs
[2024-09-09T08:14:36.327+0000] {logging_mixin.py:190} INFO - [2024-09-09T08:14:36.327+0000] {dag.py:4156} INFO - Setting next_dagrun for example_params_trigger_ui to None, run_after=None
[2024-09-09T08:14:36.345+0000] {processor.py:208} INFO - Processing /home/airflow/.local/lib/python3.12/site-packages/airflow/example_dags/example_params_trigger_ui.py took 0.080 seconds
[2024-09-09T08:15:07.021+0000] {processor.py:186} INFO - Started process (PID=6364) to work on /home/airflow/.local/lib/python3.12/site-packages/airflow/example_dags/example_params_trigger_ui.py
[2024-09-09T08:15:07.023+0000] {processor.py:914} INFO - Processing file /home/airflow/.local/lib/python3.12/site-packages/airflow/example_dags/example_params_trigger_ui.py for tasks to queue
[2024-09-09T08:15:07.026+0000] {logging_mixin.py:190} INFO - [2024-09-09T08:15:07.025+0000] {dagbag.py:587} INFO - Filling up the DagBag from /home/airflow/.local/lib/python3.12/site-packages/airflow/example_dags/example_params_trigger_ui.py
[2024-09-09T08:15:07.037+0000] {processor.py:925} INFO - DAG(s) 'example_params_trigger_ui' retrieved from /home/airflow/.local/lib/python3.12/site-packages/airflow/example_dags/example_params_trigger_ui.py
[2024-09-09T08:15:07.083+0000] {logging_mixin.py:190} INFO - [2024-09-09T08:15:07.083+0000] {dag.py:3229} INFO - Sync 1 DAGs
[2024-09-09T08:15:07.098+0000] {logging_mixin.py:190} INFO - [2024-09-09T08:15:07.098+0000] {dag.py:4156} INFO - Setting next_dagrun for example_params_trigger_ui to None, run_after=None
[2024-09-09T08:15:07.120+0000] {processor.py:208} INFO - Processing /home/airflow/.local/lib/python3.12/site-packages/airflow/example_dags/example_params_trigger_ui.py took 0.107 seconds
[2024-09-09T08:15:37.382+0000] {processor.py:186} INFO - Started process (PID=6653) to work on /home/airflow/.local/lib/python3.12/site-packages/airflow/example_dags/example_params_trigger_ui.py
[2024-09-09T08:15:37.384+0000] {processor.py:914} INFO - Processing file /home/airflow/.local/lib/python3.12/site-packages/airflow/example_dags/example_params_trigger_ui.py for tasks to queue
[2024-09-09T08:15:37.386+0000] {logging_mixin.py:190} INFO - [2024-09-09T08:15:37.386+0000] {dagbag.py:587} INFO - Filling up the DagBag from /home/airflow/.local/lib/python3.12/site-packages/airflow/example_dags/example_params_trigger_ui.py
[2024-09-09T08:15:37.398+0000] {processor.py:925} INFO - DAG(s) 'example_params_trigger_ui' retrieved from /home/airflow/.local/lib/python3.12/site-packages/airflow/example_dags/example_params_trigger_ui.py
[2024-09-09T08:15:37.448+0000] {logging_mixin.py:190} INFO - [2024-09-09T08:15:37.448+0000] {dag.py:3229} INFO - Sync 1 DAGs
[2024-09-09T08:15:37.464+0000] {logging_mixin.py:190} INFO - [2024-09-09T08:15:37.464+0000] {dag.py:4156} INFO - Setting next_dagrun for example_params_trigger_ui to None, run_after=None
[2024-09-09T08:15:37.485+0000] {processor.py:208} INFO - Processing /home/airflow/.local/lib/python3.12/site-packages/airflow/example_dags/example_params_trigger_ui.py took 0.108 seconds
[2024-09-09T08:16:07.763+0000] {processor.py:186} INFO - Started process (PID=6941) to work on /home/airflow/.local/lib/python3.12/site-packages/airflow/example_dags/example_params_trigger_ui.py
[2024-09-09T08:16:07.764+0000] {processor.py:914} INFO - Processing file /home/airflow/.local/lib/python3.12/site-packages/airflow/example_dags/example_params_trigger_ui.py for tasks to queue
[2024-09-09T08:16:07.766+0000] {logging_mixin.py:190} INFO - [2024-09-09T08:16:07.766+0000] {dagbag.py:587} INFO - Filling up the DagBag from /home/airflow/.local/lib/python3.12/site-packages/airflow/example_dags/example_params_trigger_ui.py
[2024-09-09T08:16:07.776+0000] {processor.py:925} INFO - DAG(s) 'example_params_trigger_ui' retrieved from /home/airflow/.local/lib/python3.12/site-packages/airflow/example_dags/example_params_trigger_ui.py
[2024-09-09T08:16:07.816+0000] {logging_mixin.py:190} INFO - [2024-09-09T08:16:07.816+0000] {dag.py:3229} INFO - Sync 1 DAGs
[2024-09-09T08:16:07.829+0000] {logging_mixin.py:190} INFO - [2024-09-09T08:16:07.829+0000] {dag.py:4156} INFO - Setting next_dagrun for example_params_trigger_ui to None, run_after=None
[2024-09-09T08:16:07.850+0000] {processor.py:208} INFO - Processing /home/airflow/.local/lib/python3.12/site-packages/airflow/example_dags/example_params_trigger_ui.py took 0.092 seconds
[2024-09-09T08:16:38.834+0000] {processor.py:186} INFO - Started process (PID=7225) to work on /home/airflow/.local/lib/python3.12/site-packages/airflow/example_dags/example_params_trigger_ui.py
[2024-09-09T08:16:38.837+0000] {processor.py:914} INFO - Processing file /home/airflow/.local/lib/python3.12/site-packages/airflow/example_dags/example_params_trigger_ui.py for tasks to queue
[2024-09-09T08:16:38.841+0000] {logging_mixin.py:190} INFO - [2024-09-09T08:16:38.840+0000] {dagbag.py:587} INFO - Filling up the DagBag from /home/airflow/.local/lib/python3.12/site-packages/airflow/example_dags/example_params_trigger_ui.py
[2024-09-09T08:16:38.855+0000] {processor.py:925} INFO - DAG(s) 'example_params_trigger_ui' retrieved from /home/airflow/.local/lib/python3.12/site-packages/airflow/example_dags/example_params_trigger_ui.py
[2024-09-09T08:16:38.910+0000] {logging_mixin.py:190} INFO - [2024-09-09T08:16:38.909+0000] {dag.py:3229} INFO - Sync 1 DAGs
[2024-09-09T08:16:38.926+0000] {logging_mixin.py:190} INFO - [2024-09-09T08:16:38.926+0000] {dag.py:4156} INFO - Setting next_dagrun for example_params_trigger_ui to None, run_after=None
[2024-09-09T08:16:38.946+0000] {processor.py:208} INFO - Processing /home/airflow/.local/lib/python3.12/site-packages/airflow/example_dags/example_params_trigger_ui.py took 0.119 seconds
[2024-09-09T08:17:09.838+0000] {processor.py:186} INFO - Started process (PID=7511) to work on /home/airflow/.local/lib/python3.12/site-packages/airflow/example_dags/example_params_trigger_ui.py
[2024-09-09T08:17:09.839+0000] {processor.py:914} INFO - Processing file /home/airflow/.local/lib/python3.12/site-packages/airflow/example_dags/example_params_trigger_ui.py for tasks to queue
[2024-09-09T08:17:09.843+0000] {logging_mixin.py:190} INFO - [2024-09-09T08:17:09.843+0000] {dagbag.py:587} INFO - Filling up the DagBag from /home/airflow/.local/lib/python3.12/site-packages/airflow/example_dags/example_params_trigger_ui.py
[2024-09-09T08:17:09.858+0000] {processor.py:925} INFO - DAG(s) 'example_params_trigger_ui' retrieved from /home/airflow/.local/lib/python3.12/site-packages/airflow/example_dags/example_params_trigger_ui.py
[2024-09-09T08:17:09.908+0000] {logging_mixin.py:190} INFO - [2024-09-09T08:17:09.907+0000] {dag.py:3229} INFO - Sync 1 DAGs
[2024-09-09T08:17:09.925+0000] {logging_mixin.py:190} INFO - [2024-09-09T08:17:09.925+0000] {dag.py:4156} INFO - Setting next_dagrun for example_params_trigger_ui to None, run_after=None
[2024-09-09T08:17:09.951+0000] {processor.py:208} INFO - Processing /home/airflow/.local/lib/python3.12/site-packages/airflow/example_dags/example_params_trigger_ui.py took 0.126 seconds
[2024-09-09T08:17:41.186+0000] {processor.py:186} INFO - Started process (PID=7799) to work on /home/airflow/.local/lib/python3.12/site-packages/airflow/example_dags/example_params_trigger_ui.py
[2024-09-09T08:17:41.188+0000] {processor.py:914} INFO - Processing file /home/airflow/.local/lib/python3.12/site-packages/airflow/example_dags/example_params_trigger_ui.py for tasks to queue
[2024-09-09T08:17:41.192+0000] {logging_mixin.py:190} INFO - [2024-09-09T08:17:41.191+0000] {dagbag.py:587} INFO - Filling up the DagBag from /home/airflow/.local/lib/python3.12/site-packages/airflow/example_dags/example_params_trigger_ui.py
[2024-09-09T08:17:41.209+0000] {processor.py:925} INFO - DAG(s) 'example_params_trigger_ui' retrieved from /home/airflow/.local/lib/python3.12/site-packages/airflow/example_dags/example_params_trigger_ui.py
[2024-09-09T08:17:41.291+0000] {logging_mixin.py:190} INFO - [2024-09-09T08:17:41.290+0000] {dag.py:3229} INFO - Sync 1 DAGs
[2024-09-09T08:17:41.317+0000] {logging_mixin.py:190} INFO - [2024-09-09T08:17:41.317+0000] {dag.py:4156} INFO - Setting next_dagrun for example_params_trigger_ui to None, run_after=None
[2024-09-09T08:17:41.360+0000] {processor.py:208} INFO - Processing /home/airflow/.local/lib/python3.12/site-packages/airflow/example_dags/example_params_trigger_ui.py took 0.191 seconds
[2024-09-09T08:18:11.872+0000] {processor.py:186} INFO - Started process (PID=8091) to work on /home/airflow/.local/lib/python3.12/site-packages/airflow/example_dags/example_params_trigger_ui.py
[2024-09-09T08:18:11.873+0000] {processor.py:914} INFO - Processing file /home/airflow/.local/lib/python3.12/site-packages/airflow/example_dags/example_params_trigger_ui.py for tasks to queue
[2024-09-09T08:18:11.875+0000] {logging_mixin.py:190} INFO - [2024-09-09T08:18:11.875+0000] {dagbag.py:587} INFO - Filling up the DagBag from /home/airflow/.local/lib/python3.12/site-packages/airflow/example_dags/example_params_trigger_ui.py
[2024-09-09T08:18:11.883+0000] {processor.py:925} INFO - DAG(s) 'example_params_trigger_ui' retrieved from /home/airflow/.local/lib/python3.12/site-packages/airflow/example_dags/example_params_trigger_ui.py
[2024-09-09T08:18:11.919+0000] {logging_mixin.py:190} INFO - [2024-09-09T08:18:11.919+0000] {dag.py:3229} INFO - Sync 1 DAGs
[2024-09-09T08:18:11.934+0000] {logging_mixin.py:190} INFO - [2024-09-09T08:18:11.934+0000] {dag.py:4156} INFO - Setting next_dagrun for example_params_trigger_ui to None, run_after=None
[2024-09-09T08:18:11.954+0000] {processor.py:208} INFO - Processing /home/airflow/.local/lib/python3.12/site-packages/airflow/example_dags/example_params_trigger_ui.py took 0.087 seconds
[2024-09-09T08:18:42.801+0000] {processor.py:186} INFO - Started process (PID=8375) to work on /home/airflow/.local/lib/python3.12/site-packages/airflow/example_dags/example_params_trigger_ui.py
[2024-09-09T08:18:42.803+0000] {processor.py:914} INFO - Processing file /home/airflow/.local/lib/python3.12/site-packages/airflow/example_dags/example_params_trigger_ui.py for tasks to queue
[2024-09-09T08:18:42.806+0000] {logging_mixin.py:190} INFO - [2024-09-09T08:18:42.805+0000] {dagbag.py:587} INFO - Filling up the DagBag from /home/airflow/.local/lib/python3.12/site-packages/airflow/example_dags/example_params_trigger_ui.py
[2024-09-09T08:18:42.819+0000] {processor.py:925} INFO - DAG(s) 'example_params_trigger_ui' retrieved from /home/airflow/.local/lib/python3.12/site-packages/airflow/example_dags/example_params_trigger_ui.py
[2024-09-09T08:18:42.941+0000] {logging_mixin.py:190} INFO - [2024-09-09T08:18:42.940+0000] {dag.py:3229} INFO - Sync 1 DAGs
[2024-09-09T08:18:43.032+0000] {logging_mixin.py:190} INFO - [2024-09-09T08:18:43.031+0000] {dag.py:4156} INFO - Setting next_dagrun for example_params_trigger_ui to None, run_after=None
[2024-09-09T08:18:43.066+0000] {processor.py:208} INFO - Processing /home/airflow/.local/lib/python3.12/site-packages/airflow/example_dags/example_params_trigger_ui.py took 0.272 seconds
[2024-09-09T08:19:13.107+0000] {processor.py:186} INFO - Started process (PID=8663) to work on /home/airflow/.local/lib/python3.12/site-packages/airflow/example_dags/example_params_trigger_ui.py
[2024-09-09T08:19:13.108+0000] {processor.py:914} INFO - Processing file /home/airflow/.local/lib/python3.12/site-packages/airflow/example_dags/example_params_trigger_ui.py for tasks to queue
[2024-09-09T08:19:13.110+0000] {logging_mixin.py:190} INFO - [2024-09-09T08:19:13.110+0000] {dagbag.py:587} INFO - Filling up the DagBag from /home/airflow/.local/lib/python3.12/site-packages/airflow/example_dags/example_params_trigger_ui.py
[2024-09-09T08:19:13.119+0000] {processor.py:925} INFO - DAG(s) 'example_params_trigger_ui' retrieved from /home/airflow/.local/lib/python3.12/site-packages/airflow/example_dags/example_params_trigger_ui.py
[2024-09-09T08:19:13.176+0000] {logging_mixin.py:190} INFO - [2024-09-09T08:19:13.175+0000] {dag.py:3229} INFO - Sync 1 DAGs
[2024-09-09T08:19:13.197+0000] {logging_mixin.py:190} INFO - [2024-09-09T08:19:13.197+0000] {dag.py:4156} INFO - Setting next_dagrun for example_params_trigger_ui to None, run_after=None
[2024-09-09T08:19:13.232+0000] {processor.py:208} INFO - Processing /home/airflow/.local/lib/python3.12/site-packages/airflow/example_dags/example_params_trigger_ui.py took 0.129 seconds
[2024-09-09T08:19:43.352+0000] {processor.py:186} INFO - Started process (PID=8949) to work on /home/airflow/.local/lib/python3.12/site-packages/airflow/example_dags/example_params_trigger_ui.py
[2024-09-09T08:19:43.353+0000] {processor.py:914} INFO - Processing file /home/airflow/.local/lib/python3.12/site-packages/airflow/example_dags/example_params_trigger_ui.py for tasks to queue
[2024-09-09T08:19:43.357+0000] {logging_mixin.py:190} INFO - [2024-09-09T08:19:43.356+0000] {dagbag.py:587} INFO - Filling up the DagBag from /home/airflow/.local/lib/python3.12/site-packages/airflow/example_dags/example_params_trigger_ui.py
[2024-09-09T08:19:43.374+0000] {processor.py:925} INFO - DAG(s) 'example_params_trigger_ui' retrieved from /home/airflow/.local/lib/python3.12/site-packages/airflow/example_dags/example_params_trigger_ui.py
[2024-09-09T08:19:43.443+0000] {logging_mixin.py:190} INFO - [2024-09-09T08:19:43.443+0000] {dag.py:3229} INFO - Sync 1 DAGs
[2024-09-09T08:19:43.463+0000] {logging_mixin.py:190} INFO - [2024-09-09T08:19:43.462+0000] {dag.py:4156} INFO - Setting next_dagrun for example_params_trigger_ui to None, run_after=None
[2024-09-09T08:19:43.490+0000] {processor.py:208} INFO - Processing /home/airflow/.local/lib/python3.12/site-packages/airflow/example_dags/example_params_trigger_ui.py took 0.145 seconds
[2024-09-09T08:20:13.861+0000] {processor.py:186} INFO - Started process (PID=9235) to work on /home/airflow/.local/lib/python3.12/site-packages/airflow/example_dags/example_params_trigger_ui.py
[2024-09-09T08:20:13.862+0000] {processor.py:914} INFO - Processing file /home/airflow/.local/lib/python3.12/site-packages/airflow/example_dags/example_params_trigger_ui.py for tasks to queue
[2024-09-09T08:20:13.864+0000] {logging_mixin.py:190} INFO - [2024-09-09T08:20:13.864+0000] {dagbag.py:587} INFO - Filling up the DagBag from /home/airflow/.local/lib/python3.12/site-packages/airflow/example_dags/example_params_trigger_ui.py
[2024-09-09T08:20:13.873+0000] {processor.py:925} INFO - DAG(s) 'example_params_trigger_ui' retrieved from /home/airflow/.local/lib/python3.12/site-packages/airflow/example_dags/example_params_trigger_ui.py
[2024-09-09T08:20:13.945+0000] {logging_mixin.py:190} INFO - [2024-09-09T08:20:13.945+0000] {dag.py:3229} INFO - Sync 1 DAGs
[2024-09-09T08:20:13.971+0000] {logging_mixin.py:190} INFO - [2024-09-09T08:20:13.970+0000] {dag.py:4156} INFO - Setting next_dagrun for example_params_trigger_ui to None, run_after=None
[2024-09-09T08:20:14.001+0000] {processor.py:208} INFO - Processing /home/airflow/.local/lib/python3.12/site-packages/airflow/example_dags/example_params_trigger_ui.py took 0.145 seconds
[2024-09-09T08:20:44.064+0000] {processor.py:186} INFO - Started process (PID=9521) to work on /home/airflow/.local/lib/python3.12/site-packages/airflow/example_dags/example_params_trigger_ui.py
[2024-09-09T08:20:44.065+0000] {processor.py:914} INFO - Processing file /home/airflow/.local/lib/python3.12/site-packages/airflow/example_dags/example_params_trigger_ui.py for tasks to queue
[2024-09-09T08:20:44.067+0000] {logging_mixin.py:190} INFO - [2024-09-09T08:20:44.067+0000] {dagbag.py:587} INFO - Filling up the DagBag from /home/airflow/.local/lib/python3.12/site-packages/airflow/example_dags/example_params_trigger_ui.py
[2024-09-09T08:20:44.076+0000] {processor.py:925} INFO - DAG(s) 'example_params_trigger_ui' retrieved from /home/airflow/.local/lib/python3.12/site-packages/airflow/example_dags/example_params_trigger_ui.py
[2024-09-09T08:20:44.111+0000] {logging_mixin.py:190} INFO - [2024-09-09T08:20:44.111+0000] {dag.py:3229} INFO - Sync 1 DAGs
[2024-09-09T08:20:44.122+0000] {logging_mixin.py:190} INFO - [2024-09-09T08:20:44.122+0000] {dag.py:4156} INFO - Setting next_dagrun for example_params_trigger_ui to None, run_after=None
[2024-09-09T08:20:44.139+0000] {processor.py:208} INFO - Processing /home/airflow/.local/lib/python3.12/site-packages/airflow/example_dags/example_params_trigger_ui.py took 0.080 seconds
[2024-09-09T08:21:14.561+0000] {processor.py:186} INFO - Started process (PID=9807) to work on /home/airflow/.local/lib/python3.12/site-packages/airflow/example_dags/example_params_trigger_ui.py
[2024-09-09T08:21:14.562+0000] {processor.py:914} INFO - Processing file /home/airflow/.local/lib/python3.12/site-packages/airflow/example_dags/example_params_trigger_ui.py for tasks to queue
[2024-09-09T08:21:14.564+0000] {logging_mixin.py:190} INFO - [2024-09-09T08:21:14.564+0000] {dagbag.py:587} INFO - Filling up the DagBag from /home/airflow/.local/lib/python3.12/site-packages/airflow/example_dags/example_params_trigger_ui.py
[2024-09-09T08:21:14.572+0000] {processor.py:925} INFO - DAG(s) 'example_params_trigger_ui' retrieved from /home/airflow/.local/lib/python3.12/site-packages/airflow/example_dags/example_params_trigger_ui.py
[2024-09-09T08:21:14.606+0000] {logging_mixin.py:190} INFO - [2024-09-09T08:21:14.606+0000] {dag.py:3229} INFO - Sync 1 DAGs
[2024-09-09T08:21:14.617+0000] {logging_mixin.py:190} INFO - [2024-09-09T08:21:14.617+0000] {dag.py:4156} INFO - Setting next_dagrun for example_params_trigger_ui to None, run_after=None
[2024-09-09T08:21:14.634+0000] {processor.py:208} INFO - Processing /home/airflow/.local/lib/python3.12/site-packages/airflow/example_dags/example_params_trigger_ui.py took 0.078 seconds
[2024-09-09T08:21:45.198+0000] {processor.py:186} INFO - Started process (PID=10091) to work on /home/airflow/.local/lib/python3.12/site-packages/airflow/example_dags/example_params_trigger_ui.py
[2024-09-09T08:21:45.199+0000] {processor.py:914} INFO - Processing file /home/airflow/.local/lib/python3.12/site-packages/airflow/example_dags/example_params_trigger_ui.py for tasks to queue
[2024-09-09T08:21:45.202+0000] {logging_mixin.py:190} INFO - [2024-09-09T08:21:45.201+0000] {dagbag.py:587} INFO - Filling up the DagBag from /home/airflow/.local/lib/python3.12/site-packages/airflow/example_dags/example_params_trigger_ui.py
[2024-09-09T08:21:45.213+0000] {processor.py:925} INFO - DAG(s) 'example_params_trigger_ui' retrieved from /home/airflow/.local/lib/python3.12/site-packages/airflow/example_dags/example_params_trigger_ui.py
[2024-09-09T08:21:45.253+0000] {logging_mixin.py:190} INFO - [2024-09-09T08:21:45.253+0000] {dag.py:3229} INFO - Sync 1 DAGs
[2024-09-09T08:21:45.266+0000] {logging_mixin.py:190} INFO - [2024-09-09T08:21:45.266+0000] {dag.py:4156} INFO - Setting next_dagrun for example_params_trigger_ui to None, run_after=None
[2024-09-09T08:21:45.285+0000] {processor.py:208} INFO - Processing /home/airflow/.local/lib/python3.12/site-packages/airflow/example_dags/example_params_trigger_ui.py took 0.093 seconds
[2024-09-09T08:22:16.179+0000] {processor.py:186} INFO - Started process (PID=10379) to work on /home/airflow/.local/lib/python3.12/site-packages/airflow/example_dags/example_params_trigger_ui.py
[2024-09-09T08:22:16.180+0000] {processor.py:914} INFO - Processing file /home/airflow/.local/lib/python3.12/site-packages/airflow/example_dags/example_params_trigger_ui.py for tasks to queue
[2024-09-09T08:22:16.182+0000] {logging_mixin.py:190} INFO - [2024-09-09T08:22:16.182+0000] {dagbag.py:587} INFO - Filling up the DagBag from /home/airflow/.local/lib/python3.12/site-packages/airflow/example_dags/example_params_trigger_ui.py
[2024-09-09T08:22:16.191+0000] {processor.py:925} INFO - DAG(s) 'example_params_trigger_ui' retrieved from /home/airflow/.local/lib/python3.12/site-packages/airflow/example_dags/example_params_trigger_ui.py
[2024-09-09T08:22:16.226+0000] {logging_mixin.py:190} INFO - [2024-09-09T08:22:16.226+0000] {dag.py:3229} INFO - Sync 1 DAGs
[2024-09-09T08:22:16.239+0000] {logging_mixin.py:190} INFO - [2024-09-09T08:22:16.239+0000] {dag.py:4156} INFO - Setting next_dagrun for example_params_trigger_ui to None, run_after=None
[2024-09-09T08:22:16.258+0000] {processor.py:208} INFO - Processing /home/airflow/.local/lib/python3.12/site-packages/airflow/example_dags/example_params_trigger_ui.py took 0.083 seconds
[2024-09-09T08:22:46.804+0000] {processor.py:186} INFO - Started process (PID=10663) to work on /home/airflow/.local/lib/python3.12/site-packages/airflow/example_dags/example_params_trigger_ui.py
[2024-09-09T08:22:46.805+0000] {processor.py:914} INFO - Processing file /home/airflow/.local/lib/python3.12/site-packages/airflow/example_dags/example_params_trigger_ui.py for tasks to queue
[2024-09-09T08:22:46.809+0000] {logging_mixin.py:190} INFO - [2024-09-09T08:22:46.808+0000] {dagbag.py:587} INFO - Filling up the DagBag from /home/airflow/.local/lib/python3.12/site-packages/airflow/example_dags/example_params_trigger_ui.py
[2024-09-09T08:22:46.826+0000] {processor.py:925} INFO - DAG(s) 'example_params_trigger_ui' retrieved from /home/airflow/.local/lib/python3.12/site-packages/airflow/example_dags/example_params_trigger_ui.py
[2024-09-09T08:22:46.894+0000] {logging_mixin.py:190} INFO - [2024-09-09T08:22:46.894+0000] {dag.py:3229} INFO - Sync 1 DAGs
[2024-09-09T08:22:46.915+0000] {logging_mixin.py:190} INFO - [2024-09-09T08:22:46.914+0000] {dag.py:4156} INFO - Setting next_dagrun for example_params_trigger_ui to None, run_after=None
[2024-09-09T08:22:46.946+0000] {processor.py:208} INFO - Processing /home/airflow/.local/lib/python3.12/site-packages/airflow/example_dags/example_params_trigger_ui.py took 0.151 seconds
[2024-09-09T08:23:17.722+0000] {processor.py:186} INFO - Started process (PID=10951) to work on /home/airflow/.local/lib/python3.12/site-packages/airflow/example_dags/example_params_trigger_ui.py
[2024-09-09T08:23:17.723+0000] {processor.py:914} INFO - Processing file /home/airflow/.local/lib/python3.12/site-packages/airflow/example_dags/example_params_trigger_ui.py for tasks to queue
[2024-09-09T08:23:17.725+0000] {logging_mixin.py:190} INFO - [2024-09-09T08:23:17.725+0000] {dagbag.py:587} INFO - Filling up the DagBag from /home/airflow/.local/lib/python3.12/site-packages/airflow/example_dags/example_params_trigger_ui.py
[2024-09-09T08:23:17.733+0000] {processor.py:925} INFO - DAG(s) 'example_params_trigger_ui' retrieved from /home/airflow/.local/lib/python3.12/site-packages/airflow/example_dags/example_params_trigger_ui.py
[2024-09-09T08:23:17.767+0000] {logging_mixin.py:190} INFO - [2024-09-09T08:23:17.767+0000] {dag.py:3229} INFO - Sync 1 DAGs
[2024-09-09T08:23:17.778+0000] {logging_mixin.py:190} INFO - [2024-09-09T08:23:17.778+0000] {dag.py:4156} INFO - Setting next_dagrun for example_params_trigger_ui to None, run_after=None
[2024-09-09T08:23:17.795+0000] {processor.py:208} INFO - Processing /home/airflow/.local/lib/python3.12/site-packages/airflow/example_dags/example_params_trigger_ui.py took 0.078 seconds
[2024-09-09T08:23:47.968+0000] {processor.py:186} INFO - Started process (PID=11235) to work on /home/airflow/.local/lib/python3.12/site-packages/airflow/example_dags/example_params_trigger_ui.py
[2024-09-09T08:23:47.969+0000] {processor.py:914} INFO - Processing file /home/airflow/.local/lib/python3.12/site-packages/airflow/example_dags/example_params_trigger_ui.py for tasks to queue
[2024-09-09T08:23:47.972+0000] {logging_mixin.py:190} INFO - [2024-09-09T08:23:47.971+0000] {dagbag.py:587} INFO - Filling up the DagBag from /home/airflow/.local/lib/python3.12/site-packages/airflow/example_dags/example_params_trigger_ui.py
[2024-09-09T08:23:47.983+0000] {processor.py:925} INFO - DAG(s) 'example_params_trigger_ui' retrieved from /home/airflow/.local/lib/python3.12/site-packages/airflow/example_dags/example_params_trigger_ui.py
[2024-09-09T08:23:48.029+0000] {logging_mixin.py:190} INFO - [2024-09-09T08:23:48.028+0000] {dag.py:3229} INFO - Sync 1 DAGs
[2024-09-09T08:23:48.046+0000] {logging_mixin.py:190} INFO - [2024-09-09T08:23:48.045+0000] {dag.py:4156} INFO - Setting next_dagrun for example_params_trigger_ui to None, run_after=None
[2024-09-09T08:23:48.072+0000] {processor.py:208} INFO - Processing /home/airflow/.local/lib/python3.12/site-packages/airflow/example_dags/example_params_trigger_ui.py took 0.111 seconds
[2024-09-09T08:24:18.249+0000] {processor.py:186} INFO - Started process (PID=11523) to work on /home/airflow/.local/lib/python3.12/site-packages/airflow/example_dags/example_params_trigger_ui.py
[2024-09-09T08:24:18.251+0000] {processor.py:914} INFO - Processing file /home/airflow/.local/lib/python3.12/site-packages/airflow/example_dags/example_params_trigger_ui.py for tasks to queue
[2024-09-09T08:24:18.254+0000] {logging_mixin.py:190} INFO - [2024-09-09T08:24:18.254+0000] {dagbag.py:587} INFO - Filling up the DagBag from /home/airflow/.local/lib/python3.12/site-packages/airflow/example_dags/example_params_trigger_ui.py
[2024-09-09T08:24:18.268+0000] {processor.py:925} INFO - DAG(s) 'example_params_trigger_ui' retrieved from /home/airflow/.local/lib/python3.12/site-packages/airflow/example_dags/example_params_trigger_ui.py
[2024-09-09T08:24:18.310+0000] {logging_mixin.py:190} INFO - [2024-09-09T08:24:18.310+0000] {dag.py:3229} INFO - Sync 1 DAGs
[2024-09-09T08:24:18.323+0000] {logging_mixin.py:190} INFO - [2024-09-09T08:24:18.322+0000] {dag.py:4156} INFO - Setting next_dagrun for example_params_trigger_ui to None, run_after=None
[2024-09-09T08:24:18.339+0000] {processor.py:208} INFO - Processing /home/airflow/.local/lib/python3.12/site-packages/airflow/example_dags/example_params_trigger_ui.py took 0.096 seconds
[2024-09-09T08:24:48.615+0000] {processor.py:186} INFO - Started process (PID=11809) to work on /home/airflow/.local/lib/python3.12/site-packages/airflow/example_dags/example_params_trigger_ui.py
[2024-09-09T08:24:48.616+0000] {processor.py:914} INFO - Processing file /home/airflow/.local/lib/python3.12/site-packages/airflow/example_dags/example_params_trigger_ui.py for tasks to queue
[2024-09-09T08:24:48.618+0000] {logging_mixin.py:190} INFO - [2024-09-09T08:24:48.618+0000] {dagbag.py:587} INFO - Filling up the DagBag from /home/airflow/.local/lib/python3.12/site-packages/airflow/example_dags/example_params_trigger_ui.py
[2024-09-09T08:24:48.626+0000] {processor.py:925} INFO - DAG(s) 'example_params_trigger_ui' retrieved from /home/airflow/.local/lib/python3.12/site-packages/airflow/example_dags/example_params_trigger_ui.py
[2024-09-09T08:24:48.662+0000] {logging_mixin.py:190} INFO - [2024-09-09T08:24:48.662+0000] {dag.py:3229} INFO - Sync 1 DAGs
[2024-09-09T08:24:48.675+0000] {logging_mixin.py:190} INFO - [2024-09-09T08:24:48.675+0000] {dag.py:4156} INFO - Setting next_dagrun for example_params_trigger_ui to None, run_after=None
[2024-09-09T08:24:48.695+0000] {processor.py:208} INFO - Processing /home/airflow/.local/lib/python3.12/site-packages/airflow/example_dags/example_params_trigger_ui.py took 0.084 seconds
[2024-09-09T08:25:18.857+0000] {processor.py:186} INFO - Started process (PID=12093) to work on /home/airflow/.local/lib/python3.12/site-packages/airflow/example_dags/example_params_trigger_ui.py
[2024-09-09T08:25:18.859+0000] {processor.py:914} INFO - Processing file /home/airflow/.local/lib/python3.12/site-packages/airflow/example_dags/example_params_trigger_ui.py for tasks to queue
[2024-09-09T08:25:18.864+0000] {logging_mixin.py:190} INFO - [2024-09-09T08:25:18.863+0000] {dagbag.py:587} INFO - Filling up the DagBag from /home/airflow/.local/lib/python3.12/site-packages/airflow/example_dags/example_params_trigger_ui.py
[2024-09-09T08:25:18.878+0000] {processor.py:925} INFO - DAG(s) 'example_params_trigger_ui' retrieved from /home/airflow/.local/lib/python3.12/site-packages/airflow/example_dags/example_params_trigger_ui.py
[2024-09-09T08:25:18.953+0000] {logging_mixin.py:190} INFO - [2024-09-09T08:25:18.953+0000] {dag.py:3229} INFO - Sync 1 DAGs
[2024-09-09T08:25:18.969+0000] {logging_mixin.py:190} INFO - [2024-09-09T08:25:18.969+0000] {dag.py:4156} INFO - Setting next_dagrun for example_params_trigger_ui to None, run_after=None
[2024-09-09T08:25:18.986+0000] {processor.py:208} INFO - Processing /home/airflow/.local/lib/python3.12/site-packages/airflow/example_dags/example_params_trigger_ui.py took 0.136 seconds
[2024-09-09T08:25:49.245+0000] {processor.py:186} INFO - Started process (PID=12380) to work on /home/airflow/.local/lib/python3.12/site-packages/airflow/example_dags/example_params_trigger_ui.py
[2024-09-09T08:25:49.246+0000] {processor.py:914} INFO - Processing file /home/airflow/.local/lib/python3.12/site-packages/airflow/example_dags/example_params_trigger_ui.py for tasks to queue
[2024-09-09T08:25:49.248+0000] {logging_mixin.py:190} INFO - [2024-09-09T08:25:49.248+0000] {dagbag.py:587} INFO - Filling up the DagBag from /home/airflow/.local/lib/python3.12/site-packages/airflow/example_dags/example_params_trigger_ui.py
[2024-09-09T08:25:49.258+0000] {processor.py:925} INFO - DAG(s) 'example_params_trigger_ui' retrieved from /home/airflow/.local/lib/python3.12/site-packages/airflow/example_dags/example_params_trigger_ui.py
[2024-09-09T08:25:49.300+0000] {logging_mixin.py:190} INFO - [2024-09-09T08:25:49.299+0000] {dag.py:3229} INFO - Sync 1 DAGs
[2024-09-09T08:25:49.310+0000] {logging_mixin.py:190} INFO - [2024-09-09T08:25:49.310+0000] {dag.py:4156} INFO - Setting next_dagrun for example_params_trigger_ui to None, run_after=None
[2024-09-09T08:25:49.326+0000] {processor.py:208} INFO - Processing /home/airflow/.local/lib/python3.12/site-packages/airflow/example_dags/example_params_trigger_ui.py took 0.086 seconds
[2024-09-09T08:26:20.123+0000] {processor.py:186} INFO - Started process (PID=12666) to work on /home/airflow/.local/lib/python3.12/site-packages/airflow/example_dags/example_params_trigger_ui.py
[2024-09-09T08:26:20.124+0000] {processor.py:914} INFO - Processing file /home/airflow/.local/lib/python3.12/site-packages/airflow/example_dags/example_params_trigger_ui.py for tasks to queue
[2024-09-09T08:26:20.126+0000] {logging_mixin.py:190} INFO - [2024-09-09T08:26:20.126+0000] {dagbag.py:587} INFO - Filling up the DagBag from /home/airflow/.local/lib/python3.12/site-packages/airflow/example_dags/example_params_trigger_ui.py
[2024-09-09T08:26:20.135+0000] {processor.py:925} INFO - DAG(s) 'example_params_trigger_ui' retrieved from /home/airflow/.local/lib/python3.12/site-packages/airflow/example_dags/example_params_trigger_ui.py
[2024-09-09T08:26:20.168+0000] {logging_mixin.py:190} INFO - [2024-09-09T08:26:20.168+0000] {dag.py:3229} INFO - Sync 1 DAGs
[2024-09-09T08:26:20.180+0000] {logging_mixin.py:190} INFO - [2024-09-09T08:26:20.180+0000] {dag.py:4156} INFO - Setting next_dagrun for example_params_trigger_ui to None, run_after=None
[2024-09-09T08:26:20.199+0000] {processor.py:208} INFO - Processing /home/airflow/.local/lib/python3.12/site-packages/airflow/example_dags/example_params_trigger_ui.py took 0.081 seconds
[2024-09-09T08:26:50.763+0000] {processor.py:186} INFO - Started process (PID=12952) to work on /home/airflow/.local/lib/python3.12/site-packages/airflow/example_dags/example_params_trigger_ui.py
[2024-09-09T08:26:50.765+0000] {processor.py:914} INFO - Processing file /home/airflow/.local/lib/python3.12/site-packages/airflow/example_dags/example_params_trigger_ui.py for tasks to queue
[2024-09-09T08:26:50.767+0000] {logging_mixin.py:190} INFO - [2024-09-09T08:26:50.767+0000] {dagbag.py:587} INFO - Filling up the DagBag from /home/airflow/.local/lib/python3.12/site-packages/airflow/example_dags/example_params_trigger_ui.py
[2024-09-09T08:26:50.776+0000] {processor.py:925} INFO - DAG(s) 'example_params_trigger_ui' retrieved from /home/airflow/.local/lib/python3.12/site-packages/airflow/example_dags/example_params_trigger_ui.py
[2024-09-09T08:26:50.812+0000] {logging_mixin.py:190} INFO - [2024-09-09T08:26:50.812+0000] {dag.py:3229} INFO - Sync 1 DAGs
[2024-09-09T08:26:50.825+0000] {logging_mixin.py:190} INFO - [2024-09-09T08:26:50.824+0000] {dag.py:4156} INFO - Setting next_dagrun for example_params_trigger_ui to None, run_after=None
[2024-09-09T08:26:50.843+0000] {processor.py:208} INFO - Processing /home/airflow/.local/lib/python3.12/site-packages/airflow/example_dags/example_params_trigger_ui.py took 0.083 seconds
[2024-09-09T08:27:21.379+0000] {processor.py:186} INFO - Started process (PID=13238) to work on /home/airflow/.local/lib/python3.12/site-packages/airflow/example_dags/example_params_trigger_ui.py
[2024-09-09T08:27:21.380+0000] {processor.py:914} INFO - Processing file /home/airflow/.local/lib/python3.12/site-packages/airflow/example_dags/example_params_trigger_ui.py for tasks to queue
[2024-09-09T08:27:21.383+0000] {logging_mixin.py:190} INFO - [2024-09-09T08:27:21.383+0000] {dagbag.py:587} INFO - Filling up the DagBag from /home/airflow/.local/lib/python3.12/site-packages/airflow/example_dags/example_params_trigger_ui.py
[2024-09-09T08:27:21.391+0000] {processor.py:925} INFO - DAG(s) 'example_params_trigger_ui' retrieved from /home/airflow/.local/lib/python3.12/site-packages/airflow/example_dags/example_params_trigger_ui.py
[2024-09-09T08:27:21.427+0000] {logging_mixin.py:190} INFO - [2024-09-09T08:27:21.427+0000] {dag.py:3229} INFO - Sync 1 DAGs
[2024-09-09T08:27:21.438+0000] {logging_mixin.py:190} INFO - [2024-09-09T08:27:21.438+0000] {dag.py:4156} INFO - Setting next_dagrun for example_params_trigger_ui to None, run_after=None
[2024-09-09T08:27:21.455+0000] {processor.py:208} INFO - Processing /home/airflow/.local/lib/python3.12/site-packages/airflow/example_dags/example_params_trigger_ui.py took 0.081 seconds
[2024-09-09T08:27:52.592+0000] {processor.py:186} INFO - Started process (PID=13524) to work on /home/airflow/.local/lib/python3.12/site-packages/airflow/example_dags/example_params_trigger_ui.py
[2024-09-09T08:27:52.593+0000] {processor.py:914} INFO - Processing file /home/airflow/.local/lib/python3.12/site-packages/airflow/example_dags/example_params_trigger_ui.py for tasks to queue
[2024-09-09T08:27:52.596+0000] {logging_mixin.py:190} INFO - [2024-09-09T08:27:52.595+0000] {dagbag.py:587} INFO - Filling up the DagBag from /home/airflow/.local/lib/python3.12/site-packages/airflow/example_dags/example_params_trigger_ui.py
[2024-09-09T08:27:52.609+0000] {processor.py:925} INFO - DAG(s) 'example_params_trigger_ui' retrieved from /home/airflow/.local/lib/python3.12/site-packages/airflow/example_dags/example_params_trigger_ui.py
[2024-09-09T08:27:52.651+0000] {logging_mixin.py:190} INFO - [2024-09-09T08:27:52.651+0000] {dag.py:3229} INFO - Sync 1 DAGs
[2024-09-09T08:27:52.667+0000] {logging_mixin.py:190} INFO - [2024-09-09T08:27:52.666+0000] {dag.py:4156} INFO - Setting next_dagrun for example_params_trigger_ui to None, run_after=None
[2024-09-09T08:27:52.691+0000] {processor.py:208} INFO - Processing /home/airflow/.local/lib/python3.12/site-packages/airflow/example_dags/example_params_trigger_ui.py took 0.105 seconds
[2024-09-09T08:28:25.799+0000] {processor.py:186} INFO - Started process (PID=13810) to work on /home/airflow/.local/lib/python3.12/site-packages/airflow/example_dags/example_params_trigger_ui.py
[2024-09-09T08:28:25.801+0000] {processor.py:914} INFO - Processing file /home/airflow/.local/lib/python3.12/site-packages/airflow/example_dags/example_params_trigger_ui.py for tasks to queue
[2024-09-09T08:28:25.804+0000] {logging_mixin.py:190} INFO - [2024-09-09T08:28:25.804+0000] {dagbag.py:587} INFO - Filling up the DagBag from /home/airflow/.local/lib/python3.12/site-packages/airflow/example_dags/example_params_trigger_ui.py
[2024-09-09T08:28:25.822+0000] {processor.py:925} INFO - DAG(s) 'example_params_trigger_ui' retrieved from /home/airflow/.local/lib/python3.12/site-packages/airflow/example_dags/example_params_trigger_ui.py
[2024-09-09T08:28:25.880+0000] {logging_mixin.py:190} INFO - [2024-09-09T08:28:25.880+0000] {dag.py:3229} INFO - Sync 1 DAGs
[2024-09-09T08:28:25.899+0000] {logging_mixin.py:190} INFO - [2024-09-09T08:28:25.898+0000] {dag.py:4156} INFO - Setting next_dagrun for example_params_trigger_ui to None, run_after=None
[2024-09-09T08:28:25.921+0000] {processor.py:208} INFO - Processing /home/airflow/.local/lib/python3.12/site-packages/airflow/example_dags/example_params_trigger_ui.py took 0.136 seconds
[2024-09-09T08:28:57.109+0000] {processor.py:186} INFO - Started process (PID=14096) to work on /home/airflow/.local/lib/python3.12/site-packages/airflow/example_dags/example_params_trigger_ui.py
[2024-09-09T08:28:57.110+0000] {processor.py:914} INFO - Processing file /home/airflow/.local/lib/python3.12/site-packages/airflow/example_dags/example_params_trigger_ui.py for tasks to queue
[2024-09-09T08:28:57.116+0000] {logging_mixin.py:190} INFO - [2024-09-09T08:28:57.116+0000] {dagbag.py:587} INFO - Filling up the DagBag from /home/airflow/.local/lib/python3.12/site-packages/airflow/example_dags/example_params_trigger_ui.py
[2024-09-09T08:28:57.135+0000] {processor.py:925} INFO - DAG(s) 'example_params_trigger_ui' retrieved from /home/airflow/.local/lib/python3.12/site-packages/airflow/example_dags/example_params_trigger_ui.py
[2024-09-09T08:28:57.232+0000] {logging_mixin.py:190} INFO - [2024-09-09T08:28:57.232+0000] {dag.py:3229} INFO - Sync 1 DAGs
[2024-09-09T08:28:57.270+0000] {logging_mixin.py:190} INFO - [2024-09-09T08:28:57.269+0000] {dag.py:4156} INFO - Setting next_dagrun for example_params_trigger_ui to None, run_after=None
[2024-09-09T08:28:57.301+0000] {processor.py:208} INFO - Processing /home/airflow/.local/lib/python3.12/site-packages/airflow/example_dags/example_params_trigger_ui.py took 0.200 seconds
[2024-09-09T08:29:28.183+0000] {processor.py:186} INFO - Started process (PID=14384) to work on /home/airflow/.local/lib/python3.12/site-packages/airflow/example_dags/example_params_trigger_ui.py
[2024-09-09T08:29:28.186+0000] {processor.py:914} INFO - Processing file /home/airflow/.local/lib/python3.12/site-packages/airflow/example_dags/example_params_trigger_ui.py for tasks to queue
[2024-09-09T08:29:28.190+0000] {logging_mixin.py:190} INFO - [2024-09-09T08:29:28.190+0000] {dagbag.py:587} INFO - Filling up the DagBag from /home/airflow/.local/lib/python3.12/site-packages/airflow/example_dags/example_params_trigger_ui.py
[2024-09-09T08:29:28.208+0000] {processor.py:925} INFO - DAG(s) 'example_params_trigger_ui' retrieved from /home/airflow/.local/lib/python3.12/site-packages/airflow/example_dags/example_params_trigger_ui.py
[2024-09-09T08:29:28.287+0000] {logging_mixin.py:190} INFO - [2024-09-09T08:29:28.287+0000] {dag.py:3229} INFO - Sync 1 DAGs
[2024-09-09T08:29:28.306+0000] {logging_mixin.py:190} INFO - [2024-09-09T08:29:28.306+0000] {dag.py:4156} INFO - Setting next_dagrun for example_params_trigger_ui to None, run_after=None
[2024-09-09T08:29:28.334+0000] {processor.py:208} INFO - Processing /home/airflow/.local/lib/python3.12/site-packages/airflow/example_dags/example_params_trigger_ui.py took 0.160 seconds
[2024-09-09T08:29:58.493+0000] {processor.py:186} INFO - Started process (PID=14670) to work on /home/airflow/.local/lib/python3.12/site-packages/airflow/example_dags/example_params_trigger_ui.py
[2024-09-09T08:29:58.496+0000] {processor.py:914} INFO - Processing file /home/airflow/.local/lib/python3.12/site-packages/airflow/example_dags/example_params_trigger_ui.py for tasks to queue
[2024-09-09T08:29:58.500+0000] {logging_mixin.py:190} INFO - [2024-09-09T08:29:58.499+0000] {dagbag.py:587} INFO - Filling up the DagBag from /home/airflow/.local/lib/python3.12/site-packages/airflow/example_dags/example_params_trigger_ui.py
[2024-09-09T08:29:58.515+0000] {processor.py:925} INFO - DAG(s) 'example_params_trigger_ui' retrieved from /home/airflow/.local/lib/python3.12/site-packages/airflow/example_dags/example_params_trigger_ui.py
[2024-09-09T08:29:58.576+0000] {logging_mixin.py:190} INFO - [2024-09-09T08:29:58.575+0000] {dag.py:3229} INFO - Sync 1 DAGs
[2024-09-09T08:29:58.593+0000] {logging_mixin.py:190} INFO - [2024-09-09T08:29:58.593+0000] {dag.py:4156} INFO - Setting next_dagrun for example_params_trigger_ui to None, run_after=None
[2024-09-09T08:29:58.617+0000] {processor.py:208} INFO - Processing /home/airflow/.local/lib/python3.12/site-packages/airflow/example_dags/example_params_trigger_ui.py took 0.132 seconds
[2024-09-09T08:30:28.903+0000] {processor.py:186} INFO - Started process (PID=14954) to work on /home/airflow/.local/lib/python3.12/site-packages/airflow/example_dags/example_params_trigger_ui.py
[2024-09-09T08:30:28.904+0000] {processor.py:914} INFO - Processing file /home/airflow/.local/lib/python3.12/site-packages/airflow/example_dags/example_params_trigger_ui.py for tasks to queue
[2024-09-09T08:30:28.907+0000] {logging_mixin.py:190} INFO - [2024-09-09T08:30:28.907+0000] {dagbag.py:587} INFO - Filling up the DagBag from /home/airflow/.local/lib/python3.12/site-packages/airflow/example_dags/example_params_trigger_ui.py
[2024-09-09T08:30:28.919+0000] {processor.py:925} INFO - DAG(s) 'example_params_trigger_ui' retrieved from /home/airflow/.local/lib/python3.12/site-packages/airflow/example_dags/example_params_trigger_ui.py
[2024-09-09T08:30:29.046+0000] {logging_mixin.py:190} INFO - [2024-09-09T08:30:29.045+0000] {dag.py:3229} INFO - Sync 1 DAGs
[2024-09-09T08:30:29.065+0000] {logging_mixin.py:190} INFO - [2024-09-09T08:30:29.064+0000] {dag.py:4156} INFO - Setting next_dagrun for example_params_trigger_ui to None, run_after=None
[2024-09-09T08:30:29.087+0000] {processor.py:208} INFO - Processing /home/airflow/.local/lib/python3.12/site-packages/airflow/example_dags/example_params_trigger_ui.py took 0.191 seconds
[2024-09-09T08:31:00.269+0000] {processor.py:186} INFO - Started process (PID=15240) to work on /home/airflow/.local/lib/python3.12/site-packages/airflow/example_dags/example_params_trigger_ui.py
[2024-09-09T08:31:00.271+0000] {processor.py:914} INFO - Processing file /home/airflow/.local/lib/python3.12/site-packages/airflow/example_dags/example_params_trigger_ui.py for tasks to queue
[2024-09-09T08:31:00.273+0000] {logging_mixin.py:190} INFO - [2024-09-09T08:31:00.273+0000] {dagbag.py:587} INFO - Filling up the DagBag from /home/airflow/.local/lib/python3.12/site-packages/airflow/example_dags/example_params_trigger_ui.py
[2024-09-09T08:31:00.287+0000] {processor.py:925} INFO - DAG(s) 'example_params_trigger_ui' retrieved from /home/airflow/.local/lib/python3.12/site-packages/airflow/example_dags/example_params_trigger_ui.py
[2024-09-09T08:31:00.340+0000] {logging_mixin.py:190} INFO - [2024-09-09T08:31:00.340+0000] {dag.py:3229} INFO - Sync 1 DAGs
[2024-09-09T08:31:00.357+0000] {logging_mixin.py:190} INFO - [2024-09-09T08:31:00.357+0000] {dag.py:4156} INFO - Setting next_dagrun for example_params_trigger_ui to None, run_after=None
[2024-09-09T08:31:00.380+0000] {processor.py:208} INFO - Processing /home/airflow/.local/lib/python3.12/site-packages/airflow/example_dags/example_params_trigger_ui.py took 0.119 seconds
[2024-09-09T08:31:32.236+0000] {processor.py:186} INFO - Started process (PID=15528) to work on /home/airflow/.local/lib/python3.12/site-packages/airflow/example_dags/example_params_trigger_ui.py
[2024-09-09T08:31:32.237+0000] {processor.py:914} INFO - Processing file /home/airflow/.local/lib/python3.12/site-packages/airflow/example_dags/example_params_trigger_ui.py for tasks to queue
[2024-09-09T08:31:32.240+0000] {logging_mixin.py:190} INFO - [2024-09-09T08:31:32.239+0000] {dagbag.py:587} INFO - Filling up the DagBag from /home/airflow/.local/lib/python3.12/site-packages/airflow/example_dags/example_params_trigger_ui.py
[2024-09-09T08:31:32.250+0000] {processor.py:925} INFO - DAG(s) 'example_params_trigger_ui' retrieved from /home/airflow/.local/lib/python3.12/site-packages/airflow/example_dags/example_params_trigger_ui.py
[2024-09-09T08:31:32.296+0000] {logging_mixin.py:190} INFO - [2024-09-09T08:31:32.296+0000] {dag.py:3229} INFO - Sync 1 DAGs
[2024-09-09T08:31:32.311+0000] {logging_mixin.py:190} INFO - [2024-09-09T08:31:32.311+0000] {dag.py:4156} INFO - Setting next_dagrun for example_params_trigger_ui to None, run_after=None
[2024-09-09T08:31:32.334+0000] {processor.py:208} INFO - Processing /home/airflow/.local/lib/python3.12/site-packages/airflow/example_dags/example_params_trigger_ui.py took 0.103 seconds
[2024-09-09T08:32:03.060+0000] {processor.py:186} INFO - Started process (PID=15812) to work on /home/airflow/.local/lib/python3.12/site-packages/airflow/example_dags/example_params_trigger_ui.py
[2024-09-09T08:32:03.061+0000] {processor.py:914} INFO - Processing file /home/airflow/.local/lib/python3.12/site-packages/airflow/example_dags/example_params_trigger_ui.py for tasks to queue
[2024-09-09T08:32:03.063+0000] {logging_mixin.py:190} INFO - [2024-09-09T08:32:03.063+0000] {dagbag.py:587} INFO - Filling up the DagBag from /home/airflow/.local/lib/python3.12/site-packages/airflow/example_dags/example_params_trigger_ui.py
[2024-09-09T08:32:03.072+0000] {processor.py:925} INFO - DAG(s) 'example_params_trigger_ui' retrieved from /home/airflow/.local/lib/python3.12/site-packages/airflow/example_dags/example_params_trigger_ui.py
[2024-09-09T08:32:03.108+0000] {logging_mixin.py:190} INFO - [2024-09-09T08:32:03.107+0000] {dag.py:3229} INFO - Sync 1 DAGs
[2024-09-09T08:32:03.121+0000] {logging_mixin.py:190} INFO - [2024-09-09T08:32:03.121+0000] {dag.py:4156} INFO - Setting next_dagrun for example_params_trigger_ui to None, run_after=None
[2024-09-09T08:32:03.316+0000] {processor.py:208} INFO - Processing /home/airflow/.local/lib/python3.12/site-packages/airflow/example_dags/example_params_trigger_ui.py took 0.261 seconds
[2024-09-09T08:32:34.540+0000] {processor.py:186} INFO - Started process (PID=16103) to work on /home/airflow/.local/lib/python3.12/site-packages/airflow/example_dags/example_params_trigger_ui.py
[2024-09-09T08:32:34.542+0000] {processor.py:914} INFO - Processing file /home/airflow/.local/lib/python3.12/site-packages/airflow/example_dags/example_params_trigger_ui.py for tasks to queue
[2024-09-09T08:32:34.546+0000] {logging_mixin.py:190} INFO - [2024-09-09T08:32:34.545+0000] {dagbag.py:587} INFO - Filling up the DagBag from /home/airflow/.local/lib/python3.12/site-packages/airflow/example_dags/example_params_trigger_ui.py
[2024-09-09T08:32:34.564+0000] {processor.py:925} INFO - DAG(s) 'example_params_trigger_ui' retrieved from /home/airflow/.local/lib/python3.12/site-packages/airflow/example_dags/example_params_trigger_ui.py
[2024-09-09T08:32:34.648+0000] {logging_mixin.py:190} INFO - [2024-09-09T08:32:34.648+0000] {dag.py:3229} INFO - Sync 1 DAGs
[2024-09-09T08:32:34.678+0000] {logging_mixin.py:190} INFO - [2024-09-09T08:32:34.678+0000] {dag.py:4156} INFO - Setting next_dagrun for example_params_trigger_ui to None, run_after=None
[2024-09-09T08:32:34.746+0000] {processor.py:208} INFO - Processing /home/airflow/.local/lib/python3.12/site-packages/airflow/example_dags/example_params_trigger_ui.py took 0.217 seconds
[2024-09-09T08:33:05.610+0000] {processor.py:186} INFO - Started process (PID=16388) to work on /home/airflow/.local/lib/python3.12/site-packages/airflow/example_dags/example_params_trigger_ui.py
[2024-09-09T08:33:05.611+0000] {processor.py:914} INFO - Processing file /home/airflow/.local/lib/python3.12/site-packages/airflow/example_dags/example_params_trigger_ui.py for tasks to queue
[2024-09-09T08:33:05.615+0000] {logging_mixin.py:190} INFO - [2024-09-09T08:33:05.614+0000] {dagbag.py:587} INFO - Filling up the DagBag from /home/airflow/.local/lib/python3.12/site-packages/airflow/example_dags/example_params_trigger_ui.py
[2024-09-09T08:33:05.627+0000] {processor.py:925} INFO - DAG(s) 'example_params_trigger_ui' retrieved from /home/airflow/.local/lib/python3.12/site-packages/airflow/example_dags/example_params_trigger_ui.py
[2024-09-09T08:33:05.672+0000] {logging_mixin.py:190} INFO - [2024-09-09T08:33:05.672+0000] {dag.py:3229} INFO - Sync 1 DAGs
[2024-09-09T08:33:05.687+0000] {logging_mixin.py:190} INFO - [2024-09-09T08:33:05.687+0000] {dag.py:4156} INFO - Setting next_dagrun for example_params_trigger_ui to None, run_after=None
[2024-09-09T08:33:05.712+0000] {processor.py:208} INFO - Processing /home/airflow/.local/lib/python3.12/site-packages/airflow/example_dags/example_params_trigger_ui.py took 0.109 seconds
[2024-09-09T08:33:36.521+0000] {processor.py:186} INFO - Started process (PID=16674) to work on /home/airflow/.local/lib/python3.12/site-packages/airflow/example_dags/example_params_trigger_ui.py
[2024-09-09T08:33:36.523+0000] {processor.py:914} INFO - Processing file /home/airflow/.local/lib/python3.12/site-packages/airflow/example_dags/example_params_trigger_ui.py for tasks to queue
[2024-09-09T08:33:36.525+0000] {logging_mixin.py:190} INFO - [2024-09-09T08:33:36.525+0000] {dagbag.py:587} INFO - Filling up the DagBag from /home/airflow/.local/lib/python3.12/site-packages/airflow/example_dags/example_params_trigger_ui.py
[2024-09-09T08:33:36.534+0000] {processor.py:925} INFO - DAG(s) 'example_params_trigger_ui' retrieved from /home/airflow/.local/lib/python3.12/site-packages/airflow/example_dags/example_params_trigger_ui.py
[2024-09-09T08:33:36.574+0000] {logging_mixin.py:190} INFO - [2024-09-09T08:33:36.574+0000] {dag.py:3229} INFO - Sync 1 DAGs
[2024-09-09T08:33:36.588+0000] {logging_mixin.py:190} INFO - [2024-09-09T08:33:36.587+0000] {dag.py:4156} INFO - Setting next_dagrun for example_params_trigger_ui to None, run_after=None
[2024-09-09T08:33:36.612+0000] {processor.py:208} INFO - Processing /home/airflow/.local/lib/python3.12/site-packages/airflow/example_dags/example_params_trigger_ui.py took 0.096 seconds
[2024-09-09T08:34:07.572+0000] {processor.py:186} INFO - Started process (PID=16960) to work on /home/airflow/.local/lib/python3.12/site-packages/airflow/example_dags/example_params_trigger_ui.py
[2024-09-09T08:34:07.573+0000] {processor.py:914} INFO - Processing file /home/airflow/.local/lib/python3.12/site-packages/airflow/example_dags/example_params_trigger_ui.py for tasks to queue
[2024-09-09T08:34:07.575+0000] {logging_mixin.py:190} INFO - [2024-09-09T08:34:07.575+0000] {dagbag.py:587} INFO - Filling up the DagBag from /home/airflow/.local/lib/python3.12/site-packages/airflow/example_dags/example_params_trigger_ui.py
[2024-09-09T08:34:07.738+0000] {processor.py:925} INFO - DAG(s) 'example_params_trigger_ui' retrieved from /home/airflow/.local/lib/python3.12/site-packages/airflow/example_dags/example_params_trigger_ui.py
[2024-09-09T08:34:07.784+0000] {logging_mixin.py:190} INFO - [2024-09-09T08:34:07.784+0000] {dag.py:3229} INFO - Sync 1 DAGs
[2024-09-09T08:34:07.796+0000] {logging_mixin.py:190} INFO - [2024-09-09T08:34:07.796+0000] {dag.py:4156} INFO - Setting next_dagrun for example_params_trigger_ui to None, run_after=None
[2024-09-09T08:34:07.817+0000] {processor.py:208} INFO - Processing /home/airflow/.local/lib/python3.12/site-packages/airflow/example_dags/example_params_trigger_ui.py took 0.251 seconds
[2024-09-09T08:34:38.174+0000] {processor.py:186} INFO - Started process (PID=17246) to work on /home/airflow/.local/lib/python3.12/site-packages/airflow/example_dags/example_params_trigger_ui.py
[2024-09-09T08:34:38.175+0000] {processor.py:914} INFO - Processing file /home/airflow/.local/lib/python3.12/site-packages/airflow/example_dags/example_params_trigger_ui.py for tasks to queue
[2024-09-09T08:34:38.178+0000] {logging_mixin.py:190} INFO - [2024-09-09T08:34:38.177+0000] {dagbag.py:587} INFO - Filling up the DagBag from /home/airflow/.local/lib/python3.12/site-packages/airflow/example_dags/example_params_trigger_ui.py
[2024-09-09T08:34:38.190+0000] {processor.py:925} INFO - DAG(s) 'example_params_trigger_ui' retrieved from /home/airflow/.local/lib/python3.12/site-packages/airflow/example_dags/example_params_trigger_ui.py
[2024-09-09T08:34:38.229+0000] {logging_mixin.py:190} INFO - [2024-09-09T08:34:38.228+0000] {dag.py:3229} INFO - Sync 1 DAGs
[2024-09-09T08:34:38.242+0000] {logging_mixin.py:190} INFO - [2024-09-09T08:34:38.242+0000] {dag.py:4156} INFO - Setting next_dagrun for example_params_trigger_ui to None, run_after=None
[2024-09-09T08:34:38.261+0000] {processor.py:208} INFO - Processing /home/airflow/.local/lib/python3.12/site-packages/airflow/example_dags/example_params_trigger_ui.py took 0.093 seconds
[2024-09-09T08:35:09.068+0000] {processor.py:186} INFO - Started process (PID=17534) to work on /home/airflow/.local/lib/python3.12/site-packages/airflow/example_dags/example_params_trigger_ui.py
[2024-09-09T08:35:09.069+0000] {processor.py:914} INFO - Processing file /home/airflow/.local/lib/python3.12/site-packages/airflow/example_dags/example_params_trigger_ui.py for tasks to queue
[2024-09-09T08:35:09.072+0000] {logging_mixin.py:190} INFO - [2024-09-09T08:35:09.071+0000] {dagbag.py:587} INFO - Filling up the DagBag from /home/airflow/.local/lib/python3.12/site-packages/airflow/example_dags/example_params_trigger_ui.py
[2024-09-09T08:35:09.082+0000] {processor.py:925} INFO - DAG(s) 'example_params_trigger_ui' retrieved from /home/airflow/.local/lib/python3.12/site-packages/airflow/example_dags/example_params_trigger_ui.py
[2024-09-09T08:35:09.126+0000] {logging_mixin.py:190} INFO - [2024-09-09T08:35:09.126+0000] {dag.py:3229} INFO - Sync 1 DAGs
[2024-09-09T08:35:09.139+0000] {logging_mixin.py:190} INFO - [2024-09-09T08:35:09.139+0000] {dag.py:4156} INFO - Setting next_dagrun for example_params_trigger_ui to None, run_after=None
[2024-09-09T08:35:09.158+0000] {processor.py:208} INFO - Processing /home/airflow/.local/lib/python3.12/site-packages/airflow/example_dags/example_params_trigger_ui.py took 0.096 seconds
[2024-09-09T08:35:39.205+0000] {processor.py:186} INFO - Started process (PID=17818) to work on /home/airflow/.local/lib/python3.12/site-packages/airflow/example_dags/example_params_trigger_ui.py
[2024-09-09T08:35:39.206+0000] {processor.py:914} INFO - Processing file /home/airflow/.local/lib/python3.12/site-packages/airflow/example_dags/example_params_trigger_ui.py for tasks to queue
[2024-09-09T08:35:39.209+0000] {logging_mixin.py:190} INFO - [2024-09-09T08:35:39.209+0000] {dagbag.py:587} INFO - Filling up the DagBag from /home/airflow/.local/lib/python3.12/site-packages/airflow/example_dags/example_params_trigger_ui.py
[2024-09-09T08:35:39.221+0000] {processor.py:925} INFO - DAG(s) 'example_params_trigger_ui' retrieved from /home/airflow/.local/lib/python3.12/site-packages/airflow/example_dags/example_params_trigger_ui.py
[2024-09-09T08:35:39.274+0000] {logging_mixin.py:190} INFO - [2024-09-09T08:35:39.273+0000] {dag.py:3229} INFO - Sync 1 DAGs
[2024-09-09T08:35:39.289+0000] {logging_mixin.py:190} INFO - [2024-09-09T08:35:39.289+0000] {dag.py:4156} INFO - Setting next_dagrun for example_params_trigger_ui to None, run_after=None
[2024-09-09T08:35:39.310+0000] {processor.py:208} INFO - Processing /home/airflow/.local/lib/python3.12/site-packages/airflow/example_dags/example_params_trigger_ui.py took 0.111 seconds
[2024-09-09T08:36:10.951+0000] {processor.py:186} INFO - Started process (PID=18106) to work on /home/airflow/.local/lib/python3.12/site-packages/airflow/example_dags/example_params_trigger_ui.py
[2024-09-09T08:36:10.953+0000] {processor.py:914} INFO - Processing file /home/airflow/.local/lib/python3.12/site-packages/airflow/example_dags/example_params_trigger_ui.py for tasks to queue
[2024-09-09T08:36:10.957+0000] {logging_mixin.py:190} INFO - [2024-09-09T08:36:10.957+0000] {dagbag.py:587} INFO - Filling up the DagBag from /home/airflow/.local/lib/python3.12/site-packages/airflow/example_dags/example_params_trigger_ui.py
[2024-09-09T08:36:10.976+0000] {processor.py:925} INFO - DAG(s) 'example_params_trigger_ui' retrieved from /home/airflow/.local/lib/python3.12/site-packages/airflow/example_dags/example_params_trigger_ui.py
[2024-09-09T08:36:11.059+0000] {logging_mixin.py:190} INFO - [2024-09-09T08:36:11.059+0000] {dag.py:3229} INFO - Sync 1 DAGs
[2024-09-09T08:36:11.081+0000] {logging_mixin.py:190} INFO - [2024-09-09T08:36:11.080+0000] {dag.py:4156} INFO - Setting next_dagrun for example_params_trigger_ui to None, run_after=None
[2024-09-09T08:36:11.107+0000] {processor.py:208} INFO - Processing /home/airflow/.local/lib/python3.12/site-packages/airflow/example_dags/example_params_trigger_ui.py took 0.164 seconds
[2024-09-09T08:36:41.640+0000] {processor.py:186} INFO - Started process (PID=18392) to work on /home/airflow/.local/lib/python3.12/site-packages/airflow/example_dags/example_params_trigger_ui.py
[2024-09-09T08:36:41.641+0000] {processor.py:914} INFO - Processing file /home/airflow/.local/lib/python3.12/site-packages/airflow/example_dags/example_params_trigger_ui.py for tasks to queue
[2024-09-09T08:36:41.643+0000] {logging_mixin.py:190} INFO - [2024-09-09T08:36:41.643+0000] {dagbag.py:587} INFO - Filling up the DagBag from /home/airflow/.local/lib/python3.12/site-packages/airflow/example_dags/example_params_trigger_ui.py
[2024-09-09T08:36:41.652+0000] {processor.py:925} INFO - DAG(s) 'example_params_trigger_ui' retrieved from /home/airflow/.local/lib/python3.12/site-packages/airflow/example_dags/example_params_trigger_ui.py
[2024-09-09T08:36:41.691+0000] {logging_mixin.py:190} INFO - [2024-09-09T08:36:41.691+0000] {dag.py:3229} INFO - Sync 1 DAGs
[2024-09-09T08:36:41.715+0000] {logging_mixin.py:190} INFO - [2024-09-09T08:36:41.714+0000] {dag.py:4156} INFO - Setting next_dagrun for example_params_trigger_ui to None, run_after=None
[2024-09-09T08:36:41.736+0000] {processor.py:208} INFO - Processing /home/airflow/.local/lib/python3.12/site-packages/airflow/example_dags/example_params_trigger_ui.py took 0.101 seconds
[2024-09-09T08:37:12.461+0000] {processor.py:186} INFO - Started process (PID=18676) to work on /home/airflow/.local/lib/python3.12/site-packages/airflow/example_dags/example_params_trigger_ui.py
[2024-09-09T08:37:12.462+0000] {processor.py:914} INFO - Processing file /home/airflow/.local/lib/python3.12/site-packages/airflow/example_dags/example_params_trigger_ui.py for tasks to queue
[2024-09-09T08:37:12.464+0000] {logging_mixin.py:190} INFO - [2024-09-09T08:37:12.464+0000] {dagbag.py:587} INFO - Filling up the DagBag from /home/airflow/.local/lib/python3.12/site-packages/airflow/example_dags/example_params_trigger_ui.py
[2024-09-09T08:37:12.479+0000] {processor.py:925} INFO - DAG(s) 'example_params_trigger_ui' retrieved from /home/airflow/.local/lib/python3.12/site-packages/airflow/example_dags/example_params_trigger_ui.py
[2024-09-09T08:37:12.540+0000] {logging_mixin.py:190} INFO - [2024-09-09T08:37:12.540+0000] {dag.py:3229} INFO - Sync 1 DAGs
[2024-09-09T08:37:12.558+0000] {logging_mixin.py:190} INFO - [2024-09-09T08:37:12.557+0000] {dag.py:4156} INFO - Setting next_dagrun for example_params_trigger_ui to None, run_after=None
[2024-09-09T08:37:12.584+0000] {processor.py:208} INFO - Processing /home/airflow/.local/lib/python3.12/site-packages/airflow/example_dags/example_params_trigger_ui.py took 0.130 seconds
[2024-09-09T08:37:43.009+0000] {processor.py:186} INFO - Started process (PID=18959) to work on /home/airflow/.local/lib/python3.12/site-packages/airflow/example_dags/example_params_trigger_ui.py
[2024-09-09T08:37:43.010+0000] {processor.py:914} INFO - Processing file /home/airflow/.local/lib/python3.12/site-packages/airflow/example_dags/example_params_trigger_ui.py for tasks to queue
[2024-09-09T08:37:43.013+0000] {logging_mixin.py:190} INFO - [2024-09-09T08:37:43.012+0000] {dagbag.py:587} INFO - Filling up the DagBag from /home/airflow/.local/lib/python3.12/site-packages/airflow/example_dags/example_params_trigger_ui.py
[2024-09-09T08:37:43.023+0000] {processor.py:925} INFO - DAG(s) 'example_params_trigger_ui' retrieved from /home/airflow/.local/lib/python3.12/site-packages/airflow/example_dags/example_params_trigger_ui.py
[2024-09-09T08:37:43.066+0000] {logging_mixin.py:190} INFO - [2024-09-09T08:37:43.066+0000] {dag.py:3229} INFO - Sync 1 DAGs
[2024-09-09T08:37:43.079+0000] {logging_mixin.py:190} INFO - [2024-09-09T08:37:43.079+0000] {dag.py:4156} INFO - Setting next_dagrun for example_params_trigger_ui to None, run_after=None
[2024-09-09T08:37:43.098+0000] {processor.py:208} INFO - Processing /home/airflow/.local/lib/python3.12/site-packages/airflow/example_dags/example_params_trigger_ui.py took 0.096 seconds
[2024-09-09T08:38:13.737+0000] {processor.py:186} INFO - Started process (PID=19249) to work on /home/airflow/.local/lib/python3.12/site-packages/airflow/example_dags/example_params_trigger_ui.py
[2024-09-09T08:38:13.739+0000] {processor.py:914} INFO - Processing file /home/airflow/.local/lib/python3.12/site-packages/airflow/example_dags/example_params_trigger_ui.py for tasks to queue
[2024-09-09T08:38:13.742+0000] {logging_mixin.py:190} INFO - [2024-09-09T08:38:13.741+0000] {dagbag.py:587} INFO - Filling up the DagBag from /home/airflow/.local/lib/python3.12/site-packages/airflow/example_dags/example_params_trigger_ui.py
[2024-09-09T08:38:13.754+0000] {processor.py:925} INFO - DAG(s) 'example_params_trigger_ui' retrieved from /home/airflow/.local/lib/python3.12/site-packages/airflow/example_dags/example_params_trigger_ui.py
[2024-09-09T08:38:13.808+0000] {logging_mixin.py:190} INFO - [2024-09-09T08:38:13.808+0000] {dag.py:3229} INFO - Sync 1 DAGs
[2024-09-09T08:38:13.826+0000] {logging_mixin.py:190} INFO - [2024-09-09T08:38:13.826+0000] {dag.py:4156} INFO - Setting next_dagrun for example_params_trigger_ui to None, run_after=None
[2024-09-09T08:38:13.850+0000] {processor.py:208} INFO - Processing /home/airflow/.local/lib/python3.12/site-packages/airflow/example_dags/example_params_trigger_ui.py took 0.120 seconds
[2024-09-09T08:38:44.813+0000] {processor.py:186} INFO - Started process (PID=19540) to work on /home/airflow/.local/lib/python3.12/site-packages/airflow/example_dags/example_params_trigger_ui.py
[2024-09-09T08:38:44.814+0000] {processor.py:914} INFO - Processing file /home/airflow/.local/lib/python3.12/site-packages/airflow/example_dags/example_params_trigger_ui.py for tasks to queue
[2024-09-09T08:38:44.816+0000] {logging_mixin.py:190} INFO - [2024-09-09T08:38:44.816+0000] {dagbag.py:587} INFO - Filling up the DagBag from /home/airflow/.local/lib/python3.12/site-packages/airflow/example_dags/example_params_trigger_ui.py
[2024-09-09T08:38:44.828+0000] {processor.py:925} INFO - DAG(s) 'example_params_trigger_ui' retrieved from /home/airflow/.local/lib/python3.12/site-packages/airflow/example_dags/example_params_trigger_ui.py
[2024-09-09T08:38:44.879+0000] {logging_mixin.py:190} INFO - [2024-09-09T08:38:44.879+0000] {dag.py:3229} INFO - Sync 1 DAGs
[2024-09-09T08:38:44.894+0000] {logging_mixin.py:190} INFO - [2024-09-09T08:38:44.894+0000] {dag.py:4156} INFO - Setting next_dagrun for example_params_trigger_ui to None, run_after=None
[2024-09-09T08:38:44.916+0000] {processor.py:208} INFO - Processing /home/airflow/.local/lib/python3.12/site-packages/airflow/example_dags/example_params_trigger_ui.py took 0.110 seconds
[2024-09-09T08:39:15.103+0000] {processor.py:186} INFO - Started process (PID=19821) to work on /home/airflow/.local/lib/python3.12/site-packages/airflow/example_dags/example_params_trigger_ui.py
[2024-09-09T08:39:15.105+0000] {processor.py:914} INFO - Processing file /home/airflow/.local/lib/python3.12/site-packages/airflow/example_dags/example_params_trigger_ui.py for tasks to queue
[2024-09-09T08:39:15.108+0000] {logging_mixin.py:190} INFO - [2024-09-09T08:39:15.108+0000] {dagbag.py:587} INFO - Filling up the DagBag from /home/airflow/.local/lib/python3.12/site-packages/airflow/example_dags/example_params_trigger_ui.py
[2024-09-09T08:39:15.120+0000] {processor.py:925} INFO - DAG(s) 'example_params_trigger_ui' retrieved from /home/airflow/.local/lib/python3.12/site-packages/airflow/example_dags/example_params_trigger_ui.py
[2024-09-09T08:39:15.180+0000] {logging_mixin.py:190} INFO - [2024-09-09T08:39:15.179+0000] {dag.py:3229} INFO - Sync 1 DAGs
[2024-09-09T08:39:15.199+0000] {logging_mixin.py:190} INFO - [2024-09-09T08:39:15.199+0000] {dag.py:4156} INFO - Setting next_dagrun for example_params_trigger_ui to None, run_after=None
[2024-09-09T08:39:15.230+0000] {processor.py:208} INFO - Processing /home/airflow/.local/lib/python3.12/site-packages/airflow/example_dags/example_params_trigger_ui.py took 0.133 seconds
[2024-09-09T08:39:45.873+0000] {processor.py:186} INFO - Started process (PID=20114) to work on /home/airflow/.local/lib/python3.12/site-packages/airflow/example_dags/example_params_trigger_ui.py
[2024-09-09T08:39:45.874+0000] {processor.py:914} INFO - Processing file /home/airflow/.local/lib/python3.12/site-packages/airflow/example_dags/example_params_trigger_ui.py for tasks to queue
[2024-09-09T08:39:45.877+0000] {logging_mixin.py:190} INFO - [2024-09-09T08:39:45.877+0000] {dagbag.py:587} INFO - Filling up the DagBag from /home/airflow/.local/lib/python3.12/site-packages/airflow/example_dags/example_params_trigger_ui.py
[2024-09-09T08:39:45.889+0000] {processor.py:925} INFO - DAG(s) 'example_params_trigger_ui' retrieved from /home/airflow/.local/lib/python3.12/site-packages/airflow/example_dags/example_params_trigger_ui.py
[2024-09-09T08:39:45.934+0000] {logging_mixin.py:190} INFO - [2024-09-09T08:39:45.934+0000] {dag.py:3229} INFO - Sync 1 DAGs
[2024-09-09T08:39:45.952+0000] {logging_mixin.py:190} INFO - [2024-09-09T08:39:45.952+0000] {dag.py:4156} INFO - Setting next_dagrun for example_params_trigger_ui to None, run_after=None
[2024-09-09T08:39:45.975+0000] {processor.py:208} INFO - Processing /home/airflow/.local/lib/python3.12/site-packages/airflow/example_dags/example_params_trigger_ui.py took 0.108 seconds
[2024-09-09T08:40:16.155+0000] {processor.py:186} INFO - Started process (PID=20400) to work on /home/airflow/.local/lib/python3.12/site-packages/airflow/example_dags/example_params_trigger_ui.py
[2024-09-09T08:40:16.156+0000] {processor.py:914} INFO - Processing file /home/airflow/.local/lib/python3.12/site-packages/airflow/example_dags/example_params_trigger_ui.py for tasks to queue
[2024-09-09T08:40:16.158+0000] {logging_mixin.py:190} INFO - [2024-09-09T08:40:16.158+0000] {dagbag.py:587} INFO - Filling up the DagBag from /home/airflow/.local/lib/python3.12/site-packages/airflow/example_dags/example_params_trigger_ui.py
[2024-09-09T08:40:16.171+0000] {processor.py:925} INFO - DAG(s) 'example_params_trigger_ui' retrieved from /home/airflow/.local/lib/python3.12/site-packages/airflow/example_dags/example_params_trigger_ui.py
[2024-09-09T08:40:16.208+0000] {logging_mixin.py:190} INFO - [2024-09-09T08:40:16.208+0000] {dag.py:3229} INFO - Sync 1 DAGs
[2024-09-09T08:40:16.222+0000] {logging_mixin.py:190} INFO - [2024-09-09T08:40:16.221+0000] {dag.py:4156} INFO - Setting next_dagrun for example_params_trigger_ui to None, run_after=None
[2024-09-09T08:40:16.242+0000] {processor.py:208} INFO - Processing /home/airflow/.local/lib/python3.12/site-packages/airflow/example_dags/example_params_trigger_ui.py took 0.091 seconds
[2024-09-09T08:40:46.954+0000] {processor.py:186} INFO - Started process (PID=20686) to work on /home/airflow/.local/lib/python3.12/site-packages/airflow/example_dags/example_params_trigger_ui.py
[2024-09-09T08:40:46.955+0000] {processor.py:914} INFO - Processing file /home/airflow/.local/lib/python3.12/site-packages/airflow/example_dags/example_params_trigger_ui.py for tasks to queue
[2024-09-09T08:40:46.958+0000] {logging_mixin.py:190} INFO - [2024-09-09T08:40:46.958+0000] {dagbag.py:587} INFO - Filling up the DagBag from /home/airflow/.local/lib/python3.12/site-packages/airflow/example_dags/example_params_trigger_ui.py
[2024-09-09T08:40:46.971+0000] {processor.py:925} INFO - DAG(s) 'example_params_trigger_ui' retrieved from /home/airflow/.local/lib/python3.12/site-packages/airflow/example_dags/example_params_trigger_ui.py
[2024-09-09T08:40:47.021+0000] {logging_mixin.py:190} INFO - [2024-09-09T08:40:47.020+0000] {dag.py:3229} INFO - Sync 1 DAGs
[2024-09-09T08:40:47.041+0000] {logging_mixin.py:190} INFO - [2024-09-09T08:40:47.041+0000] {dag.py:4156} INFO - Setting next_dagrun for example_params_trigger_ui to None, run_after=None
[2024-09-09T08:40:47.084+0000] {processor.py:208} INFO - Processing /home/airflow/.local/lib/python3.12/site-packages/airflow/example_dags/example_params_trigger_ui.py took 0.139 seconds
[2024-09-09T08:41:17.282+0000] {processor.py:186} INFO - Started process (PID=20971) to work on /home/airflow/.local/lib/python3.12/site-packages/airflow/example_dags/example_params_trigger_ui.py
[2024-09-09T08:41:17.283+0000] {processor.py:914} INFO - Processing file /home/airflow/.local/lib/python3.12/site-packages/airflow/example_dags/example_params_trigger_ui.py for tasks to queue
[2024-09-09T08:41:17.287+0000] {logging_mixin.py:190} INFO - [2024-09-09T08:41:17.287+0000] {dagbag.py:587} INFO - Filling up the DagBag from /home/airflow/.local/lib/python3.12/site-packages/airflow/example_dags/example_params_trigger_ui.py
[2024-09-09T08:41:17.302+0000] {processor.py:925} INFO - DAG(s) 'example_params_trigger_ui' retrieved from /home/airflow/.local/lib/python3.12/site-packages/airflow/example_dags/example_params_trigger_ui.py
[2024-09-09T08:41:17.356+0000] {logging_mixin.py:190} INFO - [2024-09-09T08:41:17.355+0000] {dag.py:3229} INFO - Sync 1 DAGs
[2024-09-09T08:41:17.381+0000] {logging_mixin.py:190} INFO - [2024-09-09T08:41:17.381+0000] {dag.py:4156} INFO - Setting next_dagrun for example_params_trigger_ui to None, run_after=None
[2024-09-09T08:41:17.405+0000] {processor.py:208} INFO - Processing /home/airflow/.local/lib/python3.12/site-packages/airflow/example_dags/example_params_trigger_ui.py took 0.131 seconds
