[2024-09-09T08:04:19.395+0000] {processor.py:186} INFO - Started process (PID=275) to work on /home/airflow/.local/lib/python3.12/site-packages/airflow/example_dags/example_task_group.py
[2024-09-09T08:04:19.397+0000] {processor.py:914} INFO - Processing file /home/airflow/.local/lib/python3.12/site-packages/airflow/example_dags/example_task_group.py for tasks to queue
[2024-09-09T08:04:19.401+0000] {logging_mixin.py:190} INFO - [2024-09-09T08:04:19.401+0000] {dagbag.py:587} INFO - Filling up the DagBag from /home/airflow/.local/lib/python3.12/site-packages/airflow/example_dags/example_task_group.py
[2024-09-09T08:04:19.420+0000] {processor.py:925} INFO - DAG(s) 'example_task_group' retrieved from /home/airflow/.local/lib/python3.12/site-packages/airflow/example_dags/example_task_group.py
[2024-09-09T08:04:19.586+0000] {logging_mixin.py:190} INFO - [2024-09-09T08:04:19.585+0000] {override.py:1900} INFO - Created Permission View: can edit on DAG:example_task_group
[2024-09-09T08:04:19.601+0000] {logging_mixin.py:190} INFO - [2024-09-09T08:04:19.601+0000] {override.py:1900} INFO - Created Permission View: can delete on DAG:example_task_group
[2024-09-09T08:04:19.615+0000] {logging_mixin.py:190} INFO - [2024-09-09T08:04:19.615+0000] {override.py:1900} INFO - Created Permission View: can read on DAG:example_task_group
[2024-09-09T08:04:19.629+0000] {logging_mixin.py:190} INFO - [2024-09-09T08:04:19.628+0000] {override.py:1900} INFO - Created Permission View: can create on DAG Run:example_task_group
[2024-09-09T08:04:19.639+0000] {logging_mixin.py:190} INFO - [2024-09-09T08:04:19.639+0000] {override.py:1900} INFO - Created Permission View: can delete on DAG Run:example_task_group
[2024-09-09T08:04:19.649+0000] {logging_mixin.py:190} INFO - [2024-09-09T08:04:19.649+0000] {override.py:1900} INFO - Created Permission View: menu access on DAG Run:example_task_group
[2024-09-09T08:04:19.661+0000] {logging_mixin.py:190} INFO - [2024-09-09T08:04:19.660+0000] {override.py:1900} INFO - Created Permission View: can read on DAG Run:example_task_group
[2024-09-09T08:04:19.662+0000] {logging_mixin.py:190} INFO - [2024-09-09T08:04:19.661+0000] {dag.py:3229} INFO - Sync 1 DAGs
[2024-09-09T08:04:19.680+0000] {logging_mixin.py:190} INFO - [2024-09-09T08:04:19.680+0000] {dag.py:3252} INFO - Creating ORM DAG for example_task_group
[2024-09-09T08:04:19.682+0000] {logging_mixin.py:190} INFO - [2024-09-09T08:04:19.682+0000] {dag.py:4156} INFO - Setting next_dagrun for example_task_group to None, run_after=None
[2024-09-09T08:04:19.712+0000] {processor.py:208} INFO - Processing /home/airflow/.local/lib/python3.12/site-packages/airflow/example_dags/example_task_group.py took 0.327 seconds
[2024-09-09T08:04:50.083+0000] {processor.py:186} INFO - Started process (PID=563) to work on /home/airflow/.local/lib/python3.12/site-packages/airflow/example_dags/example_task_group.py
[2024-09-09T08:04:50.084+0000] {processor.py:914} INFO - Processing file /home/airflow/.local/lib/python3.12/site-packages/airflow/example_dags/example_task_group.py for tasks to queue
[2024-09-09T08:04:50.089+0000] {logging_mixin.py:190} INFO - [2024-09-09T08:04:50.088+0000] {dagbag.py:587} INFO - Filling up the DagBag from /home/airflow/.local/lib/python3.12/site-packages/airflow/example_dags/example_task_group.py
[2024-09-09T08:04:50.108+0000] {processor.py:925} INFO - DAG(s) 'example_task_group' retrieved from /home/airflow/.local/lib/python3.12/site-packages/airflow/example_dags/example_task_group.py
[2024-09-09T08:04:50.163+0000] {logging_mixin.py:190} INFO - [2024-09-09T08:04:50.162+0000] {dag.py:3229} INFO - Sync 1 DAGs
[2024-09-09T08:04:50.199+0000] {logging_mixin.py:190} INFO - [2024-09-09T08:04:50.198+0000] {dag.py:4156} INFO - Setting next_dagrun for example_task_group to None, run_after=None
[2024-09-09T08:04:50.221+0000] {processor.py:208} INFO - Processing /home/airflow/.local/lib/python3.12/site-packages/airflow/example_dags/example_task_group.py took 0.146 seconds
[2024-09-09T08:05:20.690+0000] {processor.py:186} INFO - Started process (PID=849) to work on /home/airflow/.local/lib/python3.12/site-packages/airflow/example_dags/example_task_group.py
[2024-09-09T08:05:20.692+0000] {processor.py:914} INFO - Processing file /home/airflow/.local/lib/python3.12/site-packages/airflow/example_dags/example_task_group.py for tasks to queue
[2024-09-09T08:05:20.696+0000] {logging_mixin.py:190} INFO - [2024-09-09T08:05:20.695+0000] {dagbag.py:587} INFO - Filling up the DagBag from /home/airflow/.local/lib/python3.12/site-packages/airflow/example_dags/example_task_group.py
[2024-09-09T08:05:20.708+0000] {processor.py:925} INFO - DAG(s) 'example_task_group' retrieved from /home/airflow/.local/lib/python3.12/site-packages/airflow/example_dags/example_task_group.py
[2024-09-09T08:05:20.737+0000] {logging_mixin.py:190} INFO - [2024-09-09T08:05:20.737+0000] {dag.py:3229} INFO - Sync 1 DAGs
[2024-09-09T08:05:20.758+0000] {logging_mixin.py:190} INFO - [2024-09-09T08:05:20.757+0000] {dag.py:4156} INFO - Setting next_dagrun for example_task_group to None, run_after=None
[2024-09-09T08:05:20.786+0000] {processor.py:208} INFO - Processing /home/airflow/.local/lib/python3.12/site-packages/airflow/example_dags/example_task_group.py took 0.110 seconds
[2024-09-09T08:05:51.295+0000] {processor.py:186} INFO - Started process (PID=1133) to work on /home/airflow/.local/lib/python3.12/site-packages/airflow/example_dags/example_task_group.py
[2024-09-09T08:05:51.297+0000] {processor.py:914} INFO - Processing file /home/airflow/.local/lib/python3.12/site-packages/airflow/example_dags/example_task_group.py for tasks to queue
[2024-09-09T08:05:51.301+0000] {logging_mixin.py:190} INFO - [2024-09-09T08:05:51.300+0000] {dagbag.py:587} INFO - Filling up the DagBag from /home/airflow/.local/lib/python3.12/site-packages/airflow/example_dags/example_task_group.py
[2024-09-09T08:05:51.316+0000] {processor.py:925} INFO - DAG(s) 'example_task_group' retrieved from /home/airflow/.local/lib/python3.12/site-packages/airflow/example_dags/example_task_group.py
[2024-09-09T08:05:51.352+0000] {logging_mixin.py:190} INFO - [2024-09-09T08:05:51.352+0000] {dag.py:3229} INFO - Sync 1 DAGs
[2024-09-09T08:05:51.377+0000] {logging_mixin.py:190} INFO - [2024-09-09T08:05:51.376+0000] {dag.py:4156} INFO - Setting next_dagrun for example_task_group to None, run_after=None
[2024-09-09T08:05:51.415+0000] {processor.py:208} INFO - Processing /home/airflow/.local/lib/python3.12/site-packages/airflow/example_dags/example_task_group.py took 0.131 seconds
[2024-09-09T08:06:22.207+0000] {processor.py:186} INFO - Started process (PID=1419) to work on /home/airflow/.local/lib/python3.12/site-packages/airflow/example_dags/example_task_group.py
[2024-09-09T08:06:22.208+0000] {processor.py:914} INFO - Processing file /home/airflow/.local/lib/python3.12/site-packages/airflow/example_dags/example_task_group.py for tasks to queue
[2024-09-09T08:06:22.210+0000] {logging_mixin.py:190} INFO - [2024-09-09T08:06:22.210+0000] {dagbag.py:587} INFO - Filling up the DagBag from /home/airflow/.local/lib/python3.12/site-packages/airflow/example_dags/example_task_group.py
[2024-09-09T08:06:22.217+0000] {processor.py:925} INFO - DAG(s) 'example_task_group' retrieved from /home/airflow/.local/lib/python3.12/site-packages/airflow/example_dags/example_task_group.py
[2024-09-09T08:06:22.244+0000] {logging_mixin.py:190} INFO - [2024-09-09T08:06:22.244+0000] {dag.py:3229} INFO - Sync 1 DAGs
[2024-09-09T08:06:22.269+0000] {logging_mixin.py:190} INFO - [2024-09-09T08:06:22.268+0000] {dag.py:4156} INFO - Setting next_dagrun for example_task_group to None, run_after=None
[2024-09-09T08:06:22.321+0000] {processor.py:208} INFO - Processing /home/airflow/.local/lib/python3.12/site-packages/airflow/example_dags/example_task_group.py took 0.120 seconds
[2024-09-09T08:06:53.074+0000] {processor.py:186} INFO - Started process (PID=1705) to work on /home/airflow/.local/lib/python3.12/site-packages/airflow/example_dags/example_task_group.py
[2024-09-09T08:06:53.076+0000] {processor.py:914} INFO - Processing file /home/airflow/.local/lib/python3.12/site-packages/airflow/example_dags/example_task_group.py for tasks to queue
[2024-09-09T08:06:53.078+0000] {logging_mixin.py:190} INFO - [2024-09-09T08:06:53.078+0000] {dagbag.py:587} INFO - Filling up the DagBag from /home/airflow/.local/lib/python3.12/site-packages/airflow/example_dags/example_task_group.py
[2024-09-09T08:06:53.087+0000] {processor.py:925} INFO - DAG(s) 'example_task_group' retrieved from /home/airflow/.local/lib/python3.12/site-packages/airflow/example_dags/example_task_group.py
[2024-09-09T08:06:53.105+0000] {logging_mixin.py:190} INFO - [2024-09-09T08:06:53.105+0000] {dag.py:3229} INFO - Sync 1 DAGs
[2024-09-09T08:06:53.116+0000] {logging_mixin.py:190} INFO - [2024-09-09T08:06:53.116+0000] {dag.py:4156} INFO - Setting next_dagrun for example_task_group to None, run_after=None
[2024-09-09T08:06:53.134+0000] {processor.py:208} INFO - Processing /home/airflow/.local/lib/python3.12/site-packages/airflow/example_dags/example_task_group.py took 0.065 seconds
[2024-09-09T08:07:23.959+0000] {processor.py:186} INFO - Started process (PID=1994) to work on /home/airflow/.local/lib/python3.12/site-packages/airflow/example_dags/example_task_group.py
[2024-09-09T08:07:23.960+0000] {processor.py:914} INFO - Processing file /home/airflow/.local/lib/python3.12/site-packages/airflow/example_dags/example_task_group.py for tasks to queue
[2024-09-09T08:07:23.963+0000] {logging_mixin.py:190} INFO - [2024-09-09T08:07:23.962+0000] {dagbag.py:587} INFO - Filling up the DagBag from /home/airflow/.local/lib/python3.12/site-packages/airflow/example_dags/example_task_group.py
[2024-09-09T08:07:23.972+0000] {processor.py:925} INFO - DAG(s) 'example_task_group' retrieved from /home/airflow/.local/lib/python3.12/site-packages/airflow/example_dags/example_task_group.py
[2024-09-09T08:07:24.000+0000] {logging_mixin.py:190} INFO - [2024-09-09T08:07:23.999+0000] {dag.py:3229} INFO - Sync 1 DAGs
[2024-09-09T08:07:24.017+0000] {logging_mixin.py:190} INFO - [2024-09-09T08:07:24.016+0000] {dag.py:4156} INFO - Setting next_dagrun for example_task_group to None, run_after=None
[2024-09-09T08:07:24.043+0000] {processor.py:208} INFO - Processing /home/airflow/.local/lib/python3.12/site-packages/airflow/example_dags/example_task_group.py took 0.093 seconds
[2024-09-09T08:07:55.115+0000] {processor.py:186} INFO - Started process (PID=2278) to work on /home/airflow/.local/lib/python3.12/site-packages/airflow/example_dags/example_task_group.py
[2024-09-09T08:07:55.118+0000] {processor.py:914} INFO - Processing file /home/airflow/.local/lib/python3.12/site-packages/airflow/example_dags/example_task_group.py for tasks to queue
[2024-09-09T08:07:55.123+0000] {logging_mixin.py:190} INFO - [2024-09-09T08:07:55.122+0000] {dagbag.py:587} INFO - Filling up the DagBag from /home/airflow/.local/lib/python3.12/site-packages/airflow/example_dags/example_task_group.py
[2024-09-09T08:07:55.140+0000] {processor.py:925} INFO - DAG(s) 'example_task_group' retrieved from /home/airflow/.local/lib/python3.12/site-packages/airflow/example_dags/example_task_group.py
[2024-09-09T08:07:55.182+0000] {logging_mixin.py:190} INFO - [2024-09-09T08:07:55.182+0000] {dag.py:3229} INFO - Sync 1 DAGs
[2024-09-09T08:07:55.218+0000] {logging_mixin.py:190} INFO - [2024-09-09T08:07:55.217+0000] {dag.py:4156} INFO - Setting next_dagrun for example_task_group to None, run_after=None
[2024-09-09T08:07:55.244+0000] {processor.py:208} INFO - Processing /home/airflow/.local/lib/python3.12/site-packages/airflow/example_dags/example_task_group.py took 0.143 seconds
[2024-09-09T08:08:26.374+0000] {processor.py:186} INFO - Started process (PID=2566) to work on /home/airflow/.local/lib/python3.12/site-packages/airflow/example_dags/example_task_group.py
[2024-09-09T08:08:26.377+0000] {processor.py:914} INFO - Processing file /home/airflow/.local/lib/python3.12/site-packages/airflow/example_dags/example_task_group.py for tasks to queue
[2024-09-09T08:08:26.381+0000] {logging_mixin.py:190} INFO - [2024-09-09T08:08:26.380+0000] {dagbag.py:587} INFO - Filling up the DagBag from /home/airflow/.local/lib/python3.12/site-packages/airflow/example_dags/example_task_group.py
[2024-09-09T08:08:26.394+0000] {processor.py:925} INFO - DAG(s) 'example_task_group' retrieved from /home/airflow/.local/lib/python3.12/site-packages/airflow/example_dags/example_task_group.py
[2024-09-09T08:08:26.423+0000] {logging_mixin.py:190} INFO - [2024-09-09T08:08:26.423+0000] {dag.py:3229} INFO - Sync 1 DAGs
[2024-09-09T08:08:26.446+0000] {logging_mixin.py:190} INFO - [2024-09-09T08:08:26.445+0000] {dag.py:4156} INFO - Setting next_dagrun for example_task_group to None, run_after=None
[2024-09-09T08:08:26.472+0000] {processor.py:208} INFO - Processing /home/airflow/.local/lib/python3.12/site-packages/airflow/example_dags/example_task_group.py took 0.108 seconds
[2024-09-09T08:08:56.627+0000] {processor.py:186} INFO - Started process (PID=2852) to work on /home/airflow/.local/lib/python3.12/site-packages/airflow/example_dags/example_task_group.py
[2024-09-09T08:08:56.628+0000] {processor.py:914} INFO - Processing file /home/airflow/.local/lib/python3.12/site-packages/airflow/example_dags/example_task_group.py for tasks to queue
[2024-09-09T08:08:56.631+0000] {logging_mixin.py:190} INFO - [2024-09-09T08:08:56.631+0000] {dagbag.py:587} INFO - Filling up the DagBag from /home/airflow/.local/lib/python3.12/site-packages/airflow/example_dags/example_task_group.py
[2024-09-09T08:08:56.642+0000] {processor.py:925} INFO - DAG(s) 'example_task_group' retrieved from /home/airflow/.local/lib/python3.12/site-packages/airflow/example_dags/example_task_group.py
[2024-09-09T08:08:56.669+0000] {logging_mixin.py:190} INFO - [2024-09-09T08:08:56.669+0000] {dag.py:3229} INFO - Sync 1 DAGs
[2024-09-09T08:08:56.688+0000] {logging_mixin.py:190} INFO - [2024-09-09T08:08:56.688+0000] {dag.py:4156} INFO - Setting next_dagrun for example_task_group to None, run_after=None
[2024-09-09T08:08:56.748+0000] {processor.py:208} INFO - Processing /home/airflow/.local/lib/python3.12/site-packages/airflow/example_dags/example_task_group.py took 0.127 seconds
[2024-09-09T08:09:27.460+0000] {processor.py:186} INFO - Started process (PID=3138) to work on /home/airflow/.local/lib/python3.12/site-packages/airflow/example_dags/example_task_group.py
[2024-09-09T08:09:27.461+0000] {processor.py:914} INFO - Processing file /home/airflow/.local/lib/python3.12/site-packages/airflow/example_dags/example_task_group.py for tasks to queue
[2024-09-09T08:09:27.465+0000] {logging_mixin.py:190} INFO - [2024-09-09T08:09:27.465+0000] {dagbag.py:587} INFO - Filling up the DagBag from /home/airflow/.local/lib/python3.12/site-packages/airflow/example_dags/example_task_group.py
[2024-09-09T08:09:27.475+0000] {processor.py:925} INFO - DAG(s) 'example_task_group' retrieved from /home/airflow/.local/lib/python3.12/site-packages/airflow/example_dags/example_task_group.py
[2024-09-09T08:09:27.498+0000] {logging_mixin.py:190} INFO - [2024-09-09T08:09:27.498+0000] {dag.py:3229} INFO - Sync 1 DAGs
[2024-09-09T08:09:27.513+0000] {logging_mixin.py:190} INFO - [2024-09-09T08:09:27.513+0000] {dag.py:4156} INFO - Setting next_dagrun for example_task_group to None, run_after=None
[2024-09-09T08:09:27.537+0000] {processor.py:208} INFO - Processing /home/airflow/.local/lib/python3.12/site-packages/airflow/example_dags/example_task_group.py took 0.085 seconds
[2024-09-09T08:09:57.746+0000] {processor.py:186} INFO - Started process (PID=3424) to work on /home/airflow/.local/lib/python3.12/site-packages/airflow/example_dags/example_task_group.py
[2024-09-09T08:09:57.747+0000] {processor.py:914} INFO - Processing file /home/airflow/.local/lib/python3.12/site-packages/airflow/example_dags/example_task_group.py for tasks to queue
[2024-09-09T08:09:57.749+0000] {logging_mixin.py:190} INFO - [2024-09-09T08:09:57.749+0000] {dagbag.py:587} INFO - Filling up the DagBag from /home/airflow/.local/lib/python3.12/site-packages/airflow/example_dags/example_task_group.py
[2024-09-09T08:09:57.758+0000] {processor.py:925} INFO - DAG(s) 'example_task_group' retrieved from /home/airflow/.local/lib/python3.12/site-packages/airflow/example_dags/example_task_group.py
[2024-09-09T08:09:57.779+0000] {logging_mixin.py:190} INFO - [2024-09-09T08:09:57.779+0000] {dag.py:3229} INFO - Sync 1 DAGs
[2024-09-09T08:09:57.793+0000] {logging_mixin.py:190} INFO - [2024-09-09T08:09:57.793+0000] {dag.py:4156} INFO - Setting next_dagrun for example_task_group to None, run_after=None
[2024-09-09T08:09:57.815+0000] {processor.py:208} INFO - Processing /home/airflow/.local/lib/python3.12/site-packages/airflow/example_dags/example_task_group.py took 0.076 seconds
[2024-09-09T08:10:28.464+0000] {processor.py:186} INFO - Started process (PID=3708) to work on /home/airflow/.local/lib/python3.12/site-packages/airflow/example_dags/example_task_group.py
[2024-09-09T08:10:28.465+0000] {processor.py:914} INFO - Processing file /home/airflow/.local/lib/python3.12/site-packages/airflow/example_dags/example_task_group.py for tasks to queue
[2024-09-09T08:10:28.467+0000] {logging_mixin.py:190} INFO - [2024-09-09T08:10:28.467+0000] {dagbag.py:587} INFO - Filling up the DagBag from /home/airflow/.local/lib/python3.12/site-packages/airflow/example_dags/example_task_group.py
[2024-09-09T08:10:28.474+0000] {processor.py:925} INFO - DAG(s) 'example_task_group' retrieved from /home/airflow/.local/lib/python3.12/site-packages/airflow/example_dags/example_task_group.py
[2024-09-09T08:10:28.494+0000] {logging_mixin.py:190} INFO - [2024-09-09T08:10:28.494+0000] {dag.py:3229} INFO - Sync 1 DAGs
[2024-09-09T08:10:28.506+0000] {logging_mixin.py:190} INFO - [2024-09-09T08:10:28.506+0000] {dag.py:4156} INFO - Setting next_dagrun for example_task_group to None, run_after=None
[2024-09-09T08:10:28.525+0000] {processor.py:208} INFO - Processing /home/airflow/.local/lib/python3.12/site-packages/airflow/example_dags/example_task_group.py took 0.068 seconds
[2024-09-09T08:10:58.710+0000] {processor.py:186} INFO - Started process (PID=3996) to work on /home/airflow/.local/lib/python3.12/site-packages/airflow/example_dags/example_task_group.py
[2024-09-09T08:10:58.711+0000] {processor.py:914} INFO - Processing file /home/airflow/.local/lib/python3.12/site-packages/airflow/example_dags/example_task_group.py for tasks to queue
[2024-09-09T08:10:58.713+0000] {logging_mixin.py:190} INFO - [2024-09-09T08:10:58.713+0000] {dagbag.py:587} INFO - Filling up the DagBag from /home/airflow/.local/lib/python3.12/site-packages/airflow/example_dags/example_task_group.py
[2024-09-09T08:10:58.720+0000] {processor.py:925} INFO - DAG(s) 'example_task_group' retrieved from /home/airflow/.local/lib/python3.12/site-packages/airflow/example_dags/example_task_group.py
[2024-09-09T08:10:58.738+0000] {logging_mixin.py:190} INFO - [2024-09-09T08:10:58.738+0000] {dag.py:3229} INFO - Sync 1 DAGs
[2024-09-09T08:10:58.749+0000] {logging_mixin.py:190} INFO - [2024-09-09T08:10:58.748+0000] {dag.py:4156} INFO - Setting next_dagrun for example_task_group to None, run_after=None
[2024-09-09T08:10:58.765+0000] {processor.py:208} INFO - Processing /home/airflow/.local/lib/python3.12/site-packages/airflow/example_dags/example_task_group.py took 0.060 seconds
[2024-09-09T08:11:29.584+0000] {processor.py:186} INFO - Started process (PID=4280) to work on /home/airflow/.local/lib/python3.12/site-packages/airflow/example_dags/example_task_group.py
[2024-09-09T08:11:29.585+0000] {processor.py:914} INFO - Processing file /home/airflow/.local/lib/python3.12/site-packages/airflow/example_dags/example_task_group.py for tasks to queue
[2024-09-09T08:11:29.587+0000] {logging_mixin.py:190} INFO - [2024-09-09T08:11:29.587+0000] {dagbag.py:587} INFO - Filling up the DagBag from /home/airflow/.local/lib/python3.12/site-packages/airflow/example_dags/example_task_group.py
[2024-09-09T08:11:29.595+0000] {processor.py:925} INFO - DAG(s) 'example_task_group' retrieved from /home/airflow/.local/lib/python3.12/site-packages/airflow/example_dags/example_task_group.py
[2024-09-09T08:11:29.613+0000] {logging_mixin.py:190} INFO - [2024-09-09T08:11:29.612+0000] {dag.py:3229} INFO - Sync 1 DAGs
[2024-09-09T08:11:29.624+0000] {logging_mixin.py:190} INFO - [2024-09-09T08:11:29.623+0000] {dag.py:4156} INFO - Setting next_dagrun for example_task_group to None, run_after=None
[2024-09-09T08:11:29.642+0000] {processor.py:208} INFO - Processing /home/airflow/.local/lib/python3.12/site-packages/airflow/example_dags/example_task_group.py took 0.062 seconds
[2024-09-09T08:12:00.087+0000] {processor.py:186} INFO - Started process (PID=4568) to work on /home/airflow/.local/lib/python3.12/site-packages/airflow/example_dags/example_task_group.py
[2024-09-09T08:12:00.088+0000] {processor.py:914} INFO - Processing file /home/airflow/.local/lib/python3.12/site-packages/airflow/example_dags/example_task_group.py for tasks to queue
[2024-09-09T08:12:00.090+0000] {logging_mixin.py:190} INFO - [2024-09-09T08:12:00.090+0000] {dagbag.py:587} INFO - Filling up the DagBag from /home/airflow/.local/lib/python3.12/site-packages/airflow/example_dags/example_task_group.py
[2024-09-09T08:12:00.098+0000] {processor.py:925} INFO - DAG(s) 'example_task_group' retrieved from /home/airflow/.local/lib/python3.12/site-packages/airflow/example_dags/example_task_group.py
[2024-09-09T08:12:00.119+0000] {logging_mixin.py:190} INFO - [2024-09-09T08:12:00.119+0000] {dag.py:3229} INFO - Sync 1 DAGs
[2024-09-09T08:12:00.131+0000] {logging_mixin.py:190} INFO - [2024-09-09T08:12:00.130+0000] {dag.py:4156} INFO - Setting next_dagrun for example_task_group to None, run_after=None
[2024-09-09T08:12:00.149+0000] {processor.py:208} INFO - Processing /home/airflow/.local/lib/python3.12/site-packages/airflow/example_dags/example_task_group.py took 0.067 seconds
[2024-09-09T08:12:30.513+0000] {processor.py:186} INFO - Started process (PID=4852) to work on /home/airflow/.local/lib/python3.12/site-packages/airflow/example_dags/example_task_group.py
[2024-09-09T08:12:30.515+0000] {processor.py:914} INFO - Processing file /home/airflow/.local/lib/python3.12/site-packages/airflow/example_dags/example_task_group.py for tasks to queue
[2024-09-09T08:12:30.518+0000] {logging_mixin.py:190} INFO - [2024-09-09T08:12:30.518+0000] {dagbag.py:587} INFO - Filling up the DagBag from /home/airflow/.local/lib/python3.12/site-packages/airflow/example_dags/example_task_group.py
[2024-09-09T08:12:30.530+0000] {processor.py:925} INFO - DAG(s) 'example_task_group' retrieved from /home/airflow/.local/lib/python3.12/site-packages/airflow/example_dags/example_task_group.py
[2024-09-09T08:12:30.557+0000] {logging_mixin.py:190} INFO - [2024-09-09T08:12:30.556+0000] {dag.py:3229} INFO - Sync 1 DAGs
[2024-09-09T08:12:30.575+0000] {logging_mixin.py:190} INFO - [2024-09-09T08:12:30.574+0000] {dag.py:4156} INFO - Setting next_dagrun for example_task_group to None, run_after=None
[2024-09-09T08:12:30.611+0000] {processor.py:208} INFO - Processing /home/airflow/.local/lib/python3.12/site-packages/airflow/example_dags/example_task_group.py took 0.106 seconds
[2024-09-09T08:13:01.333+0000] {processor.py:186} INFO - Started process (PID=5138) to work on /home/airflow/.local/lib/python3.12/site-packages/airflow/example_dags/example_task_group.py
[2024-09-09T08:13:01.334+0000] {processor.py:914} INFO - Processing file /home/airflow/.local/lib/python3.12/site-packages/airflow/example_dags/example_task_group.py for tasks to queue
[2024-09-09T08:13:01.336+0000] {logging_mixin.py:190} INFO - [2024-09-09T08:13:01.336+0000] {dagbag.py:587} INFO - Filling up the DagBag from /home/airflow/.local/lib/python3.12/site-packages/airflow/example_dags/example_task_group.py
[2024-09-09T08:13:01.343+0000] {processor.py:925} INFO - DAG(s) 'example_task_group' retrieved from /home/airflow/.local/lib/python3.12/site-packages/airflow/example_dags/example_task_group.py
[2024-09-09T08:13:01.363+0000] {logging_mixin.py:190} INFO - [2024-09-09T08:13:01.362+0000] {dag.py:3229} INFO - Sync 1 DAGs
[2024-09-09T08:13:01.374+0000] {logging_mixin.py:190} INFO - [2024-09-09T08:13:01.374+0000] {dag.py:4156} INFO - Setting next_dagrun for example_task_group to None, run_after=None
[2024-09-09T08:13:01.395+0000] {processor.py:208} INFO - Processing /home/airflow/.local/lib/python3.12/site-packages/airflow/example_dags/example_task_group.py took 0.068 seconds
[2024-09-09T08:13:32.279+0000] {processor.py:186} INFO - Started process (PID=5424) to work on /home/airflow/.local/lib/python3.12/site-packages/airflow/example_dags/example_task_group.py
[2024-09-09T08:13:32.280+0000] {processor.py:914} INFO - Processing file /home/airflow/.local/lib/python3.12/site-packages/airflow/example_dags/example_task_group.py for tasks to queue
[2024-09-09T08:13:32.282+0000] {logging_mixin.py:190} INFO - [2024-09-09T08:13:32.282+0000] {dagbag.py:587} INFO - Filling up the DagBag from /home/airflow/.local/lib/python3.12/site-packages/airflow/example_dags/example_task_group.py
[2024-09-09T08:13:32.290+0000] {processor.py:925} INFO - DAG(s) 'example_task_group' retrieved from /home/airflow/.local/lib/python3.12/site-packages/airflow/example_dags/example_task_group.py
[2024-09-09T08:13:32.309+0000] {logging_mixin.py:190} INFO - [2024-09-09T08:13:32.309+0000] {dag.py:3229} INFO - Sync 1 DAGs
[2024-09-09T08:13:32.321+0000] {logging_mixin.py:190} INFO - [2024-09-09T08:13:32.321+0000] {dag.py:4156} INFO - Setting next_dagrun for example_task_group to None, run_after=None
[2024-09-09T08:13:32.342+0000] {processor.py:208} INFO - Processing /home/airflow/.local/lib/python3.12/site-packages/airflow/example_dags/example_task_group.py took 0.068 seconds
[2024-09-09T08:14:03.249+0000] {processor.py:186} INFO - Started process (PID=5712) to work on /home/airflow/.local/lib/python3.12/site-packages/airflow/example_dags/example_task_group.py
[2024-09-09T08:14:03.250+0000] {processor.py:914} INFO - Processing file /home/airflow/.local/lib/python3.12/site-packages/airflow/example_dags/example_task_group.py for tasks to queue
[2024-09-09T08:14:03.252+0000] {logging_mixin.py:190} INFO - [2024-09-09T08:14:03.252+0000] {dagbag.py:587} INFO - Filling up the DagBag from /home/airflow/.local/lib/python3.12/site-packages/airflow/example_dags/example_task_group.py
[2024-09-09T08:14:03.259+0000] {processor.py:925} INFO - DAG(s) 'example_task_group' retrieved from /home/airflow/.local/lib/python3.12/site-packages/airflow/example_dags/example_task_group.py
[2024-09-09T08:14:03.277+0000] {logging_mixin.py:190} INFO - [2024-09-09T08:14:03.277+0000] {dag.py:3229} INFO - Sync 1 DAGs
[2024-09-09T08:14:03.288+0000] {logging_mixin.py:190} INFO - [2024-09-09T08:14:03.288+0000] {dag.py:4156} INFO - Setting next_dagrun for example_task_group to None, run_after=None
[2024-09-09T08:14:03.307+0000] {processor.py:208} INFO - Processing /home/airflow/.local/lib/python3.12/site-packages/airflow/example_dags/example_task_group.py took 0.065 seconds
[2024-09-09T08:14:34.156+0000] {processor.py:186} INFO - Started process (PID=5998) to work on /home/airflow/.local/lib/python3.12/site-packages/airflow/example_dags/example_task_group.py
[2024-09-09T08:14:34.158+0000] {processor.py:914} INFO - Processing file /home/airflow/.local/lib/python3.12/site-packages/airflow/example_dags/example_task_group.py for tasks to queue
[2024-09-09T08:14:34.160+0000] {logging_mixin.py:190} INFO - [2024-09-09T08:14:34.160+0000] {dagbag.py:587} INFO - Filling up the DagBag from /home/airflow/.local/lib/python3.12/site-packages/airflow/example_dags/example_task_group.py
[2024-09-09T08:14:34.167+0000] {processor.py:925} INFO - DAG(s) 'example_task_group' retrieved from /home/airflow/.local/lib/python3.12/site-packages/airflow/example_dags/example_task_group.py
[2024-09-09T08:14:34.188+0000] {logging_mixin.py:190} INFO - [2024-09-09T08:14:34.187+0000] {dag.py:3229} INFO - Sync 1 DAGs
[2024-09-09T08:14:34.207+0000] {logging_mixin.py:190} INFO - [2024-09-09T08:14:34.206+0000] {dag.py:4156} INFO - Setting next_dagrun for example_task_group to None, run_after=None
[2024-09-09T08:14:34.240+0000] {processor.py:208} INFO - Processing /home/airflow/.local/lib/python3.12/site-packages/airflow/example_dags/example_task_group.py took 0.088 seconds
[2024-09-09T08:15:05.181+0000] {processor.py:186} INFO - Started process (PID=6282) to work on /home/airflow/.local/lib/python3.12/site-packages/airflow/example_dags/example_task_group.py
[2024-09-09T08:15:05.183+0000] {processor.py:914} INFO - Processing file /home/airflow/.local/lib/python3.12/site-packages/airflow/example_dags/example_task_group.py for tasks to queue
[2024-09-09T08:15:05.188+0000] {logging_mixin.py:190} INFO - [2024-09-09T08:15:05.187+0000] {dagbag.py:587} INFO - Filling up the DagBag from /home/airflow/.local/lib/python3.12/site-packages/airflow/example_dags/example_task_group.py
[2024-09-09T08:15:05.203+0000] {processor.py:925} INFO - DAG(s) 'example_task_group' retrieved from /home/airflow/.local/lib/python3.12/site-packages/airflow/example_dags/example_task_group.py
[2024-09-09T08:15:05.257+0000] {logging_mixin.py:190} INFO - [2024-09-09T08:15:05.256+0000] {dag.py:3229} INFO - Sync 1 DAGs
[2024-09-09T08:15:05.295+0000] {logging_mixin.py:190} INFO - [2024-09-09T08:15:05.295+0000] {dag.py:4156} INFO - Setting next_dagrun for example_task_group to None, run_after=None
[2024-09-09T08:15:05.389+0000] {processor.py:208} INFO - Processing /home/airflow/.local/lib/python3.12/site-packages/airflow/example_dags/example_task_group.py took 0.218 seconds
[2024-09-09T08:15:36.072+0000] {processor.py:186} INFO - Started process (PID=6573) to work on /home/airflow/.local/lib/python3.12/site-packages/airflow/example_dags/example_task_group.py
[2024-09-09T08:15:36.074+0000] {processor.py:914} INFO - Processing file /home/airflow/.local/lib/python3.12/site-packages/airflow/example_dags/example_task_group.py for tasks to queue
[2024-09-09T08:15:36.078+0000] {logging_mixin.py:190} INFO - [2024-09-09T08:15:36.077+0000] {dagbag.py:587} INFO - Filling up the DagBag from /home/airflow/.local/lib/python3.12/site-packages/airflow/example_dags/example_task_group.py
[2024-09-09T08:15:36.088+0000] {processor.py:925} INFO - DAG(s) 'example_task_group' retrieved from /home/airflow/.local/lib/python3.12/site-packages/airflow/example_dags/example_task_group.py
[2024-09-09T08:15:36.116+0000] {logging_mixin.py:190} INFO - [2024-09-09T08:15:36.115+0000] {dag.py:3229} INFO - Sync 1 DAGs
[2024-09-09T08:15:36.137+0000] {logging_mixin.py:190} INFO - [2024-09-09T08:15:36.137+0000] {dag.py:4156} INFO - Setting next_dagrun for example_task_group to None, run_after=None
[2024-09-09T08:15:36.167+0000] {processor.py:208} INFO - Processing /home/airflow/.local/lib/python3.12/site-packages/airflow/example_dags/example_task_group.py took 0.103 seconds
[2024-09-09T08:16:06.280+0000] {processor.py:186} INFO - Started process (PID=6859) to work on /home/airflow/.local/lib/python3.12/site-packages/airflow/example_dags/example_task_group.py
[2024-09-09T08:16:06.281+0000] {processor.py:914} INFO - Processing file /home/airflow/.local/lib/python3.12/site-packages/airflow/example_dags/example_task_group.py for tasks to queue
[2024-09-09T08:16:06.284+0000] {logging_mixin.py:190} INFO - [2024-09-09T08:16:06.283+0000] {dagbag.py:587} INFO - Filling up the DagBag from /home/airflow/.local/lib/python3.12/site-packages/airflow/example_dags/example_task_group.py
[2024-09-09T08:16:06.291+0000] {processor.py:925} INFO - DAG(s) 'example_task_group' retrieved from /home/airflow/.local/lib/python3.12/site-packages/airflow/example_dags/example_task_group.py
[2024-09-09T08:16:06.313+0000] {logging_mixin.py:190} INFO - [2024-09-09T08:16:06.312+0000] {dag.py:3229} INFO - Sync 1 DAGs
[2024-09-09T08:16:06.325+0000] {logging_mixin.py:190} INFO - [2024-09-09T08:16:06.324+0000] {dag.py:4156} INFO - Setting next_dagrun for example_task_group to None, run_after=None
[2024-09-09T08:16:06.344+0000] {processor.py:208} INFO - Processing /home/airflow/.local/lib/python3.12/site-packages/airflow/example_dags/example_task_group.py took 0.070 seconds
[2024-09-09T08:16:37.483+0000] {processor.py:186} INFO - Started process (PID=7145) to work on /home/airflow/.local/lib/python3.12/site-packages/airflow/example_dags/example_task_group.py
[2024-09-09T08:16:37.486+0000] {processor.py:914} INFO - Processing file /home/airflow/.local/lib/python3.12/site-packages/airflow/example_dags/example_task_group.py for tasks to queue
[2024-09-09T08:16:37.492+0000] {logging_mixin.py:190} INFO - [2024-09-09T08:16:37.492+0000] {dagbag.py:587} INFO - Filling up the DagBag from /home/airflow/.local/lib/python3.12/site-packages/airflow/example_dags/example_task_group.py
[2024-09-09T08:16:37.509+0000] {processor.py:925} INFO - DAG(s) 'example_task_group' retrieved from /home/airflow/.local/lib/python3.12/site-packages/airflow/example_dags/example_task_group.py
[2024-09-09T08:16:37.544+0000] {logging_mixin.py:190} INFO - [2024-09-09T08:16:37.544+0000] {dag.py:3229} INFO - Sync 1 DAGs
[2024-09-09T08:16:37.569+0000] {logging_mixin.py:190} INFO - [2024-09-09T08:16:37.568+0000] {dag.py:4156} INFO - Setting next_dagrun for example_task_group to None, run_after=None
[2024-09-09T08:16:37.597+0000] {processor.py:208} INFO - Processing /home/airflow/.local/lib/python3.12/site-packages/airflow/example_dags/example_task_group.py took 0.122 seconds
[2024-09-09T08:17:08.627+0000] {processor.py:186} INFO - Started process (PID=7431) to work on /home/airflow/.local/lib/python3.12/site-packages/airflow/example_dags/example_task_group.py
[2024-09-09T08:17:08.629+0000] {processor.py:914} INFO - Processing file /home/airflow/.local/lib/python3.12/site-packages/airflow/example_dags/example_task_group.py for tasks to queue
[2024-09-09T08:17:08.632+0000] {logging_mixin.py:190} INFO - [2024-09-09T08:17:08.632+0000] {dagbag.py:587} INFO - Filling up the DagBag from /home/airflow/.local/lib/python3.12/site-packages/airflow/example_dags/example_task_group.py
[2024-09-09T08:17:08.642+0000] {processor.py:925} INFO - DAG(s) 'example_task_group' retrieved from /home/airflow/.local/lib/python3.12/site-packages/airflow/example_dags/example_task_group.py
[2024-09-09T08:17:08.669+0000] {logging_mixin.py:190} INFO - [2024-09-09T08:17:08.669+0000] {dag.py:3229} INFO - Sync 1 DAGs
[2024-09-09T08:17:08.687+0000] {logging_mixin.py:190} INFO - [2024-09-09T08:17:08.686+0000] {dag.py:4156} INFO - Setting next_dagrun for example_task_group to None, run_after=None
[2024-09-09T08:17:08.709+0000] {processor.py:208} INFO - Processing /home/airflow/.local/lib/python3.12/site-packages/airflow/example_dags/example_task_group.py took 0.089 seconds
[2024-09-09T08:17:39.207+0000] {processor.py:186} INFO - Started process (PID=7717) to work on /home/airflow/.local/lib/python3.12/site-packages/airflow/example_dags/example_task_group.py
[2024-09-09T08:17:39.209+0000] {processor.py:914} INFO - Processing file /home/airflow/.local/lib/python3.12/site-packages/airflow/example_dags/example_task_group.py for tasks to queue
[2024-09-09T08:17:39.211+0000] {logging_mixin.py:190} INFO - [2024-09-09T08:17:39.211+0000] {dagbag.py:587} INFO - Filling up the DagBag from /home/airflow/.local/lib/python3.12/site-packages/airflow/example_dags/example_task_group.py
[2024-09-09T08:17:39.218+0000] {processor.py:925} INFO - DAG(s) 'example_task_group' retrieved from /home/airflow/.local/lib/python3.12/site-packages/airflow/example_dags/example_task_group.py
[2024-09-09T08:17:39.245+0000] {logging_mixin.py:190} INFO - [2024-09-09T08:17:39.245+0000] {dag.py:3229} INFO - Sync 1 DAGs
[2024-09-09T08:17:39.265+0000] {logging_mixin.py:190} INFO - [2024-09-09T08:17:39.265+0000] {dag.py:4156} INFO - Setting next_dagrun for example_task_group to None, run_after=None
[2024-09-09T08:17:39.292+0000] {processor.py:208} INFO - Processing /home/airflow/.local/lib/python3.12/site-packages/airflow/example_dags/example_task_group.py took 0.091 seconds
[2024-09-09T08:18:09.812+0000] {processor.py:186} INFO - Started process (PID=8003) to work on /home/airflow/.local/lib/python3.12/site-packages/airflow/example_dags/example_task_group.py
[2024-09-09T08:18:09.813+0000] {processor.py:914} INFO - Processing file /home/airflow/.local/lib/python3.12/site-packages/airflow/example_dags/example_task_group.py for tasks to queue
[2024-09-09T08:18:09.815+0000] {logging_mixin.py:190} INFO - [2024-09-09T08:18:09.815+0000] {dagbag.py:587} INFO - Filling up the DagBag from /home/airflow/.local/lib/python3.12/site-packages/airflow/example_dags/example_task_group.py
[2024-09-09T08:18:09.824+0000] {processor.py:925} INFO - DAG(s) 'example_task_group' retrieved from /home/airflow/.local/lib/python3.12/site-packages/airflow/example_dags/example_task_group.py
[2024-09-09T08:18:09.846+0000] {logging_mixin.py:190} INFO - [2024-09-09T08:18:09.845+0000] {dag.py:3229} INFO - Sync 1 DAGs
[2024-09-09T08:18:09.858+0000] {logging_mixin.py:190} INFO - [2024-09-09T08:18:09.858+0000] {dag.py:4156} INFO - Setting next_dagrun for example_task_group to None, run_after=None
[2024-09-09T08:18:09.878+0000] {processor.py:208} INFO - Processing /home/airflow/.local/lib/python3.12/site-packages/airflow/example_dags/example_task_group.py took 0.070 seconds
[2024-09-09T08:18:40.311+0000] {processor.py:186} INFO - Started process (PID=8289) to work on /home/airflow/.local/lib/python3.12/site-packages/airflow/example_dags/example_task_group.py
[2024-09-09T08:18:40.312+0000] {processor.py:914} INFO - Processing file /home/airflow/.local/lib/python3.12/site-packages/airflow/example_dags/example_task_group.py for tasks to queue
[2024-09-09T08:18:40.315+0000] {logging_mixin.py:190} INFO - [2024-09-09T08:18:40.314+0000] {dagbag.py:587} INFO - Filling up the DagBag from /home/airflow/.local/lib/python3.12/site-packages/airflow/example_dags/example_task_group.py
[2024-09-09T08:18:40.324+0000] {processor.py:925} INFO - DAG(s) 'example_task_group' retrieved from /home/airflow/.local/lib/python3.12/site-packages/airflow/example_dags/example_task_group.py
[2024-09-09T08:18:40.346+0000] {logging_mixin.py:190} INFO - [2024-09-09T08:18:40.346+0000] {dag.py:3229} INFO - Sync 1 DAGs
[2024-09-09T08:18:40.364+0000] {logging_mixin.py:190} INFO - [2024-09-09T08:18:40.364+0000] {dag.py:4156} INFO - Setting next_dagrun for example_task_group to None, run_after=None
[2024-09-09T08:18:40.389+0000] {processor.py:208} INFO - Processing /home/airflow/.local/lib/python3.12/site-packages/airflow/example_dags/example_task_group.py took 0.084 seconds
[2024-09-09T08:19:10.542+0000] {processor.py:186} INFO - Started process (PID=8575) to work on /home/airflow/.local/lib/python3.12/site-packages/airflow/example_dags/example_task_group.py
[2024-09-09T08:19:10.543+0000] {processor.py:914} INFO - Processing file /home/airflow/.local/lib/python3.12/site-packages/airflow/example_dags/example_task_group.py for tasks to queue
[2024-09-09T08:19:10.546+0000] {logging_mixin.py:190} INFO - [2024-09-09T08:19:10.545+0000] {dagbag.py:587} INFO - Filling up the DagBag from /home/airflow/.local/lib/python3.12/site-packages/airflow/example_dags/example_task_group.py
[2024-09-09T08:19:10.552+0000] {processor.py:925} INFO - DAG(s) 'example_task_group' retrieved from /home/airflow/.local/lib/python3.12/site-packages/airflow/example_dags/example_task_group.py
[2024-09-09T08:19:10.571+0000] {logging_mixin.py:190} INFO - [2024-09-09T08:19:10.571+0000] {dag.py:3229} INFO - Sync 1 DAGs
[2024-09-09T08:19:10.582+0000] {logging_mixin.py:190} INFO - [2024-09-09T08:19:10.582+0000] {dag.py:4156} INFO - Setting next_dagrun for example_task_group to None, run_after=None
[2024-09-09T08:19:10.602+0000] {processor.py:208} INFO - Processing /home/airflow/.local/lib/python3.12/site-packages/airflow/example_dags/example_task_group.py took 0.065 seconds
[2024-09-09T08:19:40.785+0000] {processor.py:186} INFO - Started process (PID=8861) to work on /home/airflow/.local/lib/python3.12/site-packages/airflow/example_dags/example_task_group.py
[2024-09-09T08:19:40.786+0000] {processor.py:914} INFO - Processing file /home/airflow/.local/lib/python3.12/site-packages/airflow/example_dags/example_task_group.py for tasks to queue
[2024-09-09T08:19:40.789+0000] {logging_mixin.py:190} INFO - [2024-09-09T08:19:40.789+0000] {dagbag.py:587} INFO - Filling up the DagBag from /home/airflow/.local/lib/python3.12/site-packages/airflow/example_dags/example_task_group.py
[2024-09-09T08:19:40.802+0000] {processor.py:925} INFO - DAG(s) 'example_task_group' retrieved from /home/airflow/.local/lib/python3.12/site-packages/airflow/example_dags/example_task_group.py
[2024-09-09T08:19:40.838+0000] {logging_mixin.py:190} INFO - [2024-09-09T08:19:40.838+0000] {dag.py:3229} INFO - Sync 1 DAGs
[2024-09-09T08:19:40.859+0000] {logging_mixin.py:190} INFO - [2024-09-09T08:19:40.859+0000] {dag.py:4156} INFO - Setting next_dagrun for example_task_group to None, run_after=None
[2024-09-09T08:19:40.886+0000] {processor.py:208} INFO - Processing /home/airflow/.local/lib/python3.12/site-packages/airflow/example_dags/example_task_group.py took 0.109 seconds
[2024-09-09T08:20:11.695+0000] {processor.py:186} INFO - Started process (PID=9147) to work on /home/airflow/.local/lib/python3.12/site-packages/airflow/example_dags/example_task_group.py
[2024-09-09T08:20:11.696+0000] {processor.py:914} INFO - Processing file /home/airflow/.local/lib/python3.12/site-packages/airflow/example_dags/example_task_group.py for tasks to queue
[2024-09-09T08:20:11.698+0000] {logging_mixin.py:190} INFO - [2024-09-09T08:20:11.698+0000] {dagbag.py:587} INFO - Filling up the DagBag from /home/airflow/.local/lib/python3.12/site-packages/airflow/example_dags/example_task_group.py
[2024-09-09T08:20:11.705+0000] {processor.py:925} INFO - DAG(s) 'example_task_group' retrieved from /home/airflow/.local/lib/python3.12/site-packages/airflow/example_dags/example_task_group.py
[2024-09-09T08:20:11.722+0000] {logging_mixin.py:190} INFO - [2024-09-09T08:20:11.722+0000] {dag.py:3229} INFO - Sync 1 DAGs
[2024-09-09T08:20:11.734+0000] {logging_mixin.py:190} INFO - [2024-09-09T08:20:11.734+0000] {dag.py:4156} INFO - Setting next_dagrun for example_task_group to None, run_after=None
[2024-09-09T08:20:11.752+0000] {processor.py:208} INFO - Processing /home/airflow/.local/lib/python3.12/site-packages/airflow/example_dags/example_task_group.py took 0.062 seconds
[2024-09-09T08:20:42.077+0000] {processor.py:186} INFO - Started process (PID=9439) to work on /home/airflow/.local/lib/python3.12/site-packages/airflow/example_dags/example_task_group.py
[2024-09-09T08:20:42.078+0000] {processor.py:914} INFO - Processing file /home/airflow/.local/lib/python3.12/site-packages/airflow/example_dags/example_task_group.py for tasks to queue
[2024-09-09T08:20:42.080+0000] {logging_mixin.py:190} INFO - [2024-09-09T08:20:42.080+0000] {dagbag.py:587} INFO - Filling up the DagBag from /home/airflow/.local/lib/python3.12/site-packages/airflow/example_dags/example_task_group.py
[2024-09-09T08:20:42.087+0000] {processor.py:925} INFO - DAG(s) 'example_task_group' retrieved from /home/airflow/.local/lib/python3.12/site-packages/airflow/example_dags/example_task_group.py
[2024-09-09T08:20:42.104+0000] {logging_mixin.py:190} INFO - [2024-09-09T08:20:42.104+0000] {dag.py:3229} INFO - Sync 1 DAGs
[2024-09-09T08:20:42.118+0000] {logging_mixin.py:190} INFO - [2024-09-09T08:20:42.117+0000] {dag.py:4156} INFO - Setting next_dagrun for example_task_group to None, run_after=None
[2024-09-09T08:20:42.135+0000] {processor.py:208} INFO - Processing /home/airflow/.local/lib/python3.12/site-packages/airflow/example_dags/example_task_group.py took 0.063 seconds
[2024-09-09T08:21:12.559+0000] {processor.py:186} INFO - Started process (PID=9725) to work on /home/airflow/.local/lib/python3.12/site-packages/airflow/example_dags/example_task_group.py
[2024-09-09T08:21:12.561+0000] {processor.py:914} INFO - Processing file /home/airflow/.local/lib/python3.12/site-packages/airflow/example_dags/example_task_group.py for tasks to queue
[2024-09-09T08:21:12.563+0000] {logging_mixin.py:190} INFO - [2024-09-09T08:21:12.563+0000] {dagbag.py:587} INFO - Filling up the DagBag from /home/airflow/.local/lib/python3.12/site-packages/airflow/example_dags/example_task_group.py
[2024-09-09T08:21:12.573+0000] {processor.py:925} INFO - DAG(s) 'example_task_group' retrieved from /home/airflow/.local/lib/python3.12/site-packages/airflow/example_dags/example_task_group.py
[2024-09-09T08:21:12.598+0000] {logging_mixin.py:190} INFO - [2024-09-09T08:21:12.598+0000] {dag.py:3229} INFO - Sync 1 DAGs
[2024-09-09T08:21:12.610+0000] {logging_mixin.py:190} INFO - [2024-09-09T08:21:12.610+0000] {dag.py:4156} INFO - Setting next_dagrun for example_task_group to None, run_after=None
[2024-09-09T08:21:12.628+0000] {processor.py:208} INFO - Processing /home/airflow/.local/lib/python3.12/site-packages/airflow/example_dags/example_task_group.py took 0.075 seconds
[2024-09-09T08:21:43.315+0000] {processor.py:186} INFO - Started process (PID=10011) to work on /home/airflow/.local/lib/python3.12/site-packages/airflow/example_dags/example_task_group.py
[2024-09-09T08:21:43.317+0000] {processor.py:914} INFO - Processing file /home/airflow/.local/lib/python3.12/site-packages/airflow/example_dags/example_task_group.py for tasks to queue
[2024-09-09T08:21:43.321+0000] {logging_mixin.py:190} INFO - [2024-09-09T08:21:43.320+0000] {dagbag.py:587} INFO - Filling up the DagBag from /home/airflow/.local/lib/python3.12/site-packages/airflow/example_dags/example_task_group.py
[2024-09-09T08:21:43.333+0000] {processor.py:925} INFO - DAG(s) 'example_task_group' retrieved from /home/airflow/.local/lib/python3.12/site-packages/airflow/example_dags/example_task_group.py
[2024-09-09T08:21:43.359+0000] {logging_mixin.py:190} INFO - [2024-09-09T08:21:43.359+0000] {dag.py:3229} INFO - Sync 1 DAGs
[2024-09-09T08:21:43.377+0000] {logging_mixin.py:190} INFO - [2024-09-09T08:21:43.377+0000] {dag.py:4156} INFO - Setting next_dagrun for example_task_group to None, run_after=None
[2024-09-09T08:21:43.396+0000] {processor.py:208} INFO - Processing /home/airflow/.local/lib/python3.12/site-packages/airflow/example_dags/example_task_group.py took 0.090 seconds
[2024-09-09T08:22:14.165+0000] {processor.py:186} INFO - Started process (PID=10297) to work on /home/airflow/.local/lib/python3.12/site-packages/airflow/example_dags/example_task_group.py
[2024-09-09T08:22:14.166+0000] {processor.py:914} INFO - Processing file /home/airflow/.local/lib/python3.12/site-packages/airflow/example_dags/example_task_group.py for tasks to queue
[2024-09-09T08:22:14.169+0000] {logging_mixin.py:190} INFO - [2024-09-09T08:22:14.168+0000] {dagbag.py:587} INFO - Filling up the DagBag from /home/airflow/.local/lib/python3.12/site-packages/airflow/example_dags/example_task_group.py
[2024-09-09T08:22:14.178+0000] {processor.py:925} INFO - DAG(s) 'example_task_group' retrieved from /home/airflow/.local/lib/python3.12/site-packages/airflow/example_dags/example_task_group.py
[2024-09-09T08:22:14.198+0000] {logging_mixin.py:190} INFO - [2024-09-09T08:22:14.198+0000] {dag.py:3229} INFO - Sync 1 DAGs
[2024-09-09T08:22:14.211+0000] {logging_mixin.py:190} INFO - [2024-09-09T08:22:14.211+0000] {dag.py:4156} INFO - Setting next_dagrun for example_task_group to None, run_after=None
[2024-09-09T08:22:14.232+0000] {processor.py:208} INFO - Processing /home/airflow/.local/lib/python3.12/site-packages/airflow/example_dags/example_task_group.py took 0.071 seconds
[2024-09-09T08:22:45.033+0000] {processor.py:186} INFO - Started process (PID=10583) to work on /home/airflow/.local/lib/python3.12/site-packages/airflow/example_dags/example_task_group.py
[2024-09-09T08:22:45.034+0000] {processor.py:914} INFO - Processing file /home/airflow/.local/lib/python3.12/site-packages/airflow/example_dags/example_task_group.py for tasks to queue
[2024-09-09T08:22:45.037+0000] {logging_mixin.py:190} INFO - [2024-09-09T08:22:45.036+0000] {dagbag.py:587} INFO - Filling up the DagBag from /home/airflow/.local/lib/python3.12/site-packages/airflow/example_dags/example_task_group.py
[2024-09-09T08:22:45.064+0000] {processor.py:925} INFO - DAG(s) 'example_task_group' retrieved from /home/airflow/.local/lib/python3.12/site-packages/airflow/example_dags/example_task_group.py
[2024-09-09T08:22:45.100+0000] {logging_mixin.py:190} INFO - [2024-09-09T08:22:45.100+0000] {dag.py:3229} INFO - Sync 1 DAGs
[2024-09-09T08:22:45.119+0000] {logging_mixin.py:190} INFO - [2024-09-09T08:22:45.119+0000] {dag.py:4156} INFO - Setting next_dagrun for example_task_group to None, run_after=None
[2024-09-09T08:22:45.152+0000] {processor.py:208} INFO - Processing /home/airflow/.local/lib/python3.12/site-packages/airflow/example_dags/example_task_group.py took 0.128 seconds
[2024-09-09T08:23:15.516+0000] {processor.py:186} INFO - Started process (PID=10871) to work on /home/airflow/.local/lib/python3.12/site-packages/airflow/example_dags/example_task_group.py
[2024-09-09T08:23:15.517+0000] {processor.py:914} INFO - Processing file /home/airflow/.local/lib/python3.12/site-packages/airflow/example_dags/example_task_group.py for tasks to queue
[2024-09-09T08:23:15.519+0000] {logging_mixin.py:190} INFO - [2024-09-09T08:23:15.519+0000] {dagbag.py:587} INFO - Filling up the DagBag from /home/airflow/.local/lib/python3.12/site-packages/airflow/example_dags/example_task_group.py
[2024-09-09T08:23:15.529+0000] {processor.py:925} INFO - DAG(s) 'example_task_group' retrieved from /home/airflow/.local/lib/python3.12/site-packages/airflow/example_dags/example_task_group.py
[2024-09-09T08:23:15.546+0000] {logging_mixin.py:190} INFO - [2024-09-09T08:23:15.546+0000] {dag.py:3229} INFO - Sync 1 DAGs
[2024-09-09T08:23:15.558+0000] {logging_mixin.py:190} INFO - [2024-09-09T08:23:15.557+0000] {dag.py:4156} INFO - Setting next_dagrun for example_task_group to None, run_after=None
[2024-09-09T08:23:15.575+0000] {processor.py:208} INFO - Processing /home/airflow/.local/lib/python3.12/site-packages/airflow/example_dags/example_task_group.py took 0.064 seconds
[2024-09-09T08:23:46.534+0000] {processor.py:186} INFO - Started process (PID=11155) to work on /home/airflow/.local/lib/python3.12/site-packages/airflow/example_dags/example_task_group.py
[2024-09-09T08:23:46.535+0000] {processor.py:914} INFO - Processing file /home/airflow/.local/lib/python3.12/site-packages/airflow/example_dags/example_task_group.py for tasks to queue
[2024-09-09T08:23:46.537+0000] {logging_mixin.py:190} INFO - [2024-09-09T08:23:46.537+0000] {dagbag.py:587} INFO - Filling up the DagBag from /home/airflow/.local/lib/python3.12/site-packages/airflow/example_dags/example_task_group.py
[2024-09-09T08:23:46.544+0000] {processor.py:925} INFO - DAG(s) 'example_task_group' retrieved from /home/airflow/.local/lib/python3.12/site-packages/airflow/example_dags/example_task_group.py
[2024-09-09T08:23:46.564+0000] {logging_mixin.py:190} INFO - [2024-09-09T08:23:46.563+0000] {dag.py:3229} INFO - Sync 1 DAGs
[2024-09-09T08:23:46.576+0000] {logging_mixin.py:190} INFO - [2024-09-09T08:23:46.576+0000] {dag.py:4156} INFO - Setting next_dagrun for example_task_group to None, run_after=None
[2024-09-09T08:23:46.596+0000] {processor.py:208} INFO - Processing /home/airflow/.local/lib/python3.12/site-packages/airflow/example_dags/example_task_group.py took 0.068 seconds
[2024-09-09T08:24:16.931+0000] {processor.py:186} INFO - Started process (PID=11436) to work on /home/airflow/.local/lib/python3.12/site-packages/airflow/example_dags/example_task_group.py
[2024-09-09T08:24:16.932+0000] {processor.py:914} INFO - Processing file /home/airflow/.local/lib/python3.12/site-packages/airflow/example_dags/example_task_group.py for tasks to queue
[2024-09-09T08:24:16.935+0000] {logging_mixin.py:190} INFO - [2024-09-09T08:24:16.934+0000] {dagbag.py:587} INFO - Filling up the DagBag from /home/airflow/.local/lib/python3.12/site-packages/airflow/example_dags/example_task_group.py
[2024-09-09T08:24:16.943+0000] {processor.py:925} INFO - DAG(s) 'example_task_group' retrieved from /home/airflow/.local/lib/python3.12/site-packages/airflow/example_dags/example_task_group.py
[2024-09-09T08:24:16.965+0000] {logging_mixin.py:190} INFO - [2024-09-09T08:24:16.965+0000] {dag.py:3229} INFO - Sync 1 DAGs
[2024-09-09T08:24:16.981+0000] {logging_mixin.py:190} INFO - [2024-09-09T08:24:16.980+0000] {dag.py:4156} INFO - Setting next_dagrun for example_task_group to None, run_after=None
[2024-09-09T08:24:17.031+0000] {processor.py:208} INFO - Processing /home/airflow/.local/lib/python3.12/site-packages/airflow/example_dags/example_task_group.py took 0.106 seconds
[2024-09-09T08:24:47.152+0000] {processor.py:186} INFO - Started process (PID=11722) to work on /home/airflow/.local/lib/python3.12/site-packages/airflow/example_dags/example_task_group.py
[2024-09-09T08:24:47.153+0000] {processor.py:914} INFO - Processing file /home/airflow/.local/lib/python3.12/site-packages/airflow/example_dags/example_task_group.py for tasks to queue
[2024-09-09T08:24:47.155+0000] {logging_mixin.py:190} INFO - [2024-09-09T08:24:47.155+0000] {dagbag.py:587} INFO - Filling up the DagBag from /home/airflow/.local/lib/python3.12/site-packages/airflow/example_dags/example_task_group.py
[2024-09-09T08:24:47.163+0000] {processor.py:925} INFO - DAG(s) 'example_task_group' retrieved from /home/airflow/.local/lib/python3.12/site-packages/airflow/example_dags/example_task_group.py
[2024-09-09T08:24:47.185+0000] {logging_mixin.py:190} INFO - [2024-09-09T08:24:47.184+0000] {dag.py:3229} INFO - Sync 1 DAGs
[2024-09-09T08:24:47.197+0000] {logging_mixin.py:190} INFO - [2024-09-09T08:24:47.197+0000] {dag.py:4156} INFO - Setting next_dagrun for example_task_group to None, run_after=None
[2024-09-09T08:24:47.216+0000] {processor.py:208} INFO - Processing /home/airflow/.local/lib/python3.12/site-packages/airflow/example_dags/example_task_group.py took 0.069 seconds
[2024-09-09T08:25:17.914+0000] {processor.py:186} INFO - Started process (PID=12013) to work on /home/airflow/.local/lib/python3.12/site-packages/airflow/example_dags/example_task_group.py
[2024-09-09T08:25:17.915+0000] {processor.py:914} INFO - Processing file /home/airflow/.local/lib/python3.12/site-packages/airflow/example_dags/example_task_group.py for tasks to queue
[2024-09-09T08:25:17.917+0000] {logging_mixin.py:190} INFO - [2024-09-09T08:25:17.917+0000] {dagbag.py:587} INFO - Filling up the DagBag from /home/airflow/.local/lib/python3.12/site-packages/airflow/example_dags/example_task_group.py
[2024-09-09T08:25:17.924+0000] {processor.py:925} INFO - DAG(s) 'example_task_group' retrieved from /home/airflow/.local/lib/python3.12/site-packages/airflow/example_dags/example_task_group.py
[2024-09-09T08:25:17.942+0000] {logging_mixin.py:190} INFO - [2024-09-09T08:25:17.942+0000] {dag.py:3229} INFO - Sync 1 DAGs
[2024-09-09T08:25:17.954+0000] {logging_mixin.py:190} INFO - [2024-09-09T08:25:17.954+0000] {dag.py:4156} INFO - Setting next_dagrun for example_task_group to None, run_after=None
[2024-09-09T08:25:17.975+0000] {processor.py:208} INFO - Processing /home/airflow/.local/lib/python3.12/site-packages/airflow/example_dags/example_task_group.py took 0.066 seconds
[2024-09-09T08:25:48.355+0000] {processor.py:186} INFO - Started process (PID=12300) to work on /home/airflow/.local/lib/python3.12/site-packages/airflow/example_dags/example_task_group.py
[2024-09-09T08:25:48.356+0000] {processor.py:914} INFO - Processing file /home/airflow/.local/lib/python3.12/site-packages/airflow/example_dags/example_task_group.py for tasks to queue
[2024-09-09T08:25:48.358+0000] {logging_mixin.py:190} INFO - [2024-09-09T08:25:48.358+0000] {dagbag.py:587} INFO - Filling up the DagBag from /home/airflow/.local/lib/python3.12/site-packages/airflow/example_dags/example_task_group.py
[2024-09-09T08:25:48.365+0000] {processor.py:925} INFO - DAG(s) 'example_task_group' retrieved from /home/airflow/.local/lib/python3.12/site-packages/airflow/example_dags/example_task_group.py
[2024-09-09T08:25:48.384+0000] {logging_mixin.py:190} INFO - [2024-09-09T08:25:48.383+0000] {dag.py:3229} INFO - Sync 1 DAGs
[2024-09-09T08:25:48.398+0000] {logging_mixin.py:190} INFO - [2024-09-09T08:25:48.397+0000] {dag.py:4156} INFO - Setting next_dagrun for example_task_group to None, run_after=None
[2024-09-09T08:25:48.417+0000] {processor.py:208} INFO - Processing /home/airflow/.local/lib/python3.12/site-packages/airflow/example_dags/example_task_group.py took 0.067 seconds
[2024-09-09T08:26:19.153+0000] {processor.py:186} INFO - Started process (PID=12586) to work on /home/airflow/.local/lib/python3.12/site-packages/airflow/example_dags/example_task_group.py
[2024-09-09T08:26:19.154+0000] {processor.py:914} INFO - Processing file /home/airflow/.local/lib/python3.12/site-packages/airflow/example_dags/example_task_group.py for tasks to queue
[2024-09-09T08:26:19.157+0000] {logging_mixin.py:190} INFO - [2024-09-09T08:26:19.156+0000] {dagbag.py:587} INFO - Filling up the DagBag from /home/airflow/.local/lib/python3.12/site-packages/airflow/example_dags/example_task_group.py
[2024-09-09T08:26:19.163+0000] {processor.py:925} INFO - DAG(s) 'example_task_group' retrieved from /home/airflow/.local/lib/python3.12/site-packages/airflow/example_dags/example_task_group.py
[2024-09-09T08:26:19.184+0000] {logging_mixin.py:190} INFO - [2024-09-09T08:26:19.184+0000] {dag.py:3229} INFO - Sync 1 DAGs
[2024-09-09T08:26:19.199+0000] {logging_mixin.py:190} INFO - [2024-09-09T08:26:19.198+0000] {dag.py:4156} INFO - Setting next_dagrun for example_task_group to None, run_after=None
[2024-09-09T08:26:19.223+0000] {processor.py:208} INFO - Processing /home/airflow/.local/lib/python3.12/site-packages/airflow/example_dags/example_task_group.py took 0.074 seconds
[2024-09-09T08:26:49.869+0000] {processor.py:186} INFO - Started process (PID=12872) to work on /home/airflow/.local/lib/python3.12/site-packages/airflow/example_dags/example_task_group.py
[2024-09-09T08:26:49.871+0000] {processor.py:914} INFO - Processing file /home/airflow/.local/lib/python3.12/site-packages/airflow/example_dags/example_task_group.py for tasks to queue
[2024-09-09T08:26:49.873+0000] {logging_mixin.py:190} INFO - [2024-09-09T08:26:49.872+0000] {dagbag.py:587} INFO - Filling up the DagBag from /home/airflow/.local/lib/python3.12/site-packages/airflow/example_dags/example_task_group.py
[2024-09-09T08:26:49.880+0000] {processor.py:925} INFO - DAG(s) 'example_task_group' retrieved from /home/airflow/.local/lib/python3.12/site-packages/airflow/example_dags/example_task_group.py
[2024-09-09T08:26:49.899+0000] {logging_mixin.py:190} INFO - [2024-09-09T08:26:49.899+0000] {dag.py:3229} INFO - Sync 1 DAGs
[2024-09-09T08:26:49.912+0000] {logging_mixin.py:190} INFO - [2024-09-09T08:26:49.912+0000] {dag.py:4156} INFO - Setting next_dagrun for example_task_group to None, run_after=None
[2024-09-09T08:26:49.934+0000] {processor.py:208} INFO - Processing /home/airflow/.local/lib/python3.12/site-packages/airflow/example_dags/example_task_group.py took 0.070 seconds
[2024-09-09T08:27:20.496+0000] {processor.py:186} INFO - Started process (PID=13158) to work on /home/airflow/.local/lib/python3.12/site-packages/airflow/example_dags/example_task_group.py
[2024-09-09T08:27:20.497+0000] {processor.py:914} INFO - Processing file /home/airflow/.local/lib/python3.12/site-packages/airflow/example_dags/example_task_group.py for tasks to queue
[2024-09-09T08:27:20.499+0000] {logging_mixin.py:190} INFO - [2024-09-09T08:27:20.499+0000] {dagbag.py:587} INFO - Filling up the DagBag from /home/airflow/.local/lib/python3.12/site-packages/airflow/example_dags/example_task_group.py
[2024-09-09T08:27:20.505+0000] {processor.py:925} INFO - DAG(s) 'example_task_group' retrieved from /home/airflow/.local/lib/python3.12/site-packages/airflow/example_dags/example_task_group.py
[2024-09-09T08:27:20.525+0000] {logging_mixin.py:190} INFO - [2024-09-09T08:27:20.524+0000] {dag.py:3229} INFO - Sync 1 DAGs
[2024-09-09T08:27:20.541+0000] {logging_mixin.py:190} INFO - [2024-09-09T08:27:20.541+0000] {dag.py:4156} INFO - Setting next_dagrun for example_task_group to None, run_after=None
[2024-09-09T08:27:20.560+0000] {processor.py:208} INFO - Processing /home/airflow/.local/lib/python3.12/site-packages/airflow/example_dags/example_task_group.py took 0.069 seconds
[2024-09-09T08:27:51.556+0000] {processor.py:186} INFO - Started process (PID=13444) to work on /home/airflow/.local/lib/python3.12/site-packages/airflow/example_dags/example_task_group.py
[2024-09-09T08:27:51.558+0000] {processor.py:914} INFO - Processing file /home/airflow/.local/lib/python3.12/site-packages/airflow/example_dags/example_task_group.py for tasks to queue
[2024-09-09T08:27:51.561+0000] {logging_mixin.py:190} INFO - [2024-09-09T08:27:51.561+0000] {dagbag.py:587} INFO - Filling up the DagBag from /home/airflow/.local/lib/python3.12/site-packages/airflow/example_dags/example_task_group.py
[2024-09-09T08:27:51.569+0000] {processor.py:925} INFO - DAG(s) 'example_task_group' retrieved from /home/airflow/.local/lib/python3.12/site-packages/airflow/example_dags/example_task_group.py
[2024-09-09T08:27:51.592+0000] {logging_mixin.py:190} INFO - [2024-09-09T08:27:51.592+0000] {dag.py:3229} INFO - Sync 1 DAGs
[2024-09-09T08:27:51.605+0000] {logging_mixin.py:190} INFO - [2024-09-09T08:27:51.605+0000] {dag.py:4156} INFO - Setting next_dagrun for example_task_group to None, run_after=None
[2024-09-09T08:27:51.658+0000] {processor.py:208} INFO - Processing /home/airflow/.local/lib/python3.12/site-packages/airflow/example_dags/example_task_group.py took 0.108 seconds
[2024-09-09T08:28:23.664+0000] {processor.py:186} INFO - Started process (PID=13732) to work on /home/airflow/.local/lib/python3.12/site-packages/airflow/example_dags/example_task_group.py
[2024-09-09T08:28:23.666+0000] {processor.py:914} INFO - Processing file /home/airflow/.local/lib/python3.12/site-packages/airflow/example_dags/example_task_group.py for tasks to queue
[2024-09-09T08:28:23.670+0000] {logging_mixin.py:190} INFO - [2024-09-09T08:28:23.669+0000] {dagbag.py:587} INFO - Filling up the DagBag from /home/airflow/.local/lib/python3.12/site-packages/airflow/example_dags/example_task_group.py
[2024-09-09T08:28:23.684+0000] {processor.py:925} INFO - DAG(s) 'example_task_group' retrieved from /home/airflow/.local/lib/python3.12/site-packages/airflow/example_dags/example_task_group.py
[2024-09-09T08:28:23.742+0000] {logging_mixin.py:190} INFO - [2024-09-09T08:28:23.740+0000] {dag.py:3229} INFO - Sync 1 DAGs
[2024-09-09T08:28:23.778+0000] {logging_mixin.py:190} INFO - [2024-09-09T08:28:23.777+0000] {dag.py:4156} INFO - Setting next_dagrun for example_task_group to None, run_after=None
[2024-09-09T08:28:23.833+0000] {processor.py:208} INFO - Processing /home/airflow/.local/lib/python3.12/site-packages/airflow/example_dags/example_task_group.py took 0.180 seconds
[2024-09-09T08:28:55.092+0000] {processor.py:186} INFO - Started process (PID=14016) to work on /home/airflow/.local/lib/python3.12/site-packages/airflow/example_dags/example_task_group.py
[2024-09-09T08:28:55.094+0000] {processor.py:914} INFO - Processing file /home/airflow/.local/lib/python3.12/site-packages/airflow/example_dags/example_task_group.py for tasks to queue
[2024-09-09T08:28:55.097+0000] {logging_mixin.py:190} INFO - [2024-09-09T08:28:55.096+0000] {dagbag.py:587} INFO - Filling up the DagBag from /home/airflow/.local/lib/python3.12/site-packages/airflow/example_dags/example_task_group.py
[2024-09-09T08:28:55.113+0000] {processor.py:925} INFO - DAG(s) 'example_task_group' retrieved from /home/airflow/.local/lib/python3.12/site-packages/airflow/example_dags/example_task_group.py
[2024-09-09T08:28:55.146+0000] {logging_mixin.py:190} INFO - [2024-09-09T08:28:55.145+0000] {dag.py:3229} INFO - Sync 1 DAGs
[2024-09-09T08:28:55.171+0000] {logging_mixin.py:190} INFO - [2024-09-09T08:28:55.170+0000] {dag.py:4156} INFO - Setting next_dagrun for example_task_group to None, run_after=None
[2024-09-09T08:28:55.209+0000] {processor.py:208} INFO - Processing /home/airflow/.local/lib/python3.12/site-packages/airflow/example_dags/example_task_group.py took 0.125 seconds
[2024-09-09T08:29:26.199+0000] {processor.py:186} INFO - Started process (PID=14304) to work on /home/airflow/.local/lib/python3.12/site-packages/airflow/example_dags/example_task_group.py
[2024-09-09T08:29:26.200+0000] {processor.py:914} INFO - Processing file /home/airflow/.local/lib/python3.12/site-packages/airflow/example_dags/example_task_group.py for tasks to queue
[2024-09-09T08:29:26.205+0000] {logging_mixin.py:190} INFO - [2024-09-09T08:29:26.204+0000] {dagbag.py:587} INFO - Filling up the DagBag from /home/airflow/.local/lib/python3.12/site-packages/airflow/example_dags/example_task_group.py
[2024-09-09T08:29:26.218+0000] {processor.py:925} INFO - DAG(s) 'example_task_group' retrieved from /home/airflow/.local/lib/python3.12/site-packages/airflow/example_dags/example_task_group.py
[2024-09-09T08:29:26.250+0000] {logging_mixin.py:190} INFO - [2024-09-09T08:29:26.249+0000] {dag.py:3229} INFO - Sync 1 DAGs
[2024-09-09T08:29:26.273+0000] {logging_mixin.py:190} INFO - [2024-09-09T08:29:26.273+0000] {dag.py:4156} INFO - Setting next_dagrun for example_task_group to None, run_after=None
[2024-09-09T08:29:26.301+0000] {processor.py:208} INFO - Processing /home/airflow/.local/lib/python3.12/site-packages/airflow/example_dags/example_task_group.py took 0.111 seconds
[2024-09-09T08:29:56.908+0000] {processor.py:186} INFO - Started process (PID=14588) to work on /home/airflow/.local/lib/python3.12/site-packages/airflow/example_dags/example_task_group.py
[2024-09-09T08:29:56.910+0000] {processor.py:914} INFO - Processing file /home/airflow/.local/lib/python3.12/site-packages/airflow/example_dags/example_task_group.py for tasks to queue
[2024-09-09T08:29:56.912+0000] {logging_mixin.py:190} INFO - [2024-09-09T08:29:56.912+0000] {dagbag.py:587} INFO - Filling up the DagBag from /home/airflow/.local/lib/python3.12/site-packages/airflow/example_dags/example_task_group.py
[2024-09-09T08:29:56.924+0000] {processor.py:925} INFO - DAG(s) 'example_task_group' retrieved from /home/airflow/.local/lib/python3.12/site-packages/airflow/example_dags/example_task_group.py
[2024-09-09T08:29:56.952+0000] {logging_mixin.py:190} INFO - [2024-09-09T08:29:56.951+0000] {dag.py:3229} INFO - Sync 1 DAGs
[2024-09-09T08:29:56.972+0000] {logging_mixin.py:190} INFO - [2024-09-09T08:29:56.972+0000] {dag.py:4156} INFO - Setting next_dagrun for example_task_group to None, run_after=None
[2024-09-09T08:29:57.005+0000] {processor.py:208} INFO - Processing /home/airflow/.local/lib/python3.12/site-packages/airflow/example_dags/example_task_group.py took 0.104 seconds
[2024-09-09T08:30:27.681+0000] {processor.py:186} INFO - Started process (PID=14874) to work on /home/airflow/.local/lib/python3.12/site-packages/airflow/example_dags/example_task_group.py
[2024-09-09T08:30:27.683+0000] {processor.py:914} INFO - Processing file /home/airflow/.local/lib/python3.12/site-packages/airflow/example_dags/example_task_group.py for tasks to queue
[2024-09-09T08:30:27.686+0000] {logging_mixin.py:190} INFO - [2024-09-09T08:30:27.685+0000] {dagbag.py:587} INFO - Filling up the DagBag from /home/airflow/.local/lib/python3.12/site-packages/airflow/example_dags/example_task_group.py
[2024-09-09T08:30:27.695+0000] {processor.py:925} INFO - DAG(s) 'example_task_group' retrieved from /home/airflow/.local/lib/python3.12/site-packages/airflow/example_dags/example_task_group.py
[2024-09-09T08:30:27.719+0000] {logging_mixin.py:190} INFO - [2024-09-09T08:30:27.719+0000] {dag.py:3229} INFO - Sync 1 DAGs
[2024-09-09T08:30:27.741+0000] {logging_mixin.py:190} INFO - [2024-09-09T08:30:27.740+0000] {dag.py:4156} INFO - Setting next_dagrun for example_task_group to None, run_after=None
[2024-09-09T08:30:27.763+0000] {processor.py:208} INFO - Processing /home/airflow/.local/lib/python3.12/site-packages/airflow/example_dags/example_task_group.py took 0.088 seconds
[2024-09-09T08:30:58.747+0000] {processor.py:186} INFO - Started process (PID=15160) to work on /home/airflow/.local/lib/python3.12/site-packages/airflow/example_dags/example_task_group.py
[2024-09-09T08:30:58.749+0000] {processor.py:914} INFO - Processing file /home/airflow/.local/lib/python3.12/site-packages/airflow/example_dags/example_task_group.py for tasks to queue
[2024-09-09T08:30:58.752+0000] {logging_mixin.py:190} INFO - [2024-09-09T08:30:58.752+0000] {dagbag.py:587} INFO - Filling up the DagBag from /home/airflow/.local/lib/python3.12/site-packages/airflow/example_dags/example_task_group.py
[2024-09-09T08:30:58.762+0000] {processor.py:925} INFO - DAG(s) 'example_task_group' retrieved from /home/airflow/.local/lib/python3.12/site-packages/airflow/example_dags/example_task_group.py
[2024-09-09T08:30:58.790+0000] {logging_mixin.py:190} INFO - [2024-09-09T08:30:58.789+0000] {dag.py:3229} INFO - Sync 1 DAGs
[2024-09-09T08:30:58.808+0000] {logging_mixin.py:190} INFO - [2024-09-09T08:30:58.808+0000] {dag.py:4156} INFO - Setting next_dagrun for example_task_group to None, run_after=None
[2024-09-09T08:30:58.832+0000] {processor.py:208} INFO - Processing /home/airflow/.local/lib/python3.12/site-packages/airflow/example_dags/example_task_group.py took 0.092 seconds
[2024-09-09T08:31:29.754+0000] {processor.py:186} INFO - Started process (PID=15446) to work on /home/airflow/.local/lib/python3.12/site-packages/airflow/example_dags/example_task_group.py
[2024-09-09T08:31:29.756+0000] {processor.py:914} INFO - Processing file /home/airflow/.local/lib/python3.12/site-packages/airflow/example_dags/example_task_group.py for tasks to queue
[2024-09-09T08:31:29.758+0000] {logging_mixin.py:190} INFO - [2024-09-09T08:31:29.758+0000] {dagbag.py:587} INFO - Filling up the DagBag from /home/airflow/.local/lib/python3.12/site-packages/airflow/example_dags/example_task_group.py
[2024-09-09T08:31:29.766+0000] {processor.py:925} INFO - DAG(s) 'example_task_group' retrieved from /home/airflow/.local/lib/python3.12/site-packages/airflow/example_dags/example_task_group.py
[2024-09-09T08:31:29.787+0000] {logging_mixin.py:190} INFO - [2024-09-09T08:31:29.787+0000] {dag.py:3229} INFO - Sync 1 DAGs
[2024-09-09T08:31:29.801+0000] {logging_mixin.py:190} INFO - [2024-09-09T08:31:29.801+0000] {dag.py:4156} INFO - Setting next_dagrun for example_task_group to None, run_after=None
[2024-09-09T08:31:29.821+0000] {processor.py:208} INFO - Processing /home/airflow/.local/lib/python3.12/site-packages/airflow/example_dags/example_task_group.py took 0.072 seconds
[2024-09-09T08:32:01.142+0000] {processor.py:186} INFO - Started process (PID=15732) to work on /home/airflow/.local/lib/python3.12/site-packages/airflow/example_dags/example_task_group.py
[2024-09-09T08:32:01.144+0000] {processor.py:914} INFO - Processing file /home/airflow/.local/lib/python3.12/site-packages/airflow/example_dags/example_task_group.py for tasks to queue
[2024-09-09T08:32:01.147+0000] {logging_mixin.py:190} INFO - [2024-09-09T08:32:01.146+0000] {dagbag.py:587} INFO - Filling up the DagBag from /home/airflow/.local/lib/python3.12/site-packages/airflow/example_dags/example_task_group.py
[2024-09-09T08:32:01.156+0000] {processor.py:925} INFO - DAG(s) 'example_task_group' retrieved from /home/airflow/.local/lib/python3.12/site-packages/airflow/example_dags/example_task_group.py
[2024-09-09T08:32:01.181+0000] {logging_mixin.py:190} INFO - [2024-09-09T08:32:01.181+0000] {dag.py:3229} INFO - Sync 1 DAGs
[2024-09-09T08:32:01.196+0000] {logging_mixin.py:190} INFO - [2024-09-09T08:32:01.196+0000] {dag.py:4156} INFO - Setting next_dagrun for example_task_group to None, run_after=None
[2024-09-09T08:32:01.218+0000] {processor.py:208} INFO - Processing /home/airflow/.local/lib/python3.12/site-packages/airflow/example_dags/example_task_group.py took 0.081 seconds
[2024-09-09T08:32:32.620+0000] {processor.py:186} INFO - Started process (PID=16018) to work on /home/airflow/.local/lib/python3.12/site-packages/airflow/example_dags/example_task_group.py
[2024-09-09T08:32:32.622+0000] {processor.py:914} INFO - Processing file /home/airflow/.local/lib/python3.12/site-packages/airflow/example_dags/example_task_group.py for tasks to queue
[2024-09-09T08:32:32.627+0000] {logging_mixin.py:190} INFO - [2024-09-09T08:32:32.627+0000] {dagbag.py:587} INFO - Filling up the DagBag from /home/airflow/.local/lib/python3.12/site-packages/airflow/example_dags/example_task_group.py
[2024-09-09T08:32:32.645+0000] {processor.py:925} INFO - DAG(s) 'example_task_group' retrieved from /home/airflow/.local/lib/python3.12/site-packages/airflow/example_dags/example_task_group.py
[2024-09-09T08:32:32.726+0000] {logging_mixin.py:190} INFO - [2024-09-09T08:32:32.725+0000] {dag.py:3229} INFO - Sync 1 DAGs
[2024-09-09T08:32:32.752+0000] {logging_mixin.py:190} INFO - [2024-09-09T08:32:32.752+0000] {dag.py:4156} INFO - Setting next_dagrun for example_task_group to None, run_after=None
[2024-09-09T08:32:32.779+0000] {processor.py:208} INFO - Processing /home/airflow/.local/lib/python3.12/site-packages/airflow/example_dags/example_task_group.py took 0.169 seconds
[2024-09-09T08:33:03.066+0000] {processor.py:186} INFO - Started process (PID=16303) to work on /home/airflow/.local/lib/python3.12/site-packages/airflow/example_dags/example_task_group.py
[2024-09-09T08:33:03.068+0000] {processor.py:914} INFO - Processing file /home/airflow/.local/lib/python3.12/site-packages/airflow/example_dags/example_task_group.py for tasks to queue
[2024-09-09T08:33:03.070+0000] {logging_mixin.py:190} INFO - [2024-09-09T08:33:03.070+0000] {dagbag.py:587} INFO - Filling up the DagBag from /home/airflow/.local/lib/python3.12/site-packages/airflow/example_dags/example_task_group.py
[2024-09-09T08:33:03.078+0000] {processor.py:925} INFO - DAG(s) 'example_task_group' retrieved from /home/airflow/.local/lib/python3.12/site-packages/airflow/example_dags/example_task_group.py
[2024-09-09T08:33:03.097+0000] {logging_mixin.py:190} INFO - [2024-09-09T08:33:03.097+0000] {dag.py:3229} INFO - Sync 1 DAGs
[2024-09-09T08:33:03.110+0000] {logging_mixin.py:190} INFO - [2024-09-09T08:33:03.110+0000] {dag.py:4156} INFO - Setting next_dagrun for example_task_group to None, run_after=None
[2024-09-09T08:33:03.131+0000] {processor.py:208} INFO - Processing /home/airflow/.local/lib/python3.12/site-packages/airflow/example_dags/example_task_group.py took 0.070 seconds
[2024-09-09T08:33:34.319+0000] {processor.py:186} INFO - Started process (PID=16591) to work on /home/airflow/.local/lib/python3.12/site-packages/airflow/example_dags/example_task_group.py
[2024-09-09T08:33:34.320+0000] {processor.py:914} INFO - Processing file /home/airflow/.local/lib/python3.12/site-packages/airflow/example_dags/example_task_group.py for tasks to queue
[2024-09-09T08:33:34.323+0000] {logging_mixin.py:190} INFO - [2024-09-09T08:33:34.323+0000] {dagbag.py:587} INFO - Filling up the DagBag from /home/airflow/.local/lib/python3.12/site-packages/airflow/example_dags/example_task_group.py
[2024-09-09T08:33:34.334+0000] {processor.py:925} INFO - DAG(s) 'example_task_group' retrieved from /home/airflow/.local/lib/python3.12/site-packages/airflow/example_dags/example_task_group.py
[2024-09-09T08:33:34.359+0000] {logging_mixin.py:190} INFO - [2024-09-09T08:33:34.359+0000] {dag.py:3229} INFO - Sync 1 DAGs
[2024-09-09T08:33:34.378+0000] {logging_mixin.py:190} INFO - [2024-09-09T08:33:34.377+0000] {dag.py:4156} INFO - Setting next_dagrun for example_task_group to None, run_after=None
[2024-09-09T08:33:34.402+0000] {processor.py:208} INFO - Processing /home/airflow/.local/lib/python3.12/site-packages/airflow/example_dags/example_task_group.py took 0.093 seconds
[2024-09-09T08:34:05.293+0000] {processor.py:186} INFO - Started process (PID=16875) to work on /home/airflow/.local/lib/python3.12/site-packages/airflow/example_dags/example_task_group.py
[2024-09-09T08:34:05.295+0000] {processor.py:914} INFO - Processing file /home/airflow/.local/lib/python3.12/site-packages/airflow/example_dags/example_task_group.py for tasks to queue
[2024-09-09T08:34:05.297+0000] {logging_mixin.py:190} INFO - [2024-09-09T08:34:05.297+0000] {dagbag.py:587} INFO - Filling up the DagBag from /home/airflow/.local/lib/python3.12/site-packages/airflow/example_dags/example_task_group.py
[2024-09-09T08:34:05.305+0000] {processor.py:925} INFO - DAG(s) 'example_task_group' retrieved from /home/airflow/.local/lib/python3.12/site-packages/airflow/example_dags/example_task_group.py
[2024-09-09T08:34:05.325+0000] {logging_mixin.py:190} INFO - [2024-09-09T08:34:05.324+0000] {dag.py:3229} INFO - Sync 1 DAGs
[2024-09-09T08:34:05.500+0000] {logging_mixin.py:190} INFO - [2024-09-09T08:34:05.500+0000] {dag.py:4156} INFO - Setting next_dagrun for example_task_group to None, run_after=None
[2024-09-09T08:34:05.518+0000] {processor.py:208} INFO - Processing /home/airflow/.local/lib/python3.12/site-packages/airflow/example_dags/example_task_group.py took 0.231 seconds
[2024-09-09T08:34:35.991+0000] {processor.py:186} INFO - Started process (PID=17161) to work on /home/airflow/.local/lib/python3.12/site-packages/airflow/example_dags/example_task_group.py
[2024-09-09T08:34:35.993+0000] {processor.py:914} INFO - Processing file /home/airflow/.local/lib/python3.12/site-packages/airflow/example_dags/example_task_group.py for tasks to queue
[2024-09-09T08:34:35.996+0000] {logging_mixin.py:190} INFO - [2024-09-09T08:34:35.996+0000] {dagbag.py:587} INFO - Filling up the DagBag from /home/airflow/.local/lib/python3.12/site-packages/airflow/example_dags/example_task_group.py
[2024-09-09T08:34:36.004+0000] {processor.py:925} INFO - DAG(s) 'example_task_group' retrieved from /home/airflow/.local/lib/python3.12/site-packages/airflow/example_dags/example_task_group.py
[2024-09-09T08:34:36.029+0000] {logging_mixin.py:190} INFO - [2024-09-09T08:34:36.029+0000] {dag.py:3229} INFO - Sync 1 DAGs
[2024-09-09T08:34:36.053+0000] {logging_mixin.py:190} INFO - [2024-09-09T08:34:36.053+0000] {dag.py:4156} INFO - Setting next_dagrun for example_task_group to None, run_after=None
[2024-09-09T08:34:36.075+0000] {processor.py:208} INFO - Processing /home/airflow/.local/lib/python3.12/site-packages/airflow/example_dags/example_task_group.py took 0.089 seconds
[2024-09-09T08:35:06.691+0000] {processor.py:186} INFO - Started process (PID=17447) to work on /home/airflow/.local/lib/python3.12/site-packages/airflow/example_dags/example_task_group.py
[2024-09-09T08:35:06.692+0000] {processor.py:914} INFO - Processing file /home/airflow/.local/lib/python3.12/site-packages/airflow/example_dags/example_task_group.py for tasks to queue
[2024-09-09T08:35:06.694+0000] {logging_mixin.py:190} INFO - [2024-09-09T08:35:06.694+0000] {dagbag.py:587} INFO - Filling up the DagBag from /home/airflow/.local/lib/python3.12/site-packages/airflow/example_dags/example_task_group.py
[2024-09-09T08:35:06.703+0000] {processor.py:925} INFO - DAG(s) 'example_task_group' retrieved from /home/airflow/.local/lib/python3.12/site-packages/airflow/example_dags/example_task_group.py
[2024-09-09T08:35:06.725+0000] {logging_mixin.py:190} INFO - [2024-09-09T08:35:06.725+0000] {dag.py:3229} INFO - Sync 1 DAGs
[2024-09-09T08:35:06.739+0000] {logging_mixin.py:190} INFO - [2024-09-09T08:35:06.739+0000] {dag.py:4156} INFO - Setting next_dagrun for example_task_group to None, run_after=None
[2024-09-09T08:35:06.767+0000] {processor.py:208} INFO - Processing /home/airflow/.local/lib/python3.12/site-packages/airflow/example_dags/example_task_group.py took 0.082 seconds
[2024-09-09T08:35:37.184+0000] {processor.py:186} INFO - Started process (PID=17733) to work on /home/airflow/.local/lib/python3.12/site-packages/airflow/example_dags/example_task_group.py
[2024-09-09T08:35:37.185+0000] {processor.py:914} INFO - Processing file /home/airflow/.local/lib/python3.12/site-packages/airflow/example_dags/example_task_group.py for tasks to queue
[2024-09-09T08:35:37.188+0000] {logging_mixin.py:190} INFO - [2024-09-09T08:35:37.187+0000] {dagbag.py:587} INFO - Filling up the DagBag from /home/airflow/.local/lib/python3.12/site-packages/airflow/example_dags/example_task_group.py
[2024-09-09T08:35:37.196+0000] {processor.py:925} INFO - DAG(s) 'example_task_group' retrieved from /home/airflow/.local/lib/python3.12/site-packages/airflow/example_dags/example_task_group.py
[2024-09-09T08:35:37.219+0000] {logging_mixin.py:190} INFO - [2024-09-09T08:35:37.219+0000] {dag.py:3229} INFO - Sync 1 DAGs
[2024-09-09T08:35:37.252+0000] {logging_mixin.py:190} INFO - [2024-09-09T08:35:37.251+0000] {dag.py:4156} INFO - Setting next_dagrun for example_task_group to None, run_after=None
[2024-09-09T08:35:37.280+0000] {processor.py:208} INFO - Processing /home/airflow/.local/lib/python3.12/site-packages/airflow/example_dags/example_task_group.py took 0.101 seconds
[2024-09-09T08:36:07.910+0000] {processor.py:186} INFO - Started process (PID=18019) to work on /home/airflow/.local/lib/python3.12/site-packages/airflow/example_dags/example_task_group.py
[2024-09-09T08:36:07.912+0000] {processor.py:914} INFO - Processing file /home/airflow/.local/lib/python3.12/site-packages/airflow/example_dags/example_task_group.py for tasks to queue
[2024-09-09T08:36:07.916+0000] {logging_mixin.py:190} INFO - [2024-09-09T08:36:07.916+0000] {dagbag.py:587} INFO - Filling up the DagBag from /home/airflow/.local/lib/python3.12/site-packages/airflow/example_dags/example_task_group.py
[2024-09-09T08:36:07.928+0000] {processor.py:925} INFO - DAG(s) 'example_task_group' retrieved from /home/airflow/.local/lib/python3.12/site-packages/airflow/example_dags/example_task_group.py
[2024-09-09T08:36:07.955+0000] {logging_mixin.py:190} INFO - [2024-09-09T08:36:07.955+0000] {dag.py:3229} INFO - Sync 1 DAGs
[2024-09-09T08:36:07.974+0000] {logging_mixin.py:190} INFO - [2024-09-09T08:36:07.974+0000] {dag.py:4156} INFO - Setting next_dagrun for example_task_group to None, run_after=None
[2024-09-09T08:36:08.003+0000] {processor.py:208} INFO - Processing /home/airflow/.local/lib/python3.12/site-packages/airflow/example_dags/example_task_group.py took 0.102 seconds
[2024-09-09T08:36:38.397+0000] {processor.py:186} INFO - Started process (PID=18305) to work on /home/airflow/.local/lib/python3.12/site-packages/airflow/example_dags/example_task_group.py
[2024-09-09T08:36:38.398+0000] {processor.py:914} INFO - Processing file /home/airflow/.local/lib/python3.12/site-packages/airflow/example_dags/example_task_group.py for tasks to queue
[2024-09-09T08:36:38.409+0000] {logging_mixin.py:190} INFO - [2024-09-09T08:36:38.408+0000] {dagbag.py:587} INFO - Filling up the DagBag from /home/airflow/.local/lib/python3.12/site-packages/airflow/example_dags/example_task_group.py
[2024-09-09T08:36:38.429+0000] {processor.py:925} INFO - DAG(s) 'example_task_group' retrieved from /home/airflow/.local/lib/python3.12/site-packages/airflow/example_dags/example_task_group.py
[2024-09-09T08:36:38.473+0000] {logging_mixin.py:190} INFO - [2024-09-09T08:36:38.473+0000] {dag.py:3229} INFO - Sync 1 DAGs
[2024-09-09T08:36:38.488+0000] {logging_mixin.py:190} INFO - [2024-09-09T08:36:38.487+0000] {dag.py:4156} INFO - Setting next_dagrun for example_task_group to None, run_after=None
[2024-09-09T08:36:38.506+0000] {processor.py:208} INFO - Processing /home/airflow/.local/lib/python3.12/site-packages/airflow/example_dags/example_task_group.py took 0.113 seconds
[2024-09-09T08:37:09.705+0000] {processor.py:186} INFO - Started process (PID=18591) to work on /home/airflow/.local/lib/python3.12/site-packages/airflow/example_dags/example_task_group.py
[2024-09-09T08:37:09.706+0000] {processor.py:914} INFO - Processing file /home/airflow/.local/lib/python3.12/site-packages/airflow/example_dags/example_task_group.py for tasks to queue
[2024-09-09T08:37:09.709+0000] {logging_mixin.py:190} INFO - [2024-09-09T08:37:09.709+0000] {dagbag.py:587} INFO - Filling up the DagBag from /home/airflow/.local/lib/python3.12/site-packages/airflow/example_dags/example_task_group.py
[2024-09-09T08:37:09.722+0000] {processor.py:925} INFO - DAG(s) 'example_task_group' retrieved from /home/airflow/.local/lib/python3.12/site-packages/airflow/example_dags/example_task_group.py
[2024-09-09T08:37:09.753+0000] {logging_mixin.py:190} INFO - [2024-09-09T08:37:09.753+0000] {dag.py:3229} INFO - Sync 1 DAGs
[2024-09-09T08:37:09.786+0000] {logging_mixin.py:190} INFO - [2024-09-09T08:37:09.785+0000] {dag.py:4156} INFO - Setting next_dagrun for example_task_group to None, run_after=None
[2024-09-09T08:37:09.847+0000] {processor.py:208} INFO - Processing /home/airflow/.local/lib/python3.12/site-packages/airflow/example_dags/example_task_group.py took 0.151 seconds
[2024-09-09T08:37:40.638+0000] {processor.py:186} INFO - Started process (PID=18877) to work on /home/airflow/.local/lib/python3.12/site-packages/airflow/example_dags/example_task_group.py
[2024-09-09T08:37:40.640+0000] {processor.py:914} INFO - Processing file /home/airflow/.local/lib/python3.12/site-packages/airflow/example_dags/example_task_group.py for tasks to queue
[2024-09-09T08:37:40.642+0000] {logging_mixin.py:190} INFO - [2024-09-09T08:37:40.642+0000] {dagbag.py:587} INFO - Filling up the DagBag from /home/airflow/.local/lib/python3.12/site-packages/airflow/example_dags/example_task_group.py
[2024-09-09T08:37:40.651+0000] {processor.py:925} INFO - DAG(s) 'example_task_group' retrieved from /home/airflow/.local/lib/python3.12/site-packages/airflow/example_dags/example_task_group.py
[2024-09-09T08:37:40.670+0000] {logging_mixin.py:190} INFO - [2024-09-09T08:37:40.670+0000] {dag.py:3229} INFO - Sync 1 DAGs
[2024-09-09T08:37:40.683+0000] {logging_mixin.py:190} INFO - [2024-09-09T08:37:40.683+0000] {dag.py:4156} INFO - Setting next_dagrun for example_task_group to None, run_after=None
[2024-09-09T08:37:40.703+0000] {processor.py:208} INFO - Processing /home/airflow/.local/lib/python3.12/site-packages/airflow/example_dags/example_task_group.py took 0.072 seconds
[2024-09-09T08:38:11.525+0000] {processor.py:186} INFO - Started process (PID=19163) to work on /home/airflow/.local/lib/python3.12/site-packages/airflow/example_dags/example_task_group.py
[2024-09-09T08:38:11.526+0000] {processor.py:914} INFO - Processing file /home/airflow/.local/lib/python3.12/site-packages/airflow/example_dags/example_task_group.py for tasks to queue
[2024-09-09T08:38:11.528+0000] {logging_mixin.py:190} INFO - [2024-09-09T08:38:11.528+0000] {dagbag.py:587} INFO - Filling up the DagBag from /home/airflow/.local/lib/python3.12/site-packages/airflow/example_dags/example_task_group.py
[2024-09-09T08:38:11.537+0000] {processor.py:925} INFO - DAG(s) 'example_task_group' retrieved from /home/airflow/.local/lib/python3.12/site-packages/airflow/example_dags/example_task_group.py
[2024-09-09T08:38:11.558+0000] {logging_mixin.py:190} INFO - [2024-09-09T08:38:11.558+0000] {dag.py:3229} INFO - Sync 1 DAGs
[2024-09-09T08:38:11.572+0000] {logging_mixin.py:190} INFO - [2024-09-09T08:38:11.572+0000] {dag.py:4156} INFO - Setting next_dagrun for example_task_group to None, run_after=None
[2024-09-09T08:38:11.594+0000] {processor.py:208} INFO - Processing /home/airflow/.local/lib/python3.12/site-packages/airflow/example_dags/example_task_group.py took 0.075 seconds
[2024-09-09T08:38:41.977+0000] {processor.py:186} INFO - Started process (PID=19449) to work on /home/airflow/.local/lib/python3.12/site-packages/airflow/example_dags/example_task_group.py
[2024-09-09T08:38:41.979+0000] {processor.py:914} INFO - Processing file /home/airflow/.local/lib/python3.12/site-packages/airflow/example_dags/example_task_group.py for tasks to queue
[2024-09-09T08:38:41.982+0000] {logging_mixin.py:190} INFO - [2024-09-09T08:38:41.982+0000] {dagbag.py:587} INFO - Filling up the DagBag from /home/airflow/.local/lib/python3.12/site-packages/airflow/example_dags/example_task_group.py
[2024-09-09T08:38:41.993+0000] {processor.py:925} INFO - DAG(s) 'example_task_group' retrieved from /home/airflow/.local/lib/python3.12/site-packages/airflow/example_dags/example_task_group.py
[2024-09-09T08:38:42.021+0000] {logging_mixin.py:190} INFO - [2024-09-09T08:38:42.021+0000] {dag.py:3229} INFO - Sync 1 DAGs
[2024-09-09T08:38:42.044+0000] {logging_mixin.py:190} INFO - [2024-09-09T08:38:42.044+0000] {dag.py:4156} INFO - Setting next_dagrun for example_task_group to None, run_after=None
[2024-09-09T08:38:42.072+0000] {processor.py:208} INFO - Processing /home/airflow/.local/lib/python3.12/site-packages/airflow/example_dags/example_task_group.py took 0.103 seconds
[2024-09-09T08:39:12.526+0000] {processor.py:186} INFO - Started process (PID=19735) to work on /home/airflow/.local/lib/python3.12/site-packages/airflow/example_dags/example_task_group.py
[2024-09-09T08:39:12.528+0000] {processor.py:914} INFO - Processing file /home/airflow/.local/lib/python3.12/site-packages/airflow/example_dags/example_task_group.py for tasks to queue
[2024-09-09T08:39:12.531+0000] {logging_mixin.py:190} INFO - [2024-09-09T08:39:12.530+0000] {dagbag.py:587} INFO - Filling up the DagBag from /home/airflow/.local/lib/python3.12/site-packages/airflow/example_dags/example_task_group.py
[2024-09-09T08:39:12.539+0000] {processor.py:925} INFO - DAG(s) 'example_task_group' retrieved from /home/airflow/.local/lib/python3.12/site-packages/airflow/example_dags/example_task_group.py
[2024-09-09T08:39:12.561+0000] {logging_mixin.py:190} INFO - [2024-09-09T08:39:12.560+0000] {dag.py:3229} INFO - Sync 1 DAGs
[2024-09-09T08:39:12.575+0000] {logging_mixin.py:190} INFO - [2024-09-09T08:39:12.575+0000] {dag.py:4156} INFO - Setting next_dagrun for example_task_group to None, run_after=None
[2024-09-09T08:39:12.601+0000] {processor.py:208} INFO - Processing /home/airflow/.local/lib/python3.12/site-packages/airflow/example_dags/example_task_group.py took 0.081 seconds
[2024-09-09T08:39:43.590+0000] {processor.py:186} INFO - Started process (PID=20027) to work on /home/airflow/.local/lib/python3.12/site-packages/airflow/example_dags/example_task_group.py
[2024-09-09T08:39:43.591+0000] {processor.py:914} INFO - Processing file /home/airflow/.local/lib/python3.12/site-packages/airflow/example_dags/example_task_group.py for tasks to queue
[2024-09-09T08:39:43.594+0000] {logging_mixin.py:190} INFO - [2024-09-09T08:39:43.593+0000] {dagbag.py:587} INFO - Filling up the DagBag from /home/airflow/.local/lib/python3.12/site-packages/airflow/example_dags/example_task_group.py
[2024-09-09T08:39:43.603+0000] {processor.py:925} INFO - DAG(s) 'example_task_group' retrieved from /home/airflow/.local/lib/python3.12/site-packages/airflow/example_dags/example_task_group.py
[2024-09-09T08:39:43.623+0000] {logging_mixin.py:190} INFO - [2024-09-09T08:39:43.623+0000] {dag.py:3229} INFO - Sync 1 DAGs
[2024-09-09T08:39:43.636+0000] {logging_mixin.py:190} INFO - [2024-09-09T08:39:43.636+0000] {dag.py:4156} INFO - Setting next_dagrun for example_task_group to None, run_after=None
[2024-09-09T08:39:43.658+0000] {processor.py:208} INFO - Processing /home/airflow/.local/lib/python3.12/site-packages/airflow/example_dags/example_task_group.py took 0.074 seconds
[2024-09-09T08:40:13.895+0000] {processor.py:186} INFO - Started process (PID=20313) to work on /home/airflow/.local/lib/python3.12/site-packages/airflow/example_dags/example_task_group.py
[2024-09-09T08:40:13.896+0000] {processor.py:914} INFO - Processing file /home/airflow/.local/lib/python3.12/site-packages/airflow/example_dags/example_task_group.py for tasks to queue
[2024-09-09T08:40:13.899+0000] {logging_mixin.py:190} INFO - [2024-09-09T08:40:13.898+0000] {dagbag.py:587} INFO - Filling up the DagBag from /home/airflow/.local/lib/python3.12/site-packages/airflow/example_dags/example_task_group.py
[2024-09-09T08:40:13.906+0000] {processor.py:925} INFO - DAG(s) 'example_task_group' retrieved from /home/airflow/.local/lib/python3.12/site-packages/airflow/example_dags/example_task_group.py
[2024-09-09T08:40:13.933+0000] {logging_mixin.py:190} INFO - [2024-09-09T08:40:13.932+0000] {dag.py:3229} INFO - Sync 1 DAGs
[2024-09-09T08:40:13.950+0000] {logging_mixin.py:190} INFO - [2024-09-09T08:40:13.949+0000] {dag.py:4156} INFO - Setting next_dagrun for example_task_group to None, run_after=None
[2024-09-09T08:40:13.968+0000] {processor.py:208} INFO - Processing /home/airflow/.local/lib/python3.12/site-packages/airflow/example_dags/example_task_group.py took 0.077 seconds
[2024-09-09T08:40:44.651+0000] {processor.py:186} INFO - Started process (PID=20599) to work on /home/airflow/.local/lib/python3.12/site-packages/airflow/example_dags/example_task_group.py
[2024-09-09T08:40:44.652+0000] {processor.py:914} INFO - Processing file /home/airflow/.local/lib/python3.12/site-packages/airflow/example_dags/example_task_group.py for tasks to queue
[2024-09-09T08:40:44.654+0000] {logging_mixin.py:190} INFO - [2024-09-09T08:40:44.654+0000] {dagbag.py:587} INFO - Filling up the DagBag from /home/airflow/.local/lib/python3.12/site-packages/airflow/example_dags/example_task_group.py
[2024-09-09T08:40:44.662+0000] {processor.py:925} INFO - DAG(s) 'example_task_group' retrieved from /home/airflow/.local/lib/python3.12/site-packages/airflow/example_dags/example_task_group.py
[2024-09-09T08:40:44.682+0000] {logging_mixin.py:190} INFO - [2024-09-09T08:40:44.681+0000] {dag.py:3229} INFO - Sync 1 DAGs
[2024-09-09T08:40:44.695+0000] {logging_mixin.py:190} INFO - [2024-09-09T08:40:44.695+0000] {dag.py:4156} INFO - Setting next_dagrun for example_task_group to None, run_after=None
[2024-09-09T08:40:44.715+0000] {processor.py:208} INFO - Processing /home/airflow/.local/lib/python3.12/site-packages/airflow/example_dags/example_task_group.py took 0.069 seconds
[2024-09-09T08:41:14.982+0000] {processor.py:186} INFO - Started process (PID=20886) to work on /home/airflow/.local/lib/python3.12/site-packages/airflow/example_dags/example_task_group.py
[2024-09-09T08:41:14.983+0000] {processor.py:914} INFO - Processing file /home/airflow/.local/lib/python3.12/site-packages/airflow/example_dags/example_task_group.py for tasks to queue
[2024-09-09T08:41:14.985+0000] {logging_mixin.py:190} INFO - [2024-09-09T08:41:14.985+0000] {dagbag.py:587} INFO - Filling up the DagBag from /home/airflow/.local/lib/python3.12/site-packages/airflow/example_dags/example_task_group.py
[2024-09-09T08:41:14.993+0000] {processor.py:925} INFO - DAG(s) 'example_task_group' retrieved from /home/airflow/.local/lib/python3.12/site-packages/airflow/example_dags/example_task_group.py
[2024-09-09T08:41:15.012+0000] {logging_mixin.py:190} INFO - [2024-09-09T08:41:15.012+0000] {dag.py:3229} INFO - Sync 1 DAGs
[2024-09-09T08:41:15.025+0000] {logging_mixin.py:190} INFO - [2024-09-09T08:41:15.025+0000] {dag.py:4156} INFO - Setting next_dagrun for example_task_group to None, run_after=None
[2024-09-09T08:41:15.042+0000] {processor.py:208} INFO - Processing /home/airflow/.local/lib/python3.12/site-packages/airflow/example_dags/example_task_group.py took 0.065 seconds
