[2024-09-09T08:04:27.145+0000] {processor.py:186} INFO - Started process (PID=420) to work on /home/airflow/.local/lib/python3.12/site-packages/airflow/example_dags/example_bash_decorator.py
[2024-09-09T08:04:27.146+0000] {processor.py:914} INFO - Processing file /home/airflow/.local/lib/python3.12/site-packages/airflow/example_dags/example_bash_decorator.py for tasks to queue
[2024-09-09T08:04:27.150+0000] {logging_mixin.py:190} INFO - [2024-09-09T08:04:27.149+0000] {dagbag.py:587} INFO - Filling up the DagBag from /home/airflow/.local/lib/python3.12/site-packages/airflow/example_dags/example_bash_decorator.py
[2024-09-09T08:04:27.172+0000] {processor.py:925} INFO - DAG(s) 'example_bash_decorator' retrieved from /home/airflow/.local/lib/python3.12/site-packages/airflow/example_dags/example_bash_decorator.py
[2024-09-09T08:04:27.342+0000] {logging_mixin.py:190} INFO - [2024-09-09T08:04:27.340+0000] {override.py:1900} INFO - Created Permission View: can edit on DAG:example_bash_decorator
[2024-09-09T08:04:27.359+0000] {logging_mixin.py:190} INFO - [2024-09-09T08:04:27.358+0000] {override.py:1900} INFO - Created Permission View: can delete on DAG:example_bash_decorator
[2024-09-09T08:04:27.403+0000] {logging_mixin.py:190} INFO - [2024-09-09T08:04:27.403+0000] {override.py:1900} INFO - Created Permission View: can read on DAG:example_bash_decorator
[2024-09-09T08:04:27.417+0000] {logging_mixin.py:190} INFO - [2024-09-09T08:04:27.417+0000] {override.py:1900} INFO - Created Permission View: can create on DAG Run:example_bash_decorator
[2024-09-09T08:04:27.426+0000] {logging_mixin.py:190} INFO - [2024-09-09T08:04:27.425+0000] {override.py:1900} INFO - Created Permission View: can delete on DAG Run:example_bash_decorator
[2024-09-09T08:04:27.438+0000] {logging_mixin.py:190} INFO - [2024-09-09T08:04:27.437+0000] {override.py:1900} INFO - Created Permission View: menu access on DAG Run:example_bash_decorator
[2024-09-09T08:04:27.450+0000] {logging_mixin.py:190} INFO - [2024-09-09T08:04:27.449+0000] {override.py:1900} INFO - Created Permission View: can read on DAG Run:example_bash_decorator
[2024-09-09T08:04:27.450+0000] {logging_mixin.py:190} INFO - [2024-09-09T08:04:27.450+0000] {dag.py:3229} INFO - Sync 1 DAGs
[2024-09-09T08:04:27.481+0000] {logging_mixin.py:190} INFO - [2024-09-09T08:04:27.480+0000] {dag.py:3252} INFO - Creating ORM DAG for example_bash_decorator
[2024-09-09T08:04:27.484+0000] {logging_mixin.py:190} INFO - [2024-09-09T08:04:27.483+0000] {dag.py:4156} INFO - Setting next_dagrun for example_bash_decorator to None, run_after=None
[2024-09-09T08:04:27.540+0000] {processor.py:208} INFO - Processing /home/airflow/.local/lib/python3.12/site-packages/airflow/example_dags/example_bash_decorator.py took 0.404 seconds
[2024-09-09T08:04:57.832+0000] {processor.py:186} INFO - Started process (PID=706) to work on /home/airflow/.local/lib/python3.12/site-packages/airflow/example_dags/example_bash_decorator.py
[2024-09-09T08:04:57.834+0000] {processor.py:914} INFO - Processing file /home/airflow/.local/lib/python3.12/site-packages/airflow/example_dags/example_bash_decorator.py for tasks to queue
[2024-09-09T08:04:57.837+0000] {logging_mixin.py:190} INFO - [2024-09-09T08:04:57.836+0000] {dagbag.py:587} INFO - Filling up the DagBag from /home/airflow/.local/lib/python3.12/site-packages/airflow/example_dags/example_bash_decorator.py
[2024-09-09T08:04:57.855+0000] {processor.py:925} INFO - DAG(s) 'example_bash_decorator' retrieved from /home/airflow/.local/lib/python3.12/site-packages/airflow/example_dags/example_bash_decorator.py
[2024-09-09T08:04:57.880+0000] {logging_mixin.py:190} INFO - [2024-09-09T08:04:57.880+0000] {dag.py:3229} INFO - Sync 1 DAGs
[2024-09-09T08:04:57.897+0000] {logging_mixin.py:190} INFO - [2024-09-09T08:04:57.897+0000] {dag.py:4156} INFO - Setting next_dagrun for example_bash_decorator to None, run_after=None
[2024-09-09T08:04:57.921+0000] {processor.py:208} INFO - Processing /home/airflow/.local/lib/python3.12/site-packages/airflow/example_dags/example_bash_decorator.py took 0.096 seconds
[2024-09-09T08:05:28.519+0000] {processor.py:186} INFO - Started process (PID=992) to work on /home/airflow/.local/lib/python3.12/site-packages/airflow/example_dags/example_bash_decorator.py
[2024-09-09T08:05:28.520+0000] {processor.py:914} INFO - Processing file /home/airflow/.local/lib/python3.12/site-packages/airflow/example_dags/example_bash_decorator.py for tasks to queue
[2024-09-09T08:05:28.523+0000] {logging_mixin.py:190} INFO - [2024-09-09T08:05:28.522+0000] {dagbag.py:587} INFO - Filling up the DagBag from /home/airflow/.local/lib/python3.12/site-packages/airflow/example_dags/example_bash_decorator.py
[2024-09-09T08:05:28.536+0000] {processor.py:925} INFO - DAG(s) 'example_bash_decorator' retrieved from /home/airflow/.local/lib/python3.12/site-packages/airflow/example_dags/example_bash_decorator.py
[2024-09-09T08:05:28.557+0000] {logging_mixin.py:190} INFO - [2024-09-09T08:05:28.557+0000] {dag.py:3229} INFO - Sync 1 DAGs
[2024-09-09T08:05:28.569+0000] {logging_mixin.py:190} INFO - [2024-09-09T08:05:28.568+0000] {dag.py:4156} INFO - Setting next_dagrun for example_bash_decorator to None, run_after=None
[2024-09-09T08:05:28.586+0000] {processor.py:208} INFO - Processing /home/airflow/.local/lib/python3.12/site-packages/airflow/example_dags/example_bash_decorator.py took 0.072 seconds
[2024-09-09T08:05:59.169+0000] {processor.py:186} INFO - Started process (PID=1278) to work on /home/airflow/.local/lib/python3.12/site-packages/airflow/example_dags/example_bash_decorator.py
[2024-09-09T08:05:59.171+0000] {processor.py:914} INFO - Processing file /home/airflow/.local/lib/python3.12/site-packages/airflow/example_dags/example_bash_decorator.py for tasks to queue
[2024-09-09T08:05:59.175+0000] {logging_mixin.py:190} INFO - [2024-09-09T08:05:59.174+0000] {dagbag.py:587} INFO - Filling up the DagBag from /home/airflow/.local/lib/python3.12/site-packages/airflow/example_dags/example_bash_decorator.py
[2024-09-09T08:05:59.199+0000] {processor.py:925} INFO - DAG(s) 'example_bash_decorator' retrieved from /home/airflow/.local/lib/python3.12/site-packages/airflow/example_dags/example_bash_decorator.py
[2024-09-09T08:05:59.228+0000] {logging_mixin.py:190} INFO - [2024-09-09T08:05:59.228+0000] {dag.py:3229} INFO - Sync 1 DAGs
[2024-09-09T08:05:59.245+0000] {logging_mixin.py:190} INFO - [2024-09-09T08:05:59.244+0000] {dag.py:4156} INFO - Setting next_dagrun for example_bash_decorator to None, run_after=None
[2024-09-09T08:05:59.268+0000] {processor.py:208} INFO - Processing /home/airflow/.local/lib/python3.12/site-packages/airflow/example_dags/example_bash_decorator.py took 0.106 seconds
[2024-09-09T08:06:30.088+0000] {processor.py:186} INFO - Started process (PID=1564) to work on /home/airflow/.local/lib/python3.12/site-packages/airflow/example_dags/example_bash_decorator.py
[2024-09-09T08:06:30.089+0000] {processor.py:914} INFO - Processing file /home/airflow/.local/lib/python3.12/site-packages/airflow/example_dags/example_bash_decorator.py for tasks to queue
[2024-09-09T08:06:30.091+0000] {logging_mixin.py:190} INFO - [2024-09-09T08:06:30.091+0000] {dagbag.py:587} INFO - Filling up the DagBag from /home/airflow/.local/lib/python3.12/site-packages/airflow/example_dags/example_bash_decorator.py
[2024-09-09T08:06:30.106+0000] {processor.py:925} INFO - DAG(s) 'example_bash_decorator' retrieved from /home/airflow/.local/lib/python3.12/site-packages/airflow/example_dags/example_bash_decorator.py
[2024-09-09T08:06:30.127+0000] {logging_mixin.py:190} INFO - [2024-09-09T08:06:30.126+0000] {dag.py:3229} INFO - Sync 1 DAGs
[2024-09-09T08:06:30.139+0000] {logging_mixin.py:190} INFO - [2024-09-09T08:06:30.138+0000] {dag.py:4156} INFO - Setting next_dagrun for example_bash_decorator to None, run_after=None
[2024-09-09T08:06:30.156+0000] {processor.py:208} INFO - Processing /home/airflow/.local/lib/python3.12/site-packages/airflow/example_dags/example_bash_decorator.py took 0.073 seconds
[2024-09-09T08:07:01.048+0000] {processor.py:186} INFO - Started process (PID=1850) to work on /home/airflow/.local/lib/python3.12/site-packages/airflow/example_dags/example_bash_decorator.py
[2024-09-09T08:07:01.049+0000] {processor.py:914} INFO - Processing file /home/airflow/.local/lib/python3.12/site-packages/airflow/example_dags/example_bash_decorator.py for tasks to queue
[2024-09-09T08:07:01.053+0000] {logging_mixin.py:190} INFO - [2024-09-09T08:07:01.052+0000] {dagbag.py:587} INFO - Filling up the DagBag from /home/airflow/.local/lib/python3.12/site-packages/airflow/example_dags/example_bash_decorator.py
[2024-09-09T08:07:01.075+0000] {processor.py:925} INFO - DAG(s) 'example_bash_decorator' retrieved from /home/airflow/.local/lib/python3.12/site-packages/airflow/example_dags/example_bash_decorator.py
[2024-09-09T08:07:01.099+0000] {logging_mixin.py:190} INFO - [2024-09-09T08:07:01.099+0000] {dag.py:3229} INFO - Sync 1 DAGs
[2024-09-09T08:07:01.115+0000] {logging_mixin.py:190} INFO - [2024-09-09T08:07:01.114+0000] {dag.py:4156} INFO - Setting next_dagrun for example_bash_decorator to None, run_after=None
[2024-09-09T08:07:01.136+0000] {processor.py:208} INFO - Processing /home/airflow/.local/lib/python3.12/site-packages/airflow/example_dags/example_bash_decorator.py took 0.095 seconds
[2024-09-09T08:07:31.549+0000] {processor.py:186} INFO - Started process (PID=2137) to work on /home/airflow/.local/lib/python3.12/site-packages/airflow/example_dags/example_bash_decorator.py
[2024-09-09T08:07:31.550+0000] {processor.py:914} INFO - Processing file /home/airflow/.local/lib/python3.12/site-packages/airflow/example_dags/example_bash_decorator.py for tasks to queue
[2024-09-09T08:07:31.554+0000] {logging_mixin.py:190} INFO - [2024-09-09T08:07:31.554+0000] {dagbag.py:587} INFO - Filling up the DagBag from /home/airflow/.local/lib/python3.12/site-packages/airflow/example_dags/example_bash_decorator.py
[2024-09-09T08:07:31.576+0000] {processor.py:925} INFO - DAG(s) 'example_bash_decorator' retrieved from /home/airflow/.local/lib/python3.12/site-packages/airflow/example_dags/example_bash_decorator.py
[2024-09-09T08:07:31.604+0000] {logging_mixin.py:190} INFO - [2024-09-09T08:07:31.604+0000] {dag.py:3229} INFO - Sync 1 DAGs
[2024-09-09T08:07:31.626+0000] {logging_mixin.py:190} INFO - [2024-09-09T08:07:31.626+0000] {dag.py:4156} INFO - Setting next_dagrun for example_bash_decorator to None, run_after=None
[2024-09-09T08:07:31.659+0000] {processor.py:208} INFO - Processing /home/airflow/.local/lib/python3.12/site-packages/airflow/example_dags/example_bash_decorator.py took 0.119 seconds
[2024-09-09T08:08:02.403+0000] {processor.py:186} INFO - Started process (PID=2423) to work on /home/airflow/.local/lib/python3.12/site-packages/airflow/example_dags/example_bash_decorator.py
[2024-09-09T08:08:02.406+0000] {processor.py:914} INFO - Processing file /home/airflow/.local/lib/python3.12/site-packages/airflow/example_dags/example_bash_decorator.py for tasks to queue
[2024-09-09T08:08:02.410+0000] {logging_mixin.py:190} INFO - [2024-09-09T08:08:02.409+0000] {dagbag.py:587} INFO - Filling up the DagBag from /home/airflow/.local/lib/python3.12/site-packages/airflow/example_dags/example_bash_decorator.py
[2024-09-09T08:08:02.459+0000] {processor.py:925} INFO - DAG(s) 'example_bash_decorator' retrieved from /home/airflow/.local/lib/python3.12/site-packages/airflow/example_dags/example_bash_decorator.py
[2024-09-09T08:08:02.497+0000] {logging_mixin.py:190} INFO - [2024-09-09T08:08:02.497+0000] {dag.py:3229} INFO - Sync 1 DAGs
[2024-09-09T08:08:02.520+0000] {logging_mixin.py:190} INFO - [2024-09-09T08:08:02.520+0000] {dag.py:4156} INFO - Setting next_dagrun for example_bash_decorator to None, run_after=None
[2024-09-09T08:08:02.544+0000] {processor.py:208} INFO - Processing /home/airflow/.local/lib/python3.12/site-packages/airflow/example_dags/example_bash_decorator.py took 0.151 seconds
[2024-09-09T08:08:33.142+0000] {processor.py:186} INFO - Started process (PID=2709) to work on /home/airflow/.local/lib/python3.12/site-packages/airflow/example_dags/example_bash_decorator.py
[2024-09-09T08:08:33.144+0000] {processor.py:914} INFO - Processing file /home/airflow/.local/lib/python3.12/site-packages/airflow/example_dags/example_bash_decorator.py for tasks to queue
[2024-09-09T08:08:33.147+0000] {logging_mixin.py:190} INFO - [2024-09-09T08:08:33.147+0000] {dagbag.py:587} INFO - Filling up the DagBag from /home/airflow/.local/lib/python3.12/site-packages/airflow/example_dags/example_bash_decorator.py
[2024-09-09T08:08:33.174+0000] {processor.py:925} INFO - DAG(s) 'example_bash_decorator' retrieved from /home/airflow/.local/lib/python3.12/site-packages/airflow/example_dags/example_bash_decorator.py
[2024-09-09T08:08:33.216+0000] {logging_mixin.py:190} INFO - [2024-09-09T08:08:33.215+0000] {dag.py:3229} INFO - Sync 1 DAGs
[2024-09-09T08:08:33.238+0000] {logging_mixin.py:190} INFO - [2024-09-09T08:08:33.238+0000] {dag.py:4156} INFO - Setting next_dagrun for example_bash_decorator to None, run_after=None
[2024-09-09T08:08:33.267+0000] {processor.py:208} INFO - Processing /home/airflow/.local/lib/python3.12/site-packages/airflow/example_dags/example_bash_decorator.py took 0.133 seconds
[2024-09-09T08:09:03.870+0000] {processor.py:186} INFO - Started process (PID=2995) to work on /home/airflow/.local/lib/python3.12/site-packages/airflow/example_dags/example_bash_decorator.py
[2024-09-09T08:09:03.871+0000] {processor.py:914} INFO - Processing file /home/airflow/.local/lib/python3.12/site-packages/airflow/example_dags/example_bash_decorator.py for tasks to queue
[2024-09-09T08:09:03.874+0000] {logging_mixin.py:190} INFO - [2024-09-09T08:09:03.874+0000] {dagbag.py:587} INFO - Filling up the DagBag from /home/airflow/.local/lib/python3.12/site-packages/airflow/example_dags/example_bash_decorator.py
[2024-09-09T08:09:03.895+0000] {processor.py:925} INFO - DAG(s) 'example_bash_decorator' retrieved from /home/airflow/.local/lib/python3.12/site-packages/airflow/example_dags/example_bash_decorator.py
[2024-09-09T08:09:03.924+0000] {logging_mixin.py:190} INFO - [2024-09-09T08:09:03.924+0000] {dag.py:3229} INFO - Sync 1 DAGs
[2024-09-09T08:09:03.942+0000] {logging_mixin.py:190} INFO - [2024-09-09T08:09:03.942+0000] {dag.py:4156} INFO - Setting next_dagrun for example_bash_decorator to None, run_after=None
[2024-09-09T08:09:03.963+0000] {processor.py:208} INFO - Processing /home/airflow/.local/lib/python3.12/site-packages/airflow/example_dags/example_bash_decorator.py took 0.101 seconds
[2024-09-09T08:09:34.035+0000] {processor.py:186} INFO - Started process (PID=3281) to work on /home/airflow/.local/lib/python3.12/site-packages/airflow/example_dags/example_bash_decorator.py
[2024-09-09T08:09:34.036+0000] {processor.py:914} INFO - Processing file /home/airflow/.local/lib/python3.12/site-packages/airflow/example_dags/example_bash_decorator.py for tasks to queue
[2024-09-09T08:09:34.040+0000] {logging_mixin.py:190} INFO - [2024-09-09T08:09:34.039+0000] {dagbag.py:587} INFO - Filling up the DagBag from /home/airflow/.local/lib/python3.12/site-packages/airflow/example_dags/example_bash_decorator.py
[2024-09-09T08:09:34.063+0000] {processor.py:925} INFO - DAG(s) 'example_bash_decorator' retrieved from /home/airflow/.local/lib/python3.12/site-packages/airflow/example_dags/example_bash_decorator.py
[2024-09-09T08:09:34.095+0000] {logging_mixin.py:190} INFO - [2024-09-09T08:09:34.094+0000] {dag.py:3229} INFO - Sync 1 DAGs
[2024-09-09T08:09:34.113+0000] {logging_mixin.py:190} INFO - [2024-09-09T08:09:34.113+0000] {dag.py:4156} INFO - Setting next_dagrun for example_bash_decorator to None, run_after=None
[2024-09-09T08:09:34.142+0000] {processor.py:208} INFO - Processing /home/airflow/.local/lib/python3.12/site-packages/airflow/example_dags/example_bash_decorator.py took 0.116 seconds
[2024-09-09T08:10:04.305+0000] {processor.py:186} INFO - Started process (PID=3562) to work on /home/airflow/.local/lib/python3.12/site-packages/airflow/example_dags/example_bash_decorator.py
[2024-09-09T08:10:04.307+0000] {processor.py:914} INFO - Processing file /home/airflow/.local/lib/python3.12/site-packages/airflow/example_dags/example_bash_decorator.py for tasks to queue
[2024-09-09T08:10:04.309+0000] {logging_mixin.py:190} INFO - [2024-09-09T08:10:04.309+0000] {dagbag.py:587} INFO - Filling up the DagBag from /home/airflow/.local/lib/python3.12/site-packages/airflow/example_dags/example_bash_decorator.py
[2024-09-09T08:10:04.323+0000] {processor.py:925} INFO - DAG(s) 'example_bash_decorator' retrieved from /home/airflow/.local/lib/python3.12/site-packages/airflow/example_dags/example_bash_decorator.py
[2024-09-09T08:10:04.346+0000] {logging_mixin.py:190} INFO - [2024-09-09T08:10:04.346+0000] {dag.py:3229} INFO - Sync 1 DAGs
[2024-09-09T08:10:04.359+0000] {logging_mixin.py:190} INFO - [2024-09-09T08:10:04.359+0000] {dag.py:4156} INFO - Setting next_dagrun for example_bash_decorator to None, run_after=None
[2024-09-09T08:10:04.384+0000] {processor.py:208} INFO - Processing /home/airflow/.local/lib/python3.12/site-packages/airflow/example_dags/example_bash_decorator.py took 0.084 seconds
[2024-09-09T08:10:34.460+0000] {processor.py:186} INFO - Started process (PID=3848) to work on /home/airflow/.local/lib/python3.12/site-packages/airflow/example_dags/example_bash_decorator.py
[2024-09-09T08:10:34.462+0000] {processor.py:914} INFO - Processing file /home/airflow/.local/lib/python3.12/site-packages/airflow/example_dags/example_bash_decorator.py for tasks to queue
[2024-09-09T08:10:34.464+0000] {logging_mixin.py:190} INFO - [2024-09-09T08:10:34.464+0000] {dagbag.py:587} INFO - Filling up the DagBag from /home/airflow/.local/lib/python3.12/site-packages/airflow/example_dags/example_bash_decorator.py
[2024-09-09T08:10:34.476+0000] {processor.py:925} INFO - DAG(s) 'example_bash_decorator' retrieved from /home/airflow/.local/lib/python3.12/site-packages/airflow/example_dags/example_bash_decorator.py
[2024-09-09T08:10:34.494+0000] {logging_mixin.py:190} INFO - [2024-09-09T08:10:34.494+0000] {dag.py:3229} INFO - Sync 1 DAGs
[2024-09-09T08:10:34.506+0000] {logging_mixin.py:190} INFO - [2024-09-09T08:10:34.505+0000] {dag.py:4156} INFO - Setting next_dagrun for example_bash_decorator to None, run_after=None
[2024-09-09T08:10:34.524+0000] {processor.py:208} INFO - Processing /home/airflow/.local/lib/python3.12/site-packages/airflow/example_dags/example_bash_decorator.py took 0.068 seconds
[2024-09-09T08:11:05.444+0000] {processor.py:186} INFO - Started process (PID=4134) to work on /home/airflow/.local/lib/python3.12/site-packages/airflow/example_dags/example_bash_decorator.py
[2024-09-09T08:11:05.447+0000] {processor.py:914} INFO - Processing file /home/airflow/.local/lib/python3.12/site-packages/airflow/example_dags/example_bash_decorator.py for tasks to queue
[2024-09-09T08:11:05.451+0000] {logging_mixin.py:190} INFO - [2024-09-09T08:11:05.451+0000] {dagbag.py:587} INFO - Filling up the DagBag from /home/airflow/.local/lib/python3.12/site-packages/airflow/example_dags/example_bash_decorator.py
[2024-09-09T08:11:05.484+0000] {processor.py:925} INFO - DAG(s) 'example_bash_decorator' retrieved from /home/airflow/.local/lib/python3.12/site-packages/airflow/example_dags/example_bash_decorator.py
[2024-09-09T08:11:05.522+0000] {logging_mixin.py:190} INFO - [2024-09-09T08:11:05.521+0000] {dag.py:3229} INFO - Sync 1 DAGs
[2024-09-09T08:11:05.563+0000] {logging_mixin.py:190} INFO - [2024-09-09T08:11:05.563+0000] {dag.py:4156} INFO - Setting next_dagrun for example_bash_decorator to None, run_after=None
[2024-09-09T08:11:05.663+0000] {processor.py:208} INFO - Processing /home/airflow/.local/lib/python3.12/site-packages/airflow/example_dags/example_bash_decorator.py took 0.230 seconds
[2024-09-09T08:11:36.623+0000] {processor.py:186} INFO - Started process (PID=4425) to work on /home/airflow/.local/lib/python3.12/site-packages/airflow/example_dags/example_bash_decorator.py
[2024-09-09T08:11:36.624+0000] {processor.py:914} INFO - Processing file /home/airflow/.local/lib/python3.12/site-packages/airflow/example_dags/example_bash_decorator.py for tasks to queue
[2024-09-09T08:11:36.626+0000] {logging_mixin.py:190} INFO - [2024-09-09T08:11:36.626+0000] {dagbag.py:587} INFO - Filling up the DagBag from /home/airflow/.local/lib/python3.12/site-packages/airflow/example_dags/example_bash_decorator.py
[2024-09-09T08:11:36.637+0000] {processor.py:925} INFO - DAG(s) 'example_bash_decorator' retrieved from /home/airflow/.local/lib/python3.12/site-packages/airflow/example_dags/example_bash_decorator.py
[2024-09-09T08:11:36.657+0000] {logging_mixin.py:190} INFO - [2024-09-09T08:11:36.656+0000] {dag.py:3229} INFO - Sync 1 DAGs
[2024-09-09T08:11:36.669+0000] {logging_mixin.py:190} INFO - [2024-09-09T08:11:36.669+0000] {dag.py:4156} INFO - Setting next_dagrun for example_bash_decorator to None, run_after=None
[2024-09-09T08:11:36.688+0000] {processor.py:208} INFO - Processing /home/airflow/.local/lib/python3.12/site-packages/airflow/example_dags/example_bash_decorator.py took 0.071 seconds
[2024-09-09T08:12:07.371+0000] {processor.py:186} INFO - Started process (PID=4711) to work on /home/airflow/.local/lib/python3.12/site-packages/airflow/example_dags/example_bash_decorator.py
[2024-09-09T08:12:07.373+0000] {processor.py:914} INFO - Processing file /home/airflow/.local/lib/python3.12/site-packages/airflow/example_dags/example_bash_decorator.py for tasks to queue
[2024-09-09T08:12:07.375+0000] {logging_mixin.py:190} INFO - [2024-09-09T08:12:07.375+0000] {dagbag.py:587} INFO - Filling up the DagBag from /home/airflow/.local/lib/python3.12/site-packages/airflow/example_dags/example_bash_decorator.py
[2024-09-09T08:12:07.391+0000] {processor.py:925} INFO - DAG(s) 'example_bash_decorator' retrieved from /home/airflow/.local/lib/python3.12/site-packages/airflow/example_dags/example_bash_decorator.py
[2024-09-09T08:12:07.444+0000] {logging_mixin.py:190} INFO - [2024-09-09T08:12:07.443+0000] {dag.py:3229} INFO - Sync 1 DAGs
[2024-09-09T08:12:07.486+0000] {logging_mixin.py:190} INFO - [2024-09-09T08:12:07.486+0000] {dag.py:4156} INFO - Setting next_dagrun for example_bash_decorator to None, run_after=None
[2024-09-09T08:12:07.531+0000] {processor.py:208} INFO - Processing /home/airflow/.local/lib/python3.12/site-packages/airflow/example_dags/example_bash_decorator.py took 0.167 seconds
[2024-09-09T08:12:38.472+0000] {processor.py:186} INFO - Started process (PID=4997) to work on /home/airflow/.local/lib/python3.12/site-packages/airflow/example_dags/example_bash_decorator.py
[2024-09-09T08:12:38.473+0000] {processor.py:914} INFO - Processing file /home/airflow/.local/lib/python3.12/site-packages/airflow/example_dags/example_bash_decorator.py for tasks to queue
[2024-09-09T08:12:38.475+0000] {logging_mixin.py:190} INFO - [2024-09-09T08:12:38.475+0000] {dagbag.py:587} INFO - Filling up the DagBag from /home/airflow/.local/lib/python3.12/site-packages/airflow/example_dags/example_bash_decorator.py
[2024-09-09T08:12:38.486+0000] {processor.py:925} INFO - DAG(s) 'example_bash_decorator' retrieved from /home/airflow/.local/lib/python3.12/site-packages/airflow/example_dags/example_bash_decorator.py
[2024-09-09T08:12:38.507+0000] {logging_mixin.py:190} INFO - [2024-09-09T08:12:38.507+0000] {dag.py:3229} INFO - Sync 1 DAGs
[2024-09-09T08:12:38.519+0000] {logging_mixin.py:190} INFO - [2024-09-09T08:12:38.519+0000] {dag.py:4156} INFO - Setting next_dagrun for example_bash_decorator to None, run_after=None
[2024-09-09T08:12:38.537+0000] {processor.py:208} INFO - Processing /home/airflow/.local/lib/python3.12/site-packages/airflow/example_dags/example_bash_decorator.py took 0.070 seconds
[2024-09-09T08:13:09.302+0000] {processor.py:186} INFO - Started process (PID=5283) to work on /home/airflow/.local/lib/python3.12/site-packages/airflow/example_dags/example_bash_decorator.py
[2024-09-09T08:13:09.304+0000] {processor.py:914} INFO - Processing file /home/airflow/.local/lib/python3.12/site-packages/airflow/example_dags/example_bash_decorator.py for tasks to queue
[2024-09-09T08:13:09.306+0000] {logging_mixin.py:190} INFO - [2024-09-09T08:13:09.306+0000] {dagbag.py:587} INFO - Filling up the DagBag from /home/airflow/.local/lib/python3.12/site-packages/airflow/example_dags/example_bash_decorator.py
[2024-09-09T08:13:09.319+0000] {processor.py:925} INFO - DAG(s) 'example_bash_decorator' retrieved from /home/airflow/.local/lib/python3.12/site-packages/airflow/example_dags/example_bash_decorator.py
[2024-09-09T08:13:09.345+0000] {logging_mixin.py:190} INFO - [2024-09-09T08:13:09.345+0000] {dag.py:3229} INFO - Sync 1 DAGs
[2024-09-09T08:13:09.359+0000] {logging_mixin.py:190} INFO - [2024-09-09T08:13:09.358+0000] {dag.py:4156} INFO - Setting next_dagrun for example_bash_decorator to None, run_after=None
[2024-09-09T08:13:09.387+0000] {processor.py:208} INFO - Processing /home/airflow/.local/lib/python3.12/site-packages/airflow/example_dags/example_bash_decorator.py took 0.090 seconds
[2024-09-09T08:13:40.226+0000] {processor.py:186} INFO - Started process (PID=5569) to work on /home/airflow/.local/lib/python3.12/site-packages/airflow/example_dags/example_bash_decorator.py
[2024-09-09T08:13:40.227+0000] {processor.py:914} INFO - Processing file /home/airflow/.local/lib/python3.12/site-packages/airflow/example_dags/example_bash_decorator.py for tasks to queue
[2024-09-09T08:13:40.230+0000] {logging_mixin.py:190} INFO - [2024-09-09T08:13:40.229+0000] {dagbag.py:587} INFO - Filling up the DagBag from /home/airflow/.local/lib/python3.12/site-packages/airflow/example_dags/example_bash_decorator.py
[2024-09-09T08:13:40.243+0000] {processor.py:925} INFO - DAG(s) 'example_bash_decorator' retrieved from /home/airflow/.local/lib/python3.12/site-packages/airflow/example_dags/example_bash_decorator.py
[2024-09-09T08:13:40.263+0000] {logging_mixin.py:190} INFO - [2024-09-09T08:13:40.263+0000] {dag.py:3229} INFO - Sync 1 DAGs
[2024-09-09T08:13:40.278+0000] {logging_mixin.py:190} INFO - [2024-09-09T08:13:40.278+0000] {dag.py:4156} INFO - Setting next_dagrun for example_bash_decorator to None, run_after=None
[2024-09-09T08:13:40.330+0000] {processor.py:208} INFO - Processing /home/airflow/.local/lib/python3.12/site-packages/airflow/example_dags/example_bash_decorator.py took 0.108 seconds
[2024-09-09T08:14:11.143+0000] {processor.py:186} INFO - Started process (PID=5855) to work on /home/airflow/.local/lib/python3.12/site-packages/airflow/example_dags/example_bash_decorator.py
[2024-09-09T08:14:11.144+0000] {processor.py:914} INFO - Processing file /home/airflow/.local/lib/python3.12/site-packages/airflow/example_dags/example_bash_decorator.py for tasks to queue
[2024-09-09T08:14:11.146+0000] {logging_mixin.py:190} INFO - [2024-09-09T08:14:11.146+0000] {dagbag.py:587} INFO - Filling up the DagBag from /home/airflow/.local/lib/python3.12/site-packages/airflow/example_dags/example_bash_decorator.py
[2024-09-09T08:14:11.157+0000] {processor.py:925} INFO - DAG(s) 'example_bash_decorator' retrieved from /home/airflow/.local/lib/python3.12/site-packages/airflow/example_dags/example_bash_decorator.py
[2024-09-09T08:14:11.177+0000] {logging_mixin.py:190} INFO - [2024-09-09T08:14:11.176+0000] {dag.py:3229} INFO - Sync 1 DAGs
[2024-09-09T08:14:11.187+0000] {logging_mixin.py:190} INFO - [2024-09-09T08:14:11.187+0000] {dag.py:4156} INFO - Setting next_dagrun for example_bash_decorator to None, run_after=None
[2024-09-09T08:14:11.206+0000] {processor.py:208} INFO - Processing /home/airflow/.local/lib/python3.12/site-packages/airflow/example_dags/example_bash_decorator.py took 0.068 seconds
[2024-09-09T08:14:41.976+0000] {processor.py:186} INFO - Started process (PID=6147) to work on /home/airflow/.local/lib/python3.12/site-packages/airflow/example_dags/example_bash_decorator.py
[2024-09-09T08:14:41.977+0000] {processor.py:914} INFO - Processing file /home/airflow/.local/lib/python3.12/site-packages/airflow/example_dags/example_bash_decorator.py for tasks to queue
[2024-09-09T08:14:41.979+0000] {logging_mixin.py:190} INFO - [2024-09-09T08:14:41.979+0000] {dagbag.py:587} INFO - Filling up the DagBag from /home/airflow/.local/lib/python3.12/site-packages/airflow/example_dags/example_bash_decorator.py
[2024-09-09T08:14:41.992+0000] {processor.py:925} INFO - DAG(s) 'example_bash_decorator' retrieved from /home/airflow/.local/lib/python3.12/site-packages/airflow/example_dags/example_bash_decorator.py
[2024-09-09T08:14:42.013+0000] {logging_mixin.py:190} INFO - [2024-09-09T08:14:42.013+0000] {dag.py:3229} INFO - Sync 1 DAGs
[2024-09-09T08:14:42.026+0000] {logging_mixin.py:190} INFO - [2024-09-09T08:14:42.026+0000] {dag.py:4156} INFO - Setting next_dagrun for example_bash_decorator to None, run_after=None
[2024-09-09T08:14:42.046+0000] {processor.py:208} INFO - Processing /home/airflow/.local/lib/python3.12/site-packages/airflow/example_dags/example_bash_decorator.py took 0.076 seconds
[2024-09-09T08:15:12.196+0000] {processor.py:186} INFO - Started process (PID=6430) to work on /home/airflow/.local/lib/python3.12/site-packages/airflow/example_dags/example_bash_decorator.py
[2024-09-09T08:15:12.197+0000] {processor.py:914} INFO - Processing file /home/airflow/.local/lib/python3.12/site-packages/airflow/example_dags/example_bash_decorator.py for tasks to queue
[2024-09-09T08:15:12.200+0000] {logging_mixin.py:190} INFO - [2024-09-09T08:15:12.199+0000] {dagbag.py:587} INFO - Filling up the DagBag from /home/airflow/.local/lib/python3.12/site-packages/airflow/example_dags/example_bash_decorator.py
[2024-09-09T08:15:12.214+0000] {processor.py:925} INFO - DAG(s) 'example_bash_decorator' retrieved from /home/airflow/.local/lib/python3.12/site-packages/airflow/example_dags/example_bash_decorator.py
[2024-09-09T08:15:12.239+0000] {logging_mixin.py:190} INFO - [2024-09-09T08:15:12.239+0000] {dag.py:3229} INFO - Sync 1 DAGs
[2024-09-09T08:15:12.255+0000] {logging_mixin.py:190} INFO - [2024-09-09T08:15:12.254+0000] {dag.py:4156} INFO - Setting next_dagrun for example_bash_decorator to None, run_after=None
[2024-09-09T08:15:12.274+0000] {processor.py:208} INFO - Processing /home/airflow/.local/lib/python3.12/site-packages/airflow/example_dags/example_bash_decorator.py took 0.088 seconds
[2024-09-09T08:15:19.677+0000] {processor.py:186} INFO - Started process (PID=6465) to work on /home/airflow/.local/lib/python3.12/site-packages/airflow/example_dags/example_bash_decorator.py
[2024-09-09T08:15:19.677+0000] {processor.py:914} INFO - Processing file /home/airflow/.local/lib/python3.12/site-packages/airflow/example_dags/example_bash_decorator.py for tasks to queue
[2024-09-09T08:15:19.679+0000] {logging_mixin.py:190} INFO - [2024-09-09T08:15:19.679+0000] {dagbag.py:587} INFO - Filling up the DagBag from /home/airflow/.local/lib/python3.12/site-packages/airflow/example_dags/example_bash_decorator.py
[2024-09-09T08:15:19.691+0000] {processor.py:925} INFO - DAG(s) 'example_bash_decorator' retrieved from /home/airflow/.local/lib/python3.12/site-packages/airflow/example_dags/example_bash_decorator.py
[2024-09-09T08:15:19.708+0000] {logging_mixin.py:190} INFO - [2024-09-09T08:15:19.708+0000] {dag.py:3229} INFO - Sync 1 DAGs
[2024-09-09T08:15:19.719+0000] {logging_mixin.py:190} INFO - [2024-09-09T08:15:19.719+0000] {dag.py:4156} INFO - Setting next_dagrun for example_bash_decorator to None, run_after=None
[2024-09-09T08:15:19.736+0000] {processor.py:208} INFO - Processing /home/airflow/.local/lib/python3.12/site-packages/airflow/example_dags/example_bash_decorator.py took 0.064 seconds
[2024-09-09T08:15:50.096+0000] {processor.py:186} INFO - Started process (PID=6751) to work on /home/airflow/.local/lib/python3.12/site-packages/airflow/example_dags/example_bash_decorator.py
[2024-09-09T08:15:50.097+0000] {processor.py:914} INFO - Processing file /home/airflow/.local/lib/python3.12/site-packages/airflow/example_dags/example_bash_decorator.py for tasks to queue
[2024-09-09T08:15:50.100+0000] {logging_mixin.py:190} INFO - [2024-09-09T08:15:50.100+0000] {dagbag.py:587} INFO - Filling up the DagBag from /home/airflow/.local/lib/python3.12/site-packages/airflow/example_dags/example_bash_decorator.py
[2024-09-09T08:15:50.118+0000] {processor.py:925} INFO - DAG(s) 'example_bash_decorator' retrieved from /home/airflow/.local/lib/python3.12/site-packages/airflow/example_dags/example_bash_decorator.py
[2024-09-09T08:15:50.144+0000] {logging_mixin.py:190} INFO - [2024-09-09T08:15:50.143+0000] {dag.py:3229} INFO - Sync 1 DAGs
[2024-09-09T08:15:50.162+0000] {logging_mixin.py:190} INFO - [2024-09-09T08:15:50.161+0000] {dag.py:4156} INFO - Setting next_dagrun for example_bash_decorator to None, run_after=None
[2024-09-09T08:15:50.193+0000] {processor.py:208} INFO - Processing /home/airflow/.local/lib/python3.12/site-packages/airflow/example_dags/example_bash_decorator.py took 0.104 seconds
[2024-09-09T08:16:20.689+0000] {processor.py:186} INFO - Started process (PID=7037) to work on /home/airflow/.local/lib/python3.12/site-packages/airflow/example_dags/example_bash_decorator.py
[2024-09-09T08:16:20.690+0000] {processor.py:914} INFO - Processing file /home/airflow/.local/lib/python3.12/site-packages/airflow/example_dags/example_bash_decorator.py for tasks to queue
[2024-09-09T08:16:20.692+0000] {logging_mixin.py:190} INFO - [2024-09-09T08:16:20.692+0000] {dagbag.py:587} INFO - Filling up the DagBag from /home/airflow/.local/lib/python3.12/site-packages/airflow/example_dags/example_bash_decorator.py
[2024-09-09T08:16:20.706+0000] {processor.py:925} INFO - DAG(s) 'example_bash_decorator' retrieved from /home/airflow/.local/lib/python3.12/site-packages/airflow/example_dags/example_bash_decorator.py
[2024-09-09T08:16:20.729+0000] {logging_mixin.py:190} INFO - [2024-09-09T08:16:20.729+0000] {dag.py:3229} INFO - Sync 1 DAGs
[2024-09-09T08:16:20.742+0000] {logging_mixin.py:190} INFO - [2024-09-09T08:16:20.741+0000] {dag.py:4156} INFO - Setting next_dagrun for example_bash_decorator to None, run_after=None
[2024-09-09T08:16:20.762+0000] {processor.py:208} INFO - Processing /home/airflow/.local/lib/python3.12/site-packages/airflow/example_dags/example_bash_decorator.py took 0.079 seconds
[2024-09-09T08:16:51.536+0000] {processor.py:186} INFO - Started process (PID=7323) to work on /home/airflow/.local/lib/python3.12/site-packages/airflow/example_dags/example_bash_decorator.py
[2024-09-09T08:16:51.538+0000] {processor.py:914} INFO - Processing file /home/airflow/.local/lib/python3.12/site-packages/airflow/example_dags/example_bash_decorator.py for tasks to queue
[2024-09-09T08:16:51.542+0000] {logging_mixin.py:190} INFO - [2024-09-09T08:16:51.541+0000] {dagbag.py:587} INFO - Filling up the DagBag from /home/airflow/.local/lib/python3.12/site-packages/airflow/example_dags/example_bash_decorator.py
[2024-09-09T08:16:51.566+0000] {processor.py:925} INFO - DAG(s) 'example_bash_decorator' retrieved from /home/airflow/.local/lib/python3.12/site-packages/airflow/example_dags/example_bash_decorator.py
[2024-09-09T08:16:51.602+0000] {logging_mixin.py:190} INFO - [2024-09-09T08:16:51.601+0000] {dag.py:3229} INFO - Sync 1 DAGs
[2024-09-09T08:16:51.620+0000] {logging_mixin.py:190} INFO - [2024-09-09T08:16:51.620+0000] {dag.py:4156} INFO - Setting next_dagrun for example_bash_decorator to None, run_after=None
[2024-09-09T08:16:51.647+0000] {processor.py:208} INFO - Processing /home/airflow/.local/lib/python3.12/site-packages/airflow/example_dags/example_bash_decorator.py took 0.121 seconds
[2024-09-09T08:17:22.350+0000] {processor.py:186} INFO - Started process (PID=7609) to work on /home/airflow/.local/lib/python3.12/site-packages/airflow/example_dags/example_bash_decorator.py
[2024-09-09T08:17:22.351+0000] {processor.py:914} INFO - Processing file /home/airflow/.local/lib/python3.12/site-packages/airflow/example_dags/example_bash_decorator.py for tasks to queue
[2024-09-09T08:17:22.353+0000] {logging_mixin.py:190} INFO - [2024-09-09T08:17:22.353+0000] {dagbag.py:587} INFO - Filling up the DagBag from /home/airflow/.local/lib/python3.12/site-packages/airflow/example_dags/example_bash_decorator.py
[2024-09-09T08:17:22.370+0000] {processor.py:925} INFO - DAG(s) 'example_bash_decorator' retrieved from /home/airflow/.local/lib/python3.12/site-packages/airflow/example_dags/example_bash_decorator.py
[2024-09-09T08:17:22.403+0000] {logging_mixin.py:190} INFO - [2024-09-09T08:17:22.403+0000] {dag.py:3229} INFO - Sync 1 DAGs
[2024-09-09T08:17:22.430+0000] {logging_mixin.py:190} INFO - [2024-09-09T08:17:22.430+0000] {dag.py:4156} INFO - Setting next_dagrun for example_bash_decorator to None, run_after=None
[2024-09-09T08:17:22.463+0000] {processor.py:208} INFO - Processing /home/airflow/.local/lib/python3.12/site-packages/airflow/example_dags/example_bash_decorator.py took 0.118 seconds
[2024-09-09T08:17:53.287+0000] {processor.py:186} INFO - Started process (PID=7895) to work on /home/airflow/.local/lib/python3.12/site-packages/airflow/example_dags/example_bash_decorator.py
[2024-09-09T08:17:53.288+0000] {processor.py:914} INFO - Processing file /home/airflow/.local/lib/python3.12/site-packages/airflow/example_dags/example_bash_decorator.py for tasks to queue
[2024-09-09T08:17:53.290+0000] {logging_mixin.py:190} INFO - [2024-09-09T08:17:53.290+0000] {dagbag.py:587} INFO - Filling up the DagBag from /home/airflow/.local/lib/python3.12/site-packages/airflow/example_dags/example_bash_decorator.py
[2024-09-09T08:17:53.302+0000] {processor.py:925} INFO - DAG(s) 'example_bash_decorator' retrieved from /home/airflow/.local/lib/python3.12/site-packages/airflow/example_dags/example_bash_decorator.py
[2024-09-09T08:17:53.322+0000] {logging_mixin.py:190} INFO - [2024-09-09T08:17:53.322+0000] {dag.py:3229} INFO - Sync 1 DAGs
[2024-09-09T08:17:53.334+0000] {logging_mixin.py:190} INFO - [2024-09-09T08:17:53.334+0000] {dag.py:4156} INFO - Setting next_dagrun for example_bash_decorator to None, run_after=None
[2024-09-09T08:17:53.352+0000] {processor.py:208} INFO - Processing /home/airflow/.local/lib/python3.12/site-packages/airflow/example_dags/example_bash_decorator.py took 0.071 seconds
[2024-09-09T08:18:24.348+0000] {processor.py:186} INFO - Started process (PID=8181) to work on /home/airflow/.local/lib/python3.12/site-packages/airflow/example_dags/example_bash_decorator.py
[2024-09-09T08:18:24.350+0000] {processor.py:914} INFO - Processing file /home/airflow/.local/lib/python3.12/site-packages/airflow/example_dags/example_bash_decorator.py for tasks to queue
[2024-09-09T08:18:24.355+0000] {logging_mixin.py:190} INFO - [2024-09-09T08:18:24.355+0000] {dagbag.py:587} INFO - Filling up the DagBag from /home/airflow/.local/lib/python3.12/site-packages/airflow/example_dags/example_bash_decorator.py
[2024-09-09T08:18:24.379+0000] {processor.py:925} INFO - DAG(s) 'example_bash_decorator' retrieved from /home/airflow/.local/lib/python3.12/site-packages/airflow/example_dags/example_bash_decorator.py
[2024-09-09T08:18:24.406+0000] {logging_mixin.py:190} INFO - [2024-09-09T08:18:24.406+0000] {dag.py:3229} INFO - Sync 1 DAGs
[2024-09-09T08:18:24.421+0000] {logging_mixin.py:190} INFO - [2024-09-09T08:18:24.421+0000] {dag.py:4156} INFO - Setting next_dagrun for example_bash_decorator to None, run_after=None
[2024-09-09T08:18:24.440+0000] {processor.py:208} INFO - Processing /home/airflow/.local/lib/python3.12/site-packages/airflow/example_dags/example_bash_decorator.py took 0.101 seconds
[2024-09-09T08:18:54.776+0000] {processor.py:186} INFO - Started process (PID=8467) to work on /home/airflow/.local/lib/python3.12/site-packages/airflow/example_dags/example_bash_decorator.py
[2024-09-09T08:18:54.783+0000] {processor.py:914} INFO - Processing file /home/airflow/.local/lib/python3.12/site-packages/airflow/example_dags/example_bash_decorator.py for tasks to queue
[2024-09-09T08:18:54.788+0000] {logging_mixin.py:190} INFO - [2024-09-09T08:18:54.787+0000] {dagbag.py:587} INFO - Filling up the DagBag from /home/airflow/.local/lib/python3.12/site-packages/airflow/example_dags/example_bash_decorator.py
[2024-09-09T08:18:54.809+0000] {processor.py:925} INFO - DAG(s) 'example_bash_decorator' retrieved from /home/airflow/.local/lib/python3.12/site-packages/airflow/example_dags/example_bash_decorator.py
[2024-09-09T08:18:54.836+0000] {logging_mixin.py:190} INFO - [2024-09-09T08:18:54.836+0000] {dag.py:3229} INFO - Sync 1 DAGs
[2024-09-09T08:18:54.854+0000] {logging_mixin.py:190} INFO - [2024-09-09T08:18:54.854+0000] {dag.py:4156} INFO - Setting next_dagrun for example_bash_decorator to None, run_after=None
[2024-09-09T08:18:54.877+0000] {processor.py:208} INFO - Processing /home/airflow/.local/lib/python3.12/site-packages/airflow/example_dags/example_bash_decorator.py took 0.110 seconds
[2024-09-09T08:19:25.648+0000] {processor.py:186} INFO - Started process (PID=8753) to work on /home/airflow/.local/lib/python3.12/site-packages/airflow/example_dags/example_bash_decorator.py
[2024-09-09T08:19:25.650+0000] {processor.py:914} INFO - Processing file /home/airflow/.local/lib/python3.12/site-packages/airflow/example_dags/example_bash_decorator.py for tasks to queue
[2024-09-09T08:19:25.653+0000] {logging_mixin.py:190} INFO - [2024-09-09T08:19:25.652+0000] {dagbag.py:587} INFO - Filling up the DagBag from /home/airflow/.local/lib/python3.12/site-packages/airflow/example_dags/example_bash_decorator.py
[2024-09-09T08:19:25.669+0000] {processor.py:925} INFO - DAG(s) 'example_bash_decorator' retrieved from /home/airflow/.local/lib/python3.12/site-packages/airflow/example_dags/example_bash_decorator.py
[2024-09-09T08:19:25.695+0000] {logging_mixin.py:190} INFO - [2024-09-09T08:19:25.695+0000] {dag.py:3229} INFO - Sync 1 DAGs
[2024-09-09T08:19:25.713+0000] {logging_mixin.py:190} INFO - [2024-09-09T08:19:25.713+0000] {dag.py:4156} INFO - Setting next_dagrun for example_bash_decorator to None, run_after=None
[2024-09-09T08:19:25.739+0000] {processor.py:208} INFO - Processing /home/airflow/.local/lib/python3.12/site-packages/airflow/example_dags/example_bash_decorator.py took 0.098 seconds
[2024-09-09T08:19:55.954+0000] {processor.py:186} INFO - Started process (PID=9039) to work on /home/airflow/.local/lib/python3.12/site-packages/airflow/example_dags/example_bash_decorator.py
[2024-09-09T08:19:55.955+0000] {processor.py:914} INFO - Processing file /home/airflow/.local/lib/python3.12/site-packages/airflow/example_dags/example_bash_decorator.py for tasks to queue
[2024-09-09T08:19:55.957+0000] {logging_mixin.py:190} INFO - [2024-09-09T08:19:55.956+0000] {dagbag.py:587} INFO - Filling up the DagBag from /home/airflow/.local/lib/python3.12/site-packages/airflow/example_dags/example_bash_decorator.py
[2024-09-09T08:19:55.969+0000] {processor.py:925} INFO - DAG(s) 'example_bash_decorator' retrieved from /home/airflow/.local/lib/python3.12/site-packages/airflow/example_dags/example_bash_decorator.py
[2024-09-09T08:19:55.987+0000] {logging_mixin.py:190} INFO - [2024-09-09T08:19:55.987+0000] {dag.py:3229} INFO - Sync 1 DAGs
[2024-09-09T08:19:55.998+0000] {logging_mixin.py:190} INFO - [2024-09-09T08:19:55.997+0000] {dag.py:4156} INFO - Setting next_dagrun for example_bash_decorator to None, run_after=None
[2024-09-09T08:19:56.014+0000] {processor.py:208} INFO - Processing /home/airflow/.local/lib/python3.12/site-packages/airflow/example_dags/example_bash_decorator.py took 0.065 seconds
[2024-09-09T08:20:26.169+0000] {processor.py:186} INFO - Started process (PID=9325) to work on /home/airflow/.local/lib/python3.12/site-packages/airflow/example_dags/example_bash_decorator.py
[2024-09-09T08:20:26.170+0000] {processor.py:914} INFO - Processing file /home/airflow/.local/lib/python3.12/site-packages/airflow/example_dags/example_bash_decorator.py for tasks to queue
[2024-09-09T08:20:26.172+0000] {logging_mixin.py:190} INFO - [2024-09-09T08:20:26.172+0000] {dagbag.py:587} INFO - Filling up the DagBag from /home/airflow/.local/lib/python3.12/site-packages/airflow/example_dags/example_bash_decorator.py
[2024-09-09T08:20:26.184+0000] {processor.py:925} INFO - DAG(s) 'example_bash_decorator' retrieved from /home/airflow/.local/lib/python3.12/site-packages/airflow/example_dags/example_bash_decorator.py
[2024-09-09T08:20:26.205+0000] {logging_mixin.py:190} INFO - [2024-09-09T08:20:26.205+0000] {dag.py:3229} INFO - Sync 1 DAGs
[2024-09-09T08:20:26.215+0000] {logging_mixin.py:190} INFO - [2024-09-09T08:20:26.215+0000] {dag.py:4156} INFO - Setting next_dagrun for example_bash_decorator to None, run_after=None
[2024-09-09T08:20:26.232+0000] {processor.py:208} INFO - Processing /home/airflow/.local/lib/python3.12/site-packages/airflow/example_dags/example_bash_decorator.py took 0.068 seconds
[2024-09-09T08:20:57.001+0000] {processor.py:186} INFO - Started process (PID=9611) to work on /home/airflow/.local/lib/python3.12/site-packages/airflow/example_dags/example_bash_decorator.py
[2024-09-09T08:20:57.003+0000] {processor.py:914} INFO - Processing file /home/airflow/.local/lib/python3.12/site-packages/airflow/example_dags/example_bash_decorator.py for tasks to queue
[2024-09-09T08:20:57.007+0000] {logging_mixin.py:190} INFO - [2024-09-09T08:20:57.006+0000] {dagbag.py:587} INFO - Filling up the DagBag from /home/airflow/.local/lib/python3.12/site-packages/airflow/example_dags/example_bash_decorator.py
[2024-09-09T08:20:57.026+0000] {processor.py:925} INFO - DAG(s) 'example_bash_decorator' retrieved from /home/airflow/.local/lib/python3.12/site-packages/airflow/example_dags/example_bash_decorator.py
[2024-09-09T08:20:57.059+0000] {logging_mixin.py:190} INFO - [2024-09-09T08:20:57.059+0000] {dag.py:3229} INFO - Sync 1 DAGs
[2024-09-09T08:20:57.079+0000] {logging_mixin.py:190} INFO - [2024-09-09T08:20:57.079+0000] {dag.py:4156} INFO - Setting next_dagrun for example_bash_decorator to None, run_after=None
[2024-09-09T08:20:57.105+0000] {processor.py:208} INFO - Processing /home/airflow/.local/lib/python3.12/site-packages/airflow/example_dags/example_bash_decorator.py took 0.110 seconds
[2024-09-09T08:21:27.626+0000] {processor.py:186} INFO - Started process (PID=9897) to work on /home/airflow/.local/lib/python3.12/site-packages/airflow/example_dags/example_bash_decorator.py
[2024-09-09T08:21:27.627+0000] {processor.py:914} INFO - Processing file /home/airflow/.local/lib/python3.12/site-packages/airflow/example_dags/example_bash_decorator.py for tasks to queue
[2024-09-09T08:21:27.629+0000] {logging_mixin.py:190} INFO - [2024-09-09T08:21:27.628+0000] {dagbag.py:587} INFO - Filling up the DagBag from /home/airflow/.local/lib/python3.12/site-packages/airflow/example_dags/example_bash_decorator.py
[2024-09-09T08:21:27.641+0000] {processor.py:925} INFO - DAG(s) 'example_bash_decorator' retrieved from /home/airflow/.local/lib/python3.12/site-packages/airflow/example_dags/example_bash_decorator.py
[2024-09-09T08:21:27.661+0000] {logging_mixin.py:190} INFO - [2024-09-09T08:21:27.661+0000] {dag.py:3229} INFO - Sync 1 DAGs
[2024-09-09T08:21:27.673+0000] {logging_mixin.py:190} INFO - [2024-09-09T08:21:27.673+0000] {dag.py:4156} INFO - Setting next_dagrun for example_bash_decorator to None, run_after=None
[2024-09-09T08:21:27.691+0000] {processor.py:208} INFO - Processing /home/airflow/.local/lib/python3.12/site-packages/airflow/example_dags/example_bash_decorator.py took 0.070 seconds
[2024-09-09T08:21:58.443+0000] {processor.py:186} INFO - Started process (PID=10183) to work on /home/airflow/.local/lib/python3.12/site-packages/airflow/example_dags/example_bash_decorator.py
[2024-09-09T08:21:58.444+0000] {processor.py:914} INFO - Processing file /home/airflow/.local/lib/python3.12/site-packages/airflow/example_dags/example_bash_decorator.py for tasks to queue
[2024-09-09T08:21:58.446+0000] {logging_mixin.py:190} INFO - [2024-09-09T08:21:58.446+0000] {dagbag.py:587} INFO - Filling up the DagBag from /home/airflow/.local/lib/python3.12/site-packages/airflow/example_dags/example_bash_decorator.py
[2024-09-09T08:21:58.457+0000] {processor.py:925} INFO - DAG(s) 'example_bash_decorator' retrieved from /home/airflow/.local/lib/python3.12/site-packages/airflow/example_dags/example_bash_decorator.py
[2024-09-09T08:21:58.475+0000] {logging_mixin.py:190} INFO - [2024-09-09T08:21:58.475+0000] {dag.py:3229} INFO - Sync 1 DAGs
[2024-09-09T08:21:58.485+0000] {logging_mixin.py:190} INFO - [2024-09-09T08:21:58.485+0000] {dag.py:4156} INFO - Setting next_dagrun for example_bash_decorator to None, run_after=None
[2024-09-09T08:21:58.506+0000] {processor.py:208} INFO - Processing /home/airflow/.local/lib/python3.12/site-packages/airflow/example_dags/example_bash_decorator.py took 0.067 seconds
[2024-09-09T08:22:29.114+0000] {processor.py:186} INFO - Started process (PID=10469) to work on /home/airflow/.local/lib/python3.12/site-packages/airflow/example_dags/example_bash_decorator.py
[2024-09-09T08:22:29.115+0000] {processor.py:914} INFO - Processing file /home/airflow/.local/lib/python3.12/site-packages/airflow/example_dags/example_bash_decorator.py for tasks to queue
[2024-09-09T08:22:29.117+0000] {logging_mixin.py:190} INFO - [2024-09-09T08:22:29.117+0000] {dagbag.py:587} INFO - Filling up the DagBag from /home/airflow/.local/lib/python3.12/site-packages/airflow/example_dags/example_bash_decorator.py
[2024-09-09T08:22:29.133+0000] {processor.py:925} INFO - DAG(s) 'example_bash_decorator' retrieved from /home/airflow/.local/lib/python3.12/site-packages/airflow/example_dags/example_bash_decorator.py
[2024-09-09T08:22:29.155+0000] {logging_mixin.py:190} INFO - [2024-09-09T08:22:29.155+0000] {dag.py:3229} INFO - Sync 1 DAGs
[2024-09-09T08:22:29.167+0000] {logging_mixin.py:190} INFO - [2024-09-09T08:22:29.167+0000] {dag.py:4156} INFO - Setting next_dagrun for example_bash_decorator to None, run_after=None
[2024-09-09T08:22:29.183+0000] {processor.py:208} INFO - Processing /home/airflow/.local/lib/python3.12/site-packages/airflow/example_dags/example_bash_decorator.py took 0.075 seconds
[2024-09-09T08:22:59.375+0000] {processor.py:186} INFO - Started process (PID=10755) to work on /home/airflow/.local/lib/python3.12/site-packages/airflow/example_dags/example_bash_decorator.py
[2024-09-09T08:22:59.377+0000] {processor.py:914} INFO - Processing file /home/airflow/.local/lib/python3.12/site-packages/airflow/example_dags/example_bash_decorator.py for tasks to queue
[2024-09-09T08:22:59.382+0000] {logging_mixin.py:190} INFO - [2024-09-09T08:22:59.381+0000] {dagbag.py:587} INFO - Filling up the DagBag from /home/airflow/.local/lib/python3.12/site-packages/airflow/example_dags/example_bash_decorator.py
[2024-09-09T08:22:59.400+0000] {processor.py:925} INFO - DAG(s) 'example_bash_decorator' retrieved from /home/airflow/.local/lib/python3.12/site-packages/airflow/example_dags/example_bash_decorator.py
[2024-09-09T08:22:59.427+0000] {logging_mixin.py:190} INFO - [2024-09-09T08:22:59.427+0000] {dag.py:3229} INFO - Sync 1 DAGs
[2024-09-09T08:22:59.441+0000] {logging_mixin.py:190} INFO - [2024-09-09T08:22:59.441+0000] {dag.py:4156} INFO - Setting next_dagrun for example_bash_decorator to None, run_after=None
[2024-09-09T08:22:59.460+0000] {processor.py:208} INFO - Processing /home/airflow/.local/lib/python3.12/site-packages/airflow/example_dags/example_bash_decorator.py took 0.092 seconds
[2024-09-09T08:23:29.718+0000] {processor.py:186} INFO - Started process (PID=11041) to work on /home/airflow/.local/lib/python3.12/site-packages/airflow/example_dags/example_bash_decorator.py
[2024-09-09T08:23:29.719+0000] {processor.py:914} INFO - Processing file /home/airflow/.local/lib/python3.12/site-packages/airflow/example_dags/example_bash_decorator.py for tasks to queue
[2024-09-09T08:23:29.721+0000] {logging_mixin.py:190} INFO - [2024-09-09T08:23:29.721+0000] {dagbag.py:587} INFO - Filling up the DagBag from /home/airflow/.local/lib/python3.12/site-packages/airflow/example_dags/example_bash_decorator.py
[2024-09-09T08:23:29.732+0000] {processor.py:925} INFO - DAG(s) 'example_bash_decorator' retrieved from /home/airflow/.local/lib/python3.12/site-packages/airflow/example_dags/example_bash_decorator.py
[2024-09-09T08:23:29.755+0000] {logging_mixin.py:190} INFO - [2024-09-09T08:23:29.754+0000] {dag.py:3229} INFO - Sync 1 DAGs
[2024-09-09T08:23:29.765+0000] {logging_mixin.py:190} INFO - [2024-09-09T08:23:29.765+0000] {dag.py:4156} INFO - Setting next_dagrun for example_bash_decorator to None, run_after=None
[2024-09-09T08:23:29.782+0000] {processor.py:208} INFO - Processing /home/airflow/.local/lib/python3.12/site-packages/airflow/example_dags/example_bash_decorator.py took 0.069 seconds
[2024-09-09T08:24:00.178+0000] {processor.py:186} INFO - Started process (PID=11327) to work on /home/airflow/.local/lib/python3.12/site-packages/airflow/example_dags/example_bash_decorator.py
[2024-09-09T08:24:00.179+0000] {processor.py:914} INFO - Processing file /home/airflow/.local/lib/python3.12/site-packages/airflow/example_dags/example_bash_decorator.py for tasks to queue
[2024-09-09T08:24:00.181+0000] {logging_mixin.py:190} INFO - [2024-09-09T08:24:00.181+0000] {dagbag.py:587} INFO - Filling up the DagBag from /home/airflow/.local/lib/python3.12/site-packages/airflow/example_dags/example_bash_decorator.py
[2024-09-09T08:24:00.197+0000] {processor.py:925} INFO - DAG(s) 'example_bash_decorator' retrieved from /home/airflow/.local/lib/python3.12/site-packages/airflow/example_dags/example_bash_decorator.py
[2024-09-09T08:24:00.217+0000] {logging_mixin.py:190} INFO - [2024-09-09T08:24:00.216+0000] {dag.py:3229} INFO - Sync 1 DAGs
[2024-09-09T08:24:00.230+0000] {logging_mixin.py:190} INFO - [2024-09-09T08:24:00.229+0000] {dag.py:4156} INFO - Setting next_dagrun for example_bash_decorator to None, run_after=None
[2024-09-09T08:24:00.246+0000] {processor.py:208} INFO - Processing /home/airflow/.local/lib/python3.12/site-packages/airflow/example_dags/example_bash_decorator.py took 0.074 seconds
[2024-09-09T08:24:30.677+0000] {processor.py:186} INFO - Started process (PID=11613) to work on /home/airflow/.local/lib/python3.12/site-packages/airflow/example_dags/example_bash_decorator.py
[2024-09-09T08:24:30.679+0000] {processor.py:914} INFO - Processing file /home/airflow/.local/lib/python3.12/site-packages/airflow/example_dags/example_bash_decorator.py for tasks to queue
[2024-09-09T08:24:30.681+0000] {logging_mixin.py:190} INFO - [2024-09-09T08:24:30.681+0000] {dagbag.py:587} INFO - Filling up the DagBag from /home/airflow/.local/lib/python3.12/site-packages/airflow/example_dags/example_bash_decorator.py
[2024-09-09T08:24:30.694+0000] {processor.py:925} INFO - DAG(s) 'example_bash_decorator' retrieved from /home/airflow/.local/lib/python3.12/site-packages/airflow/example_dags/example_bash_decorator.py
[2024-09-09T08:24:30.715+0000] {logging_mixin.py:190} INFO - [2024-09-09T08:24:30.715+0000] {dag.py:3229} INFO - Sync 1 DAGs
[2024-09-09T08:24:30.727+0000] {logging_mixin.py:190} INFO - [2024-09-09T08:24:30.727+0000] {dag.py:4156} INFO - Setting next_dagrun for example_bash_decorator to None, run_after=None
[2024-09-09T08:24:30.746+0000] {processor.py:208} INFO - Processing /home/airflow/.local/lib/python3.12/site-packages/airflow/example_dags/example_bash_decorator.py took 0.074 seconds
[2024-09-09T08:25:01.086+0000] {processor.py:186} INFO - Started process (PID=11899) to work on /home/airflow/.local/lib/python3.12/site-packages/airflow/example_dags/example_bash_decorator.py
[2024-09-09T08:25:01.087+0000] {processor.py:914} INFO - Processing file /home/airflow/.local/lib/python3.12/site-packages/airflow/example_dags/example_bash_decorator.py for tasks to queue
[2024-09-09T08:25:01.089+0000] {logging_mixin.py:190} INFO - [2024-09-09T08:25:01.089+0000] {dagbag.py:587} INFO - Filling up the DagBag from /home/airflow/.local/lib/python3.12/site-packages/airflow/example_dags/example_bash_decorator.py
[2024-09-09T08:25:01.100+0000] {processor.py:925} INFO - DAG(s) 'example_bash_decorator' retrieved from /home/airflow/.local/lib/python3.12/site-packages/airflow/example_dags/example_bash_decorator.py
[2024-09-09T08:25:01.118+0000] {logging_mixin.py:190} INFO - [2024-09-09T08:25:01.118+0000] {dag.py:3229} INFO - Sync 1 DAGs
[2024-09-09T08:25:01.129+0000] {logging_mixin.py:190} INFO - [2024-09-09T08:25:01.129+0000] {dag.py:4156} INFO - Setting next_dagrun for example_bash_decorator to None, run_after=None
[2024-09-09T08:25:01.146+0000] {processor.py:208} INFO - Processing /home/airflow/.local/lib/python3.12/site-packages/airflow/example_dags/example_bash_decorator.py took 0.065 seconds
[2024-09-09T08:25:31.348+0000] {processor.py:186} INFO - Started process (PID=12185) to work on /home/airflow/.local/lib/python3.12/site-packages/airflow/example_dags/example_bash_decorator.py
[2024-09-09T08:25:31.349+0000] {processor.py:914} INFO - Processing file /home/airflow/.local/lib/python3.12/site-packages/airflow/example_dags/example_bash_decorator.py for tasks to queue
[2024-09-09T08:25:31.351+0000] {logging_mixin.py:190} INFO - [2024-09-09T08:25:31.351+0000] {dagbag.py:587} INFO - Filling up the DagBag from /home/airflow/.local/lib/python3.12/site-packages/airflow/example_dags/example_bash_decorator.py
[2024-09-09T08:25:31.362+0000] {processor.py:925} INFO - DAG(s) 'example_bash_decorator' retrieved from /home/airflow/.local/lib/python3.12/site-packages/airflow/example_dags/example_bash_decorator.py
[2024-09-09T08:25:31.380+0000] {logging_mixin.py:190} INFO - [2024-09-09T08:25:31.380+0000] {dag.py:3229} INFO - Sync 1 DAGs
[2024-09-09T08:25:31.390+0000] {logging_mixin.py:190} INFO - [2024-09-09T08:25:31.390+0000] {dag.py:4156} INFO - Setting next_dagrun for example_bash_decorator to None, run_after=None
[2024-09-09T08:25:31.407+0000] {processor.py:208} INFO - Processing /home/airflow/.local/lib/python3.12/site-packages/airflow/example_dags/example_bash_decorator.py took 0.064 seconds
[2024-09-09T08:26:01.556+0000] {processor.py:186} INFO - Started process (PID=12472) to work on /home/airflow/.local/lib/python3.12/site-packages/airflow/example_dags/example_bash_decorator.py
[2024-09-09T08:26:01.557+0000] {processor.py:914} INFO - Processing file /home/airflow/.local/lib/python3.12/site-packages/airflow/example_dags/example_bash_decorator.py for tasks to queue
[2024-09-09T08:26:01.559+0000] {logging_mixin.py:190} INFO - [2024-09-09T08:26:01.559+0000] {dagbag.py:587} INFO - Filling up the DagBag from /home/airflow/.local/lib/python3.12/site-packages/airflow/example_dags/example_bash_decorator.py
[2024-09-09T08:26:01.571+0000] {processor.py:925} INFO - DAG(s) 'example_bash_decorator' retrieved from /home/airflow/.local/lib/python3.12/site-packages/airflow/example_dags/example_bash_decorator.py
[2024-09-09T08:26:01.591+0000] {logging_mixin.py:190} INFO - [2024-09-09T08:26:01.591+0000] {dag.py:3229} INFO - Sync 1 DAGs
[2024-09-09T08:26:01.602+0000] {logging_mixin.py:190} INFO - [2024-09-09T08:26:01.601+0000] {dag.py:4156} INFO - Setting next_dagrun for example_bash_decorator to None, run_after=None
[2024-09-09T08:26:01.618+0000] {processor.py:208} INFO - Processing /home/airflow/.local/lib/python3.12/site-packages/airflow/example_dags/example_bash_decorator.py took 0.067 seconds
[2024-09-09T08:26:32.146+0000] {processor.py:186} INFO - Started process (PID=12758) to work on /home/airflow/.local/lib/python3.12/site-packages/airflow/example_dags/example_bash_decorator.py
[2024-09-09T08:26:32.147+0000] {processor.py:914} INFO - Processing file /home/airflow/.local/lib/python3.12/site-packages/airflow/example_dags/example_bash_decorator.py for tasks to queue
[2024-09-09T08:26:32.148+0000] {logging_mixin.py:190} INFO - [2024-09-09T08:26:32.148+0000] {dagbag.py:587} INFO - Filling up the DagBag from /home/airflow/.local/lib/python3.12/site-packages/airflow/example_dags/example_bash_decorator.py
[2024-09-09T08:26:32.159+0000] {processor.py:925} INFO - DAG(s) 'example_bash_decorator' retrieved from /home/airflow/.local/lib/python3.12/site-packages/airflow/example_dags/example_bash_decorator.py
[2024-09-09T08:26:32.178+0000] {logging_mixin.py:190} INFO - [2024-09-09T08:26:32.178+0000] {dag.py:3229} INFO - Sync 1 DAGs
[2024-09-09T08:26:32.189+0000] {logging_mixin.py:190} INFO - [2024-09-09T08:26:32.188+0000] {dag.py:4156} INFO - Setting next_dagrun for example_bash_decorator to None, run_after=None
[2024-09-09T08:26:32.205+0000] {processor.py:208} INFO - Processing /home/airflow/.local/lib/python3.12/site-packages/airflow/example_dags/example_bash_decorator.py took 0.064 seconds
[2024-09-09T08:27:02.837+0000] {processor.py:186} INFO - Started process (PID=13044) to work on /home/airflow/.local/lib/python3.12/site-packages/airflow/example_dags/example_bash_decorator.py
[2024-09-09T08:27:02.838+0000] {processor.py:914} INFO - Processing file /home/airflow/.local/lib/python3.12/site-packages/airflow/example_dags/example_bash_decorator.py for tasks to queue
[2024-09-09T08:27:02.840+0000] {logging_mixin.py:190} INFO - [2024-09-09T08:27:02.840+0000] {dagbag.py:587} INFO - Filling up the DagBag from /home/airflow/.local/lib/python3.12/site-packages/airflow/example_dags/example_bash_decorator.py
[2024-09-09T08:27:02.851+0000] {processor.py:925} INFO - DAG(s) 'example_bash_decorator' retrieved from /home/airflow/.local/lib/python3.12/site-packages/airflow/example_dags/example_bash_decorator.py
[2024-09-09T08:27:02.869+0000] {logging_mixin.py:190} INFO - [2024-09-09T08:27:02.869+0000] {dag.py:3229} INFO - Sync 1 DAGs
[2024-09-09T08:27:02.880+0000] {logging_mixin.py:190} INFO - [2024-09-09T08:27:02.880+0000] {dag.py:4156} INFO - Setting next_dagrun for example_bash_decorator to None, run_after=None
[2024-09-09T08:27:02.897+0000] {processor.py:208} INFO - Processing /home/airflow/.local/lib/python3.12/site-packages/airflow/example_dags/example_bash_decorator.py took 0.065 seconds
[2024-09-09T08:27:33.463+0000] {processor.py:186} INFO - Started process (PID=13330) to work on /home/airflow/.local/lib/python3.12/site-packages/airflow/example_dags/example_bash_decorator.py
[2024-09-09T08:27:33.464+0000] {processor.py:914} INFO - Processing file /home/airflow/.local/lib/python3.12/site-packages/airflow/example_dags/example_bash_decorator.py for tasks to queue
[2024-09-09T08:27:33.466+0000] {logging_mixin.py:190} INFO - [2024-09-09T08:27:33.466+0000] {dagbag.py:587} INFO - Filling up the DagBag from /home/airflow/.local/lib/python3.12/site-packages/airflow/example_dags/example_bash_decorator.py
[2024-09-09T08:27:33.477+0000] {processor.py:925} INFO - DAG(s) 'example_bash_decorator' retrieved from /home/airflow/.local/lib/python3.12/site-packages/airflow/example_dags/example_bash_decorator.py
[2024-09-09T08:27:33.497+0000] {logging_mixin.py:190} INFO - [2024-09-09T08:27:33.497+0000] {dag.py:3229} INFO - Sync 1 DAGs
[2024-09-09T08:27:33.508+0000] {logging_mixin.py:190} INFO - [2024-09-09T08:27:33.508+0000] {dag.py:4156} INFO - Setting next_dagrun for example_bash_decorator to None, run_after=None
[2024-09-09T08:27:33.526+0000] {processor.py:208} INFO - Processing /home/airflow/.local/lib/python3.12/site-packages/airflow/example_dags/example_bash_decorator.py took 0.068 seconds
[2024-09-09T08:28:03.776+0000] {processor.py:186} INFO - Started process (PID=13616) to work on /home/airflow/.local/lib/python3.12/site-packages/airflow/example_dags/example_bash_decorator.py
[2024-09-09T08:28:03.777+0000] {processor.py:914} INFO - Processing file /home/airflow/.local/lib/python3.12/site-packages/airflow/example_dags/example_bash_decorator.py for tasks to queue
[2024-09-09T08:28:03.779+0000] {logging_mixin.py:190} INFO - [2024-09-09T08:28:03.779+0000] {dagbag.py:587} INFO - Filling up the DagBag from /home/airflow/.local/lib/python3.12/site-packages/airflow/example_dags/example_bash_decorator.py
[2024-09-09T08:28:03.790+0000] {processor.py:925} INFO - DAG(s) 'example_bash_decorator' retrieved from /home/airflow/.local/lib/python3.12/site-packages/airflow/example_dags/example_bash_decorator.py
[2024-09-09T08:28:03.808+0000] {logging_mixin.py:190} INFO - [2024-09-09T08:28:03.807+0000] {dag.py:3229} INFO - Sync 1 DAGs
[2024-09-09T08:28:03.818+0000] {logging_mixin.py:190} INFO - [2024-09-09T08:28:03.818+0000] {dag.py:4156} INFO - Setting next_dagrun for example_bash_decorator to None, run_after=None
[2024-09-09T08:28:03.836+0000] {processor.py:208} INFO - Processing /home/airflow/.local/lib/python3.12/site-packages/airflow/example_dags/example_bash_decorator.py took 0.064 seconds
[2024-09-09T08:28:33.892+0000] {processor.py:186} INFO - Started process (PID=13900) to work on /home/airflow/.local/lib/python3.12/site-packages/airflow/example_dags/example_bash_decorator.py
[2024-09-09T08:28:33.893+0000] {processor.py:914} INFO - Processing file /home/airflow/.local/lib/python3.12/site-packages/airflow/example_dags/example_bash_decorator.py for tasks to queue
[2024-09-09T08:28:33.896+0000] {logging_mixin.py:190} INFO - [2024-09-09T08:28:33.895+0000] {dagbag.py:587} INFO - Filling up the DagBag from /home/airflow/.local/lib/python3.12/site-packages/airflow/example_dags/example_bash_decorator.py
[2024-09-09T08:28:33.920+0000] {processor.py:925} INFO - DAG(s) 'example_bash_decorator' retrieved from /home/airflow/.local/lib/python3.12/site-packages/airflow/example_dags/example_bash_decorator.py
[2024-09-09T08:28:33.962+0000] {logging_mixin.py:190} INFO - [2024-09-09T08:28:33.962+0000] {dag.py:3229} INFO - Sync 1 DAGs
[2024-09-09T08:28:34.011+0000] {logging_mixin.py:190} INFO - [2024-09-09T08:28:34.011+0000] {dag.py:4156} INFO - Setting next_dagrun for example_bash_decorator to None, run_after=None
[2024-09-09T08:28:34.048+0000] {processor.py:208} INFO - Processing /home/airflow/.local/lib/python3.12/site-packages/airflow/example_dags/example_bash_decorator.py took 0.162 seconds
[2024-09-09T08:29:05.022+0000] {processor.py:186} INFO - Started process (PID=14186) to work on /home/airflow/.local/lib/python3.12/site-packages/airflow/example_dags/example_bash_decorator.py
[2024-09-09T08:29:05.025+0000] {processor.py:914} INFO - Processing file /home/airflow/.local/lib/python3.12/site-packages/airflow/example_dags/example_bash_decorator.py for tasks to queue
[2024-09-09T08:29:05.028+0000] {logging_mixin.py:190} INFO - [2024-09-09T08:29:05.028+0000] {dagbag.py:587} INFO - Filling up the DagBag from /home/airflow/.local/lib/python3.12/site-packages/airflow/example_dags/example_bash_decorator.py
[2024-09-09T08:29:05.079+0000] {processor.py:925} INFO - DAG(s) 'example_bash_decorator' retrieved from /home/airflow/.local/lib/python3.12/site-packages/airflow/example_dags/example_bash_decorator.py
[2024-09-09T08:29:05.173+0000] {logging_mixin.py:190} INFO - [2024-09-09T08:29:05.172+0000] {dag.py:3229} INFO - Sync 1 DAGs
[2024-09-09T08:29:05.219+0000] {logging_mixin.py:190} INFO - [2024-09-09T08:29:05.218+0000] {dag.py:4156} INFO - Setting next_dagrun for example_bash_decorator to None, run_after=None
[2024-09-09T08:29:05.261+0000] {processor.py:208} INFO - Processing /home/airflow/.local/lib/python3.12/site-packages/airflow/example_dags/example_bash_decorator.py took 0.246 seconds
[2024-09-09T08:29:35.992+0000] {processor.py:186} INFO - Started process (PID=14472) to work on /home/airflow/.local/lib/python3.12/site-packages/airflow/example_dags/example_bash_decorator.py
[2024-09-09T08:29:35.993+0000] {processor.py:914} INFO - Processing file /home/airflow/.local/lib/python3.12/site-packages/airflow/example_dags/example_bash_decorator.py for tasks to queue
[2024-09-09T08:29:35.997+0000] {logging_mixin.py:190} INFO - [2024-09-09T08:29:35.996+0000] {dagbag.py:587} INFO - Filling up the DagBag from /home/airflow/.local/lib/python3.12/site-packages/airflow/example_dags/example_bash_decorator.py
[2024-09-09T08:29:36.014+0000] {processor.py:925} INFO - DAG(s) 'example_bash_decorator' retrieved from /home/airflow/.local/lib/python3.12/site-packages/airflow/example_dags/example_bash_decorator.py
[2024-09-09T08:29:36.044+0000] {logging_mixin.py:190} INFO - [2024-09-09T08:29:36.043+0000] {dag.py:3229} INFO - Sync 1 DAGs
[2024-09-09T08:29:36.064+0000] {logging_mixin.py:190} INFO - [2024-09-09T08:29:36.064+0000] {dag.py:4156} INFO - Setting next_dagrun for example_bash_decorator to None, run_after=None
[2024-09-09T08:29:36.092+0000] {processor.py:208} INFO - Processing /home/airflow/.local/lib/python3.12/site-packages/airflow/example_dags/example_bash_decorator.py took 0.109 seconds
[2024-09-09T08:30:06.655+0000] {processor.py:186} INFO - Started process (PID=14758) to work on /home/airflow/.local/lib/python3.12/site-packages/airflow/example_dags/example_bash_decorator.py
[2024-09-09T08:30:06.656+0000] {processor.py:914} INFO - Processing file /home/airflow/.local/lib/python3.12/site-packages/airflow/example_dags/example_bash_decorator.py for tasks to queue
[2024-09-09T08:30:06.659+0000] {logging_mixin.py:190} INFO - [2024-09-09T08:30:06.659+0000] {dagbag.py:587} INFO - Filling up the DagBag from /home/airflow/.local/lib/python3.12/site-packages/airflow/example_dags/example_bash_decorator.py
[2024-09-09T08:30:06.682+0000] {processor.py:925} INFO - DAG(s) 'example_bash_decorator' retrieved from /home/airflow/.local/lib/python3.12/site-packages/airflow/example_dags/example_bash_decorator.py
[2024-09-09T08:30:06.717+0000] {logging_mixin.py:190} INFO - [2024-09-09T08:30:06.716+0000] {dag.py:3229} INFO - Sync 1 DAGs
[2024-09-09T08:30:06.735+0000] {logging_mixin.py:190} INFO - [2024-09-09T08:30:06.735+0000] {dag.py:4156} INFO - Setting next_dagrun for example_bash_decorator to None, run_after=None
[2024-09-09T08:30:06.757+0000] {processor.py:208} INFO - Processing /home/airflow/.local/lib/python3.12/site-packages/airflow/example_dags/example_bash_decorator.py took 0.110 seconds
[2024-09-09T08:30:37.026+0000] {processor.py:186} INFO - Started process (PID=15041) to work on /home/airflow/.local/lib/python3.12/site-packages/airflow/example_dags/example_bash_decorator.py
[2024-09-09T08:30:37.027+0000] {processor.py:914} INFO - Processing file /home/airflow/.local/lib/python3.12/site-packages/airflow/example_dags/example_bash_decorator.py for tasks to queue
[2024-09-09T08:30:37.030+0000] {logging_mixin.py:190} INFO - [2024-09-09T08:30:37.029+0000] {dagbag.py:587} INFO - Filling up the DagBag from /home/airflow/.local/lib/python3.12/site-packages/airflow/example_dags/example_bash_decorator.py
[2024-09-09T08:30:37.041+0000] {processor.py:925} INFO - DAG(s) 'example_bash_decorator' retrieved from /home/airflow/.local/lib/python3.12/site-packages/airflow/example_dags/example_bash_decorator.py
[2024-09-09T08:30:37.062+0000] {logging_mixin.py:190} INFO - [2024-09-09T08:30:37.062+0000] {dag.py:3229} INFO - Sync 1 DAGs
[2024-09-09T08:30:37.073+0000] {logging_mixin.py:190} INFO - [2024-09-09T08:30:37.073+0000] {dag.py:4156} INFO - Setting next_dagrun for example_bash_decorator to None, run_after=None
[2024-09-09T08:30:37.090+0000] {processor.py:208} INFO - Processing /home/airflow/.local/lib/python3.12/site-packages/airflow/example_dags/example_bash_decorator.py took 0.069 seconds
[2024-09-09T08:31:07.804+0000] {processor.py:186} INFO - Started process (PID=15327) to work on /home/airflow/.local/lib/python3.12/site-packages/airflow/example_dags/example_bash_decorator.py
[2024-09-09T08:31:07.805+0000] {processor.py:914} INFO - Processing file /home/airflow/.local/lib/python3.12/site-packages/airflow/example_dags/example_bash_decorator.py for tasks to queue
[2024-09-09T08:31:07.807+0000] {logging_mixin.py:190} INFO - [2024-09-09T08:31:07.807+0000] {dagbag.py:587} INFO - Filling up the DagBag from /home/airflow/.local/lib/python3.12/site-packages/airflow/example_dags/example_bash_decorator.py
[2024-09-09T08:31:07.820+0000] {processor.py:925} INFO - DAG(s) 'example_bash_decorator' retrieved from /home/airflow/.local/lib/python3.12/site-packages/airflow/example_dags/example_bash_decorator.py
[2024-09-09T08:31:07.841+0000] {logging_mixin.py:190} INFO - [2024-09-09T08:31:07.840+0000] {dag.py:3229} INFO - Sync 1 DAGs
[2024-09-09T08:31:07.852+0000] {logging_mixin.py:190} INFO - [2024-09-09T08:31:07.852+0000] {dag.py:4156} INFO - Setting next_dagrun for example_bash_decorator to None, run_after=None
[2024-09-09T08:31:07.870+0000] {processor.py:208} INFO - Processing /home/airflow/.local/lib/python3.12/site-packages/airflow/example_dags/example_bash_decorator.py took 0.070 seconds
[2024-09-09T08:31:38.752+0000] {processor.py:186} INFO - Started process (PID=15613) to work on /home/airflow/.local/lib/python3.12/site-packages/airflow/example_dags/example_bash_decorator.py
[2024-09-09T08:31:38.752+0000] {processor.py:914} INFO - Processing file /home/airflow/.local/lib/python3.12/site-packages/airflow/example_dags/example_bash_decorator.py for tasks to queue
[2024-09-09T08:31:38.754+0000] {logging_mixin.py:190} INFO - [2024-09-09T08:31:38.754+0000] {dagbag.py:587} INFO - Filling up the DagBag from /home/airflow/.local/lib/python3.12/site-packages/airflow/example_dags/example_bash_decorator.py
[2024-09-09T08:31:38.766+0000] {processor.py:925} INFO - DAG(s) 'example_bash_decorator' retrieved from /home/airflow/.local/lib/python3.12/site-packages/airflow/example_dags/example_bash_decorator.py
[2024-09-09T08:31:38.789+0000] {logging_mixin.py:190} INFO - [2024-09-09T08:31:38.788+0000] {dag.py:3229} INFO - Sync 1 DAGs
[2024-09-09T08:31:38.800+0000] {logging_mixin.py:190} INFO - [2024-09-09T08:31:38.800+0000] {dag.py:4156} INFO - Setting next_dagrun for example_bash_decorator to None, run_after=None
[2024-09-09T08:31:38.819+0000] {processor.py:208} INFO - Processing /home/airflow/.local/lib/python3.12/site-packages/airflow/example_dags/example_bash_decorator.py took 0.072 seconds
[2024-09-09T08:32:09.259+0000] {processor.py:186} INFO - Started process (PID=15899) to work on /home/airflow/.local/lib/python3.12/site-packages/airflow/example_dags/example_bash_decorator.py
[2024-09-09T08:32:09.261+0000] {processor.py:914} INFO - Processing file /home/airflow/.local/lib/python3.12/site-packages/airflow/example_dags/example_bash_decorator.py for tasks to queue
[2024-09-09T08:32:09.264+0000] {logging_mixin.py:190} INFO - [2024-09-09T08:32:09.263+0000] {dagbag.py:587} INFO - Filling up the DagBag from /home/airflow/.local/lib/python3.12/site-packages/airflow/example_dags/example_bash_decorator.py
[2024-09-09T08:32:09.290+0000] {processor.py:925} INFO - DAG(s) 'example_bash_decorator' retrieved from /home/airflow/.local/lib/python3.12/site-packages/airflow/example_dags/example_bash_decorator.py
[2024-09-09T08:32:09.310+0000] {logging_mixin.py:190} INFO - [2024-09-09T08:32:09.309+0000] {dag.py:3229} INFO - Sync 1 DAGs
[2024-09-09T08:32:09.321+0000] {logging_mixin.py:190} INFO - [2024-09-09T08:32:09.320+0000] {dag.py:4156} INFO - Setting next_dagrun for example_bash_decorator to None, run_after=None
[2024-09-09T08:32:09.338+0000] {processor.py:208} INFO - Processing /home/airflow/.local/lib/python3.12/site-packages/airflow/example_dags/example_bash_decorator.py took 0.085 seconds
[2024-09-09T08:32:39.661+0000] {processor.py:186} INFO - Started process (PID=16185) to work on /home/airflow/.local/lib/python3.12/site-packages/airflow/example_dags/example_bash_decorator.py
[2024-09-09T08:32:39.662+0000] {processor.py:914} INFO - Processing file /home/airflow/.local/lib/python3.12/site-packages/airflow/example_dags/example_bash_decorator.py for tasks to queue
[2024-09-09T08:32:39.666+0000] {logging_mixin.py:190} INFO - [2024-09-09T08:32:39.665+0000] {dagbag.py:587} INFO - Filling up the DagBag from /home/airflow/.local/lib/python3.12/site-packages/airflow/example_dags/example_bash_decorator.py
[2024-09-09T08:32:39.684+0000] {processor.py:925} INFO - DAG(s) 'example_bash_decorator' retrieved from /home/airflow/.local/lib/python3.12/site-packages/airflow/example_dags/example_bash_decorator.py
[2024-09-09T08:32:39.715+0000] {logging_mixin.py:190} INFO - [2024-09-09T08:32:39.715+0000] {dag.py:3229} INFO - Sync 1 DAGs
[2024-09-09T08:32:39.932+0000] {logging_mixin.py:190} INFO - [2024-09-09T08:32:39.931+0000] {dag.py:4156} INFO - Setting next_dagrun for example_bash_decorator to None, run_after=None
[2024-09-09T08:32:39.956+0000] {processor.py:208} INFO - Processing /home/airflow/.local/lib/python3.12/site-packages/airflow/example_dags/example_bash_decorator.py took 0.303 seconds
[2024-09-09T08:33:10.049+0000] {processor.py:186} INFO - Started process (PID=16470) to work on /home/airflow/.local/lib/python3.12/site-packages/airflow/example_dags/example_bash_decorator.py
[2024-09-09T08:33:10.051+0000] {processor.py:914} INFO - Processing file /home/airflow/.local/lib/python3.12/site-packages/airflow/example_dags/example_bash_decorator.py for tasks to queue
[2024-09-09T08:33:10.056+0000] {logging_mixin.py:190} INFO - [2024-09-09T08:33:10.055+0000] {dagbag.py:587} INFO - Filling up the DagBag from /home/airflow/.local/lib/python3.12/site-packages/airflow/example_dags/example_bash_decorator.py
[2024-09-09T08:33:10.093+0000] {processor.py:925} INFO - DAG(s) 'example_bash_decorator' retrieved from /home/airflow/.local/lib/python3.12/site-packages/airflow/example_dags/example_bash_decorator.py
[2024-09-09T08:33:10.134+0000] {logging_mixin.py:190} INFO - [2024-09-09T08:33:10.134+0000] {dag.py:3229} INFO - Sync 1 DAGs
[2024-09-09T08:33:10.352+0000] {logging_mixin.py:190} INFO - [2024-09-09T08:33:10.352+0000] {dag.py:4156} INFO - Setting next_dagrun for example_bash_decorator to None, run_after=None
[2024-09-09T08:33:10.386+0000] {processor.py:208} INFO - Processing /home/airflow/.local/lib/python3.12/site-packages/airflow/example_dags/example_bash_decorator.py took 0.345 seconds
[2024-09-09T08:33:40.703+0000] {processor.py:186} INFO - Started process (PID=16756) to work on /home/airflow/.local/lib/python3.12/site-packages/airflow/example_dags/example_bash_decorator.py
[2024-09-09T08:33:40.704+0000] {processor.py:914} INFO - Processing file /home/airflow/.local/lib/python3.12/site-packages/airflow/example_dags/example_bash_decorator.py for tasks to queue
[2024-09-09T08:33:40.706+0000] {logging_mixin.py:190} INFO - [2024-09-09T08:33:40.706+0000] {dagbag.py:587} INFO - Filling up the DagBag from /home/airflow/.local/lib/python3.12/site-packages/airflow/example_dags/example_bash_decorator.py
[2024-09-09T08:33:40.718+0000] {processor.py:925} INFO - DAG(s) 'example_bash_decorator' retrieved from /home/airflow/.local/lib/python3.12/site-packages/airflow/example_dags/example_bash_decorator.py
[2024-09-09T08:33:40.738+0000] {logging_mixin.py:190} INFO - [2024-09-09T08:33:40.738+0000] {dag.py:3229} INFO - Sync 1 DAGs
[2024-09-09T08:33:40.750+0000] {logging_mixin.py:190} INFO - [2024-09-09T08:33:40.749+0000] {dag.py:4156} INFO - Setting next_dagrun for example_bash_decorator to None, run_after=None
[2024-09-09T08:33:40.767+0000] {processor.py:208} INFO - Processing /home/airflow/.local/lib/python3.12/site-packages/airflow/example_dags/example_bash_decorator.py took 0.070 seconds
[2024-09-09T08:34:11.392+0000] {processor.py:186} INFO - Started process (PID=17042) to work on /home/airflow/.local/lib/python3.12/site-packages/airflow/example_dags/example_bash_decorator.py
[2024-09-09T08:34:11.393+0000] {processor.py:914} INFO - Processing file /home/airflow/.local/lib/python3.12/site-packages/airflow/example_dags/example_bash_decorator.py for tasks to queue
[2024-09-09T08:34:11.395+0000] {logging_mixin.py:190} INFO - [2024-09-09T08:34:11.395+0000] {dagbag.py:587} INFO - Filling up the DagBag from /home/airflow/.local/lib/python3.12/site-packages/airflow/example_dags/example_bash_decorator.py
[2024-09-09T08:34:11.407+0000] {processor.py:925} INFO - DAG(s) 'example_bash_decorator' retrieved from /home/airflow/.local/lib/python3.12/site-packages/airflow/example_dags/example_bash_decorator.py
[2024-09-09T08:34:11.427+0000] {logging_mixin.py:190} INFO - [2024-09-09T08:34:11.427+0000] {dag.py:3229} INFO - Sync 1 DAGs
[2024-09-09T08:34:11.439+0000] {logging_mixin.py:190} INFO - [2024-09-09T08:34:11.439+0000] {dag.py:4156} INFO - Setting next_dagrun for example_bash_decorator to None, run_after=None
[2024-09-09T08:34:11.472+0000] {processor.py:208} INFO - Processing /home/airflow/.local/lib/python3.12/site-packages/airflow/example_dags/example_bash_decorator.py took 0.086 seconds
[2024-09-09T08:34:42.154+0000] {processor.py:186} INFO - Started process (PID=17328) to work on /home/airflow/.local/lib/python3.12/site-packages/airflow/example_dags/example_bash_decorator.py
[2024-09-09T08:34:42.155+0000] {processor.py:914} INFO - Processing file /home/airflow/.local/lib/python3.12/site-packages/airflow/example_dags/example_bash_decorator.py for tasks to queue
[2024-09-09T08:34:42.157+0000] {logging_mixin.py:190} INFO - [2024-09-09T08:34:42.157+0000] {dagbag.py:587} INFO - Filling up the DagBag from /home/airflow/.local/lib/python3.12/site-packages/airflow/example_dags/example_bash_decorator.py
[2024-09-09T08:34:42.170+0000] {processor.py:925} INFO - DAG(s) 'example_bash_decorator' retrieved from /home/airflow/.local/lib/python3.12/site-packages/airflow/example_dags/example_bash_decorator.py
[2024-09-09T08:34:42.190+0000] {logging_mixin.py:190} INFO - [2024-09-09T08:34:42.190+0000] {dag.py:3229} INFO - Sync 1 DAGs
[2024-09-09T08:34:42.202+0000] {logging_mixin.py:190} INFO - [2024-09-09T08:34:42.201+0000] {dag.py:4156} INFO - Setting next_dagrun for example_bash_decorator to None, run_after=None
[2024-09-09T08:34:42.221+0000] {processor.py:208} INFO - Processing /home/airflow/.local/lib/python3.12/site-packages/airflow/example_dags/example_bash_decorator.py took 0.072 seconds
[2024-09-09T08:35:13.012+0000] {processor.py:186} INFO - Started process (PID=17614) to work on /home/airflow/.local/lib/python3.12/site-packages/airflow/example_dags/example_bash_decorator.py
[2024-09-09T08:35:13.013+0000] {processor.py:914} INFO - Processing file /home/airflow/.local/lib/python3.12/site-packages/airflow/example_dags/example_bash_decorator.py for tasks to queue
[2024-09-09T08:35:13.015+0000] {logging_mixin.py:190} INFO - [2024-09-09T08:35:13.015+0000] {dagbag.py:587} INFO - Filling up the DagBag from /home/airflow/.local/lib/python3.12/site-packages/airflow/example_dags/example_bash_decorator.py
[2024-09-09T08:35:13.028+0000] {processor.py:925} INFO - DAG(s) 'example_bash_decorator' retrieved from /home/airflow/.local/lib/python3.12/site-packages/airflow/example_dags/example_bash_decorator.py
[2024-09-09T08:35:13.047+0000] {logging_mixin.py:190} INFO - [2024-09-09T08:35:13.047+0000] {dag.py:3229} INFO - Sync 1 DAGs
[2024-09-09T08:35:13.060+0000] {logging_mixin.py:190} INFO - [2024-09-09T08:35:13.060+0000] {dag.py:4156} INFO - Setting next_dagrun for example_bash_decorator to None, run_after=None
[2024-09-09T08:35:13.079+0000] {processor.py:208} INFO - Processing /home/airflow/.local/lib/python3.12/site-packages/airflow/example_dags/example_bash_decorator.py took 0.073 seconds
[2024-09-09T08:35:43.434+0000] {processor.py:186} INFO - Started process (PID=17906) to work on /home/airflow/.local/lib/python3.12/site-packages/airflow/example_dags/example_bash_decorator.py
[2024-09-09T08:35:43.435+0000] {processor.py:914} INFO - Processing file /home/airflow/.local/lib/python3.12/site-packages/airflow/example_dags/example_bash_decorator.py for tasks to queue
[2024-09-09T08:35:43.437+0000] {logging_mixin.py:190} INFO - [2024-09-09T08:35:43.437+0000] {dagbag.py:587} INFO - Filling up the DagBag from /home/airflow/.local/lib/python3.12/site-packages/airflow/example_dags/example_bash_decorator.py
[2024-09-09T08:35:43.449+0000] {processor.py:925} INFO - DAG(s) 'example_bash_decorator' retrieved from /home/airflow/.local/lib/python3.12/site-packages/airflow/example_dags/example_bash_decorator.py
[2024-09-09T08:35:43.469+0000] {logging_mixin.py:190} INFO - [2024-09-09T08:35:43.469+0000] {dag.py:3229} INFO - Sync 1 DAGs
[2024-09-09T08:35:43.480+0000] {logging_mixin.py:190} INFO - [2024-09-09T08:35:43.480+0000] {dag.py:4156} INFO - Setting next_dagrun for example_bash_decorator to None, run_after=None
[2024-09-09T08:35:43.500+0000] {processor.py:208} INFO - Processing /home/airflow/.local/lib/python3.12/site-packages/airflow/example_dags/example_bash_decorator.py took 0.070 seconds
[2024-09-09T08:36:14.347+0000] {processor.py:186} INFO - Started process (PID=18192) to work on /home/airflow/.local/lib/python3.12/site-packages/airflow/example_dags/example_bash_decorator.py
[2024-09-09T08:36:14.349+0000] {processor.py:914} INFO - Processing file /home/airflow/.local/lib/python3.12/site-packages/airflow/example_dags/example_bash_decorator.py for tasks to queue
[2024-09-09T08:36:14.351+0000] {logging_mixin.py:190} INFO - [2024-09-09T08:36:14.351+0000] {dagbag.py:587} INFO - Filling up the DagBag from /home/airflow/.local/lib/python3.12/site-packages/airflow/example_dags/example_bash_decorator.py
[2024-09-09T08:36:14.368+0000] {processor.py:925} INFO - DAG(s) 'example_bash_decorator' retrieved from /home/airflow/.local/lib/python3.12/site-packages/airflow/example_dags/example_bash_decorator.py
[2024-09-09T08:36:14.396+0000] {logging_mixin.py:190} INFO - [2024-09-09T08:36:14.396+0000] {dag.py:3229} INFO - Sync 1 DAGs
[2024-09-09T08:36:14.414+0000] {logging_mixin.py:190} INFO - [2024-09-09T08:36:14.414+0000] {dag.py:4156} INFO - Setting next_dagrun for example_bash_decorator to None, run_after=None
[2024-09-09T08:36:14.439+0000] {processor.py:208} INFO - Processing /home/airflow/.local/lib/python3.12/site-packages/airflow/example_dags/example_bash_decorator.py took 0.098 seconds
[2024-09-09T08:36:44.548+0000] {processor.py:186} INFO - Started process (PID=18478) to work on /home/airflow/.local/lib/python3.12/site-packages/airflow/example_dags/example_bash_decorator.py
[2024-09-09T08:36:44.550+0000] {processor.py:914} INFO - Processing file /home/airflow/.local/lib/python3.12/site-packages/airflow/example_dags/example_bash_decorator.py for tasks to queue
[2024-09-09T08:36:44.557+0000] {logging_mixin.py:190} INFO - [2024-09-09T08:36:44.556+0000] {dagbag.py:587} INFO - Filling up the DagBag from /home/airflow/.local/lib/python3.12/site-packages/airflow/example_dags/example_bash_decorator.py
[2024-09-09T08:36:44.586+0000] {processor.py:925} INFO - DAG(s) 'example_bash_decorator' retrieved from /home/airflow/.local/lib/python3.12/site-packages/airflow/example_dags/example_bash_decorator.py
[2024-09-09T08:36:44.606+0000] {logging_mixin.py:190} INFO - [2024-09-09T08:36:44.606+0000] {dag.py:3229} INFO - Sync 1 DAGs
[2024-09-09T08:36:44.617+0000] {logging_mixin.py:190} INFO - [2024-09-09T08:36:44.617+0000] {dag.py:4156} INFO - Setting next_dagrun for example_bash_decorator to None, run_after=None
[2024-09-09T08:36:44.636+0000] {processor.py:208} INFO - Processing /home/airflow/.local/lib/python3.12/site-packages/airflow/example_dags/example_bash_decorator.py took 0.095 seconds
[2024-09-09T08:37:14.852+0000] {processor.py:186} INFO - Started process (PID=18764) to work on /home/airflow/.local/lib/python3.12/site-packages/airflow/example_dags/example_bash_decorator.py
[2024-09-09T08:37:14.853+0000] {processor.py:914} INFO - Processing file /home/airflow/.local/lib/python3.12/site-packages/airflow/example_dags/example_bash_decorator.py for tasks to queue
[2024-09-09T08:37:14.855+0000] {logging_mixin.py:190} INFO - [2024-09-09T08:37:14.855+0000] {dagbag.py:587} INFO - Filling up the DagBag from /home/airflow/.local/lib/python3.12/site-packages/airflow/example_dags/example_bash_decorator.py
[2024-09-09T08:37:14.867+0000] {processor.py:925} INFO - DAG(s) 'example_bash_decorator' retrieved from /home/airflow/.local/lib/python3.12/site-packages/airflow/example_dags/example_bash_decorator.py
[2024-09-09T08:37:14.886+0000] {logging_mixin.py:190} INFO - [2024-09-09T08:37:14.886+0000] {dag.py:3229} INFO - Sync 1 DAGs
[2024-09-09T08:37:14.897+0000] {logging_mixin.py:190} INFO - [2024-09-09T08:37:14.897+0000] {dag.py:4156} INFO - Setting next_dagrun for example_bash_decorator to None, run_after=None
[2024-09-09T08:37:14.915+0000] {processor.py:208} INFO - Processing /home/airflow/.local/lib/python3.12/site-packages/airflow/example_dags/example_bash_decorator.py took 0.068 seconds
[2024-09-09T08:37:45.386+0000] {processor.py:186} INFO - Started process (PID=19050) to work on /home/airflow/.local/lib/python3.12/site-packages/airflow/example_dags/example_bash_decorator.py
[2024-09-09T08:37:45.387+0000] {processor.py:914} INFO - Processing file /home/airflow/.local/lib/python3.12/site-packages/airflow/example_dags/example_bash_decorator.py for tasks to queue
[2024-09-09T08:37:45.389+0000] {logging_mixin.py:190} INFO - [2024-09-09T08:37:45.389+0000] {dagbag.py:587} INFO - Filling up the DagBag from /home/airflow/.local/lib/python3.12/site-packages/airflow/example_dags/example_bash_decorator.py
[2024-09-09T08:37:45.404+0000] {processor.py:925} INFO - DAG(s) 'example_bash_decorator' retrieved from /home/airflow/.local/lib/python3.12/site-packages/airflow/example_dags/example_bash_decorator.py
[2024-09-09T08:37:45.426+0000] {logging_mixin.py:190} INFO - [2024-09-09T08:37:45.426+0000] {dag.py:3229} INFO - Sync 1 DAGs
[2024-09-09T08:37:45.440+0000] {logging_mixin.py:190} INFO - [2024-09-09T08:37:45.440+0000] {dag.py:4156} INFO - Setting next_dagrun for example_bash_decorator to None, run_after=None
[2024-09-09T08:37:45.464+0000] {processor.py:208} INFO - Processing /home/airflow/.local/lib/python3.12/site-packages/airflow/example_dags/example_bash_decorator.py took 0.084 seconds
[2024-09-09T08:38:16.124+0000] {processor.py:186} INFO - Started process (PID=19336) to work on /home/airflow/.local/lib/python3.12/site-packages/airflow/example_dags/example_bash_decorator.py
[2024-09-09T08:38:16.125+0000] {processor.py:914} INFO - Processing file /home/airflow/.local/lib/python3.12/site-packages/airflow/example_dags/example_bash_decorator.py for tasks to queue
[2024-09-09T08:38:16.127+0000] {logging_mixin.py:190} INFO - [2024-09-09T08:38:16.127+0000] {dagbag.py:587} INFO - Filling up the DagBag from /home/airflow/.local/lib/python3.12/site-packages/airflow/example_dags/example_bash_decorator.py
[2024-09-09T08:38:16.139+0000] {processor.py:925} INFO - DAG(s) 'example_bash_decorator' retrieved from /home/airflow/.local/lib/python3.12/site-packages/airflow/example_dags/example_bash_decorator.py
[2024-09-09T08:38:16.159+0000] {logging_mixin.py:190} INFO - [2024-09-09T08:38:16.158+0000] {dag.py:3229} INFO - Sync 1 DAGs
[2024-09-09T08:38:16.171+0000] {logging_mixin.py:190} INFO - [2024-09-09T08:38:16.170+0000] {dag.py:4156} INFO - Setting next_dagrun for example_bash_decorator to None, run_after=None
[2024-09-09T08:38:16.191+0000] {processor.py:208} INFO - Processing /home/airflow/.local/lib/python3.12/site-packages/airflow/example_dags/example_bash_decorator.py took 0.072 seconds
[2024-09-09T08:38:46.535+0000] {processor.py:186} INFO - Started process (PID=19622) to work on /home/airflow/.local/lib/python3.12/site-packages/airflow/example_dags/example_bash_decorator.py
[2024-09-09T08:38:46.537+0000] {processor.py:914} INFO - Processing file /home/airflow/.local/lib/python3.12/site-packages/airflow/example_dags/example_bash_decorator.py for tasks to queue
[2024-09-09T08:38:46.541+0000] {logging_mixin.py:190} INFO - [2024-09-09T08:38:46.540+0000] {dagbag.py:587} INFO - Filling up the DagBag from /home/airflow/.local/lib/python3.12/site-packages/airflow/example_dags/example_bash_decorator.py
[2024-09-09T08:38:46.564+0000] {processor.py:925} INFO - DAG(s) 'example_bash_decorator' retrieved from /home/airflow/.local/lib/python3.12/site-packages/airflow/example_dags/example_bash_decorator.py
[2024-09-09T08:38:46.591+0000] {logging_mixin.py:190} INFO - [2024-09-09T08:38:46.591+0000] {dag.py:3229} INFO - Sync 1 DAGs
[2024-09-09T08:38:46.607+0000] {logging_mixin.py:190} INFO - [2024-09-09T08:38:46.607+0000] {dag.py:4156} INFO - Setting next_dagrun for example_bash_decorator to None, run_after=None
[2024-09-09T08:38:46.636+0000] {processor.py:208} INFO - Processing /home/airflow/.local/lib/python3.12/site-packages/airflow/example_dags/example_bash_decorator.py took 0.111 seconds
[2024-09-09T08:39:16.697+0000] {processor.py:186} INFO - Started process (PID=19908) to work on /home/airflow/.local/lib/python3.12/site-packages/airflow/example_dags/example_bash_decorator.py
[2024-09-09T08:39:16.698+0000] {processor.py:914} INFO - Processing file /home/airflow/.local/lib/python3.12/site-packages/airflow/example_dags/example_bash_decorator.py for tasks to queue
[2024-09-09T08:39:16.701+0000] {logging_mixin.py:190} INFO - [2024-09-09T08:39:16.700+0000] {dagbag.py:587} INFO - Filling up the DagBag from /home/airflow/.local/lib/python3.12/site-packages/airflow/example_dags/example_bash_decorator.py
[2024-09-09T08:39:16.716+0000] {processor.py:925} INFO - DAG(s) 'example_bash_decorator' retrieved from /home/airflow/.local/lib/python3.12/site-packages/airflow/example_dags/example_bash_decorator.py
[2024-09-09T08:39:16.740+0000] {logging_mixin.py:190} INFO - [2024-09-09T08:39:16.740+0000] {dag.py:3229} INFO - Sync 1 DAGs
[2024-09-09T08:39:16.755+0000] {logging_mixin.py:190} INFO - [2024-09-09T08:39:16.755+0000] {dag.py:4156} INFO - Setting next_dagrun for example_bash_decorator to None, run_after=None
[2024-09-09T08:39:16.786+0000] {processor.py:208} INFO - Processing /home/airflow/.local/lib/python3.12/site-packages/airflow/example_dags/example_bash_decorator.py took 0.095 seconds
[2024-09-09T08:39:46.860+0000] {processor.py:186} INFO - Started process (PID=20174) to work on /home/airflow/.local/lib/python3.12/site-packages/airflow/example_dags/example_bash_decorator.py
[2024-09-09T08:39:46.871+0000] {processor.py:914} INFO - Processing file /home/airflow/.local/lib/python3.12/site-packages/airflow/example_dags/example_bash_decorator.py for tasks to queue
[2024-09-09T08:39:46.875+0000] {logging_mixin.py:190} INFO - [2024-09-09T08:39:46.874+0000] {dagbag.py:587} INFO - Filling up the DagBag from /home/airflow/.local/lib/python3.12/site-packages/airflow/example_dags/example_bash_decorator.py
[2024-09-09T08:39:46.894+0000] {processor.py:925} INFO - DAG(s) 'example_bash_decorator' retrieved from /home/airflow/.local/lib/python3.12/site-packages/airflow/example_dags/example_bash_decorator.py
[2024-09-09T08:39:46.926+0000] {logging_mixin.py:190} INFO - [2024-09-09T08:39:46.925+0000] {dag.py:3229} INFO - Sync 1 DAGs
[2024-09-09T08:39:46.945+0000] {logging_mixin.py:190} INFO - [2024-09-09T08:39:46.944+0000] {dag.py:4156} INFO - Setting next_dagrun for example_bash_decorator to None, run_after=None
[2024-09-09T08:39:46.969+0000] {processor.py:208} INFO - Processing /home/airflow/.local/lib/python3.12/site-packages/airflow/example_dags/example_bash_decorator.py took 0.116 seconds
[2024-09-09T08:40:17.035+0000] {processor.py:186} INFO - Started process (PID=20465) to work on /home/airflow/.local/lib/python3.12/site-packages/airflow/example_dags/example_bash_decorator.py
[2024-09-09T08:40:17.035+0000] {processor.py:914} INFO - Processing file /home/airflow/.local/lib/python3.12/site-packages/airflow/example_dags/example_bash_decorator.py for tasks to queue
[2024-09-09T08:40:17.038+0000] {logging_mixin.py:190} INFO - [2024-09-09T08:40:17.037+0000] {dagbag.py:587} INFO - Filling up the DagBag from /home/airflow/.local/lib/python3.12/site-packages/airflow/example_dags/example_bash_decorator.py
[2024-09-09T08:40:17.051+0000] {processor.py:925} INFO - DAG(s) 'example_bash_decorator' retrieved from /home/airflow/.local/lib/python3.12/site-packages/airflow/example_dags/example_bash_decorator.py
[2024-09-09T08:40:17.077+0000] {logging_mixin.py:190} INFO - [2024-09-09T08:40:17.077+0000] {dag.py:3229} INFO - Sync 1 DAGs
[2024-09-09T08:40:17.091+0000] {logging_mixin.py:190} INFO - [2024-09-09T08:40:17.090+0000] {dag.py:4156} INFO - Setting next_dagrun for example_bash_decorator to None, run_after=None
[2024-09-09T08:40:17.109+0000] {processor.py:208} INFO - Processing /home/airflow/.local/lib/python3.12/site-packages/airflow/example_dags/example_bash_decorator.py took 0.079 seconds
[2024-09-09T08:40:48.026+0000] {processor.py:186} INFO - Started process (PID=20756) to work on /home/airflow/.local/lib/python3.12/site-packages/airflow/example_dags/example_bash_decorator.py
[2024-09-09T08:40:48.027+0000] {processor.py:914} INFO - Processing file /home/airflow/.local/lib/python3.12/site-packages/airflow/example_dags/example_bash_decorator.py for tasks to queue
[2024-09-09T08:40:48.030+0000] {logging_mixin.py:190} INFO - [2024-09-09T08:40:48.030+0000] {dagbag.py:587} INFO - Filling up the DagBag from /home/airflow/.local/lib/python3.12/site-packages/airflow/example_dags/example_bash_decorator.py
[2024-09-09T08:40:48.047+0000] {processor.py:925} INFO - DAG(s) 'example_bash_decorator' retrieved from /home/airflow/.local/lib/python3.12/site-packages/airflow/example_dags/example_bash_decorator.py
[2024-09-09T08:40:48.077+0000] {logging_mixin.py:190} INFO - [2024-09-09T08:40:48.077+0000] {dag.py:3229} INFO - Sync 1 DAGs
[2024-09-09T08:40:48.095+0000] {logging_mixin.py:190} INFO - [2024-09-09T08:40:48.095+0000] {dag.py:4156} INFO - Setting next_dagrun for example_bash_decorator to None, run_after=None
[2024-09-09T08:40:48.117+0000] {processor.py:208} INFO - Processing /home/airflow/.local/lib/python3.12/site-packages/airflow/example_dags/example_bash_decorator.py took 0.099 seconds
[2024-09-09T08:41:18.363+0000] {processor.py:186} INFO - Started process (PID=21038) to work on /home/airflow/.local/lib/python3.12/site-packages/airflow/example_dags/example_bash_decorator.py
[2024-09-09T08:41:18.364+0000] {processor.py:914} INFO - Processing file /home/airflow/.local/lib/python3.12/site-packages/airflow/example_dags/example_bash_decorator.py for tasks to queue
[2024-09-09T08:41:18.369+0000] {logging_mixin.py:190} INFO - [2024-09-09T08:41:18.369+0000] {dagbag.py:587} INFO - Filling up the DagBag from /home/airflow/.local/lib/python3.12/site-packages/airflow/example_dags/example_bash_decorator.py
[2024-09-09T08:41:18.387+0000] {processor.py:925} INFO - DAG(s) 'example_bash_decorator' retrieved from /home/airflow/.local/lib/python3.12/site-packages/airflow/example_dags/example_bash_decorator.py
[2024-09-09T08:41:18.416+0000] {logging_mixin.py:190} INFO - [2024-09-09T08:41:18.415+0000] {dag.py:3229} INFO - Sync 1 DAGs
[2024-09-09T08:41:18.432+0000] {logging_mixin.py:190} INFO - [2024-09-09T08:41:18.432+0000] {dag.py:4156} INFO - Setting next_dagrun for example_bash_decorator to None, run_after=None
[2024-09-09T08:41:18.456+0000] {processor.py:208} INFO - Processing /home/airflow/.local/lib/python3.12/site-packages/airflow/example_dags/example_bash_decorator.py took 0.101 seconds
