[2024-09-09T08:04:12.384+0000] {processor.py:186} INFO - Started process (PID=175) to work on /home/airflow/.local/lib/python3.12/site-packages/airflow/example_dags/example_python_decorator.py
[2024-09-09T08:04:12.387+0000] {processor.py:914} INFO - Processing file /home/airflow/.local/lib/python3.12/site-packages/airflow/example_dags/example_python_decorator.py for tasks to queue
[2024-09-09T08:04:12.392+0000] {logging_mixin.py:190} INFO - [2024-09-09T08:04:12.392+0000] {dagbag.py:587} INFO - Filling up the DagBag from /home/airflow/.local/lib/python3.12/site-packages/airflow/example_dags/example_python_decorator.py
[2024-09-09T08:04:12.449+0000] {processor.py:925} INFO - DAG(s) 'example_python_decorator' retrieved from /home/airflow/.local/lib/python3.12/site-packages/airflow/example_dags/example_python_decorator.py
[2024-09-09T08:04:12.856+0000] {logging_mixin.py:190} INFO - [2024-09-09T08:04:12.855+0000] {override.py:1900} INFO - Created Permission View: can edit on DAG:example_python_decorator
[2024-09-09T08:04:12.878+0000] {logging_mixin.py:190} INFO - [2024-09-09T08:04:12.877+0000] {override.py:1900} INFO - Created Permission View: can delete on DAG:example_python_decorator
[2024-09-09T08:04:12.892+0000] {logging_mixin.py:190} INFO - [2024-09-09T08:04:12.891+0000] {override.py:1900} INFO - Created Permission View: can read on DAG:example_python_decorator
[2024-09-09T08:04:12.909+0000] {logging_mixin.py:190} INFO - [2024-09-09T08:04:12.909+0000] {override.py:1900} INFO - Created Permission View: can create on DAG Run:example_python_decorator
[2024-09-09T08:04:12.933+0000] {logging_mixin.py:190} INFO - [2024-09-09T08:04:12.932+0000] {override.py:1900} INFO - Created Permission View: can delete on DAG Run:example_python_decorator
[2024-09-09T08:04:12.947+0000] {logging_mixin.py:190} INFO - [2024-09-09T08:04:12.946+0000] {override.py:1900} INFO - Created Permission View: menu access on DAG Run:example_python_decorator
[2024-09-09T08:04:12.957+0000] {logging_mixin.py:190} INFO - [2024-09-09T08:04:12.956+0000] {override.py:1900} INFO - Created Permission View: can read on DAG Run:example_python_decorator
[2024-09-09T08:04:12.958+0000] {logging_mixin.py:190} INFO - [2024-09-09T08:04:12.957+0000] {dag.py:3229} INFO - Sync 1 DAGs
[2024-09-09T08:04:12.982+0000] {logging_mixin.py:190} INFO - [2024-09-09T08:04:12.981+0000] {dag.py:3252} INFO - Creating ORM DAG for example_python_decorator
[2024-09-09T08:04:12.983+0000] {logging_mixin.py:190} INFO - [2024-09-09T08:04:12.983+0000] {dag.py:4156} INFO - Setting next_dagrun for example_python_decorator to None, run_after=None
[2024-09-09T08:04:13.019+0000] {processor.py:208} INFO - Processing /home/airflow/.local/lib/python3.12/site-packages/airflow/example_dags/example_python_decorator.py took 0.647 seconds
[2024-09-09T08:04:43.856+0000] {processor.py:186} INFO - Started process (PID=461) to work on /home/airflow/.local/lib/python3.12/site-packages/airflow/example_dags/example_python_decorator.py
[2024-09-09T08:04:43.858+0000] {processor.py:914} INFO - Processing file /home/airflow/.local/lib/python3.12/site-packages/airflow/example_dags/example_python_decorator.py for tasks to queue
[2024-09-09T08:04:43.867+0000] {logging_mixin.py:190} INFO - [2024-09-09T08:04:43.867+0000] {dagbag.py:587} INFO - Filling up the DagBag from /home/airflow/.local/lib/python3.12/site-packages/airflow/example_dags/example_python_decorator.py
[2024-09-09T08:04:43.892+0000] {processor.py:925} INFO - DAG(s) 'example_python_decorator' retrieved from /home/airflow/.local/lib/python3.12/site-packages/airflow/example_dags/example_python_decorator.py
[2024-09-09T08:04:43.914+0000] {logging_mixin.py:190} INFO - [2024-09-09T08:04:43.913+0000] {dag.py:3229} INFO - Sync 1 DAGs
[2024-09-09T08:04:43.926+0000] {logging_mixin.py:190} INFO - [2024-09-09T08:04:43.926+0000] {dag.py:4156} INFO - Setting next_dagrun for example_python_decorator to None, run_after=None
[2024-09-09T08:04:43.942+0000] {processor.py:208} INFO - Processing /home/airflow/.local/lib/python3.12/site-packages/airflow/example_dags/example_python_decorator.py took 0.096 seconds
[2024-09-09T08:05:14.299+0000] {processor.py:186} INFO - Started process (PID=747) to work on /home/airflow/.local/lib/python3.12/site-packages/airflow/example_dags/example_python_decorator.py
[2024-09-09T08:05:14.300+0000] {processor.py:914} INFO - Processing file /home/airflow/.local/lib/python3.12/site-packages/airflow/example_dags/example_python_decorator.py for tasks to queue
[2024-09-09T08:05:14.302+0000] {logging_mixin.py:190} INFO - [2024-09-09T08:05:14.302+0000] {dagbag.py:587} INFO - Filling up the DagBag from /home/airflow/.local/lib/python3.12/site-packages/airflow/example_dags/example_python_decorator.py
[2024-09-09T08:05:14.313+0000] {processor.py:925} INFO - DAG(s) 'example_python_decorator' retrieved from /home/airflow/.local/lib/python3.12/site-packages/airflow/example_dags/example_python_decorator.py
[2024-09-09T08:05:14.331+0000] {logging_mixin.py:190} INFO - [2024-09-09T08:05:14.331+0000] {dag.py:3229} INFO - Sync 1 DAGs
[2024-09-09T08:05:14.344+0000] {logging_mixin.py:190} INFO - [2024-09-09T08:05:14.343+0000] {dag.py:4156} INFO - Setting next_dagrun for example_python_decorator to None, run_after=None
[2024-09-09T08:05:14.389+0000] {processor.py:208} INFO - Processing /home/airflow/.local/lib/python3.12/site-packages/airflow/example_dags/example_python_decorator.py took 0.095 seconds
[2024-09-09T08:05:44.920+0000] {processor.py:186} INFO - Started process (PID=1033) to work on /home/airflow/.local/lib/python3.12/site-packages/airflow/example_dags/example_python_decorator.py
[2024-09-09T08:05:44.921+0000] {processor.py:914} INFO - Processing file /home/airflow/.local/lib/python3.12/site-packages/airflow/example_dags/example_python_decorator.py for tasks to queue
[2024-09-09T08:05:44.923+0000] {logging_mixin.py:190} INFO - [2024-09-09T08:05:44.923+0000] {dagbag.py:587} INFO - Filling up the DagBag from /home/airflow/.local/lib/python3.12/site-packages/airflow/example_dags/example_python_decorator.py
[2024-09-09T08:05:44.936+0000] {processor.py:925} INFO - DAG(s) 'example_python_decorator' retrieved from /home/airflow/.local/lib/python3.12/site-packages/airflow/example_dags/example_python_decorator.py
[2024-09-09T08:05:44.956+0000] {logging_mixin.py:190} INFO - [2024-09-09T08:05:44.956+0000] {dag.py:3229} INFO - Sync 1 DAGs
[2024-09-09T08:05:44.970+0000] {logging_mixin.py:190} INFO - [2024-09-09T08:05:44.970+0000] {dag.py:4156} INFO - Setting next_dagrun for example_python_decorator to None, run_after=None
[2024-09-09T08:05:44.990+0000] {processor.py:208} INFO - Processing /home/airflow/.local/lib/python3.12/site-packages/airflow/example_dags/example_python_decorator.py took 0.074 seconds
[2024-09-09T08:06:15.646+0000] {processor.py:186} INFO - Started process (PID=1319) to work on /home/airflow/.local/lib/python3.12/site-packages/airflow/example_dags/example_python_decorator.py
[2024-09-09T08:06:15.647+0000] {processor.py:914} INFO - Processing file /home/airflow/.local/lib/python3.12/site-packages/airflow/example_dags/example_python_decorator.py for tasks to queue
[2024-09-09T08:06:15.649+0000] {logging_mixin.py:190} INFO - [2024-09-09T08:06:15.649+0000] {dagbag.py:587} INFO - Filling up the DagBag from /home/airflow/.local/lib/python3.12/site-packages/airflow/example_dags/example_python_decorator.py
[2024-09-09T08:06:15.662+0000] {processor.py:925} INFO - DAG(s) 'example_python_decorator' retrieved from /home/airflow/.local/lib/python3.12/site-packages/airflow/example_dags/example_python_decorator.py
[2024-09-09T08:06:15.682+0000] {logging_mixin.py:190} INFO - [2024-09-09T08:06:15.682+0000] {dag.py:3229} INFO - Sync 1 DAGs
[2024-09-09T08:06:15.697+0000] {logging_mixin.py:190} INFO - [2024-09-09T08:06:15.697+0000] {dag.py:4156} INFO - Setting next_dagrun for example_python_decorator to None, run_after=None
[2024-09-09T08:06:15.723+0000] {processor.py:208} INFO - Processing /home/airflow/.local/lib/python3.12/site-packages/airflow/example_dags/example_python_decorator.py took 0.083 seconds
[2024-09-09T08:06:46.449+0000] {processor.py:186} INFO - Started process (PID=1605) to work on /home/airflow/.local/lib/python3.12/site-packages/airflow/example_dags/example_python_decorator.py
[2024-09-09T08:06:46.450+0000] {processor.py:914} INFO - Processing file /home/airflow/.local/lib/python3.12/site-packages/airflow/example_dags/example_python_decorator.py for tasks to queue
[2024-09-09T08:06:46.453+0000] {logging_mixin.py:190} INFO - [2024-09-09T08:06:46.452+0000] {dagbag.py:587} INFO - Filling up the DagBag from /home/airflow/.local/lib/python3.12/site-packages/airflow/example_dags/example_python_decorator.py
[2024-09-09T08:06:46.465+0000] {processor.py:925} INFO - DAG(s) 'example_python_decorator' retrieved from /home/airflow/.local/lib/python3.12/site-packages/airflow/example_dags/example_python_decorator.py
[2024-09-09T08:06:46.484+0000] {logging_mixin.py:190} INFO - [2024-09-09T08:06:46.484+0000] {dag.py:3229} INFO - Sync 1 DAGs
[2024-09-09T08:06:46.500+0000] {logging_mixin.py:190} INFO - [2024-09-09T08:06:46.499+0000] {dag.py:4156} INFO - Setting next_dagrun for example_python_decorator to None, run_after=None
[2024-09-09T08:06:46.520+0000] {processor.py:208} INFO - Processing /home/airflow/.local/lib/python3.12/site-packages/airflow/example_dags/example_python_decorator.py took 0.079 seconds
[2024-09-09T08:07:16.747+0000] {processor.py:186} INFO - Started process (PID=1892) to work on /home/airflow/.local/lib/python3.12/site-packages/airflow/example_dags/example_python_decorator.py
[2024-09-09T08:07:16.749+0000] {processor.py:914} INFO - Processing file /home/airflow/.local/lib/python3.12/site-packages/airflow/example_dags/example_python_decorator.py for tasks to queue
[2024-09-09T08:07:16.753+0000] {logging_mixin.py:190} INFO - [2024-09-09T08:07:16.752+0000] {dagbag.py:587} INFO - Filling up the DagBag from /home/airflow/.local/lib/python3.12/site-packages/airflow/example_dags/example_python_decorator.py
[2024-09-09T08:07:16.773+0000] {processor.py:925} INFO - DAG(s) 'example_python_decorator' retrieved from /home/airflow/.local/lib/python3.12/site-packages/airflow/example_dags/example_python_decorator.py
[2024-09-09T08:07:16.798+0000] {logging_mixin.py:190} INFO - [2024-09-09T08:07:16.798+0000] {dag.py:3229} INFO - Sync 1 DAGs
[2024-09-09T08:07:16.818+0000] {logging_mixin.py:190} INFO - [2024-09-09T08:07:16.817+0000] {dag.py:4156} INFO - Setting next_dagrun for example_python_decorator to None, run_after=None
[2024-09-09T08:07:16.855+0000] {processor.py:208} INFO - Processing /home/airflow/.local/lib/python3.12/site-packages/airflow/example_dags/example_python_decorator.py took 0.116 seconds
[2024-09-09T08:07:47.072+0000] {processor.py:186} INFO - Started process (PID=2178) to work on /home/airflow/.local/lib/python3.12/site-packages/airflow/example_dags/example_python_decorator.py
[2024-09-09T08:07:47.074+0000] {processor.py:914} INFO - Processing file /home/airflow/.local/lib/python3.12/site-packages/airflow/example_dags/example_python_decorator.py for tasks to queue
[2024-09-09T08:07:47.077+0000] {logging_mixin.py:190} INFO - [2024-09-09T08:07:47.077+0000] {dagbag.py:587} INFO - Filling up the DagBag from /home/airflow/.local/lib/python3.12/site-packages/airflow/example_dags/example_python_decorator.py
[2024-09-09T08:07:47.099+0000] {processor.py:925} INFO - DAG(s) 'example_python_decorator' retrieved from /home/airflow/.local/lib/python3.12/site-packages/airflow/example_dags/example_python_decorator.py
[2024-09-09T08:07:47.131+0000] {logging_mixin.py:190} INFO - [2024-09-09T08:07:47.131+0000] {dag.py:3229} INFO - Sync 1 DAGs
[2024-09-09T08:07:47.151+0000] {logging_mixin.py:190} INFO - [2024-09-09T08:07:47.151+0000] {dag.py:4156} INFO - Setting next_dagrun for example_python_decorator to None, run_after=None
[2024-09-09T08:07:47.180+0000] {processor.py:208} INFO - Processing /home/airflow/.local/lib/python3.12/site-packages/airflow/example_dags/example_python_decorator.py took 0.116 seconds
[2024-09-09T08:08:17.950+0000] {processor.py:186} INFO - Started process (PID=2464) to work on /home/airflow/.local/lib/python3.12/site-packages/airflow/example_dags/example_python_decorator.py
[2024-09-09T08:08:17.951+0000] {processor.py:914} INFO - Processing file /home/airflow/.local/lib/python3.12/site-packages/airflow/example_dags/example_python_decorator.py for tasks to queue
[2024-09-09T08:08:17.954+0000] {logging_mixin.py:190} INFO - [2024-09-09T08:08:17.954+0000] {dagbag.py:587} INFO - Filling up the DagBag from /home/airflow/.local/lib/python3.12/site-packages/airflow/example_dags/example_python_decorator.py
[2024-09-09T08:08:17.974+0000] {processor.py:925} INFO - DAG(s) 'example_python_decorator' retrieved from /home/airflow/.local/lib/python3.12/site-packages/airflow/example_dags/example_python_decorator.py
[2024-09-09T08:08:18.003+0000] {logging_mixin.py:190} INFO - [2024-09-09T08:08:18.003+0000] {dag.py:3229} INFO - Sync 1 DAGs
[2024-09-09T08:08:18.032+0000] {logging_mixin.py:190} INFO - [2024-09-09T08:08:18.032+0000] {dag.py:4156} INFO - Setting next_dagrun for example_python_decorator to None, run_after=None
[2024-09-09T08:08:18.071+0000] {processor.py:208} INFO - Processing /home/airflow/.local/lib/python3.12/site-packages/airflow/example_dags/example_python_decorator.py took 0.129 seconds
[2024-09-09T08:08:48.644+0000] {processor.py:186} INFO - Started process (PID=2750) to work on /home/airflow/.local/lib/python3.12/site-packages/airflow/example_dags/example_python_decorator.py
[2024-09-09T08:08:48.646+0000] {processor.py:914} INFO - Processing file /home/airflow/.local/lib/python3.12/site-packages/airflow/example_dags/example_python_decorator.py for tasks to queue
[2024-09-09T08:08:48.649+0000] {logging_mixin.py:190} INFO - [2024-09-09T08:08:48.648+0000] {dagbag.py:587} INFO - Filling up the DagBag from /home/airflow/.local/lib/python3.12/site-packages/airflow/example_dags/example_python_decorator.py
[2024-09-09T08:08:48.671+0000] {processor.py:925} INFO - DAG(s) 'example_python_decorator' retrieved from /home/airflow/.local/lib/python3.12/site-packages/airflow/example_dags/example_python_decorator.py
[2024-09-09T08:08:48.706+0000] {logging_mixin.py:190} INFO - [2024-09-09T08:08:48.706+0000] {dag.py:3229} INFO - Sync 1 DAGs
[2024-09-09T08:08:48.751+0000] {logging_mixin.py:190} INFO - [2024-09-09T08:08:48.751+0000] {dag.py:4156} INFO - Setting next_dagrun for example_python_decorator to None, run_after=None
[2024-09-09T08:08:48.788+0000] {processor.py:208} INFO - Processing /home/airflow/.local/lib/python3.12/site-packages/airflow/example_dags/example_python_decorator.py took 0.150 seconds
[2024-09-09T08:09:19.443+0000] {processor.py:186} INFO - Started process (PID=3036) to work on /home/airflow/.local/lib/python3.12/site-packages/airflow/example_dags/example_python_decorator.py
[2024-09-09T08:09:19.444+0000] {processor.py:914} INFO - Processing file /home/airflow/.local/lib/python3.12/site-packages/airflow/example_dags/example_python_decorator.py for tasks to queue
[2024-09-09T08:09:19.447+0000] {logging_mixin.py:190} INFO - [2024-09-09T08:09:19.447+0000] {dagbag.py:587} INFO - Filling up the DagBag from /home/airflow/.local/lib/python3.12/site-packages/airflow/example_dags/example_python_decorator.py
[2024-09-09T08:09:19.463+0000] {processor.py:925} INFO - DAG(s) 'example_python_decorator' retrieved from /home/airflow/.local/lib/python3.12/site-packages/airflow/example_dags/example_python_decorator.py
[2024-09-09T08:09:19.494+0000] {logging_mixin.py:190} INFO - [2024-09-09T08:09:19.494+0000] {dag.py:3229} INFO - Sync 1 DAGs
[2024-09-09T08:09:19.516+0000] {logging_mixin.py:190} INFO - [2024-09-09T08:09:19.515+0000] {dag.py:4156} INFO - Setting next_dagrun for example_python_decorator to None, run_after=None
[2024-09-09T08:09:19.543+0000] {processor.py:208} INFO - Processing /home/airflow/.local/lib/python3.12/site-packages/airflow/example_dags/example_python_decorator.py took 0.108 seconds
[2024-09-09T08:09:50.564+0000] {processor.py:186} INFO - Started process (PID=3322) to work on /home/airflow/.local/lib/python3.12/site-packages/airflow/example_dags/example_python_decorator.py
[2024-09-09T08:09:50.565+0000] {processor.py:914} INFO - Processing file /home/airflow/.local/lib/python3.12/site-packages/airflow/example_dags/example_python_decorator.py for tasks to queue
[2024-09-09T08:09:50.569+0000] {logging_mixin.py:190} INFO - [2024-09-09T08:09:50.568+0000] {dagbag.py:587} INFO - Filling up the DagBag from /home/airflow/.local/lib/python3.12/site-packages/airflow/example_dags/example_python_decorator.py
[2024-09-09T08:09:50.586+0000] {processor.py:925} INFO - DAG(s) 'example_python_decorator' retrieved from /home/airflow/.local/lib/python3.12/site-packages/airflow/example_dags/example_python_decorator.py
[2024-09-09T08:09:50.613+0000] {logging_mixin.py:190} INFO - [2024-09-09T08:09:50.613+0000] {dag.py:3229} INFO - Sync 1 DAGs
[2024-09-09T08:09:50.635+0000] {logging_mixin.py:190} INFO - [2024-09-09T08:09:50.634+0000] {dag.py:4156} INFO - Setting next_dagrun for example_python_decorator to None, run_after=None
[2024-09-09T08:09:50.662+0000] {processor.py:208} INFO - Processing /home/airflow/.local/lib/python3.12/site-packages/airflow/example_dags/example_python_decorator.py took 0.103 seconds
[2024-09-09T08:10:20.968+0000] {processor.py:186} INFO - Started process (PID=3608) to work on /home/airflow/.local/lib/python3.12/site-packages/airflow/example_dags/example_python_decorator.py
[2024-09-09T08:10:20.969+0000] {processor.py:914} INFO - Processing file /home/airflow/.local/lib/python3.12/site-packages/airflow/example_dags/example_python_decorator.py for tasks to queue
[2024-09-09T08:10:20.972+0000] {logging_mixin.py:190} INFO - [2024-09-09T08:10:20.972+0000] {dagbag.py:587} INFO - Filling up the DagBag from /home/airflow/.local/lib/python3.12/site-packages/airflow/example_dags/example_python_decorator.py
[2024-09-09T08:10:20.987+0000] {processor.py:925} INFO - DAG(s) 'example_python_decorator' retrieved from /home/airflow/.local/lib/python3.12/site-packages/airflow/example_dags/example_python_decorator.py
[2024-09-09T08:10:21.005+0000] {logging_mixin.py:190} INFO - [2024-09-09T08:10:21.005+0000] {dag.py:3229} INFO - Sync 1 DAGs
[2024-09-09T08:10:21.017+0000] {logging_mixin.py:190} INFO - [2024-09-09T08:10:21.016+0000] {dag.py:4156} INFO - Setting next_dagrun for example_python_decorator to None, run_after=None
[2024-09-09T08:10:21.036+0000] {processor.py:208} INFO - Processing /home/airflow/.local/lib/python3.12/site-packages/airflow/example_dags/example_python_decorator.py took 0.073 seconds
[2024-09-09T08:10:51.873+0000] {processor.py:186} INFO - Started process (PID=3894) to work on /home/airflow/.local/lib/python3.12/site-packages/airflow/example_dags/example_python_decorator.py
[2024-09-09T08:10:51.874+0000] {processor.py:914} INFO - Processing file /home/airflow/.local/lib/python3.12/site-packages/airflow/example_dags/example_python_decorator.py for tasks to queue
[2024-09-09T08:10:51.877+0000] {logging_mixin.py:190} INFO - [2024-09-09T08:10:51.876+0000] {dagbag.py:587} INFO - Filling up the DagBag from /home/airflow/.local/lib/python3.12/site-packages/airflow/example_dags/example_python_decorator.py
[2024-09-09T08:10:51.889+0000] {processor.py:925} INFO - DAG(s) 'example_python_decorator' retrieved from /home/airflow/.local/lib/python3.12/site-packages/airflow/example_dags/example_python_decorator.py
[2024-09-09T08:10:51.912+0000] {logging_mixin.py:190} INFO - [2024-09-09T08:10:51.911+0000] {dag.py:3229} INFO - Sync 1 DAGs
[2024-09-09T08:10:51.926+0000] {logging_mixin.py:190} INFO - [2024-09-09T08:10:51.926+0000] {dag.py:4156} INFO - Setting next_dagrun for example_python_decorator to None, run_after=None
[2024-09-09T08:10:51.947+0000] {processor.py:208} INFO - Processing /home/airflow/.local/lib/python3.12/site-packages/airflow/example_dags/example_python_decorator.py took 0.079 seconds
[2024-09-09T08:11:22.145+0000] {processor.py:186} INFO - Started process (PID=4180) to work on /home/airflow/.local/lib/python3.12/site-packages/airflow/example_dags/example_python_decorator.py
[2024-09-09T08:11:22.146+0000] {processor.py:914} INFO - Processing file /home/airflow/.local/lib/python3.12/site-packages/airflow/example_dags/example_python_decorator.py for tasks to queue
[2024-09-09T08:11:22.148+0000] {logging_mixin.py:190} INFO - [2024-09-09T08:11:22.148+0000] {dagbag.py:587} INFO - Filling up the DagBag from /home/airflow/.local/lib/python3.12/site-packages/airflow/example_dags/example_python_decorator.py
[2024-09-09T08:11:22.159+0000] {processor.py:925} INFO - DAG(s) 'example_python_decorator' retrieved from /home/airflow/.local/lib/python3.12/site-packages/airflow/example_dags/example_python_decorator.py
[2024-09-09T08:11:22.177+0000] {logging_mixin.py:190} INFO - [2024-09-09T08:11:22.177+0000] {dag.py:3229} INFO - Sync 1 DAGs
[2024-09-09T08:11:22.189+0000] {logging_mixin.py:190} INFO - [2024-09-09T08:11:22.189+0000] {dag.py:4156} INFO - Setting next_dagrun for example_python_decorator to None, run_after=None
[2024-09-09T08:11:22.208+0000] {processor.py:208} INFO - Processing /home/airflow/.local/lib/python3.12/site-packages/airflow/example_dags/example_python_decorator.py took 0.071 seconds
[2024-09-09T08:11:53.038+0000] {processor.py:186} INFO - Started process (PID=4466) to work on /home/airflow/.local/lib/python3.12/site-packages/airflow/example_dags/example_python_decorator.py
[2024-09-09T08:11:53.039+0000] {processor.py:914} INFO - Processing file /home/airflow/.local/lib/python3.12/site-packages/airflow/example_dags/example_python_decorator.py for tasks to queue
[2024-09-09T08:11:53.042+0000] {logging_mixin.py:190} INFO - [2024-09-09T08:11:53.042+0000] {dagbag.py:587} INFO - Filling up the DagBag from /home/airflow/.local/lib/python3.12/site-packages/airflow/example_dags/example_python_decorator.py
[2024-09-09T08:11:53.057+0000] {processor.py:925} INFO - DAG(s) 'example_python_decorator' retrieved from /home/airflow/.local/lib/python3.12/site-packages/airflow/example_dags/example_python_decorator.py
[2024-09-09T08:11:53.077+0000] {logging_mixin.py:190} INFO - [2024-09-09T08:11:53.076+0000] {dag.py:3229} INFO - Sync 1 DAGs
[2024-09-09T08:11:53.091+0000] {logging_mixin.py:190} INFO - [2024-09-09T08:11:53.090+0000] {dag.py:4156} INFO - Setting next_dagrun for example_python_decorator to None, run_after=None
[2024-09-09T08:11:55.188+0000] {processor.py:208} INFO - Processing /home/airflow/.local/lib/python3.12/site-packages/airflow/example_dags/example_python_decorator.py took 2.155 seconds
[2024-09-09T08:12:25.971+0000] {processor.py:186} INFO - Started process (PID=4752) to work on /home/airflow/.local/lib/python3.12/site-packages/airflow/example_dags/example_python_decorator.py
[2024-09-09T08:12:25.972+0000] {processor.py:914} INFO - Processing file /home/airflow/.local/lib/python3.12/site-packages/airflow/example_dags/example_python_decorator.py for tasks to queue
[2024-09-09T08:12:25.975+0000] {logging_mixin.py:190} INFO - [2024-09-09T08:12:25.974+0000] {dagbag.py:587} INFO - Filling up the DagBag from /home/airflow/.local/lib/python3.12/site-packages/airflow/example_dags/example_python_decorator.py
[2024-09-09T08:12:25.993+0000] {processor.py:925} INFO - DAG(s) 'example_python_decorator' retrieved from /home/airflow/.local/lib/python3.12/site-packages/airflow/example_dags/example_python_decorator.py
[2024-09-09T08:12:26.028+0000] {logging_mixin.py:190} INFO - [2024-09-09T08:12:26.027+0000] {dag.py:3229} INFO - Sync 1 DAGs
[2024-09-09T08:12:26.045+0000] {logging_mixin.py:190} INFO - [2024-09-09T08:12:26.045+0000] {dag.py:4156} INFO - Setting next_dagrun for example_python_decorator to None, run_after=None
[2024-09-09T08:12:26.068+0000] {processor.py:208} INFO - Processing /home/airflow/.local/lib/python3.12/site-packages/airflow/example_dags/example_python_decorator.py took 0.102 seconds
[2024-09-09T08:12:56.884+0000] {processor.py:186} INFO - Started process (PID=5038) to work on /home/airflow/.local/lib/python3.12/site-packages/airflow/example_dags/example_python_decorator.py
[2024-09-09T08:12:56.885+0000] {processor.py:914} INFO - Processing file /home/airflow/.local/lib/python3.12/site-packages/airflow/example_dags/example_python_decorator.py for tasks to queue
[2024-09-09T08:12:56.887+0000] {logging_mixin.py:190} INFO - [2024-09-09T08:12:56.886+0000] {dagbag.py:587} INFO - Filling up the DagBag from /home/airflow/.local/lib/python3.12/site-packages/airflow/example_dags/example_python_decorator.py
[2024-09-09T08:12:56.901+0000] {processor.py:925} INFO - DAG(s) 'example_python_decorator' retrieved from /home/airflow/.local/lib/python3.12/site-packages/airflow/example_dags/example_python_decorator.py
[2024-09-09T08:12:56.923+0000] {logging_mixin.py:190} INFO - [2024-09-09T08:12:56.922+0000] {dag.py:3229} INFO - Sync 1 DAGs
[2024-09-09T08:12:56.938+0000] {logging_mixin.py:190} INFO - [2024-09-09T08:12:56.938+0000] {dag.py:4156} INFO - Setting next_dagrun for example_python_decorator to None, run_after=None
[2024-09-09T08:12:56.966+0000] {processor.py:208} INFO - Processing /home/airflow/.local/lib/python3.12/site-packages/airflow/example_dags/example_python_decorator.py took 0.088 seconds
[2024-09-09T08:13:27.810+0000] {processor.py:186} INFO - Started process (PID=5324) to work on /home/airflow/.local/lib/python3.12/site-packages/airflow/example_dags/example_python_decorator.py
[2024-09-09T08:13:27.811+0000] {processor.py:914} INFO - Processing file /home/airflow/.local/lib/python3.12/site-packages/airflow/example_dags/example_python_decorator.py for tasks to queue
[2024-09-09T08:13:27.814+0000] {logging_mixin.py:190} INFO - [2024-09-09T08:13:27.813+0000] {dagbag.py:587} INFO - Filling up the DagBag from /home/airflow/.local/lib/python3.12/site-packages/airflow/example_dags/example_python_decorator.py
[2024-09-09T08:13:27.825+0000] {processor.py:925} INFO - DAG(s) 'example_python_decorator' retrieved from /home/airflow/.local/lib/python3.12/site-packages/airflow/example_dags/example_python_decorator.py
[2024-09-09T08:13:27.846+0000] {logging_mixin.py:190} INFO - [2024-09-09T08:13:27.846+0000] {dag.py:3229} INFO - Sync 1 DAGs
[2024-09-09T08:13:27.861+0000] {logging_mixin.py:190} INFO - [2024-09-09T08:13:27.861+0000] {dag.py:4156} INFO - Setting next_dagrun for example_python_decorator to None, run_after=None
[2024-09-09T08:13:27.883+0000] {processor.py:208} INFO - Processing /home/airflow/.local/lib/python3.12/site-packages/airflow/example_dags/example_python_decorator.py took 0.077 seconds
[2024-09-09T08:13:58.746+0000] {processor.py:186} INFO - Started process (PID=5610) to work on /home/airflow/.local/lib/python3.12/site-packages/airflow/example_dags/example_python_decorator.py
[2024-09-09T08:13:58.747+0000] {processor.py:914} INFO - Processing file /home/airflow/.local/lib/python3.12/site-packages/airflow/example_dags/example_python_decorator.py for tasks to queue
[2024-09-09T08:13:58.750+0000] {logging_mixin.py:190} INFO - [2024-09-09T08:13:58.750+0000] {dagbag.py:587} INFO - Filling up the DagBag from /home/airflow/.local/lib/python3.12/site-packages/airflow/example_dags/example_python_decorator.py
[2024-09-09T08:13:58.762+0000] {processor.py:925} INFO - DAG(s) 'example_python_decorator' retrieved from /home/airflow/.local/lib/python3.12/site-packages/airflow/example_dags/example_python_decorator.py
[2024-09-09T08:13:58.782+0000] {logging_mixin.py:190} INFO - [2024-09-09T08:13:58.782+0000] {dag.py:3229} INFO - Sync 1 DAGs
[2024-09-09T08:13:58.794+0000] {logging_mixin.py:190} INFO - [2024-09-09T08:13:58.794+0000] {dag.py:4156} INFO - Setting next_dagrun for example_python_decorator to None, run_after=None
[2024-09-09T08:13:58.813+0000] {processor.py:208} INFO - Processing /home/airflow/.local/lib/python3.12/site-packages/airflow/example_dags/example_python_decorator.py took 0.071 seconds
[2024-09-09T08:14:29.631+0000] {processor.py:186} INFO - Started process (PID=5896) to work on /home/airflow/.local/lib/python3.12/site-packages/airflow/example_dags/example_python_decorator.py
[2024-09-09T08:14:29.632+0000] {processor.py:914} INFO - Processing file /home/airflow/.local/lib/python3.12/site-packages/airflow/example_dags/example_python_decorator.py for tasks to queue
[2024-09-09T08:14:29.635+0000] {logging_mixin.py:190} INFO - [2024-09-09T08:14:29.634+0000] {dagbag.py:587} INFO - Filling up the DagBag from /home/airflow/.local/lib/python3.12/site-packages/airflow/example_dags/example_python_decorator.py
[2024-09-09T08:14:29.656+0000] {processor.py:925} INFO - DAG(s) 'example_python_decorator' retrieved from /home/airflow/.local/lib/python3.12/site-packages/airflow/example_dags/example_python_decorator.py
[2024-09-09T08:14:29.680+0000] {logging_mixin.py:190} INFO - [2024-09-09T08:14:29.680+0000] {dag.py:3229} INFO - Sync 1 DAGs
[2024-09-09T08:14:29.695+0000] {logging_mixin.py:190} INFO - [2024-09-09T08:14:29.695+0000] {dag.py:4156} INFO - Setting next_dagrun for example_python_decorator to None, run_after=None
[2024-09-09T08:14:29.718+0000] {processor.py:208} INFO - Processing /home/airflow/.local/lib/python3.12/site-packages/airflow/example_dags/example_python_decorator.py took 0.091 seconds
[2024-09-09T08:15:00.512+0000] {processor.py:186} INFO - Started process (PID=6182) to work on /home/airflow/.local/lib/python3.12/site-packages/airflow/example_dags/example_python_decorator.py
[2024-09-09T08:15:00.514+0000] {processor.py:914} INFO - Processing file /home/airflow/.local/lib/python3.12/site-packages/airflow/example_dags/example_python_decorator.py for tasks to queue
[2024-09-09T08:15:00.516+0000] {logging_mixin.py:190} INFO - [2024-09-09T08:15:00.516+0000] {dagbag.py:587} INFO - Filling up the DagBag from /home/airflow/.local/lib/python3.12/site-packages/airflow/example_dags/example_python_decorator.py
[2024-09-09T08:15:00.531+0000] {processor.py:925} INFO - DAG(s) 'example_python_decorator' retrieved from /home/airflow/.local/lib/python3.12/site-packages/airflow/example_dags/example_python_decorator.py
[2024-09-09T08:15:00.552+0000] {logging_mixin.py:190} INFO - [2024-09-09T08:15:00.551+0000] {dag.py:3229} INFO - Sync 1 DAGs
[2024-09-09T08:15:00.565+0000] {logging_mixin.py:190} INFO - [2024-09-09T08:15:00.565+0000] {dag.py:4156} INFO - Setting next_dagrun for example_python_decorator to None, run_after=None
[2024-09-09T08:15:00.584+0000] {processor.py:208} INFO - Processing /home/airflow/.local/lib/python3.12/site-packages/airflow/example_dags/example_python_decorator.py took 0.077 seconds
[2024-09-09T08:15:30.808+0000] {processor.py:186} INFO - Started process (PID=6473) to work on /home/airflow/.local/lib/python3.12/site-packages/airflow/example_dags/example_python_decorator.py
[2024-09-09T08:15:30.810+0000] {processor.py:914} INFO - Processing file /home/airflow/.local/lib/python3.12/site-packages/airflow/example_dags/example_python_decorator.py for tasks to queue
[2024-09-09T08:15:30.815+0000] {logging_mixin.py:190} INFO - [2024-09-09T08:15:30.814+0000] {dagbag.py:587} INFO - Filling up the DagBag from /home/airflow/.local/lib/python3.12/site-packages/airflow/example_dags/example_python_decorator.py
[2024-09-09T08:15:30.836+0000] {processor.py:925} INFO - DAG(s) 'example_python_decorator' retrieved from /home/airflow/.local/lib/python3.12/site-packages/airflow/example_dags/example_python_decorator.py
[2024-09-09T08:15:30.865+0000] {logging_mixin.py:190} INFO - [2024-09-09T08:15:30.864+0000] {dag.py:3229} INFO - Sync 1 DAGs
[2024-09-09T08:15:30.884+0000] {logging_mixin.py:190} INFO - [2024-09-09T08:15:30.883+0000] {dag.py:4156} INFO - Setting next_dagrun for example_python_decorator to None, run_after=None
[2024-09-09T08:15:30.910+0000] {processor.py:208} INFO - Processing /home/airflow/.local/lib/python3.12/site-packages/airflow/example_dags/example_python_decorator.py took 0.110 seconds
[2024-09-09T08:16:01.302+0000] {processor.py:186} INFO - Started process (PID=6759) to work on /home/airflow/.local/lib/python3.12/site-packages/airflow/example_dags/example_python_decorator.py
[2024-09-09T08:16:01.303+0000] {processor.py:914} INFO - Processing file /home/airflow/.local/lib/python3.12/site-packages/airflow/example_dags/example_python_decorator.py for tasks to queue
[2024-09-09T08:16:01.305+0000] {logging_mixin.py:190} INFO - [2024-09-09T08:16:01.305+0000] {dagbag.py:587} INFO - Filling up the DagBag from /home/airflow/.local/lib/python3.12/site-packages/airflow/example_dags/example_python_decorator.py
[2024-09-09T08:16:01.316+0000] {processor.py:925} INFO - DAG(s) 'example_python_decorator' retrieved from /home/airflow/.local/lib/python3.12/site-packages/airflow/example_dags/example_python_decorator.py
[2024-09-09T08:16:01.336+0000] {logging_mixin.py:190} INFO - [2024-09-09T08:16:01.335+0000] {dag.py:3229} INFO - Sync 1 DAGs
[2024-09-09T08:16:01.346+0000] {logging_mixin.py:190} INFO - [2024-09-09T08:16:01.346+0000] {dag.py:4156} INFO - Setting next_dagrun for example_python_decorator to None, run_after=None
[2024-09-09T08:16:01.370+0000] {processor.py:208} INFO - Processing /home/airflow/.local/lib/python3.12/site-packages/airflow/example_dags/example_python_decorator.py took 0.073 seconds
[2024-09-09T08:16:31.876+0000] {processor.py:186} INFO - Started process (PID=7045) to work on /home/airflow/.local/lib/python3.12/site-packages/airflow/example_dags/example_python_decorator.py
[2024-09-09T08:16:31.877+0000] {processor.py:914} INFO - Processing file /home/airflow/.local/lib/python3.12/site-packages/airflow/example_dags/example_python_decorator.py for tasks to queue
[2024-09-09T08:16:31.880+0000] {logging_mixin.py:190} INFO - [2024-09-09T08:16:31.880+0000] {dagbag.py:587} INFO - Filling up the DagBag from /home/airflow/.local/lib/python3.12/site-packages/airflow/example_dags/example_python_decorator.py
[2024-09-09T08:16:31.895+0000] {processor.py:925} INFO - DAG(s) 'example_python_decorator' retrieved from /home/airflow/.local/lib/python3.12/site-packages/airflow/example_dags/example_python_decorator.py
[2024-09-09T08:16:31.916+0000] {logging_mixin.py:190} INFO - [2024-09-09T08:16:31.915+0000] {dag.py:3229} INFO - Sync 1 DAGs
[2024-09-09T08:16:31.935+0000] {logging_mixin.py:190} INFO - [2024-09-09T08:16:31.934+0000] {dag.py:4156} INFO - Setting next_dagrun for example_python_decorator to None, run_after=None
[2024-09-09T08:16:31.996+0000] {processor.py:208} INFO - Processing /home/airflow/.local/lib/python3.12/site-packages/airflow/example_dags/example_python_decorator.py took 0.127 seconds
[2024-09-09T08:17:02.823+0000] {processor.py:186} INFO - Started process (PID=7331) to work on /home/airflow/.local/lib/python3.12/site-packages/airflow/example_dags/example_python_decorator.py
[2024-09-09T08:17:02.824+0000] {processor.py:914} INFO - Processing file /home/airflow/.local/lib/python3.12/site-packages/airflow/example_dags/example_python_decorator.py for tasks to queue
[2024-09-09T08:17:02.828+0000] {logging_mixin.py:190} INFO - [2024-09-09T08:17:02.828+0000] {dagbag.py:587} INFO - Filling up the DagBag from /home/airflow/.local/lib/python3.12/site-packages/airflow/example_dags/example_python_decorator.py
[2024-09-09T08:17:02.850+0000] {processor.py:925} INFO - DAG(s) 'example_python_decorator' retrieved from /home/airflow/.local/lib/python3.12/site-packages/airflow/example_dags/example_python_decorator.py
[2024-09-09T08:17:02.882+0000] {logging_mixin.py:190} INFO - [2024-09-09T08:17:02.880+0000] {dag.py:3229} INFO - Sync 1 DAGs
[2024-09-09T08:17:02.905+0000] {logging_mixin.py:190} INFO - [2024-09-09T08:17:02.905+0000] {dag.py:4156} INFO - Setting next_dagrun for example_python_decorator to None, run_after=None
[2024-09-09T08:17:02.932+0000] {processor.py:208} INFO - Processing /home/airflow/.local/lib/python3.12/site-packages/airflow/example_dags/example_python_decorator.py took 0.119 seconds
[2024-09-09T08:17:33.457+0000] {processor.py:186} INFO - Started process (PID=7617) to work on /home/airflow/.local/lib/python3.12/site-packages/airflow/example_dags/example_python_decorator.py
[2024-09-09T08:17:33.458+0000] {processor.py:914} INFO - Processing file /home/airflow/.local/lib/python3.12/site-packages/airflow/example_dags/example_python_decorator.py for tasks to queue
[2024-09-09T08:17:33.460+0000] {logging_mixin.py:190} INFO - [2024-09-09T08:17:33.460+0000] {dagbag.py:587} INFO - Filling up the DagBag from /home/airflow/.local/lib/python3.12/site-packages/airflow/example_dags/example_python_decorator.py
[2024-09-09T08:17:33.473+0000] {processor.py:925} INFO - DAG(s) 'example_python_decorator' retrieved from /home/airflow/.local/lib/python3.12/site-packages/airflow/example_dags/example_python_decorator.py
[2024-09-09T08:17:33.496+0000] {logging_mixin.py:190} INFO - [2024-09-09T08:17:33.496+0000] {dag.py:3229} INFO - Sync 1 DAGs
[2024-09-09T08:17:33.509+0000] {logging_mixin.py:190} INFO - [2024-09-09T08:17:33.509+0000] {dag.py:4156} INFO - Setting next_dagrun for example_python_decorator to None, run_after=None
[2024-09-09T08:17:33.525+0000] {processor.py:208} INFO - Processing /home/airflow/.local/lib/python3.12/site-packages/airflow/example_dags/example_python_decorator.py took 0.074 seconds
[2024-09-09T08:18:04.367+0000] {processor.py:186} INFO - Started process (PID=7903) to work on /home/airflow/.local/lib/python3.12/site-packages/airflow/example_dags/example_python_decorator.py
[2024-09-09T08:18:04.368+0000] {processor.py:914} INFO - Processing file /home/airflow/.local/lib/python3.12/site-packages/airflow/example_dags/example_python_decorator.py for tasks to queue
[2024-09-09T08:18:04.370+0000] {logging_mixin.py:190} INFO - [2024-09-09T08:18:04.370+0000] {dagbag.py:587} INFO - Filling up the DagBag from /home/airflow/.local/lib/python3.12/site-packages/airflow/example_dags/example_python_decorator.py
[2024-09-09T08:18:04.383+0000] {processor.py:925} INFO - DAG(s) 'example_python_decorator' retrieved from /home/airflow/.local/lib/python3.12/site-packages/airflow/example_dags/example_python_decorator.py
[2024-09-09T08:18:04.403+0000] {logging_mixin.py:190} INFO - [2024-09-09T08:18:04.402+0000] {dag.py:3229} INFO - Sync 1 DAGs
[2024-09-09T08:18:04.414+0000] {logging_mixin.py:190} INFO - [2024-09-09T08:18:04.414+0000] {dag.py:4156} INFO - Setting next_dagrun for example_python_decorator to None, run_after=None
[2024-09-09T08:18:04.434+0000] {processor.py:208} INFO - Processing /home/airflow/.local/lib/python3.12/site-packages/airflow/example_dags/example_python_decorator.py took 0.072 seconds
[2024-09-09T08:18:34.559+0000] {processor.py:186} INFO - Started process (PID=8189) to work on /home/airflow/.local/lib/python3.12/site-packages/airflow/example_dags/example_python_decorator.py
[2024-09-09T08:18:34.560+0000] {processor.py:914} INFO - Processing file /home/airflow/.local/lib/python3.12/site-packages/airflow/example_dags/example_python_decorator.py for tasks to queue
[2024-09-09T08:18:34.562+0000] {logging_mixin.py:190} INFO - [2024-09-09T08:18:34.562+0000] {dagbag.py:587} INFO - Filling up the DagBag from /home/airflow/.local/lib/python3.12/site-packages/airflow/example_dags/example_python_decorator.py
[2024-09-09T08:18:34.575+0000] {processor.py:925} INFO - DAG(s) 'example_python_decorator' retrieved from /home/airflow/.local/lib/python3.12/site-packages/airflow/example_dags/example_python_decorator.py
[2024-09-09T08:18:34.594+0000] {logging_mixin.py:190} INFO - [2024-09-09T08:18:34.594+0000] {dag.py:3229} INFO - Sync 1 DAGs
[2024-09-09T08:18:34.606+0000] {logging_mixin.py:190} INFO - [2024-09-09T08:18:34.606+0000] {dag.py:4156} INFO - Setting next_dagrun for example_python_decorator to None, run_after=None
[2024-09-09T08:18:34.629+0000] {processor.py:208} INFO - Processing /home/airflow/.local/lib/python3.12/site-packages/airflow/example_dags/example_python_decorator.py took 0.074 seconds
[2024-09-09T08:19:04.841+0000] {processor.py:186} INFO - Started process (PID=8475) to work on /home/airflow/.local/lib/python3.12/site-packages/airflow/example_dags/example_python_decorator.py
[2024-09-09T08:19:04.842+0000] {processor.py:914} INFO - Processing file /home/airflow/.local/lib/python3.12/site-packages/airflow/example_dags/example_python_decorator.py for tasks to queue
[2024-09-09T08:19:04.844+0000] {logging_mixin.py:190} INFO - [2024-09-09T08:19:04.843+0000] {dagbag.py:587} INFO - Filling up the DagBag from /home/airflow/.local/lib/python3.12/site-packages/airflow/example_dags/example_python_decorator.py
[2024-09-09T08:19:04.857+0000] {processor.py:925} INFO - DAG(s) 'example_python_decorator' retrieved from /home/airflow/.local/lib/python3.12/site-packages/airflow/example_dags/example_python_decorator.py
[2024-09-09T08:19:04.876+0000] {logging_mixin.py:190} INFO - [2024-09-09T08:19:04.876+0000] {dag.py:3229} INFO - Sync 1 DAGs
[2024-09-09T08:19:04.891+0000] {logging_mixin.py:190} INFO - [2024-09-09T08:19:04.891+0000] {dag.py:4156} INFO - Setting next_dagrun for example_python_decorator to None, run_after=None
[2024-09-09T08:19:04.912+0000] {processor.py:208} INFO - Processing /home/airflow/.local/lib/python3.12/site-packages/airflow/example_dags/example_python_decorator.py took 0.080 seconds
[2024-09-09T08:19:35.705+0000] {processor.py:186} INFO - Started process (PID=8760) to work on /home/airflow/.local/lib/python3.12/site-packages/airflow/example_dags/example_python_decorator.py
[2024-09-09T08:19:35.707+0000] {processor.py:914} INFO - Processing file /home/airflow/.local/lib/python3.12/site-packages/airflow/example_dags/example_python_decorator.py for tasks to queue
[2024-09-09T08:19:35.710+0000] {logging_mixin.py:190} INFO - [2024-09-09T08:19:35.710+0000] {dagbag.py:587} INFO - Filling up the DagBag from /home/airflow/.local/lib/python3.12/site-packages/airflow/example_dags/example_python_decorator.py
[2024-09-09T08:19:35.727+0000] {processor.py:925} INFO - DAG(s) 'example_python_decorator' retrieved from /home/airflow/.local/lib/python3.12/site-packages/airflow/example_dags/example_python_decorator.py
[2024-09-09T08:19:35.746+0000] {logging_mixin.py:190} INFO - [2024-09-09T08:19:35.746+0000] {dag.py:3229} INFO - Sync 1 DAGs
[2024-09-09T08:19:35.758+0000] {logging_mixin.py:190} INFO - [2024-09-09T08:19:35.758+0000] {dag.py:4156} INFO - Setting next_dagrun for example_python_decorator to None, run_after=None
[2024-09-09T08:19:35.777+0000] {processor.py:208} INFO - Processing /home/airflow/.local/lib/python3.12/site-packages/airflow/example_dags/example_python_decorator.py took 0.078 seconds
[2024-09-09T08:20:06.045+0000] {processor.py:186} INFO - Started process (PID=9047) to work on /home/airflow/.local/lib/python3.12/site-packages/airflow/example_dags/example_python_decorator.py
[2024-09-09T08:20:06.046+0000] {processor.py:914} INFO - Processing file /home/airflow/.local/lib/python3.12/site-packages/airflow/example_dags/example_python_decorator.py for tasks to queue
[2024-09-09T08:20:06.048+0000] {logging_mixin.py:190} INFO - [2024-09-09T08:20:06.047+0000] {dagbag.py:587} INFO - Filling up the DagBag from /home/airflow/.local/lib/python3.12/site-packages/airflow/example_dags/example_python_decorator.py
[2024-09-09T08:20:06.059+0000] {processor.py:925} INFO - DAG(s) 'example_python_decorator' retrieved from /home/airflow/.local/lib/python3.12/site-packages/airflow/example_dags/example_python_decorator.py
[2024-09-09T08:20:06.077+0000] {logging_mixin.py:190} INFO - [2024-09-09T08:20:06.076+0000] {dag.py:3229} INFO - Sync 1 DAGs
[2024-09-09T08:20:06.090+0000] {logging_mixin.py:190} INFO - [2024-09-09T08:20:06.089+0000] {dag.py:4156} INFO - Setting next_dagrun for example_python_decorator to None, run_after=None
[2024-09-09T08:20:06.108+0000] {processor.py:208} INFO - Processing /home/airflow/.local/lib/python3.12/site-packages/airflow/example_dags/example_python_decorator.py took 0.067 seconds
[2024-09-09T08:20:36.325+0000] {processor.py:186} INFO - Started process (PID=9333) to work on /home/airflow/.local/lib/python3.12/site-packages/airflow/example_dags/example_python_decorator.py
[2024-09-09T08:20:36.327+0000] {processor.py:914} INFO - Processing file /home/airflow/.local/lib/python3.12/site-packages/airflow/example_dags/example_python_decorator.py for tasks to queue
[2024-09-09T08:20:36.330+0000] {logging_mixin.py:190} INFO - [2024-09-09T08:20:36.329+0000] {dagbag.py:587} INFO - Filling up the DagBag from /home/airflow/.local/lib/python3.12/site-packages/airflow/example_dags/example_python_decorator.py
[2024-09-09T08:20:36.342+0000] {processor.py:925} INFO - DAG(s) 'example_python_decorator' retrieved from /home/airflow/.local/lib/python3.12/site-packages/airflow/example_dags/example_python_decorator.py
[2024-09-09T08:20:36.359+0000] {logging_mixin.py:190} INFO - [2024-09-09T08:20:36.359+0000] {dag.py:3229} INFO - Sync 1 DAGs
[2024-09-09T08:20:36.371+0000] {logging_mixin.py:190} INFO - [2024-09-09T08:20:36.371+0000] {dag.py:4156} INFO - Setting next_dagrun for example_python_decorator to None, run_after=None
[2024-09-09T08:20:36.390+0000] {processor.py:208} INFO - Processing /home/airflow/.local/lib/python3.12/site-packages/airflow/example_dags/example_python_decorator.py took 0.075 seconds
[2024-09-09T08:21:07.078+0000] {processor.py:186} INFO - Started process (PID=9619) to work on /home/airflow/.local/lib/python3.12/site-packages/airflow/example_dags/example_python_decorator.py
[2024-09-09T08:21:07.079+0000] {processor.py:914} INFO - Processing file /home/airflow/.local/lib/python3.12/site-packages/airflow/example_dags/example_python_decorator.py for tasks to queue
[2024-09-09T08:21:07.081+0000] {logging_mixin.py:190} INFO - [2024-09-09T08:21:07.081+0000] {dagbag.py:587} INFO - Filling up the DagBag from /home/airflow/.local/lib/python3.12/site-packages/airflow/example_dags/example_python_decorator.py
[2024-09-09T08:21:07.092+0000] {processor.py:925} INFO - DAG(s) 'example_python_decorator' retrieved from /home/airflow/.local/lib/python3.12/site-packages/airflow/example_dags/example_python_decorator.py
[2024-09-09T08:21:07.109+0000] {logging_mixin.py:190} INFO - [2024-09-09T08:21:07.109+0000] {dag.py:3229} INFO - Sync 1 DAGs
[2024-09-09T08:21:07.121+0000] {logging_mixin.py:190} INFO - [2024-09-09T08:21:07.121+0000] {dag.py:4156} INFO - Setting next_dagrun for example_python_decorator to None, run_after=None
[2024-09-09T08:21:07.141+0000] {processor.py:208} INFO - Processing /home/airflow/.local/lib/python3.12/site-packages/airflow/example_dags/example_python_decorator.py took 0.068 seconds
[2024-09-09T08:21:37.728+0000] {processor.py:186} INFO - Started process (PID=9905) to work on /home/airflow/.local/lib/python3.12/site-packages/airflow/example_dags/example_python_decorator.py
[2024-09-09T08:21:37.729+0000] {processor.py:914} INFO - Processing file /home/airflow/.local/lib/python3.12/site-packages/airflow/example_dags/example_python_decorator.py for tasks to queue
[2024-09-09T08:21:37.731+0000] {logging_mixin.py:190} INFO - [2024-09-09T08:21:37.731+0000] {dagbag.py:587} INFO - Filling up the DagBag from /home/airflow/.local/lib/python3.12/site-packages/airflow/example_dags/example_python_decorator.py
[2024-09-09T08:21:37.743+0000] {processor.py:925} INFO - DAG(s) 'example_python_decorator' retrieved from /home/airflow/.local/lib/python3.12/site-packages/airflow/example_dags/example_python_decorator.py
[2024-09-09T08:21:37.760+0000] {logging_mixin.py:190} INFO - [2024-09-09T08:21:37.760+0000] {dag.py:3229} INFO - Sync 1 DAGs
[2024-09-09T08:21:37.772+0000] {logging_mixin.py:190} INFO - [2024-09-09T08:21:37.772+0000] {dag.py:4156} INFO - Setting next_dagrun for example_python_decorator to None, run_after=None
[2024-09-09T08:21:37.791+0000] {processor.py:208} INFO - Processing /home/airflow/.local/lib/python3.12/site-packages/airflow/example_dags/example_python_decorator.py took 0.068 seconds
[2024-09-09T08:22:08.525+0000] {processor.py:186} INFO - Started process (PID=10191) to work on /home/airflow/.local/lib/python3.12/site-packages/airflow/example_dags/example_python_decorator.py
[2024-09-09T08:22:08.527+0000] {processor.py:914} INFO - Processing file /home/airflow/.local/lib/python3.12/site-packages/airflow/example_dags/example_python_decorator.py for tasks to queue
[2024-09-09T08:22:08.530+0000] {logging_mixin.py:190} INFO - [2024-09-09T08:22:08.529+0000] {dagbag.py:587} INFO - Filling up the DagBag from /home/airflow/.local/lib/python3.12/site-packages/airflow/example_dags/example_python_decorator.py
[2024-09-09T08:22:08.552+0000] {processor.py:925} INFO - DAG(s) 'example_python_decorator' retrieved from /home/airflow/.local/lib/python3.12/site-packages/airflow/example_dags/example_python_decorator.py
[2024-09-09T08:22:08.584+0000] {logging_mixin.py:190} INFO - [2024-09-09T08:22:08.584+0000] {dag.py:3229} INFO - Sync 1 DAGs
[2024-09-09T08:22:08.603+0000] {logging_mixin.py:190} INFO - [2024-09-09T08:22:08.602+0000] {dag.py:4156} INFO - Setting next_dagrun for example_python_decorator to None, run_after=None
[2024-09-09T08:22:08.632+0000] {processor.py:208} INFO - Processing /home/airflow/.local/lib/python3.12/site-packages/airflow/example_dags/example_python_decorator.py took 0.114 seconds
[2024-09-09T08:22:39.180+0000] {processor.py:186} INFO - Started process (PID=10477) to work on /home/airflow/.local/lib/python3.12/site-packages/airflow/example_dags/example_python_decorator.py
[2024-09-09T08:22:39.181+0000] {processor.py:914} INFO - Processing file /home/airflow/.local/lib/python3.12/site-packages/airflow/example_dags/example_python_decorator.py for tasks to queue
[2024-09-09T08:22:39.183+0000] {logging_mixin.py:190} INFO - [2024-09-09T08:22:39.183+0000] {dagbag.py:587} INFO - Filling up the DagBag from /home/airflow/.local/lib/python3.12/site-packages/airflow/example_dags/example_python_decorator.py
[2024-09-09T08:22:39.194+0000] {processor.py:925} INFO - DAG(s) 'example_python_decorator' retrieved from /home/airflow/.local/lib/python3.12/site-packages/airflow/example_dags/example_python_decorator.py
[2024-09-09T08:22:39.212+0000] {logging_mixin.py:190} INFO - [2024-09-09T08:22:39.212+0000] {dag.py:3229} INFO - Sync 1 DAGs
[2024-09-09T08:22:39.223+0000] {logging_mixin.py:190} INFO - [2024-09-09T08:22:39.223+0000] {dag.py:4156} INFO - Setting next_dagrun for example_python_decorator to None, run_after=None
[2024-09-09T08:22:39.244+0000] {processor.py:208} INFO - Processing /home/airflow/.local/lib/python3.12/site-packages/airflow/example_dags/example_python_decorator.py took 0.069 seconds
[2024-09-09T08:23:09.466+0000] {processor.py:186} INFO - Started process (PID=10763) to work on /home/airflow/.local/lib/python3.12/site-packages/airflow/example_dags/example_python_decorator.py
[2024-09-09T08:23:09.467+0000] {processor.py:914} INFO - Processing file /home/airflow/.local/lib/python3.12/site-packages/airflow/example_dags/example_python_decorator.py for tasks to queue
[2024-09-09T08:23:09.470+0000] {logging_mixin.py:190} INFO - [2024-09-09T08:23:09.470+0000] {dagbag.py:587} INFO - Filling up the DagBag from /home/airflow/.local/lib/python3.12/site-packages/airflow/example_dags/example_python_decorator.py
[2024-09-09T08:23:09.482+0000] {processor.py:925} INFO - DAG(s) 'example_python_decorator' retrieved from /home/airflow/.local/lib/python3.12/site-packages/airflow/example_dags/example_python_decorator.py
[2024-09-09T08:23:09.503+0000] {logging_mixin.py:190} INFO - [2024-09-09T08:23:09.503+0000] {dag.py:3229} INFO - Sync 1 DAGs
[2024-09-09T08:23:09.514+0000] {logging_mixin.py:190} INFO - [2024-09-09T08:23:09.514+0000] {dag.py:4156} INFO - Setting next_dagrun for example_python_decorator to None, run_after=None
[2024-09-09T08:23:09.533+0000] {processor.py:208} INFO - Processing /home/airflow/.local/lib/python3.12/site-packages/airflow/example_dags/example_python_decorator.py took 0.072 seconds
[2024-09-09T08:23:39.822+0000] {processor.py:186} INFO - Started process (PID=11049) to work on /home/airflow/.local/lib/python3.12/site-packages/airflow/example_dags/example_python_decorator.py
[2024-09-09T08:23:39.823+0000] {processor.py:914} INFO - Processing file /home/airflow/.local/lib/python3.12/site-packages/airflow/example_dags/example_python_decorator.py for tasks to queue
[2024-09-09T08:23:39.825+0000] {logging_mixin.py:190} INFO - [2024-09-09T08:23:39.825+0000] {dagbag.py:587} INFO - Filling up the DagBag from /home/airflow/.local/lib/python3.12/site-packages/airflow/example_dags/example_python_decorator.py
[2024-09-09T08:23:39.837+0000] {processor.py:925} INFO - DAG(s) 'example_python_decorator' retrieved from /home/airflow/.local/lib/python3.12/site-packages/airflow/example_dags/example_python_decorator.py
[2024-09-09T08:23:39.868+0000] {logging_mixin.py:190} INFO - [2024-09-09T08:23:39.867+0000] {dag.py:3229} INFO - Sync 1 DAGs
[2024-09-09T08:23:39.887+0000] {logging_mixin.py:190} INFO - [2024-09-09T08:23:39.886+0000] {dag.py:4156} INFO - Setting next_dagrun for example_python_decorator to None, run_after=None
[2024-09-09T08:23:39.904+0000] {processor.py:208} INFO - Processing /home/airflow/.local/lib/python3.12/site-packages/airflow/example_dags/example_python_decorator.py took 0.087 seconds
[2024-09-09T08:24:10.273+0000] {processor.py:186} INFO - Started process (PID=11335) to work on /home/airflow/.local/lib/python3.12/site-packages/airflow/example_dags/example_python_decorator.py
[2024-09-09T08:24:10.273+0000] {processor.py:914} INFO - Processing file /home/airflow/.local/lib/python3.12/site-packages/airflow/example_dags/example_python_decorator.py for tasks to queue
[2024-09-09T08:24:10.275+0000] {logging_mixin.py:190} INFO - [2024-09-09T08:24:10.275+0000] {dagbag.py:587} INFO - Filling up the DagBag from /home/airflow/.local/lib/python3.12/site-packages/airflow/example_dags/example_python_decorator.py
[2024-09-09T08:24:10.287+0000] {processor.py:925} INFO - DAG(s) 'example_python_decorator' retrieved from /home/airflow/.local/lib/python3.12/site-packages/airflow/example_dags/example_python_decorator.py
[2024-09-09T08:24:10.306+0000] {logging_mixin.py:190} INFO - [2024-09-09T08:24:10.305+0000] {dag.py:3229} INFO - Sync 1 DAGs
[2024-09-09T08:24:10.317+0000] {logging_mixin.py:190} INFO - [2024-09-09T08:24:10.317+0000] {dag.py:4156} INFO - Setting next_dagrun for example_python_decorator to None, run_after=None
[2024-09-09T08:24:10.336+0000] {processor.py:208} INFO - Processing /home/airflow/.local/lib/python3.12/site-packages/airflow/example_dags/example_python_decorator.py took 0.068 seconds
[2024-09-09T08:24:40.776+0000] {processor.py:186} INFO - Started process (PID=11621) to work on /home/airflow/.local/lib/python3.12/site-packages/airflow/example_dags/example_python_decorator.py
[2024-09-09T08:24:40.777+0000] {processor.py:914} INFO - Processing file /home/airflow/.local/lib/python3.12/site-packages/airflow/example_dags/example_python_decorator.py for tasks to queue
[2024-09-09T08:24:40.779+0000] {logging_mixin.py:190} INFO - [2024-09-09T08:24:40.779+0000] {dagbag.py:587} INFO - Filling up the DagBag from /home/airflow/.local/lib/python3.12/site-packages/airflow/example_dags/example_python_decorator.py
[2024-09-09T08:24:40.791+0000] {processor.py:925} INFO - DAG(s) 'example_python_decorator' retrieved from /home/airflow/.local/lib/python3.12/site-packages/airflow/example_dags/example_python_decorator.py
[2024-09-09T08:24:40.809+0000] {logging_mixin.py:190} INFO - [2024-09-09T08:24:40.809+0000] {dag.py:3229} INFO - Sync 1 DAGs
[2024-09-09T08:24:40.821+0000] {logging_mixin.py:190} INFO - [2024-09-09T08:24:40.820+0000] {dag.py:4156} INFO - Setting next_dagrun for example_python_decorator to None, run_after=None
[2024-09-09T08:24:40.840+0000] {processor.py:208} INFO - Processing /home/airflow/.local/lib/python3.12/site-packages/airflow/example_dags/example_python_decorator.py took 0.068 seconds
[2024-09-09T08:25:11.190+0000] {processor.py:186} INFO - Started process (PID=11907) to work on /home/airflow/.local/lib/python3.12/site-packages/airflow/example_dags/example_python_decorator.py
[2024-09-09T08:25:11.191+0000] {processor.py:914} INFO - Processing file /home/airflow/.local/lib/python3.12/site-packages/airflow/example_dags/example_python_decorator.py for tasks to queue
[2024-09-09T08:25:11.194+0000] {logging_mixin.py:190} INFO - [2024-09-09T08:25:11.193+0000] {dagbag.py:587} INFO - Filling up the DagBag from /home/airflow/.local/lib/python3.12/site-packages/airflow/example_dags/example_python_decorator.py
[2024-09-09T08:25:11.205+0000] {processor.py:925} INFO - DAG(s) 'example_python_decorator' retrieved from /home/airflow/.local/lib/python3.12/site-packages/airflow/example_dags/example_python_decorator.py
[2024-09-09T08:25:11.225+0000] {logging_mixin.py:190} INFO - [2024-09-09T08:25:11.224+0000] {dag.py:3229} INFO - Sync 1 DAGs
[2024-09-09T08:25:11.252+0000] {logging_mixin.py:190} INFO - [2024-09-09T08:25:11.251+0000] {dag.py:4156} INFO - Setting next_dagrun for example_python_decorator to None, run_after=None
[2024-09-09T08:25:11.272+0000] {processor.py:208} INFO - Processing /home/airflow/.local/lib/python3.12/site-packages/airflow/example_dags/example_python_decorator.py took 0.086 seconds
[2024-09-09T08:25:41.460+0000] {processor.py:186} INFO - Started process (PID=12193) to work on /home/airflow/.local/lib/python3.12/site-packages/airflow/example_dags/example_python_decorator.py
[2024-09-09T08:25:41.461+0000] {processor.py:914} INFO - Processing file /home/airflow/.local/lib/python3.12/site-packages/airflow/example_dags/example_python_decorator.py for tasks to queue
[2024-09-09T08:25:41.465+0000] {logging_mixin.py:190} INFO - [2024-09-09T08:25:41.464+0000] {dagbag.py:587} INFO - Filling up the DagBag from /home/airflow/.local/lib/python3.12/site-packages/airflow/example_dags/example_python_decorator.py
[2024-09-09T08:25:41.482+0000] {processor.py:925} INFO - DAG(s) 'example_python_decorator' retrieved from /home/airflow/.local/lib/python3.12/site-packages/airflow/example_dags/example_python_decorator.py
[2024-09-09T08:25:41.504+0000] {logging_mixin.py:190} INFO - [2024-09-09T08:25:41.504+0000] {dag.py:3229} INFO - Sync 1 DAGs
[2024-09-09T08:25:41.517+0000] {logging_mixin.py:190} INFO - [2024-09-09T08:25:41.517+0000] {dag.py:4156} INFO - Setting next_dagrun for example_python_decorator to None, run_after=None
[2024-09-09T08:25:41.535+0000] {processor.py:208} INFO - Processing /home/airflow/.local/lib/python3.12/site-packages/airflow/example_dags/example_python_decorator.py took 0.084 seconds
[2024-09-09T08:26:11.653+0000] {processor.py:186} INFO - Started process (PID=12480) to work on /home/airflow/.local/lib/python3.12/site-packages/airflow/example_dags/example_python_decorator.py
[2024-09-09T08:26:11.654+0000] {processor.py:914} INFO - Processing file /home/airflow/.local/lib/python3.12/site-packages/airflow/example_dags/example_python_decorator.py for tasks to queue
[2024-09-09T08:26:11.656+0000] {logging_mixin.py:190} INFO - [2024-09-09T08:26:11.656+0000] {dagbag.py:587} INFO - Filling up the DagBag from /home/airflow/.local/lib/python3.12/site-packages/airflow/example_dags/example_python_decorator.py
[2024-09-09T08:26:11.667+0000] {processor.py:925} INFO - DAG(s) 'example_python_decorator' retrieved from /home/airflow/.local/lib/python3.12/site-packages/airflow/example_dags/example_python_decorator.py
[2024-09-09T08:26:11.686+0000] {logging_mixin.py:190} INFO - [2024-09-09T08:26:11.686+0000] {dag.py:3229} INFO - Sync 1 DAGs
[2024-09-09T08:26:11.696+0000] {logging_mixin.py:190} INFO - [2024-09-09T08:26:11.696+0000] {dag.py:4156} INFO - Setting next_dagrun for example_python_decorator to None, run_after=None
[2024-09-09T08:26:11.716+0000] {processor.py:208} INFO - Processing /home/airflow/.local/lib/python3.12/site-packages/airflow/example_dags/example_python_decorator.py took 0.068 seconds
[2024-09-09T08:26:42.229+0000] {processor.py:186} INFO - Started process (PID=12766) to work on /home/airflow/.local/lib/python3.12/site-packages/airflow/example_dags/example_python_decorator.py
[2024-09-09T08:26:42.230+0000] {processor.py:914} INFO - Processing file /home/airflow/.local/lib/python3.12/site-packages/airflow/example_dags/example_python_decorator.py for tasks to queue
[2024-09-09T08:26:42.232+0000] {logging_mixin.py:190} INFO - [2024-09-09T08:26:42.232+0000] {dagbag.py:587} INFO - Filling up the DagBag from /home/airflow/.local/lib/python3.12/site-packages/airflow/example_dags/example_python_decorator.py
[2024-09-09T08:26:42.242+0000] {processor.py:925} INFO - DAG(s) 'example_python_decorator' retrieved from /home/airflow/.local/lib/python3.12/site-packages/airflow/example_dags/example_python_decorator.py
[2024-09-09T08:26:42.261+0000] {logging_mixin.py:190} INFO - [2024-09-09T08:26:42.260+0000] {dag.py:3229} INFO - Sync 1 DAGs
[2024-09-09T08:26:42.271+0000] {logging_mixin.py:190} INFO - [2024-09-09T08:26:42.271+0000] {dag.py:4156} INFO - Setting next_dagrun for example_python_decorator to None, run_after=None
[2024-09-09T08:26:42.291+0000] {processor.py:208} INFO - Processing /home/airflow/.local/lib/python3.12/site-packages/airflow/example_dags/example_python_decorator.py took 0.069 seconds
[2024-09-09T08:27:12.944+0000] {processor.py:186} INFO - Started process (PID=13058) to work on /home/airflow/.local/lib/python3.12/site-packages/airflow/example_dags/example_python_decorator.py
[2024-09-09T08:27:12.945+0000] {processor.py:914} INFO - Processing file /home/airflow/.local/lib/python3.12/site-packages/airflow/example_dags/example_python_decorator.py for tasks to queue
[2024-09-09T08:27:12.947+0000] {logging_mixin.py:190} INFO - [2024-09-09T08:27:12.947+0000] {dagbag.py:587} INFO - Filling up the DagBag from /home/airflow/.local/lib/python3.12/site-packages/airflow/example_dags/example_python_decorator.py
[2024-09-09T08:27:12.959+0000] {processor.py:925} INFO - DAG(s) 'example_python_decorator' retrieved from /home/airflow/.local/lib/python3.12/site-packages/airflow/example_dags/example_python_decorator.py
[2024-09-09T08:27:12.978+0000] {logging_mixin.py:190} INFO - [2024-09-09T08:27:12.978+0000] {dag.py:3229} INFO - Sync 1 DAGs
[2024-09-09T08:27:12.989+0000] {logging_mixin.py:190} INFO - [2024-09-09T08:27:12.989+0000] {dag.py:4156} INFO - Setting next_dagrun for example_python_decorator to None, run_after=None
[2024-09-09T08:27:13.011+0000] {processor.py:208} INFO - Processing /home/airflow/.local/lib/python3.12/site-packages/airflow/example_dags/example_python_decorator.py took 0.072 seconds
[2024-09-09T08:27:43.566+0000] {processor.py:186} INFO - Started process (PID=13344) to work on /home/airflow/.local/lib/python3.12/site-packages/airflow/example_dags/example_python_decorator.py
[2024-09-09T08:27:43.570+0000] {processor.py:914} INFO - Processing file /home/airflow/.local/lib/python3.12/site-packages/airflow/example_dags/example_python_decorator.py for tasks to queue
[2024-09-09T08:27:43.573+0000] {logging_mixin.py:190} INFO - [2024-09-09T08:27:43.573+0000] {dagbag.py:587} INFO - Filling up the DagBag from /home/airflow/.local/lib/python3.12/site-packages/airflow/example_dags/example_python_decorator.py
[2024-09-09T08:27:43.593+0000] {processor.py:925} INFO - DAG(s) 'example_python_decorator' retrieved from /home/airflow/.local/lib/python3.12/site-packages/airflow/example_dags/example_python_decorator.py
[2024-09-09T08:27:43.617+0000] {logging_mixin.py:190} INFO - [2024-09-09T08:27:43.617+0000] {dag.py:3229} INFO - Sync 1 DAGs
[2024-09-09T08:27:43.629+0000] {logging_mixin.py:190} INFO - [2024-09-09T08:27:43.628+0000] {dag.py:4156} INFO - Setting next_dagrun for example_python_decorator to None, run_after=None
[2024-09-09T08:27:43.652+0000] {processor.py:208} INFO - Processing /home/airflow/.local/lib/python3.12/site-packages/airflow/example_dags/example_python_decorator.py took 0.093 seconds
[2024-09-09T08:28:13.899+0000] {processor.py:186} INFO - Started process (PID=13630) to work on /home/airflow/.local/lib/python3.12/site-packages/airflow/example_dags/example_python_decorator.py
[2024-09-09T08:28:13.901+0000] {processor.py:914} INFO - Processing file /home/airflow/.local/lib/python3.12/site-packages/airflow/example_dags/example_python_decorator.py for tasks to queue
[2024-09-09T08:28:13.905+0000] {logging_mixin.py:190} INFO - [2024-09-09T08:28:13.904+0000] {dagbag.py:587} INFO - Filling up the DagBag from /home/airflow/.local/lib/python3.12/site-packages/airflow/example_dags/example_python_decorator.py
[2024-09-09T08:28:13.922+0000] {processor.py:925} INFO - DAG(s) 'example_python_decorator' retrieved from /home/airflow/.local/lib/python3.12/site-packages/airflow/example_dags/example_python_decorator.py
[2024-09-09T08:28:13.944+0000] {logging_mixin.py:190} INFO - [2024-09-09T08:28:13.944+0000] {dag.py:3229} INFO - Sync 1 DAGs
[2024-09-09T08:28:13.959+0000] {logging_mixin.py:190} INFO - [2024-09-09T08:28:13.959+0000] {dag.py:4156} INFO - Setting next_dagrun for example_python_decorator to None, run_after=None
[2024-09-09T08:28:13.978+0000] {processor.py:208} INFO - Processing /home/airflow/.local/lib/python3.12/site-packages/airflow/example_dags/example_python_decorator.py took 0.085 seconds
[2024-09-09T08:28:44.220+0000] {processor.py:186} INFO - Started process (PID=13916) to work on /home/airflow/.local/lib/python3.12/site-packages/airflow/example_dags/example_python_decorator.py
[2024-09-09T08:28:44.222+0000] {processor.py:914} INFO - Processing file /home/airflow/.local/lib/python3.12/site-packages/airflow/example_dags/example_python_decorator.py for tasks to queue
[2024-09-09T08:28:44.230+0000] {logging_mixin.py:190} INFO - [2024-09-09T08:28:44.229+0000] {dagbag.py:587} INFO - Filling up the DagBag from /home/airflow/.local/lib/python3.12/site-packages/airflow/example_dags/example_python_decorator.py
[2024-09-09T08:28:44.267+0000] {processor.py:925} INFO - DAG(s) 'example_python_decorator' retrieved from /home/airflow/.local/lib/python3.12/site-packages/airflow/example_dags/example_python_decorator.py
[2024-09-09T08:28:44.318+0000] {logging_mixin.py:190} INFO - [2024-09-09T08:28:44.317+0000] {dag.py:3229} INFO - Sync 1 DAGs
[2024-09-09T08:28:44.341+0000] {logging_mixin.py:190} INFO - [2024-09-09T08:28:44.340+0000] {dag.py:4156} INFO - Setting next_dagrun for example_python_decorator to None, run_after=None
[2024-09-09T08:28:44.367+0000] {processor.py:208} INFO - Processing /home/airflow/.local/lib/python3.12/site-packages/airflow/example_dags/example_python_decorator.py took 0.160 seconds
[2024-09-09T08:29:14.526+0000] {processor.py:186} INFO - Started process (PID=14204) to work on /home/airflow/.local/lib/python3.12/site-packages/airflow/example_dags/example_python_decorator.py
[2024-09-09T08:29:14.527+0000] {processor.py:914} INFO - Processing file /home/airflow/.local/lib/python3.12/site-packages/airflow/example_dags/example_python_decorator.py for tasks to queue
[2024-09-09T08:29:14.529+0000] {logging_mixin.py:190} INFO - [2024-09-09T08:29:14.529+0000] {dagbag.py:587} INFO - Filling up the DagBag from /home/airflow/.local/lib/python3.12/site-packages/airflow/example_dags/example_python_decorator.py
[2024-09-09T08:29:14.548+0000] {processor.py:925} INFO - DAG(s) 'example_python_decorator' retrieved from /home/airflow/.local/lib/python3.12/site-packages/airflow/example_dags/example_python_decorator.py
[2024-09-09T08:29:14.572+0000] {logging_mixin.py:190} INFO - [2024-09-09T08:29:14.571+0000] {dag.py:3229} INFO - Sync 1 DAGs
[2024-09-09T08:29:14.585+0000] {logging_mixin.py:190} INFO - [2024-09-09T08:29:14.585+0000] {dag.py:4156} INFO - Setting next_dagrun for example_python_decorator to None, run_after=None
[2024-09-09T08:29:14.606+0000] {processor.py:208} INFO - Processing /home/airflow/.local/lib/python3.12/site-packages/airflow/example_dags/example_python_decorator.py took 0.084 seconds
[2024-09-09T08:29:44.713+0000] {processor.py:186} INFO - Started process (PID=14490) to work on /home/airflow/.local/lib/python3.12/site-packages/airflow/example_dags/example_python_decorator.py
[2024-09-09T08:29:44.718+0000] {processor.py:914} INFO - Processing file /home/airflow/.local/lib/python3.12/site-packages/airflow/example_dags/example_python_decorator.py for tasks to queue
[2024-09-09T08:29:44.732+0000] {logging_mixin.py:190} INFO - [2024-09-09T08:29:44.731+0000] {dagbag.py:587} INFO - Filling up the DagBag from /home/airflow/.local/lib/python3.12/site-packages/airflow/example_dags/example_python_decorator.py
[2024-09-09T08:29:44.768+0000] {processor.py:925} INFO - DAG(s) 'example_python_decorator' retrieved from /home/airflow/.local/lib/python3.12/site-packages/airflow/example_dags/example_python_decorator.py
[2024-09-09T08:29:44.807+0000] {logging_mixin.py:190} INFO - [2024-09-09T08:29:44.807+0000] {dag.py:3229} INFO - Sync 1 DAGs
[2024-09-09T08:29:44.827+0000] {logging_mixin.py:190} INFO - [2024-09-09T08:29:44.827+0000] {dag.py:4156} INFO - Setting next_dagrun for example_python_decorator to None, run_after=None
[2024-09-09T08:29:44.854+0000] {processor.py:208} INFO - Processing /home/airflow/.local/lib/python3.12/site-packages/airflow/example_dags/example_python_decorator.py took 0.153 seconds
[2024-09-09T08:30:15.043+0000] {processor.py:186} INFO - Started process (PID=14776) to work on /home/airflow/.local/lib/python3.12/site-packages/airflow/example_dags/example_python_decorator.py
[2024-09-09T08:30:15.044+0000] {processor.py:914} INFO - Processing file /home/airflow/.local/lib/python3.12/site-packages/airflow/example_dags/example_python_decorator.py for tasks to queue
[2024-09-09T08:30:15.047+0000] {logging_mixin.py:190} INFO - [2024-09-09T08:30:15.046+0000] {dagbag.py:587} INFO - Filling up the DagBag from /home/airflow/.local/lib/python3.12/site-packages/airflow/example_dags/example_python_decorator.py
[2024-09-09T08:30:15.063+0000] {processor.py:925} INFO - DAG(s) 'example_python_decorator' retrieved from /home/airflow/.local/lib/python3.12/site-packages/airflow/example_dags/example_python_decorator.py
[2024-09-09T08:30:15.086+0000] {logging_mixin.py:190} INFO - [2024-09-09T08:30:15.086+0000] {dag.py:3229} INFO - Sync 1 DAGs
[2024-09-09T08:30:15.108+0000] {logging_mixin.py:190} INFO - [2024-09-09T08:30:15.108+0000] {dag.py:4156} INFO - Setting next_dagrun for example_python_decorator to None, run_after=None
[2024-09-09T08:30:15.142+0000] {processor.py:208} INFO - Processing /home/airflow/.local/lib/python3.12/site-packages/airflow/example_dags/example_python_decorator.py took 0.106 seconds
[2024-09-09T08:30:45.355+0000] {processor.py:186} INFO - Started process (PID=15062) to work on /home/airflow/.local/lib/python3.12/site-packages/airflow/example_dags/example_python_decorator.py
[2024-09-09T08:30:45.356+0000] {processor.py:914} INFO - Processing file /home/airflow/.local/lib/python3.12/site-packages/airflow/example_dags/example_python_decorator.py for tasks to queue
[2024-09-09T08:30:45.359+0000] {logging_mixin.py:190} INFO - [2024-09-09T08:30:45.359+0000] {dagbag.py:587} INFO - Filling up the DagBag from /home/airflow/.local/lib/python3.12/site-packages/airflow/example_dags/example_python_decorator.py
[2024-09-09T08:30:45.374+0000] {processor.py:925} INFO - DAG(s) 'example_python_decorator' retrieved from /home/airflow/.local/lib/python3.12/site-packages/airflow/example_dags/example_python_decorator.py
[2024-09-09T08:30:45.396+0000] {logging_mixin.py:190} INFO - [2024-09-09T08:30:45.396+0000] {dag.py:3229} INFO - Sync 1 DAGs
[2024-09-09T08:30:45.431+0000] {logging_mixin.py:190} INFO - [2024-09-09T08:30:45.430+0000] {dag.py:4156} INFO - Setting next_dagrun for example_python_decorator to None, run_after=None
[2024-09-09T08:30:45.482+0000] {processor.py:208} INFO - Processing /home/airflow/.local/lib/python3.12/site-packages/airflow/example_dags/example_python_decorator.py took 0.133 seconds
[2024-09-09T08:31:15.999+0000] {processor.py:186} INFO - Started process (PID=15346) to work on /home/airflow/.local/lib/python3.12/site-packages/airflow/example_dags/example_python_decorator.py
[2024-09-09T08:31:16.001+0000] {processor.py:914} INFO - Processing file /home/airflow/.local/lib/python3.12/site-packages/airflow/example_dags/example_python_decorator.py for tasks to queue
[2024-09-09T08:31:16.003+0000] {logging_mixin.py:190} INFO - [2024-09-09T08:31:16.003+0000] {dagbag.py:587} INFO - Filling up the DagBag from /home/airflow/.local/lib/python3.12/site-packages/airflow/example_dags/example_python_decorator.py
[2024-09-09T08:31:16.015+0000] {processor.py:925} INFO - DAG(s) 'example_python_decorator' retrieved from /home/airflow/.local/lib/python3.12/site-packages/airflow/example_dags/example_python_decorator.py
[2024-09-09T08:31:16.042+0000] {logging_mixin.py:190} INFO - [2024-09-09T08:31:16.041+0000] {dag.py:3229} INFO - Sync 1 DAGs
[2024-09-09T08:31:16.054+0000] {logging_mixin.py:190} INFO - [2024-09-09T08:31:16.054+0000] {dag.py:4156} INFO - Setting next_dagrun for example_python_decorator to None, run_after=None
[2024-09-09T08:31:16.073+0000] {processor.py:208} INFO - Processing /home/airflow/.local/lib/python3.12/site-packages/airflow/example_dags/example_python_decorator.py took 0.079 seconds
[2024-09-09T08:31:46.210+0000] {processor.py:186} INFO - Started process (PID=15632) to work on /home/airflow/.local/lib/python3.12/site-packages/airflow/example_dags/example_python_decorator.py
[2024-09-09T08:31:46.211+0000] {processor.py:914} INFO - Processing file /home/airflow/.local/lib/python3.12/site-packages/airflow/example_dags/example_python_decorator.py for tasks to queue
[2024-09-09T08:31:46.213+0000] {logging_mixin.py:190} INFO - [2024-09-09T08:31:46.213+0000] {dagbag.py:587} INFO - Filling up the DagBag from /home/airflow/.local/lib/python3.12/site-packages/airflow/example_dags/example_python_decorator.py
[2024-09-09T08:31:46.226+0000] {processor.py:925} INFO - DAG(s) 'example_python_decorator' retrieved from /home/airflow/.local/lib/python3.12/site-packages/airflow/example_dags/example_python_decorator.py
[2024-09-09T08:31:46.248+0000] {logging_mixin.py:190} INFO - [2024-09-09T08:31:46.247+0000] {dag.py:3229} INFO - Sync 1 DAGs
[2024-09-09T08:31:46.262+0000] {logging_mixin.py:190} INFO - [2024-09-09T08:31:46.261+0000] {dag.py:4156} INFO - Setting next_dagrun for example_python_decorator to None, run_after=None
[2024-09-09T08:31:46.282+0000] {processor.py:208} INFO - Processing /home/airflow/.local/lib/python3.12/site-packages/airflow/example_dags/example_python_decorator.py took 0.077 seconds
[2024-09-09T08:32:16.420+0000] {processor.py:186} INFO - Started process (PID=15918) to work on /home/airflow/.local/lib/python3.12/site-packages/airflow/example_dags/example_python_decorator.py
[2024-09-09T08:32:16.421+0000] {processor.py:914} INFO - Processing file /home/airflow/.local/lib/python3.12/site-packages/airflow/example_dags/example_python_decorator.py for tasks to queue
[2024-09-09T08:32:16.424+0000] {logging_mixin.py:190} INFO - [2024-09-09T08:32:16.423+0000] {dagbag.py:587} INFO - Filling up the DagBag from /home/airflow/.local/lib/python3.12/site-packages/airflow/example_dags/example_python_decorator.py
[2024-09-09T08:32:16.452+0000] {processor.py:925} INFO - DAG(s) 'example_python_decorator' retrieved from /home/airflow/.local/lib/python3.12/site-packages/airflow/example_dags/example_python_decorator.py
[2024-09-09T08:32:16.478+0000] {logging_mixin.py:190} INFO - [2024-09-09T08:32:16.478+0000] {dag.py:3229} INFO - Sync 1 DAGs
[2024-09-09T08:32:16.492+0000] {logging_mixin.py:190} INFO - [2024-09-09T08:32:16.492+0000] {dag.py:4156} INFO - Setting next_dagrun for example_python_decorator to None, run_after=None
[2024-09-09T08:32:16.510+0000] {processor.py:208} INFO - Processing /home/airflow/.local/lib/python3.12/site-packages/airflow/example_dags/example_python_decorator.py took 0.095 seconds
[2024-09-09T08:32:47.050+0000] {processor.py:186} INFO - Started process (PID=16203) to work on /home/airflow/.local/lib/python3.12/site-packages/airflow/example_dags/example_python_decorator.py
[2024-09-09T08:32:47.051+0000] {processor.py:914} INFO - Processing file /home/airflow/.local/lib/python3.12/site-packages/airflow/example_dags/example_python_decorator.py for tasks to queue
[2024-09-09T08:32:47.053+0000] {logging_mixin.py:190} INFO - [2024-09-09T08:32:47.053+0000] {dagbag.py:587} INFO - Filling up the DagBag from /home/airflow/.local/lib/python3.12/site-packages/airflow/example_dags/example_python_decorator.py
[2024-09-09T08:32:47.066+0000] {processor.py:925} INFO - DAG(s) 'example_python_decorator' retrieved from /home/airflow/.local/lib/python3.12/site-packages/airflow/example_dags/example_python_decorator.py
[2024-09-09T08:32:47.086+0000] {logging_mixin.py:190} INFO - [2024-09-09T08:32:47.085+0000] {dag.py:3229} INFO - Sync 1 DAGs
[2024-09-09T08:32:47.246+0000] {logging_mixin.py:190} INFO - [2024-09-09T08:32:47.246+0000] {dag.py:4156} INFO - Setting next_dagrun for example_python_decorator to None, run_after=None
[2024-09-09T08:32:47.265+0000] {processor.py:208} INFO - Processing /home/airflow/.local/lib/python3.12/site-packages/airflow/example_dags/example_python_decorator.py took 0.222 seconds
[2024-09-09T08:33:17.499+0000] {processor.py:186} INFO - Started process (PID=16489) to work on /home/airflow/.local/lib/python3.12/site-packages/airflow/example_dags/example_python_decorator.py
[2024-09-09T08:33:17.501+0000] {processor.py:914} INFO - Processing file /home/airflow/.local/lib/python3.12/site-packages/airflow/example_dags/example_python_decorator.py for tasks to queue
[2024-09-09T08:33:17.503+0000] {logging_mixin.py:190} INFO - [2024-09-09T08:33:17.503+0000] {dagbag.py:587} INFO - Filling up the DagBag from /home/airflow/.local/lib/python3.12/site-packages/airflow/example_dags/example_python_decorator.py
[2024-09-09T08:33:17.517+0000] {processor.py:925} INFO - DAG(s) 'example_python_decorator' retrieved from /home/airflow/.local/lib/python3.12/site-packages/airflow/example_dags/example_python_decorator.py
[2024-09-09T08:33:17.539+0000] {logging_mixin.py:190} INFO - [2024-09-09T08:33:17.538+0000] {dag.py:3229} INFO - Sync 1 DAGs
[2024-09-09T08:33:17.725+0000] {logging_mixin.py:190} INFO - [2024-09-09T08:33:17.725+0000] {dag.py:4156} INFO - Setting next_dagrun for example_python_decorator to None, run_after=None
[2024-09-09T08:33:17.745+0000] {processor.py:208} INFO - Processing /home/airflow/.local/lib/python3.12/site-packages/airflow/example_dags/example_python_decorator.py took 0.253 seconds
[2024-09-09T08:33:47.851+0000] {processor.py:186} INFO - Started process (PID=16775) to work on /home/airflow/.local/lib/python3.12/site-packages/airflow/example_dags/example_python_decorator.py
[2024-09-09T08:33:47.852+0000] {processor.py:914} INFO - Processing file /home/airflow/.local/lib/python3.12/site-packages/airflow/example_dags/example_python_decorator.py for tasks to queue
[2024-09-09T08:33:47.854+0000] {logging_mixin.py:190} INFO - [2024-09-09T08:33:47.854+0000] {dagbag.py:587} INFO - Filling up the DagBag from /home/airflow/.local/lib/python3.12/site-packages/airflow/example_dags/example_python_decorator.py
[2024-09-09T08:33:47.866+0000] {processor.py:925} INFO - DAG(s) 'example_python_decorator' retrieved from /home/airflow/.local/lib/python3.12/site-packages/airflow/example_dags/example_python_decorator.py
[2024-09-09T08:33:47.886+0000] {logging_mixin.py:190} INFO - [2024-09-09T08:33:47.885+0000] {dag.py:3229} INFO - Sync 1 DAGs
[2024-09-09T08:33:47.897+0000] {logging_mixin.py:190} INFO - [2024-09-09T08:33:47.897+0000] {dag.py:4156} INFO - Setting next_dagrun for example_python_decorator to None, run_after=None
[2024-09-09T08:33:47.920+0000] {processor.py:208} INFO - Processing /home/airflow/.local/lib/python3.12/site-packages/airflow/example_dags/example_python_decorator.py took 0.073 seconds
[2024-09-09T08:34:18.561+0000] {processor.py:186} INFO - Started process (PID=17061) to work on /home/airflow/.local/lib/python3.12/site-packages/airflow/example_dags/example_python_decorator.py
[2024-09-09T08:34:18.562+0000] {processor.py:914} INFO - Processing file /home/airflow/.local/lib/python3.12/site-packages/airflow/example_dags/example_python_decorator.py for tasks to queue
[2024-09-09T08:34:18.564+0000] {logging_mixin.py:190} INFO - [2024-09-09T08:34:18.564+0000] {dagbag.py:587} INFO - Filling up the DagBag from /home/airflow/.local/lib/python3.12/site-packages/airflow/example_dags/example_python_decorator.py
[2024-09-09T08:34:18.577+0000] {processor.py:925} INFO - DAG(s) 'example_python_decorator' retrieved from /home/airflow/.local/lib/python3.12/site-packages/airflow/example_dags/example_python_decorator.py
[2024-09-09T08:34:18.599+0000] {logging_mixin.py:190} INFO - [2024-09-09T08:34:18.598+0000] {dag.py:3229} INFO - Sync 1 DAGs
[2024-09-09T08:34:18.612+0000] {logging_mixin.py:190} INFO - [2024-09-09T08:34:18.611+0000] {dag.py:4156} INFO - Setting next_dagrun for example_python_decorator to None, run_after=None
[2024-09-09T08:34:18.634+0000] {processor.py:208} INFO - Processing /home/airflow/.local/lib/python3.12/site-packages/airflow/example_dags/example_python_decorator.py took 0.079 seconds
[2024-09-09T08:34:49.310+0000] {processor.py:186} INFO - Started process (PID=17347) to work on /home/airflow/.local/lib/python3.12/site-packages/airflow/example_dags/example_python_decorator.py
[2024-09-09T08:34:49.311+0000] {processor.py:914} INFO - Processing file /home/airflow/.local/lib/python3.12/site-packages/airflow/example_dags/example_python_decorator.py for tasks to queue
[2024-09-09T08:34:49.313+0000] {logging_mixin.py:190} INFO - [2024-09-09T08:34:49.313+0000] {dagbag.py:587} INFO - Filling up the DagBag from /home/airflow/.local/lib/python3.12/site-packages/airflow/example_dags/example_python_decorator.py
[2024-09-09T08:34:49.326+0000] {processor.py:925} INFO - DAG(s) 'example_python_decorator' retrieved from /home/airflow/.local/lib/python3.12/site-packages/airflow/example_dags/example_python_decorator.py
[2024-09-09T08:34:49.351+0000] {logging_mixin.py:190} INFO - [2024-09-09T08:34:49.351+0000] {dag.py:3229} INFO - Sync 1 DAGs
[2024-09-09T08:34:49.364+0000] {logging_mixin.py:190} INFO - [2024-09-09T08:34:49.364+0000] {dag.py:4156} INFO - Setting next_dagrun for example_python_decorator to None, run_after=None
[2024-09-09T08:34:49.385+0000] {processor.py:208} INFO - Processing /home/airflow/.local/lib/python3.12/site-packages/airflow/example_dags/example_python_decorator.py took 0.081 seconds
[2024-09-09T08:35:20.233+0000] {processor.py:186} INFO - Started process (PID=17633) to work on /home/airflow/.local/lib/python3.12/site-packages/airflow/example_dags/example_python_decorator.py
[2024-09-09T08:35:20.237+0000] {processor.py:914} INFO - Processing file /home/airflow/.local/lib/python3.12/site-packages/airflow/example_dags/example_python_decorator.py for tasks to queue
[2024-09-09T08:35:20.242+0000] {logging_mixin.py:190} INFO - [2024-09-09T08:35:20.241+0000] {dagbag.py:587} INFO - Filling up the DagBag from /home/airflow/.local/lib/python3.12/site-packages/airflow/example_dags/example_python_decorator.py
[2024-09-09T08:35:20.266+0000] {processor.py:925} INFO - DAG(s) 'example_python_decorator' retrieved from /home/airflow/.local/lib/python3.12/site-packages/airflow/example_dags/example_python_decorator.py
[2024-09-09T08:35:20.297+0000] {logging_mixin.py:190} INFO - [2024-09-09T08:35:20.297+0000] {dag.py:3229} INFO - Sync 1 DAGs
[2024-09-09T08:35:20.314+0000] {logging_mixin.py:190} INFO - [2024-09-09T08:35:20.314+0000] {dag.py:4156} INFO - Setting next_dagrun for example_python_decorator to None, run_after=None
[2024-09-09T08:35:20.334+0000] {processor.py:208} INFO - Processing /home/airflow/.local/lib/python3.12/site-packages/airflow/example_dags/example_python_decorator.py took 0.110 seconds
[2024-09-09T08:35:50.582+0000] {processor.py:186} INFO - Started process (PID=17919) to work on /home/airflow/.local/lib/python3.12/site-packages/airflow/example_dags/example_python_decorator.py
[2024-09-09T08:35:50.583+0000] {processor.py:914} INFO - Processing file /home/airflow/.local/lib/python3.12/site-packages/airflow/example_dags/example_python_decorator.py for tasks to queue
[2024-09-09T08:35:50.585+0000] {logging_mixin.py:190} INFO - [2024-09-09T08:35:50.585+0000] {dagbag.py:587} INFO - Filling up the DagBag from /home/airflow/.local/lib/python3.12/site-packages/airflow/example_dags/example_python_decorator.py
[2024-09-09T08:35:50.597+0000] {processor.py:925} INFO - DAG(s) 'example_python_decorator' retrieved from /home/airflow/.local/lib/python3.12/site-packages/airflow/example_dags/example_python_decorator.py
[2024-09-09T08:35:50.618+0000] {logging_mixin.py:190} INFO - [2024-09-09T08:35:50.618+0000] {dag.py:3229} INFO - Sync 1 DAGs
[2024-09-09T08:35:50.630+0000] {logging_mixin.py:190} INFO - [2024-09-09T08:35:50.630+0000] {dag.py:4156} INFO - Setting next_dagrun for example_python_decorator to None, run_after=None
[2024-09-09T08:35:50.652+0000] {processor.py:208} INFO - Processing /home/airflow/.local/lib/python3.12/site-packages/airflow/example_dags/example_python_decorator.py took 0.075 seconds
[2024-09-09T08:36:21.006+0000] {processor.py:186} INFO - Started process (PID=18205) to work on /home/airflow/.local/lib/python3.12/site-packages/airflow/example_dags/example_python_decorator.py
[2024-09-09T08:36:21.007+0000] {processor.py:914} INFO - Processing file /home/airflow/.local/lib/python3.12/site-packages/airflow/example_dags/example_python_decorator.py for tasks to queue
[2024-09-09T08:36:21.009+0000] {logging_mixin.py:190} INFO - [2024-09-09T08:36:21.008+0000] {dagbag.py:587} INFO - Filling up the DagBag from /home/airflow/.local/lib/python3.12/site-packages/airflow/example_dags/example_python_decorator.py
[2024-09-09T08:36:21.021+0000] {processor.py:925} INFO - DAG(s) 'example_python_decorator' retrieved from /home/airflow/.local/lib/python3.12/site-packages/airflow/example_dags/example_python_decorator.py
[2024-09-09T08:36:21.043+0000] {logging_mixin.py:190} INFO - [2024-09-09T08:36:21.043+0000] {dag.py:3229} INFO - Sync 1 DAGs
[2024-09-09T08:36:21.058+0000] {logging_mixin.py:190} INFO - [2024-09-09T08:36:21.058+0000] {dag.py:4156} INFO - Setting next_dagrun for example_python_decorator to None, run_after=None
[2024-09-09T08:36:21.078+0000] {processor.py:208} INFO - Processing /home/airflow/.local/lib/python3.12/site-packages/airflow/example_dags/example_python_decorator.py took 0.078 seconds
[2024-09-09T08:36:51.724+0000] {processor.py:186} INFO - Started process (PID=18491) to work on /home/airflow/.local/lib/python3.12/site-packages/airflow/example_dags/example_python_decorator.py
[2024-09-09T08:36:51.725+0000] {processor.py:914} INFO - Processing file /home/airflow/.local/lib/python3.12/site-packages/airflow/example_dags/example_python_decorator.py for tasks to queue
[2024-09-09T08:36:51.728+0000] {logging_mixin.py:190} INFO - [2024-09-09T08:36:51.727+0000] {dagbag.py:587} INFO - Filling up the DagBag from /home/airflow/.local/lib/python3.12/site-packages/airflow/example_dags/example_python_decorator.py
[2024-09-09T08:36:51.742+0000] {processor.py:925} INFO - DAG(s) 'example_python_decorator' retrieved from /home/airflow/.local/lib/python3.12/site-packages/airflow/example_dags/example_python_decorator.py
[2024-09-09T08:36:51.764+0000] {logging_mixin.py:190} INFO - [2024-09-09T08:36:51.764+0000] {dag.py:3229} INFO - Sync 1 DAGs
[2024-09-09T08:36:51.776+0000] {logging_mixin.py:190} INFO - [2024-09-09T08:36:51.776+0000] {dag.py:4156} INFO - Setting next_dagrun for example_python_decorator to None, run_after=None
[2024-09-09T08:36:51.807+0000] {processor.py:208} INFO - Processing /home/airflow/.local/lib/python3.12/site-packages/airflow/example_dags/example_python_decorator.py took 0.089 seconds
[2024-09-09T08:37:22.004+0000] {processor.py:186} INFO - Started process (PID=18777) to work on /home/airflow/.local/lib/python3.12/site-packages/airflow/example_dags/example_python_decorator.py
[2024-09-09T08:37:22.005+0000] {processor.py:914} INFO - Processing file /home/airflow/.local/lib/python3.12/site-packages/airflow/example_dags/example_python_decorator.py for tasks to queue
[2024-09-09T08:37:22.007+0000] {logging_mixin.py:190} INFO - [2024-09-09T08:37:22.006+0000] {dagbag.py:587} INFO - Filling up the DagBag from /home/airflow/.local/lib/python3.12/site-packages/airflow/example_dags/example_python_decorator.py
[2024-09-09T08:37:22.020+0000] {processor.py:925} INFO - DAG(s) 'example_python_decorator' retrieved from /home/airflow/.local/lib/python3.12/site-packages/airflow/example_dags/example_python_decorator.py
[2024-09-09T08:37:22.051+0000] {logging_mixin.py:190} INFO - [2024-09-09T08:37:22.050+0000] {dag.py:3229} INFO - Sync 1 DAGs
[2024-09-09T08:37:22.064+0000] {logging_mixin.py:190} INFO - [2024-09-09T08:37:22.064+0000] {dag.py:4156} INFO - Setting next_dagrun for example_python_decorator to None, run_after=None
[2024-09-09T08:37:22.085+0000] {processor.py:208} INFO - Processing /home/airflow/.local/lib/python3.12/site-packages/airflow/example_dags/example_python_decorator.py took 0.086 seconds
[2024-09-09T08:37:52.564+0000] {processor.py:186} INFO - Started process (PID=19063) to work on /home/airflow/.local/lib/python3.12/site-packages/airflow/example_dags/example_python_decorator.py
[2024-09-09T08:37:52.565+0000] {processor.py:914} INFO - Processing file /home/airflow/.local/lib/python3.12/site-packages/airflow/example_dags/example_python_decorator.py for tasks to queue
[2024-09-09T08:37:52.568+0000] {logging_mixin.py:190} INFO - [2024-09-09T08:37:52.567+0000] {dagbag.py:587} INFO - Filling up the DagBag from /home/airflow/.local/lib/python3.12/site-packages/airflow/example_dags/example_python_decorator.py
[2024-09-09T08:37:52.581+0000] {processor.py:925} INFO - DAG(s) 'example_python_decorator' retrieved from /home/airflow/.local/lib/python3.12/site-packages/airflow/example_dags/example_python_decorator.py
[2024-09-09T08:37:52.601+0000] {logging_mixin.py:190} INFO - [2024-09-09T08:37:52.601+0000] {dag.py:3229} INFO - Sync 1 DAGs
[2024-09-09T08:37:52.614+0000] {logging_mixin.py:190} INFO - [2024-09-09T08:37:52.614+0000] {dag.py:4156} INFO - Setting next_dagrun for example_python_decorator to None, run_after=None
[2024-09-09T08:37:52.633+0000] {processor.py:208} INFO - Processing /home/airflow/.local/lib/python3.12/site-packages/airflow/example_dags/example_python_decorator.py took 0.074 seconds
[2024-09-09T08:38:23.282+0000] {processor.py:186} INFO - Started process (PID=19349) to work on /home/airflow/.local/lib/python3.12/site-packages/airflow/example_dags/example_python_decorator.py
[2024-09-09T08:38:23.283+0000] {processor.py:914} INFO - Processing file /home/airflow/.local/lib/python3.12/site-packages/airflow/example_dags/example_python_decorator.py for tasks to queue
[2024-09-09T08:38:23.285+0000] {logging_mixin.py:190} INFO - [2024-09-09T08:38:23.284+0000] {dagbag.py:587} INFO - Filling up the DagBag from /home/airflow/.local/lib/python3.12/site-packages/airflow/example_dags/example_python_decorator.py
[2024-09-09T08:38:23.298+0000] {processor.py:925} INFO - DAG(s) 'example_python_decorator' retrieved from /home/airflow/.local/lib/python3.12/site-packages/airflow/example_dags/example_python_decorator.py
[2024-09-09T08:38:23.319+0000] {logging_mixin.py:190} INFO - [2024-09-09T08:38:23.319+0000] {dag.py:3229} INFO - Sync 1 DAGs
[2024-09-09T08:38:23.334+0000] {logging_mixin.py:190} INFO - [2024-09-09T08:38:23.334+0000] {dag.py:4156} INFO - Setting next_dagrun for example_python_decorator to None, run_after=None
[2024-09-09T08:38:23.358+0000] {processor.py:208} INFO - Processing /home/airflow/.local/lib/python3.12/site-packages/airflow/example_dags/example_python_decorator.py took 0.081 seconds
[2024-09-09T08:38:53.747+0000] {processor.py:186} INFO - Started process (PID=19635) to work on /home/airflow/.local/lib/python3.12/site-packages/airflow/example_dags/example_python_decorator.py
[2024-09-09T08:38:53.749+0000] {processor.py:914} INFO - Processing file /home/airflow/.local/lib/python3.12/site-packages/airflow/example_dags/example_python_decorator.py for tasks to queue
[2024-09-09T08:38:53.752+0000] {logging_mixin.py:190} INFO - [2024-09-09T08:38:53.751+0000] {dagbag.py:587} INFO - Filling up the DagBag from /home/airflow/.local/lib/python3.12/site-packages/airflow/example_dags/example_python_decorator.py
[2024-09-09T08:38:53.771+0000] {processor.py:925} INFO - DAG(s) 'example_python_decorator' retrieved from /home/airflow/.local/lib/python3.12/site-packages/airflow/example_dags/example_python_decorator.py
[2024-09-09T08:38:53.807+0000] {logging_mixin.py:190} INFO - [2024-09-09T08:38:53.806+0000] {dag.py:3229} INFO - Sync 1 DAGs
[2024-09-09T08:38:53.844+0000] {logging_mixin.py:190} INFO - [2024-09-09T08:38:53.843+0000] {dag.py:4156} INFO - Setting next_dagrun for example_python_decorator to None, run_after=None
[2024-09-09T08:38:53.889+0000] {processor.py:208} INFO - Processing /home/airflow/.local/lib/python3.12/site-packages/airflow/example_dags/example_python_decorator.py took 0.150 seconds
[2024-09-09T08:39:24.124+0000] {processor.py:186} INFO - Started process (PID=19921) to work on /home/airflow/.local/lib/python3.12/site-packages/airflow/example_dags/example_python_decorator.py
[2024-09-09T08:39:24.137+0000] {processor.py:914} INFO - Processing file /home/airflow/.local/lib/python3.12/site-packages/airflow/example_dags/example_python_decorator.py for tasks to queue
[2024-09-09T08:39:24.145+0000] {logging_mixin.py:190} INFO - [2024-09-09T08:39:24.145+0000] {dagbag.py:587} INFO - Filling up the DagBag from /home/airflow/.local/lib/python3.12/site-packages/airflow/example_dags/example_python_decorator.py
[2024-09-09T08:39:24.178+0000] {processor.py:925} INFO - DAG(s) 'example_python_decorator' retrieved from /home/airflow/.local/lib/python3.12/site-packages/airflow/example_dags/example_python_decorator.py
[2024-09-09T08:39:24.214+0000] {logging_mixin.py:190} INFO - [2024-09-09T08:39:24.214+0000] {dag.py:3229} INFO - Sync 1 DAGs
[2024-09-09T08:39:24.230+0000] {logging_mixin.py:190} INFO - [2024-09-09T08:39:24.230+0000] {dag.py:4156} INFO - Setting next_dagrun for example_python_decorator to None, run_after=None
[2024-09-09T08:39:24.250+0000] {processor.py:208} INFO - Processing /home/airflow/.local/lib/python3.12/site-packages/airflow/example_dags/example_python_decorator.py took 0.135 seconds
[2024-09-09T08:39:54.395+0000] {processor.py:186} INFO - Started process (PID=20207) to work on /home/airflow/.local/lib/python3.12/site-packages/airflow/example_dags/example_python_decorator.py
[2024-09-09T08:39:54.396+0000] {processor.py:914} INFO - Processing file /home/airflow/.local/lib/python3.12/site-packages/airflow/example_dags/example_python_decorator.py for tasks to queue
[2024-09-09T08:39:54.398+0000] {logging_mixin.py:190} INFO - [2024-09-09T08:39:54.398+0000] {dagbag.py:587} INFO - Filling up the DagBag from /home/airflow/.local/lib/python3.12/site-packages/airflow/example_dags/example_python_decorator.py
[2024-09-09T08:39:54.411+0000] {processor.py:925} INFO - DAG(s) 'example_python_decorator' retrieved from /home/airflow/.local/lib/python3.12/site-packages/airflow/example_dags/example_python_decorator.py
[2024-09-09T08:39:54.432+0000] {logging_mixin.py:190} INFO - [2024-09-09T08:39:54.432+0000] {dag.py:3229} INFO - Sync 1 DAGs
[2024-09-09T08:39:54.444+0000] {logging_mixin.py:190} INFO - [2024-09-09T08:39:54.444+0000] {dag.py:4156} INFO - Setting next_dagrun for example_python_decorator to None, run_after=None
[2024-09-09T08:39:54.466+0000] {processor.py:208} INFO - Processing /home/airflow/.local/lib/python3.12/site-packages/airflow/example_dags/example_python_decorator.py took 0.077 seconds
[2024-09-09T08:40:25.308+0000] {processor.py:186} INFO - Started process (PID=20493) to work on /home/airflow/.local/lib/python3.12/site-packages/airflow/example_dags/example_python_decorator.py
[2024-09-09T08:40:25.309+0000] {processor.py:914} INFO - Processing file /home/airflow/.local/lib/python3.12/site-packages/airflow/example_dags/example_python_decorator.py for tasks to queue
[2024-09-09T08:40:25.312+0000] {logging_mixin.py:190} INFO - [2024-09-09T08:40:25.312+0000] {dagbag.py:587} INFO - Filling up the DagBag from /home/airflow/.local/lib/python3.12/site-packages/airflow/example_dags/example_python_decorator.py
[2024-09-09T08:40:25.326+0000] {processor.py:925} INFO - DAG(s) 'example_python_decorator' retrieved from /home/airflow/.local/lib/python3.12/site-packages/airflow/example_dags/example_python_decorator.py
[2024-09-09T08:40:25.349+0000] {logging_mixin.py:190} INFO - [2024-09-09T08:40:25.349+0000] {dag.py:3229} INFO - Sync 1 DAGs
[2024-09-09T08:40:25.366+0000] {logging_mixin.py:190} INFO - [2024-09-09T08:40:25.365+0000] {dag.py:4156} INFO - Setting next_dagrun for example_python_decorator to None, run_after=None
[2024-09-09T08:40:25.386+0000] {processor.py:208} INFO - Processing /home/airflow/.local/lib/python3.12/site-packages/airflow/example_dags/example_python_decorator.py took 0.086 seconds
[2024-09-09T08:40:56.219+0000] {processor.py:186} INFO - Started process (PID=20779) to work on /home/airflow/.local/lib/python3.12/site-packages/airflow/example_dags/example_python_decorator.py
[2024-09-09T08:40:56.219+0000] {processor.py:914} INFO - Processing file /home/airflow/.local/lib/python3.12/site-packages/airflow/example_dags/example_python_decorator.py for tasks to queue
[2024-09-09T08:40:56.222+0000] {logging_mixin.py:190} INFO - [2024-09-09T08:40:56.221+0000] {dagbag.py:587} INFO - Filling up the DagBag from /home/airflow/.local/lib/python3.12/site-packages/airflow/example_dags/example_python_decorator.py
[2024-09-09T08:40:56.235+0000] {processor.py:925} INFO - DAG(s) 'example_python_decorator' retrieved from /home/airflow/.local/lib/python3.12/site-packages/airflow/example_dags/example_python_decorator.py
[2024-09-09T08:40:56.255+0000] {logging_mixin.py:190} INFO - [2024-09-09T08:40:56.254+0000] {dag.py:3229} INFO - Sync 1 DAGs
[2024-09-09T08:40:56.269+0000] {logging_mixin.py:190} INFO - [2024-09-09T08:40:56.269+0000] {dag.py:4156} INFO - Setting next_dagrun for example_python_decorator to None, run_after=None
[2024-09-09T08:40:56.291+0000] {processor.py:208} INFO - Processing /home/airflow/.local/lib/python3.12/site-packages/airflow/example_dags/example_python_decorator.py took 0.078 seconds
[2024-09-09T08:41:26.653+0000] {processor.py:186} INFO - Started process (PID=21066) to work on /home/airflow/.local/lib/python3.12/site-packages/airflow/example_dags/example_python_decorator.py
[2024-09-09T08:41:26.654+0000] {processor.py:914} INFO - Processing file /home/airflow/.local/lib/python3.12/site-packages/airflow/example_dags/example_python_decorator.py for tasks to queue
[2024-09-09T08:41:26.656+0000] {logging_mixin.py:190} INFO - [2024-09-09T08:41:26.656+0000] {dagbag.py:587} INFO - Filling up the DagBag from /home/airflow/.local/lib/python3.12/site-packages/airflow/example_dags/example_python_decorator.py
[2024-09-09T08:41:26.679+0000] {processor.py:925} INFO - DAG(s) 'example_python_decorator' retrieved from /home/airflow/.local/lib/python3.12/site-packages/airflow/example_dags/example_python_decorator.py
[2024-09-09T08:41:26.708+0000] {logging_mixin.py:190} INFO - [2024-09-09T08:41:26.707+0000] {dag.py:3229} INFO - Sync 1 DAGs
[2024-09-09T08:41:26.723+0000] {logging_mixin.py:190} INFO - [2024-09-09T08:41:26.723+0000] {dag.py:4156} INFO - Setting next_dagrun for example_python_decorator to None, run_after=None
[2024-09-09T08:41:26.744+0000] {processor.py:208} INFO - Processing /home/airflow/.local/lib/python3.12/site-packages/airflow/example_dags/example_python_decorator.py took 0.098 seconds
