[2024-09-09T08:04:22.924+0000] {processor.py:186} INFO - Started process (PID=350) to work on /home/airflow/.local/lib/python3.12/site-packages/airflow/example_dags/example_display_name.py
[2024-09-09T08:04:22.927+0000] {processor.py:914} INFO - Processing file /home/airflow/.local/lib/python3.12/site-packages/airflow/example_dags/example_display_name.py for tasks to queue
[2024-09-09T08:04:22.938+0000] {logging_mixin.py:190} INFO - [2024-09-09T08:04:22.938+0000] {dagbag.py:587} INFO - Filling up the DagBag from /home/airflow/.local/lib/python3.12/site-packages/airflow/example_dags/example_display_name.py
[2024-09-09T08:04:22.959+0000] {processor.py:925} INFO - DAG(s) 'example_display_name' retrieved from /home/airflow/.local/lib/python3.12/site-packages/airflow/example_dags/example_display_name.py
[2024-09-09T08:04:23.121+0000] {logging_mixin.py:190} INFO - [2024-09-09T08:04:23.120+0000] {override.py:1900} INFO - Created Permission View: can edit on DAG:example_display_name
[2024-09-09T08:04:23.137+0000] {logging_mixin.py:190} INFO - [2024-09-09T08:04:23.136+0000] {override.py:1900} INFO - Created Permission View: can delete on DAG:example_display_name
[2024-09-09T08:04:23.146+0000] {logging_mixin.py:190} INFO - [2024-09-09T08:04:23.145+0000] {override.py:1900} INFO - Created Permission View: can read on DAG:example_display_name
[2024-09-09T08:04:23.160+0000] {logging_mixin.py:190} INFO - [2024-09-09T08:04:23.159+0000] {override.py:1900} INFO - Created Permission View: can create on DAG Run:example_display_name
[2024-09-09T08:04:23.172+0000] {logging_mixin.py:190} INFO - [2024-09-09T08:04:23.171+0000] {override.py:1900} INFO - Created Permission View: can delete on DAG Run:example_display_name
[2024-09-09T08:04:23.186+0000] {logging_mixin.py:190} INFO - [2024-09-09T08:04:23.185+0000] {override.py:1900} INFO - Created Permission View: menu access on DAG Run:example_display_name
[2024-09-09T08:04:23.214+0000] {logging_mixin.py:190} INFO - [2024-09-09T08:04:23.213+0000] {override.py:1900} INFO - Created Permission View: can read on DAG Run:example_display_name
[2024-09-09T08:04:23.215+0000] {logging_mixin.py:190} INFO - [2024-09-09T08:04:23.214+0000] {dag.py:3229} INFO - Sync 1 DAGs
[2024-09-09T08:04:23.242+0000] {logging_mixin.py:190} INFO - [2024-09-09T08:04:23.242+0000] {dag.py:3252} INFO - Creating ORM DAG for example_display_name
[2024-09-09T08:04:23.244+0000] {logging_mixin.py:190} INFO - [2024-09-09T08:04:23.244+0000] {dag.py:4156} INFO - Setting next_dagrun for example_display_name to None, run_after=None
[2024-09-09T08:04:23.274+0000] {processor.py:208} INFO - Processing /home/airflow/.local/lib/python3.12/site-packages/airflow/example_dags/example_display_name.py took 0.365 seconds
[2024-09-09T08:04:53.692+0000] {processor.py:186} INFO - Started process (PID=636) to work on /home/airflow/.local/lib/python3.12/site-packages/airflow/example_dags/example_display_name.py
[2024-09-09T08:04:53.695+0000] {processor.py:914} INFO - Processing file /home/airflow/.local/lib/python3.12/site-packages/airflow/example_dags/example_display_name.py for tasks to queue
[2024-09-09T08:04:53.698+0000] {logging_mixin.py:190} INFO - [2024-09-09T08:04:53.698+0000] {dagbag.py:587} INFO - Filling up the DagBag from /home/airflow/.local/lib/python3.12/site-packages/airflow/example_dags/example_display_name.py
[2024-09-09T08:04:53.713+0000] {processor.py:925} INFO - DAG(s) 'example_display_name' retrieved from /home/airflow/.local/lib/python3.12/site-packages/airflow/example_dags/example_display_name.py
[2024-09-09T08:04:53.741+0000] {logging_mixin.py:190} INFO - [2024-09-09T08:04:53.741+0000] {dag.py:3229} INFO - Sync 1 DAGs
[2024-09-09T08:04:53.763+0000] {logging_mixin.py:190} INFO - [2024-09-09T08:04:53.763+0000] {dag.py:4156} INFO - Setting next_dagrun for example_display_name to None, run_after=None
[2024-09-09T08:04:53.792+0000] {processor.py:208} INFO - Processing /home/airflow/.local/lib/python3.12/site-packages/airflow/example_dags/example_display_name.py took 0.114 seconds
[2024-09-09T08:05:24.281+0000] {processor.py:186} INFO - Started process (PID=924) to work on /home/airflow/.local/lib/python3.12/site-packages/airflow/example_dags/example_display_name.py
[2024-09-09T08:05:24.285+0000] {processor.py:914} INFO - Processing file /home/airflow/.local/lib/python3.12/site-packages/airflow/example_dags/example_display_name.py for tasks to queue
[2024-09-09T08:05:24.289+0000] {logging_mixin.py:190} INFO - [2024-09-09T08:05:24.289+0000] {dagbag.py:587} INFO - Filling up the DagBag from /home/airflow/.local/lib/python3.12/site-packages/airflow/example_dags/example_display_name.py
[2024-09-09T08:05:24.301+0000] {processor.py:925} INFO - DAG(s) 'example_display_name' retrieved from /home/airflow/.local/lib/python3.12/site-packages/airflow/example_dags/example_display_name.py
[2024-09-09T08:05:24.328+0000] {logging_mixin.py:190} INFO - [2024-09-09T08:05:24.328+0000] {dag.py:3229} INFO - Sync 1 DAGs
[2024-09-09T08:05:24.352+0000] {logging_mixin.py:190} INFO - [2024-09-09T08:05:24.351+0000] {dag.py:4156} INFO - Setting next_dagrun for example_display_name to None, run_after=None
[2024-09-09T08:05:24.380+0000] {processor.py:208} INFO - Processing /home/airflow/.local/lib/python3.12/site-packages/airflow/example_dags/example_display_name.py took 0.109 seconds
[2024-09-09T08:05:55.260+0000] {processor.py:186} INFO - Started process (PID=1208) to work on /home/airflow/.local/lib/python3.12/site-packages/airflow/example_dags/example_display_name.py
[2024-09-09T08:05:55.261+0000] {processor.py:914} INFO - Processing file /home/airflow/.local/lib/python3.12/site-packages/airflow/example_dags/example_display_name.py for tasks to queue
[2024-09-09T08:05:55.265+0000] {logging_mixin.py:190} INFO - [2024-09-09T08:05:55.264+0000] {dagbag.py:587} INFO - Filling up the DagBag from /home/airflow/.local/lib/python3.12/site-packages/airflow/example_dags/example_display_name.py
[2024-09-09T08:05:55.275+0000] {processor.py:925} INFO - DAG(s) 'example_display_name' retrieved from /home/airflow/.local/lib/python3.12/site-packages/airflow/example_dags/example_display_name.py
[2024-09-09T08:05:55.304+0000] {logging_mixin.py:190} INFO - [2024-09-09T08:05:55.303+0000] {dag.py:3229} INFO - Sync 1 DAGs
[2024-09-09T08:05:55.329+0000] {logging_mixin.py:190} INFO - [2024-09-09T08:05:55.329+0000] {dag.py:4156} INFO - Setting next_dagrun for example_display_name to None, run_after=None
[2024-09-09T08:05:55.368+0000] {processor.py:208} INFO - Processing /home/airflow/.local/lib/python3.12/site-packages/airflow/example_dags/example_display_name.py took 0.117 seconds
[2024-09-09T08:06:26.261+0000] {processor.py:186} INFO - Started process (PID=1496) to work on /home/airflow/.local/lib/python3.12/site-packages/airflow/example_dags/example_display_name.py
[2024-09-09T08:06:26.262+0000] {processor.py:914} INFO - Processing file /home/airflow/.local/lib/python3.12/site-packages/airflow/example_dags/example_display_name.py for tasks to queue
[2024-09-09T08:06:26.266+0000] {logging_mixin.py:190} INFO - [2024-09-09T08:06:26.265+0000] {dagbag.py:587} INFO - Filling up the DagBag from /home/airflow/.local/lib/python3.12/site-packages/airflow/example_dags/example_display_name.py
[2024-09-09T08:06:26.274+0000] {processor.py:925} INFO - DAG(s) 'example_display_name' retrieved from /home/airflow/.local/lib/python3.12/site-packages/airflow/example_dags/example_display_name.py
[2024-09-09T08:06:26.294+0000] {logging_mixin.py:190} INFO - [2024-09-09T08:06:26.294+0000] {dag.py:3229} INFO - Sync 1 DAGs
[2024-09-09T08:06:26.309+0000] {logging_mixin.py:190} INFO - [2024-09-09T08:06:26.309+0000] {dag.py:4156} INFO - Setting next_dagrun for example_display_name to None, run_after=None
[2024-09-09T08:06:26.334+0000] {processor.py:208} INFO - Processing /home/airflow/.local/lib/python3.12/site-packages/airflow/example_dags/example_display_name.py took 0.081 seconds
[2024-09-09T08:06:56.938+0000] {processor.py:186} INFO - Started process (PID=1782) to work on /home/airflow/.local/lib/python3.12/site-packages/airflow/example_dags/example_display_name.py
[2024-09-09T08:06:56.939+0000] {processor.py:914} INFO - Processing file /home/airflow/.local/lib/python3.12/site-packages/airflow/example_dags/example_display_name.py for tasks to queue
[2024-09-09T08:06:56.943+0000] {logging_mixin.py:190} INFO - [2024-09-09T08:06:56.942+0000] {dagbag.py:587} INFO - Filling up the DagBag from /home/airflow/.local/lib/python3.12/site-packages/airflow/example_dags/example_display_name.py
[2024-09-09T08:06:56.956+0000] {processor.py:925} INFO - DAG(s) 'example_display_name' retrieved from /home/airflow/.local/lib/python3.12/site-packages/airflow/example_dags/example_display_name.py
[2024-09-09T08:06:56.978+0000] {logging_mixin.py:190} INFO - [2024-09-09T08:06:56.978+0000] {dag.py:3229} INFO - Sync 1 DAGs
[2024-09-09T08:06:56.994+0000] {logging_mixin.py:190} INFO - [2024-09-09T08:06:56.993+0000] {dag.py:4156} INFO - Setting next_dagrun for example_display_name to None, run_after=None
[2024-09-09T08:06:57.013+0000] {processor.py:208} INFO - Processing /home/airflow/.local/lib/python3.12/site-packages/airflow/example_dags/example_display_name.py took 0.085 seconds
[2024-09-09T08:07:27.266+0000] {processor.py:186} INFO - Started process (PID=2068) to work on /home/airflow/.local/lib/python3.12/site-packages/airflow/example_dags/example_display_name.py
[2024-09-09T08:07:27.268+0000] {processor.py:914} INFO - Processing file /home/airflow/.local/lib/python3.12/site-packages/airflow/example_dags/example_display_name.py for tasks to queue
[2024-09-09T08:07:27.271+0000] {logging_mixin.py:190} INFO - [2024-09-09T08:07:27.271+0000] {dagbag.py:587} INFO - Filling up the DagBag from /home/airflow/.local/lib/python3.12/site-packages/airflow/example_dags/example_display_name.py
[2024-09-09T08:07:27.281+0000] {processor.py:925} INFO - DAG(s) 'example_display_name' retrieved from /home/airflow/.local/lib/python3.12/site-packages/airflow/example_dags/example_display_name.py
[2024-09-09T08:07:27.306+0000] {logging_mixin.py:190} INFO - [2024-09-09T08:07:27.306+0000] {dag.py:3229} INFO - Sync 1 DAGs
[2024-09-09T08:07:27.327+0000] {logging_mixin.py:190} INFO - [2024-09-09T08:07:27.327+0000] {dag.py:4156} INFO - Setting next_dagrun for example_display_name to None, run_after=None
[2024-09-09T08:07:27.349+0000] {processor.py:208} INFO - Processing /home/airflow/.local/lib/python3.12/site-packages/airflow/example_dags/example_display_name.py took 0.092 seconds
[2024-09-09T08:07:57.936+0000] {processor.py:186} INFO - Started process (PID=2353) to work on /home/airflow/.local/lib/python3.12/site-packages/airflow/example_dags/example_display_name.py
[2024-09-09T08:07:57.939+0000] {processor.py:914} INFO - Processing file /home/airflow/.local/lib/python3.12/site-packages/airflow/example_dags/example_display_name.py for tasks to queue
[2024-09-09T08:07:57.943+0000] {logging_mixin.py:190} INFO - [2024-09-09T08:07:57.943+0000] {dagbag.py:587} INFO - Filling up the DagBag from /home/airflow/.local/lib/python3.12/site-packages/airflow/example_dags/example_display_name.py
[2024-09-09T08:07:57.954+0000] {processor.py:925} INFO - DAG(s) 'example_display_name' retrieved from /home/airflow/.local/lib/python3.12/site-packages/airflow/example_dags/example_display_name.py
[2024-09-09T08:07:57.979+0000] {logging_mixin.py:190} INFO - [2024-09-09T08:07:57.978+0000] {dag.py:3229} INFO - Sync 1 DAGs
[2024-09-09T08:07:58.004+0000] {logging_mixin.py:190} INFO - [2024-09-09T08:07:58.004+0000] {dag.py:4156} INFO - Setting next_dagrun for example_display_name to None, run_after=None
[2024-09-09T08:07:58.036+0000] {processor.py:208} INFO - Processing /home/airflow/.local/lib/python3.12/site-packages/airflow/example_dags/example_display_name.py took 0.108 seconds
[2024-09-09T08:08:28.888+0000] {processor.py:186} INFO - Started process (PID=2639) to work on /home/airflow/.local/lib/python3.12/site-packages/airflow/example_dags/example_display_name.py
[2024-09-09T08:08:28.889+0000] {processor.py:914} INFO - Processing file /home/airflow/.local/lib/python3.12/site-packages/airflow/example_dags/example_display_name.py for tasks to queue
[2024-09-09T08:08:28.892+0000] {logging_mixin.py:190} INFO - [2024-09-09T08:08:28.891+0000] {dagbag.py:587} INFO - Filling up the DagBag from /home/airflow/.local/lib/python3.12/site-packages/airflow/example_dags/example_display_name.py
[2024-09-09T08:08:28.900+0000] {processor.py:925} INFO - DAG(s) 'example_display_name' retrieved from /home/airflow/.local/lib/python3.12/site-packages/airflow/example_dags/example_display_name.py
[2024-09-09T08:08:28.924+0000] {logging_mixin.py:190} INFO - [2024-09-09T08:08:28.924+0000] {dag.py:3229} INFO - Sync 1 DAGs
[2024-09-09T08:08:28.941+0000] {logging_mixin.py:190} INFO - [2024-09-09T08:08:28.941+0000] {dag.py:4156} INFO - Setting next_dagrun for example_display_name to None, run_after=None
[2024-09-09T08:08:28.973+0000] {processor.py:208} INFO - Processing /home/airflow/.local/lib/python3.12/site-packages/airflow/example_dags/example_display_name.py took 0.094 seconds
[2024-09-09T08:08:59.552+0000] {processor.py:186} INFO - Started process (PID=2925) to work on /home/airflow/.local/lib/python3.12/site-packages/airflow/example_dags/example_display_name.py
[2024-09-09T08:08:59.553+0000] {processor.py:914} INFO - Processing file /home/airflow/.local/lib/python3.12/site-packages/airflow/example_dags/example_display_name.py for tasks to queue
[2024-09-09T08:08:59.555+0000] {logging_mixin.py:190} INFO - [2024-09-09T08:08:59.555+0000] {dagbag.py:587} INFO - Filling up the DagBag from /home/airflow/.local/lib/python3.12/site-packages/airflow/example_dags/example_display_name.py
[2024-09-09T08:08:59.565+0000] {processor.py:925} INFO - DAG(s) 'example_display_name' retrieved from /home/airflow/.local/lib/python3.12/site-packages/airflow/example_dags/example_display_name.py
[2024-09-09T08:08:59.587+0000] {logging_mixin.py:190} INFO - [2024-09-09T08:08:59.587+0000] {dag.py:3229} INFO - Sync 1 DAGs
[2024-09-09T08:08:59.606+0000] {logging_mixin.py:190} INFO - [2024-09-09T08:08:59.605+0000] {dag.py:4156} INFO - Setting next_dagrun for example_display_name to None, run_after=None
[2024-09-09T08:08:59.642+0000] {processor.py:208} INFO - Processing /home/airflow/.local/lib/python3.12/site-packages/airflow/example_dags/example_display_name.py took 0.097 seconds
[2024-09-09T08:09:29.915+0000] {processor.py:186} INFO - Started process (PID=3213) to work on /home/airflow/.local/lib/python3.12/site-packages/airflow/example_dags/example_display_name.py
[2024-09-09T08:09:29.916+0000] {processor.py:914} INFO - Processing file /home/airflow/.local/lib/python3.12/site-packages/airflow/example_dags/example_display_name.py for tasks to queue
[2024-09-09T08:09:29.920+0000] {logging_mixin.py:190} INFO - [2024-09-09T08:09:29.919+0000] {dagbag.py:587} INFO - Filling up the DagBag from /home/airflow/.local/lib/python3.12/site-packages/airflow/example_dags/example_display_name.py
[2024-09-09T08:09:29.931+0000] {processor.py:925} INFO - DAG(s) 'example_display_name' retrieved from /home/airflow/.local/lib/python3.12/site-packages/airflow/example_dags/example_display_name.py
[2024-09-09T08:09:29.954+0000] {logging_mixin.py:190} INFO - [2024-09-09T08:09:29.953+0000] {dag.py:3229} INFO - Sync 1 DAGs
[2024-09-09T08:09:29.969+0000] {logging_mixin.py:190} INFO - [2024-09-09T08:09:29.969+0000] {dag.py:4156} INFO - Setting next_dagrun for example_display_name to None, run_after=None
[2024-09-09T08:09:29.992+0000] {processor.py:208} INFO - Processing /home/airflow/.local/lib/python3.12/site-packages/airflow/example_dags/example_display_name.py took 0.084 seconds
[2024-09-09T08:10:00.335+0000] {processor.py:186} INFO - Started process (PID=3499) to work on /home/airflow/.local/lib/python3.12/site-packages/airflow/example_dags/example_display_name.py
[2024-09-09T08:10:00.339+0000] {processor.py:914} INFO - Processing file /home/airflow/.local/lib/python3.12/site-packages/airflow/example_dags/example_display_name.py for tasks to queue
[2024-09-09T08:10:00.346+0000] {logging_mixin.py:190} INFO - [2024-09-09T08:10:00.346+0000] {dagbag.py:587} INFO - Filling up the DagBag from /home/airflow/.local/lib/python3.12/site-packages/airflow/example_dags/example_display_name.py
[2024-09-09T08:10:00.357+0000] {processor.py:925} INFO - DAG(s) 'example_display_name' retrieved from /home/airflow/.local/lib/python3.12/site-packages/airflow/example_dags/example_display_name.py
[2024-09-09T08:10:00.394+0000] {logging_mixin.py:190} INFO - [2024-09-09T08:10:00.394+0000] {dag.py:3229} INFO - Sync 1 DAGs
[2024-09-09T08:10:00.413+0000] {logging_mixin.py:190} INFO - [2024-09-09T08:10:00.412+0000] {dag.py:4156} INFO - Setting next_dagrun for example_display_name to None, run_after=None
[2024-09-09T08:10:00.432+0000] {processor.py:208} INFO - Processing /home/airflow/.local/lib/python3.12/site-packages/airflow/example_dags/example_display_name.py took 0.104 seconds
[2024-09-09T08:10:30.503+0000] {processor.py:186} INFO - Started process (PID=3783) to work on /home/airflow/.local/lib/python3.12/site-packages/airflow/example_dags/example_display_name.py
[2024-09-09T08:10:30.504+0000] {processor.py:914} INFO - Processing file /home/airflow/.local/lib/python3.12/site-packages/airflow/example_dags/example_display_name.py for tasks to queue
[2024-09-09T08:10:30.506+0000] {logging_mixin.py:190} INFO - [2024-09-09T08:10:30.506+0000] {dagbag.py:587} INFO - Filling up the DagBag from /home/airflow/.local/lib/python3.12/site-packages/airflow/example_dags/example_display_name.py
[2024-09-09T08:10:30.512+0000] {processor.py:925} INFO - DAG(s) 'example_display_name' retrieved from /home/airflow/.local/lib/python3.12/site-packages/airflow/example_dags/example_display_name.py
[2024-09-09T08:10:30.529+0000] {logging_mixin.py:190} INFO - [2024-09-09T08:10:30.529+0000] {dag.py:3229} INFO - Sync 1 DAGs
[2024-09-09T08:10:30.540+0000] {logging_mixin.py:190} INFO - [2024-09-09T08:10:30.540+0000] {dag.py:4156} INFO - Setting next_dagrun for example_display_name to None, run_after=None
[2024-09-09T08:10:30.558+0000] {processor.py:208} INFO - Processing /home/airflow/.local/lib/python3.12/site-packages/airflow/example_dags/example_display_name.py took 0.059 seconds
[2024-09-09T08:11:01.142+0000] {processor.py:186} INFO - Started process (PID=4071) to work on /home/airflow/.local/lib/python3.12/site-packages/airflow/example_dags/example_display_name.py
[2024-09-09T08:11:01.143+0000] {processor.py:914} INFO - Processing file /home/airflow/.local/lib/python3.12/site-packages/airflow/example_dags/example_display_name.py for tasks to queue
[2024-09-09T08:11:01.146+0000] {logging_mixin.py:190} INFO - [2024-09-09T08:11:01.145+0000] {dagbag.py:587} INFO - Filling up the DagBag from /home/airflow/.local/lib/python3.12/site-packages/airflow/example_dags/example_display_name.py
[2024-09-09T08:11:01.154+0000] {processor.py:925} INFO - DAG(s) 'example_display_name' retrieved from /home/airflow/.local/lib/python3.12/site-packages/airflow/example_dags/example_display_name.py
[2024-09-09T08:11:01.174+0000] {logging_mixin.py:190} INFO - [2024-09-09T08:11:01.174+0000] {dag.py:3229} INFO - Sync 1 DAGs
[2024-09-09T08:11:01.191+0000] {logging_mixin.py:190} INFO - [2024-09-09T08:11:01.190+0000] {dag.py:4156} INFO - Setting next_dagrun for example_display_name to None, run_after=None
[2024-09-09T08:11:01.215+0000] {processor.py:208} INFO - Processing /home/airflow/.local/lib/python3.12/site-packages/airflow/example_dags/example_display_name.py took 0.080 seconds
[2024-09-09T08:11:31.588+0000] {processor.py:186} INFO - Started process (PID=4355) to work on /home/airflow/.local/lib/python3.12/site-packages/airflow/example_dags/example_display_name.py
[2024-09-09T08:11:31.589+0000] {processor.py:914} INFO - Processing file /home/airflow/.local/lib/python3.12/site-packages/airflow/example_dags/example_display_name.py for tasks to queue
[2024-09-09T08:11:31.591+0000] {logging_mixin.py:190} INFO - [2024-09-09T08:11:31.591+0000] {dagbag.py:587} INFO - Filling up the DagBag from /home/airflow/.local/lib/python3.12/site-packages/airflow/example_dags/example_display_name.py
[2024-09-09T08:11:31.597+0000] {processor.py:925} INFO - DAG(s) 'example_display_name' retrieved from /home/airflow/.local/lib/python3.12/site-packages/airflow/example_dags/example_display_name.py
[2024-09-09T08:11:31.613+0000] {logging_mixin.py:190} INFO - [2024-09-09T08:11:31.613+0000] {dag.py:3229} INFO - Sync 1 DAGs
[2024-09-09T08:11:31.624+0000] {logging_mixin.py:190} INFO - [2024-09-09T08:11:31.624+0000] {dag.py:4156} INFO - Setting next_dagrun for example_display_name to None, run_after=None
[2024-09-09T08:11:31.643+0000] {processor.py:208} INFO - Processing /home/airflow/.local/lib/python3.12/site-packages/airflow/example_dags/example_display_name.py took 0.060 seconds
[2024-09-09T08:12:02.253+0000] {processor.py:186} INFO - Started process (PID=4641) to work on /home/airflow/.local/lib/python3.12/site-packages/airflow/example_dags/example_display_name.py
[2024-09-09T08:12:02.254+0000] {processor.py:914} INFO - Processing file /home/airflow/.local/lib/python3.12/site-packages/airflow/example_dags/example_display_name.py for tasks to queue
[2024-09-09T08:12:02.256+0000] {logging_mixin.py:190} INFO - [2024-09-09T08:12:02.256+0000] {dagbag.py:587} INFO - Filling up the DagBag from /home/airflow/.local/lib/python3.12/site-packages/airflow/example_dags/example_display_name.py
[2024-09-09T08:12:02.264+0000] {processor.py:925} INFO - DAG(s) 'example_display_name' retrieved from /home/airflow/.local/lib/python3.12/site-packages/airflow/example_dags/example_display_name.py
[2024-09-09T08:12:02.283+0000] {logging_mixin.py:190} INFO - [2024-09-09T08:12:02.282+0000] {dag.py:3229} INFO - Sync 1 DAGs
[2024-09-09T08:12:02.297+0000] {logging_mixin.py:190} INFO - [2024-09-09T08:12:02.297+0000] {dag.py:4156} INFO - Setting next_dagrun for example_display_name to None, run_after=None
[2024-09-09T08:12:02.318+0000] {processor.py:208} INFO - Processing /home/airflow/.local/lib/python3.12/site-packages/airflow/example_dags/example_display_name.py took 0.071 seconds
[2024-09-09T08:12:32.650+0000] {processor.py:186} INFO - Started process (PID=4927) to work on /home/airflow/.local/lib/python3.12/site-packages/airflow/example_dags/example_display_name.py
[2024-09-09T08:12:32.650+0000] {processor.py:914} INFO - Processing file /home/airflow/.local/lib/python3.12/site-packages/airflow/example_dags/example_display_name.py for tasks to queue
[2024-09-09T08:12:32.652+0000] {logging_mixin.py:190} INFO - [2024-09-09T08:12:32.652+0000] {dagbag.py:587} INFO - Filling up the DagBag from /home/airflow/.local/lib/python3.12/site-packages/airflow/example_dags/example_display_name.py
[2024-09-09T08:12:32.658+0000] {processor.py:925} INFO - DAG(s) 'example_display_name' retrieved from /home/airflow/.local/lib/python3.12/site-packages/airflow/example_dags/example_display_name.py
[2024-09-09T08:12:32.675+0000] {logging_mixin.py:190} INFO - [2024-09-09T08:12:32.675+0000] {dag.py:3229} INFO - Sync 1 DAGs
[2024-09-09T08:12:32.686+0000] {logging_mixin.py:190} INFO - [2024-09-09T08:12:32.686+0000] {dag.py:4156} INFO - Setting next_dagrun for example_display_name to None, run_after=None
[2024-09-09T08:12:32.704+0000] {processor.py:208} INFO - Processing /home/airflow/.local/lib/python3.12/site-packages/airflow/example_dags/example_display_name.py took 0.059 seconds
[2024-09-09T08:13:03.417+0000] {processor.py:186} INFO - Started process (PID=5213) to work on /home/airflow/.local/lib/python3.12/site-packages/airflow/example_dags/example_display_name.py
[2024-09-09T08:13:03.419+0000] {processor.py:914} INFO - Processing file /home/airflow/.local/lib/python3.12/site-packages/airflow/example_dags/example_display_name.py for tasks to queue
[2024-09-09T08:13:03.422+0000] {logging_mixin.py:190} INFO - [2024-09-09T08:13:03.421+0000] {dagbag.py:587} INFO - Filling up the DagBag from /home/airflow/.local/lib/python3.12/site-packages/airflow/example_dags/example_display_name.py
[2024-09-09T08:13:03.430+0000] {processor.py:925} INFO - DAG(s) 'example_display_name' retrieved from /home/airflow/.local/lib/python3.12/site-packages/airflow/example_dags/example_display_name.py
[2024-09-09T08:13:03.450+0000] {logging_mixin.py:190} INFO - [2024-09-09T08:13:03.450+0000] {dag.py:3229} INFO - Sync 1 DAGs
[2024-09-09T08:13:03.464+0000] {logging_mixin.py:190} INFO - [2024-09-09T08:13:03.463+0000] {dag.py:4156} INFO - Setting next_dagrun for example_display_name to None, run_after=None
[2024-09-09T08:13:03.482+0000] {processor.py:208} INFO - Processing /home/airflow/.local/lib/python3.12/site-packages/airflow/example_dags/example_display_name.py took 0.079 seconds
[2024-09-09T08:13:34.352+0000] {processor.py:186} INFO - Started process (PID=5501) to work on /home/airflow/.local/lib/python3.12/site-packages/airflow/example_dags/example_display_name.py
[2024-09-09T08:13:34.354+0000] {processor.py:914} INFO - Processing file /home/airflow/.local/lib/python3.12/site-packages/airflow/example_dags/example_display_name.py for tasks to queue
[2024-09-09T08:13:34.356+0000] {logging_mixin.py:190} INFO - [2024-09-09T08:13:34.355+0000] {dagbag.py:587} INFO - Filling up the DagBag from /home/airflow/.local/lib/python3.12/site-packages/airflow/example_dags/example_display_name.py
[2024-09-09T08:13:34.362+0000] {processor.py:925} INFO - DAG(s) 'example_display_name' retrieved from /home/airflow/.local/lib/python3.12/site-packages/airflow/example_dags/example_display_name.py
[2024-09-09T08:13:34.378+0000] {logging_mixin.py:190} INFO - [2024-09-09T08:13:34.378+0000] {dag.py:3229} INFO - Sync 1 DAGs
[2024-09-09T08:13:34.390+0000] {logging_mixin.py:190} INFO - [2024-09-09T08:13:34.390+0000] {dag.py:4156} INFO - Setting next_dagrun for example_display_name to None, run_after=None
[2024-09-09T08:13:34.409+0000] {processor.py:208} INFO - Processing /home/airflow/.local/lib/python3.12/site-packages/airflow/example_dags/example_display_name.py took 0.062 seconds
[2024-09-09T08:14:05.261+0000] {processor.py:186} INFO - Started process (PID=5785) to work on /home/airflow/.local/lib/python3.12/site-packages/airflow/example_dags/example_display_name.py
[2024-09-09T08:14:05.262+0000] {processor.py:914} INFO - Processing file /home/airflow/.local/lib/python3.12/site-packages/airflow/example_dags/example_display_name.py for tasks to queue
[2024-09-09T08:14:05.264+0000] {logging_mixin.py:190} INFO - [2024-09-09T08:14:05.263+0000] {dagbag.py:587} INFO - Filling up the DagBag from /home/airflow/.local/lib/python3.12/site-packages/airflow/example_dags/example_display_name.py
[2024-09-09T08:14:05.270+0000] {processor.py:925} INFO - DAG(s) 'example_display_name' retrieved from /home/airflow/.local/lib/python3.12/site-packages/airflow/example_dags/example_display_name.py
[2024-09-09T08:14:05.287+0000] {logging_mixin.py:190} INFO - [2024-09-09T08:14:05.287+0000] {dag.py:3229} INFO - Sync 1 DAGs
[2024-09-09T08:14:05.301+0000] {logging_mixin.py:190} INFO - [2024-09-09T08:14:05.300+0000] {dag.py:4156} INFO - Setting next_dagrun for example_display_name to None, run_after=None
[2024-09-09T08:14:05.321+0000] {processor.py:208} INFO - Processing /home/airflow/.local/lib/python3.12/site-packages/airflow/example_dags/example_display_name.py took 0.064 seconds
[2024-09-09T08:14:36.157+0000] {processor.py:186} INFO - Started process (PID=6071) to work on /home/airflow/.local/lib/python3.12/site-packages/airflow/example_dags/example_display_name.py
[2024-09-09T08:14:36.158+0000] {processor.py:914} INFO - Processing file /home/airflow/.local/lib/python3.12/site-packages/airflow/example_dags/example_display_name.py for tasks to queue
[2024-09-09T08:14:36.160+0000] {logging_mixin.py:190} INFO - [2024-09-09T08:14:36.160+0000] {dagbag.py:587} INFO - Filling up the DagBag from /home/airflow/.local/lib/python3.12/site-packages/airflow/example_dags/example_display_name.py
[2024-09-09T08:14:36.166+0000] {processor.py:925} INFO - DAG(s) 'example_display_name' retrieved from /home/airflow/.local/lib/python3.12/site-packages/airflow/example_dags/example_display_name.py
[2024-09-09T08:14:36.183+0000] {logging_mixin.py:190} INFO - [2024-09-09T08:14:36.183+0000] {dag.py:3229} INFO - Sync 1 DAGs
[2024-09-09T08:14:36.195+0000] {logging_mixin.py:190} INFO - [2024-09-09T08:14:36.195+0000] {dag.py:4156} INFO - Setting next_dagrun for example_display_name to None, run_after=None
[2024-09-09T08:14:36.218+0000] {processor.py:208} INFO - Processing /home/airflow/.local/lib/python3.12/site-packages/airflow/example_dags/example_display_name.py took 0.066 seconds
[2024-09-09T08:15:06.873+0000] {processor.py:186} INFO - Started process (PID=6357) to work on /home/airflow/.local/lib/python3.12/site-packages/airflow/example_dags/example_display_name.py
[2024-09-09T08:15:06.874+0000] {processor.py:914} INFO - Processing file /home/airflow/.local/lib/python3.12/site-packages/airflow/example_dags/example_display_name.py for tasks to queue
[2024-09-09T08:15:06.877+0000] {logging_mixin.py:190} INFO - [2024-09-09T08:15:06.877+0000] {dagbag.py:587} INFO - Filling up the DagBag from /home/airflow/.local/lib/python3.12/site-packages/airflow/example_dags/example_display_name.py
[2024-09-09T08:15:06.886+0000] {processor.py:925} INFO - DAG(s) 'example_display_name' retrieved from /home/airflow/.local/lib/python3.12/site-packages/airflow/example_dags/example_display_name.py
[2024-09-09T08:15:06.905+0000] {logging_mixin.py:190} INFO - [2024-09-09T08:15:06.905+0000] {dag.py:3229} INFO - Sync 1 DAGs
[2024-09-09T08:15:06.920+0000] {logging_mixin.py:190} INFO - [2024-09-09T08:15:06.920+0000] {dag.py:4156} INFO - Setting next_dagrun for example_display_name to None, run_after=None
[2024-09-09T08:15:06.943+0000] {processor.py:208} INFO - Processing /home/airflow/.local/lib/python3.12/site-packages/airflow/example_dags/example_display_name.py took 0.077 seconds
[2024-09-09T08:15:37.324+0000] {processor.py:186} INFO - Started process (PID=6648) to work on /home/airflow/.local/lib/python3.12/site-packages/airflow/example_dags/example_display_name.py
[2024-09-09T08:15:37.325+0000] {processor.py:914} INFO - Processing file /home/airflow/.local/lib/python3.12/site-packages/airflow/example_dags/example_display_name.py for tasks to queue
[2024-09-09T08:15:37.328+0000] {logging_mixin.py:190} INFO - [2024-09-09T08:15:37.327+0000] {dagbag.py:587} INFO - Filling up the DagBag from /home/airflow/.local/lib/python3.12/site-packages/airflow/example_dags/example_display_name.py
[2024-09-09T08:15:37.336+0000] {processor.py:925} INFO - DAG(s) 'example_display_name' retrieved from /home/airflow/.local/lib/python3.12/site-packages/airflow/example_dags/example_display_name.py
[2024-09-09T08:15:37.357+0000] {logging_mixin.py:190} INFO - [2024-09-09T08:15:37.356+0000] {dag.py:3229} INFO - Sync 1 DAGs
[2024-09-09T08:15:37.374+0000] {logging_mixin.py:190} INFO - [2024-09-09T08:15:37.374+0000] {dag.py:4156} INFO - Setting next_dagrun for example_display_name to None, run_after=None
[2024-09-09T08:15:37.395+0000] {processor.py:208} INFO - Processing /home/airflow/.local/lib/python3.12/site-packages/airflow/example_dags/example_display_name.py took 0.078 seconds
[2024-09-09T08:16:07.644+0000] {processor.py:186} INFO - Started process (PID=6936) to work on /home/airflow/.local/lib/python3.12/site-packages/airflow/example_dags/example_display_name.py
[2024-09-09T08:16:07.645+0000] {processor.py:914} INFO - Processing file /home/airflow/.local/lib/python3.12/site-packages/airflow/example_dags/example_display_name.py for tasks to queue
[2024-09-09T08:16:07.648+0000] {logging_mixin.py:190} INFO - [2024-09-09T08:16:07.647+0000] {dagbag.py:587} INFO - Filling up the DagBag from /home/airflow/.local/lib/python3.12/site-packages/airflow/example_dags/example_display_name.py
[2024-09-09T08:16:07.654+0000] {processor.py:925} INFO - DAG(s) 'example_display_name' retrieved from /home/airflow/.local/lib/python3.12/site-packages/airflow/example_dags/example_display_name.py
[2024-09-09T08:16:07.672+0000] {logging_mixin.py:190} INFO - [2024-09-09T08:16:07.672+0000] {dag.py:3229} INFO - Sync 1 DAGs
[2024-09-09T08:16:07.686+0000] {logging_mixin.py:190} INFO - [2024-09-09T08:16:07.686+0000] {dag.py:4156} INFO - Setting next_dagrun for example_display_name to None, run_after=None
[2024-09-09T08:16:07.705+0000] {processor.py:208} INFO - Processing /home/airflow/.local/lib/python3.12/site-packages/airflow/example_dags/example_display_name.py took 0.067 seconds
[2024-09-09T08:16:38.780+0000] {processor.py:186} INFO - Started process (PID=7220) to work on /home/airflow/.local/lib/python3.12/site-packages/airflow/example_dags/example_display_name.py
[2024-09-09T08:16:38.781+0000] {processor.py:914} INFO - Processing file /home/airflow/.local/lib/python3.12/site-packages/airflow/example_dags/example_display_name.py for tasks to queue
[2024-09-09T08:16:38.784+0000] {logging_mixin.py:190} INFO - [2024-09-09T08:16:38.784+0000] {dagbag.py:587} INFO - Filling up the DagBag from /home/airflow/.local/lib/python3.12/site-packages/airflow/example_dags/example_display_name.py
[2024-09-09T08:16:38.797+0000] {processor.py:925} INFO - DAG(s) 'example_display_name' retrieved from /home/airflow/.local/lib/python3.12/site-packages/airflow/example_dags/example_display_name.py
[2024-09-09T08:16:38.824+0000] {logging_mixin.py:190} INFO - [2024-09-09T08:16:38.823+0000] {dag.py:3229} INFO - Sync 1 DAGs
[2024-09-09T08:16:38.843+0000] {logging_mixin.py:190} INFO - [2024-09-09T08:16:38.843+0000] {dag.py:4156} INFO - Setting next_dagrun for example_display_name to None, run_after=None
[2024-09-09T08:16:38.868+0000] {processor.py:208} INFO - Processing /home/airflow/.local/lib/python3.12/site-packages/airflow/example_dags/example_display_name.py took 0.095 seconds
[2024-09-09T08:17:09.784+0000] {processor.py:186} INFO - Started process (PID=7506) to work on /home/airflow/.local/lib/python3.12/site-packages/airflow/example_dags/example_display_name.py
[2024-09-09T08:17:09.786+0000] {processor.py:914} INFO - Processing file /home/airflow/.local/lib/python3.12/site-packages/airflow/example_dags/example_display_name.py for tasks to queue
[2024-09-09T08:17:09.790+0000] {logging_mixin.py:190} INFO - [2024-09-09T08:17:09.789+0000] {dagbag.py:587} INFO - Filling up the DagBag from /home/airflow/.local/lib/python3.12/site-packages/airflow/example_dags/example_display_name.py
[2024-09-09T08:17:09.801+0000] {processor.py:925} INFO - DAG(s) 'example_display_name' retrieved from /home/airflow/.local/lib/python3.12/site-packages/airflow/example_dags/example_display_name.py
[2024-09-09T08:17:09.825+0000] {logging_mixin.py:190} INFO - [2024-09-09T08:17:09.825+0000] {dag.py:3229} INFO - Sync 1 DAGs
[2024-09-09T08:17:09.850+0000] {logging_mixin.py:190} INFO - [2024-09-09T08:17:09.850+0000] {dag.py:4156} INFO - Setting next_dagrun for example_display_name to None, run_after=None
[2024-09-09T08:17:09.876+0000] {processor.py:208} INFO - Processing /home/airflow/.local/lib/python3.12/site-packages/airflow/example_dags/example_display_name.py took 0.098 seconds
[2024-09-09T08:17:40.884+0000] {processor.py:186} INFO - Started process (PID=7794) to work on /home/airflow/.local/lib/python3.12/site-packages/airflow/example_dags/example_display_name.py
[2024-09-09T08:17:40.885+0000] {processor.py:914} INFO - Processing file /home/airflow/.local/lib/python3.12/site-packages/airflow/example_dags/example_display_name.py for tasks to queue
[2024-09-09T08:17:40.889+0000] {logging_mixin.py:190} INFO - [2024-09-09T08:17:40.888+0000] {dagbag.py:587} INFO - Filling up the DagBag from /home/airflow/.local/lib/python3.12/site-packages/airflow/example_dags/example_display_name.py
[2024-09-09T08:17:40.900+0000] {processor.py:925} INFO - DAG(s) 'example_display_name' retrieved from /home/airflow/.local/lib/python3.12/site-packages/airflow/example_dags/example_display_name.py
[2024-09-09T08:17:40.930+0000] {logging_mixin.py:190} INFO - [2024-09-09T08:17:40.930+0000] {dag.py:3229} INFO - Sync 1 DAGs
[2024-09-09T08:17:40.953+0000] {logging_mixin.py:190} INFO - [2024-09-09T08:17:40.952+0000] {dag.py:4156} INFO - Setting next_dagrun for example_display_name to None, run_after=None
[2024-09-09T08:17:41.003+0000] {processor.py:208} INFO - Processing /home/airflow/.local/lib/python3.12/site-packages/airflow/example_dags/example_display_name.py took 0.128 seconds
[2024-09-09T08:18:11.766+0000] {processor.py:186} INFO - Started process (PID=8080) to work on /home/airflow/.local/lib/python3.12/site-packages/airflow/example_dags/example_display_name.py
[2024-09-09T08:18:11.767+0000] {processor.py:914} INFO - Processing file /home/airflow/.local/lib/python3.12/site-packages/airflow/example_dags/example_display_name.py for tasks to queue
[2024-09-09T08:18:11.770+0000] {logging_mixin.py:190} INFO - [2024-09-09T08:18:11.769+0000] {dagbag.py:587} INFO - Filling up the DagBag from /home/airflow/.local/lib/python3.12/site-packages/airflow/example_dags/example_display_name.py
[2024-09-09T08:18:11.780+0000] {processor.py:925} INFO - DAG(s) 'example_display_name' retrieved from /home/airflow/.local/lib/python3.12/site-packages/airflow/example_dags/example_display_name.py
[2024-09-09T08:18:11.795+0000] {logging_mixin.py:190} INFO - [2024-09-09T08:18:11.795+0000] {dag.py:3229} INFO - Sync 1 DAGs
[2024-09-09T08:18:11.807+0000] {logging_mixin.py:190} INFO - [2024-09-09T08:18:11.807+0000] {dag.py:4156} INFO - Setting next_dagrun for example_display_name to None, run_after=None
[2024-09-09T08:18:11.824+0000] {processor.py:208} INFO - Processing /home/airflow/.local/lib/python3.12/site-packages/airflow/example_dags/example_display_name.py took 0.063 seconds
[2024-09-09T08:18:42.755+0000] {processor.py:186} INFO - Started process (PID=8370) to work on /home/airflow/.local/lib/python3.12/site-packages/airflow/example_dags/example_display_name.py
[2024-09-09T08:18:42.756+0000] {processor.py:914} INFO - Processing file /home/airflow/.local/lib/python3.12/site-packages/airflow/example_dags/example_display_name.py for tasks to queue
[2024-09-09T08:18:42.759+0000] {logging_mixin.py:190} INFO - [2024-09-09T08:18:42.759+0000] {dagbag.py:587} INFO - Filling up the DagBag from /home/airflow/.local/lib/python3.12/site-packages/airflow/example_dags/example_display_name.py
[2024-09-09T08:18:42.769+0000] {processor.py:925} INFO - DAG(s) 'example_display_name' retrieved from /home/airflow/.local/lib/python3.12/site-packages/airflow/example_dags/example_display_name.py
[2024-09-09T08:18:42.793+0000] {logging_mixin.py:190} INFO - [2024-09-09T08:18:42.793+0000] {dag.py:3229} INFO - Sync 1 DAGs
[2024-09-09T08:18:42.810+0000] {logging_mixin.py:190} INFO - [2024-09-09T08:18:42.810+0000] {dag.py:4156} INFO - Setting next_dagrun for example_display_name to None, run_after=None
[2024-09-09T08:18:42.837+0000] {processor.py:208} INFO - Processing /home/airflow/.local/lib/python3.12/site-packages/airflow/example_dags/example_display_name.py took 0.089 seconds
[2024-09-09T08:19:13.010+0000] {processor.py:186} INFO - Started process (PID=8658) to work on /home/airflow/.local/lib/python3.12/site-packages/airflow/example_dags/example_display_name.py
[2024-09-09T08:19:13.011+0000] {processor.py:914} INFO - Processing file /home/airflow/.local/lib/python3.12/site-packages/airflow/example_dags/example_display_name.py for tasks to queue
[2024-09-09T08:19:13.013+0000] {logging_mixin.py:190} INFO - [2024-09-09T08:19:13.013+0000] {dagbag.py:587} INFO - Filling up the DagBag from /home/airflow/.local/lib/python3.12/site-packages/airflow/example_dags/example_display_name.py
[2024-09-09T08:19:13.019+0000] {processor.py:925} INFO - DAG(s) 'example_display_name' retrieved from /home/airflow/.local/lib/python3.12/site-packages/airflow/example_dags/example_display_name.py
[2024-09-09T08:19:13.035+0000] {logging_mixin.py:190} INFO - [2024-09-09T08:19:13.035+0000] {dag.py:3229} INFO - Sync 1 DAGs
[2024-09-09T08:19:13.046+0000] {logging_mixin.py:190} INFO - [2024-09-09T08:19:13.046+0000] {dag.py:4156} INFO - Setting next_dagrun for example_display_name to None, run_after=None
[2024-09-09T08:19:13.063+0000] {processor.py:208} INFO - Processing /home/airflow/.local/lib/python3.12/site-packages/airflow/example_dags/example_display_name.py took 0.058 seconds
[2024-09-09T08:19:43.211+0000] {processor.py:186} INFO - Started process (PID=8944) to work on /home/airflow/.local/lib/python3.12/site-packages/airflow/example_dags/example_display_name.py
[2024-09-09T08:19:43.213+0000] {processor.py:914} INFO - Processing file /home/airflow/.local/lib/python3.12/site-packages/airflow/example_dags/example_display_name.py for tasks to queue
[2024-09-09T08:19:43.216+0000] {logging_mixin.py:190} INFO - [2024-09-09T08:19:43.216+0000] {dagbag.py:587} INFO - Filling up the DagBag from /home/airflow/.local/lib/python3.12/site-packages/airflow/example_dags/example_display_name.py
[2024-09-09T08:19:43.225+0000] {processor.py:925} INFO - DAG(s) 'example_display_name' retrieved from /home/airflow/.local/lib/python3.12/site-packages/airflow/example_dags/example_display_name.py
[2024-09-09T08:19:43.245+0000] {logging_mixin.py:190} INFO - [2024-09-09T08:19:43.245+0000] {dag.py:3229} INFO - Sync 1 DAGs
[2024-09-09T08:19:43.262+0000] {logging_mixin.py:190} INFO - [2024-09-09T08:19:43.262+0000] {dag.py:4156} INFO - Setting next_dagrun for example_display_name to None, run_after=None
[2024-09-09T08:19:43.285+0000] {processor.py:208} INFO - Processing /home/airflow/.local/lib/python3.12/site-packages/airflow/example_dags/example_display_name.py took 0.081 seconds
[2024-09-09T08:20:13.755+0000] {processor.py:186} INFO - Started process (PID=9228) to work on /home/airflow/.local/lib/python3.12/site-packages/airflow/example_dags/example_display_name.py
[2024-09-09T08:20:13.756+0000] {processor.py:914} INFO - Processing file /home/airflow/.local/lib/python3.12/site-packages/airflow/example_dags/example_display_name.py for tasks to queue
[2024-09-09T08:20:13.758+0000] {logging_mixin.py:190} INFO - [2024-09-09T08:20:13.758+0000] {dagbag.py:587} INFO - Filling up the DagBag from /home/airflow/.local/lib/python3.12/site-packages/airflow/example_dags/example_display_name.py
[2024-09-09T08:20:13.764+0000] {processor.py:925} INFO - DAG(s) 'example_display_name' retrieved from /home/airflow/.local/lib/python3.12/site-packages/airflow/example_dags/example_display_name.py
[2024-09-09T08:20:13.779+0000] {logging_mixin.py:190} INFO - [2024-09-09T08:20:13.778+0000] {dag.py:3229} INFO - Sync 1 DAGs
[2024-09-09T08:20:13.790+0000] {logging_mixin.py:190} INFO - [2024-09-09T08:20:13.790+0000] {dag.py:4156} INFO - Setting next_dagrun for example_display_name to None, run_after=None
[2024-09-09T08:20:13.808+0000] {processor.py:208} INFO - Processing /home/airflow/.local/lib/python3.12/site-packages/airflow/example_dags/example_display_name.py took 0.058 seconds
[2024-09-09T08:20:43.853+0000] {processor.py:186} INFO - Started process (PID=9509) to work on /home/airflow/.local/lib/python3.12/site-packages/airflow/example_dags/example_display_name.py
[2024-09-09T08:20:43.854+0000] {processor.py:914} INFO - Processing file /home/airflow/.local/lib/python3.12/site-packages/airflow/example_dags/example_display_name.py for tasks to queue
[2024-09-09T08:20:43.856+0000] {logging_mixin.py:190} INFO - [2024-09-09T08:20:43.856+0000] {dagbag.py:587} INFO - Filling up the DagBag from /home/airflow/.local/lib/python3.12/site-packages/airflow/example_dags/example_display_name.py
[2024-09-09T08:20:43.862+0000] {processor.py:925} INFO - DAG(s) 'example_display_name' retrieved from /home/airflow/.local/lib/python3.12/site-packages/airflow/example_dags/example_display_name.py
[2024-09-09T08:20:43.877+0000] {logging_mixin.py:190} INFO - [2024-09-09T08:20:43.877+0000] {dag.py:3229} INFO - Sync 1 DAGs
[2024-09-09T08:20:43.891+0000] {logging_mixin.py:190} INFO - [2024-09-09T08:20:43.891+0000] {dag.py:4156} INFO - Setting next_dagrun for example_display_name to None, run_after=None
[2024-09-09T08:20:43.916+0000] {processor.py:208} INFO - Processing /home/airflow/.local/lib/python3.12/site-packages/airflow/example_dags/example_display_name.py took 0.067 seconds
[2024-09-09T08:21:14.457+0000] {processor.py:186} INFO - Started process (PID=9800) to work on /home/airflow/.local/lib/python3.12/site-packages/airflow/example_dags/example_display_name.py
[2024-09-09T08:21:14.458+0000] {processor.py:914} INFO - Processing file /home/airflow/.local/lib/python3.12/site-packages/airflow/example_dags/example_display_name.py for tasks to queue
[2024-09-09T08:21:14.460+0000] {logging_mixin.py:190} INFO - [2024-09-09T08:21:14.459+0000] {dagbag.py:587} INFO - Filling up the DagBag from /home/airflow/.local/lib/python3.12/site-packages/airflow/example_dags/example_display_name.py
[2024-09-09T08:21:14.466+0000] {processor.py:925} INFO - DAG(s) 'example_display_name' retrieved from /home/airflow/.local/lib/python3.12/site-packages/airflow/example_dags/example_display_name.py
[2024-09-09T08:21:14.482+0000] {logging_mixin.py:190} INFO - [2024-09-09T08:21:14.482+0000] {dag.py:3229} INFO - Sync 1 DAGs
[2024-09-09T08:21:14.494+0000] {logging_mixin.py:190} INFO - [2024-09-09T08:21:14.493+0000] {dag.py:4156} INFO - Setting next_dagrun for example_display_name to None, run_after=None
[2024-09-09T08:21:14.513+0000] {processor.py:208} INFO - Processing /home/airflow/.local/lib/python3.12/site-packages/airflow/example_dags/example_display_name.py took 0.060 seconds
[2024-09-09T08:21:45.174+0000] {processor.py:186} INFO - Started process (PID=10088) to work on /home/airflow/.local/lib/python3.12/site-packages/airflow/example_dags/example_display_name.py
[2024-09-09T08:21:45.175+0000] {processor.py:914} INFO - Processing file /home/airflow/.local/lib/python3.12/site-packages/airflow/example_dags/example_display_name.py for tasks to queue
[2024-09-09T08:21:45.178+0000] {logging_mixin.py:190} INFO - [2024-09-09T08:21:45.177+0000] {dagbag.py:587} INFO - Filling up the DagBag from /home/airflow/.local/lib/python3.12/site-packages/airflow/example_dags/example_display_name.py
[2024-09-09T08:21:45.187+0000] {processor.py:925} INFO - DAG(s) 'example_display_name' retrieved from /home/airflow/.local/lib/python3.12/site-packages/airflow/example_dags/example_display_name.py
[2024-09-09T08:21:45.205+0000] {logging_mixin.py:190} INFO - [2024-09-09T08:21:45.205+0000] {dag.py:3229} INFO - Sync 1 DAGs
[2024-09-09T08:21:45.220+0000] {logging_mixin.py:190} INFO - [2024-09-09T08:21:45.220+0000] {dag.py:4156} INFO - Setting next_dagrun for example_display_name to None, run_after=None
[2024-09-09T08:21:45.239+0000] {processor.py:208} INFO - Processing /home/airflow/.local/lib/python3.12/site-packages/airflow/example_dags/example_display_name.py took 0.070 seconds
[2024-09-09T08:22:16.053+0000] {processor.py:186} INFO - Started process (PID=10374) to work on /home/airflow/.local/lib/python3.12/site-packages/airflow/example_dags/example_display_name.py
[2024-09-09T08:22:16.055+0000] {processor.py:914} INFO - Processing file /home/airflow/.local/lib/python3.12/site-packages/airflow/example_dags/example_display_name.py for tasks to queue
[2024-09-09T08:22:16.058+0000] {logging_mixin.py:190} INFO - [2024-09-09T08:22:16.058+0000] {dagbag.py:587} INFO - Filling up the DagBag from /home/airflow/.local/lib/python3.12/site-packages/airflow/example_dags/example_display_name.py
[2024-09-09T08:22:16.069+0000] {processor.py:925} INFO - DAG(s) 'example_display_name' retrieved from /home/airflow/.local/lib/python3.12/site-packages/airflow/example_dags/example_display_name.py
[2024-09-09T08:22:16.096+0000] {logging_mixin.py:190} INFO - [2024-09-09T08:22:16.095+0000] {dag.py:3229} INFO - Sync 1 DAGs
[2024-09-09T08:22:16.123+0000] {logging_mixin.py:190} INFO - [2024-09-09T08:22:16.122+0000] {dag.py:4156} INFO - Setting next_dagrun for example_display_name to None, run_after=None
[2024-09-09T08:22:16.143+0000] {processor.py:208} INFO - Processing /home/airflow/.local/lib/python3.12/site-packages/airflow/example_dags/example_display_name.py took 0.097 seconds
[2024-09-09T08:22:46.755+0000] {processor.py:186} INFO - Started process (PID=10658) to work on /home/airflow/.local/lib/python3.12/site-packages/airflow/example_dags/example_display_name.py
[2024-09-09T08:22:46.757+0000] {processor.py:914} INFO - Processing file /home/airflow/.local/lib/python3.12/site-packages/airflow/example_dags/example_display_name.py for tasks to queue
[2024-09-09T08:22:46.761+0000] {logging_mixin.py:190} INFO - [2024-09-09T08:22:46.760+0000] {dagbag.py:587} INFO - Filling up the DagBag from /home/airflow/.local/lib/python3.12/site-packages/airflow/example_dags/example_display_name.py
[2024-09-09T08:22:46.772+0000] {processor.py:925} INFO - DAG(s) 'example_display_name' retrieved from /home/airflow/.local/lib/python3.12/site-packages/airflow/example_dags/example_display_name.py
[2024-09-09T08:22:46.799+0000] {logging_mixin.py:190} INFO - [2024-09-09T08:22:46.799+0000] {dag.py:3229} INFO - Sync 1 DAGs
[2024-09-09T08:22:46.825+0000] {logging_mixin.py:190} INFO - [2024-09-09T08:22:46.824+0000] {dag.py:4156} INFO - Setting next_dagrun for example_display_name to None, run_after=None
[2024-09-09T08:22:46.850+0000] {processor.py:208} INFO - Processing /home/airflow/.local/lib/python3.12/site-packages/airflow/example_dags/example_display_name.py took 0.104 seconds
[2024-09-09T08:23:17.619+0000] {processor.py:186} INFO - Started process (PID=10944) to work on /home/airflow/.local/lib/python3.12/site-packages/airflow/example_dags/example_display_name.py
[2024-09-09T08:23:17.620+0000] {processor.py:914} INFO - Processing file /home/airflow/.local/lib/python3.12/site-packages/airflow/example_dags/example_display_name.py for tasks to queue
[2024-09-09T08:23:17.622+0000] {logging_mixin.py:190} INFO - [2024-09-09T08:23:17.622+0000] {dagbag.py:587} INFO - Filling up the DagBag from /home/airflow/.local/lib/python3.12/site-packages/airflow/example_dags/example_display_name.py
[2024-09-09T08:23:17.628+0000] {processor.py:925} INFO - DAG(s) 'example_display_name' retrieved from /home/airflow/.local/lib/python3.12/site-packages/airflow/example_dags/example_display_name.py
[2024-09-09T08:23:17.643+0000] {logging_mixin.py:190} INFO - [2024-09-09T08:23:17.643+0000] {dag.py:3229} INFO - Sync 1 DAGs
[2024-09-09T08:23:17.655+0000] {logging_mixin.py:190} INFO - [2024-09-09T08:23:17.654+0000] {dag.py:4156} INFO - Setting next_dagrun for example_display_name to None, run_after=None
[2024-09-09T08:23:17.673+0000] {processor.py:208} INFO - Processing /home/airflow/.local/lib/python3.12/site-packages/airflow/example_dags/example_display_name.py took 0.058 seconds
[2024-09-09T08:23:47.849+0000] {processor.py:186} INFO - Started process (PID=11227) to work on /home/airflow/.local/lib/python3.12/site-packages/airflow/example_dags/example_display_name.py
[2024-09-09T08:23:47.851+0000] {processor.py:914} INFO - Processing file /home/airflow/.local/lib/python3.12/site-packages/airflow/example_dags/example_display_name.py for tasks to queue
[2024-09-09T08:23:47.853+0000] {logging_mixin.py:190} INFO - [2024-09-09T08:23:47.853+0000] {dagbag.py:587} INFO - Filling up the DagBag from /home/airflow/.local/lib/python3.12/site-packages/airflow/example_dags/example_display_name.py
[2024-09-09T08:23:47.861+0000] {processor.py:925} INFO - DAG(s) 'example_display_name' retrieved from /home/airflow/.local/lib/python3.12/site-packages/airflow/example_dags/example_display_name.py
[2024-09-09T08:23:47.877+0000] {logging_mixin.py:190} INFO - [2024-09-09T08:23:47.877+0000] {dag.py:3229} INFO - Sync 1 DAGs
[2024-09-09T08:23:47.890+0000] {logging_mixin.py:190} INFO - [2024-09-09T08:23:47.889+0000] {dag.py:4156} INFO - Setting next_dagrun for example_display_name to None, run_after=None
[2024-09-09T08:23:47.911+0000] {processor.py:208} INFO - Processing /home/airflow/.local/lib/python3.12/site-packages/airflow/example_dags/example_display_name.py took 0.067 seconds
[2024-09-09T08:24:17.987+0000] {processor.py:186} INFO - Started process (PID=11511) to work on /home/airflow/.local/lib/python3.12/site-packages/airflow/example_dags/example_display_name.py
[2024-09-09T08:24:17.988+0000] {processor.py:914} INFO - Processing file /home/airflow/.local/lib/python3.12/site-packages/airflow/example_dags/example_display_name.py for tasks to queue
[2024-09-09T08:24:17.990+0000] {logging_mixin.py:190} INFO - [2024-09-09T08:24:17.989+0000] {dagbag.py:587} INFO - Filling up the DagBag from /home/airflow/.local/lib/python3.12/site-packages/airflow/example_dags/example_display_name.py
[2024-09-09T08:24:17.996+0000] {processor.py:925} INFO - DAG(s) 'example_display_name' retrieved from /home/airflow/.local/lib/python3.12/site-packages/airflow/example_dags/example_display_name.py
[2024-09-09T08:24:18.013+0000] {logging_mixin.py:190} INFO - [2024-09-09T08:24:18.013+0000] {dag.py:3229} INFO - Sync 1 DAGs
[2024-09-09T08:24:18.027+0000] {logging_mixin.py:190} INFO - [2024-09-09T08:24:18.026+0000] {dag.py:4156} INFO - Setting next_dagrun for example_display_name to None, run_after=None
[2024-09-09T08:24:18.047+0000] {processor.py:208} INFO - Processing /home/airflow/.local/lib/python3.12/site-packages/airflow/example_dags/example_display_name.py took 0.065 seconds
[2024-09-09T08:24:48.350+0000] {processor.py:186} INFO - Started process (PID=11797) to work on /home/airflow/.local/lib/python3.12/site-packages/airflow/example_dags/example_display_name.py
[2024-09-09T08:24:48.351+0000] {processor.py:914} INFO - Processing file /home/airflow/.local/lib/python3.12/site-packages/airflow/example_dags/example_display_name.py for tasks to queue
[2024-09-09T08:24:48.353+0000] {logging_mixin.py:190} INFO - [2024-09-09T08:24:48.352+0000] {dagbag.py:587} INFO - Filling up the DagBag from /home/airflow/.local/lib/python3.12/site-packages/airflow/example_dags/example_display_name.py
[2024-09-09T08:24:48.360+0000] {processor.py:925} INFO - DAG(s) 'example_display_name' retrieved from /home/airflow/.local/lib/python3.12/site-packages/airflow/example_dags/example_display_name.py
[2024-09-09T08:24:48.377+0000] {logging_mixin.py:190} INFO - [2024-09-09T08:24:48.377+0000] {dag.py:3229} INFO - Sync 1 DAGs
[2024-09-09T08:24:48.390+0000] {logging_mixin.py:190} INFO - [2024-09-09T08:24:48.390+0000] {dag.py:4156} INFO - Setting next_dagrun for example_display_name to None, run_after=None
[2024-09-09T08:24:48.411+0000] {processor.py:208} INFO - Processing /home/airflow/.local/lib/python3.12/site-packages/airflow/example_dags/example_display_name.py took 0.066 seconds
[2024-09-09T08:25:18.752+0000] {processor.py:186} INFO - Started process (PID=12083) to work on /home/airflow/.local/lib/python3.12/site-packages/airflow/example_dags/example_display_name.py
[2024-09-09T08:25:18.753+0000] {processor.py:914} INFO - Processing file /home/airflow/.local/lib/python3.12/site-packages/airflow/example_dags/example_display_name.py for tasks to queue
[2024-09-09T08:25:18.755+0000] {logging_mixin.py:190} INFO - [2024-09-09T08:25:18.755+0000] {dagbag.py:587} INFO - Filling up the DagBag from /home/airflow/.local/lib/python3.12/site-packages/airflow/example_dags/example_display_name.py
[2024-09-09T08:25:18.761+0000] {processor.py:925} INFO - DAG(s) 'example_display_name' retrieved from /home/airflow/.local/lib/python3.12/site-packages/airflow/example_dags/example_display_name.py
[2024-09-09T08:25:18.777+0000] {logging_mixin.py:190} INFO - [2024-09-09T08:25:18.777+0000] {dag.py:3229} INFO - Sync 1 DAGs
[2024-09-09T08:25:18.789+0000] {logging_mixin.py:190} INFO - [2024-09-09T08:25:18.789+0000] {dag.py:4156} INFO - Setting next_dagrun for example_display_name to None, run_after=None
[2024-09-09T08:25:18.810+0000] {processor.py:208} INFO - Processing /home/airflow/.local/lib/python3.12/site-packages/airflow/example_dags/example_display_name.py took 0.063 seconds
[2024-09-09T08:25:49.201+0000] {processor.py:186} INFO - Started process (PID=12375) to work on /home/airflow/.local/lib/python3.12/site-packages/airflow/example_dags/example_display_name.py
[2024-09-09T08:25:49.203+0000] {processor.py:914} INFO - Processing file /home/airflow/.local/lib/python3.12/site-packages/airflow/example_dags/example_display_name.py for tasks to queue
[2024-09-09T08:25:49.205+0000] {logging_mixin.py:190} INFO - [2024-09-09T08:25:49.205+0000] {dagbag.py:587} INFO - Filling up the DagBag from /home/airflow/.local/lib/python3.12/site-packages/airflow/example_dags/example_display_name.py
[2024-09-09T08:25:49.213+0000] {processor.py:925} INFO - DAG(s) 'example_display_name' retrieved from /home/airflow/.local/lib/python3.12/site-packages/airflow/example_dags/example_display_name.py
[2024-09-09T08:25:49.233+0000] {logging_mixin.py:190} INFO - [2024-09-09T08:25:49.232+0000] {dag.py:3229} INFO - Sync 1 DAGs
[2024-09-09T08:25:49.246+0000] {logging_mixin.py:190} INFO - [2024-09-09T08:25:49.246+0000] {dag.py:4156} INFO - Setting next_dagrun for example_display_name to None, run_after=None
[2024-09-09T08:25:49.274+0000] {processor.py:208} INFO - Processing /home/airflow/.local/lib/python3.12/site-packages/airflow/example_dags/example_display_name.py took 0.078 seconds
[2024-09-09T08:26:20.046+0000] {processor.py:186} INFO - Started process (PID=12661) to work on /home/airflow/.local/lib/python3.12/site-packages/airflow/example_dags/example_display_name.py
[2024-09-09T08:26:20.047+0000] {processor.py:914} INFO - Processing file /home/airflow/.local/lib/python3.12/site-packages/airflow/example_dags/example_display_name.py for tasks to queue
[2024-09-09T08:26:20.050+0000] {logging_mixin.py:190} INFO - [2024-09-09T08:26:20.049+0000] {dagbag.py:587} INFO - Filling up the DagBag from /home/airflow/.local/lib/python3.12/site-packages/airflow/example_dags/example_display_name.py
[2024-09-09T08:26:20.057+0000] {processor.py:925} INFO - DAG(s) 'example_display_name' retrieved from /home/airflow/.local/lib/python3.12/site-packages/airflow/example_dags/example_display_name.py
[2024-09-09T08:26:20.076+0000] {logging_mixin.py:190} INFO - [2024-09-09T08:26:20.076+0000] {dag.py:3229} INFO - Sync 1 DAGs
[2024-09-09T08:26:20.088+0000] {logging_mixin.py:190} INFO - [2024-09-09T08:26:20.088+0000] {dag.py:4156} INFO - Setting next_dagrun for example_display_name to None, run_after=None
[2024-09-09T08:26:20.108+0000] {processor.py:208} INFO - Processing /home/airflow/.local/lib/python3.12/site-packages/airflow/example_dags/example_display_name.py took 0.068 seconds
[2024-09-09T08:26:50.727+0000] {processor.py:186} INFO - Started process (PID=12947) to work on /home/airflow/.local/lib/python3.12/site-packages/airflow/example_dags/example_display_name.py
[2024-09-09T08:26:50.728+0000] {processor.py:914} INFO - Processing file /home/airflow/.local/lib/python3.12/site-packages/airflow/example_dags/example_display_name.py for tasks to queue
[2024-09-09T08:26:50.730+0000] {logging_mixin.py:190} INFO - [2024-09-09T08:26:50.730+0000] {dagbag.py:587} INFO - Filling up the DagBag from /home/airflow/.local/lib/python3.12/site-packages/airflow/example_dags/example_display_name.py
[2024-09-09T08:26:50.737+0000] {processor.py:925} INFO - DAG(s) 'example_display_name' retrieved from /home/airflow/.local/lib/python3.12/site-packages/airflow/example_dags/example_display_name.py
[2024-09-09T08:26:50.754+0000] {logging_mixin.py:190} INFO - [2024-09-09T08:26:50.754+0000] {dag.py:3229} INFO - Sync 1 DAGs
[2024-09-09T08:26:50.766+0000] {logging_mixin.py:190} INFO - [2024-09-09T08:26:50.766+0000] {dag.py:4156} INFO - Setting next_dagrun for example_display_name to None, run_after=None
[2024-09-09T08:26:50.785+0000] {processor.py:208} INFO - Processing /home/airflow/.local/lib/python3.12/site-packages/airflow/example_dags/example_display_name.py took 0.063 seconds
[2024-09-09T08:27:21.335+0000] {processor.py:186} INFO - Started process (PID=13233) to work on /home/airflow/.local/lib/python3.12/site-packages/airflow/example_dags/example_display_name.py
[2024-09-09T08:27:21.337+0000] {processor.py:914} INFO - Processing file /home/airflow/.local/lib/python3.12/site-packages/airflow/example_dags/example_display_name.py for tasks to queue
[2024-09-09T08:27:21.339+0000] {logging_mixin.py:190} INFO - [2024-09-09T08:27:21.339+0000] {dagbag.py:587} INFO - Filling up the DagBag from /home/airflow/.local/lib/python3.12/site-packages/airflow/example_dags/example_display_name.py
[2024-09-09T08:27:21.346+0000] {processor.py:925} INFO - DAG(s) 'example_display_name' retrieved from /home/airflow/.local/lib/python3.12/site-packages/airflow/example_dags/example_display_name.py
[2024-09-09T08:27:21.364+0000] {logging_mixin.py:190} INFO - [2024-09-09T08:27:21.364+0000] {dag.py:3229} INFO - Sync 1 DAGs
[2024-09-09T08:27:21.376+0000] {logging_mixin.py:190} INFO - [2024-09-09T08:27:21.376+0000] {dag.py:4156} INFO - Setting next_dagrun for example_display_name to None, run_after=None
[2024-09-09T08:27:21.394+0000] {processor.py:208} INFO - Processing /home/airflow/.local/lib/python3.12/site-packages/airflow/example_dags/example_display_name.py took 0.063 seconds
[2024-09-09T08:27:52.529+0000] {processor.py:186} INFO - Started process (PID=13519) to work on /home/airflow/.local/lib/python3.12/site-packages/airflow/example_dags/example_display_name.py
[2024-09-09T08:27:52.530+0000] {processor.py:914} INFO - Processing file /home/airflow/.local/lib/python3.12/site-packages/airflow/example_dags/example_display_name.py for tasks to queue
[2024-09-09T08:27:52.532+0000] {logging_mixin.py:190} INFO - [2024-09-09T08:27:52.532+0000] {dagbag.py:587} INFO - Filling up the DagBag from /home/airflow/.local/lib/python3.12/site-packages/airflow/example_dags/example_display_name.py
[2024-09-09T08:27:52.540+0000] {processor.py:925} INFO - DAG(s) 'example_display_name' retrieved from /home/airflow/.local/lib/python3.12/site-packages/airflow/example_dags/example_display_name.py
[2024-09-09T08:27:52.559+0000] {logging_mixin.py:190} INFO - [2024-09-09T08:27:52.559+0000] {dag.py:3229} INFO - Sync 1 DAGs
[2024-09-09T08:27:52.577+0000] {logging_mixin.py:190} INFO - [2024-09-09T08:27:52.577+0000] {dag.py:4156} INFO - Setting next_dagrun for example_display_name to None, run_after=None
[2024-09-09T08:27:52.599+0000] {processor.py:208} INFO - Processing /home/airflow/.local/lib/python3.12/site-packages/airflow/example_dags/example_display_name.py took 0.077 seconds
[2024-09-09T08:28:25.626+0000] {processor.py:186} INFO - Started process (PID=13805) to work on /home/airflow/.local/lib/python3.12/site-packages/airflow/example_dags/example_display_name.py
[2024-09-09T08:28:25.628+0000] {processor.py:914} INFO - Processing file /home/airflow/.local/lib/python3.12/site-packages/airflow/example_dags/example_display_name.py for tasks to queue
[2024-09-09T08:28:25.631+0000] {logging_mixin.py:190} INFO - [2024-09-09T08:28:25.630+0000] {dagbag.py:587} INFO - Filling up the DagBag from /home/airflow/.local/lib/python3.12/site-packages/airflow/example_dags/example_display_name.py
[2024-09-09T08:28:25.640+0000] {processor.py:925} INFO - DAG(s) 'example_display_name' retrieved from /home/airflow/.local/lib/python3.12/site-packages/airflow/example_dags/example_display_name.py
[2024-09-09T08:28:25.664+0000] {logging_mixin.py:190} INFO - [2024-09-09T08:28:25.664+0000] {dag.py:3229} INFO - Sync 1 DAGs
[2024-09-09T08:28:25.684+0000] {logging_mixin.py:190} INFO - [2024-09-09T08:28:25.683+0000] {dag.py:4156} INFO - Setting next_dagrun for example_display_name to None, run_after=None
[2024-09-09T08:28:25.722+0000] {processor.py:208} INFO - Processing /home/airflow/.local/lib/python3.12/site-packages/airflow/example_dags/example_display_name.py took 0.105 seconds
[2024-09-09T08:28:57.082+0000] {processor.py:186} INFO - Started process (PID=14093) to work on /home/airflow/.local/lib/python3.12/site-packages/airflow/example_dags/example_display_name.py
[2024-09-09T08:28:57.084+0000] {processor.py:914} INFO - Processing file /home/airflow/.local/lib/python3.12/site-packages/airflow/example_dags/example_display_name.py for tasks to queue
[2024-09-09T08:28:57.088+0000] {logging_mixin.py:190} INFO - [2024-09-09T08:28:57.087+0000] {dagbag.py:587} INFO - Filling up the DagBag from /home/airflow/.local/lib/python3.12/site-packages/airflow/example_dags/example_display_name.py
[2024-09-09T08:28:57.099+0000] {processor.py:925} INFO - DAG(s) 'example_display_name' retrieved from /home/airflow/.local/lib/python3.12/site-packages/airflow/example_dags/example_display_name.py
[2024-09-09T08:28:57.126+0000] {logging_mixin.py:190} INFO - [2024-09-09T08:28:57.126+0000] {dag.py:3229} INFO - Sync 1 DAGs
[2024-09-09T08:28:57.156+0000] {logging_mixin.py:190} INFO - [2024-09-09T08:28:57.155+0000] {dag.py:4156} INFO - Setting next_dagrun for example_display_name to None, run_after=None
[2024-09-09T08:28:57.208+0000] {processor.py:208} INFO - Processing /home/airflow/.local/lib/python3.12/site-packages/airflow/example_dags/example_display_name.py took 0.135 seconds
[2024-09-09T08:29:28.040+0000] {processor.py:186} INFO - Started process (PID=14379) to work on /home/airflow/.local/lib/python3.12/site-packages/airflow/example_dags/example_display_name.py
[2024-09-09T08:29:28.041+0000] {processor.py:914} INFO - Processing file /home/airflow/.local/lib/python3.12/site-packages/airflow/example_dags/example_display_name.py for tasks to queue
[2024-09-09T08:29:28.045+0000] {logging_mixin.py:190} INFO - [2024-09-09T08:29:28.044+0000] {dagbag.py:587} INFO - Filling up the DagBag from /home/airflow/.local/lib/python3.12/site-packages/airflow/example_dags/example_display_name.py
[2024-09-09T08:29:28.054+0000] {processor.py:925} INFO - DAG(s) 'example_display_name' retrieved from /home/airflow/.local/lib/python3.12/site-packages/airflow/example_dags/example_display_name.py
[2024-09-09T08:29:28.076+0000] {logging_mixin.py:190} INFO - [2024-09-09T08:29:28.076+0000] {dag.py:3229} INFO - Sync 1 DAGs
[2024-09-09T08:29:28.095+0000] {logging_mixin.py:190} INFO - [2024-09-09T08:29:28.095+0000] {dag.py:4156} INFO - Setting next_dagrun for example_display_name to None, run_after=None
[2024-09-09T08:29:28.121+0000] {processor.py:208} INFO - Processing /home/airflow/.local/lib/python3.12/site-packages/airflow/example_dags/example_display_name.py took 0.090 seconds
[2024-09-09T08:29:58.319+0000] {processor.py:186} INFO - Started process (PID=14663) to work on /home/airflow/.local/lib/python3.12/site-packages/airflow/example_dags/example_display_name.py
[2024-09-09T08:29:58.321+0000] {processor.py:914} INFO - Processing file /home/airflow/.local/lib/python3.12/site-packages/airflow/example_dags/example_display_name.py for tasks to queue
[2024-09-09T08:29:58.325+0000] {logging_mixin.py:190} INFO - [2024-09-09T08:29:58.325+0000] {dagbag.py:587} INFO - Filling up the DagBag from /home/airflow/.local/lib/python3.12/site-packages/airflow/example_dags/example_display_name.py
[2024-09-09T08:29:58.335+0000] {processor.py:925} INFO - DAG(s) 'example_display_name' retrieved from /home/airflow/.local/lib/python3.12/site-packages/airflow/example_dags/example_display_name.py
[2024-09-09T08:29:58.357+0000] {logging_mixin.py:190} INFO - [2024-09-09T08:29:58.357+0000] {dag.py:3229} INFO - Sync 1 DAGs
[2024-09-09T08:29:58.374+0000] {logging_mixin.py:190} INFO - [2024-09-09T08:29:58.373+0000] {dag.py:4156} INFO - Setting next_dagrun for example_display_name to None, run_after=None
[2024-09-09T08:29:58.400+0000] {processor.py:208} INFO - Processing /home/airflow/.local/lib/python3.12/site-packages/airflow/example_dags/example_display_name.py took 0.089 seconds
[2024-09-09T08:30:28.846+0000] {processor.py:186} INFO - Started process (PID=14949) to work on /home/airflow/.local/lib/python3.12/site-packages/airflow/example_dags/example_display_name.py
[2024-09-09T08:30:28.847+0000] {processor.py:914} INFO - Processing file /home/airflow/.local/lib/python3.12/site-packages/airflow/example_dags/example_display_name.py for tasks to queue
[2024-09-09T08:30:28.851+0000] {logging_mixin.py:190} INFO - [2024-09-09T08:30:28.850+0000] {dagbag.py:587} INFO - Filling up the DagBag from /home/airflow/.local/lib/python3.12/site-packages/airflow/example_dags/example_display_name.py
[2024-09-09T08:30:28.860+0000] {processor.py:925} INFO - DAG(s) 'example_display_name' retrieved from /home/airflow/.local/lib/python3.12/site-packages/airflow/example_dags/example_display_name.py
[2024-09-09T08:30:28.884+0000] {logging_mixin.py:190} INFO - [2024-09-09T08:30:28.883+0000] {dag.py:3229} INFO - Sync 1 DAGs
[2024-09-09T08:30:28.900+0000] {logging_mixin.py:190} INFO - [2024-09-09T08:30:28.900+0000] {dag.py:4156} INFO - Setting next_dagrun for example_display_name to None, run_after=None
[2024-09-09T08:30:28.922+0000] {processor.py:208} INFO - Processing /home/airflow/.local/lib/python3.12/site-packages/airflow/example_dags/example_display_name.py took 0.082 seconds
[2024-09-09T08:31:00.172+0000] {processor.py:186} INFO - Started process (PID=15235) to work on /home/airflow/.local/lib/python3.12/site-packages/airflow/example_dags/example_display_name.py
[2024-09-09T08:31:00.174+0000] {processor.py:914} INFO - Processing file /home/airflow/.local/lib/python3.12/site-packages/airflow/example_dags/example_display_name.py for tasks to queue
[2024-09-09T08:31:00.178+0000] {logging_mixin.py:190} INFO - [2024-09-09T08:31:00.177+0000] {dagbag.py:587} INFO - Filling up the DagBag from /home/airflow/.local/lib/python3.12/site-packages/airflow/example_dags/example_display_name.py
[2024-09-09T08:31:00.191+0000] {processor.py:925} INFO - DAG(s) 'example_display_name' retrieved from /home/airflow/.local/lib/python3.12/site-packages/airflow/example_dags/example_display_name.py
[2024-09-09T08:31:00.217+0000] {logging_mixin.py:190} INFO - [2024-09-09T08:31:00.216+0000] {dag.py:3229} INFO - Sync 1 DAGs
[2024-09-09T08:31:00.238+0000] {logging_mixin.py:190} INFO - [2024-09-09T08:31:00.237+0000] {dag.py:4156} INFO - Setting next_dagrun for example_display_name to None, run_after=None
[2024-09-09T08:31:00.261+0000] {processor.py:208} INFO - Processing /home/airflow/.local/lib/python3.12/site-packages/airflow/example_dags/example_display_name.py took 0.097 seconds
[2024-09-09T08:31:31.954+0000] {processor.py:186} INFO - Started process (PID=15523) to work on /home/airflow/.local/lib/python3.12/site-packages/airflow/example_dags/example_display_name.py
[2024-09-09T08:31:31.955+0000] {processor.py:914} INFO - Processing file /home/airflow/.local/lib/python3.12/site-packages/airflow/example_dags/example_display_name.py for tasks to queue
[2024-09-09T08:31:31.958+0000] {logging_mixin.py:190} INFO - [2024-09-09T08:31:31.957+0000] {dagbag.py:587} INFO - Filling up the DagBag from /home/airflow/.local/lib/python3.12/site-packages/airflow/example_dags/example_display_name.py
[2024-09-09T08:31:31.966+0000] {processor.py:925} INFO - DAG(s) 'example_display_name' retrieved from /home/airflow/.local/lib/python3.12/site-packages/airflow/example_dags/example_display_name.py
[2024-09-09T08:31:31.987+0000] {logging_mixin.py:190} INFO - [2024-09-09T08:31:31.986+0000] {dag.py:3229} INFO - Sync 1 DAGs
[2024-09-09T08:31:32.002+0000] {logging_mixin.py:190} INFO - [2024-09-09T08:31:32.002+0000] {dag.py:4156} INFO - Setting next_dagrun for example_display_name to None, run_after=None
[2024-09-09T08:31:32.165+0000] {processor.py:208} INFO - Processing /home/airflow/.local/lib/python3.12/site-packages/airflow/example_dags/example_display_name.py took 0.216 seconds
[2024-09-09T08:32:03.060+0000] {processor.py:186} INFO - Started process (PID=15809) to work on /home/airflow/.local/lib/python3.12/site-packages/airflow/example_dags/example_display_name.py
[2024-09-09T08:32:03.061+0000] {processor.py:914} INFO - Processing file /home/airflow/.local/lib/python3.12/site-packages/airflow/example_dags/example_display_name.py for tasks to queue
[2024-09-09T08:32:03.063+0000] {logging_mixin.py:190} INFO - [2024-09-09T08:32:03.063+0000] {dagbag.py:587} INFO - Filling up the DagBag from /home/airflow/.local/lib/python3.12/site-packages/airflow/example_dags/example_display_name.py
[2024-09-09T08:32:03.070+0000] {processor.py:925} INFO - DAG(s) 'example_display_name' retrieved from /home/airflow/.local/lib/python3.12/site-packages/airflow/example_dags/example_display_name.py
[2024-09-09T08:32:03.087+0000] {logging_mixin.py:190} INFO - [2024-09-09T08:32:03.087+0000] {dag.py:3229} INFO - Sync 1 DAGs
[2024-09-09T08:32:03.099+0000] {logging_mixin.py:190} INFO - [2024-09-09T08:32:03.099+0000] {dag.py:4156} INFO - Setting next_dagrun for example_display_name to None, run_after=None
[2024-09-09T08:32:03.119+0000] {processor.py:208} INFO - Processing /home/airflow/.local/lib/python3.12/site-packages/airflow/example_dags/example_display_name.py took 0.063 seconds
[2024-09-09T08:32:34.325+0000] {processor.py:186} INFO - Started process (PID=16093) to work on /home/airflow/.local/lib/python3.12/site-packages/airflow/example_dags/example_display_name.py
[2024-09-09T08:32:34.327+0000] {processor.py:914} INFO - Processing file /home/airflow/.local/lib/python3.12/site-packages/airflow/example_dags/example_display_name.py for tasks to queue
[2024-09-09T08:32:34.330+0000] {logging_mixin.py:190} INFO - [2024-09-09T08:32:34.330+0000] {dagbag.py:587} INFO - Filling up the DagBag from /home/airflow/.local/lib/python3.12/site-packages/airflow/example_dags/example_display_name.py
[2024-09-09T08:32:34.344+0000] {processor.py:925} INFO - DAG(s) 'example_display_name' retrieved from /home/airflow/.local/lib/python3.12/site-packages/airflow/example_dags/example_display_name.py
[2024-09-09T08:32:34.383+0000] {logging_mixin.py:190} INFO - [2024-09-09T08:32:34.382+0000] {dag.py:3229} INFO - Sync 1 DAGs
[2024-09-09T08:32:34.416+0000] {logging_mixin.py:190} INFO - [2024-09-09T08:32:34.415+0000] {dag.py:4156} INFO - Setting next_dagrun for example_display_name to None, run_after=None
[2024-09-09T08:32:34.477+0000] {processor.py:208} INFO - Processing /home/airflow/.local/lib/python3.12/site-packages/airflow/example_dags/example_display_name.py took 0.161 seconds
[2024-09-09T08:33:04.591+0000] {processor.py:186} INFO - Started process (PID=16380) to work on /home/airflow/.local/lib/python3.12/site-packages/airflow/example_dags/example_display_name.py
[2024-09-09T08:33:04.592+0000] {processor.py:914} INFO - Processing file /home/airflow/.local/lib/python3.12/site-packages/airflow/example_dags/example_display_name.py for tasks to queue
[2024-09-09T08:33:04.595+0000] {logging_mixin.py:190} INFO - [2024-09-09T08:33:04.595+0000] {dagbag.py:587} INFO - Filling up the DagBag from /home/airflow/.local/lib/python3.12/site-packages/airflow/example_dags/example_display_name.py
[2024-09-09T08:33:04.604+0000] {processor.py:925} INFO - DAG(s) 'example_display_name' retrieved from /home/airflow/.local/lib/python3.12/site-packages/airflow/example_dags/example_display_name.py
[2024-09-09T08:33:04.624+0000] {logging_mixin.py:190} INFO - [2024-09-09T08:33:04.623+0000] {dag.py:3229} INFO - Sync 1 DAGs
[2024-09-09T08:33:04.640+0000] {logging_mixin.py:190} INFO - [2024-09-09T08:33:04.639+0000] {dag.py:4156} INFO - Setting next_dagrun for example_display_name to None, run_after=None
[2024-09-09T08:33:04.662+0000] {processor.py:208} INFO - Processing /home/airflow/.local/lib/python3.12/site-packages/airflow/example_dags/example_display_name.py took 0.077 seconds
[2024-09-09T08:33:35.450+0000] {processor.py:186} INFO - Started process (PID=16664) to work on /home/airflow/.local/lib/python3.12/site-packages/airflow/example_dags/example_display_name.py
[2024-09-09T08:33:35.451+0000] {processor.py:914} INFO - Processing file /home/airflow/.local/lib/python3.12/site-packages/airflow/example_dags/example_display_name.py for tasks to queue
[2024-09-09T08:33:35.454+0000] {logging_mixin.py:190} INFO - [2024-09-09T08:33:35.454+0000] {dagbag.py:587} INFO - Filling up the DagBag from /home/airflow/.local/lib/python3.12/site-packages/airflow/example_dags/example_display_name.py
[2024-09-09T08:33:35.463+0000] {processor.py:925} INFO - DAG(s) 'example_display_name' retrieved from /home/airflow/.local/lib/python3.12/site-packages/airflow/example_dags/example_display_name.py
[2024-09-09T08:33:35.486+0000] {logging_mixin.py:190} INFO - [2024-09-09T08:33:35.485+0000] {dag.py:3229} INFO - Sync 1 DAGs
[2024-09-09T08:33:35.503+0000] {logging_mixin.py:190} INFO - [2024-09-09T08:33:35.503+0000] {dag.py:4156} INFO - Setting next_dagrun for example_display_name to None, run_after=None
[2024-09-09T08:33:35.526+0000] {processor.py:208} INFO - Processing /home/airflow/.local/lib/python3.12/site-packages/airflow/example_dags/example_display_name.py took 0.082 seconds
[2024-09-09T08:34:07.302+0000] {processor.py:186} INFO - Started process (PID=16950) to work on /home/airflow/.local/lib/python3.12/site-packages/airflow/example_dags/example_display_name.py
[2024-09-09T08:34:07.303+0000] {processor.py:914} INFO - Processing file /home/airflow/.local/lib/python3.12/site-packages/airflow/example_dags/example_display_name.py for tasks to queue
[2024-09-09T08:34:07.305+0000] {logging_mixin.py:190} INFO - [2024-09-09T08:34:07.305+0000] {dagbag.py:587} INFO - Filling up the DagBag from /home/airflow/.local/lib/python3.12/site-packages/airflow/example_dags/example_display_name.py
[2024-09-09T08:34:07.312+0000] {processor.py:925} INFO - DAG(s) 'example_display_name' retrieved from /home/airflow/.local/lib/python3.12/site-packages/airflow/example_dags/example_display_name.py
[2024-09-09T08:34:07.479+0000] {logging_mixin.py:190} INFO - [2024-09-09T08:34:07.479+0000] {dag.py:3229} INFO - Sync 1 DAGs
[2024-09-09T08:34:07.490+0000] {logging_mixin.py:190} INFO - [2024-09-09T08:34:07.490+0000] {dag.py:4156} INFO - Setting next_dagrun for example_display_name to None, run_after=None
[2024-09-09T08:34:07.513+0000] {processor.py:208} INFO - Processing /home/airflow/.local/lib/python3.12/site-packages/airflow/example_dags/example_display_name.py took 0.217 seconds
[2024-09-09T08:34:38.061+0000] {processor.py:186} INFO - Started process (PID=17238) to work on /home/airflow/.local/lib/python3.12/site-packages/airflow/example_dags/example_display_name.py
[2024-09-09T08:34:38.062+0000] {processor.py:914} INFO - Processing file /home/airflow/.local/lib/python3.12/site-packages/airflow/example_dags/example_display_name.py for tasks to queue
[2024-09-09T08:34:38.064+0000] {logging_mixin.py:190} INFO - [2024-09-09T08:34:38.063+0000] {dagbag.py:587} INFO - Filling up the DagBag from /home/airflow/.local/lib/python3.12/site-packages/airflow/example_dags/example_display_name.py
[2024-09-09T08:34:38.070+0000] {processor.py:925} INFO - DAG(s) 'example_display_name' retrieved from /home/airflow/.local/lib/python3.12/site-packages/airflow/example_dags/example_display_name.py
[2024-09-09T08:34:38.087+0000] {logging_mixin.py:190} INFO - [2024-09-09T08:34:38.087+0000] {dag.py:3229} INFO - Sync 1 DAGs
[2024-09-09T08:34:38.100+0000] {logging_mixin.py:190} INFO - [2024-09-09T08:34:38.100+0000] {dag.py:4156} INFO - Setting next_dagrun for example_display_name to None, run_after=None
[2024-09-09T08:34:38.118+0000] {processor.py:208} INFO - Processing /home/airflow/.local/lib/python3.12/site-packages/airflow/example_dags/example_display_name.py took 0.063 seconds
[2024-09-09T08:35:08.687+0000] {processor.py:186} INFO - Started process (PID=17522) to work on /home/airflow/.local/lib/python3.12/site-packages/airflow/example_dags/example_display_name.py
[2024-09-09T08:35:08.689+0000] {processor.py:914} INFO - Processing file /home/airflow/.local/lib/python3.12/site-packages/airflow/example_dags/example_display_name.py for tasks to queue
[2024-09-09T08:35:08.691+0000] {logging_mixin.py:190} INFO - [2024-09-09T08:35:08.690+0000] {dagbag.py:587} INFO - Filling up the DagBag from /home/airflow/.local/lib/python3.12/site-packages/airflow/example_dags/example_display_name.py
[2024-09-09T08:35:08.697+0000] {processor.py:925} INFO - DAG(s) 'example_display_name' retrieved from /home/airflow/.local/lib/python3.12/site-packages/airflow/example_dags/example_display_name.py
[2024-09-09T08:35:08.717+0000] {logging_mixin.py:190} INFO - [2024-09-09T08:35:08.716+0000] {dag.py:3229} INFO - Sync 1 DAGs
[2024-09-09T08:35:08.729+0000] {logging_mixin.py:190} INFO - [2024-09-09T08:35:08.729+0000] {dag.py:4156} INFO - Setting next_dagrun for example_display_name to None, run_after=None
[2024-09-09T08:35:08.749+0000] {processor.py:208} INFO - Processing /home/airflow/.local/lib/python3.12/site-packages/airflow/example_dags/example_display_name.py took 0.067 seconds
[2024-09-09T08:35:39.094+0000] {processor.py:186} INFO - Started process (PID=17808) to work on /home/airflow/.local/lib/python3.12/site-packages/airflow/example_dags/example_display_name.py
[2024-09-09T08:35:39.095+0000] {processor.py:914} INFO - Processing file /home/airflow/.local/lib/python3.12/site-packages/airflow/example_dags/example_display_name.py for tasks to queue
[2024-09-09T08:35:39.098+0000] {logging_mixin.py:190} INFO - [2024-09-09T08:35:39.097+0000] {dagbag.py:587} INFO - Filling up the DagBag from /home/airflow/.local/lib/python3.12/site-packages/airflow/example_dags/example_display_name.py
[2024-09-09T08:35:39.106+0000] {processor.py:925} INFO - DAG(s) 'example_display_name' retrieved from /home/airflow/.local/lib/python3.12/site-packages/airflow/example_dags/example_display_name.py
[2024-09-09T08:35:39.125+0000] {logging_mixin.py:190} INFO - [2024-09-09T08:35:39.124+0000] {dag.py:3229} INFO - Sync 1 DAGs
[2024-09-09T08:35:39.139+0000] {logging_mixin.py:190} INFO - [2024-09-09T08:35:39.139+0000] {dag.py:4156} INFO - Setting next_dagrun for example_display_name to None, run_after=None
[2024-09-09T08:35:39.160+0000] {processor.py:208} INFO - Processing /home/airflow/.local/lib/python3.12/site-packages/airflow/example_dags/example_display_name.py took 0.073 seconds
[2024-09-09T08:36:10.398+0000] {processor.py:186} INFO - Started process (PID=18094) to work on /home/airflow/.local/lib/python3.12/site-packages/airflow/example_dags/example_display_name.py
[2024-09-09T08:36:10.399+0000] {processor.py:914} INFO - Processing file /home/airflow/.local/lib/python3.12/site-packages/airflow/example_dags/example_display_name.py for tasks to queue
[2024-09-09T08:36:10.403+0000] {logging_mixin.py:190} INFO - [2024-09-09T08:36:10.402+0000] {dagbag.py:587} INFO - Filling up the DagBag from /home/airflow/.local/lib/python3.12/site-packages/airflow/example_dags/example_display_name.py
[2024-09-09T08:36:10.417+0000] {processor.py:925} INFO - DAG(s) 'example_display_name' retrieved from /home/airflow/.local/lib/python3.12/site-packages/airflow/example_dags/example_display_name.py
[2024-09-09T08:36:10.448+0000] {logging_mixin.py:190} INFO - [2024-09-09T08:36:10.447+0000] {dag.py:3229} INFO - Sync 1 DAGs
[2024-09-09T08:36:10.484+0000] {logging_mixin.py:190} INFO - [2024-09-09T08:36:10.484+0000] {dag.py:4156} INFO - Setting next_dagrun for example_display_name to None, run_after=None
[2024-09-09T08:36:10.519+0000] {processor.py:208} INFO - Processing /home/airflow/.local/lib/python3.12/site-packages/airflow/example_dags/example_display_name.py took 0.129 seconds
[2024-09-09T08:36:41.283+0000] {processor.py:186} INFO - Started process (PID=18382) to work on /home/airflow/.local/lib/python3.12/site-packages/airflow/example_dags/example_display_name.py
[2024-09-09T08:36:41.284+0000] {processor.py:914} INFO - Processing file /home/airflow/.local/lib/python3.12/site-packages/airflow/example_dags/example_display_name.py for tasks to queue
[2024-09-09T08:36:41.286+0000] {logging_mixin.py:190} INFO - [2024-09-09T08:36:41.286+0000] {dagbag.py:587} INFO - Filling up the DagBag from /home/airflow/.local/lib/python3.12/site-packages/airflow/example_dags/example_display_name.py
[2024-09-09T08:36:41.293+0000] {processor.py:925} INFO - DAG(s) 'example_display_name' retrieved from /home/airflow/.local/lib/python3.12/site-packages/airflow/example_dags/example_display_name.py
[2024-09-09T08:36:41.314+0000] {logging_mixin.py:190} INFO - [2024-09-09T08:36:41.313+0000] {dag.py:3229} INFO - Sync 1 DAGs
[2024-09-09T08:36:41.340+0000] {logging_mixin.py:190} INFO - [2024-09-09T08:36:41.340+0000] {dag.py:4156} INFO - Setting next_dagrun for example_display_name to None, run_after=None
[2024-09-09T08:36:41.365+0000] {processor.py:208} INFO - Processing /home/airflow/.local/lib/python3.12/site-packages/airflow/example_dags/example_display_name.py took 0.086 seconds
[2024-09-09T08:37:12.325+0000] {processor.py:186} INFO - Started process (PID=18668) to work on /home/airflow/.local/lib/python3.12/site-packages/airflow/example_dags/example_display_name.py
[2024-09-09T08:37:12.326+0000] {processor.py:914} INFO - Processing file /home/airflow/.local/lib/python3.12/site-packages/airflow/example_dags/example_display_name.py for tasks to queue
[2024-09-09T08:37:12.329+0000] {logging_mixin.py:190} INFO - [2024-09-09T08:37:12.328+0000] {dagbag.py:587} INFO - Filling up the DagBag from /home/airflow/.local/lib/python3.12/site-packages/airflow/example_dags/example_display_name.py
[2024-09-09T08:37:12.338+0000] {processor.py:925} INFO - DAG(s) 'example_display_name' retrieved from /home/airflow/.local/lib/python3.12/site-packages/airflow/example_dags/example_display_name.py
[2024-09-09T08:37:12.359+0000] {logging_mixin.py:190} INFO - [2024-09-09T08:37:12.359+0000] {dag.py:3229} INFO - Sync 1 DAGs
[2024-09-09T08:37:12.376+0000] {logging_mixin.py:190} INFO - [2024-09-09T08:37:12.376+0000] {dag.py:4156} INFO - Setting next_dagrun for example_display_name to None, run_after=None
[2024-09-09T08:37:12.400+0000] {processor.py:208} INFO - Processing /home/airflow/.local/lib/python3.12/site-packages/airflow/example_dags/example_display_name.py took 0.083 seconds
[2024-09-09T08:37:42.887+0000] {processor.py:186} INFO - Started process (PID=18952) to work on /home/airflow/.local/lib/python3.12/site-packages/airflow/example_dags/example_display_name.py
[2024-09-09T08:37:42.888+0000] {processor.py:914} INFO - Processing file /home/airflow/.local/lib/python3.12/site-packages/airflow/example_dags/example_display_name.py for tasks to queue
[2024-09-09T08:37:42.890+0000] {logging_mixin.py:190} INFO - [2024-09-09T08:37:42.890+0000] {dagbag.py:587} INFO - Filling up the DagBag from /home/airflow/.local/lib/python3.12/site-packages/airflow/example_dags/example_display_name.py
[2024-09-09T08:37:42.899+0000] {processor.py:925} INFO - DAG(s) 'example_display_name' retrieved from /home/airflow/.local/lib/python3.12/site-packages/airflow/example_dags/example_display_name.py
[2024-09-09T08:37:42.917+0000] {logging_mixin.py:190} INFO - [2024-09-09T08:37:42.916+0000] {dag.py:3229} INFO - Sync 1 DAGs
[2024-09-09T08:37:42.931+0000] {logging_mixin.py:190} INFO - [2024-09-09T08:37:42.931+0000] {dag.py:4156} INFO - Setting next_dagrun for example_display_name to None, run_after=None
[2024-09-09T08:37:42.951+0000] {processor.py:208} INFO - Processing /home/airflow/.local/lib/python3.12/site-packages/airflow/example_dags/example_display_name.py took 0.069 seconds
[2024-09-09T08:38:13.684+0000] {processor.py:186} INFO - Started process (PID=19246) to work on /home/airflow/.local/lib/python3.12/site-packages/airflow/example_dags/example_display_name.py
[2024-09-09T08:38:13.694+0000] {processor.py:914} INFO - Processing file /home/airflow/.local/lib/python3.12/site-packages/airflow/example_dags/example_display_name.py for tasks to queue
[2024-09-09T08:38:13.699+0000] {logging_mixin.py:190} INFO - [2024-09-09T08:38:13.698+0000] {dagbag.py:587} INFO - Filling up the DagBag from /home/airflow/.local/lib/python3.12/site-packages/airflow/example_dags/example_display_name.py
[2024-09-09T08:38:13.716+0000] {processor.py:925} INFO - DAG(s) 'example_display_name' retrieved from /home/airflow/.local/lib/python3.12/site-packages/airflow/example_dags/example_display_name.py
[2024-09-09T08:38:13.742+0000] {logging_mixin.py:190} INFO - [2024-09-09T08:38:13.742+0000] {dag.py:3229} INFO - Sync 1 DAGs
[2024-09-09T08:38:13.757+0000] {logging_mixin.py:190} INFO - [2024-09-09T08:38:13.757+0000] {dag.py:4156} INFO - Setting next_dagrun for example_display_name to None, run_after=None
[2024-09-09T08:38:13.778+0000] {processor.py:208} INFO - Processing /home/airflow/.local/lib/python3.12/site-packages/airflow/example_dags/example_display_name.py took 0.103 seconds
[2024-09-09T08:38:44.692+0000] {processor.py:186} INFO - Started process (PID=19532) to work on /home/airflow/.local/lib/python3.12/site-packages/airflow/example_dags/example_display_name.py
[2024-09-09T08:38:44.693+0000] {processor.py:914} INFO - Processing file /home/airflow/.local/lib/python3.12/site-packages/airflow/example_dags/example_display_name.py for tasks to queue
[2024-09-09T08:38:44.695+0000] {logging_mixin.py:190} INFO - [2024-09-09T08:38:44.695+0000] {dagbag.py:587} INFO - Filling up the DagBag from /home/airflow/.local/lib/python3.12/site-packages/airflow/example_dags/example_display_name.py
[2024-09-09T08:38:44.703+0000] {processor.py:925} INFO - DAG(s) 'example_display_name' retrieved from /home/airflow/.local/lib/python3.12/site-packages/airflow/example_dags/example_display_name.py
[2024-09-09T08:38:44.724+0000] {logging_mixin.py:190} INFO - [2024-09-09T08:38:44.724+0000] {dag.py:3229} INFO - Sync 1 DAGs
[2024-09-09T08:38:44.739+0000] {logging_mixin.py:190} INFO - [2024-09-09T08:38:44.739+0000] {dag.py:4156} INFO - Setting next_dagrun for example_display_name to None, run_after=None
[2024-09-09T08:38:44.761+0000] {processor.py:208} INFO - Processing /home/airflow/.local/lib/python3.12/site-packages/airflow/example_dags/example_display_name.py took 0.075 seconds
[2024-09-09T08:39:15.069+0000] {processor.py:186} INFO - Started process (PID=19816) to work on /home/airflow/.local/lib/python3.12/site-packages/airflow/example_dags/example_display_name.py
[2024-09-09T08:39:15.070+0000] {processor.py:914} INFO - Processing file /home/airflow/.local/lib/python3.12/site-packages/airflow/example_dags/example_display_name.py for tasks to queue
[2024-09-09T08:39:15.074+0000] {logging_mixin.py:190} INFO - [2024-09-09T08:39:15.073+0000] {dagbag.py:587} INFO - Filling up the DagBag from /home/airflow/.local/lib/python3.12/site-packages/airflow/example_dags/example_display_name.py
[2024-09-09T08:39:15.083+0000] {processor.py:925} INFO - DAG(s) 'example_display_name' retrieved from /home/airflow/.local/lib/python3.12/site-packages/airflow/example_dags/example_display_name.py
[2024-09-09T08:39:15.104+0000] {logging_mixin.py:190} INFO - [2024-09-09T08:39:15.104+0000] {dag.py:3229} INFO - Sync 1 DAGs
[2024-09-09T08:39:15.125+0000] {logging_mixin.py:190} INFO - [2024-09-09T08:39:15.125+0000] {dag.py:4156} INFO - Setting next_dagrun for example_display_name to None, run_after=None
[2024-09-09T08:39:15.147+0000] {processor.py:208} INFO - Processing /home/airflow/.local/lib/python3.12/site-packages/airflow/example_dags/example_display_name.py took 0.087 seconds
[2024-09-09T08:39:45.491+0000] {processor.py:186} INFO - Started process (PID=20102) to work on /home/airflow/.local/lib/python3.12/site-packages/airflow/example_dags/example_display_name.py
[2024-09-09T08:39:45.492+0000] {processor.py:914} INFO - Processing file /home/airflow/.local/lib/python3.12/site-packages/airflow/example_dags/example_display_name.py for tasks to queue
[2024-09-09T08:39:45.495+0000] {logging_mixin.py:190} INFO - [2024-09-09T08:39:45.495+0000] {dagbag.py:587} INFO - Filling up the DagBag from /home/airflow/.local/lib/python3.12/site-packages/airflow/example_dags/example_display_name.py
[2024-09-09T08:39:45.503+0000] {processor.py:925} INFO - DAG(s) 'example_display_name' retrieved from /home/airflow/.local/lib/python3.12/site-packages/airflow/example_dags/example_display_name.py
[2024-09-09T08:39:45.521+0000] {logging_mixin.py:190} INFO - [2024-09-09T08:39:45.521+0000] {dag.py:3229} INFO - Sync 1 DAGs
[2024-09-09T08:39:45.536+0000] {logging_mixin.py:190} INFO - [2024-09-09T08:39:45.536+0000] {dag.py:4156} INFO - Setting next_dagrun for example_display_name to None, run_after=None
[2024-09-09T08:39:45.555+0000] {processor.py:208} INFO - Processing /home/airflow/.local/lib/python3.12/site-packages/airflow/example_dags/example_display_name.py took 0.070 seconds
[2024-09-09T08:40:15.801+0000] {processor.py:186} INFO - Started process (PID=20388) to work on /home/airflow/.local/lib/python3.12/site-packages/airflow/example_dags/example_display_name.py
[2024-09-09T08:40:15.802+0000] {processor.py:914} INFO - Processing file /home/airflow/.local/lib/python3.12/site-packages/airflow/example_dags/example_display_name.py for tasks to queue
[2024-09-09T08:40:15.804+0000] {logging_mixin.py:190} INFO - [2024-09-09T08:40:15.804+0000] {dagbag.py:587} INFO - Filling up the DagBag from /home/airflow/.local/lib/python3.12/site-packages/airflow/example_dags/example_display_name.py
[2024-09-09T08:40:15.811+0000] {processor.py:925} INFO - DAG(s) 'example_display_name' retrieved from /home/airflow/.local/lib/python3.12/site-packages/airflow/example_dags/example_display_name.py
[2024-09-09T08:40:15.829+0000] {logging_mixin.py:190} INFO - [2024-09-09T08:40:15.829+0000] {dag.py:3229} INFO - Sync 1 DAGs
[2024-09-09T08:40:15.842+0000] {logging_mixin.py:190} INFO - [2024-09-09T08:40:15.842+0000] {dag.py:4156} INFO - Setting next_dagrun for example_display_name to None, run_after=None
[2024-09-09T08:40:15.862+0000] {processor.py:208} INFO - Processing /home/airflow/.local/lib/python3.12/site-packages/airflow/example_dags/example_display_name.py took 0.065 seconds
[2024-09-09T08:40:46.598+0000] {processor.py:186} INFO - Started process (PID=20674) to work on /home/airflow/.local/lib/python3.12/site-packages/airflow/example_dags/example_display_name.py
[2024-09-09T08:40:46.599+0000] {processor.py:914} INFO - Processing file /home/airflow/.local/lib/python3.12/site-packages/airflow/example_dags/example_display_name.py for tasks to queue
[2024-09-09T08:40:46.601+0000] {logging_mixin.py:190} INFO - [2024-09-09T08:40:46.601+0000] {dagbag.py:587} INFO - Filling up the DagBag from /home/airflow/.local/lib/python3.12/site-packages/airflow/example_dags/example_display_name.py
[2024-09-09T08:40:46.608+0000] {processor.py:925} INFO - DAG(s) 'example_display_name' retrieved from /home/airflow/.local/lib/python3.12/site-packages/airflow/example_dags/example_display_name.py
[2024-09-09T08:40:46.627+0000] {logging_mixin.py:190} INFO - [2024-09-09T08:40:46.627+0000] {dag.py:3229} INFO - Sync 1 DAGs
[2024-09-09T08:40:46.641+0000] {logging_mixin.py:190} INFO - [2024-09-09T08:40:46.641+0000] {dag.py:4156} INFO - Setting next_dagrun for example_display_name to None, run_after=None
[2024-09-09T08:40:46.662+0000] {processor.py:208} INFO - Processing /home/airflow/.local/lib/python3.12/site-packages/airflow/example_dags/example_display_name.py took 0.069 seconds
[2024-09-09T08:41:17.155+0000] {processor.py:186} INFO - Started process (PID=20963) to work on /home/airflow/.local/lib/python3.12/site-packages/airflow/example_dags/example_display_name.py
[2024-09-09T08:41:17.156+0000] {processor.py:914} INFO - Processing file /home/airflow/.local/lib/python3.12/site-packages/airflow/example_dags/example_display_name.py for tasks to queue
[2024-09-09T08:41:17.159+0000] {logging_mixin.py:190} INFO - [2024-09-09T08:41:17.159+0000] {dagbag.py:587} INFO - Filling up the DagBag from /home/airflow/.local/lib/python3.12/site-packages/airflow/example_dags/example_display_name.py
[2024-09-09T08:41:17.168+0000] {processor.py:925} INFO - DAG(s) 'example_display_name' retrieved from /home/airflow/.local/lib/python3.12/site-packages/airflow/example_dags/example_display_name.py
[2024-09-09T08:41:17.190+0000] {logging_mixin.py:190} INFO - [2024-09-09T08:41:17.190+0000] {dag.py:3229} INFO - Sync 1 DAGs
[2024-09-09T08:41:17.207+0000] {logging_mixin.py:190} INFO - [2024-09-09T08:41:17.207+0000] {dag.py:4156} INFO - Setting next_dagrun for example_display_name to None, run_after=None
[2024-09-09T08:41:17.232+0000] {processor.py:208} INFO - Processing /home/airflow/.local/lib/python3.12/site-packages/airflow/example_dags/example_display_name.py took 0.084 seconds
