[2024-09-09T08:04:22.563+0000] {processor.py:186} INFO - Started process (PID=345) to work on /home/airflow/.local/lib/python3.12/site-packages/airflow/example_dags/example_skip_dag.py
[2024-09-09T08:04:22.565+0000] {processor.py:914} INFO - Processing file /home/airflow/.local/lib/python3.12/site-packages/airflow/example_dags/example_skip_dag.py for tasks to queue
[2024-09-09T08:04:22.568+0000] {logging_mixin.py:190} INFO - [2024-09-09T08:04:22.568+0000] {dagbag.py:587} INFO - Filling up the DagBag from /home/airflow/.local/lib/python3.12/site-packages/airflow/example_dags/example_skip_dag.py
[2024-09-09T08:04:22.584+0000] {processor.py:925} INFO - DAG(s) 'example_skip_dag' retrieved from /home/airflow/.local/lib/python3.12/site-packages/airflow/example_dags/example_skip_dag.py
[2024-09-09T08:04:22.767+0000] {logging_mixin.py:190} INFO - [2024-09-09T08:04:22.766+0000] {override.py:1900} INFO - Created Permission View: can edit on DAG:example_skip_dag
[2024-09-09T08:04:22.783+0000] {logging_mixin.py:190} INFO - [2024-09-09T08:04:22.782+0000] {override.py:1900} INFO - Created Permission View: can delete on DAG:example_skip_dag
[2024-09-09T08:04:22.793+0000] {logging_mixin.py:190} INFO - [2024-09-09T08:04:22.792+0000] {override.py:1900} INFO - Created Permission View: can read on DAG:example_skip_dag
[2024-09-09T08:04:22.808+0000] {logging_mixin.py:190} INFO - [2024-09-09T08:04:22.807+0000] {override.py:1900} INFO - Created Permission View: can create on DAG Run:example_skip_dag
[2024-09-09T08:04:22.819+0000] {logging_mixin.py:190} INFO - [2024-09-09T08:04:22.819+0000] {override.py:1900} INFO - Created Permission View: can delete on DAG Run:example_skip_dag
[2024-09-09T08:04:22.829+0000] {logging_mixin.py:190} INFO - [2024-09-09T08:04:22.828+0000] {override.py:1900} INFO - Created Permission View: menu access on DAG Run:example_skip_dag
[2024-09-09T08:04:22.839+0000] {logging_mixin.py:190} INFO - [2024-09-09T08:04:22.839+0000] {override.py:1900} INFO - Created Permission View: can read on DAG Run:example_skip_dag
[2024-09-09T08:04:22.840+0000] {logging_mixin.py:190} INFO - [2024-09-09T08:04:22.840+0000] {dag.py:3229} INFO - Sync 1 DAGs
[2024-09-09T08:04:22.859+0000] {logging_mixin.py:190} INFO - [2024-09-09T08:04:22.859+0000] {dag.py:3252} INFO - Creating ORM DAG for example_skip_dag
[2024-09-09T08:04:22.879+0000] {logging_mixin.py:190} INFO - [2024-09-09T08:04:22.879+0000] {dag.py:4156} INFO - Setting next_dagrun for example_skip_dag to 2024-09-08 00:00:00+00:00, run_after=2024-09-09 00:00:00+00:00
[2024-09-09T08:04:22.924+0000] {processor.py:208} INFO - Processing /home/airflow/.local/lib/python3.12/site-packages/airflow/example_dags/example_skip_dag.py took 0.368 seconds
[2024-09-09T08:04:53.702+0000] {processor.py:186} INFO - Started process (PID=633) to work on /home/airflow/.local/lib/python3.12/site-packages/airflow/example_dags/example_skip_dag.py
[2024-09-09T08:04:53.703+0000] {processor.py:914} INFO - Processing file /home/airflow/.local/lib/python3.12/site-packages/airflow/example_dags/example_skip_dag.py for tasks to queue
[2024-09-09T08:04:53.709+0000] {logging_mixin.py:190} INFO - [2024-09-09T08:04:53.708+0000] {dagbag.py:587} INFO - Filling up the DagBag from /home/airflow/.local/lib/python3.12/site-packages/airflow/example_dags/example_skip_dag.py
[2024-09-09T08:04:53.721+0000] {processor.py:925} INFO - DAG(s) 'example_skip_dag' retrieved from /home/airflow/.local/lib/python3.12/site-packages/airflow/example_dags/example_skip_dag.py
[2024-09-09T08:04:53.755+0000] {logging_mixin.py:190} INFO - [2024-09-09T08:04:53.754+0000] {dag.py:3229} INFO - Sync 1 DAGs
[2024-09-09T08:04:53.791+0000] {logging_mixin.py:190} INFO - [2024-09-09T08:04:53.790+0000] {dag.py:4156} INFO - Setting next_dagrun for example_skip_dag to 2024-09-08 00:00:00+00:00, run_after=2024-09-09 00:00:00+00:00
[2024-09-09T08:04:53.817+0000] {processor.py:208} INFO - Processing /home/airflow/.local/lib/python3.12/site-packages/airflow/example_dags/example_skip_dag.py took 0.125 seconds
[2024-09-09T08:05:24.121+0000] {processor.py:186} INFO - Started process (PID=917) to work on /home/airflow/.local/lib/python3.12/site-packages/airflow/example_dags/example_skip_dag.py
[2024-09-09T08:05:24.123+0000] {processor.py:914} INFO - Processing file /home/airflow/.local/lib/python3.12/site-packages/airflow/example_dags/example_skip_dag.py for tasks to queue
[2024-09-09T08:05:24.128+0000] {logging_mixin.py:190} INFO - [2024-09-09T08:05:24.127+0000] {dagbag.py:587} INFO - Filling up the DagBag from /home/airflow/.local/lib/python3.12/site-packages/airflow/example_dags/example_skip_dag.py
[2024-09-09T08:05:24.141+0000] {processor.py:925} INFO - DAG(s) 'example_skip_dag' retrieved from /home/airflow/.local/lib/python3.12/site-packages/airflow/example_dags/example_skip_dag.py
[2024-09-09T08:05:24.176+0000] {logging_mixin.py:190} INFO - [2024-09-09T08:05:24.175+0000] {dag.py:3229} INFO - Sync 1 DAGs
[2024-09-09T08:05:24.209+0000] {logging_mixin.py:190} INFO - [2024-09-09T08:05:24.209+0000] {dag.py:4156} INFO - Setting next_dagrun for example_skip_dag to 2024-09-08 00:00:00+00:00, run_after=2024-09-09 00:00:00+00:00
[2024-09-09T08:05:24.240+0000] {processor.py:208} INFO - Processing /home/airflow/.local/lib/python3.12/site-packages/airflow/example_dags/example_skip_dag.py took 0.129 seconds
[2024-09-09T08:05:55.203+0000] {processor.py:186} INFO - Started process (PID=1203) to work on /home/airflow/.local/lib/python3.12/site-packages/airflow/example_dags/example_skip_dag.py
[2024-09-09T08:05:55.204+0000] {processor.py:914} INFO - Processing file /home/airflow/.local/lib/python3.12/site-packages/airflow/example_dags/example_skip_dag.py for tasks to queue
[2024-09-09T08:05:55.208+0000] {logging_mixin.py:190} INFO - [2024-09-09T08:05:55.208+0000] {dagbag.py:587} INFO - Filling up the DagBag from /home/airflow/.local/lib/python3.12/site-packages/airflow/example_dags/example_skip_dag.py
[2024-09-09T08:05:55.224+0000] {processor.py:925} INFO - DAG(s) 'example_skip_dag' retrieved from /home/airflow/.local/lib/python3.12/site-packages/airflow/example_dags/example_skip_dag.py
[2024-09-09T08:05:55.257+0000] {logging_mixin.py:190} INFO - [2024-09-09T08:05:55.257+0000] {dag.py:3229} INFO - Sync 1 DAGs
[2024-09-09T08:05:55.296+0000] {logging_mixin.py:190} INFO - [2024-09-09T08:05:55.295+0000] {dag.py:4156} INFO - Setting next_dagrun for example_skip_dag to 2024-09-08 00:00:00+00:00, run_after=2024-09-09 00:00:00+00:00
[2024-09-09T08:05:55.327+0000] {processor.py:208} INFO - Processing /home/airflow/.local/lib/python3.12/site-packages/airflow/example_dags/example_skip_dag.py took 0.134 seconds
[2024-09-09T08:06:26.114+0000] {processor.py:186} INFO - Started process (PID=1489) to work on /home/airflow/.local/lib/python3.12/site-packages/airflow/example_dags/example_skip_dag.py
[2024-09-09T08:06:26.116+0000] {processor.py:914} INFO - Processing file /home/airflow/.local/lib/python3.12/site-packages/airflow/example_dags/example_skip_dag.py for tasks to queue
[2024-09-09T08:06:26.118+0000] {logging_mixin.py:190} INFO - [2024-09-09T08:06:26.118+0000] {dagbag.py:587} INFO - Filling up the DagBag from /home/airflow/.local/lib/python3.12/site-packages/airflow/example_dags/example_skip_dag.py
[2024-09-09T08:06:26.126+0000] {processor.py:925} INFO - DAG(s) 'example_skip_dag' retrieved from /home/airflow/.local/lib/python3.12/site-packages/airflow/example_dags/example_skip_dag.py
[2024-09-09T08:06:26.152+0000] {logging_mixin.py:190} INFO - [2024-09-09T08:06:26.152+0000] {dag.py:3229} INFO - Sync 1 DAGs
[2024-09-09T08:06:26.176+0000] {logging_mixin.py:190} INFO - [2024-09-09T08:06:26.175+0000] {dag.py:4156} INFO - Setting next_dagrun for example_skip_dag to 2024-09-08 00:00:00+00:00, run_after=2024-09-09 00:00:00+00:00
[2024-09-09T08:06:26.199+0000] {processor.py:208} INFO - Processing /home/airflow/.local/lib/python3.12/site-packages/airflow/example_dags/example_skip_dag.py took 0.090 seconds
[2024-09-09T08:06:56.811+0000] {processor.py:186} INFO - Started process (PID=1775) to work on /home/airflow/.local/lib/python3.12/site-packages/airflow/example_dags/example_skip_dag.py
[2024-09-09T08:06:56.813+0000] {processor.py:914} INFO - Processing file /home/airflow/.local/lib/python3.12/site-packages/airflow/example_dags/example_skip_dag.py for tasks to queue
[2024-09-09T08:06:56.815+0000] {logging_mixin.py:190} INFO - [2024-09-09T08:06:56.815+0000] {dagbag.py:587} INFO - Filling up the DagBag from /home/airflow/.local/lib/python3.12/site-packages/airflow/example_dags/example_skip_dag.py
[2024-09-09T08:06:56.822+0000] {processor.py:925} INFO - DAG(s) 'example_skip_dag' retrieved from /home/airflow/.local/lib/python3.12/site-packages/airflow/example_dags/example_skip_dag.py
[2024-09-09T08:06:56.841+0000] {logging_mixin.py:190} INFO - [2024-09-09T08:06:56.840+0000] {dag.py:3229} INFO - Sync 1 DAGs
[2024-09-09T08:06:56.858+0000] {logging_mixin.py:190} INFO - [2024-09-09T08:06:56.858+0000] {dag.py:4156} INFO - Setting next_dagrun for example_skip_dag to 2024-09-08 00:00:00+00:00, run_after=2024-09-09 00:00:00+00:00
[2024-09-09T08:06:56.876+0000] {processor.py:208} INFO - Processing /home/airflow/.local/lib/python3.12/site-packages/airflow/example_dags/example_skip_dag.py took 0.069 seconds
[2024-09-09T08:07:27.117+0000] {processor.py:186} INFO - Started process (PID=2062) to work on /home/airflow/.local/lib/python3.12/site-packages/airflow/example_dags/example_skip_dag.py
[2024-09-09T08:07:27.118+0000] {processor.py:914} INFO - Processing file /home/airflow/.local/lib/python3.12/site-packages/airflow/example_dags/example_skip_dag.py for tasks to queue
[2024-09-09T08:07:27.122+0000] {logging_mixin.py:190} INFO - [2024-09-09T08:07:27.121+0000] {dagbag.py:587} INFO - Filling up the DagBag from /home/airflow/.local/lib/python3.12/site-packages/airflow/example_dags/example_skip_dag.py
[2024-09-09T08:07:27.131+0000] {processor.py:925} INFO - DAG(s) 'example_skip_dag' retrieved from /home/airflow/.local/lib/python3.12/site-packages/airflow/example_dags/example_skip_dag.py
[2024-09-09T08:07:27.157+0000] {logging_mixin.py:190} INFO - [2024-09-09T08:07:27.156+0000] {dag.py:3229} INFO - Sync 1 DAGs
[2024-09-09T08:07:27.193+0000] {logging_mixin.py:190} INFO - [2024-09-09T08:07:27.193+0000] {dag.py:4156} INFO - Setting next_dagrun for example_skip_dag to 2024-09-08 00:00:00+00:00, run_after=2024-09-09 00:00:00+00:00
[2024-09-09T08:07:27.231+0000] {processor.py:208} INFO - Processing /home/airflow/.local/lib/python3.12/site-packages/airflow/example_dags/example_skip_dag.py took 0.121 seconds
[2024-09-09T08:07:57.766+0000] {processor.py:186} INFO - Started process (PID=2348) to work on /home/airflow/.local/lib/python3.12/site-packages/airflow/example_dags/example_skip_dag.py
[2024-09-09T08:07:57.768+0000] {processor.py:914} INFO - Processing file /home/airflow/.local/lib/python3.12/site-packages/airflow/example_dags/example_skip_dag.py for tasks to queue
[2024-09-09T08:07:57.785+0000] {logging_mixin.py:190} INFO - [2024-09-09T08:07:57.785+0000] {dagbag.py:587} INFO - Filling up the DagBag from /home/airflow/.local/lib/python3.12/site-packages/airflow/example_dags/example_skip_dag.py
[2024-09-09T08:07:57.806+0000] {processor.py:925} INFO - DAG(s) 'example_skip_dag' retrieved from /home/airflow/.local/lib/python3.12/site-packages/airflow/example_dags/example_skip_dag.py
[2024-09-09T08:07:57.858+0000] {logging_mixin.py:190} INFO - [2024-09-09T08:07:57.856+0000] {dag.py:3229} INFO - Sync 1 DAGs
[2024-09-09T08:07:57.901+0000] {logging_mixin.py:190} INFO - [2024-09-09T08:07:57.900+0000] {dag.py:4156} INFO - Setting next_dagrun for example_skip_dag to 2024-09-08 00:00:00+00:00, run_after=2024-09-09 00:00:00+00:00
[2024-09-09T08:07:57.928+0000] {processor.py:208} INFO - Processing /home/airflow/.local/lib/python3.12/site-packages/airflow/example_dags/example_skip_dag.py took 0.169 seconds
[2024-09-09T08:08:28.887+0000] {processor.py:186} INFO - Started process (PID=2636) to work on /home/airflow/.local/lib/python3.12/site-packages/airflow/example_dags/example_skip_dag.py
[2024-09-09T08:08:28.888+0000] {processor.py:914} INFO - Processing file /home/airflow/.local/lib/python3.12/site-packages/airflow/example_dags/example_skip_dag.py for tasks to queue
[2024-09-09T08:08:28.891+0000] {logging_mixin.py:190} INFO - [2024-09-09T08:08:28.891+0000] {dagbag.py:587} INFO - Filling up the DagBag from /home/airflow/.local/lib/python3.12/site-packages/airflow/example_dags/example_skip_dag.py
[2024-09-09T08:08:28.900+0000] {processor.py:925} INFO - DAG(s) 'example_skip_dag' retrieved from /home/airflow/.local/lib/python3.12/site-packages/airflow/example_dags/example_skip_dag.py
[2024-09-09T08:08:28.928+0000] {logging_mixin.py:190} INFO - [2024-09-09T08:08:28.928+0000] {dag.py:3229} INFO - Sync 1 DAGs
[2024-09-09T08:08:28.958+0000] {logging_mixin.py:190} INFO - [2024-09-09T08:08:28.958+0000] {dag.py:4156} INFO - Setting next_dagrun for example_skip_dag to 2024-09-08 00:00:00+00:00, run_after=2024-09-09 00:00:00+00:00
[2024-09-09T08:08:28.987+0000] {processor.py:208} INFO - Processing /home/airflow/.local/lib/python3.12/site-packages/airflow/example_dags/example_skip_dag.py took 0.110 seconds
[2024-09-09T08:08:59.551+0000] {processor.py:186} INFO - Started process (PID=2922) to work on /home/airflow/.local/lib/python3.12/site-packages/airflow/example_dags/example_skip_dag.py
[2024-09-09T08:08:59.553+0000] {processor.py:914} INFO - Processing file /home/airflow/.local/lib/python3.12/site-packages/airflow/example_dags/example_skip_dag.py for tasks to queue
[2024-09-09T08:08:59.555+0000] {logging_mixin.py:190} INFO - [2024-09-09T08:08:59.555+0000] {dagbag.py:587} INFO - Filling up the DagBag from /home/airflow/.local/lib/python3.12/site-packages/airflow/example_dags/example_skip_dag.py
[2024-09-09T08:08:59.563+0000] {processor.py:925} INFO - DAG(s) 'example_skip_dag' retrieved from /home/airflow/.local/lib/python3.12/site-packages/airflow/example_dags/example_skip_dag.py
[2024-09-09T08:08:59.591+0000] {logging_mixin.py:190} INFO - [2024-09-09T08:08:59.591+0000] {dag.py:3229} INFO - Sync 1 DAGs
[2024-09-09T08:08:59.621+0000] {logging_mixin.py:190} INFO - [2024-09-09T08:08:59.621+0000] {dag.py:4156} INFO - Setting next_dagrun for example_skip_dag to 2024-09-08 00:00:00+00:00, run_after=2024-09-09 00:00:00+00:00
[2024-09-09T08:08:59.672+0000] {processor.py:208} INFO - Processing /home/airflow/.local/lib/python3.12/site-packages/airflow/example_dags/example_skip_dag.py took 0.128 seconds
[2024-09-09T08:09:29.764+0000] {processor.py:186} INFO - Started process (PID=3206) to work on /home/airflow/.local/lib/python3.12/site-packages/airflow/example_dags/example_skip_dag.py
[2024-09-09T08:09:29.765+0000] {processor.py:914} INFO - Processing file /home/airflow/.local/lib/python3.12/site-packages/airflow/example_dags/example_skip_dag.py for tasks to queue
[2024-09-09T08:09:29.768+0000] {logging_mixin.py:190} INFO - [2024-09-09T08:09:29.768+0000] {dagbag.py:587} INFO - Filling up the DagBag from /home/airflow/.local/lib/python3.12/site-packages/airflow/example_dags/example_skip_dag.py
[2024-09-09T08:09:29.777+0000] {processor.py:925} INFO - DAG(s) 'example_skip_dag' retrieved from /home/airflow/.local/lib/python3.12/site-packages/airflow/example_dags/example_skip_dag.py
[2024-09-09T08:09:29.808+0000] {logging_mixin.py:190} INFO - [2024-09-09T08:09:29.808+0000] {dag.py:3229} INFO - Sync 1 DAGs
[2024-09-09T08:09:29.840+0000] {logging_mixin.py:190} INFO - [2024-09-09T08:09:29.840+0000] {dag.py:4156} INFO - Setting next_dagrun for example_skip_dag to 2024-09-08 00:00:00+00:00, run_after=2024-09-09 00:00:00+00:00
[2024-09-09T08:09:29.866+0000] {processor.py:208} INFO - Processing /home/airflow/.local/lib/python3.12/site-packages/airflow/example_dags/example_skip_dag.py took 0.109 seconds
[2024-09-09T08:10:00.230+0000] {processor.py:186} INFO - Started process (PID=3494) to work on /home/airflow/.local/lib/python3.12/site-packages/airflow/example_dags/example_skip_dag.py
[2024-09-09T08:10:00.231+0000] {processor.py:914} INFO - Processing file /home/airflow/.local/lib/python3.12/site-packages/airflow/example_dags/example_skip_dag.py for tasks to queue
[2024-09-09T08:10:00.233+0000] {logging_mixin.py:190} INFO - [2024-09-09T08:10:00.233+0000] {dagbag.py:587} INFO - Filling up the DagBag from /home/airflow/.local/lib/python3.12/site-packages/airflow/example_dags/example_skip_dag.py
[2024-09-09T08:10:00.239+0000] {processor.py:925} INFO - DAG(s) 'example_skip_dag' retrieved from /home/airflow/.local/lib/python3.12/site-packages/airflow/example_dags/example_skip_dag.py
[2024-09-09T08:10:00.255+0000] {logging_mixin.py:190} INFO - [2024-09-09T08:10:00.254+0000] {dag.py:3229} INFO - Sync 1 DAGs
[2024-09-09T08:10:00.272+0000] {logging_mixin.py:190} INFO - [2024-09-09T08:10:00.271+0000] {dag.py:4156} INFO - Setting next_dagrun for example_skip_dag to 2024-09-08 00:00:00+00:00, run_after=2024-09-09 00:00:00+00:00
[2024-09-09T08:10:00.289+0000] {processor.py:208} INFO - Processing /home/airflow/.local/lib/python3.12/site-packages/airflow/example_dags/example_skip_dag.py took 0.064 seconds
[2024-09-09T08:10:30.503+0000] {processor.py:186} INFO - Started process (PID=3780) to work on /home/airflow/.local/lib/python3.12/site-packages/airflow/example_dags/example_skip_dag.py
[2024-09-09T08:10:30.504+0000] {processor.py:914} INFO - Processing file /home/airflow/.local/lib/python3.12/site-packages/airflow/example_dags/example_skip_dag.py for tasks to queue
[2024-09-09T08:10:30.506+0000] {logging_mixin.py:190} INFO - [2024-09-09T08:10:30.506+0000] {dagbag.py:587} INFO - Filling up the DagBag from /home/airflow/.local/lib/python3.12/site-packages/airflow/example_dags/example_skip_dag.py
[2024-09-09T08:10:30.513+0000] {processor.py:925} INFO - DAG(s) 'example_skip_dag' retrieved from /home/airflow/.local/lib/python3.12/site-packages/airflow/example_dags/example_skip_dag.py
[2024-09-09T08:10:30.530+0000] {logging_mixin.py:190} INFO - [2024-09-09T08:10:30.530+0000] {dag.py:3229} INFO - Sync 1 DAGs
[2024-09-09T08:10:30.547+0000] {logging_mixin.py:190} INFO - [2024-09-09T08:10:30.547+0000] {dag.py:4156} INFO - Setting next_dagrun for example_skip_dag to 2024-09-08 00:00:00+00:00, run_after=2024-09-09 00:00:00+00:00
[2024-09-09T08:10:30.565+0000] {processor.py:208} INFO - Processing /home/airflow/.local/lib/python3.12/site-packages/airflow/example_dags/example_skip_dag.py took 0.066 seconds
[2024-09-09T08:11:00.914+0000] {processor.py:186} INFO - Started process (PID=4064) to work on /home/airflow/.local/lib/python3.12/site-packages/airflow/example_dags/example_skip_dag.py
[2024-09-09T08:11:00.916+0000] {processor.py:914} INFO - Processing file /home/airflow/.local/lib/python3.12/site-packages/airflow/example_dags/example_skip_dag.py for tasks to queue
[2024-09-09T08:11:00.920+0000] {logging_mixin.py:190} INFO - [2024-09-09T08:11:00.919+0000] {dagbag.py:587} INFO - Filling up the DagBag from /home/airflow/.local/lib/python3.12/site-packages/airflow/example_dags/example_skip_dag.py
[2024-09-09T08:11:00.934+0000] {processor.py:925} INFO - DAG(s) 'example_skip_dag' retrieved from /home/airflow/.local/lib/python3.12/site-packages/airflow/example_dags/example_skip_dag.py
[2024-09-09T08:11:01.022+0000] {logging_mixin.py:190} INFO - [2024-09-09T08:11:01.021+0000] {dag.py:3229} INFO - Sync 1 DAGs
[2024-09-09T08:11:01.080+0000] {logging_mixin.py:190} INFO - [2024-09-09T08:11:01.080+0000] {dag.py:4156} INFO - Setting next_dagrun for example_skip_dag to 2024-09-08 00:00:00+00:00, run_after=2024-09-09 00:00:00+00:00
[2024-09-09T08:11:01.111+0000] {processor.py:208} INFO - Processing /home/airflow/.local/lib/python3.12/site-packages/airflow/example_dags/example_skip_dag.py took 0.205 seconds
[2024-09-09T08:11:31.588+0000] {processor.py:186} INFO - Started process (PID=4352) to work on /home/airflow/.local/lib/python3.12/site-packages/airflow/example_dags/example_skip_dag.py
[2024-09-09T08:11:31.589+0000] {processor.py:914} INFO - Processing file /home/airflow/.local/lib/python3.12/site-packages/airflow/example_dags/example_skip_dag.py for tasks to queue
[2024-09-09T08:11:31.591+0000] {logging_mixin.py:190} INFO - [2024-09-09T08:11:31.591+0000] {dagbag.py:587} INFO - Filling up the DagBag from /home/airflow/.local/lib/python3.12/site-packages/airflow/example_dags/example_skip_dag.py
[2024-09-09T08:11:31.597+0000] {processor.py:925} INFO - DAG(s) 'example_skip_dag' retrieved from /home/airflow/.local/lib/python3.12/site-packages/airflow/example_dags/example_skip_dag.py
[2024-09-09T08:11:31.615+0000] {logging_mixin.py:190} INFO - [2024-09-09T08:11:31.615+0000] {dag.py:3229} INFO - Sync 1 DAGs
[2024-09-09T08:11:31.632+0000] {logging_mixin.py:190} INFO - [2024-09-09T08:11:31.632+0000] {dag.py:4156} INFO - Setting next_dagrun for example_skip_dag to 2024-09-08 00:00:00+00:00, run_after=2024-09-09 00:00:00+00:00
[2024-09-09T08:11:31.651+0000] {processor.py:208} INFO - Processing /home/airflow/.local/lib/python3.12/site-packages/airflow/example_dags/example_skip_dag.py took 0.067 seconds
[2024-09-09T08:12:02.253+0000] {processor.py:186} INFO - Started process (PID=4638) to work on /home/airflow/.local/lib/python3.12/site-packages/airflow/example_dags/example_skip_dag.py
[2024-09-09T08:12:02.254+0000] {processor.py:914} INFO - Processing file /home/airflow/.local/lib/python3.12/site-packages/airflow/example_dags/example_skip_dag.py for tasks to queue
[2024-09-09T08:12:02.256+0000] {logging_mixin.py:190} INFO - [2024-09-09T08:12:02.256+0000] {dagbag.py:587} INFO - Filling up the DagBag from /home/airflow/.local/lib/python3.12/site-packages/airflow/example_dags/example_skip_dag.py
[2024-09-09T08:12:02.264+0000] {processor.py:925} INFO - DAG(s) 'example_skip_dag' retrieved from /home/airflow/.local/lib/python3.12/site-packages/airflow/example_dags/example_skip_dag.py
[2024-09-09T08:12:02.284+0000] {logging_mixin.py:190} INFO - [2024-09-09T08:12:02.284+0000] {dag.py:3229} INFO - Sync 1 DAGs
[2024-09-09T08:12:02.307+0000] {logging_mixin.py:190} INFO - [2024-09-09T08:12:02.307+0000] {dag.py:4156} INFO - Setting next_dagrun for example_skip_dag to 2024-09-08 00:00:00+00:00, run_after=2024-09-09 00:00:00+00:00
[2024-09-09T08:12:02.326+0000] {processor.py:208} INFO - Processing /home/airflow/.local/lib/python3.12/site-packages/airflow/example_dags/example_skip_dag.py took 0.080 seconds
[2024-09-09T08:12:32.650+0000] {processor.py:186} INFO - Started process (PID=4924) to work on /home/airflow/.local/lib/python3.12/site-packages/airflow/example_dags/example_skip_dag.py
[2024-09-09T08:12:32.650+0000] {processor.py:914} INFO - Processing file /home/airflow/.local/lib/python3.12/site-packages/airflow/example_dags/example_skip_dag.py for tasks to queue
[2024-09-09T08:12:32.652+0000] {logging_mixin.py:190} INFO - [2024-09-09T08:12:32.652+0000] {dagbag.py:587} INFO - Filling up the DagBag from /home/airflow/.local/lib/python3.12/site-packages/airflow/example_dags/example_skip_dag.py
[2024-09-09T08:12:32.658+0000] {processor.py:925} INFO - DAG(s) 'example_skip_dag' retrieved from /home/airflow/.local/lib/python3.12/site-packages/airflow/example_dags/example_skip_dag.py
[2024-09-09T08:12:32.677+0000] {logging_mixin.py:190} INFO - [2024-09-09T08:12:32.677+0000] {dag.py:3229} INFO - Sync 1 DAGs
[2024-09-09T08:12:32.695+0000] {logging_mixin.py:190} INFO - [2024-09-09T08:12:32.695+0000] {dag.py:4156} INFO - Setting next_dagrun for example_skip_dag to 2024-09-08 00:00:00+00:00, run_after=2024-09-09 00:00:00+00:00
[2024-09-09T08:12:32.715+0000] {processor.py:208} INFO - Processing /home/airflow/.local/lib/python3.12/site-packages/airflow/example_dags/example_skip_dag.py took 0.070 seconds
[2024-09-09T08:13:03.405+0000] {processor.py:186} INFO - Started process (PID=5210) to work on /home/airflow/.local/lib/python3.12/site-packages/airflow/example_dags/example_skip_dag.py
[2024-09-09T08:13:03.416+0000] {processor.py:914} INFO - Processing file /home/airflow/.local/lib/python3.12/site-packages/airflow/example_dags/example_skip_dag.py for tasks to queue
[2024-09-09T08:13:03.419+0000] {logging_mixin.py:190} INFO - [2024-09-09T08:13:03.419+0000] {dagbag.py:587} INFO - Filling up the DagBag from /home/airflow/.local/lib/python3.12/site-packages/airflow/example_dags/example_skip_dag.py
[2024-09-09T08:13:03.428+0000] {processor.py:925} INFO - DAG(s) 'example_skip_dag' retrieved from /home/airflow/.local/lib/python3.12/site-packages/airflow/example_dags/example_skip_dag.py
[2024-09-09T08:13:03.450+0000] {logging_mixin.py:190} INFO - [2024-09-09T08:13:03.449+0000] {dag.py:3229} INFO - Sync 1 DAGs
[2024-09-09T08:13:03.470+0000] {logging_mixin.py:190} INFO - [2024-09-09T08:13:03.470+0000] {dag.py:4156} INFO - Setting next_dagrun for example_skip_dag to 2024-09-08 00:00:00+00:00, run_after=2024-09-09 00:00:00+00:00
[2024-09-09T08:13:03.491+0000] {processor.py:208} INFO - Processing /home/airflow/.local/lib/python3.12/site-packages/airflow/example_dags/example_skip_dag.py took 0.102 seconds
[2024-09-09T08:13:34.240+0000] {processor.py:186} INFO - Started process (PID=5494) to work on /home/airflow/.local/lib/python3.12/site-packages/airflow/example_dags/example_skip_dag.py
[2024-09-09T08:13:34.241+0000] {processor.py:914} INFO - Processing file /home/airflow/.local/lib/python3.12/site-packages/airflow/example_dags/example_skip_dag.py for tasks to queue
[2024-09-09T08:13:34.244+0000] {logging_mixin.py:190} INFO - [2024-09-09T08:13:34.243+0000] {dagbag.py:587} INFO - Filling up the DagBag from /home/airflow/.local/lib/python3.12/site-packages/airflow/example_dags/example_skip_dag.py
[2024-09-09T08:13:34.251+0000] {processor.py:925} INFO - DAG(s) 'example_skip_dag' retrieved from /home/airflow/.local/lib/python3.12/site-packages/airflow/example_dags/example_skip_dag.py
[2024-09-09T08:13:34.274+0000] {logging_mixin.py:190} INFO - [2024-09-09T08:13:34.274+0000] {dag.py:3229} INFO - Sync 1 DAGs
[2024-09-09T08:13:34.293+0000] {logging_mixin.py:190} INFO - [2024-09-09T08:13:34.293+0000] {dag.py:4156} INFO - Setting next_dagrun for example_skip_dag to 2024-09-08 00:00:00+00:00, run_after=2024-09-09 00:00:00+00:00
[2024-09-09T08:13:34.312+0000] {processor.py:208} INFO - Processing /home/airflow/.local/lib/python3.12/site-packages/airflow/example_dags/example_skip_dag.py took 0.077 seconds
[2024-09-09T08:14:05.261+0000] {processor.py:186} INFO - Started process (PID=5782) to work on /home/airflow/.local/lib/python3.12/site-packages/airflow/example_dags/example_skip_dag.py
[2024-09-09T08:14:05.262+0000] {processor.py:914} INFO - Processing file /home/airflow/.local/lib/python3.12/site-packages/airflow/example_dags/example_skip_dag.py for tasks to queue
[2024-09-09T08:14:05.264+0000] {logging_mixin.py:190} INFO - [2024-09-09T08:14:05.263+0000] {dagbag.py:587} INFO - Filling up the DagBag from /home/airflow/.local/lib/python3.12/site-packages/airflow/example_dags/example_skip_dag.py
[2024-09-09T08:14:05.270+0000] {processor.py:925} INFO - DAG(s) 'example_skip_dag' retrieved from /home/airflow/.local/lib/python3.12/site-packages/airflow/example_dags/example_skip_dag.py
[2024-09-09T08:14:05.289+0000] {logging_mixin.py:190} INFO - [2024-09-09T08:14:05.289+0000] {dag.py:3229} INFO - Sync 1 DAGs
[2024-09-09T08:14:05.309+0000] {logging_mixin.py:190} INFO - [2024-09-09T08:14:05.309+0000] {dag.py:4156} INFO - Setting next_dagrun for example_skip_dag to 2024-09-08 00:00:00+00:00, run_after=2024-09-09 00:00:00+00:00
[2024-09-09T08:14:05.334+0000] {processor.py:208} INFO - Processing /home/airflow/.local/lib/python3.12/site-packages/airflow/example_dags/example_skip_dag.py took 0.078 seconds
[2024-09-09T08:14:36.157+0000] {processor.py:186} INFO - Started process (PID=6068) to work on /home/airflow/.local/lib/python3.12/site-packages/airflow/example_dags/example_skip_dag.py
[2024-09-09T08:14:36.158+0000] {processor.py:914} INFO - Processing file /home/airflow/.local/lib/python3.12/site-packages/airflow/example_dags/example_skip_dag.py for tasks to queue
[2024-09-09T08:14:36.160+0000] {logging_mixin.py:190} INFO - [2024-09-09T08:14:36.160+0000] {dagbag.py:587} INFO - Filling up the DagBag from /home/airflow/.local/lib/python3.12/site-packages/airflow/example_dags/example_skip_dag.py
[2024-09-09T08:14:36.167+0000] {processor.py:925} INFO - DAG(s) 'example_skip_dag' retrieved from /home/airflow/.local/lib/python3.12/site-packages/airflow/example_dags/example_skip_dag.py
[2024-09-09T08:14:36.184+0000] {logging_mixin.py:190} INFO - [2024-09-09T08:14:36.184+0000] {dag.py:3229} INFO - Sync 1 DAGs
[2024-09-09T08:14:36.203+0000] {logging_mixin.py:190} INFO - [2024-09-09T08:14:36.203+0000] {dag.py:4156} INFO - Setting next_dagrun for example_skip_dag to 2024-09-08 00:00:00+00:00, run_after=2024-09-09 00:00:00+00:00
[2024-09-09T08:14:36.226+0000] {processor.py:208} INFO - Processing /home/airflow/.local/lib/python3.12/site-packages/airflow/example_dags/example_skip_dag.py took 0.074 seconds
[2024-09-09T08:15:06.873+0000] {processor.py:186} INFO - Started process (PID=6354) to work on /home/airflow/.local/lib/python3.12/site-packages/airflow/example_dags/example_skip_dag.py
[2024-09-09T08:15:06.874+0000] {processor.py:914} INFO - Processing file /home/airflow/.local/lib/python3.12/site-packages/airflow/example_dags/example_skip_dag.py for tasks to queue
[2024-09-09T08:15:06.876+0000] {logging_mixin.py:190} INFO - [2024-09-09T08:15:06.876+0000] {dagbag.py:587} INFO - Filling up the DagBag from /home/airflow/.local/lib/python3.12/site-packages/airflow/example_dags/example_skip_dag.py
[2024-09-09T08:15:06.884+0000] {processor.py:925} INFO - DAG(s) 'example_skip_dag' retrieved from /home/airflow/.local/lib/python3.12/site-packages/airflow/example_dags/example_skip_dag.py
[2024-09-09T08:15:06.907+0000] {logging_mixin.py:190} INFO - [2024-09-09T08:15:06.906+0000] {dag.py:3229} INFO - Sync 1 DAGs
[2024-09-09T08:15:06.930+0000] {logging_mixin.py:190} INFO - [2024-09-09T08:15:06.930+0000] {dag.py:4156} INFO - Setting next_dagrun for example_skip_dag to 2024-09-08 00:00:00+00:00, run_after=2024-09-09 00:00:00+00:00
[2024-09-09T08:15:06.952+0000] {processor.py:208} INFO - Processing /home/airflow/.local/lib/python3.12/site-packages/airflow/example_dags/example_skip_dag.py took 0.085 seconds
[2024-09-09T08:15:37.241+0000] {processor.py:186} INFO - Started process (PID=6643) to work on /home/airflow/.local/lib/python3.12/site-packages/airflow/example_dags/example_skip_dag.py
[2024-09-09T08:15:37.243+0000] {processor.py:914} INFO - Processing file /home/airflow/.local/lib/python3.12/site-packages/airflow/example_dags/example_skip_dag.py for tasks to queue
[2024-09-09T08:15:37.246+0000] {logging_mixin.py:190} INFO - [2024-09-09T08:15:37.246+0000] {dagbag.py:587} INFO - Filling up the DagBag from /home/airflow/.local/lib/python3.12/site-packages/airflow/example_dags/example_skip_dag.py
[2024-09-09T08:15:37.255+0000] {processor.py:925} INFO - DAG(s) 'example_skip_dag' retrieved from /home/airflow/.local/lib/python3.12/site-packages/airflow/example_dags/example_skip_dag.py
[2024-09-09T08:15:37.279+0000] {logging_mixin.py:190} INFO - [2024-09-09T08:15:37.279+0000] {dag.py:3229} INFO - Sync 1 DAGs
[2024-09-09T08:15:37.311+0000] {logging_mixin.py:190} INFO - [2024-09-09T08:15:37.311+0000] {dag.py:4156} INFO - Setting next_dagrun for example_skip_dag to 2024-09-08 00:00:00+00:00, run_after=2024-09-09 00:00:00+00:00
[2024-09-09T08:15:37.333+0000] {processor.py:208} INFO - Processing /home/airflow/.local/lib/python3.12/site-packages/airflow/example_dags/example_skip_dag.py took 0.099 seconds
[2024-09-09T08:16:07.506+0000] {processor.py:186} INFO - Started process (PID=6929) to work on /home/airflow/.local/lib/python3.12/site-packages/airflow/example_dags/example_skip_dag.py
[2024-09-09T08:16:07.507+0000] {processor.py:914} INFO - Processing file /home/airflow/.local/lib/python3.12/site-packages/airflow/example_dags/example_skip_dag.py for tasks to queue
[2024-09-09T08:16:07.509+0000] {logging_mixin.py:190} INFO - [2024-09-09T08:16:07.509+0000] {dagbag.py:587} INFO - Filling up the DagBag from /home/airflow/.local/lib/python3.12/site-packages/airflow/example_dags/example_skip_dag.py
[2024-09-09T08:16:07.516+0000] {processor.py:925} INFO - DAG(s) 'example_skip_dag' retrieved from /home/airflow/.local/lib/python3.12/site-packages/airflow/example_dags/example_skip_dag.py
[2024-09-09T08:16:07.538+0000] {logging_mixin.py:190} INFO - [2024-09-09T08:16:07.537+0000] {dag.py:3229} INFO - Sync 1 DAGs
[2024-09-09T08:16:07.558+0000] {logging_mixin.py:190} INFO - [2024-09-09T08:16:07.558+0000] {dag.py:4156} INFO - Setting next_dagrun for example_skip_dag to 2024-09-08 00:00:00+00:00, run_after=2024-09-09 00:00:00+00:00
[2024-09-09T08:16:07.587+0000] {processor.py:208} INFO - Processing /home/airflow/.local/lib/python3.12/site-packages/airflow/example_dags/example_skip_dag.py took 0.086 seconds
[2024-09-09T08:16:38.667+0000] {processor.py:186} INFO - Started process (PID=7215) to work on /home/airflow/.local/lib/python3.12/site-packages/airflow/example_dags/example_skip_dag.py
[2024-09-09T08:16:38.670+0000] {processor.py:914} INFO - Processing file /home/airflow/.local/lib/python3.12/site-packages/airflow/example_dags/example_skip_dag.py for tasks to queue
[2024-09-09T08:16:38.674+0000] {logging_mixin.py:190} INFO - [2024-09-09T08:16:38.674+0000] {dagbag.py:587} INFO - Filling up the DagBag from /home/airflow/.local/lib/python3.12/site-packages/airflow/example_dags/example_skip_dag.py
[2024-09-09T08:16:38.683+0000] {processor.py:925} INFO - DAG(s) 'example_skip_dag' retrieved from /home/airflow/.local/lib/python3.12/site-packages/airflow/example_dags/example_skip_dag.py
[2024-09-09T08:16:38.712+0000] {logging_mixin.py:190} INFO - [2024-09-09T08:16:38.712+0000] {dag.py:3229} INFO - Sync 1 DAGs
[2024-09-09T08:16:38.753+0000] {logging_mixin.py:190} INFO - [2024-09-09T08:16:38.751+0000] {dag.py:4156} INFO - Setting next_dagrun for example_skip_dag to 2024-09-08 00:00:00+00:00, run_after=2024-09-09 00:00:00+00:00
[2024-09-09T08:16:38.779+0000] {processor.py:208} INFO - Processing /home/airflow/.local/lib/python3.12/site-packages/airflow/example_dags/example_skip_dag.py took 0.120 seconds
[2024-09-09T08:17:09.693+0000] {processor.py:186} INFO - Started process (PID=7501) to work on /home/airflow/.local/lib/python3.12/site-packages/airflow/example_dags/example_skip_dag.py
[2024-09-09T08:17:09.694+0000] {processor.py:914} INFO - Processing file /home/airflow/.local/lib/python3.12/site-packages/airflow/example_dags/example_skip_dag.py for tasks to queue
[2024-09-09T08:17:09.698+0000] {logging_mixin.py:190} INFO - [2024-09-09T08:17:09.698+0000] {dagbag.py:587} INFO - Filling up the DagBag from /home/airflow/.local/lib/python3.12/site-packages/airflow/example_dags/example_skip_dag.py
[2024-09-09T08:17:09.706+0000] {processor.py:925} INFO - DAG(s) 'example_skip_dag' retrieved from /home/airflow/.local/lib/python3.12/site-packages/airflow/example_dags/example_skip_dag.py
[2024-09-09T08:17:09.731+0000] {logging_mixin.py:190} INFO - [2024-09-09T08:17:09.731+0000] {dag.py:3229} INFO - Sync 1 DAGs
[2024-09-09T08:17:09.757+0000] {logging_mixin.py:190} INFO - [2024-09-09T08:17:09.757+0000] {dag.py:4156} INFO - Setting next_dagrun for example_skip_dag to 2024-09-08 00:00:00+00:00, run_after=2024-09-09 00:00:00+00:00
[2024-09-09T08:17:09.780+0000] {processor.py:208} INFO - Processing /home/airflow/.local/lib/python3.12/site-packages/airflow/example_dags/example_skip_dag.py took 0.093 seconds
[2024-09-09T08:17:40.638+0000] {processor.py:186} INFO - Started process (PID=7787) to work on /home/airflow/.local/lib/python3.12/site-packages/airflow/example_dags/example_skip_dag.py
[2024-09-09T08:17:40.640+0000] {processor.py:914} INFO - Processing file /home/airflow/.local/lib/python3.12/site-packages/airflow/example_dags/example_skip_dag.py for tasks to queue
[2024-09-09T08:17:40.646+0000] {logging_mixin.py:190} INFO - [2024-09-09T08:17:40.645+0000] {dagbag.py:587} INFO - Filling up the DagBag from /home/airflow/.local/lib/python3.12/site-packages/airflow/example_dags/example_skip_dag.py
[2024-09-09T08:17:40.659+0000] {processor.py:925} INFO - DAG(s) 'example_skip_dag' retrieved from /home/airflow/.local/lib/python3.12/site-packages/airflow/example_dags/example_skip_dag.py
[2024-09-09T08:17:40.721+0000] {logging_mixin.py:190} INFO - [2024-09-09T08:17:40.721+0000] {dag.py:3229} INFO - Sync 1 DAGs
[2024-09-09T08:17:40.781+0000] {logging_mixin.py:190} INFO - [2024-09-09T08:17:40.780+0000] {dag.py:4156} INFO - Setting next_dagrun for example_skip_dag to 2024-09-08 00:00:00+00:00, run_after=2024-09-09 00:00:00+00:00
[2024-09-09T08:17:40.818+0000] {processor.py:208} INFO - Processing /home/airflow/.local/lib/python3.12/site-packages/airflow/example_dags/example_skip_dag.py took 0.191 seconds
[2024-09-09T08:18:11.654+0000] {processor.py:186} INFO - Started process (PID=8073) to work on /home/airflow/.local/lib/python3.12/site-packages/airflow/example_dags/example_skip_dag.py
[2024-09-09T08:18:11.655+0000] {processor.py:914} INFO - Processing file /home/airflow/.local/lib/python3.12/site-packages/airflow/example_dags/example_skip_dag.py for tasks to queue
[2024-09-09T08:18:11.657+0000] {logging_mixin.py:190} INFO - [2024-09-09T08:18:11.657+0000] {dagbag.py:587} INFO - Filling up the DagBag from /home/airflow/.local/lib/python3.12/site-packages/airflow/example_dags/example_skip_dag.py
[2024-09-09T08:18:11.665+0000] {processor.py:925} INFO - DAG(s) 'example_skip_dag' retrieved from /home/airflow/.local/lib/python3.12/site-packages/airflow/example_dags/example_skip_dag.py
[2024-09-09T08:18:11.684+0000] {logging_mixin.py:190} INFO - [2024-09-09T08:18:11.683+0000] {dag.py:3229} INFO - Sync 1 DAGs
[2024-09-09T08:18:11.703+0000] {logging_mixin.py:190} INFO - [2024-09-09T08:18:11.703+0000] {dag.py:4156} INFO - Setting next_dagrun for example_skip_dag to 2024-09-08 00:00:00+00:00, run_after=2024-09-09 00:00:00+00:00
[2024-09-09T08:18:11.726+0000] {processor.py:208} INFO - Processing /home/airflow/.local/lib/python3.12/site-packages/airflow/example_dags/example_skip_dag.py took 0.077 seconds
[2024-09-09T08:18:42.642+0000] {processor.py:186} INFO - Started process (PID=8365) to work on /home/airflow/.local/lib/python3.12/site-packages/airflow/example_dags/example_skip_dag.py
[2024-09-09T08:18:42.645+0000] {processor.py:914} INFO - Processing file /home/airflow/.local/lib/python3.12/site-packages/airflow/example_dags/example_skip_dag.py for tasks to queue
[2024-09-09T08:18:42.651+0000] {logging_mixin.py:190} INFO - [2024-09-09T08:18:42.651+0000] {dagbag.py:587} INFO - Filling up the DagBag from /home/airflow/.local/lib/python3.12/site-packages/airflow/example_dags/example_skip_dag.py
[2024-09-09T08:18:42.667+0000] {processor.py:925} INFO - DAG(s) 'example_skip_dag' retrieved from /home/airflow/.local/lib/python3.12/site-packages/airflow/example_dags/example_skip_dag.py
[2024-09-09T08:18:42.697+0000] {logging_mixin.py:190} INFO - [2024-09-09T08:18:42.696+0000] {dag.py:3229} INFO - Sync 1 DAGs
[2024-09-09T08:18:42.725+0000] {logging_mixin.py:190} INFO - [2024-09-09T08:18:42.725+0000] {dag.py:4156} INFO - Setting next_dagrun for example_skip_dag to 2024-09-08 00:00:00+00:00, run_after=2024-09-09 00:00:00+00:00
[2024-09-09T08:18:42.749+0000] {processor.py:208} INFO - Processing /home/airflow/.local/lib/python3.12/site-packages/airflow/example_dags/example_skip_dag.py took 0.117 seconds
[2024-09-09T08:19:12.835+0000] {processor.py:186} INFO - Started process (PID=8651) to work on /home/airflow/.local/lib/python3.12/site-packages/airflow/example_dags/example_skip_dag.py
[2024-09-09T08:19:12.836+0000] {processor.py:914} INFO - Processing file /home/airflow/.local/lib/python3.12/site-packages/airflow/example_dags/example_skip_dag.py for tasks to queue
[2024-09-09T08:19:12.838+0000] {logging_mixin.py:190} INFO - [2024-09-09T08:19:12.838+0000] {dagbag.py:587} INFO - Filling up the DagBag from /home/airflow/.local/lib/python3.12/site-packages/airflow/example_dags/example_skip_dag.py
[2024-09-09T08:19:12.845+0000] {processor.py:925} INFO - DAG(s) 'example_skip_dag' retrieved from /home/airflow/.local/lib/python3.12/site-packages/airflow/example_dags/example_skip_dag.py
[2024-09-09T08:19:12.872+0000] {logging_mixin.py:190} INFO - [2024-09-09T08:19:12.872+0000] {dag.py:3229} INFO - Sync 1 DAGs
[2024-09-09T08:19:12.916+0000] {logging_mixin.py:190} INFO - [2024-09-09T08:19:12.916+0000] {dag.py:4156} INFO - Setting next_dagrun for example_skip_dag to 2024-09-08 00:00:00+00:00, run_after=2024-09-09 00:00:00+00:00
[2024-09-09T08:19:12.969+0000] {processor.py:208} INFO - Processing /home/airflow/.local/lib/python3.12/site-packages/airflow/example_dags/example_skip_dag.py took 0.140 seconds
[2024-09-09T08:19:43.056+0000] {processor.py:186} INFO - Started process (PID=8937) to work on /home/airflow/.local/lib/python3.12/site-packages/airflow/example_dags/example_skip_dag.py
[2024-09-09T08:19:43.058+0000] {processor.py:914} INFO - Processing file /home/airflow/.local/lib/python3.12/site-packages/airflow/example_dags/example_skip_dag.py for tasks to queue
[2024-09-09T08:19:43.061+0000] {logging_mixin.py:190} INFO - [2024-09-09T08:19:43.061+0000] {dagbag.py:587} INFO - Filling up the DagBag from /home/airflow/.local/lib/python3.12/site-packages/airflow/example_dags/example_skip_dag.py
[2024-09-09T08:19:43.072+0000] {processor.py:925} INFO - DAG(s) 'example_skip_dag' retrieved from /home/airflow/.local/lib/python3.12/site-packages/airflow/example_dags/example_skip_dag.py
[2024-09-09T08:19:43.098+0000] {logging_mixin.py:190} INFO - [2024-09-09T08:19:43.097+0000] {dag.py:3229} INFO - Sync 1 DAGs
[2024-09-09T08:19:43.131+0000] {logging_mixin.py:190} INFO - [2024-09-09T08:19:43.130+0000] {dag.py:4156} INFO - Setting next_dagrun for example_skip_dag to 2024-09-08 00:00:00+00:00, run_after=2024-09-09 00:00:00+00:00
[2024-09-09T08:19:43.159+0000] {processor.py:208} INFO - Processing /home/airflow/.local/lib/python3.12/site-packages/airflow/example_dags/example_skip_dag.py took 0.113 seconds
[2024-09-09T08:20:13.755+0000] {processor.py:186} INFO - Started process (PID=9225) to work on /home/airflow/.local/lib/python3.12/site-packages/airflow/example_dags/example_skip_dag.py
[2024-09-09T08:20:13.756+0000] {processor.py:914} INFO - Processing file /home/airflow/.local/lib/python3.12/site-packages/airflow/example_dags/example_skip_dag.py for tasks to queue
[2024-09-09T08:20:13.758+0000] {logging_mixin.py:190} INFO - [2024-09-09T08:20:13.757+0000] {dagbag.py:587} INFO - Filling up the DagBag from /home/airflow/.local/lib/python3.12/site-packages/airflow/example_dags/example_skip_dag.py
[2024-09-09T08:20:13.764+0000] {processor.py:925} INFO - DAG(s) 'example_skip_dag' retrieved from /home/airflow/.local/lib/python3.12/site-packages/airflow/example_dags/example_skip_dag.py
[2024-09-09T08:20:13.780+0000] {logging_mixin.py:190} INFO - [2024-09-09T08:20:13.780+0000] {dag.py:3229} INFO - Sync 1 DAGs
[2024-09-09T08:20:13.798+0000] {logging_mixin.py:190} INFO - [2024-09-09T08:20:13.798+0000] {dag.py:4156} INFO - Setting next_dagrun for example_skip_dag to 2024-09-08 00:00:00+00:00, run_after=2024-09-09 00:00:00+00:00
[2024-09-09T08:20:13.817+0000] {processor.py:208} INFO - Processing /home/airflow/.local/lib/python3.12/site-packages/airflow/example_dags/example_skip_dag.py took 0.067 seconds
[2024-09-09T08:20:43.958+0000] {processor.py:186} INFO - Started process (PID=9516) to work on /home/airflow/.local/lib/python3.12/site-packages/airflow/example_dags/example_skip_dag.py
[2024-09-09T08:20:43.959+0000] {processor.py:914} INFO - Processing file /home/airflow/.local/lib/python3.12/site-packages/airflow/example_dags/example_skip_dag.py for tasks to queue
[2024-09-09T08:20:43.961+0000] {logging_mixin.py:190} INFO - [2024-09-09T08:20:43.961+0000] {dagbag.py:587} INFO - Filling up the DagBag from /home/airflow/.local/lib/python3.12/site-packages/airflow/example_dags/example_skip_dag.py
[2024-09-09T08:20:43.968+0000] {processor.py:925} INFO - DAG(s) 'example_skip_dag' retrieved from /home/airflow/.local/lib/python3.12/site-packages/airflow/example_dags/example_skip_dag.py
[2024-09-09T08:20:43.984+0000] {logging_mixin.py:190} INFO - [2024-09-09T08:20:43.984+0000] {dag.py:3229} INFO - Sync 1 DAGs
[2024-09-09T08:20:44.001+0000] {logging_mixin.py:190} INFO - [2024-09-09T08:20:44.001+0000] {dag.py:4156} INFO - Setting next_dagrun for example_skip_dag to 2024-09-08 00:00:00+00:00, run_after=2024-09-09 00:00:00+00:00
[2024-09-09T08:20:44.018+0000] {processor.py:208} INFO - Processing /home/airflow/.local/lib/python3.12/site-packages/airflow/example_dags/example_skip_dag.py took 0.064 seconds
[2024-09-09T08:21:14.457+0000] {processor.py:186} INFO - Started process (PID=9797) to work on /home/airflow/.local/lib/python3.12/site-packages/airflow/example_dags/example_skip_dag.py
[2024-09-09T08:21:14.458+0000] {processor.py:914} INFO - Processing file /home/airflow/.local/lib/python3.12/site-packages/airflow/example_dags/example_skip_dag.py for tasks to queue
[2024-09-09T08:21:14.460+0000] {logging_mixin.py:190} INFO - [2024-09-09T08:21:14.459+0000] {dagbag.py:587} INFO - Filling up the DagBag from /home/airflow/.local/lib/python3.12/site-packages/airflow/example_dags/example_skip_dag.py
[2024-09-09T08:21:14.466+0000] {processor.py:925} INFO - DAG(s) 'example_skip_dag' retrieved from /home/airflow/.local/lib/python3.12/site-packages/airflow/example_dags/example_skip_dag.py
[2024-09-09T08:21:14.484+0000] {logging_mixin.py:190} INFO - [2024-09-09T08:21:14.484+0000] {dag.py:3229} INFO - Sync 1 DAGs
[2024-09-09T08:21:14.502+0000] {logging_mixin.py:190} INFO - [2024-09-09T08:21:14.502+0000] {dag.py:4156} INFO - Setting next_dagrun for example_skip_dag to 2024-09-08 00:00:00+00:00, run_after=2024-09-09 00:00:00+00:00
[2024-09-09T08:21:14.522+0000] {processor.py:208} INFO - Processing /home/airflow/.local/lib/python3.12/site-packages/airflow/example_dags/example_skip_dag.py took 0.069 seconds
[2024-09-09T08:21:45.089+0000] {processor.py:186} INFO - Started process (PID=10081) to work on /home/airflow/.local/lib/python3.12/site-packages/airflow/example_dags/example_skip_dag.py
[2024-09-09T08:21:45.090+0000] {processor.py:914} INFO - Processing file /home/airflow/.local/lib/python3.12/site-packages/airflow/example_dags/example_skip_dag.py for tasks to queue
[2024-09-09T08:21:45.092+0000] {logging_mixin.py:190} INFO - [2024-09-09T08:21:45.092+0000] {dagbag.py:587} INFO - Filling up the DagBag from /home/airflow/.local/lib/python3.12/site-packages/airflow/example_dags/example_skip_dag.py
[2024-09-09T08:21:45.099+0000] {processor.py:925} INFO - DAG(s) 'example_skip_dag' retrieved from /home/airflow/.local/lib/python3.12/site-packages/airflow/example_dags/example_skip_dag.py
[2024-09-09T08:21:45.115+0000] {logging_mixin.py:190} INFO - [2024-09-09T08:21:45.115+0000] {dag.py:3229} INFO - Sync 1 DAGs
[2024-09-09T08:21:45.133+0000] {logging_mixin.py:190} INFO - [2024-09-09T08:21:45.133+0000] {dag.py:4156} INFO - Setting next_dagrun for example_skip_dag to 2024-09-08 00:00:00+00:00, run_after=2024-09-09 00:00:00+00:00
[2024-09-09T08:21:45.153+0000] {processor.py:208} INFO - Processing /home/airflow/.local/lib/python3.12/site-packages/airflow/example_dags/example_skip_dag.py took 0.068 seconds
[2024-09-09T08:22:15.933+0000] {processor.py:186} INFO - Started process (PID=10367) to work on /home/airflow/.local/lib/python3.12/site-packages/airflow/example_dags/example_skip_dag.py
[2024-09-09T08:22:15.934+0000] {processor.py:914} INFO - Processing file /home/airflow/.local/lib/python3.12/site-packages/airflow/example_dags/example_skip_dag.py for tasks to queue
[2024-09-09T08:22:15.936+0000] {logging_mixin.py:190} INFO - [2024-09-09T08:22:15.936+0000] {dagbag.py:587} INFO - Filling up the DagBag from /home/airflow/.local/lib/python3.12/site-packages/airflow/example_dags/example_skip_dag.py
[2024-09-09T08:22:15.942+0000] {processor.py:925} INFO - DAG(s) 'example_skip_dag' retrieved from /home/airflow/.local/lib/python3.12/site-packages/airflow/example_dags/example_skip_dag.py
[2024-09-09T08:22:15.961+0000] {logging_mixin.py:190} INFO - [2024-09-09T08:22:15.961+0000] {dag.py:3229} INFO - Sync 1 DAGs
[2024-09-09T08:22:15.978+0000] {logging_mixin.py:190} INFO - [2024-09-09T08:22:15.978+0000] {dag.py:4156} INFO - Setting next_dagrun for example_skip_dag to 2024-09-08 00:00:00+00:00, run_after=2024-09-09 00:00:00+00:00
[2024-09-09T08:22:15.997+0000] {processor.py:208} INFO - Processing /home/airflow/.local/lib/python3.12/site-packages/airflow/example_dags/example_skip_dag.py took 0.069 seconds
[2024-09-09T08:22:46.531+0000] {processor.py:186} INFO - Started process (PID=10653) to work on /home/airflow/.local/lib/python3.12/site-packages/airflow/example_dags/example_skip_dag.py
[2024-09-09T08:22:46.534+0000] {processor.py:914} INFO - Processing file /home/airflow/.local/lib/python3.12/site-packages/airflow/example_dags/example_skip_dag.py for tasks to queue
[2024-09-09T08:22:46.539+0000] {logging_mixin.py:190} INFO - [2024-09-09T08:22:46.538+0000] {dagbag.py:587} INFO - Filling up the DagBag from /home/airflow/.local/lib/python3.12/site-packages/airflow/example_dags/example_skip_dag.py
[2024-09-09T08:22:46.556+0000] {processor.py:925} INFO - DAG(s) 'example_skip_dag' retrieved from /home/airflow/.local/lib/python3.12/site-packages/airflow/example_dags/example_skip_dag.py
[2024-09-09T08:22:46.610+0000] {logging_mixin.py:190} INFO - [2024-09-09T08:22:46.610+0000] {dag.py:3229} INFO - Sync 1 DAGs
[2024-09-09T08:22:46.717+0000] {logging_mixin.py:190} INFO - [2024-09-09T08:22:46.717+0000] {dag.py:4156} INFO - Setting next_dagrun for example_skip_dag to 2024-09-08 00:00:00+00:00, run_after=2024-09-09 00:00:00+00:00
[2024-09-09T08:22:46.748+0000] {processor.py:208} INFO - Processing /home/airflow/.local/lib/python3.12/site-packages/airflow/example_dags/example_skip_dag.py took 0.233 seconds
[2024-09-09T08:23:17.619+0000] {processor.py:186} INFO - Started process (PID=10941) to work on /home/airflow/.local/lib/python3.12/site-packages/airflow/example_dags/example_skip_dag.py
[2024-09-09T08:23:17.620+0000] {processor.py:914} INFO - Processing file /home/airflow/.local/lib/python3.12/site-packages/airflow/example_dags/example_skip_dag.py for tasks to queue
[2024-09-09T08:23:17.622+0000] {logging_mixin.py:190} INFO - [2024-09-09T08:23:17.622+0000] {dagbag.py:587} INFO - Filling up the DagBag from /home/airflow/.local/lib/python3.12/site-packages/airflow/example_dags/example_skip_dag.py
[2024-09-09T08:23:17.628+0000] {processor.py:925} INFO - DAG(s) 'example_skip_dag' retrieved from /home/airflow/.local/lib/python3.12/site-packages/airflow/example_dags/example_skip_dag.py
[2024-09-09T08:23:17.645+0000] {logging_mixin.py:190} INFO - [2024-09-09T08:23:17.645+0000] {dag.py:3229} INFO - Sync 1 DAGs
[2024-09-09T08:23:17.662+0000] {logging_mixin.py:190} INFO - [2024-09-09T08:23:17.661+0000] {dag.py:4156} INFO - Setting next_dagrun for example_skip_dag to 2024-09-08 00:00:00+00:00, run_after=2024-09-09 00:00:00+00:00
[2024-09-09T08:23:17.681+0000] {processor.py:208} INFO - Processing /home/airflow/.local/lib/python3.12/site-packages/airflow/example_dags/example_skip_dag.py took 0.067 seconds
[2024-09-09T08:23:47.965+0000] {processor.py:186} INFO - Started process (PID=11232) to work on /home/airflow/.local/lib/python3.12/site-packages/airflow/example_dags/example_skip_dag.py
[2024-09-09T08:23:47.966+0000] {processor.py:914} INFO - Processing file /home/airflow/.local/lib/python3.12/site-packages/airflow/example_dags/example_skip_dag.py for tasks to queue
[2024-09-09T08:23:47.969+0000] {logging_mixin.py:190} INFO - [2024-09-09T08:23:47.968+0000] {dagbag.py:587} INFO - Filling up the DagBag from /home/airflow/.local/lib/python3.12/site-packages/airflow/example_dags/example_skip_dag.py
[2024-09-09T08:23:47.976+0000] {processor.py:925} INFO - DAG(s) 'example_skip_dag' retrieved from /home/airflow/.local/lib/python3.12/site-packages/airflow/example_dags/example_skip_dag.py
[2024-09-09T08:23:47.999+0000] {logging_mixin.py:190} INFO - [2024-09-09T08:23:47.999+0000] {dag.py:3229} INFO - Sync 1 DAGs
[2024-09-09T08:23:48.025+0000] {logging_mixin.py:190} INFO - [2024-09-09T08:23:48.025+0000] {dag.py:4156} INFO - Setting next_dagrun for example_skip_dag to 2024-09-08 00:00:00+00:00, run_after=2024-09-09 00:00:00+00:00
[2024-09-09T08:23:48.050+0000] {processor.py:208} INFO - Processing /home/airflow/.local/lib/python3.12/site-packages/airflow/example_dags/example_skip_dag.py took 0.092 seconds
[2024-09-09T08:24:18.088+0000] {processor.py:186} INFO - Started process (PID=11518) to work on /home/airflow/.local/lib/python3.12/site-packages/airflow/example_dags/example_skip_dag.py
[2024-09-09T08:24:18.090+0000] {processor.py:914} INFO - Processing file /home/airflow/.local/lib/python3.12/site-packages/airflow/example_dags/example_skip_dag.py for tasks to queue
[2024-09-09T08:24:18.093+0000] {logging_mixin.py:190} INFO - [2024-09-09T08:24:18.092+0000] {dagbag.py:587} INFO - Filling up the DagBag from /home/airflow/.local/lib/python3.12/site-packages/airflow/example_dags/example_skip_dag.py
[2024-09-09T08:24:18.101+0000] {processor.py:925} INFO - DAG(s) 'example_skip_dag' retrieved from /home/airflow/.local/lib/python3.12/site-packages/airflow/example_dags/example_skip_dag.py
[2024-09-09T08:24:18.121+0000] {logging_mixin.py:190} INFO - [2024-09-09T08:24:18.121+0000] {dag.py:3229} INFO - Sync 1 DAGs
[2024-09-09T08:24:18.148+0000] {logging_mixin.py:190} INFO - [2024-09-09T08:24:18.148+0000] {dag.py:4156} INFO - Setting next_dagrun for example_skip_dag to 2024-09-08 00:00:00+00:00, run_after=2024-09-09 00:00:00+00:00
[2024-09-09T08:24:18.189+0000] {processor.py:208} INFO - Processing /home/airflow/.local/lib/python3.12/site-packages/airflow/example_dags/example_skip_dag.py took 0.106 seconds
[2024-09-09T08:24:48.454+0000] {processor.py:186} INFO - Started process (PID=11804) to work on /home/airflow/.local/lib/python3.12/site-packages/airflow/example_dags/example_skip_dag.py
[2024-09-09T08:24:48.455+0000] {processor.py:914} INFO - Processing file /home/airflow/.local/lib/python3.12/site-packages/airflow/example_dags/example_skip_dag.py for tasks to queue
[2024-09-09T08:24:48.458+0000] {logging_mixin.py:190} INFO - [2024-09-09T08:24:48.458+0000] {dagbag.py:587} INFO - Filling up the DagBag from /home/airflow/.local/lib/python3.12/site-packages/airflow/example_dags/example_skip_dag.py
[2024-09-09T08:24:48.468+0000] {processor.py:925} INFO - DAG(s) 'example_skip_dag' retrieved from /home/airflow/.local/lib/python3.12/site-packages/airflow/example_dags/example_skip_dag.py
[2024-09-09T08:24:48.502+0000] {logging_mixin.py:190} INFO - [2024-09-09T08:24:48.501+0000] {dag.py:3229} INFO - Sync 1 DAGs
[2024-09-09T08:24:48.546+0000] {logging_mixin.py:190} INFO - [2024-09-09T08:24:48.546+0000] {dag.py:4156} INFO - Setting next_dagrun for example_skip_dag to 2024-09-08 00:00:00+00:00, run_after=2024-09-09 00:00:00+00:00
[2024-09-09T08:24:48.576+0000] {processor.py:208} INFO - Processing /home/airflow/.local/lib/python3.12/site-packages/airflow/example_dags/example_skip_dag.py took 0.129 seconds
[2024-09-09T08:25:18.832+0000] {processor.py:186} INFO - Started process (PID=12088) to work on /home/airflow/.local/lib/python3.12/site-packages/airflow/example_dags/example_skip_dag.py
[2024-09-09T08:25:18.833+0000] {processor.py:914} INFO - Processing file /home/airflow/.local/lib/python3.12/site-packages/airflow/example_dags/example_skip_dag.py for tasks to queue
[2024-09-09T08:25:18.835+0000] {logging_mixin.py:190} INFO - [2024-09-09T08:25:18.835+0000] {dagbag.py:587} INFO - Filling up the DagBag from /home/airflow/.local/lib/python3.12/site-packages/airflow/example_dags/example_skip_dag.py
[2024-09-09T08:25:18.842+0000] {processor.py:925} INFO - DAG(s) 'example_skip_dag' retrieved from /home/airflow/.local/lib/python3.12/site-packages/airflow/example_dags/example_skip_dag.py
[2024-09-09T08:25:18.868+0000] {logging_mixin.py:190} INFO - [2024-09-09T08:25:18.867+0000] {dag.py:3229} INFO - Sync 1 DAGs
[2024-09-09T08:25:18.900+0000] {logging_mixin.py:190} INFO - [2024-09-09T08:25:18.900+0000] {dag.py:4156} INFO - Setting next_dagrun for example_skip_dag to 2024-09-08 00:00:00+00:00, run_after=2024-09-09 00:00:00+00:00
[2024-09-09T08:25:18.955+0000] {processor.py:208} INFO - Processing /home/airflow/.local/lib/python3.12/site-packages/airflow/example_dags/example_skip_dag.py took 0.128 seconds
[2024-09-09T08:25:49.134+0000] {processor.py:186} INFO - Started process (PID=12370) to work on /home/airflow/.local/lib/python3.12/site-packages/airflow/example_dags/example_skip_dag.py
[2024-09-09T08:25:49.135+0000] {processor.py:914} INFO - Processing file /home/airflow/.local/lib/python3.12/site-packages/airflow/example_dags/example_skip_dag.py for tasks to queue
[2024-09-09T08:25:49.137+0000] {logging_mixin.py:190} INFO - [2024-09-09T08:25:49.137+0000] {dagbag.py:587} INFO - Filling up the DagBag from /home/airflow/.local/lib/python3.12/site-packages/airflow/example_dags/example_skip_dag.py
[2024-09-09T08:25:49.144+0000] {processor.py:925} INFO - DAG(s) 'example_skip_dag' retrieved from /home/airflow/.local/lib/python3.12/site-packages/airflow/example_dags/example_skip_dag.py
[2024-09-09T08:25:49.163+0000] {logging_mixin.py:190} INFO - [2024-09-09T08:25:49.163+0000] {dag.py:3229} INFO - Sync 1 DAGs
[2024-09-09T08:25:49.184+0000] {logging_mixin.py:190} INFO - [2024-09-09T08:25:49.184+0000] {dag.py:4156} INFO - Setting next_dagrun for example_skip_dag to 2024-09-08 00:00:00+00:00, run_after=2024-09-09 00:00:00+00:00
[2024-09-09T08:25:49.201+0000] {processor.py:208} INFO - Processing /home/airflow/.local/lib/python3.12/site-packages/airflow/example_dags/example_skip_dag.py took 0.072 seconds
[2024-09-09T08:26:20.007+0000] {processor.py:186} INFO - Started process (PID=12656) to work on /home/airflow/.local/lib/python3.12/site-packages/airflow/example_dags/example_skip_dag.py
[2024-09-09T08:26:20.008+0000] {processor.py:914} INFO - Processing file /home/airflow/.local/lib/python3.12/site-packages/airflow/example_dags/example_skip_dag.py for tasks to queue
[2024-09-09T08:26:20.011+0000] {logging_mixin.py:190} INFO - [2024-09-09T08:26:20.010+0000] {dagbag.py:587} INFO - Filling up the DagBag from /home/airflow/.local/lib/python3.12/site-packages/airflow/example_dags/example_skip_dag.py
[2024-09-09T08:26:20.017+0000] {processor.py:925} INFO - DAG(s) 'example_skip_dag' retrieved from /home/airflow/.local/lib/python3.12/site-packages/airflow/example_dags/example_skip_dag.py
[2024-09-09T08:26:20.038+0000] {logging_mixin.py:190} INFO - [2024-09-09T08:26:20.038+0000] {dag.py:3229} INFO - Sync 1 DAGs
[2024-09-09T08:26:20.065+0000] {logging_mixin.py:190} INFO - [2024-09-09T08:26:20.064+0000] {dag.py:4156} INFO - Setting next_dagrun for example_skip_dag to 2024-09-08 00:00:00+00:00, run_after=2024-09-09 00:00:00+00:00
[2024-09-09T08:26:20.084+0000] {processor.py:208} INFO - Processing /home/airflow/.local/lib/python3.12/site-packages/airflow/example_dags/example_skip_dag.py took 0.081 seconds
[2024-09-09T08:26:50.639+0000] {processor.py:186} INFO - Started process (PID=12942) to work on /home/airflow/.local/lib/python3.12/site-packages/airflow/example_dags/example_skip_dag.py
[2024-09-09T08:26:50.642+0000] {processor.py:914} INFO - Processing file /home/airflow/.local/lib/python3.12/site-packages/airflow/example_dags/example_skip_dag.py for tasks to queue
[2024-09-09T08:26:50.645+0000] {logging_mixin.py:190} INFO - [2024-09-09T08:26:50.644+0000] {dagbag.py:587} INFO - Filling up the DagBag from /home/airflow/.local/lib/python3.12/site-packages/airflow/example_dags/example_skip_dag.py
[2024-09-09T08:26:50.659+0000] {processor.py:925} INFO - DAG(s) 'example_skip_dag' retrieved from /home/airflow/.local/lib/python3.12/site-packages/airflow/example_dags/example_skip_dag.py
[2024-09-09T08:26:50.678+0000] {logging_mixin.py:190} INFO - [2024-09-09T08:26:50.678+0000] {dag.py:3229} INFO - Sync 1 DAGs
[2024-09-09T08:26:50.699+0000] {logging_mixin.py:190} INFO - [2024-09-09T08:26:50.698+0000] {dag.py:4156} INFO - Setting next_dagrun for example_skip_dag to 2024-09-08 00:00:00+00:00, run_after=2024-09-09 00:00:00+00:00
[2024-09-09T08:26:50.720+0000] {processor.py:208} INFO - Processing /home/airflow/.local/lib/python3.12/site-packages/airflow/example_dags/example_skip_dag.py took 0.085 seconds
[2024-09-09T08:27:21.266+0000] {processor.py:186} INFO - Started process (PID=13228) to work on /home/airflow/.local/lib/python3.12/site-packages/airflow/example_dags/example_skip_dag.py
[2024-09-09T08:27:21.267+0000] {processor.py:914} INFO - Processing file /home/airflow/.local/lib/python3.12/site-packages/airflow/example_dags/example_skip_dag.py for tasks to queue
[2024-09-09T08:27:21.269+0000] {logging_mixin.py:190} INFO - [2024-09-09T08:27:21.269+0000] {dagbag.py:587} INFO - Filling up the DagBag from /home/airflow/.local/lib/python3.12/site-packages/airflow/example_dags/example_skip_dag.py
[2024-09-09T08:27:21.276+0000] {processor.py:925} INFO - DAG(s) 'example_skip_dag' retrieved from /home/airflow/.local/lib/python3.12/site-packages/airflow/example_dags/example_skip_dag.py
[2024-09-09T08:27:21.295+0000] {logging_mixin.py:190} INFO - [2024-09-09T08:27:21.294+0000] {dag.py:3229} INFO - Sync 1 DAGs
[2024-09-09T08:27:21.315+0000] {logging_mixin.py:190} INFO - [2024-09-09T08:27:21.315+0000] {dag.py:4156} INFO - Setting next_dagrun for example_skip_dag to 2024-09-08 00:00:00+00:00, run_after=2024-09-09 00:00:00+00:00
[2024-09-09T08:27:21.337+0000] {processor.py:208} INFO - Processing /home/airflow/.local/lib/python3.12/site-packages/airflow/example_dags/example_skip_dag.py took 0.075 seconds
[2024-09-09T08:27:52.466+0000] {processor.py:186} INFO - Started process (PID=13514) to work on /home/airflow/.local/lib/python3.12/site-packages/airflow/example_dags/example_skip_dag.py
[2024-09-09T08:27:52.467+0000] {processor.py:914} INFO - Processing file /home/airflow/.local/lib/python3.12/site-packages/airflow/example_dags/example_skip_dag.py for tasks to queue
[2024-09-09T08:27:52.469+0000] {logging_mixin.py:190} INFO - [2024-09-09T08:27:52.469+0000] {dagbag.py:587} INFO - Filling up the DagBag from /home/airflow/.local/lib/python3.12/site-packages/airflow/example_dags/example_skip_dag.py
[2024-09-09T08:27:52.480+0000] {processor.py:925} INFO - DAG(s) 'example_skip_dag' retrieved from /home/airflow/.local/lib/python3.12/site-packages/airflow/example_dags/example_skip_dag.py
[2024-09-09T08:27:52.502+0000] {logging_mixin.py:190} INFO - [2024-09-09T08:27:52.502+0000] {dag.py:3229} INFO - Sync 1 DAGs
[2024-09-09T08:27:52.531+0000] {logging_mixin.py:190} INFO - [2024-09-09T08:27:52.531+0000] {dag.py:4156} INFO - Setting next_dagrun for example_skip_dag to 2024-09-08 00:00:00+00:00, run_after=2024-09-09 00:00:00+00:00
[2024-09-09T08:27:52.551+0000] {processor.py:208} INFO - Processing /home/airflow/.local/lib/python3.12/site-packages/airflow/example_dags/example_skip_dag.py took 0.090 seconds
[2024-09-09T08:28:25.624+0000] {processor.py:186} INFO - Started process (PID=13802) to work on /home/airflow/.local/lib/python3.12/site-packages/airflow/example_dags/example_skip_dag.py
[2024-09-09T08:28:25.627+0000] {processor.py:914} INFO - Processing file /home/airflow/.local/lib/python3.12/site-packages/airflow/example_dags/example_skip_dag.py for tasks to queue
[2024-09-09T08:28:25.630+0000] {logging_mixin.py:190} INFO - [2024-09-09T08:28:25.630+0000] {dagbag.py:587} INFO - Filling up the DagBag from /home/airflow/.local/lib/python3.12/site-packages/airflow/example_dags/example_skip_dag.py
[2024-09-09T08:28:25.640+0000] {processor.py:925} INFO - DAG(s) 'example_skip_dag' retrieved from /home/airflow/.local/lib/python3.12/site-packages/airflow/example_dags/example_skip_dag.py
[2024-09-09T08:28:25.667+0000] {logging_mixin.py:190} INFO - [2024-09-09T08:28:25.666+0000] {dag.py:3229} INFO - Sync 1 DAGs
[2024-09-09T08:28:25.705+0000] {logging_mixin.py:190} INFO - [2024-09-09T08:28:25.705+0000] {dag.py:4156} INFO - Setting next_dagrun for example_skip_dag to 2024-09-08 00:00:00+00:00, run_after=2024-09-09 00:00:00+00:00
[2024-09-09T08:28:25.763+0000] {processor.py:208} INFO - Processing /home/airflow/.local/lib/python3.12/site-packages/airflow/example_dags/example_skip_dag.py took 0.147 seconds
[2024-09-09T08:28:56.904+0000] {processor.py:186} INFO - Started process (PID=14086) to work on /home/airflow/.local/lib/python3.12/site-packages/airflow/example_dags/example_skip_dag.py
[2024-09-09T08:28:56.910+0000] {processor.py:914} INFO - Processing file /home/airflow/.local/lib/python3.12/site-packages/airflow/example_dags/example_skip_dag.py for tasks to queue
[2024-09-09T08:28:56.920+0000] {logging_mixin.py:190} INFO - [2024-09-09T08:28:56.919+0000] {dagbag.py:587} INFO - Filling up the DagBag from /home/airflow/.local/lib/python3.12/site-packages/airflow/example_dags/example_skip_dag.py
[2024-09-09T08:28:56.940+0000] {processor.py:925} INFO - DAG(s) 'example_skip_dag' retrieved from /home/airflow/.local/lib/python3.12/site-packages/airflow/example_dags/example_skip_dag.py
[2024-09-09T08:28:56.974+0000] {logging_mixin.py:190} INFO - [2024-09-09T08:28:56.973+0000] {dag.py:3229} INFO - Sync 1 DAGs
[2024-09-09T08:28:57.011+0000] {logging_mixin.py:190} INFO - [2024-09-09T08:28:57.010+0000] {dag.py:4156} INFO - Setting next_dagrun for example_skip_dag to 2024-09-08 00:00:00+00:00, run_after=2024-09-09 00:00:00+00:00
[2024-09-09T08:28:57.043+0000] {processor.py:208} INFO - Processing /home/airflow/.local/lib/python3.12/site-packages/airflow/example_dags/example_skip_dag.py took 0.150 seconds
[2024-09-09T08:29:27.838+0000] {processor.py:186} INFO - Started process (PID=14372) to work on /home/airflow/.local/lib/python3.12/site-packages/airflow/example_dags/example_skip_dag.py
[2024-09-09T08:29:27.839+0000] {processor.py:914} INFO - Processing file /home/airflow/.local/lib/python3.12/site-packages/airflow/example_dags/example_skip_dag.py for tasks to queue
[2024-09-09T08:29:27.843+0000] {logging_mixin.py:190} INFO - [2024-09-09T08:29:27.842+0000] {dagbag.py:587} INFO - Filling up the DagBag from /home/airflow/.local/lib/python3.12/site-packages/airflow/example_dags/example_skip_dag.py
[2024-09-09T08:29:27.852+0000] {processor.py:925} INFO - DAG(s) 'example_skip_dag' retrieved from /home/airflow/.local/lib/python3.12/site-packages/airflow/example_dags/example_skip_dag.py
[2024-09-09T08:29:27.885+0000] {logging_mixin.py:190} INFO - [2024-09-09T08:29:27.885+0000] {dag.py:3229} INFO - Sync 1 DAGs
[2024-09-09T08:29:27.927+0000] {logging_mixin.py:190} INFO - [2024-09-09T08:29:27.927+0000] {dag.py:4156} INFO - Setting next_dagrun for example_skip_dag to 2024-09-08 00:00:00+00:00, run_after=2024-09-09 00:00:00+00:00
[2024-09-09T08:29:27.977+0000] {processor.py:208} INFO - Processing /home/airflow/.local/lib/python3.12/site-packages/airflow/example_dags/example_skip_dag.py took 0.147 seconds
[2024-09-09T08:29:58.190+0000] {processor.py:186} INFO - Started process (PID=14658) to work on /home/airflow/.local/lib/python3.12/site-packages/airflow/example_dags/example_skip_dag.py
[2024-09-09T08:29:58.198+0000] {processor.py:914} INFO - Processing file /home/airflow/.local/lib/python3.12/site-packages/airflow/example_dags/example_skip_dag.py for tasks to queue
[2024-09-09T08:29:58.203+0000] {logging_mixin.py:190} INFO - [2024-09-09T08:29:58.202+0000] {dagbag.py:587} INFO - Filling up the DagBag from /home/airflow/.local/lib/python3.12/site-packages/airflow/example_dags/example_skip_dag.py
[2024-09-09T08:29:58.218+0000] {processor.py:925} INFO - DAG(s) 'example_skip_dag' retrieved from /home/airflow/.local/lib/python3.12/site-packages/airflow/example_dags/example_skip_dag.py
[2024-09-09T08:29:58.247+0000] {logging_mixin.py:190} INFO - [2024-09-09T08:29:58.247+0000] {dag.py:3229} INFO - Sync 1 DAGs
[2024-09-09T08:29:58.285+0000] {logging_mixin.py:190} INFO - [2024-09-09T08:29:58.284+0000] {dag.py:4156} INFO - Setting next_dagrun for example_skip_dag to 2024-09-08 00:00:00+00:00, run_after=2024-09-09 00:00:00+00:00
[2024-09-09T08:29:58.314+0000] {processor.py:208} INFO - Processing /home/airflow/.local/lib/python3.12/site-packages/airflow/example_dags/example_skip_dag.py took 0.138 seconds
[2024-09-09T08:30:28.766+0000] {processor.py:186} INFO - Started process (PID=14944) to work on /home/airflow/.local/lib/python3.12/site-packages/airflow/example_dags/example_skip_dag.py
[2024-09-09T08:30:28.768+0000] {processor.py:914} INFO - Processing file /home/airflow/.local/lib/python3.12/site-packages/airflow/example_dags/example_skip_dag.py for tasks to queue
[2024-09-09T08:30:28.771+0000] {logging_mixin.py:190} INFO - [2024-09-09T08:30:28.770+0000] {dagbag.py:587} INFO - Filling up the DagBag from /home/airflow/.local/lib/python3.12/site-packages/airflow/example_dags/example_skip_dag.py
[2024-09-09T08:30:28.780+0000] {processor.py:925} INFO - DAG(s) 'example_skip_dag' retrieved from /home/airflow/.local/lib/python3.12/site-packages/airflow/example_dags/example_skip_dag.py
[2024-09-09T08:30:28.804+0000] {logging_mixin.py:190} INFO - [2024-09-09T08:30:28.804+0000] {dag.py:3229} INFO - Sync 1 DAGs
[2024-09-09T08:30:28.833+0000] {logging_mixin.py:190} INFO - [2024-09-09T08:30:28.832+0000] {dag.py:4156} INFO - Setting next_dagrun for example_skip_dag to 2024-09-08 00:00:00+00:00, run_after=2024-09-09 00:00:00+00:00
[2024-09-09T08:30:28.856+0000] {processor.py:208} INFO - Processing /home/airflow/.local/lib/python3.12/site-packages/airflow/example_dags/example_skip_dag.py took 0.098 seconds
[2024-09-09T08:31:00.076+0000] {processor.py:186} INFO - Started process (PID=15230) to work on /home/airflow/.local/lib/python3.12/site-packages/airflow/example_dags/example_skip_dag.py
[2024-09-09T08:31:00.085+0000] {processor.py:914} INFO - Processing file /home/airflow/.local/lib/python3.12/site-packages/airflow/example_dags/example_skip_dag.py for tasks to queue
[2024-09-09T08:31:00.094+0000] {logging_mixin.py:190} INFO - [2024-09-09T08:31:00.094+0000] {dagbag.py:587} INFO - Filling up the DagBag from /home/airflow/.local/lib/python3.12/site-packages/airflow/example_dags/example_skip_dag.py
[2024-09-09T08:31:00.117+0000] {processor.py:925} INFO - DAG(s) 'example_skip_dag' retrieved from /home/airflow/.local/lib/python3.12/site-packages/airflow/example_dags/example_skip_dag.py
[2024-09-09T08:31:00.157+0000] {logging_mixin.py:190} INFO - [2024-09-09T08:31:00.156+0000] {dag.py:3229} INFO - Sync 1 DAGs
[2024-09-09T08:31:00.191+0000] {logging_mixin.py:190} INFO - [2024-09-09T08:31:00.190+0000] {dag.py:4156} INFO - Setting next_dagrun for example_skip_dag to 2024-09-08 00:00:00+00:00, run_after=2024-09-09 00:00:00+00:00
[2024-09-09T08:31:00.221+0000] {processor.py:208} INFO - Processing /home/airflow/.local/lib/python3.12/site-packages/airflow/example_dags/example_skip_dag.py took 0.153 seconds
[2024-09-09T08:31:31.651+0000] {processor.py:186} INFO - Started process (PID=15516) to work on /home/airflow/.local/lib/python3.12/site-packages/airflow/example_dags/example_skip_dag.py
[2024-09-09T08:31:31.652+0000] {processor.py:914} INFO - Processing file /home/airflow/.local/lib/python3.12/site-packages/airflow/example_dags/example_skip_dag.py for tasks to queue
[2024-09-09T08:31:31.655+0000] {logging_mixin.py:190} INFO - [2024-09-09T08:31:31.654+0000] {dagbag.py:587} INFO - Filling up the DagBag from /home/airflow/.local/lib/python3.12/site-packages/airflow/example_dags/example_skip_dag.py
[2024-09-09T08:31:31.662+0000] {processor.py:925} INFO - DAG(s) 'example_skip_dag' retrieved from /home/airflow/.local/lib/python3.12/site-packages/airflow/example_dags/example_skip_dag.py
[2024-09-09T08:31:31.685+0000] {logging_mixin.py:190} INFO - [2024-09-09T08:31:31.684+0000] {dag.py:3229} INFO - Sync 1 DAGs
[2024-09-09T08:31:31.887+0000] {logging_mixin.py:190} INFO - [2024-09-09T08:31:31.887+0000] {dag.py:4156} INFO - Setting next_dagrun for example_skip_dag to 2024-09-08 00:00:00+00:00, run_after=2024-09-09 00:00:00+00:00
[2024-09-09T08:31:31.905+0000] {processor.py:208} INFO - Processing /home/airflow/.local/lib/python3.12/site-packages/airflow/example_dags/example_skip_dag.py took 0.260 seconds
[2024-09-09T08:32:01.975+0000] {processor.py:186} INFO - Started process (PID=15802) to work on /home/airflow/.local/lib/python3.12/site-packages/airflow/example_dags/example_skip_dag.py
[2024-09-09T08:32:01.976+0000] {processor.py:914} INFO - Processing file /home/airflow/.local/lib/python3.12/site-packages/airflow/example_dags/example_skip_dag.py for tasks to queue
[2024-09-09T08:32:01.978+0000] {logging_mixin.py:190} INFO - [2024-09-09T08:32:01.978+0000] {dagbag.py:587} INFO - Filling up the DagBag from /home/airflow/.local/lib/python3.12/site-packages/airflow/example_dags/example_skip_dag.py
[2024-09-09T08:32:01.985+0000] {processor.py:925} INFO - DAG(s) 'example_skip_dag' retrieved from /home/airflow/.local/lib/python3.12/site-packages/airflow/example_dags/example_skip_dag.py
[2024-09-09T08:32:02.005+0000] {logging_mixin.py:190} INFO - [2024-09-09T08:32:02.004+0000] {dag.py:3229} INFO - Sync 1 DAGs
[2024-09-09T08:32:02.026+0000] {logging_mixin.py:190} INFO - [2024-09-09T08:32:02.026+0000] {dag.py:4156} INFO - Setting next_dagrun for example_skip_dag to 2024-09-08 00:00:00+00:00, run_after=2024-09-09 00:00:00+00:00
[2024-09-09T08:32:02.045+0000] {processor.py:208} INFO - Processing /home/airflow/.local/lib/python3.12/site-packages/airflow/example_dags/example_skip_dag.py took 0.075 seconds
[2024-09-09T08:32:34.219+0000] {processor.py:186} INFO - Started process (PID=16088) to work on /home/airflow/.local/lib/python3.12/site-packages/airflow/example_dags/example_skip_dag.py
[2024-09-09T08:32:34.220+0000] {processor.py:914} INFO - Processing file /home/airflow/.local/lib/python3.12/site-packages/airflow/example_dags/example_skip_dag.py for tasks to queue
[2024-09-09T08:32:34.224+0000] {logging_mixin.py:190} INFO - [2024-09-09T08:32:34.224+0000] {dagbag.py:587} INFO - Filling up the DagBag from /home/airflow/.local/lib/python3.12/site-packages/airflow/example_dags/example_skip_dag.py
[2024-09-09T08:32:34.237+0000] {processor.py:925} INFO - DAG(s) 'example_skip_dag' retrieved from /home/airflow/.local/lib/python3.12/site-packages/airflow/example_dags/example_skip_dag.py
[2024-09-09T08:32:34.271+0000] {logging_mixin.py:190} INFO - [2024-09-09T08:32:34.271+0000] {dag.py:3229} INFO - Sync 1 DAGs
[2024-09-09T08:32:34.315+0000] {logging_mixin.py:190} INFO - [2024-09-09T08:32:34.315+0000] {dag.py:4156} INFO - Setting next_dagrun for example_skip_dag to 2024-09-08 00:00:00+00:00, run_after=2024-09-09 00:00:00+00:00
[2024-09-09T08:32:34.342+0000] {processor.py:208} INFO - Processing /home/airflow/.local/lib/python3.12/site-packages/airflow/example_dags/example_skip_dag.py took 0.133 seconds
[2024-09-09T08:33:04.460+0000] {processor.py:186} INFO - Started process (PID=16375) to work on /home/airflow/.local/lib/python3.12/site-packages/airflow/example_dags/example_skip_dag.py
[2024-09-09T08:33:04.467+0000] {processor.py:914} INFO - Processing file /home/airflow/.local/lib/python3.12/site-packages/airflow/example_dags/example_skip_dag.py for tasks to queue
[2024-09-09T08:33:04.470+0000] {logging_mixin.py:190} INFO - [2024-09-09T08:33:04.470+0000] {dagbag.py:587} INFO - Filling up the DagBag from /home/airflow/.local/lib/python3.12/site-packages/airflow/example_dags/example_skip_dag.py
[2024-09-09T08:33:04.482+0000] {processor.py:925} INFO - DAG(s) 'example_skip_dag' retrieved from /home/airflow/.local/lib/python3.12/site-packages/airflow/example_dags/example_skip_dag.py
[2024-09-09T08:33:04.504+0000] {logging_mixin.py:190} INFO - [2024-09-09T08:33:04.503+0000] {dag.py:3229} INFO - Sync 1 DAGs
[2024-09-09T08:33:04.525+0000] {logging_mixin.py:190} INFO - [2024-09-09T08:33:04.525+0000] {dag.py:4156} INFO - Setting next_dagrun for example_skip_dag to 2024-09-08 00:00:00+00:00, run_after=2024-09-09 00:00:00+00:00
[2024-09-09T08:33:04.545+0000] {processor.py:208} INFO - Processing /home/airflow/.local/lib/python3.12/site-packages/airflow/example_dags/example_skip_dag.py took 0.093 seconds
[2024-09-09T08:33:35.378+0000] {processor.py:186} INFO - Started process (PID=16659) to work on /home/airflow/.local/lib/python3.12/site-packages/airflow/example_dags/example_skip_dag.py
[2024-09-09T08:33:35.380+0000] {processor.py:914} INFO - Processing file /home/airflow/.local/lib/python3.12/site-packages/airflow/example_dags/example_skip_dag.py for tasks to queue
[2024-09-09T08:33:35.383+0000] {logging_mixin.py:190} INFO - [2024-09-09T08:33:35.383+0000] {dagbag.py:587} INFO - Filling up the DagBag from /home/airflow/.local/lib/python3.12/site-packages/airflow/example_dags/example_skip_dag.py
[2024-09-09T08:33:35.392+0000] {processor.py:925} INFO - DAG(s) 'example_skip_dag' retrieved from /home/airflow/.local/lib/python3.12/site-packages/airflow/example_dags/example_skip_dag.py
[2024-09-09T08:33:35.418+0000] {logging_mixin.py:190} INFO - [2024-09-09T08:33:35.418+0000] {dag.py:3229} INFO - Sync 1 DAGs
[2024-09-09T08:33:35.448+0000] {logging_mixin.py:190} INFO - [2024-09-09T08:33:35.448+0000] {dag.py:4156} INFO - Setting next_dagrun for example_skip_dag to 2024-09-08 00:00:00+00:00, run_after=2024-09-09 00:00:00+00:00
[2024-09-09T08:33:35.470+0000] {processor.py:208} INFO - Processing /home/airflow/.local/lib/python3.12/site-packages/airflow/example_dags/example_skip_dag.py took 0.098 seconds
[2024-09-09T08:34:07.261+0000] {processor.py:186} INFO - Started process (PID=16945) to work on /home/airflow/.local/lib/python3.12/site-packages/airflow/example_dags/example_skip_dag.py
[2024-09-09T08:34:07.262+0000] {processor.py:914} INFO - Processing file /home/airflow/.local/lib/python3.12/site-packages/airflow/example_dags/example_skip_dag.py for tasks to queue
[2024-09-09T08:34:07.265+0000] {logging_mixin.py:190} INFO - [2024-09-09T08:34:07.264+0000] {dagbag.py:587} INFO - Filling up the DagBag from /home/airflow/.local/lib/python3.12/site-packages/airflow/example_dags/example_skip_dag.py
[2024-09-09T08:34:07.274+0000] {processor.py:925} INFO - DAG(s) 'example_skip_dag' retrieved from /home/airflow/.local/lib/python3.12/site-packages/airflow/example_dags/example_skip_dag.py
[2024-09-09T08:34:07.454+0000] {logging_mixin.py:190} INFO - [2024-09-09T08:34:07.454+0000] {dag.py:3229} INFO - Sync 1 DAGs
[2024-09-09T08:34:07.471+0000] {logging_mixin.py:190} INFO - [2024-09-09T08:34:07.471+0000] {dag.py:4156} INFO - Setting next_dagrun for example_skip_dag to 2024-09-08 00:00:00+00:00, run_after=2024-09-09 00:00:00+00:00
[2024-09-09T08:34:07.489+0000] {processor.py:208} INFO - Processing /home/airflow/.local/lib/python3.12/site-packages/airflow/example_dags/example_skip_dag.py took 0.233 seconds
[2024-09-09T08:34:37.949+0000] {processor.py:186} INFO - Started process (PID=17231) to work on /home/airflow/.local/lib/python3.12/site-packages/airflow/example_dags/example_skip_dag.py
[2024-09-09T08:34:37.950+0000] {processor.py:914} INFO - Processing file /home/airflow/.local/lib/python3.12/site-packages/airflow/example_dags/example_skip_dag.py for tasks to queue
[2024-09-09T08:34:37.952+0000] {logging_mixin.py:190} INFO - [2024-09-09T08:34:37.952+0000] {dagbag.py:587} INFO - Filling up the DagBag from /home/airflow/.local/lib/python3.12/site-packages/airflow/example_dags/example_skip_dag.py
[2024-09-09T08:34:37.960+0000] {processor.py:925} INFO - DAG(s) 'example_skip_dag' retrieved from /home/airflow/.local/lib/python3.12/site-packages/airflow/example_dags/example_skip_dag.py
[2024-09-09T08:34:37.984+0000] {logging_mixin.py:190} INFO - [2024-09-09T08:34:37.984+0000] {dag.py:3229} INFO - Sync 1 DAGs
[2024-09-09T08:34:38.004+0000] {logging_mixin.py:190} INFO - [2024-09-09T08:34:38.004+0000] {dag.py:4156} INFO - Setting next_dagrun for example_skip_dag to 2024-09-08 00:00:00+00:00, run_after=2024-09-09 00:00:00+00:00
[2024-09-09T08:34:38.026+0000] {processor.py:208} INFO - Processing /home/airflow/.local/lib/python3.12/site-packages/airflow/example_dags/example_skip_dag.py took 0.083 seconds
[2024-09-09T08:35:08.688+0000] {processor.py:186} INFO - Started process (PID=17519) to work on /home/airflow/.local/lib/python3.12/site-packages/airflow/example_dags/example_skip_dag.py
[2024-09-09T08:35:08.689+0000] {processor.py:914} INFO - Processing file /home/airflow/.local/lib/python3.12/site-packages/airflow/example_dags/example_skip_dag.py for tasks to queue
[2024-09-09T08:35:08.691+0000] {logging_mixin.py:190} INFO - [2024-09-09T08:35:08.691+0000] {dagbag.py:587} INFO - Filling up the DagBag from /home/airflow/.local/lib/python3.12/site-packages/airflow/example_dags/example_skip_dag.py
[2024-09-09T08:35:08.699+0000] {processor.py:925} INFO - DAG(s) 'example_skip_dag' retrieved from /home/airflow/.local/lib/python3.12/site-packages/airflow/example_dags/example_skip_dag.py
[2024-09-09T08:35:08.721+0000] {logging_mixin.py:190} INFO - [2024-09-09T08:35:08.721+0000] {dag.py:3229} INFO - Sync 1 DAGs
[2024-09-09T08:35:08.741+0000] {logging_mixin.py:190} INFO - [2024-09-09T08:35:08.741+0000] {dag.py:4156} INFO - Setting next_dagrun for example_skip_dag to 2024-09-08 00:00:00+00:00, run_after=2024-09-09 00:00:00+00:00
[2024-09-09T08:35:08.761+0000] {processor.py:208} INFO - Processing /home/airflow/.local/lib/python3.12/site-packages/airflow/example_dags/example_skip_dag.py took 0.080 seconds
[2024-09-09T08:35:39.067+0000] {processor.py:186} INFO - Started process (PID=17803) to work on /home/airflow/.local/lib/python3.12/site-packages/airflow/example_dags/example_skip_dag.py
[2024-09-09T08:35:39.068+0000] {processor.py:914} INFO - Processing file /home/airflow/.local/lib/python3.12/site-packages/airflow/example_dags/example_skip_dag.py for tasks to queue
[2024-09-09T08:35:39.072+0000] {logging_mixin.py:190} INFO - [2024-09-09T08:35:39.071+0000] {dagbag.py:587} INFO - Filling up the DagBag from /home/airflow/.local/lib/python3.12/site-packages/airflow/example_dags/example_skip_dag.py
[2024-09-09T08:35:39.080+0000] {processor.py:925} INFO - DAG(s) 'example_skip_dag' retrieved from /home/airflow/.local/lib/python3.12/site-packages/airflow/example_dags/example_skip_dag.py
[2024-09-09T08:35:39.099+0000] {logging_mixin.py:190} INFO - [2024-09-09T08:35:39.099+0000] {dag.py:3229} INFO - Sync 1 DAGs
[2024-09-09T08:35:39.123+0000] {logging_mixin.py:190} INFO - [2024-09-09T08:35:39.123+0000] {dag.py:4156} INFO - Setting next_dagrun for example_skip_dag to 2024-09-08 00:00:00+00:00, run_after=2024-09-09 00:00:00+00:00
[2024-09-09T08:35:39.142+0000] {processor.py:208} INFO - Processing /home/airflow/.local/lib/python3.12/site-packages/airflow/example_dags/example_skip_dag.py took 0.080 seconds
[2024-09-09T08:36:10.398+0000] {processor.py:186} INFO - Started process (PID=18091) to work on /home/airflow/.local/lib/python3.12/site-packages/airflow/example_dags/example_skip_dag.py
[2024-09-09T08:36:10.399+0000] {processor.py:914} INFO - Processing file /home/airflow/.local/lib/python3.12/site-packages/airflow/example_dags/example_skip_dag.py for tasks to queue
[2024-09-09T08:36:10.405+0000] {logging_mixin.py:190} INFO - [2024-09-09T08:36:10.404+0000] {dagbag.py:587} INFO - Filling up the DagBag from /home/airflow/.local/lib/python3.12/site-packages/airflow/example_dags/example_skip_dag.py
[2024-09-09T08:36:10.417+0000] {processor.py:925} INFO - DAG(s) 'example_skip_dag' retrieved from /home/airflow/.local/lib/python3.12/site-packages/airflow/example_dags/example_skip_dag.py
[2024-09-09T08:36:10.459+0000] {logging_mixin.py:190} INFO - [2024-09-09T08:36:10.458+0000] {dag.py:3229} INFO - Sync 1 DAGs
[2024-09-09T08:36:10.505+0000] {logging_mixin.py:190} INFO - [2024-09-09T08:36:10.504+0000] {dag.py:4156} INFO - Setting next_dagrun for example_skip_dag to 2024-09-08 00:00:00+00:00, run_after=2024-09-09 00:00:00+00:00
[2024-09-09T08:36:10.536+0000] {processor.py:208} INFO - Processing /home/airflow/.local/lib/python3.12/site-packages/airflow/example_dags/example_skip_dag.py took 0.147 seconds
[2024-09-09T08:36:41.175+0000] {processor.py:186} INFO - Started process (PID=18375) to work on /home/airflow/.local/lib/python3.12/site-packages/airflow/example_dags/example_skip_dag.py
[2024-09-09T08:36:41.177+0000] {processor.py:914} INFO - Processing file /home/airflow/.local/lib/python3.12/site-packages/airflow/example_dags/example_skip_dag.py for tasks to queue
[2024-09-09T08:36:41.179+0000] {logging_mixin.py:190} INFO - [2024-09-09T08:36:41.179+0000] {dagbag.py:587} INFO - Filling up the DagBag from /home/airflow/.local/lib/python3.12/site-packages/airflow/example_dags/example_skip_dag.py
[2024-09-09T08:36:41.187+0000] {processor.py:925} INFO - DAG(s) 'example_skip_dag' retrieved from /home/airflow/.local/lib/python3.12/site-packages/airflow/example_dags/example_skip_dag.py
[2024-09-09T08:36:41.209+0000] {logging_mixin.py:190} INFO - [2024-09-09T08:36:41.208+0000] {dag.py:3229} INFO - Sync 1 DAGs
[2024-09-09T08:36:41.228+0000] {logging_mixin.py:190} INFO - [2024-09-09T08:36:41.228+0000] {dag.py:4156} INFO - Setting next_dagrun for example_skip_dag to 2024-09-08 00:00:00+00:00, run_after=2024-09-09 00:00:00+00:00
[2024-09-09T08:36:41.250+0000] {processor.py:208} INFO - Processing /home/airflow/.local/lib/python3.12/site-packages/airflow/example_dags/example_skip_dag.py took 0.080 seconds
[2024-09-09T08:37:12.068+0000] {processor.py:186} INFO - Started process (PID=18661) to work on /home/airflow/.local/lib/python3.12/site-packages/airflow/example_dags/example_skip_dag.py
[2024-09-09T08:37:12.079+0000] {processor.py:914} INFO - Processing file /home/airflow/.local/lib/python3.12/site-packages/airflow/example_dags/example_skip_dag.py for tasks to queue
[2024-09-09T08:37:12.085+0000] {logging_mixin.py:190} INFO - [2024-09-09T08:37:12.084+0000] {dagbag.py:587} INFO - Filling up the DagBag from /home/airflow/.local/lib/python3.12/site-packages/airflow/example_dags/example_skip_dag.py
[2024-09-09T08:37:12.117+0000] {processor.py:925} INFO - DAG(s) 'example_skip_dag' retrieved from /home/airflow/.local/lib/python3.12/site-packages/airflow/example_dags/example_skip_dag.py
[2024-09-09T08:37:12.198+0000] {logging_mixin.py:190} INFO - [2024-09-09T08:37:12.198+0000] {dag.py:3229} INFO - Sync 1 DAGs
[2024-09-09T08:37:12.253+0000] {logging_mixin.py:190} INFO - [2024-09-09T08:37:12.252+0000] {dag.py:4156} INFO - Setting next_dagrun for example_skip_dag to 2024-09-08 00:00:00+00:00, run_after=2024-09-09 00:00:00+00:00
[2024-09-09T08:37:12.281+0000] {processor.py:208} INFO - Processing /home/airflow/.local/lib/python3.12/site-packages/airflow/example_dags/example_skip_dag.py took 0.234 seconds
[2024-09-09T08:37:42.888+0000] {processor.py:186} INFO - Started process (PID=18949) to work on /home/airflow/.local/lib/python3.12/site-packages/airflow/example_dags/example_skip_dag.py
[2024-09-09T08:37:42.888+0000] {processor.py:914} INFO - Processing file /home/airflow/.local/lib/python3.12/site-packages/airflow/example_dags/example_skip_dag.py for tasks to queue
[2024-09-09T08:37:42.890+0000] {logging_mixin.py:190} INFO - [2024-09-09T08:37:42.890+0000] {dagbag.py:587} INFO - Filling up the DagBag from /home/airflow/.local/lib/python3.12/site-packages/airflow/example_dags/example_skip_dag.py
[2024-09-09T08:37:42.898+0000] {processor.py:925} INFO - DAG(s) 'example_skip_dag' retrieved from /home/airflow/.local/lib/python3.12/site-packages/airflow/example_dags/example_skip_dag.py
[2024-09-09T08:37:42.920+0000] {logging_mixin.py:190} INFO - [2024-09-09T08:37:42.920+0000] {dag.py:3229} INFO - Sync 1 DAGs
[2024-09-09T08:37:42.942+0000] {logging_mixin.py:190} INFO - [2024-09-09T08:37:42.942+0000] {dag.py:4156} INFO - Setting next_dagrun for example_skip_dag to 2024-09-08 00:00:00+00:00, run_after=2024-09-09 00:00:00+00:00
[2024-09-09T08:37:42.967+0000] {processor.py:208} INFO - Processing /home/airflow/.local/lib/python3.12/site-packages/airflow/example_dags/example_skip_dag.py took 0.085 seconds
[2024-09-09T08:38:13.579+0000] {processor.py:186} INFO - Started process (PID=19239) to work on /home/airflow/.local/lib/python3.12/site-packages/airflow/example_dags/example_skip_dag.py
[2024-09-09T08:38:13.580+0000] {processor.py:914} INFO - Processing file /home/airflow/.local/lib/python3.12/site-packages/airflow/example_dags/example_skip_dag.py for tasks to queue
[2024-09-09T08:38:13.583+0000] {logging_mixin.py:190} INFO - [2024-09-09T08:38:13.583+0000] {dagbag.py:587} INFO - Filling up the DagBag from /home/airflow/.local/lib/python3.12/site-packages/airflow/example_dags/example_skip_dag.py
[2024-09-09T08:38:13.591+0000] {processor.py:925} INFO - DAG(s) 'example_skip_dag' retrieved from /home/airflow/.local/lib/python3.12/site-packages/airflow/example_dags/example_skip_dag.py
[2024-09-09T08:38:13.614+0000] {logging_mixin.py:190} INFO - [2024-09-09T08:38:13.613+0000] {dag.py:3229} INFO - Sync 1 DAGs
[2024-09-09T08:38:13.637+0000] {logging_mixin.py:190} INFO - [2024-09-09T08:38:13.636+0000] {dag.py:4156} INFO - Setting next_dagrun for example_skip_dag to 2024-09-08 00:00:00+00:00, run_after=2024-09-09 00:00:00+00:00
[2024-09-09T08:38:13.658+0000] {processor.py:208} INFO - Processing /home/airflow/.local/lib/python3.12/site-packages/airflow/example_dags/example_skip_dag.py took 0.085 seconds
[2024-09-09T08:38:44.578+0000] {processor.py:186} INFO - Started process (PID=19525) to work on /home/airflow/.local/lib/python3.12/site-packages/airflow/example_dags/example_skip_dag.py
[2024-09-09T08:38:44.579+0000] {processor.py:914} INFO - Processing file /home/airflow/.local/lib/python3.12/site-packages/airflow/example_dags/example_skip_dag.py for tasks to queue
[2024-09-09T08:38:44.582+0000] {logging_mixin.py:190} INFO - [2024-09-09T08:38:44.581+0000] {dagbag.py:587} INFO - Filling up the DagBag from /home/airflow/.local/lib/python3.12/site-packages/airflow/example_dags/example_skip_dag.py
[2024-09-09T08:38:44.590+0000] {processor.py:925} INFO - DAG(s) 'example_skip_dag' retrieved from /home/airflow/.local/lib/python3.12/site-packages/airflow/example_dags/example_skip_dag.py
[2024-09-09T08:38:44.615+0000] {logging_mixin.py:190} INFO - [2024-09-09T08:38:44.615+0000] {dag.py:3229} INFO - Sync 1 DAGs
[2024-09-09T08:38:44.639+0000] {logging_mixin.py:190} INFO - [2024-09-09T08:38:44.639+0000] {dag.py:4156} INFO - Setting next_dagrun for example_skip_dag to 2024-09-08 00:00:00+00:00, run_after=2024-09-09 00:00:00+00:00
[2024-09-09T08:38:44.662+0000] {processor.py:208} INFO - Processing /home/airflow/.local/lib/python3.12/site-packages/airflow/example_dags/example_skip_dag.py took 0.090 seconds
[2024-09-09T08:39:14.944+0000] {processor.py:186} INFO - Started process (PID=19811) to work on /home/airflow/.local/lib/python3.12/site-packages/airflow/example_dags/example_skip_dag.py
[2024-09-09T08:39:14.945+0000] {processor.py:914} INFO - Processing file /home/airflow/.local/lib/python3.12/site-packages/airflow/example_dags/example_skip_dag.py for tasks to queue
[2024-09-09T08:39:14.948+0000] {logging_mixin.py:190} INFO - [2024-09-09T08:39:14.948+0000] {dagbag.py:587} INFO - Filling up the DagBag from /home/airflow/.local/lib/python3.12/site-packages/airflow/example_dags/example_skip_dag.py
[2024-09-09T08:39:14.958+0000] {processor.py:925} INFO - DAG(s) 'example_skip_dag' retrieved from /home/airflow/.local/lib/python3.12/site-packages/airflow/example_dags/example_skip_dag.py
[2024-09-09T08:39:14.986+0000] {logging_mixin.py:190} INFO - [2024-09-09T08:39:14.985+0000] {dag.py:3229} INFO - Sync 1 DAGs
[2024-09-09T08:39:15.014+0000] {logging_mixin.py:190} INFO - [2024-09-09T08:39:15.014+0000] {dag.py:4156} INFO - Setting next_dagrun for example_skip_dag to 2024-09-08 00:00:00+00:00, run_after=2024-09-09 00:00:00+00:00
[2024-09-09T08:39:15.051+0000] {processor.py:208} INFO - Processing /home/airflow/.local/lib/python3.12/site-packages/airflow/example_dags/example_skip_dag.py took 0.113 seconds
[2024-09-09T08:39:45.489+0000] {processor.py:186} INFO - Started process (PID=20099) to work on /home/airflow/.local/lib/python3.12/site-packages/airflow/example_dags/example_skip_dag.py
[2024-09-09T08:39:45.491+0000] {processor.py:914} INFO - Processing file /home/airflow/.local/lib/python3.12/site-packages/airflow/example_dags/example_skip_dag.py for tasks to queue
[2024-09-09T08:39:45.493+0000] {logging_mixin.py:190} INFO - [2024-09-09T08:39:45.493+0000] {dagbag.py:587} INFO - Filling up the DagBag from /home/airflow/.local/lib/python3.12/site-packages/airflow/example_dags/example_skip_dag.py
[2024-09-09T08:39:45.501+0000] {processor.py:925} INFO - DAG(s) 'example_skip_dag' retrieved from /home/airflow/.local/lib/python3.12/site-packages/airflow/example_dags/example_skip_dag.py
[2024-09-09T08:39:45.522+0000] {logging_mixin.py:190} INFO - [2024-09-09T08:39:45.522+0000] {dag.py:3229} INFO - Sync 1 DAGs
[2024-09-09T08:39:45.543+0000] {logging_mixin.py:190} INFO - [2024-09-09T08:39:45.543+0000] {dag.py:4156} INFO - Setting next_dagrun for example_skip_dag to 2024-09-08 00:00:00+00:00, run_after=2024-09-09 00:00:00+00:00
[2024-09-09T08:39:45.565+0000] {processor.py:208} INFO - Processing /home/airflow/.local/lib/python3.12/site-packages/airflow/example_dags/example_skip_dag.py took 0.081 seconds
[2024-09-09T08:40:15.801+0000] {processor.py:186} INFO - Started process (PID=20385) to work on /home/airflow/.local/lib/python3.12/site-packages/airflow/example_dags/example_skip_dag.py
[2024-09-09T08:40:15.802+0000] {processor.py:914} INFO - Processing file /home/airflow/.local/lib/python3.12/site-packages/airflow/example_dags/example_skip_dag.py for tasks to queue
[2024-09-09T08:40:15.804+0000] {logging_mixin.py:190} INFO - [2024-09-09T08:40:15.804+0000] {dagbag.py:587} INFO - Filling up the DagBag from /home/airflow/.local/lib/python3.12/site-packages/airflow/example_dags/example_skip_dag.py
[2024-09-09T08:40:15.811+0000] {processor.py:925} INFO - DAG(s) 'example_skip_dag' retrieved from /home/airflow/.local/lib/python3.12/site-packages/airflow/example_dags/example_skip_dag.py
[2024-09-09T08:40:15.831+0000] {logging_mixin.py:190} INFO - [2024-09-09T08:40:15.830+0000] {dag.py:3229} INFO - Sync 1 DAGs
[2024-09-09T08:40:15.849+0000] {logging_mixin.py:190} INFO - [2024-09-09T08:40:15.849+0000] {dag.py:4156} INFO - Setting next_dagrun for example_skip_dag to 2024-09-08 00:00:00+00:00, run_after=2024-09-09 00:00:00+00:00
[2024-09-09T08:40:15.870+0000] {processor.py:208} INFO - Processing /home/airflow/.local/lib/python3.12/site-packages/airflow/example_dags/example_skip_dag.py took 0.074 seconds
[2024-09-09T08:40:46.598+0000] {processor.py:186} INFO - Started process (PID=20671) to work on /home/airflow/.local/lib/python3.12/site-packages/airflow/example_dags/example_skip_dag.py
[2024-09-09T08:40:46.599+0000] {processor.py:914} INFO - Processing file /home/airflow/.local/lib/python3.12/site-packages/airflow/example_dags/example_skip_dag.py for tasks to queue
[2024-09-09T08:40:46.601+0000] {logging_mixin.py:190} INFO - [2024-09-09T08:40:46.601+0000] {dagbag.py:587} INFO - Filling up the DagBag from /home/airflow/.local/lib/python3.12/site-packages/airflow/example_dags/example_skip_dag.py
[2024-09-09T08:40:46.608+0000] {processor.py:925} INFO - DAG(s) 'example_skip_dag' retrieved from /home/airflow/.local/lib/python3.12/site-packages/airflow/example_dags/example_skip_dag.py
[2024-09-09T08:40:46.628+0000] {logging_mixin.py:190} INFO - [2024-09-09T08:40:46.628+0000] {dag.py:3229} INFO - Sync 1 DAGs
[2024-09-09T08:40:46.649+0000] {logging_mixin.py:190} INFO - [2024-09-09T08:40:46.649+0000] {dag.py:4156} INFO - Setting next_dagrun for example_skip_dag to 2024-09-08 00:00:00+00:00, run_after=2024-09-09 00:00:00+00:00
[2024-09-09T08:40:46.668+0000] {processor.py:208} INFO - Processing /home/airflow/.local/lib/python3.12/site-packages/airflow/example_dags/example_skip_dag.py took 0.076 seconds
[2024-09-09T08:41:17.032+0000] {processor.py:186} INFO - Started process (PID=20956) to work on /home/airflow/.local/lib/python3.12/site-packages/airflow/example_dags/example_skip_dag.py
[2024-09-09T08:41:17.035+0000] {processor.py:914} INFO - Processing file /home/airflow/.local/lib/python3.12/site-packages/airflow/example_dags/example_skip_dag.py for tasks to queue
[2024-09-09T08:41:17.038+0000] {logging_mixin.py:190} INFO - [2024-09-09T08:41:17.038+0000] {dagbag.py:587} INFO - Filling up the DagBag from /home/airflow/.local/lib/python3.12/site-packages/airflow/example_dags/example_skip_dag.py
[2024-09-09T08:41:17.047+0000] {processor.py:925} INFO - DAG(s) 'example_skip_dag' retrieved from /home/airflow/.local/lib/python3.12/site-packages/airflow/example_dags/example_skip_dag.py
[2024-09-09T08:41:17.075+0000] {logging_mixin.py:190} INFO - [2024-09-09T08:41:17.075+0000] {dag.py:3229} INFO - Sync 1 DAGs
[2024-09-09T08:41:17.104+0000] {logging_mixin.py:190} INFO - [2024-09-09T08:41:17.104+0000] {dag.py:4156} INFO - Setting next_dagrun for example_skip_dag to 2024-09-08 00:00:00+00:00, run_after=2024-09-09 00:00:00+00:00
[2024-09-09T08:41:17.128+0000] {processor.py:208} INFO - Processing /home/airflow/.local/lib/python3.12/site-packages/airflow/example_dags/example_skip_dag.py took 0.103 seconds
