[2024-09-09T08:04:20.177+0000] {processor.py:186} INFO - Started process (PID=290) to work on /home/airflow/.local/lib/python3.12/site-packages/airflow/example_dags/example_python_operator.py
[2024-09-09T08:04:20.179+0000] {processor.py:914} INFO - Processing file /home/airflow/.local/lib/python3.12/site-packages/airflow/example_dags/example_python_operator.py for tasks to queue
[2024-09-09T08:04:20.183+0000] {logging_mixin.py:190} INFO - [2024-09-09T08:04:20.183+0000] {dagbag.py:587} INFO - Filling up the DagBag from /home/airflow/.local/lib/python3.12/site-packages/airflow/example_dags/example_python_operator.py
[2024-09-09T08:04:20.207+0000] {processor.py:925} INFO - DAG(s) 'example_python_operator' retrieved from /home/airflow/.local/lib/python3.12/site-packages/airflow/example_dags/example_python_operator.py
[2024-09-09T08:04:20.398+0000] {logging_mixin.py:190} INFO - [2024-09-09T08:04:20.397+0000] {override.py:1900} INFO - Created Permission View: can edit on DAG:example_python_operator
[2024-09-09T08:04:20.413+0000] {logging_mixin.py:190} INFO - [2024-09-09T08:04:20.412+0000] {override.py:1900} INFO - Created Permission View: can delete on DAG:example_python_operator
[2024-09-09T08:04:20.425+0000] {logging_mixin.py:190} INFO - [2024-09-09T08:04:20.424+0000] {override.py:1900} INFO - Created Permission View: can read on DAG:example_python_operator
[2024-09-09T08:04:20.440+0000] {logging_mixin.py:190} INFO - [2024-09-09T08:04:20.439+0000] {override.py:1900} INFO - Created Permission View: can create on DAG Run:example_python_operator
[2024-09-09T08:04:20.464+0000] {logging_mixin.py:190} INFO - [2024-09-09T08:04:20.463+0000] {override.py:1900} INFO - Created Permission View: can delete on DAG Run:example_python_operator
[2024-09-09T08:04:20.476+0000] {logging_mixin.py:190} INFO - [2024-09-09T08:04:20.475+0000] {override.py:1900} INFO - Created Permission View: menu access on DAG Run:example_python_operator
[2024-09-09T08:04:20.506+0000] {logging_mixin.py:190} INFO - [2024-09-09T08:04:20.506+0000] {override.py:1900} INFO - Created Permission View: can read on DAG Run:example_python_operator
[2024-09-09T08:04:20.507+0000] {logging_mixin.py:190} INFO - [2024-09-09T08:04:20.507+0000] {dag.py:3229} INFO - Sync 1 DAGs
[2024-09-09T08:04:20.527+0000] {logging_mixin.py:190} INFO - [2024-09-09T08:04:20.527+0000] {dag.py:3252} INFO - Creating ORM DAG for example_python_operator
[2024-09-09T08:04:20.528+0000] {logging_mixin.py:190} INFO - [2024-09-09T08:04:20.528+0000] {dag.py:4156} INFO - Setting next_dagrun for example_python_operator to None, run_after=None
[2024-09-09T08:04:20.553+0000] {processor.py:208} INFO - Processing /home/airflow/.local/lib/python3.12/site-packages/airflow/example_dags/example_python_operator.py took 0.393 seconds
[2024-09-09T08:04:51.300+0000] {processor.py:186} INFO - Started process (PID=578) to work on /home/airflow/.local/lib/python3.12/site-packages/airflow/example_dags/example_python_operator.py
[2024-09-09T08:04:51.302+0000] {processor.py:914} INFO - Processing file /home/airflow/.local/lib/python3.12/site-packages/airflow/example_dags/example_python_operator.py for tasks to queue
[2024-09-09T08:04:51.306+0000] {logging_mixin.py:190} INFO - [2024-09-09T08:04:51.305+0000] {dagbag.py:587} INFO - Filling up the DagBag from /home/airflow/.local/lib/python3.12/site-packages/airflow/example_dags/example_python_operator.py
[2024-09-09T08:04:51.318+0000] {processor.py:925} INFO - DAG(s) 'example_python_operator' retrieved from /home/airflow/.local/lib/python3.12/site-packages/airflow/example_dags/example_python_operator.py
[2024-09-09T08:04:51.343+0000] {logging_mixin.py:190} INFO - [2024-09-09T08:04:51.343+0000] {dag.py:3229} INFO - Sync 1 DAGs
[2024-09-09T08:04:51.358+0000] {logging_mixin.py:190} INFO - [2024-09-09T08:04:51.358+0000] {dag.py:4156} INFO - Setting next_dagrun for example_python_operator to None, run_after=None
[2024-09-09T08:04:51.382+0000] {processor.py:208} INFO - Processing /home/airflow/.local/lib/python3.12/site-packages/airflow/example_dags/example_python_operator.py took 0.088 seconds
[2024-09-09T08:05:22.056+0000] {processor.py:186} INFO - Started process (PID=864) to work on /home/airflow/.local/lib/python3.12/site-packages/airflow/example_dags/example_python_operator.py
[2024-09-09T08:05:22.058+0000] {processor.py:914} INFO - Processing file /home/airflow/.local/lib/python3.12/site-packages/airflow/example_dags/example_python_operator.py for tasks to queue
[2024-09-09T08:05:22.061+0000] {logging_mixin.py:190} INFO - [2024-09-09T08:05:22.060+0000] {dagbag.py:587} INFO - Filling up the DagBag from /home/airflow/.local/lib/python3.12/site-packages/airflow/example_dags/example_python_operator.py
[2024-09-09T08:05:22.078+0000] {processor.py:925} INFO - DAG(s) 'example_python_operator' retrieved from /home/airflow/.local/lib/python3.12/site-packages/airflow/example_dags/example_python_operator.py
[2024-09-09T08:05:22.119+0000] {logging_mixin.py:190} INFO - [2024-09-09T08:05:22.119+0000] {dag.py:3229} INFO - Sync 1 DAGs
[2024-09-09T08:05:22.155+0000] {logging_mixin.py:190} INFO - [2024-09-09T08:05:22.155+0000] {dag.py:4156} INFO - Setting next_dagrun for example_python_operator to None, run_after=None
[2024-09-09T08:05:22.193+0000] {processor.py:208} INFO - Processing /home/airflow/.local/lib/python3.12/site-packages/airflow/example_dags/example_python_operator.py took 0.144 seconds
[2024-09-09T08:05:53.037+0000] {processor.py:186} INFO - Started process (PID=1150) to work on /home/airflow/.local/lib/python3.12/site-packages/airflow/example_dags/example_python_operator.py
[2024-09-09T08:05:53.041+0000] {processor.py:914} INFO - Processing file /home/airflow/.local/lib/python3.12/site-packages/airflow/example_dags/example_python_operator.py for tasks to queue
[2024-09-09T08:05:53.046+0000] {logging_mixin.py:190} INFO - [2024-09-09T08:05:53.045+0000] {dagbag.py:587} INFO - Filling up the DagBag from /home/airflow/.local/lib/python3.12/site-packages/airflow/example_dags/example_python_operator.py
[2024-09-09T08:05:53.070+0000] {processor.py:925} INFO - DAG(s) 'example_python_operator' retrieved from /home/airflow/.local/lib/python3.12/site-packages/airflow/example_dags/example_python_operator.py
[2024-09-09T08:05:53.100+0000] {logging_mixin.py:190} INFO - [2024-09-09T08:05:53.100+0000] {dag.py:3229} INFO - Sync 1 DAGs
[2024-09-09T08:05:53.136+0000] {logging_mixin.py:190} INFO - [2024-09-09T08:05:53.135+0000] {dag.py:4156} INFO - Setting next_dagrun for example_python_operator to None, run_after=None
[2024-09-09T08:05:53.197+0000] {processor.py:208} INFO - Processing /home/airflow/.local/lib/python3.12/site-packages/airflow/example_dags/example_python_operator.py took 0.181 seconds
[2024-09-09T08:06:23.487+0000] {processor.py:186} INFO - Started process (PID=1436) to work on /home/airflow/.local/lib/python3.12/site-packages/airflow/example_dags/example_python_operator.py
[2024-09-09T08:06:23.488+0000] {processor.py:914} INFO - Processing file /home/airflow/.local/lib/python3.12/site-packages/airflow/example_dags/example_python_operator.py for tasks to queue
[2024-09-09T08:06:23.491+0000] {logging_mixin.py:190} INFO - [2024-09-09T08:06:23.491+0000] {dagbag.py:587} INFO - Filling up the DagBag from /home/airflow/.local/lib/python3.12/site-packages/airflow/example_dags/example_python_operator.py
[2024-09-09T08:06:23.502+0000] {processor.py:925} INFO - DAG(s) 'example_python_operator' retrieved from /home/airflow/.local/lib/python3.12/site-packages/airflow/example_dags/example_python_operator.py
[2024-09-09T08:06:23.520+0000] {logging_mixin.py:190} INFO - [2024-09-09T08:06:23.520+0000] {dag.py:3229} INFO - Sync 1 DAGs
[2024-09-09T08:06:23.532+0000] {logging_mixin.py:190} INFO - [2024-09-09T08:06:23.531+0000] {dag.py:4156} INFO - Setting next_dagrun for example_python_operator to None, run_after=None
[2024-09-09T08:06:23.550+0000] {processor.py:208} INFO - Processing /home/airflow/.local/lib/python3.12/site-packages/airflow/example_dags/example_python_operator.py took 0.068 seconds
[2024-09-09T08:06:54.298+0000] {processor.py:186} INFO - Started process (PID=1722) to work on /home/airflow/.local/lib/python3.12/site-packages/airflow/example_dags/example_python_operator.py
[2024-09-09T08:06:54.299+0000] {processor.py:914} INFO - Processing file /home/airflow/.local/lib/python3.12/site-packages/airflow/example_dags/example_python_operator.py for tasks to queue
[2024-09-09T08:06:54.301+0000] {logging_mixin.py:190} INFO - [2024-09-09T08:06:54.301+0000] {dagbag.py:587} INFO - Filling up the DagBag from /home/airflow/.local/lib/python3.12/site-packages/airflow/example_dags/example_python_operator.py
[2024-09-09T08:06:54.310+0000] {processor.py:925} INFO - DAG(s) 'example_python_operator' retrieved from /home/airflow/.local/lib/python3.12/site-packages/airflow/example_dags/example_python_operator.py
[2024-09-09T08:06:54.329+0000] {logging_mixin.py:190} INFO - [2024-09-09T08:06:54.329+0000] {dag.py:3229} INFO - Sync 1 DAGs
[2024-09-09T08:06:54.341+0000] {logging_mixin.py:190} INFO - [2024-09-09T08:06:54.341+0000] {dag.py:4156} INFO - Setting next_dagrun for example_python_operator to None, run_after=None
[2024-09-09T08:06:54.360+0000] {processor.py:208} INFO - Processing /home/airflow/.local/lib/python3.12/site-packages/airflow/example_dags/example_python_operator.py took 0.067 seconds
[2024-09-09T08:07:25.116+0000] {processor.py:186} INFO - Started process (PID=2009) to work on /home/airflow/.local/lib/python3.12/site-packages/airflow/example_dags/example_python_operator.py
[2024-09-09T08:07:25.117+0000] {processor.py:914} INFO - Processing file /home/airflow/.local/lib/python3.12/site-packages/airflow/example_dags/example_python_operator.py for tasks to queue
[2024-09-09T08:07:25.120+0000] {logging_mixin.py:190} INFO - [2024-09-09T08:07:25.120+0000] {dagbag.py:587} INFO - Filling up the DagBag from /home/airflow/.local/lib/python3.12/site-packages/airflow/example_dags/example_python_operator.py
[2024-09-09T08:07:25.132+0000] {processor.py:925} INFO - DAG(s) 'example_python_operator' retrieved from /home/airflow/.local/lib/python3.12/site-packages/airflow/example_dags/example_python_operator.py
[2024-09-09T08:07:25.156+0000] {logging_mixin.py:190} INFO - [2024-09-09T08:07:25.156+0000] {dag.py:3229} INFO - Sync 1 DAGs
[2024-09-09T08:07:25.176+0000] {logging_mixin.py:190} INFO - [2024-09-09T08:07:25.176+0000] {dag.py:4156} INFO - Setting next_dagrun for example_python_operator to None, run_after=None
[2024-09-09T08:07:25.203+0000] {processor.py:208} INFO - Processing /home/airflow/.local/lib/python3.12/site-packages/airflow/example_dags/example_python_operator.py took 0.094 seconds
[2024-09-09T08:07:55.510+0000] {processor.py:186} INFO - Started process (PID=2293) to work on /home/airflow/.local/lib/python3.12/site-packages/airflow/example_dags/example_python_operator.py
[2024-09-09T08:07:55.511+0000] {processor.py:914} INFO - Processing file /home/airflow/.local/lib/python3.12/site-packages/airflow/example_dags/example_python_operator.py for tasks to queue
[2024-09-09T08:07:55.515+0000] {logging_mixin.py:190} INFO - [2024-09-09T08:07:55.515+0000] {dagbag.py:587} INFO - Filling up the DagBag from /home/airflow/.local/lib/python3.12/site-packages/airflow/example_dags/example_python_operator.py
[2024-09-09T08:07:55.533+0000] {processor.py:925} INFO - DAG(s) 'example_python_operator' retrieved from /home/airflow/.local/lib/python3.12/site-packages/airflow/example_dags/example_python_operator.py
[2024-09-09T08:07:55.566+0000] {logging_mixin.py:190} INFO - [2024-09-09T08:07:55.566+0000] {dag.py:3229} INFO - Sync 1 DAGs
[2024-09-09T08:07:55.594+0000] {logging_mixin.py:190} INFO - [2024-09-09T08:07:55.594+0000] {dag.py:4156} INFO - Setting next_dagrun for example_python_operator to None, run_after=None
[2024-09-09T08:07:55.663+0000] {processor.py:208} INFO - Processing /home/airflow/.local/lib/python3.12/site-packages/airflow/example_dags/example_python_operator.py took 0.163 seconds
[2024-09-09T08:08:26.707+0000] {processor.py:186} INFO - Started process (PID=2581) to work on /home/airflow/.local/lib/python3.12/site-packages/airflow/example_dags/example_python_operator.py
[2024-09-09T08:08:26.708+0000] {processor.py:914} INFO - Processing file /home/airflow/.local/lib/python3.12/site-packages/airflow/example_dags/example_python_operator.py for tasks to queue
[2024-09-09T08:08:26.712+0000] {logging_mixin.py:190} INFO - [2024-09-09T08:08:26.711+0000] {dagbag.py:587} INFO - Filling up the DagBag from /home/airflow/.local/lib/python3.12/site-packages/airflow/example_dags/example_python_operator.py
[2024-09-09T08:08:26.727+0000] {processor.py:925} INFO - DAG(s) 'example_python_operator' retrieved from /home/airflow/.local/lib/python3.12/site-packages/airflow/example_dags/example_python_operator.py
[2024-09-09T08:08:26.754+0000] {logging_mixin.py:190} INFO - [2024-09-09T08:08:26.753+0000] {dag.py:3229} INFO - Sync 1 DAGs
[2024-09-09T08:08:26.771+0000] {logging_mixin.py:190} INFO - [2024-09-09T08:08:26.771+0000] {dag.py:4156} INFO - Setting next_dagrun for example_python_operator to None, run_after=None
[2024-09-09T08:08:26.797+0000] {processor.py:208} INFO - Processing /home/airflow/.local/lib/python3.12/site-packages/airflow/example_dags/example_python_operator.py took 0.098 seconds
[2024-09-09T08:08:56.950+0000] {processor.py:186} INFO - Started process (PID=2867) to work on /home/airflow/.local/lib/python3.12/site-packages/airflow/example_dags/example_python_operator.py
[2024-09-09T08:08:56.954+0000] {processor.py:914} INFO - Processing file /home/airflow/.local/lib/python3.12/site-packages/airflow/example_dags/example_python_operator.py for tasks to queue
[2024-09-09T08:08:56.961+0000] {logging_mixin.py:190} INFO - [2024-09-09T08:08:56.961+0000] {dagbag.py:587} INFO - Filling up the DagBag from /home/airflow/.local/lib/python3.12/site-packages/airflow/example_dags/example_python_operator.py
[2024-09-09T08:08:57.026+0000] {processor.py:925} INFO - DAG(s) 'example_python_operator' retrieved from /home/airflow/.local/lib/python3.12/site-packages/airflow/example_dags/example_python_operator.py
[2024-09-09T08:08:57.083+0000] {logging_mixin.py:190} INFO - [2024-09-09T08:08:57.083+0000] {dag.py:3229} INFO - Sync 1 DAGs
[2024-09-09T08:08:57.102+0000] {logging_mixin.py:190} INFO - [2024-09-09T08:08:57.102+0000] {dag.py:4156} INFO - Setting next_dagrun for example_python_operator to None, run_after=None
[2024-09-09T08:08:57.136+0000] {processor.py:208} INFO - Processing /home/airflow/.local/lib/python3.12/site-packages/airflow/example_dags/example_python_operator.py took 0.196 seconds
[2024-09-09T08:09:27.831+0000] {processor.py:186} INFO - Started process (PID=3153) to work on /home/airflow/.local/lib/python3.12/site-packages/airflow/example_dags/example_python_operator.py
[2024-09-09T08:09:27.833+0000] {processor.py:914} INFO - Processing file /home/airflow/.local/lib/python3.12/site-packages/airflow/example_dags/example_python_operator.py for tasks to queue
[2024-09-09T08:09:27.838+0000] {logging_mixin.py:190} INFO - [2024-09-09T08:09:27.837+0000] {dagbag.py:587} INFO - Filling up the DagBag from /home/airflow/.local/lib/python3.12/site-packages/airflow/example_dags/example_python_operator.py
[2024-09-09T08:09:27.857+0000] {processor.py:925} INFO - DAG(s) 'example_python_operator' retrieved from /home/airflow/.local/lib/python3.12/site-packages/airflow/example_dags/example_python_operator.py
[2024-09-09T08:09:27.892+0000] {logging_mixin.py:190} INFO - [2024-09-09T08:09:27.892+0000] {dag.py:3229} INFO - Sync 1 DAGs
[2024-09-09T08:09:27.915+0000] {logging_mixin.py:190} INFO - [2024-09-09T08:09:27.914+0000] {dag.py:4156} INFO - Setting next_dagrun for example_python_operator to None, run_after=None
[2024-09-09T08:09:27.942+0000] {processor.py:208} INFO - Processing /home/airflow/.local/lib/python3.12/site-packages/airflow/example_dags/example_python_operator.py took 0.118 seconds
[2024-09-09T08:09:58.053+0000] {processor.py:186} INFO - Started process (PID=3437) to work on /home/airflow/.local/lib/python3.12/site-packages/airflow/example_dags/example_python_operator.py
[2024-09-09T08:09:58.054+0000] {processor.py:914} INFO - Processing file /home/airflow/.local/lib/python3.12/site-packages/airflow/example_dags/example_python_operator.py for tasks to queue
[2024-09-09T08:09:58.056+0000] {logging_mixin.py:190} INFO - [2024-09-09T08:09:58.056+0000] {dagbag.py:587} INFO - Filling up the DagBag from /home/airflow/.local/lib/python3.12/site-packages/airflow/example_dags/example_python_operator.py
[2024-09-09T08:09:58.068+0000] {processor.py:925} INFO - DAG(s) 'example_python_operator' retrieved from /home/airflow/.local/lib/python3.12/site-packages/airflow/example_dags/example_python_operator.py
[2024-09-09T08:09:58.089+0000] {logging_mixin.py:190} INFO - [2024-09-09T08:09:58.089+0000] {dag.py:3229} INFO - Sync 1 DAGs
[2024-09-09T08:09:58.104+0000] {logging_mixin.py:190} INFO - [2024-09-09T08:09:58.103+0000] {dag.py:4156} INFO - Setting next_dagrun for example_python_operator to None, run_after=None
[2024-09-09T08:09:58.126+0000] {processor.py:208} INFO - Processing /home/airflow/.local/lib/python3.12/site-packages/airflow/example_dags/example_python_operator.py took 0.080 seconds
[2024-09-09T08:10:28.706+0000] {processor.py:186} INFO - Started process (PID=3723) to work on /home/airflow/.local/lib/python3.12/site-packages/airflow/example_dags/example_python_operator.py
[2024-09-09T08:10:28.707+0000] {processor.py:914} INFO - Processing file /home/airflow/.local/lib/python3.12/site-packages/airflow/example_dags/example_python_operator.py for tasks to queue
[2024-09-09T08:10:28.710+0000] {logging_mixin.py:190} INFO - [2024-09-09T08:10:28.710+0000] {dagbag.py:587} INFO - Filling up the DagBag from /home/airflow/.local/lib/python3.12/site-packages/airflow/example_dags/example_python_operator.py
[2024-09-09T08:10:28.724+0000] {processor.py:925} INFO - DAG(s) 'example_python_operator' retrieved from /home/airflow/.local/lib/python3.12/site-packages/airflow/example_dags/example_python_operator.py
[2024-09-09T08:10:28.745+0000] {logging_mixin.py:190} INFO - [2024-09-09T08:10:28.745+0000] {dag.py:3229} INFO - Sync 1 DAGs
[2024-09-09T08:10:28.762+0000] {logging_mixin.py:190} INFO - [2024-09-09T08:10:28.762+0000] {dag.py:4156} INFO - Setting next_dagrun for example_python_operator to None, run_after=None
[2024-09-09T08:10:28.785+0000] {processor.py:208} INFO - Processing /home/airflow/.local/lib/python3.12/site-packages/airflow/example_dags/example_python_operator.py took 0.085 seconds
[2024-09-09T08:10:58.990+0000] {processor.py:186} INFO - Started process (PID=4009) to work on /home/airflow/.local/lib/python3.12/site-packages/airflow/example_dags/example_python_operator.py
[2024-09-09T08:10:58.991+0000] {processor.py:914} INFO - Processing file /home/airflow/.local/lib/python3.12/site-packages/airflow/example_dags/example_python_operator.py for tasks to queue
[2024-09-09T08:10:58.993+0000] {logging_mixin.py:190} INFO - [2024-09-09T08:10:58.993+0000] {dagbag.py:587} INFO - Filling up the DagBag from /home/airflow/.local/lib/python3.12/site-packages/airflow/example_dags/example_python_operator.py
[2024-09-09T08:10:59.004+0000] {processor.py:925} INFO - DAG(s) 'example_python_operator' retrieved from /home/airflow/.local/lib/python3.12/site-packages/airflow/example_dags/example_python_operator.py
[2024-09-09T08:10:59.029+0000] {logging_mixin.py:190} INFO - [2024-09-09T08:10:59.029+0000] {dag.py:3229} INFO - Sync 1 DAGs
[2024-09-09T08:10:59.049+0000] {logging_mixin.py:190} INFO - [2024-09-09T08:10:59.049+0000] {dag.py:4156} INFO - Setting next_dagrun for example_python_operator to None, run_after=None
[2024-09-09T08:10:59.072+0000] {processor.py:208} INFO - Processing /home/airflow/.local/lib/python3.12/site-packages/airflow/example_dags/example_python_operator.py took 0.087 seconds
[2024-09-09T08:11:29.818+0000] {processor.py:186} INFO - Started process (PID=4295) to work on /home/airflow/.local/lib/python3.12/site-packages/airflow/example_dags/example_python_operator.py
[2024-09-09T08:11:29.818+0000] {processor.py:914} INFO - Processing file /home/airflow/.local/lib/python3.12/site-packages/airflow/example_dags/example_python_operator.py for tasks to queue
[2024-09-09T08:11:29.821+0000] {logging_mixin.py:190} INFO - [2024-09-09T08:11:29.820+0000] {dagbag.py:587} INFO - Filling up the DagBag from /home/airflow/.local/lib/python3.12/site-packages/airflow/example_dags/example_python_operator.py
[2024-09-09T08:11:29.831+0000] {processor.py:925} INFO - DAG(s) 'example_python_operator' retrieved from /home/airflow/.local/lib/python3.12/site-packages/airflow/example_dags/example_python_operator.py
[2024-09-09T08:11:29.852+0000] {logging_mixin.py:190} INFO - [2024-09-09T08:11:29.852+0000] {dag.py:3229} INFO - Sync 1 DAGs
[2024-09-09T08:11:29.864+0000] {logging_mixin.py:190} INFO - [2024-09-09T08:11:29.864+0000] {dag.py:4156} INFO - Setting next_dagrun for example_python_operator to None, run_after=None
[2024-09-09T08:11:29.882+0000] {processor.py:208} INFO - Processing /home/airflow/.local/lib/python3.12/site-packages/airflow/example_dags/example_python_operator.py took 0.070 seconds
[2024-09-09T08:12:00.322+0000] {processor.py:186} INFO - Started process (PID=4583) to work on /home/airflow/.local/lib/python3.12/site-packages/airflow/example_dags/example_python_operator.py
[2024-09-09T08:12:00.322+0000] {processor.py:914} INFO - Processing file /home/airflow/.local/lib/python3.12/site-packages/airflow/example_dags/example_python_operator.py for tasks to queue
[2024-09-09T08:12:00.324+0000] {logging_mixin.py:190} INFO - [2024-09-09T08:12:00.324+0000] {dagbag.py:587} INFO - Filling up the DagBag from /home/airflow/.local/lib/python3.12/site-packages/airflow/example_dags/example_python_operator.py
[2024-09-09T08:12:00.334+0000] {processor.py:925} INFO - DAG(s) 'example_python_operator' retrieved from /home/airflow/.local/lib/python3.12/site-packages/airflow/example_dags/example_python_operator.py
[2024-09-09T08:12:00.352+0000] {logging_mixin.py:190} INFO - [2024-09-09T08:12:00.352+0000] {dag.py:3229} INFO - Sync 1 DAGs
[2024-09-09T08:12:00.363+0000] {logging_mixin.py:190} INFO - [2024-09-09T08:12:00.363+0000] {dag.py:4156} INFO - Setting next_dagrun for example_python_operator to None, run_after=None
[2024-09-09T08:12:00.380+0000] {processor.py:208} INFO - Processing /home/airflow/.local/lib/python3.12/site-packages/airflow/example_dags/example_python_operator.py took 0.063 seconds
[2024-09-09T08:12:30.783+0000] {processor.py:186} INFO - Started process (PID=4867) to work on /home/airflow/.local/lib/python3.12/site-packages/airflow/example_dags/example_python_operator.py
[2024-09-09T08:12:30.784+0000] {processor.py:914} INFO - Processing file /home/airflow/.local/lib/python3.12/site-packages/airflow/example_dags/example_python_operator.py for tasks to queue
[2024-09-09T08:12:30.787+0000] {logging_mixin.py:190} INFO - [2024-09-09T08:12:30.787+0000] {dagbag.py:587} INFO - Filling up the DagBag from /home/airflow/.local/lib/python3.12/site-packages/airflow/example_dags/example_python_operator.py
[2024-09-09T08:12:30.805+0000] {processor.py:925} INFO - DAG(s) 'example_python_operator' retrieved from /home/airflow/.local/lib/python3.12/site-packages/airflow/example_dags/example_python_operator.py
[2024-09-09T08:12:30.829+0000] {logging_mixin.py:190} INFO - [2024-09-09T08:12:30.829+0000] {dag.py:3229} INFO - Sync 1 DAGs
[2024-09-09T08:12:30.843+0000] {logging_mixin.py:190} INFO - [2024-09-09T08:12:30.843+0000] {dag.py:4156} INFO - Setting next_dagrun for example_python_operator to None, run_after=None
[2024-09-09T08:12:30.863+0000] {processor.py:208} INFO - Processing /home/airflow/.local/lib/python3.12/site-packages/airflow/example_dags/example_python_operator.py took 0.086 seconds
[2024-09-09T08:13:01.564+0000] {processor.py:186} INFO - Started process (PID=5153) to work on /home/airflow/.local/lib/python3.12/site-packages/airflow/example_dags/example_python_operator.py
[2024-09-09T08:13:01.565+0000] {processor.py:914} INFO - Processing file /home/airflow/.local/lib/python3.12/site-packages/airflow/example_dags/example_python_operator.py for tasks to queue
[2024-09-09T08:13:01.567+0000] {logging_mixin.py:190} INFO - [2024-09-09T08:13:01.567+0000] {dagbag.py:587} INFO - Filling up the DagBag from /home/airflow/.local/lib/python3.12/site-packages/airflow/example_dags/example_python_operator.py
[2024-09-09T08:13:01.577+0000] {processor.py:925} INFO - DAG(s) 'example_python_operator' retrieved from /home/airflow/.local/lib/python3.12/site-packages/airflow/example_dags/example_python_operator.py
[2024-09-09T08:13:01.601+0000] {logging_mixin.py:190} INFO - [2024-09-09T08:13:01.600+0000] {dag.py:3229} INFO - Sync 1 DAGs
[2024-09-09T08:13:01.616+0000] {logging_mixin.py:190} INFO - [2024-09-09T08:13:01.615+0000] {dag.py:4156} INFO - Setting next_dagrun for example_python_operator to None, run_after=None
[2024-09-09T08:13:01.636+0000] {processor.py:208} INFO - Processing /home/airflow/.local/lib/python3.12/site-packages/airflow/example_dags/example_python_operator.py took 0.076 seconds
[2024-09-09T08:13:32.508+0000] {processor.py:186} INFO - Started process (PID=5439) to work on /home/airflow/.local/lib/python3.12/site-packages/airflow/example_dags/example_python_operator.py
[2024-09-09T08:13:32.509+0000] {processor.py:914} INFO - Processing file /home/airflow/.local/lib/python3.12/site-packages/airflow/example_dags/example_python_operator.py for tasks to queue
[2024-09-09T08:13:32.511+0000] {logging_mixin.py:190} INFO - [2024-09-09T08:13:32.511+0000] {dagbag.py:587} INFO - Filling up the DagBag from /home/airflow/.local/lib/python3.12/site-packages/airflow/example_dags/example_python_operator.py
[2024-09-09T08:13:32.522+0000] {processor.py:925} INFO - DAG(s) 'example_python_operator' retrieved from /home/airflow/.local/lib/python3.12/site-packages/airflow/example_dags/example_python_operator.py
[2024-09-09T08:13:32.542+0000] {logging_mixin.py:190} INFO - [2024-09-09T08:13:32.542+0000] {dag.py:3229} INFO - Sync 1 DAGs
[2024-09-09T08:13:32.566+0000] {logging_mixin.py:190} INFO - [2024-09-09T08:13:32.566+0000] {dag.py:4156} INFO - Setting next_dagrun for example_python_operator to None, run_after=None
[2024-09-09T08:13:32.586+0000] {processor.py:208} INFO - Processing /home/airflow/.local/lib/python3.12/site-packages/airflow/example_dags/example_python_operator.py took 0.082 seconds
[2024-09-09T08:14:03.470+0000] {processor.py:186} INFO - Started process (PID=5727) to work on /home/airflow/.local/lib/python3.12/site-packages/airflow/example_dags/example_python_operator.py
[2024-09-09T08:14:03.471+0000] {processor.py:914} INFO - Processing file /home/airflow/.local/lib/python3.12/site-packages/airflow/example_dags/example_python_operator.py for tasks to queue
[2024-09-09T08:14:03.474+0000] {logging_mixin.py:190} INFO - [2024-09-09T08:14:03.474+0000] {dagbag.py:587} INFO - Filling up the DagBag from /home/airflow/.local/lib/python3.12/site-packages/airflow/example_dags/example_python_operator.py
[2024-09-09T08:14:03.485+0000] {processor.py:925} INFO - DAG(s) 'example_python_operator' retrieved from /home/airflow/.local/lib/python3.12/site-packages/airflow/example_dags/example_python_operator.py
[2024-09-09T08:14:03.507+0000] {logging_mixin.py:190} INFO - [2024-09-09T08:14:03.507+0000] {dag.py:3229} INFO - Sync 1 DAGs
[2024-09-09T08:14:03.519+0000] {logging_mixin.py:190} INFO - [2024-09-09T08:14:03.519+0000] {dag.py:4156} INFO - Setting next_dagrun for example_python_operator to None, run_after=None
[2024-09-09T08:14:03.539+0000] {processor.py:208} INFO - Processing /home/airflow/.local/lib/python3.12/site-packages/airflow/example_dags/example_python_operator.py took 0.074 seconds
[2024-09-09T08:14:34.393+0000] {processor.py:186} INFO - Started process (PID=6013) to work on /home/airflow/.local/lib/python3.12/site-packages/airflow/example_dags/example_python_operator.py
[2024-09-09T08:14:34.394+0000] {processor.py:914} INFO - Processing file /home/airflow/.local/lib/python3.12/site-packages/airflow/example_dags/example_python_operator.py for tasks to queue
[2024-09-09T08:14:34.396+0000] {logging_mixin.py:190} INFO - [2024-09-09T08:14:34.395+0000] {dagbag.py:587} INFO - Filling up the DagBag from /home/airflow/.local/lib/python3.12/site-packages/airflow/example_dags/example_python_operator.py
[2024-09-09T08:14:34.405+0000] {processor.py:925} INFO - DAG(s) 'example_python_operator' retrieved from /home/airflow/.local/lib/python3.12/site-packages/airflow/example_dags/example_python_operator.py
[2024-09-09T08:14:34.423+0000] {logging_mixin.py:190} INFO - [2024-09-09T08:14:34.423+0000] {dag.py:3229} INFO - Sync 1 DAGs
[2024-09-09T08:14:34.438+0000] {logging_mixin.py:190} INFO - [2024-09-09T08:14:34.438+0000] {dag.py:4156} INFO - Setting next_dagrun for example_python_operator to None, run_after=None
[2024-09-09T08:14:34.461+0000] {processor.py:208} INFO - Processing /home/airflow/.local/lib/python3.12/site-packages/airflow/example_dags/example_python_operator.py took 0.073 seconds
[2024-09-09T08:15:05.648+0000] {processor.py:186} INFO - Started process (PID=6297) to work on /home/airflow/.local/lib/python3.12/site-packages/airflow/example_dags/example_python_operator.py
[2024-09-09T08:15:05.649+0000] {processor.py:914} INFO - Processing file /home/airflow/.local/lib/python3.12/site-packages/airflow/example_dags/example_python_operator.py for tasks to queue
[2024-09-09T08:15:05.657+0000] {logging_mixin.py:190} INFO - [2024-09-09T08:15:05.657+0000] {dagbag.py:587} INFO - Filling up the DagBag from /home/airflow/.local/lib/python3.12/site-packages/airflow/example_dags/example_python_operator.py
[2024-09-09T08:15:05.676+0000] {processor.py:925} INFO - DAG(s) 'example_python_operator' retrieved from /home/airflow/.local/lib/python3.12/site-packages/airflow/example_dags/example_python_operator.py
[2024-09-09T08:15:05.703+0000] {logging_mixin.py:190} INFO - [2024-09-09T08:15:05.702+0000] {dag.py:3229} INFO - Sync 1 DAGs
[2024-09-09T08:15:05.725+0000] {logging_mixin.py:190} INFO - [2024-09-09T08:15:05.725+0000] {dag.py:4156} INFO - Setting next_dagrun for example_python_operator to None, run_after=None
[2024-09-09T08:15:05.753+0000] {processor.py:208} INFO - Processing /home/airflow/.local/lib/python3.12/site-packages/airflow/example_dags/example_python_operator.py took 0.113 seconds
[2024-09-09T08:15:36.394+0000] {processor.py:186} INFO - Started process (PID=6588) to work on /home/airflow/.local/lib/python3.12/site-packages/airflow/example_dags/example_python_operator.py
[2024-09-09T08:15:36.396+0000] {processor.py:914} INFO - Processing file /home/airflow/.local/lib/python3.12/site-packages/airflow/example_dags/example_python_operator.py for tasks to queue
[2024-09-09T08:15:36.399+0000] {logging_mixin.py:190} INFO - [2024-09-09T08:15:36.399+0000] {dagbag.py:587} INFO - Filling up the DagBag from /home/airflow/.local/lib/python3.12/site-packages/airflow/example_dags/example_python_operator.py
[2024-09-09T08:15:36.420+0000] {processor.py:925} INFO - DAG(s) 'example_python_operator' retrieved from /home/airflow/.local/lib/python3.12/site-packages/airflow/example_dags/example_python_operator.py
[2024-09-09T08:15:36.451+0000] {logging_mixin.py:190} INFO - [2024-09-09T08:15:36.450+0000] {dag.py:3229} INFO - Sync 1 DAGs
[2024-09-09T08:15:36.473+0000] {logging_mixin.py:190} INFO - [2024-09-09T08:15:36.472+0000] {dag.py:4156} INFO - Setting next_dagrun for example_python_operator to None, run_after=None
[2024-09-09T08:15:36.504+0000] {processor.py:208} INFO - Processing /home/airflow/.local/lib/python3.12/site-packages/airflow/example_dags/example_python_operator.py took 0.118 seconds
[2024-09-09T08:16:06.660+0000] {processor.py:186} INFO - Started process (PID=6876) to work on /home/airflow/.local/lib/python3.12/site-packages/airflow/example_dags/example_python_operator.py
[2024-09-09T08:16:06.661+0000] {processor.py:914} INFO - Processing file /home/airflow/.local/lib/python3.12/site-packages/airflow/example_dags/example_python_operator.py for tasks to queue
[2024-09-09T08:16:06.664+0000] {logging_mixin.py:190} INFO - [2024-09-09T08:16:06.663+0000] {dagbag.py:587} INFO - Filling up the DagBag from /home/airflow/.local/lib/python3.12/site-packages/airflow/example_dags/example_python_operator.py
[2024-09-09T08:16:06.675+0000] {processor.py:925} INFO - DAG(s) 'example_python_operator' retrieved from /home/airflow/.local/lib/python3.12/site-packages/airflow/example_dags/example_python_operator.py
[2024-09-09T08:16:06.695+0000] {logging_mixin.py:190} INFO - [2024-09-09T08:16:06.695+0000] {dag.py:3229} INFO - Sync 1 DAGs
[2024-09-09T08:16:06.711+0000] {logging_mixin.py:190} INFO - [2024-09-09T08:16:06.711+0000] {dag.py:4156} INFO - Setting next_dagrun for example_python_operator to None, run_after=None
[2024-09-09T08:16:06.733+0000] {processor.py:208} INFO - Processing /home/airflow/.local/lib/python3.12/site-packages/airflow/example_dags/example_python_operator.py took 0.077 seconds
[2024-09-09T08:16:37.769+0000] {processor.py:186} INFO - Started process (PID=7160) to work on /home/airflow/.local/lib/python3.12/site-packages/airflow/example_dags/example_python_operator.py
[2024-09-09T08:16:37.771+0000] {processor.py:914} INFO - Processing file /home/airflow/.local/lib/python3.12/site-packages/airflow/example_dags/example_python_operator.py for tasks to queue
[2024-09-09T08:16:37.775+0000] {logging_mixin.py:190} INFO - [2024-09-09T08:16:37.774+0000] {dagbag.py:587} INFO - Filling up the DagBag from /home/airflow/.local/lib/python3.12/site-packages/airflow/example_dags/example_python_operator.py
[2024-09-09T08:16:37.793+0000] {processor.py:925} INFO - DAG(s) 'example_python_operator' retrieved from /home/airflow/.local/lib/python3.12/site-packages/airflow/example_dags/example_python_operator.py
[2024-09-09T08:16:37.828+0000] {logging_mixin.py:190} INFO - [2024-09-09T08:16:37.828+0000] {dag.py:3229} INFO - Sync 1 DAGs
[2024-09-09T08:16:37.847+0000] {logging_mixin.py:190} INFO - [2024-09-09T08:16:37.847+0000] {dag.py:4156} INFO - Setting next_dagrun for example_python_operator to None, run_after=None
[2024-09-09T08:16:37.877+0000] {processor.py:208} INFO - Processing /home/airflow/.local/lib/python3.12/site-packages/airflow/example_dags/example_python_operator.py took 0.117 seconds
[2024-09-09T08:17:08.925+0000] {processor.py:186} INFO - Started process (PID=7446) to work on /home/airflow/.local/lib/python3.12/site-packages/airflow/example_dags/example_python_operator.py
[2024-09-09T08:17:08.927+0000] {processor.py:914} INFO - Processing file /home/airflow/.local/lib/python3.12/site-packages/airflow/example_dags/example_python_operator.py for tasks to queue
[2024-09-09T08:17:08.930+0000] {logging_mixin.py:190} INFO - [2024-09-09T08:17:08.930+0000] {dagbag.py:587} INFO - Filling up the DagBag from /home/airflow/.local/lib/python3.12/site-packages/airflow/example_dags/example_python_operator.py
[2024-09-09T08:17:08.947+0000] {processor.py:925} INFO - DAG(s) 'example_python_operator' retrieved from /home/airflow/.local/lib/python3.12/site-packages/airflow/example_dags/example_python_operator.py
[2024-09-09T08:17:08.975+0000] {logging_mixin.py:190} INFO - [2024-09-09T08:17:08.975+0000] {dag.py:3229} INFO - Sync 1 DAGs
[2024-09-09T08:17:08.992+0000] {logging_mixin.py:190} INFO - [2024-09-09T08:17:08.992+0000] {dag.py:4156} INFO - Setting next_dagrun for example_python_operator to None, run_after=None
[2024-09-09T08:17:09.018+0000] {processor.py:208} INFO - Processing /home/airflow/.local/lib/python3.12/site-packages/airflow/example_dags/example_python_operator.py took 0.099 seconds
[2024-09-09T08:17:39.486+0000] {processor.py:186} INFO - Started process (PID=7734) to work on /home/airflow/.local/lib/python3.12/site-packages/airflow/example_dags/example_python_operator.py
[2024-09-09T08:17:39.487+0000] {processor.py:914} INFO - Processing file /home/airflow/.local/lib/python3.12/site-packages/airflow/example_dags/example_python_operator.py for tasks to queue
[2024-09-09T08:17:39.489+0000] {logging_mixin.py:190} INFO - [2024-09-09T08:17:39.489+0000] {dagbag.py:587} INFO - Filling up the DagBag from /home/airflow/.local/lib/python3.12/site-packages/airflow/example_dags/example_python_operator.py
[2024-09-09T08:17:39.499+0000] {processor.py:925} INFO - DAG(s) 'example_python_operator' retrieved from /home/airflow/.local/lib/python3.12/site-packages/airflow/example_dags/example_python_operator.py
[2024-09-09T08:17:39.520+0000] {logging_mixin.py:190} INFO - [2024-09-09T08:17:39.519+0000] {dag.py:3229} INFO - Sync 1 DAGs
[2024-09-09T08:17:39.531+0000] {logging_mixin.py:190} INFO - [2024-09-09T08:17:39.531+0000] {dag.py:4156} INFO - Setting next_dagrun for example_python_operator to None, run_after=None
[2024-09-09T08:17:39.551+0000] {processor.py:208} INFO - Processing /home/airflow/.local/lib/python3.12/site-packages/airflow/example_dags/example_python_operator.py took 0.070 seconds
[2024-09-09T08:18:10.013+0000] {processor.py:186} INFO - Started process (PID=8018) to work on /home/airflow/.local/lib/python3.12/site-packages/airflow/example_dags/example_python_operator.py
[2024-09-09T08:18:10.014+0000] {processor.py:914} INFO - Processing file /home/airflow/.local/lib/python3.12/site-packages/airflow/example_dags/example_python_operator.py for tasks to queue
[2024-09-09T08:18:10.016+0000] {logging_mixin.py:190} INFO - [2024-09-09T08:18:10.016+0000] {dagbag.py:587} INFO - Filling up the DagBag from /home/airflow/.local/lib/python3.12/site-packages/airflow/example_dags/example_python_operator.py
[2024-09-09T08:18:10.028+0000] {processor.py:925} INFO - DAG(s) 'example_python_operator' retrieved from /home/airflow/.local/lib/python3.12/site-packages/airflow/example_dags/example_python_operator.py
[2024-09-09T08:18:10.050+0000] {logging_mixin.py:190} INFO - [2024-09-09T08:18:10.050+0000] {dag.py:3229} INFO - Sync 1 DAGs
[2024-09-09T08:18:10.066+0000] {logging_mixin.py:190} INFO - [2024-09-09T08:18:10.066+0000] {dag.py:4156} INFO - Setting next_dagrun for example_python_operator to None, run_after=None
[2024-09-09T08:18:10.085+0000] {processor.py:208} INFO - Processing /home/airflow/.local/lib/python3.12/site-packages/airflow/example_dags/example_python_operator.py took 0.077 seconds
[2024-09-09T08:18:40.600+0000] {processor.py:186} INFO - Started process (PID=8304) to work on /home/airflow/.local/lib/python3.12/site-packages/airflow/example_dags/example_python_operator.py
[2024-09-09T08:18:40.601+0000] {processor.py:914} INFO - Processing file /home/airflow/.local/lib/python3.12/site-packages/airflow/example_dags/example_python_operator.py for tasks to queue
[2024-09-09T08:18:40.604+0000] {logging_mixin.py:190} INFO - [2024-09-09T08:18:40.604+0000] {dagbag.py:587} INFO - Filling up the DagBag from /home/airflow/.local/lib/python3.12/site-packages/airflow/example_dags/example_python_operator.py
[2024-09-09T08:18:40.618+0000] {processor.py:925} INFO - DAG(s) 'example_python_operator' retrieved from /home/airflow/.local/lib/python3.12/site-packages/airflow/example_dags/example_python_operator.py
[2024-09-09T08:18:40.641+0000] {logging_mixin.py:190} INFO - [2024-09-09T08:18:40.640+0000] {dag.py:3229} INFO - Sync 1 DAGs
[2024-09-09T08:18:40.656+0000] {logging_mixin.py:190} INFO - [2024-09-09T08:18:40.656+0000] {dag.py:4156} INFO - Setting next_dagrun for example_python_operator to None, run_after=None
[2024-09-09T08:18:40.680+0000] {processor.py:208} INFO - Processing /home/airflow/.local/lib/python3.12/site-packages/airflow/example_dags/example_python_operator.py took 0.086 seconds
[2024-09-09T08:19:10.735+0000] {processor.py:186} INFO - Started process (PID=8590) to work on /home/airflow/.local/lib/python3.12/site-packages/airflow/example_dags/example_python_operator.py
[2024-09-09T08:19:10.737+0000] {processor.py:914} INFO - Processing file /home/airflow/.local/lib/python3.12/site-packages/airflow/example_dags/example_python_operator.py for tasks to queue
[2024-09-09T08:19:10.739+0000] {logging_mixin.py:190} INFO - [2024-09-09T08:19:10.739+0000] {dagbag.py:587} INFO - Filling up the DagBag from /home/airflow/.local/lib/python3.12/site-packages/airflow/example_dags/example_python_operator.py
[2024-09-09T08:19:10.749+0000] {processor.py:925} INFO - DAG(s) 'example_python_operator' retrieved from /home/airflow/.local/lib/python3.12/site-packages/airflow/example_dags/example_python_operator.py
[2024-09-09T08:19:10.768+0000] {logging_mixin.py:190} INFO - [2024-09-09T08:19:10.768+0000] {dag.py:3229} INFO - Sync 1 DAGs
[2024-09-09T08:19:10.778+0000] {logging_mixin.py:190} INFO - [2024-09-09T08:19:10.778+0000] {dag.py:4156} INFO - Setting next_dagrun for example_python_operator to None, run_after=None
[2024-09-09T08:19:10.797+0000] {processor.py:208} INFO - Processing /home/airflow/.local/lib/python3.12/site-packages/airflow/example_dags/example_python_operator.py took 0.067 seconds
[2024-09-09T08:19:41.271+0000] {processor.py:186} INFO - Started process (PID=8878) to work on /home/airflow/.local/lib/python3.12/site-packages/airflow/example_dags/example_python_operator.py
[2024-09-09T08:19:41.272+0000] {processor.py:914} INFO - Processing file /home/airflow/.local/lib/python3.12/site-packages/airflow/example_dags/example_python_operator.py for tasks to queue
[2024-09-09T08:19:41.275+0000] {logging_mixin.py:190} INFO - [2024-09-09T08:19:41.275+0000] {dagbag.py:587} INFO - Filling up the DagBag from /home/airflow/.local/lib/python3.12/site-packages/airflow/example_dags/example_python_operator.py
[2024-09-09T08:19:41.294+0000] {processor.py:925} INFO - DAG(s) 'example_python_operator' retrieved from /home/airflow/.local/lib/python3.12/site-packages/airflow/example_dags/example_python_operator.py
[2024-09-09T08:19:41.326+0000] {logging_mixin.py:190} INFO - [2024-09-09T08:19:41.326+0000] {dag.py:3229} INFO - Sync 1 DAGs
[2024-09-09T08:19:41.350+0000] {logging_mixin.py:190} INFO - [2024-09-09T08:19:41.350+0000] {dag.py:4156} INFO - Setting next_dagrun for example_python_operator to None, run_after=None
[2024-09-09T08:19:41.383+0000] {processor.py:208} INFO - Processing /home/airflow/.local/lib/python3.12/site-packages/airflow/example_dags/example_python_operator.py took 0.119 seconds
[2024-09-09T08:20:11.969+0000] {processor.py:186} INFO - Started process (PID=9168) to work on /home/airflow/.local/lib/python3.12/site-packages/airflow/example_dags/example_python_operator.py
[2024-09-09T08:20:11.970+0000] {processor.py:914} INFO - Processing file /home/airflow/.local/lib/python3.12/site-packages/airflow/example_dags/example_python_operator.py for tasks to queue
[2024-09-09T08:20:11.972+0000] {logging_mixin.py:190} INFO - [2024-09-09T08:20:11.971+0000] {dagbag.py:587} INFO - Filling up the DagBag from /home/airflow/.local/lib/python3.12/site-packages/airflow/example_dags/example_python_operator.py
[2024-09-09T08:20:11.982+0000] {processor.py:925} INFO - DAG(s) 'example_python_operator' retrieved from /home/airflow/.local/lib/python3.12/site-packages/airflow/example_dags/example_python_operator.py
[2024-09-09T08:20:11.999+0000] {logging_mixin.py:190} INFO - [2024-09-09T08:20:11.999+0000] {dag.py:3229} INFO - Sync 1 DAGs
[2024-09-09T08:20:12.010+0000] {logging_mixin.py:190} INFO - [2024-09-09T08:20:12.010+0000] {dag.py:4156} INFO - Setting next_dagrun for example_python_operator to None, run_after=None
[2024-09-09T08:20:12.034+0000] {processor.py:208} INFO - Processing /home/airflow/.local/lib/python3.12/site-packages/airflow/example_dags/example_python_operator.py took 0.070 seconds
[2024-09-09T08:20:42.245+0000] {processor.py:186} INFO - Started process (PID=9454) to work on /home/airflow/.local/lib/python3.12/site-packages/airflow/example_dags/example_python_operator.py
[2024-09-09T08:20:42.247+0000] {processor.py:914} INFO - Processing file /home/airflow/.local/lib/python3.12/site-packages/airflow/example_dags/example_python_operator.py for tasks to queue
[2024-09-09T08:20:42.249+0000] {logging_mixin.py:190} INFO - [2024-09-09T08:20:42.249+0000] {dagbag.py:587} INFO - Filling up the DagBag from /home/airflow/.local/lib/python3.12/site-packages/airflow/example_dags/example_python_operator.py
[2024-09-09T08:20:42.261+0000] {processor.py:925} INFO - DAG(s) 'example_python_operator' retrieved from /home/airflow/.local/lib/python3.12/site-packages/airflow/example_dags/example_python_operator.py
[2024-09-09T08:20:42.280+0000] {logging_mixin.py:190} INFO - [2024-09-09T08:20:42.280+0000] {dag.py:3229} INFO - Sync 1 DAGs
[2024-09-09T08:20:42.291+0000] {logging_mixin.py:190} INFO - [2024-09-09T08:20:42.291+0000] {dag.py:4156} INFO - Setting next_dagrun for example_python_operator to None, run_after=None
[2024-09-09T08:20:42.309+0000] {processor.py:208} INFO - Processing /home/airflow/.local/lib/python3.12/site-packages/airflow/example_dags/example_python_operator.py took 0.069 seconds
[2024-09-09T08:21:12.724+0000] {processor.py:186} INFO - Started process (PID=9740) to work on /home/airflow/.local/lib/python3.12/site-packages/airflow/example_dags/example_python_operator.py
[2024-09-09T08:21:12.726+0000] {processor.py:914} INFO - Processing file /home/airflow/.local/lib/python3.12/site-packages/airflow/example_dags/example_python_operator.py for tasks to queue
[2024-09-09T08:21:12.728+0000] {logging_mixin.py:190} INFO - [2024-09-09T08:21:12.727+0000] {dagbag.py:587} INFO - Filling up the DagBag from /home/airflow/.local/lib/python3.12/site-packages/airflow/example_dags/example_python_operator.py
[2024-09-09T08:21:12.738+0000] {processor.py:925} INFO - DAG(s) 'example_python_operator' retrieved from /home/airflow/.local/lib/python3.12/site-packages/airflow/example_dags/example_python_operator.py
[2024-09-09T08:21:12.758+0000] {logging_mixin.py:190} INFO - [2024-09-09T08:21:12.758+0000] {dag.py:3229} INFO - Sync 1 DAGs
[2024-09-09T08:21:12.770+0000] {logging_mixin.py:190} INFO - [2024-09-09T08:21:12.770+0000] {dag.py:4156} INFO - Setting next_dagrun for example_python_operator to None, run_after=None
[2024-09-09T08:21:12.787+0000] {processor.py:208} INFO - Processing /home/airflow/.local/lib/python3.12/site-packages/airflow/example_dags/example_python_operator.py took 0.067 seconds
[2024-09-09T08:21:43.484+0000] {processor.py:186} INFO - Started process (PID=10026) to work on /home/airflow/.local/lib/python3.12/site-packages/airflow/example_dags/example_python_operator.py
[2024-09-09T08:21:43.485+0000] {processor.py:914} INFO - Processing file /home/airflow/.local/lib/python3.12/site-packages/airflow/example_dags/example_python_operator.py for tasks to queue
[2024-09-09T08:21:43.488+0000] {logging_mixin.py:190} INFO - [2024-09-09T08:21:43.488+0000] {dagbag.py:587} INFO - Filling up the DagBag from /home/airflow/.local/lib/python3.12/site-packages/airflow/example_dags/example_python_operator.py
[2024-09-09T08:21:43.499+0000] {processor.py:925} INFO - DAG(s) 'example_python_operator' retrieved from /home/airflow/.local/lib/python3.12/site-packages/airflow/example_dags/example_python_operator.py
[2024-09-09T08:21:43.522+0000] {logging_mixin.py:190} INFO - [2024-09-09T08:21:43.521+0000] {dag.py:3229} INFO - Sync 1 DAGs
[2024-09-09T08:21:43.534+0000] {logging_mixin.py:190} INFO - [2024-09-09T08:21:43.534+0000] {dag.py:4156} INFO - Setting next_dagrun for example_python_operator to None, run_after=None
[2024-09-09T08:21:43.551+0000] {processor.py:208} INFO - Processing /home/airflow/.local/lib/python3.12/site-packages/airflow/example_dags/example_python_operator.py took 0.071 seconds
[2024-09-09T08:22:14.311+0000] {processor.py:186} INFO - Started process (PID=10312) to work on /home/airflow/.local/lib/python3.12/site-packages/airflow/example_dags/example_python_operator.py
[2024-09-09T08:22:14.312+0000] {processor.py:914} INFO - Processing file /home/airflow/.local/lib/python3.12/site-packages/airflow/example_dags/example_python_operator.py for tasks to queue
[2024-09-09T08:22:14.314+0000] {logging_mixin.py:190} INFO - [2024-09-09T08:22:14.314+0000] {dagbag.py:587} INFO - Filling up the DagBag from /home/airflow/.local/lib/python3.12/site-packages/airflow/example_dags/example_python_operator.py
[2024-09-09T08:22:14.323+0000] {processor.py:925} INFO - DAG(s) 'example_python_operator' retrieved from /home/airflow/.local/lib/python3.12/site-packages/airflow/example_dags/example_python_operator.py
[2024-09-09T08:22:14.341+0000] {logging_mixin.py:190} INFO - [2024-09-09T08:22:14.341+0000] {dag.py:3229} INFO - Sync 1 DAGs
[2024-09-09T08:22:14.354+0000] {logging_mixin.py:190} INFO - [2024-09-09T08:22:14.353+0000] {dag.py:4156} INFO - Setting next_dagrun for example_python_operator to None, run_after=None
[2024-09-09T08:22:14.373+0000] {processor.py:208} INFO - Processing /home/airflow/.local/lib/python3.12/site-packages/airflow/example_dags/example_python_operator.py took 0.066 seconds
[2024-09-09T08:22:45.394+0000] {processor.py:186} INFO - Started process (PID=10598) to work on /home/airflow/.local/lib/python3.12/site-packages/airflow/example_dags/example_python_operator.py
[2024-09-09T08:22:45.395+0000] {processor.py:914} INFO - Processing file /home/airflow/.local/lib/python3.12/site-packages/airflow/example_dags/example_python_operator.py for tasks to queue
[2024-09-09T08:22:45.398+0000] {logging_mixin.py:190} INFO - [2024-09-09T08:22:45.398+0000] {dagbag.py:587} INFO - Filling up the DagBag from /home/airflow/.local/lib/python3.12/site-packages/airflow/example_dags/example_python_operator.py
[2024-09-09T08:22:45.414+0000] {processor.py:925} INFO - DAG(s) 'example_python_operator' retrieved from /home/airflow/.local/lib/python3.12/site-packages/airflow/example_dags/example_python_operator.py
[2024-09-09T08:22:45.440+0000] {logging_mixin.py:190} INFO - [2024-09-09T08:22:45.439+0000] {dag.py:3229} INFO - Sync 1 DAGs
[2024-09-09T08:22:45.457+0000] {logging_mixin.py:190} INFO - [2024-09-09T08:22:45.456+0000] {dag.py:4156} INFO - Setting next_dagrun for example_python_operator to None, run_after=None
[2024-09-09T08:22:45.480+0000] {processor.py:208} INFO - Processing /home/airflow/.local/lib/python3.12/site-packages/airflow/example_dags/example_python_operator.py took 0.097 seconds
[2024-09-09T08:23:15.726+0000] {processor.py:186} INFO - Started process (PID=10884) to work on /home/airflow/.local/lib/python3.12/site-packages/airflow/example_dags/example_python_operator.py
[2024-09-09T08:23:15.727+0000] {processor.py:914} INFO - Processing file /home/airflow/.local/lib/python3.12/site-packages/airflow/example_dags/example_python_operator.py for tasks to queue
[2024-09-09T08:23:15.729+0000] {logging_mixin.py:190} INFO - [2024-09-09T08:23:15.729+0000] {dagbag.py:587} INFO - Filling up the DagBag from /home/airflow/.local/lib/python3.12/site-packages/airflow/example_dags/example_python_operator.py
[2024-09-09T08:23:15.738+0000] {processor.py:925} INFO - DAG(s) 'example_python_operator' retrieved from /home/airflow/.local/lib/python3.12/site-packages/airflow/example_dags/example_python_operator.py
[2024-09-09T08:23:15.758+0000] {logging_mixin.py:190} INFO - [2024-09-09T08:23:15.758+0000] {dag.py:3229} INFO - Sync 1 DAGs
[2024-09-09T08:23:15.770+0000] {logging_mixin.py:190} INFO - [2024-09-09T08:23:15.769+0000] {dag.py:4156} INFO - Setting next_dagrun for example_python_operator to None, run_after=None
[2024-09-09T08:23:15.787+0000] {processor.py:208} INFO - Processing /home/airflow/.local/lib/python3.12/site-packages/airflow/example_dags/example_python_operator.py took 0.066 seconds
[2024-09-09T08:23:46.883+0000] {processor.py:186} INFO - Started process (PID=11172) to work on /home/airflow/.local/lib/python3.12/site-packages/airflow/example_dags/example_python_operator.py
[2024-09-09T08:23:46.884+0000] {processor.py:914} INFO - Processing file /home/airflow/.local/lib/python3.12/site-packages/airflow/example_dags/example_python_operator.py for tasks to queue
[2024-09-09T08:23:46.887+0000] {logging_mixin.py:190} INFO - [2024-09-09T08:23:46.886+0000] {dagbag.py:587} INFO - Filling up the DagBag from /home/airflow/.local/lib/python3.12/site-packages/airflow/example_dags/example_python_operator.py
[2024-09-09T08:23:46.898+0000] {processor.py:925} INFO - DAG(s) 'example_python_operator' retrieved from /home/airflow/.local/lib/python3.12/site-packages/airflow/example_dags/example_python_operator.py
[2024-09-09T08:23:46.918+0000] {logging_mixin.py:190} INFO - [2024-09-09T08:23:46.918+0000] {dag.py:3229} INFO - Sync 1 DAGs
[2024-09-09T08:23:46.932+0000] {logging_mixin.py:190} INFO - [2024-09-09T08:23:46.932+0000] {dag.py:4156} INFO - Setting next_dagrun for example_python_operator to None, run_after=None
[2024-09-09T08:23:46.953+0000] {processor.py:208} INFO - Processing /home/airflow/.local/lib/python3.12/site-packages/airflow/example_dags/example_python_operator.py took 0.075 seconds
[2024-09-09T08:24:17.273+0000] {processor.py:186} INFO - Started process (PID=11456) to work on /home/airflow/.local/lib/python3.12/site-packages/airflow/example_dags/example_python_operator.py
[2024-09-09T08:24:17.274+0000] {processor.py:914} INFO - Processing file /home/airflow/.local/lib/python3.12/site-packages/airflow/example_dags/example_python_operator.py for tasks to queue
[2024-09-09T08:24:17.277+0000] {logging_mixin.py:190} INFO - [2024-09-09T08:24:17.276+0000] {dagbag.py:587} INFO - Filling up the DagBag from /home/airflow/.local/lib/python3.12/site-packages/airflow/example_dags/example_python_operator.py
[2024-09-09T08:24:17.299+0000] {processor.py:925} INFO - DAG(s) 'example_python_operator' retrieved from /home/airflow/.local/lib/python3.12/site-packages/airflow/example_dags/example_python_operator.py
[2024-09-09T08:24:17.325+0000] {logging_mixin.py:190} INFO - [2024-09-09T08:24:17.324+0000] {dag.py:3229} INFO - Sync 1 DAGs
[2024-09-09T08:24:17.343+0000] {logging_mixin.py:190} INFO - [2024-09-09T08:24:17.343+0000] {dag.py:4156} INFO - Setting next_dagrun for example_python_operator to None, run_after=None
[2024-09-09T08:24:17.370+0000] {processor.py:208} INFO - Processing /home/airflow/.local/lib/python3.12/site-packages/airflow/example_dags/example_python_operator.py took 0.103 seconds
[2024-09-09T08:24:47.516+0000] {processor.py:186} INFO - Started process (PID=11742) to work on /home/airflow/.local/lib/python3.12/site-packages/airflow/example_dags/example_python_operator.py
[2024-09-09T08:24:47.517+0000] {processor.py:914} INFO - Processing file /home/airflow/.local/lib/python3.12/site-packages/airflow/example_dags/example_python_operator.py for tasks to queue
[2024-09-09T08:24:47.519+0000] {logging_mixin.py:190} INFO - [2024-09-09T08:24:47.519+0000] {dagbag.py:587} INFO - Filling up the DagBag from /home/airflow/.local/lib/python3.12/site-packages/airflow/example_dags/example_python_operator.py
[2024-09-09T08:24:47.529+0000] {processor.py:925} INFO - DAG(s) 'example_python_operator' retrieved from /home/airflow/.local/lib/python3.12/site-packages/airflow/example_dags/example_python_operator.py
[2024-09-09T08:24:47.551+0000] {logging_mixin.py:190} INFO - [2024-09-09T08:24:47.550+0000] {dag.py:3229} INFO - Sync 1 DAGs
[2024-09-09T08:24:47.563+0000] {logging_mixin.py:190} INFO - [2024-09-09T08:24:47.563+0000] {dag.py:4156} INFO - Setting next_dagrun for example_python_operator to None, run_after=None
[2024-09-09T08:24:47.581+0000] {processor.py:208} INFO - Processing /home/airflow/.local/lib/python3.12/site-packages/airflow/example_dags/example_python_operator.py took 0.070 seconds
[2024-09-09T08:25:18.145+0000] {processor.py:186} INFO - Started process (PID=12028) to work on /home/airflow/.local/lib/python3.12/site-packages/airflow/example_dags/example_python_operator.py
[2024-09-09T08:25:18.146+0000] {processor.py:914} INFO - Processing file /home/airflow/.local/lib/python3.12/site-packages/airflow/example_dags/example_python_operator.py for tasks to queue
[2024-09-09T08:25:18.148+0000] {logging_mixin.py:190} INFO - [2024-09-09T08:25:18.148+0000] {dagbag.py:587} INFO - Filling up the DagBag from /home/airflow/.local/lib/python3.12/site-packages/airflow/example_dags/example_python_operator.py
[2024-09-09T08:25:18.158+0000] {processor.py:925} INFO - DAG(s) 'example_python_operator' retrieved from /home/airflow/.local/lib/python3.12/site-packages/airflow/example_dags/example_python_operator.py
[2024-09-09T08:25:18.176+0000] {logging_mixin.py:190} INFO - [2024-09-09T08:25:18.176+0000] {dag.py:3229} INFO - Sync 1 DAGs
[2024-09-09T08:25:18.188+0000] {logging_mixin.py:190} INFO - [2024-09-09T08:25:18.188+0000] {dag.py:4156} INFO - Setting next_dagrun for example_python_operator to None, run_after=None
[2024-09-09T08:25:18.205+0000] {processor.py:208} INFO - Processing /home/airflow/.local/lib/python3.12/site-packages/airflow/example_dags/example_python_operator.py took 0.066 seconds
[2024-09-09T08:25:48.535+0000] {processor.py:186} INFO - Started process (PID=12315) to work on /home/airflow/.local/lib/python3.12/site-packages/airflow/example_dags/example_python_operator.py
[2024-09-09T08:25:48.536+0000] {processor.py:914} INFO - Processing file /home/airflow/.local/lib/python3.12/site-packages/airflow/example_dags/example_python_operator.py for tasks to queue
[2024-09-09T08:25:48.539+0000] {logging_mixin.py:190} INFO - [2024-09-09T08:25:48.539+0000] {dagbag.py:587} INFO - Filling up the DagBag from /home/airflow/.local/lib/python3.12/site-packages/airflow/example_dags/example_python_operator.py
[2024-09-09T08:25:48.550+0000] {processor.py:925} INFO - DAG(s) 'example_python_operator' retrieved from /home/airflow/.local/lib/python3.12/site-packages/airflow/example_dags/example_python_operator.py
[2024-09-09T08:25:48.575+0000] {logging_mixin.py:190} INFO - [2024-09-09T08:25:48.574+0000] {dag.py:3229} INFO - Sync 1 DAGs
[2024-09-09T08:25:48.588+0000] {logging_mixin.py:190} INFO - [2024-09-09T08:25:48.588+0000] {dag.py:4156} INFO - Setting next_dagrun for example_python_operator to None, run_after=None
[2024-09-09T08:25:48.611+0000] {processor.py:208} INFO - Processing /home/airflow/.local/lib/python3.12/site-packages/airflow/example_dags/example_python_operator.py took 0.080 seconds
[2024-09-09T08:26:19.380+0000] {processor.py:186} INFO - Started process (PID=12601) to work on /home/airflow/.local/lib/python3.12/site-packages/airflow/example_dags/example_python_operator.py
[2024-09-09T08:26:19.382+0000] {processor.py:914} INFO - Processing file /home/airflow/.local/lib/python3.12/site-packages/airflow/example_dags/example_python_operator.py for tasks to queue
[2024-09-09T08:26:19.386+0000] {logging_mixin.py:190} INFO - [2024-09-09T08:26:19.385+0000] {dagbag.py:587} INFO - Filling up the DagBag from /home/airflow/.local/lib/python3.12/site-packages/airflow/example_dags/example_python_operator.py
[2024-09-09T08:26:19.396+0000] {processor.py:925} INFO - DAG(s) 'example_python_operator' retrieved from /home/airflow/.local/lib/python3.12/site-packages/airflow/example_dags/example_python_operator.py
[2024-09-09T08:26:19.414+0000] {logging_mixin.py:190} INFO - [2024-09-09T08:26:19.414+0000] {dag.py:3229} INFO - Sync 1 DAGs
[2024-09-09T08:26:19.427+0000] {logging_mixin.py:190} INFO - [2024-09-09T08:26:19.427+0000] {dag.py:4156} INFO - Setting next_dagrun for example_python_operator to None, run_after=None
[2024-09-09T08:26:19.445+0000] {processor.py:208} INFO - Processing /home/airflow/.local/lib/python3.12/site-packages/airflow/example_dags/example_python_operator.py took 0.070 seconds
[2024-09-09T08:26:50.059+0000] {processor.py:186} INFO - Started process (PID=12887) to work on /home/airflow/.local/lib/python3.12/site-packages/airflow/example_dags/example_python_operator.py
[2024-09-09T08:26:50.060+0000] {processor.py:914} INFO - Processing file /home/airflow/.local/lib/python3.12/site-packages/airflow/example_dags/example_python_operator.py for tasks to queue
[2024-09-09T08:26:50.062+0000] {logging_mixin.py:190} INFO - [2024-09-09T08:26:50.062+0000] {dagbag.py:587} INFO - Filling up the DagBag from /home/airflow/.local/lib/python3.12/site-packages/airflow/example_dags/example_python_operator.py
[2024-09-09T08:26:50.073+0000] {processor.py:925} INFO - DAG(s) 'example_python_operator' retrieved from /home/airflow/.local/lib/python3.12/site-packages/airflow/example_dags/example_python_operator.py
[2024-09-09T08:26:50.092+0000] {logging_mixin.py:190} INFO - [2024-09-09T08:26:50.092+0000] {dag.py:3229} INFO - Sync 1 DAGs
[2024-09-09T08:26:50.103+0000] {logging_mixin.py:190} INFO - [2024-09-09T08:26:50.103+0000] {dag.py:4156} INFO - Setting next_dagrun for example_python_operator to None, run_after=None
[2024-09-09T08:26:50.123+0000] {processor.py:208} INFO - Processing /home/airflow/.local/lib/python3.12/site-packages/airflow/example_dags/example_python_operator.py took 0.070 seconds
[2024-09-09T08:27:20.670+0000] {processor.py:186} INFO - Started process (PID=13173) to work on /home/airflow/.local/lib/python3.12/site-packages/airflow/example_dags/example_python_operator.py
[2024-09-09T08:27:20.671+0000] {processor.py:914} INFO - Processing file /home/airflow/.local/lib/python3.12/site-packages/airflow/example_dags/example_python_operator.py for tasks to queue
[2024-09-09T08:27:20.674+0000] {logging_mixin.py:190} INFO - [2024-09-09T08:27:20.673+0000] {dagbag.py:587} INFO - Filling up the DagBag from /home/airflow/.local/lib/python3.12/site-packages/airflow/example_dags/example_python_operator.py
[2024-09-09T08:27:20.685+0000] {processor.py:925} INFO - DAG(s) 'example_python_operator' retrieved from /home/airflow/.local/lib/python3.12/site-packages/airflow/example_dags/example_python_operator.py
[2024-09-09T08:27:20.705+0000] {logging_mixin.py:190} INFO - [2024-09-09T08:27:20.705+0000] {dag.py:3229} INFO - Sync 1 DAGs
[2024-09-09T08:27:20.717+0000] {logging_mixin.py:190} INFO - [2024-09-09T08:27:20.717+0000] {dag.py:4156} INFO - Setting next_dagrun for example_python_operator to None, run_after=None
[2024-09-09T08:27:20.734+0000] {processor.py:208} INFO - Processing /home/airflow/.local/lib/python3.12/site-packages/airflow/example_dags/example_python_operator.py took 0.069 seconds
[2024-09-09T08:27:51.832+0000] {processor.py:186} INFO - Started process (PID=13459) to work on /home/airflow/.local/lib/python3.12/site-packages/airflow/example_dags/example_python_operator.py
[2024-09-09T08:27:51.833+0000] {processor.py:914} INFO - Processing file /home/airflow/.local/lib/python3.12/site-packages/airflow/example_dags/example_python_operator.py for tasks to queue
[2024-09-09T08:27:51.835+0000] {logging_mixin.py:190} INFO - [2024-09-09T08:27:51.834+0000] {dagbag.py:587} INFO - Filling up the DagBag from /home/airflow/.local/lib/python3.12/site-packages/airflow/example_dags/example_python_operator.py
[2024-09-09T08:27:51.848+0000] {processor.py:925} INFO - DAG(s) 'example_python_operator' retrieved from /home/airflow/.local/lib/python3.12/site-packages/airflow/example_dags/example_python_operator.py
[2024-09-09T08:27:51.867+0000] {logging_mixin.py:190} INFO - [2024-09-09T08:27:51.867+0000] {dag.py:3229} INFO - Sync 1 DAGs
[2024-09-09T08:27:51.881+0000] {logging_mixin.py:190} INFO - [2024-09-09T08:27:51.880+0000] {dag.py:4156} INFO - Setting next_dagrun for example_python_operator to None, run_after=None
[2024-09-09T08:27:51.921+0000] {processor.py:208} INFO - Processing /home/airflow/.local/lib/python3.12/site-packages/airflow/example_dags/example_python_operator.py took 0.094 seconds
[2024-09-09T08:28:24.237+0000] {processor.py:186} INFO - Started process (PID=13747) to work on /home/airflow/.local/lib/python3.12/site-packages/airflow/example_dags/example_python_operator.py
[2024-09-09T08:28:24.239+0000] {processor.py:914} INFO - Processing file /home/airflow/.local/lib/python3.12/site-packages/airflow/example_dags/example_python_operator.py for tasks to queue
[2024-09-09T08:28:24.245+0000] {logging_mixin.py:190} INFO - [2024-09-09T08:28:24.244+0000] {dagbag.py:587} INFO - Filling up the DagBag from /home/airflow/.local/lib/python3.12/site-packages/airflow/example_dags/example_python_operator.py
[2024-09-09T08:28:24.274+0000] {processor.py:925} INFO - DAG(s) 'example_python_operator' retrieved from /home/airflow/.local/lib/python3.12/site-packages/airflow/example_dags/example_python_operator.py
[2024-09-09T08:28:24.323+0000] {logging_mixin.py:190} INFO - [2024-09-09T08:28:24.322+0000] {dag.py:3229} INFO - Sync 1 DAGs
[2024-09-09T08:28:24.362+0000] {logging_mixin.py:190} INFO - [2024-09-09T08:28:24.361+0000] {dag.py:4156} INFO - Setting next_dagrun for example_python_operator to None, run_after=None
[2024-09-09T08:28:24.405+0000] {processor.py:208} INFO - Processing /home/airflow/.local/lib/python3.12/site-packages/airflow/example_dags/example_python_operator.py took 0.177 seconds
[2024-09-09T08:28:55.694+0000] {processor.py:186} INFO - Started process (PID=14033) to work on /home/airflow/.local/lib/python3.12/site-packages/airflow/example_dags/example_python_operator.py
[2024-09-09T08:28:55.696+0000] {processor.py:914} INFO - Processing file /home/airflow/.local/lib/python3.12/site-packages/airflow/example_dags/example_python_operator.py for tasks to queue
[2024-09-09T08:28:55.701+0000] {logging_mixin.py:190} INFO - [2024-09-09T08:28:55.700+0000] {dagbag.py:587} INFO - Filling up the DagBag from /home/airflow/.local/lib/python3.12/site-packages/airflow/example_dags/example_python_operator.py
[2024-09-09T08:28:55.722+0000] {processor.py:925} INFO - DAG(s) 'example_python_operator' retrieved from /home/airflow/.local/lib/python3.12/site-packages/airflow/example_dags/example_python_operator.py
[2024-09-09T08:28:55.757+0000] {logging_mixin.py:190} INFO - [2024-09-09T08:28:55.754+0000] {dag.py:3229} INFO - Sync 1 DAGs
[2024-09-09T08:28:55.791+0000] {logging_mixin.py:190} INFO - [2024-09-09T08:28:55.791+0000] {dag.py:4156} INFO - Setting next_dagrun for example_python_operator to None, run_after=None
[2024-09-09T08:28:55.832+0000] {processor.py:208} INFO - Processing /home/airflow/.local/lib/python3.12/site-packages/airflow/example_dags/example_python_operator.py took 0.145 seconds
[2024-09-09T08:29:26.557+0000] {processor.py:186} INFO - Started process (PID=14319) to work on /home/airflow/.local/lib/python3.12/site-packages/airflow/example_dags/example_python_operator.py
[2024-09-09T08:29:26.559+0000] {processor.py:914} INFO - Processing file /home/airflow/.local/lib/python3.12/site-packages/airflow/example_dags/example_python_operator.py for tasks to queue
[2024-09-09T08:29:26.563+0000] {logging_mixin.py:190} INFO - [2024-09-09T08:29:26.562+0000] {dagbag.py:587} INFO - Filling up the DagBag from /home/airflow/.local/lib/python3.12/site-packages/airflow/example_dags/example_python_operator.py
[2024-09-09T08:29:26.582+0000] {processor.py:925} INFO - DAG(s) 'example_python_operator' retrieved from /home/airflow/.local/lib/python3.12/site-packages/airflow/example_dags/example_python_operator.py
[2024-09-09T08:29:26.612+0000] {logging_mixin.py:190} INFO - [2024-09-09T08:29:26.611+0000] {dag.py:3229} INFO - Sync 1 DAGs
[2024-09-09T08:29:26.630+0000] {logging_mixin.py:190} INFO - [2024-09-09T08:29:26.630+0000] {dag.py:4156} INFO - Setting next_dagrun for example_python_operator to None, run_after=None
[2024-09-09T08:29:26.658+0000] {processor.py:208} INFO - Processing /home/airflow/.local/lib/python3.12/site-packages/airflow/example_dags/example_python_operator.py took 0.109 seconds
[2024-09-09T08:29:57.249+0000] {processor.py:186} INFO - Started process (PID=14603) to work on /home/airflow/.local/lib/python3.12/site-packages/airflow/example_dags/example_python_operator.py
[2024-09-09T08:29:57.250+0000] {processor.py:914} INFO - Processing file /home/airflow/.local/lib/python3.12/site-packages/airflow/example_dags/example_python_operator.py for tasks to queue
[2024-09-09T08:29:57.254+0000] {logging_mixin.py:190} INFO - [2024-09-09T08:29:57.254+0000] {dagbag.py:587} INFO - Filling up the DagBag from /home/airflow/.local/lib/python3.12/site-packages/airflow/example_dags/example_python_operator.py
[2024-09-09T08:29:57.275+0000] {processor.py:925} INFO - DAG(s) 'example_python_operator' retrieved from /home/airflow/.local/lib/python3.12/site-packages/airflow/example_dags/example_python_operator.py
[2024-09-09T08:29:57.318+0000] {logging_mixin.py:190} INFO - [2024-09-09T08:29:57.318+0000] {dag.py:3229} INFO - Sync 1 DAGs
[2024-09-09T08:29:57.346+0000] {logging_mixin.py:190} INFO - [2024-09-09T08:29:57.346+0000] {dag.py:4156} INFO - Setting next_dagrun for example_python_operator to None, run_after=None
[2024-09-09T08:29:57.381+0000] {processor.py:208} INFO - Processing /home/airflow/.local/lib/python3.12/site-packages/airflow/example_dags/example_python_operator.py took 0.142 seconds
[2024-09-09T08:30:27.915+0000] {processor.py:186} INFO - Started process (PID=14889) to work on /home/airflow/.local/lib/python3.12/site-packages/airflow/example_dags/example_python_operator.py
[2024-09-09T08:30:27.916+0000] {processor.py:914} INFO - Processing file /home/airflow/.local/lib/python3.12/site-packages/airflow/example_dags/example_python_operator.py for tasks to queue
[2024-09-09T08:30:27.919+0000] {logging_mixin.py:190} INFO - [2024-09-09T08:30:27.918+0000] {dagbag.py:587} INFO - Filling up the DagBag from /home/airflow/.local/lib/python3.12/site-packages/airflow/example_dags/example_python_operator.py
[2024-09-09T08:30:27.938+0000] {processor.py:925} INFO - DAG(s) 'example_python_operator' retrieved from /home/airflow/.local/lib/python3.12/site-packages/airflow/example_dags/example_python_operator.py
[2024-09-09T08:30:27.967+0000] {logging_mixin.py:190} INFO - [2024-09-09T08:30:27.967+0000] {dag.py:3229} INFO - Sync 1 DAGs
[2024-09-09T08:30:28.056+0000] {logging_mixin.py:190} INFO - [2024-09-09T08:30:28.056+0000] {dag.py:4156} INFO - Setting next_dagrun for example_python_operator to None, run_after=None
[2024-09-09T08:30:28.086+0000] {processor.py:208} INFO - Processing /home/airflow/.local/lib/python3.12/site-packages/airflow/example_dags/example_python_operator.py took 0.182 seconds
[2024-09-09T08:30:59.109+0000] {processor.py:186} INFO - Started process (PID=15175) to work on /home/airflow/.local/lib/python3.12/site-packages/airflow/example_dags/example_python_operator.py
[2024-09-09T08:30:59.111+0000] {processor.py:914} INFO - Processing file /home/airflow/.local/lib/python3.12/site-packages/airflow/example_dags/example_python_operator.py for tasks to queue
[2024-09-09T08:30:59.114+0000] {logging_mixin.py:190} INFO - [2024-09-09T08:30:59.113+0000] {dagbag.py:587} INFO - Filling up the DagBag from /home/airflow/.local/lib/python3.12/site-packages/airflow/example_dags/example_python_operator.py
[2024-09-09T08:30:59.131+0000] {processor.py:925} INFO - DAG(s) 'example_python_operator' retrieved from /home/airflow/.local/lib/python3.12/site-packages/airflow/example_dags/example_python_operator.py
[2024-09-09T08:30:59.157+0000] {logging_mixin.py:190} INFO - [2024-09-09T08:30:59.157+0000] {dag.py:3229} INFO - Sync 1 DAGs
[2024-09-09T08:30:59.174+0000] {logging_mixin.py:190} INFO - [2024-09-09T08:30:59.174+0000] {dag.py:4156} INFO - Setting next_dagrun for example_python_operator to None, run_after=None
[2024-09-09T08:30:59.195+0000] {processor.py:208} INFO - Processing /home/airflow/.local/lib/python3.12/site-packages/airflow/example_dags/example_python_operator.py took 0.094 seconds
[2024-09-09T08:31:29.994+0000] {processor.py:186} INFO - Started process (PID=15461) to work on /home/airflow/.local/lib/python3.12/site-packages/airflow/example_dags/example_python_operator.py
[2024-09-09T08:31:29.995+0000] {processor.py:914} INFO - Processing file /home/airflow/.local/lib/python3.12/site-packages/airflow/example_dags/example_python_operator.py for tasks to queue
[2024-09-09T08:31:29.998+0000] {logging_mixin.py:190} INFO - [2024-09-09T08:31:29.998+0000] {dagbag.py:587} INFO - Filling up the DagBag from /home/airflow/.local/lib/python3.12/site-packages/airflow/example_dags/example_python_operator.py
[2024-09-09T08:31:30.011+0000] {processor.py:925} INFO - DAG(s) 'example_python_operator' retrieved from /home/airflow/.local/lib/python3.12/site-packages/airflow/example_dags/example_python_operator.py
[2024-09-09T08:31:30.035+0000] {logging_mixin.py:190} INFO - [2024-09-09T08:31:30.035+0000] {dag.py:3229} INFO - Sync 1 DAGs
[2024-09-09T08:31:30.050+0000] {logging_mixin.py:190} INFO - [2024-09-09T08:31:30.049+0000] {dag.py:4156} INFO - Setting next_dagrun for example_python_operator to None, run_after=None
[2024-09-09T08:31:30.224+0000] {processor.py:208} INFO - Processing /home/airflow/.local/lib/python3.12/site-packages/airflow/example_dags/example_python_operator.py took 0.236 seconds
[2024-09-09T08:32:01.384+0000] {processor.py:186} INFO - Started process (PID=15747) to work on /home/airflow/.local/lib/python3.12/site-packages/airflow/example_dags/example_python_operator.py
[2024-09-09T08:32:01.385+0000] {processor.py:914} INFO - Processing file /home/airflow/.local/lib/python3.12/site-packages/airflow/example_dags/example_python_operator.py for tasks to queue
[2024-09-09T08:32:01.387+0000] {logging_mixin.py:190} INFO - [2024-09-09T08:32:01.387+0000] {dagbag.py:587} INFO - Filling up the DagBag from /home/airflow/.local/lib/python3.12/site-packages/airflow/example_dags/example_python_operator.py
[2024-09-09T08:32:01.400+0000] {processor.py:925} INFO - DAG(s) 'example_python_operator' retrieved from /home/airflow/.local/lib/python3.12/site-packages/airflow/example_dags/example_python_operator.py
[2024-09-09T08:32:01.420+0000] {logging_mixin.py:190} INFO - [2024-09-09T08:32:01.420+0000] {dag.py:3229} INFO - Sync 1 DAGs
[2024-09-09T08:32:01.434+0000] {logging_mixin.py:190} INFO - [2024-09-09T08:32:01.434+0000] {dag.py:4156} INFO - Setting next_dagrun for example_python_operator to None, run_after=None
[2024-09-09T08:32:01.456+0000] {processor.py:208} INFO - Processing /home/airflow/.local/lib/python3.12/site-packages/airflow/example_dags/example_python_operator.py took 0.078 seconds
[2024-09-09T08:32:33.007+0000] {processor.py:186} INFO - Started process (PID=16033) to work on /home/airflow/.local/lib/python3.12/site-packages/airflow/example_dags/example_python_operator.py
[2024-09-09T08:32:33.009+0000] {processor.py:914} INFO - Processing file /home/airflow/.local/lib/python3.12/site-packages/airflow/example_dags/example_python_operator.py for tasks to queue
[2024-09-09T08:32:33.013+0000] {logging_mixin.py:190} INFO - [2024-09-09T08:32:33.013+0000] {dagbag.py:587} INFO - Filling up the DagBag from /home/airflow/.local/lib/python3.12/site-packages/airflow/example_dags/example_python_operator.py
[2024-09-09T08:32:33.033+0000] {processor.py:925} INFO - DAG(s) 'example_python_operator' retrieved from /home/airflow/.local/lib/python3.12/site-packages/airflow/example_dags/example_python_operator.py
[2024-09-09T08:32:33.067+0000] {logging_mixin.py:190} INFO - [2024-09-09T08:32:33.066+0000] {dag.py:3229} INFO - Sync 1 DAGs
[2024-09-09T08:32:33.089+0000] {logging_mixin.py:190} INFO - [2024-09-09T08:32:33.089+0000] {dag.py:4156} INFO - Setting next_dagrun for example_python_operator to None, run_after=None
[2024-09-09T08:32:33.120+0000] {processor.py:208} INFO - Processing /home/airflow/.local/lib/python3.12/site-packages/airflow/example_dags/example_python_operator.py took 0.125 seconds
[2024-09-09T08:33:03.351+0000] {processor.py:186} INFO - Started process (PID=16318) to work on /home/airflow/.local/lib/python3.12/site-packages/airflow/example_dags/example_python_operator.py
[2024-09-09T08:33:03.352+0000] {processor.py:914} INFO - Processing file /home/airflow/.local/lib/python3.12/site-packages/airflow/example_dags/example_python_operator.py for tasks to queue
[2024-09-09T08:33:03.355+0000] {logging_mixin.py:190} INFO - [2024-09-09T08:33:03.354+0000] {dagbag.py:587} INFO - Filling up the DagBag from /home/airflow/.local/lib/python3.12/site-packages/airflow/example_dags/example_python_operator.py
[2024-09-09T08:33:03.379+0000] {processor.py:925} INFO - DAG(s) 'example_python_operator' retrieved from /home/airflow/.local/lib/python3.12/site-packages/airflow/example_dags/example_python_operator.py
[2024-09-09T08:33:03.407+0000] {logging_mixin.py:190} INFO - [2024-09-09T08:33:03.407+0000] {dag.py:3229} INFO - Sync 1 DAGs
[2024-09-09T08:33:03.421+0000] {logging_mixin.py:190} INFO - [2024-09-09T08:33:03.421+0000] {dag.py:4156} INFO - Setting next_dagrun for example_python_operator to None, run_after=None
[2024-09-09T08:33:03.441+0000] {processor.py:208} INFO - Processing /home/airflow/.local/lib/python3.12/site-packages/airflow/example_dags/example_python_operator.py took 0.095 seconds
[2024-09-09T08:33:34.503+0000] {processor.py:186} INFO - Started process (PID=16604) to work on /home/airflow/.local/lib/python3.12/site-packages/airflow/example_dags/example_python_operator.py
[2024-09-09T08:33:34.504+0000] {processor.py:914} INFO - Processing file /home/airflow/.local/lib/python3.12/site-packages/airflow/example_dags/example_python_operator.py for tasks to queue
[2024-09-09T08:33:34.507+0000] {logging_mixin.py:190} INFO - [2024-09-09T08:33:34.506+0000] {dagbag.py:587} INFO - Filling up the DagBag from /home/airflow/.local/lib/python3.12/site-packages/airflow/example_dags/example_python_operator.py
[2024-09-09T08:33:34.523+0000] {processor.py:925} INFO - DAG(s) 'example_python_operator' retrieved from /home/airflow/.local/lib/python3.12/site-packages/airflow/example_dags/example_python_operator.py
[2024-09-09T08:33:34.557+0000] {logging_mixin.py:190} INFO - [2024-09-09T08:33:34.556+0000] {dag.py:3229} INFO - Sync 1 DAGs
[2024-09-09T08:33:34.590+0000] {logging_mixin.py:190} INFO - [2024-09-09T08:33:34.590+0000] {dag.py:4156} INFO - Setting next_dagrun for example_python_operator to None, run_after=None
[2024-09-09T08:33:34.618+0000] {processor.py:208} INFO - Processing /home/airflow/.local/lib/python3.12/site-packages/airflow/example_dags/example_python_operator.py took 0.124 seconds
[2024-09-09T08:34:05.644+0000] {processor.py:186} INFO - Started process (PID=16890) to work on /home/airflow/.local/lib/python3.12/site-packages/airflow/example_dags/example_python_operator.py
[2024-09-09T08:34:05.645+0000] {processor.py:914} INFO - Processing file /home/airflow/.local/lib/python3.12/site-packages/airflow/example_dags/example_python_operator.py for tasks to queue
[2024-09-09T08:34:05.648+0000] {logging_mixin.py:190} INFO - [2024-09-09T08:34:05.648+0000] {dagbag.py:587} INFO - Filling up the DagBag from /home/airflow/.local/lib/python3.12/site-packages/airflow/example_dags/example_python_operator.py
[2024-09-09T08:34:05.661+0000] {processor.py:925} INFO - DAG(s) 'example_python_operator' retrieved from /home/airflow/.local/lib/python3.12/site-packages/airflow/example_dags/example_python_operator.py
[2024-09-09T08:34:05.854+0000] {logging_mixin.py:190} INFO - [2024-09-09T08:34:05.853+0000] {dag.py:3229} INFO - Sync 1 DAGs
[2024-09-09T08:34:05.864+0000] {logging_mixin.py:190} INFO - [2024-09-09T08:34:05.864+0000] {dag.py:4156} INFO - Setting next_dagrun for example_python_operator to None, run_after=None
[2024-09-09T08:34:05.884+0000] {processor.py:208} INFO - Processing /home/airflow/.local/lib/python3.12/site-packages/airflow/example_dags/example_python_operator.py took 0.245 seconds
[2024-09-09T08:34:36.180+0000] {processor.py:186} INFO - Started process (PID=17176) to work on /home/airflow/.local/lib/python3.12/site-packages/airflow/example_dags/example_python_operator.py
[2024-09-09T08:34:36.181+0000] {processor.py:914} INFO - Processing file /home/airflow/.local/lib/python3.12/site-packages/airflow/example_dags/example_python_operator.py for tasks to queue
[2024-09-09T08:34:36.184+0000] {logging_mixin.py:190} INFO - [2024-09-09T08:34:36.183+0000] {dagbag.py:587} INFO - Filling up the DagBag from /home/airflow/.local/lib/python3.12/site-packages/airflow/example_dags/example_python_operator.py
[2024-09-09T08:34:36.195+0000] {processor.py:925} INFO - DAG(s) 'example_python_operator' retrieved from /home/airflow/.local/lib/python3.12/site-packages/airflow/example_dags/example_python_operator.py
[2024-09-09T08:34:36.219+0000] {logging_mixin.py:190} INFO - [2024-09-09T08:34:36.218+0000] {dag.py:3229} INFO - Sync 1 DAGs
[2024-09-09T08:34:36.234+0000] {logging_mixin.py:190} INFO - [2024-09-09T08:34:36.234+0000] {dag.py:4156} INFO - Setting next_dagrun for example_python_operator to None, run_after=None
[2024-09-09T08:34:36.253+0000] {processor.py:208} INFO - Processing /home/airflow/.local/lib/python3.12/site-packages/airflow/example_dags/example_python_operator.py took 0.078 seconds
[2024-09-09T08:35:06.879+0000] {processor.py:186} INFO - Started process (PID=17462) to work on /home/airflow/.local/lib/python3.12/site-packages/airflow/example_dags/example_python_operator.py
[2024-09-09T08:35:06.881+0000] {processor.py:914} INFO - Processing file /home/airflow/.local/lib/python3.12/site-packages/airflow/example_dags/example_python_operator.py for tasks to queue
[2024-09-09T08:35:06.883+0000] {logging_mixin.py:190} INFO - [2024-09-09T08:35:06.883+0000] {dagbag.py:587} INFO - Filling up the DagBag from /home/airflow/.local/lib/python3.12/site-packages/airflow/example_dags/example_python_operator.py
[2024-09-09T08:35:06.894+0000] {processor.py:925} INFO - DAG(s) 'example_python_operator' retrieved from /home/airflow/.local/lib/python3.12/site-packages/airflow/example_dags/example_python_operator.py
[2024-09-09T08:35:06.915+0000] {logging_mixin.py:190} INFO - [2024-09-09T08:35:06.915+0000] {dag.py:3229} INFO - Sync 1 DAGs
[2024-09-09T08:35:06.929+0000] {logging_mixin.py:190} INFO - [2024-09-09T08:35:06.929+0000] {dag.py:4156} INFO - Setting next_dagrun for example_python_operator to None, run_after=None
[2024-09-09T08:35:06.947+0000] {processor.py:208} INFO - Processing /home/airflow/.local/lib/python3.12/site-packages/airflow/example_dags/example_python_operator.py took 0.074 seconds
[2024-09-09T08:35:37.380+0000] {processor.py:186} INFO - Started process (PID=17748) to work on /home/airflow/.local/lib/python3.12/site-packages/airflow/example_dags/example_python_operator.py
[2024-09-09T08:35:37.381+0000] {processor.py:914} INFO - Processing file /home/airflow/.local/lib/python3.12/site-packages/airflow/example_dags/example_python_operator.py for tasks to queue
[2024-09-09T08:35:37.384+0000] {logging_mixin.py:190} INFO - [2024-09-09T08:35:37.384+0000] {dagbag.py:587} INFO - Filling up the DagBag from /home/airflow/.local/lib/python3.12/site-packages/airflow/example_dags/example_python_operator.py
[2024-09-09T08:35:37.396+0000] {processor.py:925} INFO - DAG(s) 'example_python_operator' retrieved from /home/airflow/.local/lib/python3.12/site-packages/airflow/example_dags/example_python_operator.py
[2024-09-09T08:35:37.417+0000] {logging_mixin.py:190} INFO - [2024-09-09T08:35:37.416+0000] {dag.py:3229} INFO - Sync 1 DAGs
[2024-09-09T08:35:37.430+0000] {logging_mixin.py:190} INFO - [2024-09-09T08:35:37.430+0000] {dag.py:4156} INFO - Setting next_dagrun for example_python_operator to None, run_after=None
[2024-09-09T08:35:37.449+0000] {processor.py:208} INFO - Processing /home/airflow/.local/lib/python3.12/site-packages/airflow/example_dags/example_python_operator.py took 0.075 seconds
[2024-09-09T08:36:08.166+0000] {processor.py:186} INFO - Started process (PID=18034) to work on /home/airflow/.local/lib/python3.12/site-packages/airflow/example_dags/example_python_operator.py
[2024-09-09T08:36:08.168+0000] {processor.py:914} INFO - Processing file /home/airflow/.local/lib/python3.12/site-packages/airflow/example_dags/example_python_operator.py for tasks to queue
[2024-09-09T08:36:08.172+0000] {logging_mixin.py:190} INFO - [2024-09-09T08:36:08.171+0000] {dagbag.py:587} INFO - Filling up the DagBag from /home/airflow/.local/lib/python3.12/site-packages/airflow/example_dags/example_python_operator.py
[2024-09-09T08:36:08.192+0000] {processor.py:925} INFO - DAG(s) 'example_python_operator' retrieved from /home/airflow/.local/lib/python3.12/site-packages/airflow/example_dags/example_python_operator.py
[2024-09-09T08:36:08.227+0000] {logging_mixin.py:190} INFO - [2024-09-09T08:36:08.226+0000] {dag.py:3229} INFO - Sync 1 DAGs
[2024-09-09T08:36:08.250+0000] {logging_mixin.py:190} INFO - [2024-09-09T08:36:08.250+0000] {dag.py:4156} INFO - Setting next_dagrun for example_python_operator to None, run_after=None
[2024-09-09T08:36:08.279+0000] {processor.py:208} INFO - Processing /home/airflow/.local/lib/python3.12/site-packages/airflow/example_dags/example_python_operator.py took 0.126 seconds
[2024-09-09T08:36:38.610+0000] {processor.py:186} INFO - Started process (PID=18320) to work on /home/airflow/.local/lib/python3.12/site-packages/airflow/example_dags/example_python_operator.py
[2024-09-09T08:36:38.611+0000] {processor.py:914} INFO - Processing file /home/airflow/.local/lib/python3.12/site-packages/airflow/example_dags/example_python_operator.py for tasks to queue
[2024-09-09T08:36:38.613+0000] {logging_mixin.py:190} INFO - [2024-09-09T08:36:38.613+0000] {dagbag.py:587} INFO - Filling up the DagBag from /home/airflow/.local/lib/python3.12/site-packages/airflow/example_dags/example_python_operator.py
[2024-09-09T08:36:38.627+0000] {processor.py:925} INFO - DAG(s) 'example_python_operator' retrieved from /home/airflow/.local/lib/python3.12/site-packages/airflow/example_dags/example_python_operator.py
[2024-09-09T08:36:38.650+0000] {logging_mixin.py:190} INFO - [2024-09-09T08:36:38.649+0000] {dag.py:3229} INFO - Sync 1 DAGs
[2024-09-09T08:36:38.665+0000] {logging_mixin.py:190} INFO - [2024-09-09T08:36:38.665+0000] {dag.py:4156} INFO - Setting next_dagrun for example_python_operator to None, run_after=None
[2024-09-09T08:36:38.688+0000] {processor.py:208} INFO - Processing /home/airflow/.local/lib/python3.12/site-packages/airflow/example_dags/example_python_operator.py took 0.084 seconds
[2024-09-09T08:37:10.031+0000] {processor.py:186} INFO - Started process (PID=18606) to work on /home/airflow/.local/lib/python3.12/site-packages/airflow/example_dags/example_python_operator.py
[2024-09-09T08:37:10.033+0000] {processor.py:914} INFO - Processing file /home/airflow/.local/lib/python3.12/site-packages/airflow/example_dags/example_python_operator.py for tasks to queue
[2024-09-09T08:37:10.036+0000] {logging_mixin.py:190} INFO - [2024-09-09T08:37:10.036+0000] {dagbag.py:587} INFO - Filling up the DagBag from /home/airflow/.local/lib/python3.12/site-packages/airflow/example_dags/example_python_operator.py
[2024-09-09T08:37:10.052+0000] {processor.py:925} INFO - DAG(s) 'example_python_operator' retrieved from /home/airflow/.local/lib/python3.12/site-packages/airflow/example_dags/example_python_operator.py
[2024-09-09T08:37:10.081+0000] {logging_mixin.py:190} INFO - [2024-09-09T08:37:10.081+0000] {dag.py:3229} INFO - Sync 1 DAGs
[2024-09-09T08:37:10.108+0000] {logging_mixin.py:190} INFO - [2024-09-09T08:37:10.108+0000] {dag.py:4156} INFO - Setting next_dagrun for example_python_operator to None, run_after=None
[2024-09-09T08:37:10.175+0000] {processor.py:208} INFO - Processing /home/airflow/.local/lib/python3.12/site-packages/airflow/example_dags/example_python_operator.py took 0.151 seconds
[2024-09-09T08:37:40.872+0000] {processor.py:186} INFO - Started process (PID=18892) to work on /home/airflow/.local/lib/python3.12/site-packages/airflow/example_dags/example_python_operator.py
[2024-09-09T08:37:40.873+0000] {processor.py:914} INFO - Processing file /home/airflow/.local/lib/python3.12/site-packages/airflow/example_dags/example_python_operator.py for tasks to queue
[2024-09-09T08:37:40.875+0000] {logging_mixin.py:190} INFO - [2024-09-09T08:37:40.874+0000] {dagbag.py:587} INFO - Filling up the DagBag from /home/airflow/.local/lib/python3.12/site-packages/airflow/example_dags/example_python_operator.py
[2024-09-09T08:37:40.886+0000] {processor.py:925} INFO - DAG(s) 'example_python_operator' retrieved from /home/airflow/.local/lib/python3.12/site-packages/airflow/example_dags/example_python_operator.py
[2024-09-09T08:37:40.907+0000] {logging_mixin.py:190} INFO - [2024-09-09T08:37:40.907+0000] {dag.py:3229} INFO - Sync 1 DAGs
[2024-09-09T08:37:40.921+0000] {logging_mixin.py:190} INFO - [2024-09-09T08:37:40.921+0000] {dag.py:4156} INFO - Setting next_dagrun for example_python_operator to None, run_after=None
[2024-09-09T08:37:40.942+0000] {processor.py:208} INFO - Processing /home/airflow/.local/lib/python3.12/site-packages/airflow/example_dags/example_python_operator.py took 0.075 seconds
[2024-09-09T08:38:11.761+0000] {processor.py:186} INFO - Started process (PID=19180) to work on /home/airflow/.local/lib/python3.12/site-packages/airflow/example_dags/example_python_operator.py
[2024-09-09T08:38:11.762+0000] {processor.py:914} INFO - Processing file /home/airflow/.local/lib/python3.12/site-packages/airflow/example_dags/example_python_operator.py for tasks to queue
[2024-09-09T08:38:11.765+0000] {logging_mixin.py:190} INFO - [2024-09-09T08:38:11.764+0000] {dagbag.py:587} INFO - Filling up the DagBag from /home/airflow/.local/lib/python3.12/site-packages/airflow/example_dags/example_python_operator.py
[2024-09-09T08:38:11.777+0000] {processor.py:925} INFO - DAG(s) 'example_python_operator' retrieved from /home/airflow/.local/lib/python3.12/site-packages/airflow/example_dags/example_python_operator.py
[2024-09-09T08:38:11.807+0000] {logging_mixin.py:190} INFO - [2024-09-09T08:38:11.806+0000] {dag.py:3229} INFO - Sync 1 DAGs
[2024-09-09T08:38:11.827+0000] {logging_mixin.py:190} INFO - [2024-09-09T08:38:11.827+0000] {dag.py:4156} INFO - Setting next_dagrun for example_python_operator to None, run_after=None
[2024-09-09T08:38:11.847+0000] {processor.py:208} INFO - Processing /home/airflow/.local/lib/python3.12/site-packages/airflow/example_dags/example_python_operator.py took 0.093 seconds
[2024-09-09T08:38:42.602+0000] {processor.py:186} INFO - Started process (PID=19466) to work on /home/airflow/.local/lib/python3.12/site-packages/airflow/example_dags/example_python_operator.py
[2024-09-09T08:38:42.604+0000] {processor.py:914} INFO - Processing file /home/airflow/.local/lib/python3.12/site-packages/airflow/example_dags/example_python_operator.py for tasks to queue
[2024-09-09T08:38:42.607+0000] {logging_mixin.py:190} INFO - [2024-09-09T08:38:42.607+0000] {dagbag.py:587} INFO - Filling up the DagBag from /home/airflow/.local/lib/python3.12/site-packages/airflow/example_dags/example_python_operator.py
[2024-09-09T08:38:42.623+0000] {processor.py:925} INFO - DAG(s) 'example_python_operator' retrieved from /home/airflow/.local/lib/python3.12/site-packages/airflow/example_dags/example_python_operator.py
[2024-09-09T08:38:42.654+0000] {logging_mixin.py:190} INFO - [2024-09-09T08:38:42.654+0000] {dag.py:3229} INFO - Sync 1 DAGs
[2024-09-09T08:38:42.673+0000] {logging_mixin.py:190} INFO - [2024-09-09T08:38:42.672+0000] {dag.py:4156} INFO - Setting next_dagrun for example_python_operator to None, run_after=None
[2024-09-09T08:38:42.702+0000] {processor.py:208} INFO - Processing /home/airflow/.local/lib/python3.12/site-packages/airflow/example_dags/example_python_operator.py took 0.109 seconds
[2024-09-09T08:39:12.889+0000] {processor.py:186} INFO - Started process (PID=19750) to work on /home/airflow/.local/lib/python3.12/site-packages/airflow/example_dags/example_python_operator.py
[2024-09-09T08:39:12.890+0000] {processor.py:914} INFO - Processing file /home/airflow/.local/lib/python3.12/site-packages/airflow/example_dags/example_python_operator.py for tasks to queue
[2024-09-09T08:39:12.893+0000] {logging_mixin.py:190} INFO - [2024-09-09T08:39:12.893+0000] {dagbag.py:587} INFO - Filling up the DagBag from /home/airflow/.local/lib/python3.12/site-packages/airflow/example_dags/example_python_operator.py
[2024-09-09T08:39:12.911+0000] {processor.py:925} INFO - DAG(s) 'example_python_operator' retrieved from /home/airflow/.local/lib/python3.12/site-packages/airflow/example_dags/example_python_operator.py
[2024-09-09T08:39:12.938+0000] {logging_mixin.py:190} INFO - [2024-09-09T08:39:12.938+0000] {dag.py:3229} INFO - Sync 1 DAGs
[2024-09-09T08:39:12.958+0000] {logging_mixin.py:190} INFO - [2024-09-09T08:39:12.958+0000] {dag.py:4156} INFO - Setting next_dagrun for example_python_operator to None, run_after=None
[2024-09-09T08:39:12.985+0000] {processor.py:208} INFO - Processing /home/airflow/.local/lib/python3.12/site-packages/airflow/example_dags/example_python_operator.py took 0.104 seconds
[2024-09-09T08:39:43.802+0000] {processor.py:186} INFO - Started process (PID=20042) to work on /home/airflow/.local/lib/python3.12/site-packages/airflow/example_dags/example_python_operator.py
[2024-09-09T08:39:43.803+0000] {processor.py:914} INFO - Processing file /home/airflow/.local/lib/python3.12/site-packages/airflow/example_dags/example_python_operator.py for tasks to queue
[2024-09-09T08:39:43.806+0000] {logging_mixin.py:190} INFO - [2024-09-09T08:39:43.806+0000] {dagbag.py:587} INFO - Filling up the DagBag from /home/airflow/.local/lib/python3.12/site-packages/airflow/example_dags/example_python_operator.py
[2024-09-09T08:39:43.819+0000] {processor.py:925} INFO - DAG(s) 'example_python_operator' retrieved from /home/airflow/.local/lib/python3.12/site-packages/airflow/example_dags/example_python_operator.py
[2024-09-09T08:39:43.839+0000] {logging_mixin.py:190} INFO - [2024-09-09T08:39:43.839+0000] {dag.py:3229} INFO - Sync 1 DAGs
[2024-09-09T08:39:43.852+0000] {logging_mixin.py:190} INFO - [2024-09-09T08:39:43.852+0000] {dag.py:4156} INFO - Setting next_dagrun for example_python_operator to None, run_after=None
[2024-09-09T08:39:43.871+0000] {processor.py:208} INFO - Processing /home/airflow/.local/lib/python3.12/site-packages/airflow/example_dags/example_python_operator.py took 0.075 seconds
[2024-09-09T08:40:14.068+0000] {processor.py:186} INFO - Started process (PID=20328) to work on /home/airflow/.local/lib/python3.12/site-packages/airflow/example_dags/example_python_operator.py
[2024-09-09T08:40:14.070+0000] {processor.py:914} INFO - Processing file /home/airflow/.local/lib/python3.12/site-packages/airflow/example_dags/example_python_operator.py for tasks to queue
[2024-09-09T08:40:14.072+0000] {logging_mixin.py:190} INFO - [2024-09-09T08:40:14.072+0000] {dagbag.py:587} INFO - Filling up the DagBag from /home/airflow/.local/lib/python3.12/site-packages/airflow/example_dags/example_python_operator.py
[2024-09-09T08:40:14.085+0000] {processor.py:925} INFO - DAG(s) 'example_python_operator' retrieved from /home/airflow/.local/lib/python3.12/site-packages/airflow/example_dags/example_python_operator.py
[2024-09-09T08:40:14.112+0000] {logging_mixin.py:190} INFO - [2024-09-09T08:40:14.112+0000] {dag.py:3229} INFO - Sync 1 DAGs
[2024-09-09T08:40:14.154+0000] {logging_mixin.py:190} INFO - [2024-09-09T08:40:14.153+0000] {dag.py:4156} INFO - Setting next_dagrun for example_python_operator to None, run_after=None
[2024-09-09T08:40:14.175+0000] {processor.py:208} INFO - Processing /home/airflow/.local/lib/python3.12/site-packages/airflow/example_dags/example_python_operator.py took 0.111 seconds
[2024-09-09T08:40:44.883+0000] {processor.py:186} INFO - Started process (PID=20614) to work on /home/airflow/.local/lib/python3.12/site-packages/airflow/example_dags/example_python_operator.py
[2024-09-09T08:40:44.884+0000] {processor.py:914} INFO - Processing file /home/airflow/.local/lib/python3.12/site-packages/airflow/example_dags/example_python_operator.py for tasks to queue
[2024-09-09T08:40:44.886+0000] {logging_mixin.py:190} INFO - [2024-09-09T08:40:44.886+0000] {dagbag.py:587} INFO - Filling up the DagBag from /home/airflow/.local/lib/python3.12/site-packages/airflow/example_dags/example_python_operator.py
[2024-09-09T08:40:44.899+0000] {processor.py:925} INFO - DAG(s) 'example_python_operator' retrieved from /home/airflow/.local/lib/python3.12/site-packages/airflow/example_dags/example_python_operator.py
[2024-09-09T08:40:44.918+0000] {logging_mixin.py:190} INFO - [2024-09-09T08:40:44.918+0000] {dag.py:3229} INFO - Sync 1 DAGs
[2024-09-09T08:40:44.933+0000] {logging_mixin.py:190} INFO - [2024-09-09T08:40:44.933+0000] {dag.py:4156} INFO - Setting next_dagrun for example_python_operator to None, run_after=None
[2024-09-09T08:40:44.953+0000] {processor.py:208} INFO - Processing /home/airflow/.local/lib/python3.12/site-packages/airflow/example_dags/example_python_operator.py took 0.077 seconds
[2024-09-09T08:41:15.201+0000] {processor.py:186} INFO - Started process (PID=20901) to work on /home/airflow/.local/lib/python3.12/site-packages/airflow/example_dags/example_python_operator.py
[2024-09-09T08:41:15.202+0000] {processor.py:914} INFO - Processing file /home/airflow/.local/lib/python3.12/site-packages/airflow/example_dags/example_python_operator.py for tasks to queue
[2024-09-09T08:41:15.205+0000] {logging_mixin.py:190} INFO - [2024-09-09T08:41:15.205+0000] {dagbag.py:587} INFO - Filling up the DagBag from /home/airflow/.local/lib/python3.12/site-packages/airflow/example_dags/example_python_operator.py
[2024-09-09T08:41:15.217+0000] {processor.py:925} INFO - DAG(s) 'example_python_operator' retrieved from /home/airflow/.local/lib/python3.12/site-packages/airflow/example_dags/example_python_operator.py
[2024-09-09T08:41:15.239+0000] {logging_mixin.py:190} INFO - [2024-09-09T08:41:15.238+0000] {dag.py:3229} INFO - Sync 1 DAGs
[2024-09-09T08:41:15.253+0000] {logging_mixin.py:190} INFO - [2024-09-09T08:41:15.253+0000] {dag.py:4156} INFO - Setting next_dagrun for example_python_operator to None, run_after=None
[2024-09-09T08:41:15.274+0000] {processor.py:208} INFO - Processing /home/airflow/.local/lib/python3.12/site-packages/airflow/example_dags/example_python_operator.py took 0.079 seconds
