[2024-09-09T08:04:21.674+0000] {processor.py:186} INFO - Started process (PID=325) to work on /home/airflow/.local/lib/python3.12/site-packages/airflow/example_dags/example_bash_operator.py
[2024-09-09T08:04:21.676+0000] {processor.py:914} INFO - Processing file /home/airflow/.local/lib/python3.12/site-packages/airflow/example_dags/example_bash_operator.py for tasks to queue
[2024-09-09T08:04:21.680+0000] {logging_mixin.py:190} INFO - [2024-09-09T08:04:21.679+0000] {dagbag.py:587} INFO - Filling up the DagBag from /home/airflow/.local/lib/python3.12/site-packages/airflow/example_dags/example_bash_operator.py
[2024-09-09T08:04:21.702+0000] {processor.py:925} INFO - DAG(s) 'example_bash_operator' retrieved from /home/airflow/.local/lib/python3.12/site-packages/airflow/example_dags/example_bash_operator.py
[2024-09-09T08:04:21.896+0000] {logging_mixin.py:190} INFO - [2024-09-09T08:04:21.895+0000] {override.py:1900} INFO - Created Permission View: can edit on DAG:example_bash_operator
[2024-09-09T08:04:21.912+0000] {logging_mixin.py:190} INFO - [2024-09-09T08:04:21.911+0000] {override.py:1900} INFO - Created Permission View: can delete on DAG:example_bash_operator
[2024-09-09T08:04:21.925+0000] {logging_mixin.py:190} INFO - [2024-09-09T08:04:21.924+0000] {override.py:1900} INFO - Created Permission View: can read on DAG:example_bash_operator
[2024-09-09T08:04:21.944+0000] {logging_mixin.py:190} INFO - [2024-09-09T08:04:21.943+0000] {override.py:1900} INFO - Created Permission View: can create on DAG Run:example_bash_operator
[2024-09-09T08:04:21.955+0000] {logging_mixin.py:190} INFO - [2024-09-09T08:04:21.955+0000] {override.py:1900} INFO - Created Permission View: can delete on DAG Run:example_bash_operator
[2024-09-09T08:04:21.967+0000] {logging_mixin.py:190} INFO - [2024-09-09T08:04:21.967+0000] {override.py:1900} INFO - Created Permission View: menu access on DAG Run:example_bash_operator
[2024-09-09T08:04:21.996+0000] {logging_mixin.py:190} INFO - [2024-09-09T08:04:21.995+0000] {override.py:1900} INFO - Created Permission View: can read on DAG Run:example_bash_operator
[2024-09-09T08:04:21.997+0000] {logging_mixin.py:190} INFO - [2024-09-09T08:04:21.996+0000] {dag.py:3229} INFO - Sync 1 DAGs
[2024-09-09T08:04:22.024+0000] {logging_mixin.py:190} INFO - [2024-09-09T08:04:22.024+0000] {dag.py:3252} INFO - Creating ORM DAG for example_bash_operator
[2024-09-09T08:04:22.048+0000] {logging_mixin.py:190} INFO - [2024-09-09T08:04:22.047+0000] {dag.py:4156} INFO - Setting next_dagrun for example_bash_operator to 2024-09-08 00:00:00+00:00, run_after=2024-09-09 00:00:00+00:00
[2024-09-09T08:04:22.083+0000] {processor.py:208} INFO - Processing /home/airflow/.local/lib/python3.12/site-packages/airflow/example_dags/example_bash_operator.py took 0.416 seconds
[2024-09-09T08:04:52.926+0000] {processor.py:186} INFO - Started process (PID=611) to work on /home/airflow/.local/lib/python3.12/site-packages/airflow/example_dags/example_bash_operator.py
[2024-09-09T08:04:52.927+0000] {processor.py:914} INFO - Processing file /home/airflow/.local/lib/python3.12/site-packages/airflow/example_dags/example_bash_operator.py for tasks to queue
[2024-09-09T08:04:52.931+0000] {logging_mixin.py:190} INFO - [2024-09-09T08:04:52.930+0000] {dagbag.py:587} INFO - Filling up the DagBag from /home/airflow/.local/lib/python3.12/site-packages/airflow/example_dags/example_bash_operator.py
[2024-09-09T08:04:52.947+0000] {processor.py:925} INFO - DAG(s) 'example_bash_operator' retrieved from /home/airflow/.local/lib/python3.12/site-packages/airflow/example_dags/example_bash_operator.py
[2024-09-09T08:04:52.984+0000] {logging_mixin.py:190} INFO - [2024-09-09T08:04:52.983+0000] {dag.py:3229} INFO - Sync 1 DAGs
[2024-09-09T08:04:53.021+0000] {logging_mixin.py:190} INFO - [2024-09-09T08:04:53.020+0000] {dag.py:4156} INFO - Setting next_dagrun for example_bash_operator to 2024-09-08 00:00:00+00:00, run_after=2024-09-09 00:00:00+00:00
[2024-09-09T08:04:53.074+0000] {processor.py:208} INFO - Processing /home/airflow/.local/lib/python3.12/site-packages/airflow/example_dags/example_bash_operator.py took 0.157 seconds
[2024-09-09T08:05:23.629+0000] {processor.py:186} INFO - Started process (PID=897) to work on /home/airflow/.local/lib/python3.12/site-packages/airflow/example_dags/example_bash_operator.py
[2024-09-09T08:05:23.630+0000] {processor.py:914} INFO - Processing file /home/airflow/.local/lib/python3.12/site-packages/airflow/example_dags/example_bash_operator.py for tasks to queue
[2024-09-09T08:05:23.633+0000] {logging_mixin.py:190} INFO - [2024-09-09T08:05:23.633+0000] {dagbag.py:587} INFO - Filling up the DagBag from /home/airflow/.local/lib/python3.12/site-packages/airflow/example_dags/example_bash_operator.py
[2024-09-09T08:05:23.649+0000] {processor.py:925} INFO - DAG(s) 'example_bash_operator' retrieved from /home/airflow/.local/lib/python3.12/site-packages/airflow/example_dags/example_bash_operator.py
[2024-09-09T08:05:23.699+0000] {logging_mixin.py:190} INFO - [2024-09-09T08:05:23.699+0000] {dag.py:3229} INFO - Sync 1 DAGs
[2024-09-09T08:05:23.768+0000] {logging_mixin.py:190} INFO - [2024-09-09T08:05:23.767+0000] {dag.py:4156} INFO - Setting next_dagrun for example_bash_operator to 2024-09-08 00:00:00+00:00, run_after=2024-09-09 00:00:00+00:00
[2024-09-09T08:05:23.809+0000] {processor.py:208} INFO - Processing /home/airflow/.local/lib/python3.12/site-packages/airflow/example_dags/example_bash_operator.py took 0.188 seconds
[2024-09-09T08:05:54.803+0000] {processor.py:186} INFO - Started process (PID=1185) to work on /home/airflow/.local/lib/python3.12/site-packages/airflow/example_dags/example_bash_operator.py
[2024-09-09T08:05:54.805+0000] {processor.py:914} INFO - Processing file /home/airflow/.local/lib/python3.12/site-packages/airflow/example_dags/example_bash_operator.py for tasks to queue
[2024-09-09T08:05:54.809+0000] {logging_mixin.py:190} INFO - [2024-09-09T08:05:54.809+0000] {dagbag.py:587} INFO - Filling up the DagBag from /home/airflow/.local/lib/python3.12/site-packages/airflow/example_dags/example_bash_operator.py
[2024-09-09T08:05:54.828+0000] {processor.py:925} INFO - DAG(s) 'example_bash_operator' retrieved from /home/airflow/.local/lib/python3.12/site-packages/airflow/example_dags/example_bash_operator.py
[2024-09-09T08:05:54.869+0000] {logging_mixin.py:190} INFO - [2024-09-09T08:05:54.869+0000] {dag.py:3229} INFO - Sync 1 DAGs
[2024-09-09T08:05:54.912+0000] {logging_mixin.py:190} INFO - [2024-09-09T08:05:54.912+0000] {dag.py:4156} INFO - Setting next_dagrun for example_bash_operator to 2024-09-08 00:00:00+00:00, run_after=2024-09-09 00:00:00+00:00
[2024-09-09T08:05:54.947+0000] {processor.py:208} INFO - Processing /home/airflow/.local/lib/python3.12/site-packages/airflow/example_dags/example_bash_operator.py took 0.155 seconds
[2024-09-09T08:06:25.811+0000] {processor.py:186} INFO - Started process (PID=1471) to work on /home/airflow/.local/lib/python3.12/site-packages/airflow/example_dags/example_bash_operator.py
[2024-09-09T08:06:25.813+0000] {processor.py:914} INFO - Processing file /home/airflow/.local/lib/python3.12/site-packages/airflow/example_dags/example_bash_operator.py for tasks to queue
[2024-09-09T08:06:25.816+0000] {logging_mixin.py:190} INFO - [2024-09-09T08:06:25.816+0000] {dagbag.py:587} INFO - Filling up the DagBag from /home/airflow/.local/lib/python3.12/site-packages/airflow/example_dags/example_bash_operator.py
[2024-09-09T08:06:25.831+0000] {processor.py:925} INFO - DAG(s) 'example_bash_operator' retrieved from /home/airflow/.local/lib/python3.12/site-packages/airflow/example_dags/example_bash_operator.py
[2024-09-09T08:06:25.858+0000] {logging_mixin.py:190} INFO - [2024-09-09T08:06:25.858+0000] {dag.py:3229} INFO - Sync 1 DAGs
[2024-09-09T08:06:25.882+0000] {logging_mixin.py:190} INFO - [2024-09-09T08:06:25.882+0000] {dag.py:4156} INFO - Setting next_dagrun for example_bash_operator to 2024-09-08 00:00:00+00:00, run_after=2024-09-09 00:00:00+00:00
[2024-09-09T08:06:25.908+0000] {processor.py:208} INFO - Processing /home/airflow/.local/lib/python3.12/site-packages/airflow/example_dags/example_bash_operator.py took 0.104 seconds
[2024-09-09T08:06:56.561+0000] {processor.py:186} INFO - Started process (PID=1757) to work on /home/airflow/.local/lib/python3.12/site-packages/airflow/example_dags/example_bash_operator.py
[2024-09-09T08:06:56.562+0000] {processor.py:914} INFO - Processing file /home/airflow/.local/lib/python3.12/site-packages/airflow/example_dags/example_bash_operator.py for tasks to queue
[2024-09-09T08:06:56.567+0000] {logging_mixin.py:190} INFO - [2024-09-09T08:06:56.566+0000] {dagbag.py:587} INFO - Filling up the DagBag from /home/airflow/.local/lib/python3.12/site-packages/airflow/example_dags/example_bash_operator.py
[2024-09-09T08:06:56.579+0000] {processor.py:925} INFO - DAG(s) 'example_bash_operator' retrieved from /home/airflow/.local/lib/python3.12/site-packages/airflow/example_dags/example_bash_operator.py
[2024-09-09T08:06:56.617+0000] {logging_mixin.py:190} INFO - [2024-09-09T08:06:56.617+0000] {dag.py:3229} INFO - Sync 1 DAGs
[2024-09-09T08:06:56.639+0000] {logging_mixin.py:190} INFO - [2024-09-09T08:06:56.639+0000] {dag.py:4156} INFO - Setting next_dagrun for example_bash_operator to 2024-09-08 00:00:00+00:00, run_after=2024-09-09 00:00:00+00:00
[2024-09-09T08:06:56.659+0000] {processor.py:208} INFO - Processing /home/airflow/.local/lib/python3.12/site-packages/airflow/example_dags/example_bash_operator.py took 0.103 seconds
[2024-09-09T08:07:26.745+0000] {processor.py:186} INFO - Started process (PID=2044) to work on /home/airflow/.local/lib/python3.12/site-packages/airflow/example_dags/example_bash_operator.py
[2024-09-09T08:07:26.746+0000] {processor.py:914} INFO - Processing file /home/airflow/.local/lib/python3.12/site-packages/airflow/example_dags/example_bash_operator.py for tasks to queue
[2024-09-09T08:07:26.749+0000] {logging_mixin.py:190} INFO - [2024-09-09T08:07:26.749+0000] {dagbag.py:587} INFO - Filling up the DagBag from /home/airflow/.local/lib/python3.12/site-packages/airflow/example_dags/example_bash_operator.py
[2024-09-09T08:07:26.768+0000] {processor.py:925} INFO - DAG(s) 'example_bash_operator' retrieved from /home/airflow/.local/lib/python3.12/site-packages/airflow/example_dags/example_bash_operator.py
[2024-09-09T08:07:26.807+0000] {logging_mixin.py:190} INFO - [2024-09-09T08:07:26.807+0000] {dag.py:3229} INFO - Sync 1 DAGs
[2024-09-09T08:07:26.836+0000] {logging_mixin.py:190} INFO - [2024-09-09T08:07:26.836+0000] {dag.py:4156} INFO - Setting next_dagrun for example_bash_operator to 2024-09-08 00:00:00+00:00, run_after=2024-09-09 00:00:00+00:00
[2024-09-09T08:07:26.860+0000] {processor.py:208} INFO - Processing /home/airflow/.local/lib/python3.12/site-packages/airflow/example_dags/example_bash_operator.py took 0.126 seconds
[2024-09-09T08:07:57.345+0000] {processor.py:186} INFO - Started process (PID=2330) to work on /home/airflow/.local/lib/python3.12/site-packages/airflow/example_dags/example_bash_operator.py
[2024-09-09T08:07:57.347+0000] {processor.py:914} INFO - Processing file /home/airflow/.local/lib/python3.12/site-packages/airflow/example_dags/example_bash_operator.py for tasks to queue
[2024-09-09T08:07:57.349+0000] {logging_mixin.py:190} INFO - [2024-09-09T08:07:57.349+0000] {dagbag.py:587} INFO - Filling up the DagBag from /home/airflow/.local/lib/python3.12/site-packages/airflow/example_dags/example_bash_operator.py
[2024-09-09T08:07:57.364+0000] {processor.py:925} INFO - DAG(s) 'example_bash_operator' retrieved from /home/airflow/.local/lib/python3.12/site-packages/airflow/example_dags/example_bash_operator.py
[2024-09-09T08:07:57.405+0000] {logging_mixin.py:190} INFO - [2024-09-09T08:07:57.405+0000] {dag.py:3229} INFO - Sync 1 DAGs
[2024-09-09T08:07:57.434+0000] {logging_mixin.py:190} INFO - [2024-09-09T08:07:57.434+0000] {dag.py:4156} INFO - Setting next_dagrun for example_bash_operator to 2024-09-08 00:00:00+00:00, run_after=2024-09-09 00:00:00+00:00
[2024-09-09T08:07:57.461+0000] {processor.py:208} INFO - Processing /home/airflow/.local/lib/python3.12/site-packages/airflow/example_dags/example_bash_operator.py took 0.123 seconds
[2024-09-09T08:08:27.520+0000] {processor.py:186} INFO - Started process (PID=2616) to work on /home/airflow/.local/lib/python3.12/site-packages/airflow/example_dags/example_bash_operator.py
[2024-09-09T08:08:27.521+0000] {processor.py:914} INFO - Processing file /home/airflow/.local/lib/python3.12/site-packages/airflow/example_dags/example_bash_operator.py for tasks to queue
[2024-09-09T08:08:27.524+0000] {logging_mixin.py:190} INFO - [2024-09-09T08:08:27.524+0000] {dagbag.py:587} INFO - Filling up the DagBag from /home/airflow/.local/lib/python3.12/site-packages/airflow/example_dags/example_bash_operator.py
[2024-09-09T08:08:27.545+0000] {processor.py:925} INFO - DAG(s) 'example_bash_operator' retrieved from /home/airflow/.local/lib/python3.12/site-packages/airflow/example_dags/example_bash_operator.py
[2024-09-09T08:08:27.579+0000] {logging_mixin.py:190} INFO - [2024-09-09T08:08:27.579+0000] {dag.py:3229} INFO - Sync 1 DAGs
[2024-09-09T08:08:27.611+0000] {logging_mixin.py:190} INFO - [2024-09-09T08:08:27.611+0000] {dag.py:4156} INFO - Setting next_dagrun for example_bash_operator to 2024-09-08 00:00:00+00:00, run_after=2024-09-09 00:00:00+00:00
[2024-09-09T08:08:27.635+0000] {processor.py:208} INFO - Processing /home/airflow/.local/lib/python3.12/site-packages/airflow/example_dags/example_bash_operator.py took 0.124 seconds
[2024-09-09T08:08:58.233+0000] {processor.py:186} INFO - Started process (PID=2902) to work on /home/airflow/.local/lib/python3.12/site-packages/airflow/example_dags/example_bash_operator.py
[2024-09-09T08:08:58.235+0000] {processor.py:914} INFO - Processing file /home/airflow/.local/lib/python3.12/site-packages/airflow/example_dags/example_bash_operator.py for tasks to queue
[2024-09-09T08:08:58.239+0000] {logging_mixin.py:190} INFO - [2024-09-09T08:08:58.238+0000] {dagbag.py:587} INFO - Filling up the DagBag from /home/airflow/.local/lib/python3.12/site-packages/airflow/example_dags/example_bash_operator.py
[2024-09-09T08:08:58.255+0000] {processor.py:925} INFO - DAG(s) 'example_bash_operator' retrieved from /home/airflow/.local/lib/python3.12/site-packages/airflow/example_dags/example_bash_operator.py
[2024-09-09T08:08:58.286+0000] {logging_mixin.py:190} INFO - [2024-09-09T08:08:58.286+0000] {dag.py:3229} INFO - Sync 1 DAGs
[2024-09-09T08:08:58.313+0000] {logging_mixin.py:190} INFO - [2024-09-09T08:08:58.313+0000] {dag.py:4156} INFO - Setting next_dagrun for example_bash_operator to 2024-09-08 00:00:00+00:00, run_after=2024-09-09 00:00:00+00:00
[2024-09-09T08:08:58.336+0000] {processor.py:208} INFO - Processing /home/airflow/.local/lib/python3.12/site-packages/airflow/example_dags/example_bash_operator.py took 0.112 seconds
[2024-09-09T08:09:28.592+0000] {processor.py:186} INFO - Started process (PID=3188) to work on /home/airflow/.local/lib/python3.12/site-packages/airflow/example_dags/example_bash_operator.py
[2024-09-09T08:09:28.593+0000] {processor.py:914} INFO - Processing file /home/airflow/.local/lib/python3.12/site-packages/airflow/example_dags/example_bash_operator.py for tasks to queue
[2024-09-09T08:09:28.597+0000] {logging_mixin.py:190} INFO - [2024-09-09T08:09:28.597+0000] {dagbag.py:587} INFO - Filling up the DagBag from /home/airflow/.local/lib/python3.12/site-packages/airflow/example_dags/example_bash_operator.py
[2024-09-09T08:09:28.617+0000] {processor.py:925} INFO - DAG(s) 'example_bash_operator' retrieved from /home/airflow/.local/lib/python3.12/site-packages/airflow/example_dags/example_bash_operator.py
[2024-09-09T08:09:28.650+0000] {logging_mixin.py:190} INFO - [2024-09-09T08:09:28.649+0000] {dag.py:3229} INFO - Sync 1 DAGs
[2024-09-09T08:09:28.677+0000] {logging_mixin.py:190} INFO - [2024-09-09T08:09:28.677+0000] {dag.py:4156} INFO - Setting next_dagrun for example_bash_operator to 2024-09-08 00:00:00+00:00, run_after=2024-09-09 00:00:00+00:00
[2024-09-09T08:09:28.701+0000] {processor.py:208} INFO - Processing /home/airflow/.local/lib/python3.12/site-packages/airflow/example_dags/example_bash_operator.py took 0.119 seconds
[2024-09-09T08:09:58.868+0000] {processor.py:186} INFO - Started process (PID=3472) to work on /home/airflow/.local/lib/python3.12/site-packages/airflow/example_dags/example_bash_operator.py
[2024-09-09T08:09:58.869+0000] {processor.py:914} INFO - Processing file /home/airflow/.local/lib/python3.12/site-packages/airflow/example_dags/example_bash_operator.py for tasks to queue
[2024-09-09T08:09:58.872+0000] {logging_mixin.py:190} INFO - [2024-09-09T08:09:58.872+0000] {dagbag.py:587} INFO - Filling up the DagBag from /home/airflow/.local/lib/python3.12/site-packages/airflow/example_dags/example_bash_operator.py
[2024-09-09T08:09:58.887+0000] {processor.py:925} INFO - DAG(s) 'example_bash_operator' retrieved from /home/airflow/.local/lib/python3.12/site-packages/airflow/example_dags/example_bash_operator.py
[2024-09-09T08:09:58.916+0000] {logging_mixin.py:190} INFO - [2024-09-09T08:09:58.916+0000] {dag.py:3229} INFO - Sync 1 DAGs
[2024-09-09T08:09:58.940+0000] {logging_mixin.py:190} INFO - [2024-09-09T08:09:58.940+0000] {dag.py:4156} INFO - Setting next_dagrun for example_bash_operator to 2024-09-08 00:00:00+00:00, run_after=2024-09-09 00:00:00+00:00
[2024-09-09T08:09:58.962+0000] {processor.py:208} INFO - Processing /home/airflow/.local/lib/python3.12/site-packages/airflow/example_dags/example_bash_operator.py took 0.101 seconds
[2024-09-09T08:10:29.273+0000] {processor.py:186} INFO - Started process (PID=3760) to work on /home/airflow/.local/lib/python3.12/site-packages/airflow/example_dags/example_bash_operator.py
[2024-09-09T08:10:29.274+0000] {processor.py:914} INFO - Processing file /home/airflow/.local/lib/python3.12/site-packages/airflow/example_dags/example_bash_operator.py for tasks to queue
[2024-09-09T08:10:29.275+0000] {logging_mixin.py:190} INFO - [2024-09-09T08:10:29.275+0000] {dagbag.py:587} INFO - Filling up the DagBag from /home/airflow/.local/lib/python3.12/site-packages/airflow/example_dags/example_bash_operator.py
[2024-09-09T08:10:29.287+0000] {processor.py:925} INFO - DAG(s) 'example_bash_operator' retrieved from /home/airflow/.local/lib/python3.12/site-packages/airflow/example_dags/example_bash_operator.py
[2024-09-09T08:10:29.310+0000] {logging_mixin.py:190} INFO - [2024-09-09T08:10:29.310+0000] {dag.py:3229} INFO - Sync 1 DAGs
[2024-09-09T08:10:29.330+0000] {logging_mixin.py:190} INFO - [2024-09-09T08:10:29.330+0000] {dag.py:4156} INFO - Setting next_dagrun for example_bash_operator to 2024-09-08 00:00:00+00:00, run_after=2024-09-09 00:00:00+00:00
[2024-09-09T08:10:29.349+0000] {processor.py:208} INFO - Processing /home/airflow/.local/lib/python3.12/site-packages/airflow/example_dags/example_bash_operator.py took 0.081 seconds
[2024-09-09T08:10:59.702+0000] {processor.py:186} INFO - Started process (PID=4046) to work on /home/airflow/.local/lib/python3.12/site-packages/airflow/example_dags/example_bash_operator.py
[2024-09-09T08:10:59.704+0000] {processor.py:914} INFO - Processing file /home/airflow/.local/lib/python3.12/site-packages/airflow/example_dags/example_bash_operator.py for tasks to queue
[2024-09-09T08:10:59.706+0000] {logging_mixin.py:190} INFO - [2024-09-09T08:10:59.706+0000] {dagbag.py:587} INFO - Filling up the DagBag from /home/airflow/.local/lib/python3.12/site-packages/airflow/example_dags/example_bash_operator.py
[2024-09-09T08:10:59.720+0000] {processor.py:925} INFO - DAG(s) 'example_bash_operator' retrieved from /home/airflow/.local/lib/python3.12/site-packages/airflow/example_dags/example_bash_operator.py
[2024-09-09T08:10:59.752+0000] {logging_mixin.py:190} INFO - [2024-09-09T08:10:59.752+0000] {dag.py:3229} INFO - Sync 1 DAGs
[2024-09-09T08:10:59.797+0000] {logging_mixin.py:190} INFO - [2024-09-09T08:10:59.796+0000] {dag.py:4156} INFO - Setting next_dagrun for example_bash_operator to 2024-09-08 00:00:00+00:00, run_after=2024-09-09 00:00:00+00:00
[2024-09-09T08:10:59.870+0000] {processor.py:208} INFO - Processing /home/airflow/.local/lib/python3.12/site-packages/airflow/example_dags/example_bash_operator.py took 0.177 seconds
[2024-09-09T08:11:30.360+0000] {processor.py:186} INFO - Started process (PID=4332) to work on /home/airflow/.local/lib/python3.12/site-packages/airflow/example_dags/example_bash_operator.py
[2024-09-09T08:11:30.361+0000] {processor.py:914} INFO - Processing file /home/airflow/.local/lib/python3.12/site-packages/airflow/example_dags/example_bash_operator.py for tasks to queue
[2024-09-09T08:11:30.363+0000] {logging_mixin.py:190} INFO - [2024-09-09T08:11:30.363+0000] {dagbag.py:587} INFO - Filling up the DagBag from /home/airflow/.local/lib/python3.12/site-packages/airflow/example_dags/example_bash_operator.py
[2024-09-09T08:11:30.374+0000] {processor.py:925} INFO - DAG(s) 'example_bash_operator' retrieved from /home/airflow/.local/lib/python3.12/site-packages/airflow/example_dags/example_bash_operator.py
[2024-09-09T08:11:30.395+0000] {logging_mixin.py:190} INFO - [2024-09-09T08:11:30.395+0000] {dag.py:3229} INFO - Sync 1 DAGs
[2024-09-09T08:11:30.413+0000] {logging_mixin.py:190} INFO - [2024-09-09T08:11:30.413+0000] {dag.py:4156} INFO - Setting next_dagrun for example_bash_operator to 2024-09-08 00:00:00+00:00, run_after=2024-09-09 00:00:00+00:00
[2024-09-09T08:11:30.432+0000] {processor.py:208} INFO - Processing /home/airflow/.local/lib/python3.12/site-packages/airflow/example_dags/example_bash_operator.py took 0.077 seconds
[2024-09-09T08:12:00.972+0000] {processor.py:186} INFO - Started process (PID=4618) to work on /home/airflow/.local/lib/python3.12/site-packages/airflow/example_dags/example_bash_operator.py
[2024-09-09T08:12:00.973+0000] {processor.py:914} INFO - Processing file /home/airflow/.local/lib/python3.12/site-packages/airflow/example_dags/example_bash_operator.py for tasks to queue
[2024-09-09T08:12:00.975+0000] {logging_mixin.py:190} INFO - [2024-09-09T08:12:00.975+0000] {dagbag.py:587} INFO - Filling up the DagBag from /home/airflow/.local/lib/python3.12/site-packages/airflow/example_dags/example_bash_operator.py
[2024-09-09T08:12:00.987+0000] {processor.py:925} INFO - DAG(s) 'example_bash_operator' retrieved from /home/airflow/.local/lib/python3.12/site-packages/airflow/example_dags/example_bash_operator.py
[2024-09-09T08:12:01.011+0000] {logging_mixin.py:190} INFO - [2024-09-09T08:12:01.011+0000] {dag.py:3229} INFO - Sync 1 DAGs
[2024-09-09T08:12:01.034+0000] {logging_mixin.py:190} INFO - [2024-09-09T08:12:01.034+0000] {dag.py:4156} INFO - Setting next_dagrun for example_bash_operator to 2024-09-08 00:00:00+00:00, run_after=2024-09-09 00:00:00+00:00
[2024-09-09T08:12:01.053+0000] {processor.py:208} INFO - Processing /home/airflow/.local/lib/python3.12/site-packages/airflow/example_dags/example_bash_operator.py took 0.089 seconds
[2024-09-09T08:12:31.419+0000] {processor.py:186} INFO - Started process (PID=4904) to work on /home/airflow/.local/lib/python3.12/site-packages/airflow/example_dags/example_bash_operator.py
[2024-09-09T08:12:31.421+0000] {processor.py:914} INFO - Processing file /home/airflow/.local/lib/python3.12/site-packages/airflow/example_dags/example_bash_operator.py for tasks to queue
[2024-09-09T08:12:31.424+0000] {logging_mixin.py:190} INFO - [2024-09-09T08:12:31.423+0000] {dagbag.py:587} INFO - Filling up the DagBag from /home/airflow/.local/lib/python3.12/site-packages/airflow/example_dags/example_bash_operator.py
[2024-09-09T08:12:31.436+0000] {processor.py:925} INFO - DAG(s) 'example_bash_operator' retrieved from /home/airflow/.local/lib/python3.12/site-packages/airflow/example_dags/example_bash_operator.py
[2024-09-09T08:12:31.465+0000] {logging_mixin.py:190} INFO - [2024-09-09T08:12:31.464+0000] {dag.py:3229} INFO - Sync 1 DAGs
[2024-09-09T08:12:31.504+0000] {logging_mixin.py:190} INFO - [2024-09-09T08:12:31.503+0000] {dag.py:4156} INFO - Setting next_dagrun for example_bash_operator to 2024-09-08 00:00:00+00:00, run_after=2024-09-09 00:00:00+00:00
[2024-09-09T08:12:31.525+0000] {processor.py:208} INFO - Processing /home/airflow/.local/lib/python3.12/site-packages/airflow/example_dags/example_bash_operator.py took 0.112 seconds
[2024-09-09T08:13:02.125+0000] {processor.py:186} INFO - Started process (PID=5190) to work on /home/airflow/.local/lib/python3.12/site-packages/airflow/example_dags/example_bash_operator.py
[2024-09-09T08:13:02.126+0000] {processor.py:914} INFO - Processing file /home/airflow/.local/lib/python3.12/site-packages/airflow/example_dags/example_bash_operator.py for tasks to queue
[2024-09-09T08:13:02.129+0000] {logging_mixin.py:190} INFO - [2024-09-09T08:13:02.128+0000] {dagbag.py:587} INFO - Filling up the DagBag from /home/airflow/.local/lib/python3.12/site-packages/airflow/example_dags/example_bash_operator.py
[2024-09-09T08:13:02.141+0000] {processor.py:925} INFO - DAG(s) 'example_bash_operator' retrieved from /home/airflow/.local/lib/python3.12/site-packages/airflow/example_dags/example_bash_operator.py
[2024-09-09T08:13:02.167+0000] {logging_mixin.py:190} INFO - [2024-09-09T08:13:02.167+0000] {dag.py:3229} INFO - Sync 1 DAGs
[2024-09-09T08:13:02.187+0000] {logging_mixin.py:190} INFO - [2024-09-09T08:13:02.187+0000] {dag.py:4156} INFO - Setting next_dagrun for example_bash_operator to 2024-09-08 00:00:00+00:00, run_after=2024-09-09 00:00:00+00:00
[2024-09-09T08:13:02.206+0000] {processor.py:208} INFO - Processing /home/airflow/.local/lib/python3.12/site-packages/airflow/example_dags/example_bash_operator.py took 0.086 seconds
[2024-09-09T08:13:33.087+0000] {processor.py:186} INFO - Started process (PID=5476) to work on /home/airflow/.local/lib/python3.12/site-packages/airflow/example_dags/example_bash_operator.py
[2024-09-09T08:13:33.088+0000] {processor.py:914} INFO - Processing file /home/airflow/.local/lib/python3.12/site-packages/airflow/example_dags/example_bash_operator.py for tasks to queue
[2024-09-09T08:13:33.091+0000] {logging_mixin.py:190} INFO - [2024-09-09T08:13:33.090+0000] {dagbag.py:587} INFO - Filling up the DagBag from /home/airflow/.local/lib/python3.12/site-packages/airflow/example_dags/example_bash_operator.py
[2024-09-09T08:13:33.102+0000] {processor.py:925} INFO - DAG(s) 'example_bash_operator' retrieved from /home/airflow/.local/lib/python3.12/site-packages/airflow/example_dags/example_bash_operator.py
[2024-09-09T08:13:33.127+0000] {logging_mixin.py:190} INFO - [2024-09-09T08:13:33.127+0000] {dag.py:3229} INFO - Sync 1 DAGs
[2024-09-09T08:13:33.149+0000] {logging_mixin.py:190} INFO - [2024-09-09T08:13:33.148+0000] {dag.py:4156} INFO - Setting next_dagrun for example_bash_operator to 2024-09-08 00:00:00+00:00, run_after=2024-09-09 00:00:00+00:00
[2024-09-09T08:13:33.170+0000] {processor.py:208} INFO - Processing /home/airflow/.local/lib/python3.12/site-packages/airflow/example_dags/example_bash_operator.py took 0.088 seconds
[2024-09-09T08:14:04.029+0000] {processor.py:186} INFO - Started process (PID=5762) to work on /home/airflow/.local/lib/python3.12/site-packages/airflow/example_dags/example_bash_operator.py
[2024-09-09T08:14:04.030+0000] {processor.py:914} INFO - Processing file /home/airflow/.local/lib/python3.12/site-packages/airflow/example_dags/example_bash_operator.py for tasks to queue
[2024-09-09T08:14:04.032+0000] {logging_mixin.py:190} INFO - [2024-09-09T08:14:04.032+0000] {dagbag.py:587} INFO - Filling up the DagBag from /home/airflow/.local/lib/python3.12/site-packages/airflow/example_dags/example_bash_operator.py
[2024-09-09T08:14:04.044+0000] {processor.py:925} INFO - DAG(s) 'example_bash_operator' retrieved from /home/airflow/.local/lib/python3.12/site-packages/airflow/example_dags/example_bash_operator.py
[2024-09-09T08:14:04.064+0000] {logging_mixin.py:190} INFO - [2024-09-09T08:14:04.064+0000] {dag.py:3229} INFO - Sync 1 DAGs
[2024-09-09T08:14:04.082+0000] {logging_mixin.py:190} INFO - [2024-09-09T08:14:04.082+0000] {dag.py:4156} INFO - Setting next_dagrun for example_bash_operator to 2024-09-08 00:00:00+00:00, run_after=2024-09-09 00:00:00+00:00
[2024-09-09T08:14:04.102+0000] {processor.py:208} INFO - Processing /home/airflow/.local/lib/python3.12/site-packages/airflow/example_dags/example_bash_operator.py took 0.078 seconds
[2024-09-09T08:14:34.822+0000] {processor.py:186} INFO - Started process (PID=6046) to work on /home/airflow/.local/lib/python3.12/site-packages/airflow/example_dags/example_bash_operator.py
[2024-09-09T08:14:34.823+0000] {processor.py:914} INFO - Processing file /home/airflow/.local/lib/python3.12/site-packages/airflow/example_dags/example_bash_operator.py for tasks to queue
[2024-09-09T08:14:34.824+0000] {logging_mixin.py:190} INFO - [2024-09-09T08:14:34.824+0000] {dagbag.py:587} INFO - Filling up the DagBag from /home/airflow/.local/lib/python3.12/site-packages/airflow/example_dags/example_bash_operator.py
[2024-09-09T08:14:34.835+0000] {processor.py:925} INFO - DAG(s) 'example_bash_operator' retrieved from /home/airflow/.local/lib/python3.12/site-packages/airflow/example_dags/example_bash_operator.py
[2024-09-09T08:14:34.857+0000] {logging_mixin.py:190} INFO - [2024-09-09T08:14:34.857+0000] {dag.py:3229} INFO - Sync 1 DAGs
[2024-09-09T08:14:34.875+0000] {logging_mixin.py:190} INFO - [2024-09-09T08:14:34.875+0000] {dag.py:4156} INFO - Setting next_dagrun for example_bash_operator to 2024-09-08 00:00:00+00:00, run_after=2024-09-09 00:00:00+00:00
[2024-09-09T08:14:34.896+0000] {processor.py:208} INFO - Processing /home/airflow/.local/lib/python3.12/site-packages/airflow/example_dags/example_bash_operator.py took 0.079 seconds
[2024-09-09T08:15:06.412+0000] {processor.py:186} INFO - Started process (PID=6334) to work on /home/airflow/.local/lib/python3.12/site-packages/airflow/example_dags/example_bash_operator.py
[2024-09-09T08:15:06.414+0000] {processor.py:914} INFO - Processing file /home/airflow/.local/lib/python3.12/site-packages/airflow/example_dags/example_bash_operator.py for tasks to queue
[2024-09-09T08:15:06.416+0000] {logging_mixin.py:190} INFO - [2024-09-09T08:15:06.416+0000] {dagbag.py:587} INFO - Filling up the DagBag from /home/airflow/.local/lib/python3.12/site-packages/airflow/example_dags/example_bash_operator.py
[2024-09-09T08:15:06.429+0000] {processor.py:925} INFO - DAG(s) 'example_bash_operator' retrieved from /home/airflow/.local/lib/python3.12/site-packages/airflow/example_dags/example_bash_operator.py
[2024-09-09T08:15:06.455+0000] {logging_mixin.py:190} INFO - [2024-09-09T08:15:06.455+0000] {dag.py:3229} INFO - Sync 1 DAGs
[2024-09-09T08:15:06.476+0000] {logging_mixin.py:190} INFO - [2024-09-09T08:15:06.476+0000] {dag.py:4156} INFO - Setting next_dagrun for example_bash_operator to 2024-09-08 00:00:00+00:00, run_after=2024-09-09 00:00:00+00:00
[2024-09-09T08:15:06.495+0000] {processor.py:208} INFO - Processing /home/airflow/.local/lib/python3.12/site-packages/airflow/example_dags/example_bash_operator.py took 0.088 seconds
[2024-09-09T08:15:36.914+0000] {processor.py:186} INFO - Started process (PID=6623) to work on /home/airflow/.local/lib/python3.12/site-packages/airflow/example_dags/example_bash_operator.py
[2024-09-09T08:15:36.915+0000] {processor.py:914} INFO - Processing file /home/airflow/.local/lib/python3.12/site-packages/airflow/example_dags/example_bash_operator.py for tasks to queue
[2024-09-09T08:15:36.917+0000] {logging_mixin.py:190} INFO - [2024-09-09T08:15:36.917+0000] {dagbag.py:587} INFO - Filling up the DagBag from /home/airflow/.local/lib/python3.12/site-packages/airflow/example_dags/example_bash_operator.py
[2024-09-09T08:15:36.932+0000] {processor.py:925} INFO - DAG(s) 'example_bash_operator' retrieved from /home/airflow/.local/lib/python3.12/site-packages/airflow/example_dags/example_bash_operator.py
[2024-09-09T08:15:36.965+0000] {logging_mixin.py:190} INFO - [2024-09-09T08:15:36.964+0000] {dag.py:3229} INFO - Sync 1 DAGs
[2024-09-09T08:15:37.003+0000] {logging_mixin.py:190} INFO - [2024-09-09T08:15:37.003+0000] {dag.py:4156} INFO - Setting next_dagrun for example_bash_operator to 2024-09-08 00:00:00+00:00, run_after=2024-09-09 00:00:00+00:00
[2024-09-09T08:15:37.026+0000] {processor.py:208} INFO - Processing /home/airflow/.local/lib/python3.12/site-packages/airflow/example_dags/example_bash_operator.py took 0.119 seconds
[2024-09-09T08:16:07.242+0000] {processor.py:186} INFO - Started process (PID=6911) to work on /home/airflow/.local/lib/python3.12/site-packages/airflow/example_dags/example_bash_operator.py
[2024-09-09T08:16:07.243+0000] {processor.py:914} INFO - Processing file /home/airflow/.local/lib/python3.12/site-packages/airflow/example_dags/example_bash_operator.py for tasks to queue
[2024-09-09T08:16:07.246+0000] {logging_mixin.py:190} INFO - [2024-09-09T08:16:07.246+0000] {dagbag.py:587} INFO - Filling up the DagBag from /home/airflow/.local/lib/python3.12/site-packages/airflow/example_dags/example_bash_operator.py
[2024-09-09T08:16:07.258+0000] {processor.py:925} INFO - DAG(s) 'example_bash_operator' retrieved from /home/airflow/.local/lib/python3.12/site-packages/airflow/example_dags/example_bash_operator.py
[2024-09-09T08:16:07.288+0000] {logging_mixin.py:190} INFO - [2024-09-09T08:16:07.287+0000] {dag.py:3229} INFO - Sync 1 DAGs
[2024-09-09T08:16:07.310+0000] {logging_mixin.py:190} INFO - [2024-09-09T08:16:07.310+0000] {dag.py:4156} INFO - Setting next_dagrun for example_bash_operator to 2024-09-08 00:00:00+00:00, run_after=2024-09-09 00:00:00+00:00
[2024-09-09T08:16:07.331+0000] {processor.py:208} INFO - Processing /home/airflow/.local/lib/python3.12/site-packages/airflow/example_dags/example_bash_operator.py took 0.094 seconds
[2024-09-09T08:16:38.290+0000] {processor.py:186} INFO - Started process (PID=7195) to work on /home/airflow/.local/lib/python3.12/site-packages/airflow/example_dags/example_bash_operator.py
[2024-09-09T08:16:38.291+0000] {processor.py:914} INFO - Processing file /home/airflow/.local/lib/python3.12/site-packages/airflow/example_dags/example_bash_operator.py for tasks to queue
[2024-09-09T08:16:38.294+0000] {logging_mixin.py:190} INFO - [2024-09-09T08:16:38.294+0000] {dagbag.py:587} INFO - Filling up the DagBag from /home/airflow/.local/lib/python3.12/site-packages/airflow/example_dags/example_bash_operator.py
[2024-09-09T08:16:38.308+0000] {processor.py:925} INFO - DAG(s) 'example_bash_operator' retrieved from /home/airflow/.local/lib/python3.12/site-packages/airflow/example_dags/example_bash_operator.py
[2024-09-09T08:16:38.342+0000] {logging_mixin.py:190} INFO - [2024-09-09T08:16:38.342+0000] {dag.py:3229} INFO - Sync 1 DAGs
[2024-09-09T08:16:38.380+0000] {logging_mixin.py:190} INFO - [2024-09-09T08:16:38.380+0000] {dag.py:4156} INFO - Setting next_dagrun for example_bash_operator to 2024-09-08 00:00:00+00:00, run_after=2024-09-09 00:00:00+00:00
[2024-09-09T08:16:38.414+0000] {processor.py:208} INFO - Processing /home/airflow/.local/lib/python3.12/site-packages/airflow/example_dags/example_bash_operator.py took 0.131 seconds
[2024-09-09T08:17:09.416+0000] {processor.py:186} INFO - Started process (PID=7481) to work on /home/airflow/.local/lib/python3.12/site-packages/airflow/example_dags/example_bash_operator.py
[2024-09-09T08:17:09.418+0000] {processor.py:914} INFO - Processing file /home/airflow/.local/lib/python3.12/site-packages/airflow/example_dags/example_bash_operator.py for tasks to queue
[2024-09-09T08:17:09.421+0000] {logging_mixin.py:190} INFO - [2024-09-09T08:17:09.420+0000] {dagbag.py:587} INFO - Filling up the DagBag from /home/airflow/.local/lib/python3.12/site-packages/airflow/example_dags/example_bash_operator.py
[2024-09-09T08:17:09.434+0000] {processor.py:925} INFO - DAG(s) 'example_bash_operator' retrieved from /home/airflow/.local/lib/python3.12/site-packages/airflow/example_dags/example_bash_operator.py
[2024-09-09T08:17:09.461+0000] {logging_mixin.py:190} INFO - [2024-09-09T08:17:09.461+0000] {dag.py:3229} INFO - Sync 1 DAGs
[2024-09-09T08:17:09.491+0000] {logging_mixin.py:190} INFO - [2024-09-09T08:17:09.491+0000] {dag.py:4156} INFO - Setting next_dagrun for example_bash_operator to 2024-09-08 00:00:00+00:00, run_after=2024-09-09 00:00:00+00:00
[2024-09-09T08:17:09.512+0000] {processor.py:208} INFO - Processing /home/airflow/.local/lib/python3.12/site-packages/airflow/example_dags/example_bash_operator.py took 0.101 seconds
[2024-09-09T08:17:40.199+0000] {processor.py:186} INFO - Started process (PID=7769) to work on /home/airflow/.local/lib/python3.12/site-packages/airflow/example_dags/example_bash_operator.py
[2024-09-09T08:17:40.202+0000] {processor.py:914} INFO - Processing file /home/airflow/.local/lib/python3.12/site-packages/airflow/example_dags/example_bash_operator.py for tasks to queue
[2024-09-09T08:17:40.205+0000] {logging_mixin.py:190} INFO - [2024-09-09T08:17:40.205+0000] {dagbag.py:587} INFO - Filling up the DagBag from /home/airflow/.local/lib/python3.12/site-packages/airflow/example_dags/example_bash_operator.py
[2024-09-09T08:17:40.221+0000] {processor.py:925} INFO - DAG(s) 'example_bash_operator' retrieved from /home/airflow/.local/lib/python3.12/site-packages/airflow/example_dags/example_bash_operator.py
[2024-09-09T08:17:40.258+0000] {logging_mixin.py:190} INFO - [2024-09-09T08:17:40.258+0000] {dag.py:3229} INFO - Sync 1 DAGs
[2024-09-09T08:17:40.290+0000] {logging_mixin.py:190} INFO - [2024-09-09T08:17:40.289+0000] {dag.py:4156} INFO - Setting next_dagrun for example_bash_operator to 2024-09-08 00:00:00+00:00, run_after=2024-09-09 00:00:00+00:00
[2024-09-09T08:17:40.315+0000] {processor.py:208} INFO - Processing /home/airflow/.local/lib/python3.12/site-packages/airflow/example_dags/example_bash_operator.py took 0.124 seconds
[2024-09-09T08:18:10.456+0000] {processor.py:186} INFO - Started process (PID=8053) to work on /home/airflow/.local/lib/python3.12/site-packages/airflow/example_dags/example_bash_operator.py
[2024-09-09T08:18:10.456+0000] {processor.py:914} INFO - Processing file /home/airflow/.local/lib/python3.12/site-packages/airflow/example_dags/example_bash_operator.py for tasks to queue
[2024-09-09T08:18:10.458+0000] {logging_mixin.py:190} INFO - [2024-09-09T08:18:10.458+0000] {dagbag.py:587} INFO - Filling up the DagBag from /home/airflow/.local/lib/python3.12/site-packages/airflow/example_dags/example_bash_operator.py
[2024-09-09T08:18:10.471+0000] {processor.py:925} INFO - DAG(s) 'example_bash_operator' retrieved from /home/airflow/.local/lib/python3.12/site-packages/airflow/example_dags/example_bash_operator.py
[2024-09-09T08:18:10.492+0000] {logging_mixin.py:190} INFO - [2024-09-09T08:18:10.491+0000] {dag.py:3229} INFO - Sync 1 DAGs
[2024-09-09T08:18:10.510+0000] {logging_mixin.py:190} INFO - [2024-09-09T08:18:10.510+0000] {dag.py:4156} INFO - Setting next_dagrun for example_bash_operator to 2024-09-08 00:00:00+00:00, run_after=2024-09-09 00:00:00+00:00
[2024-09-09T08:18:10.527+0000] {processor.py:208} INFO - Processing /home/airflow/.local/lib/python3.12/site-packages/airflow/example_dags/example_bash_operator.py took 0.076 seconds
[2024-09-09T08:18:41.156+0000] {processor.py:186} INFO - Started process (PID=8339) to work on /home/airflow/.local/lib/python3.12/site-packages/airflow/example_dags/example_bash_operator.py
[2024-09-09T08:18:41.158+0000] {processor.py:914} INFO - Processing file /home/airflow/.local/lib/python3.12/site-packages/airflow/example_dags/example_bash_operator.py for tasks to queue
[2024-09-09T08:18:41.161+0000] {logging_mixin.py:190} INFO - [2024-09-09T08:18:41.161+0000] {dagbag.py:587} INFO - Filling up the DagBag from /home/airflow/.local/lib/python3.12/site-packages/airflow/example_dags/example_bash_operator.py
[2024-09-09T08:18:41.177+0000] {processor.py:925} INFO - DAG(s) 'example_bash_operator' retrieved from /home/airflow/.local/lib/python3.12/site-packages/airflow/example_dags/example_bash_operator.py
[2024-09-09T08:18:41.208+0000] {logging_mixin.py:190} INFO - [2024-09-09T08:18:41.208+0000] {dag.py:3229} INFO - Sync 1 DAGs
[2024-09-09T08:18:41.240+0000] {logging_mixin.py:190} INFO - [2024-09-09T08:18:41.240+0000] {dag.py:4156} INFO - Setting next_dagrun for example_bash_operator to 2024-09-08 00:00:00+00:00, run_after=2024-09-09 00:00:00+00:00
[2024-09-09T08:18:41.264+0000] {processor.py:208} INFO - Processing /home/airflow/.local/lib/python3.12/site-packages/airflow/example_dags/example_bash_operator.py took 0.114 seconds
[2024-09-09T08:19:11.395+0000] {processor.py:186} INFO - Started process (PID=8627) to work on /home/airflow/.local/lib/python3.12/site-packages/airflow/example_dags/example_bash_operator.py
[2024-09-09T08:19:11.396+0000] {processor.py:914} INFO - Processing file /home/airflow/.local/lib/python3.12/site-packages/airflow/example_dags/example_bash_operator.py for tasks to queue
[2024-09-09T08:19:11.398+0000] {logging_mixin.py:190} INFO - [2024-09-09T08:19:11.397+0000] {dagbag.py:587} INFO - Filling up the DagBag from /home/airflow/.local/lib/python3.12/site-packages/airflow/example_dags/example_bash_operator.py
[2024-09-09T08:19:11.408+0000] {processor.py:925} INFO - DAG(s) 'example_bash_operator' retrieved from /home/airflow/.local/lib/python3.12/site-packages/airflow/example_dags/example_bash_operator.py
[2024-09-09T08:19:11.429+0000] {logging_mixin.py:190} INFO - [2024-09-09T08:19:11.429+0000] {dag.py:3229} INFO - Sync 1 DAGs
[2024-09-09T08:19:11.446+0000] {logging_mixin.py:190} INFO - [2024-09-09T08:19:11.446+0000] {dag.py:4156} INFO - Setting next_dagrun for example_bash_operator to 2024-09-08 00:00:00+00:00, run_after=2024-09-09 00:00:00+00:00
[2024-09-09T08:19:11.463+0000] {processor.py:208} INFO - Processing /home/airflow/.local/lib/python3.12/site-packages/airflow/example_dags/example_bash_operator.py took 0.073 seconds
[2024-09-09T08:19:41.761+0000] {processor.py:186} INFO - Started process (PID=8911) to work on /home/airflow/.local/lib/python3.12/site-packages/airflow/example_dags/example_bash_operator.py
[2024-09-09T08:19:41.763+0000] {processor.py:914} INFO - Processing file /home/airflow/.local/lib/python3.12/site-packages/airflow/example_dags/example_bash_operator.py for tasks to queue
[2024-09-09T08:19:41.766+0000] {logging_mixin.py:190} INFO - [2024-09-09T08:19:41.765+0000] {dagbag.py:587} INFO - Filling up the DagBag from /home/airflow/.local/lib/python3.12/site-packages/airflow/example_dags/example_bash_operator.py
[2024-09-09T08:19:41.785+0000] {processor.py:925} INFO - DAG(s) 'example_bash_operator' retrieved from /home/airflow/.local/lib/python3.12/site-packages/airflow/example_dags/example_bash_operator.py
[2024-09-09T08:19:41.817+0000] {logging_mixin.py:190} INFO - [2024-09-09T08:19:41.817+0000] {dag.py:3229} INFO - Sync 1 DAGs
[2024-09-09T08:19:41.862+0000] {logging_mixin.py:190} INFO - [2024-09-09T08:19:41.861+0000] {dag.py:4156} INFO - Setting next_dagrun for example_bash_operator to 2024-09-08 00:00:00+00:00, run_after=2024-09-09 00:00:00+00:00
[2024-09-09T08:19:41.895+0000] {processor.py:208} INFO - Processing /home/airflow/.local/lib/python3.12/site-packages/airflow/example_dags/example_bash_operator.py took 0.143 seconds
[2024-09-09T08:20:12.399+0000] {processor.py:186} INFO - Started process (PID=9203) to work on /home/airflow/.local/lib/python3.12/site-packages/airflow/example_dags/example_bash_operator.py
[2024-09-09T08:20:12.400+0000] {processor.py:914} INFO - Processing file /home/airflow/.local/lib/python3.12/site-packages/airflow/example_dags/example_bash_operator.py for tasks to queue
[2024-09-09T08:20:12.402+0000] {logging_mixin.py:190} INFO - [2024-09-09T08:20:12.402+0000] {dagbag.py:587} INFO - Filling up the DagBag from /home/airflow/.local/lib/python3.12/site-packages/airflow/example_dags/example_bash_operator.py
[2024-09-09T08:20:12.414+0000] {processor.py:925} INFO - DAG(s) 'example_bash_operator' retrieved from /home/airflow/.local/lib/python3.12/site-packages/airflow/example_dags/example_bash_operator.py
[2024-09-09T08:20:12.451+0000] {logging_mixin.py:190} INFO - [2024-09-09T08:20:12.451+0000] {dag.py:3229} INFO - Sync 1 DAGs
[2024-09-09T08:20:12.491+0000] {logging_mixin.py:190} INFO - [2024-09-09T08:20:12.491+0000] {dag.py:4156} INFO - Setting next_dagrun for example_bash_operator to 2024-09-08 00:00:00+00:00, run_after=2024-09-09 00:00:00+00:00
[2024-09-09T08:20:12.524+0000] {processor.py:208} INFO - Processing /home/airflow/.local/lib/python3.12/site-packages/airflow/example_dags/example_bash_operator.py took 0.130 seconds
[2024-09-09T08:20:42.641+0000] {processor.py:186} INFO - Started process (PID=9489) to work on /home/airflow/.local/lib/python3.12/site-packages/airflow/example_dags/example_bash_operator.py
[2024-09-09T08:20:42.642+0000] {processor.py:914} INFO - Processing file /home/airflow/.local/lib/python3.12/site-packages/airflow/example_dags/example_bash_operator.py for tasks to queue
[2024-09-09T08:20:42.645+0000] {logging_mixin.py:190} INFO - [2024-09-09T08:20:42.644+0000] {dagbag.py:587} INFO - Filling up the DagBag from /home/airflow/.local/lib/python3.12/site-packages/airflow/example_dags/example_bash_operator.py
[2024-09-09T08:20:42.659+0000] {processor.py:925} INFO - DAG(s) 'example_bash_operator' retrieved from /home/airflow/.local/lib/python3.12/site-packages/airflow/example_dags/example_bash_operator.py
[2024-09-09T08:20:42.683+0000] {logging_mixin.py:190} INFO - [2024-09-09T08:20:42.683+0000] {dag.py:3229} INFO - Sync 1 DAGs
[2024-09-09T08:20:42.703+0000] {logging_mixin.py:190} INFO - [2024-09-09T08:20:42.702+0000] {dag.py:4156} INFO - Setting next_dagrun for example_bash_operator to 2024-09-08 00:00:00+00:00, run_after=2024-09-09 00:00:00+00:00
[2024-09-09T08:20:42.719+0000] {processor.py:208} INFO - Processing /home/airflow/.local/lib/python3.12/site-packages/airflow/example_dags/example_bash_operator.py took 0.083 seconds
[2024-09-09T08:21:13.152+0000] {processor.py:186} INFO - Started process (PID=9775) to work on /home/airflow/.local/lib/python3.12/site-packages/airflow/example_dags/example_bash_operator.py
[2024-09-09T08:21:13.154+0000] {processor.py:914} INFO - Processing file /home/airflow/.local/lib/python3.12/site-packages/airflow/example_dags/example_bash_operator.py for tasks to queue
[2024-09-09T08:21:13.156+0000] {logging_mixin.py:190} INFO - [2024-09-09T08:21:13.156+0000] {dagbag.py:587} INFO - Filling up the DagBag from /home/airflow/.local/lib/python3.12/site-packages/airflow/example_dags/example_bash_operator.py
[2024-09-09T08:21:13.167+0000] {processor.py:925} INFO - DAG(s) 'example_bash_operator' retrieved from /home/airflow/.local/lib/python3.12/site-packages/airflow/example_dags/example_bash_operator.py
[2024-09-09T08:21:13.190+0000] {logging_mixin.py:190} INFO - [2024-09-09T08:21:13.190+0000] {dag.py:3229} INFO - Sync 1 DAGs
[2024-09-09T08:21:13.208+0000] {logging_mixin.py:190} INFO - [2024-09-09T08:21:13.208+0000] {dag.py:4156} INFO - Setting next_dagrun for example_bash_operator to 2024-09-08 00:00:00+00:00, run_after=2024-09-09 00:00:00+00:00
[2024-09-09T08:21:13.225+0000] {processor.py:208} INFO - Processing /home/airflow/.local/lib/python3.12/site-packages/airflow/example_dags/example_bash_operator.py took 0.077 seconds
[2024-09-09T08:21:43.866+0000] {processor.py:186} INFO - Started process (PID=10061) to work on /home/airflow/.local/lib/python3.12/site-packages/airflow/example_dags/example_bash_operator.py
[2024-09-09T08:21:43.867+0000] {processor.py:914} INFO - Processing file /home/airflow/.local/lib/python3.12/site-packages/airflow/example_dags/example_bash_operator.py for tasks to queue
[2024-09-09T08:21:43.869+0000] {logging_mixin.py:190} INFO - [2024-09-09T08:21:43.869+0000] {dagbag.py:587} INFO - Filling up the DagBag from /home/airflow/.local/lib/python3.12/site-packages/airflow/example_dags/example_bash_operator.py
[2024-09-09T08:21:43.880+0000] {processor.py:925} INFO - DAG(s) 'example_bash_operator' retrieved from /home/airflow/.local/lib/python3.12/site-packages/airflow/example_dags/example_bash_operator.py
[2024-09-09T08:21:43.905+0000] {logging_mixin.py:190} INFO - [2024-09-09T08:21:43.905+0000] {dag.py:3229} INFO - Sync 1 DAGs
[2024-09-09T08:21:43.926+0000] {logging_mixin.py:190} INFO - [2024-09-09T08:21:43.926+0000] {dag.py:4156} INFO - Setting next_dagrun for example_bash_operator to 2024-09-08 00:00:00+00:00, run_after=2024-09-09 00:00:00+00:00
[2024-09-09T08:21:43.943+0000] {processor.py:208} INFO - Processing /home/airflow/.local/lib/python3.12/site-packages/airflow/example_dags/example_bash_operator.py took 0.082 seconds
[2024-09-09T08:22:14.691+0000] {processor.py:186} INFO - Started process (PID=10347) to work on /home/airflow/.local/lib/python3.12/site-packages/airflow/example_dags/example_bash_operator.py
[2024-09-09T08:22:14.692+0000] {processor.py:914} INFO - Processing file /home/airflow/.local/lib/python3.12/site-packages/airflow/example_dags/example_bash_operator.py for tasks to queue
[2024-09-09T08:22:14.694+0000] {logging_mixin.py:190} INFO - [2024-09-09T08:22:14.694+0000] {dagbag.py:587} INFO - Filling up the DagBag from /home/airflow/.local/lib/python3.12/site-packages/airflow/example_dags/example_bash_operator.py
[2024-09-09T08:22:14.707+0000] {processor.py:925} INFO - DAG(s) 'example_bash_operator' retrieved from /home/airflow/.local/lib/python3.12/site-packages/airflow/example_dags/example_bash_operator.py
[2024-09-09T08:22:14.727+0000] {logging_mixin.py:190} INFO - [2024-09-09T08:22:14.727+0000] {dag.py:3229} INFO - Sync 1 DAGs
[2024-09-09T08:22:14.745+0000] {logging_mixin.py:190} INFO - [2024-09-09T08:22:14.745+0000] {dag.py:4156} INFO - Setting next_dagrun for example_bash_operator to 2024-09-08 00:00:00+00:00, run_after=2024-09-09 00:00:00+00:00
[2024-09-09T08:22:14.762+0000] {processor.py:208} INFO - Processing /home/airflow/.local/lib/python3.12/site-packages/airflow/example_dags/example_bash_operator.py took 0.077 seconds
[2024-09-09T08:22:45.949+0000] {processor.py:186} INFO - Started process (PID=10633) to work on /home/airflow/.local/lib/python3.12/site-packages/airflow/example_dags/example_bash_operator.py
[2024-09-09T08:22:45.959+0000] {processor.py:914} INFO - Processing file /home/airflow/.local/lib/python3.12/site-packages/airflow/example_dags/example_bash_operator.py for tasks to queue
[2024-09-09T08:22:46.000+0000] {logging_mixin.py:190} INFO - [2024-09-09T08:22:46.000+0000] {dagbag.py:587} INFO - Filling up the DagBag from /home/airflow/.local/lib/python3.12/site-packages/airflow/example_dags/example_bash_operator.py
[2024-09-09T08:22:46.070+0000] {processor.py:925} INFO - DAG(s) 'example_bash_operator' retrieved from /home/airflow/.local/lib/python3.12/site-packages/airflow/example_dags/example_bash_operator.py
[2024-09-09T08:22:46.129+0000] {logging_mixin.py:190} INFO - [2024-09-09T08:22:46.128+0000] {dag.py:3229} INFO - Sync 1 DAGs
[2024-09-09T08:22:46.179+0000] {logging_mixin.py:190} INFO - [2024-09-09T08:22:46.178+0000] {dag.py:4156} INFO - Setting next_dagrun for example_bash_operator to 2024-09-08 00:00:00+00:00, run_after=2024-09-09 00:00:00+00:00
[2024-09-09T08:22:46.211+0000] {processor.py:208} INFO - Processing /home/airflow/.local/lib/python3.12/site-packages/airflow/example_dags/example_bash_operator.py took 0.272 seconds
[2024-09-09T08:23:16.283+0000] {processor.py:186} INFO - Started process (PID=10919) to work on /home/airflow/.local/lib/python3.12/site-packages/airflow/example_dags/example_bash_operator.py
[2024-09-09T08:23:16.284+0000] {processor.py:914} INFO - Processing file /home/airflow/.local/lib/python3.12/site-packages/airflow/example_dags/example_bash_operator.py for tasks to queue
[2024-09-09T08:23:16.286+0000] {logging_mixin.py:190} INFO - [2024-09-09T08:23:16.286+0000] {dagbag.py:587} INFO - Filling up the DagBag from /home/airflow/.local/lib/python3.12/site-packages/airflow/example_dags/example_bash_operator.py
[2024-09-09T08:23:16.296+0000] {processor.py:925} INFO - DAG(s) 'example_bash_operator' retrieved from /home/airflow/.local/lib/python3.12/site-packages/airflow/example_dags/example_bash_operator.py
[2024-09-09T08:23:16.318+0000] {logging_mixin.py:190} INFO - [2024-09-09T08:23:16.318+0000] {dag.py:3229} INFO - Sync 1 DAGs
[2024-09-09T08:23:16.336+0000] {logging_mixin.py:190} INFO - [2024-09-09T08:23:16.336+0000] {dag.py:4156} INFO - Setting next_dagrun for example_bash_operator to 2024-09-08 00:00:00+00:00, run_after=2024-09-09 00:00:00+00:00
[2024-09-09T08:23:16.359+0000] {processor.py:208} INFO - Processing /home/airflow/.local/lib/python3.12/site-packages/airflow/example_dags/example_bash_operator.py took 0.082 seconds
[2024-09-09T08:23:47.448+0000] {processor.py:186} INFO - Started process (PID=11207) to work on /home/airflow/.local/lib/python3.12/site-packages/airflow/example_dags/example_bash_operator.py
[2024-09-09T08:23:47.449+0000] {processor.py:914} INFO - Processing file /home/airflow/.local/lib/python3.12/site-packages/airflow/example_dags/example_bash_operator.py for tasks to queue
[2024-09-09T08:23:47.451+0000] {logging_mixin.py:190} INFO - [2024-09-09T08:23:47.451+0000] {dagbag.py:587} INFO - Filling up the DagBag from /home/airflow/.local/lib/python3.12/site-packages/airflow/example_dags/example_bash_operator.py
[2024-09-09T08:23:47.461+0000] {processor.py:925} INFO - DAG(s) 'example_bash_operator' retrieved from /home/airflow/.local/lib/python3.12/site-packages/airflow/example_dags/example_bash_operator.py
[2024-09-09T08:23:47.500+0000] {logging_mixin.py:190} INFO - [2024-09-09T08:23:47.499+0000] {dag.py:3229} INFO - Sync 1 DAGs
[2024-09-09T08:23:47.523+0000] {logging_mixin.py:190} INFO - [2024-09-09T08:23:47.523+0000] {dag.py:4156} INFO - Setting next_dagrun for example_bash_operator to 2024-09-08 00:00:00+00:00, run_after=2024-09-09 00:00:00+00:00
[2024-09-09T08:23:47.559+0000] {processor.py:208} INFO - Processing /home/airflow/.local/lib/python3.12/site-packages/airflow/example_dags/example_bash_operator.py took 0.115 seconds
[2024-09-09T08:24:17.697+0000] {processor.py:186} INFO - Started process (PID=11491) to work on /home/airflow/.local/lib/python3.12/site-packages/airflow/example_dags/example_bash_operator.py
[2024-09-09T08:24:17.698+0000] {processor.py:914} INFO - Processing file /home/airflow/.local/lib/python3.12/site-packages/airflow/example_dags/example_bash_operator.py for tasks to queue
[2024-09-09T08:24:17.700+0000] {logging_mixin.py:190} INFO - [2024-09-09T08:24:17.700+0000] {dagbag.py:587} INFO - Filling up the DagBag from /home/airflow/.local/lib/python3.12/site-packages/airflow/example_dags/example_bash_operator.py
[2024-09-09T08:24:17.712+0000] {processor.py:925} INFO - DAG(s) 'example_bash_operator' retrieved from /home/airflow/.local/lib/python3.12/site-packages/airflow/example_dags/example_bash_operator.py
[2024-09-09T08:24:17.737+0000] {logging_mixin.py:190} INFO - [2024-09-09T08:24:17.737+0000] {dag.py:3229} INFO - Sync 1 DAGs
[2024-09-09T08:24:17.759+0000] {logging_mixin.py:190} INFO - [2024-09-09T08:24:17.759+0000] {dag.py:4156} INFO - Setting next_dagrun for example_bash_operator to 2024-09-08 00:00:00+00:00, run_after=2024-09-09 00:00:00+00:00
[2024-09-09T08:24:17.777+0000] {processor.py:208} INFO - Processing /home/airflow/.local/lib/python3.12/site-packages/airflow/example_dags/example_bash_operator.py took 0.085 seconds
[2024-09-09T08:24:48.057+0000] {processor.py:186} INFO - Started process (PID=11779) to work on /home/airflow/.local/lib/python3.12/site-packages/airflow/example_dags/example_bash_operator.py
[2024-09-09T08:24:48.058+0000] {processor.py:914} INFO - Processing file /home/airflow/.local/lib/python3.12/site-packages/airflow/example_dags/example_bash_operator.py for tasks to queue
[2024-09-09T08:24:48.060+0000] {logging_mixin.py:190} INFO - [2024-09-09T08:24:48.060+0000] {dagbag.py:587} INFO - Filling up the DagBag from /home/airflow/.local/lib/python3.12/site-packages/airflow/example_dags/example_bash_operator.py
[2024-09-09T08:24:48.070+0000] {processor.py:925} INFO - DAG(s) 'example_bash_operator' retrieved from /home/airflow/.local/lib/python3.12/site-packages/airflow/example_dags/example_bash_operator.py
[2024-09-09T08:24:48.091+0000] {logging_mixin.py:190} INFO - [2024-09-09T08:24:48.091+0000] {dag.py:3229} INFO - Sync 1 DAGs
[2024-09-09T08:24:48.108+0000] {logging_mixin.py:190} INFO - [2024-09-09T08:24:48.108+0000] {dag.py:4156} INFO - Setting next_dagrun for example_bash_operator to 2024-09-08 00:00:00+00:00, run_after=2024-09-09 00:00:00+00:00
[2024-09-09T08:24:48.125+0000] {processor.py:208} INFO - Processing /home/airflow/.local/lib/python3.12/site-packages/airflow/example_dags/example_bash_operator.py took 0.073 seconds
[2024-09-09T08:25:18.531+0000] {processor.py:186} INFO - Started process (PID=12063) to work on /home/airflow/.local/lib/python3.12/site-packages/airflow/example_dags/example_bash_operator.py
[2024-09-09T08:25:18.531+0000] {processor.py:914} INFO - Processing file /home/airflow/.local/lib/python3.12/site-packages/airflow/example_dags/example_bash_operator.py for tasks to queue
[2024-09-09T08:25:18.533+0000] {logging_mixin.py:190} INFO - [2024-09-09T08:25:18.533+0000] {dagbag.py:587} INFO - Filling up the DagBag from /home/airflow/.local/lib/python3.12/site-packages/airflow/example_dags/example_bash_operator.py
[2024-09-09T08:25:18.544+0000] {processor.py:925} INFO - DAG(s) 'example_bash_operator' retrieved from /home/airflow/.local/lib/python3.12/site-packages/airflow/example_dags/example_bash_operator.py
[2024-09-09T08:25:18.565+0000] {logging_mixin.py:190} INFO - [2024-09-09T08:25:18.565+0000] {dag.py:3229} INFO - Sync 1 DAGs
[2024-09-09T08:25:18.588+0000] {logging_mixin.py:190} INFO - [2024-09-09T08:25:18.588+0000] {dag.py:4156} INFO - Setting next_dagrun for example_bash_operator to 2024-09-08 00:00:00+00:00, run_after=2024-09-09 00:00:00+00:00
[2024-09-09T08:25:18.604+0000] {processor.py:208} INFO - Processing /home/airflow/.local/lib/python3.12/site-packages/airflow/example_dags/example_bash_operator.py took 0.078 seconds
[2024-09-09T08:25:48.906+0000] {processor.py:186} INFO - Started process (PID=12350) to work on /home/airflow/.local/lib/python3.12/site-packages/airflow/example_dags/example_bash_operator.py
[2024-09-09T08:25:48.915+0000] {processor.py:914} INFO - Processing file /home/airflow/.local/lib/python3.12/site-packages/airflow/example_dags/example_bash_operator.py for tasks to queue
[2024-09-09T08:25:48.919+0000] {logging_mixin.py:190} INFO - [2024-09-09T08:25:48.918+0000] {dagbag.py:587} INFO - Filling up the DagBag from /home/airflow/.local/lib/python3.12/site-packages/airflow/example_dags/example_bash_operator.py
[2024-09-09T08:25:48.931+0000] {processor.py:925} INFO - DAG(s) 'example_bash_operator' retrieved from /home/airflow/.local/lib/python3.12/site-packages/airflow/example_dags/example_bash_operator.py
[2024-09-09T08:25:48.955+0000] {logging_mixin.py:190} INFO - [2024-09-09T08:25:48.954+0000] {dag.py:3229} INFO - Sync 1 DAGs
[2024-09-09T08:25:48.974+0000] {logging_mixin.py:190} INFO - [2024-09-09T08:25:48.974+0000] {dag.py:4156} INFO - Setting next_dagrun for example_bash_operator to 2024-09-08 00:00:00+00:00, run_after=2024-09-09 00:00:00+00:00
[2024-09-09T08:25:48.990+0000] {processor.py:208} INFO - Processing /home/airflow/.local/lib/python3.12/site-packages/airflow/example_dags/example_bash_operator.py took 0.088 seconds
[2024-09-09T08:26:19.767+0000] {processor.py:186} INFO - Started process (PID=12636) to work on /home/airflow/.local/lib/python3.12/site-packages/airflow/example_dags/example_bash_operator.py
[2024-09-09T08:26:19.768+0000] {processor.py:914} INFO - Processing file /home/airflow/.local/lib/python3.12/site-packages/airflow/example_dags/example_bash_operator.py for tasks to queue
[2024-09-09T08:26:19.770+0000] {logging_mixin.py:190} INFO - [2024-09-09T08:26:19.770+0000] {dagbag.py:587} INFO - Filling up the DagBag from /home/airflow/.local/lib/python3.12/site-packages/airflow/example_dags/example_bash_operator.py
[2024-09-09T08:26:19.782+0000] {processor.py:925} INFO - DAG(s) 'example_bash_operator' retrieved from /home/airflow/.local/lib/python3.12/site-packages/airflow/example_dags/example_bash_operator.py
[2024-09-09T08:26:19.806+0000] {logging_mixin.py:190} INFO - [2024-09-09T08:26:19.806+0000] {dag.py:3229} INFO - Sync 1 DAGs
[2024-09-09T08:26:19.824+0000] {logging_mixin.py:190} INFO - [2024-09-09T08:26:19.824+0000] {dag.py:4156} INFO - Setting next_dagrun for example_bash_operator to 2024-09-08 00:00:00+00:00, run_after=2024-09-09 00:00:00+00:00
[2024-09-09T08:26:19.841+0000] {processor.py:208} INFO - Processing /home/airflow/.local/lib/python3.12/site-packages/airflow/example_dags/example_bash_operator.py took 0.079 seconds
[2024-09-09T08:26:50.414+0000] {processor.py:186} INFO - Started process (PID=12922) to work on /home/airflow/.local/lib/python3.12/site-packages/airflow/example_dags/example_bash_operator.py
[2024-09-09T08:26:50.415+0000] {processor.py:914} INFO - Processing file /home/airflow/.local/lib/python3.12/site-packages/airflow/example_dags/example_bash_operator.py for tasks to queue
[2024-09-09T08:26:50.417+0000] {logging_mixin.py:190} INFO - [2024-09-09T08:26:50.417+0000] {dagbag.py:587} INFO - Filling up the DagBag from /home/airflow/.local/lib/python3.12/site-packages/airflow/example_dags/example_bash_operator.py
[2024-09-09T08:26:50.427+0000] {processor.py:925} INFO - DAG(s) 'example_bash_operator' retrieved from /home/airflow/.local/lib/python3.12/site-packages/airflow/example_dags/example_bash_operator.py
[2024-09-09T08:26:50.451+0000] {logging_mixin.py:190} INFO - [2024-09-09T08:26:50.451+0000] {dag.py:3229} INFO - Sync 1 DAGs
[2024-09-09T08:26:50.472+0000] {logging_mixin.py:190} INFO - [2024-09-09T08:26:50.471+0000] {dag.py:4156} INFO - Setting next_dagrun for example_bash_operator to 2024-09-08 00:00:00+00:00, run_after=2024-09-09 00:00:00+00:00
[2024-09-09T08:26:50.491+0000] {processor.py:208} INFO - Processing /home/airflow/.local/lib/python3.12/site-packages/airflow/example_dags/example_bash_operator.py took 0.082 seconds
[2024-09-09T08:27:21.045+0000] {processor.py:186} INFO - Started process (PID=13208) to work on /home/airflow/.local/lib/python3.12/site-packages/airflow/example_dags/example_bash_operator.py
[2024-09-09T08:27:21.046+0000] {processor.py:914} INFO - Processing file /home/airflow/.local/lib/python3.12/site-packages/airflow/example_dags/example_bash_operator.py for tasks to queue
[2024-09-09T08:27:21.049+0000] {logging_mixin.py:190} INFO - [2024-09-09T08:27:21.048+0000] {dagbag.py:587} INFO - Filling up the DagBag from /home/airflow/.local/lib/python3.12/site-packages/airflow/example_dags/example_bash_operator.py
[2024-09-09T08:27:21.060+0000] {processor.py:925} INFO - DAG(s) 'example_bash_operator' retrieved from /home/airflow/.local/lib/python3.12/site-packages/airflow/example_dags/example_bash_operator.py
[2024-09-09T08:27:21.085+0000] {logging_mixin.py:190} INFO - [2024-09-09T08:27:21.085+0000] {dag.py:3229} INFO - Sync 1 DAGs
[2024-09-09T08:27:21.105+0000] {logging_mixin.py:190} INFO - [2024-09-09T08:27:21.104+0000] {dag.py:4156} INFO - Setting next_dagrun for example_bash_operator to 2024-09-08 00:00:00+00:00, run_after=2024-09-09 00:00:00+00:00
[2024-09-09T08:27:21.123+0000] {processor.py:208} INFO - Processing /home/airflow/.local/lib/python3.12/site-packages/airflow/example_dags/example_bash_operator.py took 0.083 seconds
[2024-09-09T08:27:52.233+0000] {processor.py:186} INFO - Started process (PID=13494) to work on /home/airflow/.local/lib/python3.12/site-packages/airflow/example_dags/example_bash_operator.py
[2024-09-09T08:27:52.234+0000] {processor.py:914} INFO - Processing file /home/airflow/.local/lib/python3.12/site-packages/airflow/example_dags/example_bash_operator.py for tasks to queue
[2024-09-09T08:27:52.236+0000] {logging_mixin.py:190} INFO - [2024-09-09T08:27:52.235+0000] {dagbag.py:587} INFO - Filling up the DagBag from /home/airflow/.local/lib/python3.12/site-packages/airflow/example_dags/example_bash_operator.py
[2024-09-09T08:27:52.247+0000] {processor.py:925} INFO - DAG(s) 'example_bash_operator' retrieved from /home/airflow/.local/lib/python3.12/site-packages/airflow/example_dags/example_bash_operator.py
[2024-09-09T08:27:52.274+0000] {logging_mixin.py:190} INFO - [2024-09-09T08:27:52.274+0000] {dag.py:3229} INFO - Sync 1 DAGs
[2024-09-09T08:27:52.294+0000] {logging_mixin.py:190} INFO - [2024-09-09T08:27:52.294+0000] {dag.py:4156} INFO - Setting next_dagrun for example_bash_operator to 2024-09-08 00:00:00+00:00, run_after=2024-09-09 00:00:00+00:00
[2024-09-09T08:27:52.313+0000] {processor.py:208} INFO - Processing /home/airflow/.local/lib/python3.12/site-packages/airflow/example_dags/example_bash_operator.py took 0.085 seconds
[2024-09-09T08:28:25.010+0000] {processor.py:186} INFO - Started process (PID=13780) to work on /home/airflow/.local/lib/python3.12/site-packages/airflow/example_dags/example_bash_operator.py
[2024-09-09T08:28:25.011+0000] {processor.py:914} INFO - Processing file /home/airflow/.local/lib/python3.12/site-packages/airflow/example_dags/example_bash_operator.py for tasks to queue
[2024-09-09T08:28:25.014+0000] {logging_mixin.py:190} INFO - [2024-09-09T08:28:25.014+0000] {dagbag.py:587} INFO - Filling up the DagBag from /home/airflow/.local/lib/python3.12/site-packages/airflow/example_dags/example_bash_operator.py
[2024-09-09T08:28:25.030+0000] {processor.py:925} INFO - DAG(s) 'example_bash_operator' retrieved from /home/airflow/.local/lib/python3.12/site-packages/airflow/example_dags/example_bash_operator.py
[2024-09-09T08:28:25.062+0000] {logging_mixin.py:190} INFO - [2024-09-09T08:28:25.062+0000] {dag.py:3229} INFO - Sync 1 DAGs
[2024-09-09T08:28:25.095+0000] {logging_mixin.py:190} INFO - [2024-09-09T08:28:25.095+0000] {dag.py:4156} INFO - Setting next_dagrun for example_bash_operator to 2024-09-08 00:00:00+00:00, run_after=2024-09-09 00:00:00+00:00
[2024-09-09T08:28:25.144+0000] {processor.py:208} INFO - Processing /home/airflow/.local/lib/python3.12/site-packages/airflow/example_dags/example_bash_operator.py took 0.142 seconds
[2024-09-09T08:28:56.456+0000] {processor.py:186} INFO - Started process (PID=14066) to work on /home/airflow/.local/lib/python3.12/site-packages/airflow/example_dags/example_bash_operator.py
[2024-09-09T08:28:56.458+0000] {processor.py:914} INFO - Processing file /home/airflow/.local/lib/python3.12/site-packages/airflow/example_dags/example_bash_operator.py for tasks to queue
[2024-09-09T08:28:56.461+0000] {logging_mixin.py:190} INFO - [2024-09-09T08:28:56.461+0000] {dagbag.py:587} INFO - Filling up the DagBag from /home/airflow/.local/lib/python3.12/site-packages/airflow/example_dags/example_bash_operator.py
[2024-09-09T08:28:56.481+0000] {processor.py:925} INFO - DAG(s) 'example_bash_operator' retrieved from /home/airflow/.local/lib/python3.12/site-packages/airflow/example_dags/example_bash_operator.py
[2024-09-09T08:28:56.526+0000] {logging_mixin.py:190} INFO - [2024-09-09T08:28:56.525+0000] {dag.py:3229} INFO - Sync 1 DAGs
[2024-09-09T08:28:56.561+0000] {logging_mixin.py:190} INFO - [2024-09-09T08:28:56.560+0000] {dag.py:4156} INFO - Setting next_dagrun for example_bash_operator to 2024-09-08 00:00:00+00:00, run_after=2024-09-09 00:00:00+00:00
[2024-09-09T08:28:56.600+0000] {processor.py:208} INFO - Processing /home/airflow/.local/lib/python3.12/site-packages/airflow/example_dags/example_bash_operator.py took 0.153 seconds
[2024-09-09T08:29:27.467+0000] {processor.py:186} INFO - Started process (PID=14354) to work on /home/airflow/.local/lib/python3.12/site-packages/airflow/example_dags/example_bash_operator.py
[2024-09-09T08:29:27.469+0000] {processor.py:914} INFO - Processing file /home/airflow/.local/lib/python3.12/site-packages/airflow/example_dags/example_bash_operator.py for tasks to queue
[2024-09-09T08:29:27.472+0000] {logging_mixin.py:190} INFO - [2024-09-09T08:29:27.471+0000] {dagbag.py:587} INFO - Filling up the DagBag from /home/airflow/.local/lib/python3.12/site-packages/airflow/example_dags/example_bash_operator.py
[2024-09-09T08:29:27.489+0000] {processor.py:925} INFO - DAG(s) 'example_bash_operator' retrieved from /home/airflow/.local/lib/python3.12/site-packages/airflow/example_dags/example_bash_operator.py
[2024-09-09T08:29:27.526+0000] {logging_mixin.py:190} INFO - [2024-09-09T08:29:27.526+0000] {dag.py:3229} INFO - Sync 1 DAGs
[2024-09-09T08:29:27.561+0000] {logging_mixin.py:190} INFO - [2024-09-09T08:29:27.561+0000] {dag.py:4156} INFO - Setting next_dagrun for example_bash_operator to 2024-09-08 00:00:00+00:00, run_after=2024-09-09 00:00:00+00:00
[2024-09-09T08:29:27.594+0000] {processor.py:208} INFO - Processing /home/airflow/.local/lib/python3.12/site-packages/airflow/example_dags/example_bash_operator.py took 0.135 seconds
[2024-09-09T08:29:57.782+0000] {processor.py:186} INFO - Started process (PID=14638) to work on /home/airflow/.local/lib/python3.12/site-packages/airflow/example_dags/example_bash_operator.py
[2024-09-09T08:29:57.784+0000] {processor.py:914} INFO - Processing file /home/airflow/.local/lib/python3.12/site-packages/airflow/example_dags/example_bash_operator.py for tasks to queue
[2024-09-09T08:29:57.786+0000] {logging_mixin.py:190} INFO - [2024-09-09T08:29:57.786+0000] {dagbag.py:587} INFO - Filling up the DagBag from /home/airflow/.local/lib/python3.12/site-packages/airflow/example_dags/example_bash_operator.py
[2024-09-09T08:29:57.802+0000] {processor.py:925} INFO - DAG(s) 'example_bash_operator' retrieved from /home/airflow/.local/lib/python3.12/site-packages/airflow/example_dags/example_bash_operator.py
[2024-09-09T08:29:57.859+0000] {logging_mixin.py:190} INFO - [2024-09-09T08:29:57.858+0000] {dag.py:3229} INFO - Sync 1 DAGs
[2024-09-09T08:29:57.923+0000] {logging_mixin.py:190} INFO - [2024-09-09T08:29:57.923+0000] {dag.py:4156} INFO - Setting next_dagrun for example_bash_operator to 2024-09-08 00:00:00+00:00, run_after=2024-09-09 00:00:00+00:00
[2024-09-09T08:29:57.954+0000] {processor.py:208} INFO - Processing /home/airflow/.local/lib/python3.12/site-packages/airflow/example_dags/example_bash_operator.py took 0.178 seconds
[2024-09-09T08:30:28.451+0000] {processor.py:186} INFO - Started process (PID=14924) to work on /home/airflow/.local/lib/python3.12/site-packages/airflow/example_dags/example_bash_operator.py
[2024-09-09T08:30:28.452+0000] {processor.py:914} INFO - Processing file /home/airflow/.local/lib/python3.12/site-packages/airflow/example_dags/example_bash_operator.py for tasks to queue
[2024-09-09T08:30:28.455+0000] {logging_mixin.py:190} INFO - [2024-09-09T08:30:28.455+0000] {dagbag.py:587} INFO - Filling up the DagBag from /home/airflow/.local/lib/python3.12/site-packages/airflow/example_dags/example_bash_operator.py
[2024-09-09T08:30:28.470+0000] {processor.py:925} INFO - DAG(s) 'example_bash_operator' retrieved from /home/airflow/.local/lib/python3.12/site-packages/airflow/example_dags/example_bash_operator.py
[2024-09-09T08:30:28.505+0000] {logging_mixin.py:190} INFO - [2024-09-09T08:30:28.505+0000] {dag.py:3229} INFO - Sync 1 DAGs
[2024-09-09T08:30:28.536+0000] {logging_mixin.py:190} INFO - [2024-09-09T08:30:28.535+0000] {dag.py:4156} INFO - Setting next_dagrun for example_bash_operator to 2024-09-08 00:00:00+00:00, run_after=2024-09-09 00:00:00+00:00
[2024-09-09T08:30:28.570+0000] {processor.py:208} INFO - Processing /home/airflow/.local/lib/python3.12/site-packages/airflow/example_dags/example_bash_operator.py took 0.125 seconds
[2024-09-09T08:30:59.635+0000] {processor.py:186} INFO - Started process (PID=15210) to work on /home/airflow/.local/lib/python3.12/site-packages/airflow/example_dags/example_bash_operator.py
[2024-09-09T08:30:59.637+0000] {processor.py:914} INFO - Processing file /home/airflow/.local/lib/python3.12/site-packages/airflow/example_dags/example_bash_operator.py for tasks to queue
[2024-09-09T08:30:59.639+0000] {logging_mixin.py:190} INFO - [2024-09-09T08:30:59.639+0000] {dagbag.py:587} INFO - Filling up the DagBag from /home/airflow/.local/lib/python3.12/site-packages/airflow/example_dags/example_bash_operator.py
[2024-09-09T08:30:59.656+0000] {processor.py:925} INFO - DAG(s) 'example_bash_operator' retrieved from /home/airflow/.local/lib/python3.12/site-packages/airflow/example_dags/example_bash_operator.py
[2024-09-09T08:30:59.691+0000] {logging_mixin.py:190} INFO - [2024-09-09T08:30:59.691+0000] {dag.py:3229} INFO - Sync 1 DAGs
[2024-09-09T08:30:59.720+0000] {logging_mixin.py:190} INFO - [2024-09-09T08:30:59.720+0000] {dag.py:4156} INFO - Setting next_dagrun for example_bash_operator to 2024-09-08 00:00:00+00:00, run_after=2024-09-09 00:00:00+00:00
[2024-09-09T08:30:59.743+0000] {processor.py:208} INFO - Processing /home/airflow/.local/lib/python3.12/site-packages/airflow/example_dags/example_bash_operator.py took 0.117 seconds
[2024-09-09T08:31:30.923+0000] {processor.py:186} INFO - Started process (PID=15496) to work on /home/airflow/.local/lib/python3.12/site-packages/airflow/example_dags/example_bash_operator.py
[2024-09-09T08:31:30.938+0000] {processor.py:914} INFO - Processing file /home/airflow/.local/lib/python3.12/site-packages/airflow/example_dags/example_bash_operator.py for tasks to queue
[2024-09-09T08:31:30.944+0000] {logging_mixin.py:190} INFO - [2024-09-09T08:31:30.944+0000] {dagbag.py:587} INFO - Filling up the DagBag from /home/airflow/.local/lib/python3.12/site-packages/airflow/example_dags/example_bash_operator.py
[2024-09-09T08:31:30.971+0000] {processor.py:925} INFO - DAG(s) 'example_bash_operator' retrieved from /home/airflow/.local/lib/python3.12/site-packages/airflow/example_dags/example_bash_operator.py
[2024-09-09T08:31:31.034+0000] {logging_mixin.py:190} INFO - [2024-09-09T08:31:31.033+0000] {dag.py:3229} INFO - Sync 1 DAGs
[2024-09-09T08:31:31.063+0000] {logging_mixin.py:190} INFO - [2024-09-09T08:31:31.062+0000] {dag.py:4156} INFO - Setting next_dagrun for example_bash_operator to 2024-09-08 00:00:00+00:00, run_after=2024-09-09 00:00:00+00:00
[2024-09-09T08:31:31.287+0000] {processor.py:208} INFO - Processing /home/airflow/.local/lib/python3.12/site-packages/airflow/example_dags/example_bash_operator.py took 0.373 seconds
[2024-09-09T08:32:01.756+0000] {processor.py:186} INFO - Started process (PID=15782) to work on /home/airflow/.local/lib/python3.12/site-packages/airflow/example_dags/example_bash_operator.py
[2024-09-09T08:32:01.757+0000] {processor.py:914} INFO - Processing file /home/airflow/.local/lib/python3.12/site-packages/airflow/example_dags/example_bash_operator.py for tasks to queue
[2024-09-09T08:32:01.759+0000] {logging_mixin.py:190} INFO - [2024-09-09T08:32:01.759+0000] {dagbag.py:587} INFO - Filling up the DagBag from /home/airflow/.local/lib/python3.12/site-packages/airflow/example_dags/example_bash_operator.py
[2024-09-09T08:32:01.771+0000] {processor.py:925} INFO - DAG(s) 'example_bash_operator' retrieved from /home/airflow/.local/lib/python3.12/site-packages/airflow/example_dags/example_bash_operator.py
[2024-09-09T08:32:01.796+0000] {logging_mixin.py:190} INFO - [2024-09-09T08:32:01.796+0000] {dag.py:3229} INFO - Sync 1 DAGs
[2024-09-09T08:32:01.818+0000] {logging_mixin.py:190} INFO - [2024-09-09T08:32:01.818+0000] {dag.py:4156} INFO - Setting next_dagrun for example_bash_operator to 2024-09-08 00:00:00+00:00, run_after=2024-09-09 00:00:00+00:00
[2024-09-09T08:32:01.836+0000] {processor.py:208} INFO - Processing /home/airflow/.local/lib/python3.12/site-packages/airflow/example_dags/example_bash_operator.py took 0.085 seconds
[2024-09-09T08:32:33.720+0000] {processor.py:186} INFO - Started process (PID=16068) to work on /home/airflow/.local/lib/python3.12/site-packages/airflow/example_dags/example_bash_operator.py
[2024-09-09T08:32:33.722+0000] {processor.py:914} INFO - Processing file /home/airflow/.local/lib/python3.12/site-packages/airflow/example_dags/example_bash_operator.py for tasks to queue
[2024-09-09T08:32:33.725+0000] {logging_mixin.py:190} INFO - [2024-09-09T08:32:33.725+0000] {dagbag.py:587} INFO - Filling up the DagBag from /home/airflow/.local/lib/python3.12/site-packages/airflow/example_dags/example_bash_operator.py
[2024-09-09T08:32:33.747+0000] {processor.py:925} INFO - DAG(s) 'example_bash_operator' retrieved from /home/airflow/.local/lib/python3.12/site-packages/airflow/example_dags/example_bash_operator.py
[2024-09-09T08:32:33.799+0000] {logging_mixin.py:190} INFO - [2024-09-09T08:32:33.799+0000] {dag.py:3229} INFO - Sync 1 DAGs
[2024-09-09T08:32:33.864+0000] {logging_mixin.py:190} INFO - [2024-09-09T08:32:33.863+0000] {dag.py:4156} INFO - Setting next_dagrun for example_bash_operator to 2024-09-08 00:00:00+00:00, run_after=2024-09-09 00:00:00+00:00
[2024-09-09T08:32:33.912+0000] {processor.py:208} INFO - Processing /home/airflow/.local/lib/python3.12/site-packages/airflow/example_dags/example_bash_operator.py took 0.201 seconds
[2024-09-09T08:33:04.017+0000] {processor.py:186} INFO - Started process (PID=16355) to work on /home/airflow/.local/lib/python3.12/site-packages/airflow/example_dags/example_bash_operator.py
[2024-09-09T08:33:04.018+0000] {processor.py:914} INFO - Processing file /home/airflow/.local/lib/python3.12/site-packages/airflow/example_dags/example_bash_operator.py for tasks to queue
[2024-09-09T08:33:04.020+0000] {logging_mixin.py:190} INFO - [2024-09-09T08:33:04.020+0000] {dagbag.py:587} INFO - Filling up the DagBag from /home/airflow/.local/lib/python3.12/site-packages/airflow/example_dags/example_bash_operator.py
[2024-09-09T08:33:04.035+0000] {processor.py:925} INFO - DAG(s) 'example_bash_operator' retrieved from /home/airflow/.local/lib/python3.12/site-packages/airflow/example_dags/example_bash_operator.py
[2024-09-09T08:33:04.065+0000] {logging_mixin.py:190} INFO - [2024-09-09T08:33:04.065+0000] {dag.py:3229} INFO - Sync 1 DAGs
[2024-09-09T08:33:04.110+0000] {logging_mixin.py:190} INFO - [2024-09-09T08:33:04.109+0000] {dag.py:4156} INFO - Setting next_dagrun for example_bash_operator to 2024-09-08 00:00:00+00:00, run_after=2024-09-09 00:00:00+00:00
[2024-09-09T08:33:04.143+0000] {processor.py:208} INFO - Processing /home/airflow/.local/lib/python3.12/site-packages/airflow/example_dags/example_bash_operator.py took 0.131 seconds
[2024-09-09T08:33:35.066+0000] {processor.py:186} INFO - Started process (PID=16639) to work on /home/airflow/.local/lib/python3.12/site-packages/airflow/example_dags/example_bash_operator.py
[2024-09-09T08:33:35.068+0000] {processor.py:914} INFO - Processing file /home/airflow/.local/lib/python3.12/site-packages/airflow/example_dags/example_bash_operator.py for tasks to queue
[2024-09-09T08:33:35.071+0000] {logging_mixin.py:190} INFO - [2024-09-09T08:33:35.071+0000] {dagbag.py:587} INFO - Filling up the DagBag from /home/airflow/.local/lib/python3.12/site-packages/airflow/example_dags/example_bash_operator.py
[2024-09-09T08:33:35.089+0000] {processor.py:925} INFO - DAG(s) 'example_bash_operator' retrieved from /home/airflow/.local/lib/python3.12/site-packages/airflow/example_dags/example_bash_operator.py
[2024-09-09T08:33:35.123+0000] {logging_mixin.py:190} INFO - [2024-09-09T08:33:35.122+0000] {dag.py:3229} INFO - Sync 1 DAGs
[2024-09-09T08:33:35.154+0000] {logging_mixin.py:190} INFO - [2024-09-09T08:33:35.154+0000] {dag.py:4156} INFO - Setting next_dagrun for example_bash_operator to 2024-09-08 00:00:00+00:00, run_after=2024-09-09 00:00:00+00:00
[2024-09-09T08:33:35.179+0000] {processor.py:208} INFO - Processing /home/airflow/.local/lib/python3.12/site-packages/airflow/example_dags/example_bash_operator.py took 0.121 seconds
[2024-09-09T08:34:06.686+0000] {processor.py:186} INFO - Started process (PID=16925) to work on /home/airflow/.local/lib/python3.12/site-packages/airflow/example_dags/example_bash_operator.py
[2024-09-09T08:34:06.687+0000] {processor.py:914} INFO - Processing file /home/airflow/.local/lib/python3.12/site-packages/airflow/example_dags/example_bash_operator.py for tasks to queue
[2024-09-09T08:34:06.690+0000] {logging_mixin.py:190} INFO - [2024-09-09T08:34:06.690+0000] {dagbag.py:587} INFO - Filling up the DagBag from /home/airflow/.local/lib/python3.12/site-packages/airflow/example_dags/example_bash_operator.py
[2024-09-09T08:34:06.704+0000] {processor.py:925} INFO - DAG(s) 'example_bash_operator' retrieved from /home/airflow/.local/lib/python3.12/site-packages/airflow/example_dags/example_bash_operator.py
[2024-09-09T08:34:06.896+0000] {logging_mixin.py:190} INFO - [2024-09-09T08:34:06.896+0000] {dag.py:3229} INFO - Sync 1 DAGs
[2024-09-09T08:34:06.915+0000] {logging_mixin.py:190} INFO - [2024-09-09T08:34:06.915+0000] {dag.py:4156} INFO - Setting next_dagrun for example_bash_operator to 2024-09-08 00:00:00+00:00, run_after=2024-09-09 00:00:00+00:00
[2024-09-09T08:34:06.931+0000] {processor.py:208} INFO - Processing /home/airflow/.local/lib/python3.12/site-packages/airflow/example_dags/example_bash_operator.py took 0.250 seconds
[2024-09-09T08:34:37.664+0000] {processor.py:186} INFO - Started process (PID=17213) to work on /home/airflow/.local/lib/python3.12/site-packages/airflow/example_dags/example_bash_operator.py
[2024-09-09T08:34:37.665+0000] {processor.py:914} INFO - Processing file /home/airflow/.local/lib/python3.12/site-packages/airflow/example_dags/example_bash_operator.py for tasks to queue
[2024-09-09T08:34:37.667+0000] {logging_mixin.py:190} INFO - [2024-09-09T08:34:37.667+0000] {dagbag.py:587} INFO - Filling up the DagBag from /home/airflow/.local/lib/python3.12/site-packages/airflow/example_dags/example_bash_operator.py
[2024-09-09T08:34:37.679+0000] {processor.py:925} INFO - DAG(s) 'example_bash_operator' retrieved from /home/airflow/.local/lib/python3.12/site-packages/airflow/example_dags/example_bash_operator.py
[2024-09-09T08:34:37.704+0000] {logging_mixin.py:190} INFO - [2024-09-09T08:34:37.704+0000] {dag.py:3229} INFO - Sync 1 DAGs
[2024-09-09T08:34:37.725+0000] {logging_mixin.py:190} INFO - [2024-09-09T08:34:37.724+0000] {dag.py:4156} INFO - Setting next_dagrun for example_bash_operator to 2024-09-08 00:00:00+00:00, run_after=2024-09-09 00:00:00+00:00
[2024-09-09T08:34:37.745+0000] {processor.py:208} INFO - Processing /home/airflow/.local/lib/python3.12/site-packages/airflow/example_dags/example_bash_operator.py took 0.087 seconds
[2024-09-09T08:35:08.304+0000] {processor.py:186} INFO - Started process (PID=17499) to work on /home/airflow/.local/lib/python3.12/site-packages/airflow/example_dags/example_bash_operator.py
[2024-09-09T08:35:08.305+0000] {processor.py:914} INFO - Processing file /home/airflow/.local/lib/python3.12/site-packages/airflow/example_dags/example_bash_operator.py for tasks to queue
[2024-09-09T08:35:08.307+0000] {logging_mixin.py:190} INFO - [2024-09-09T08:35:08.307+0000] {dagbag.py:587} INFO - Filling up the DagBag from /home/airflow/.local/lib/python3.12/site-packages/airflow/example_dags/example_bash_operator.py
[2024-09-09T08:35:08.318+0000] {processor.py:925} INFO - DAG(s) 'example_bash_operator' retrieved from /home/airflow/.local/lib/python3.12/site-packages/airflow/example_dags/example_bash_operator.py
[2024-09-09T08:35:08.341+0000] {logging_mixin.py:190} INFO - [2024-09-09T08:35:08.341+0000] {dag.py:3229} INFO - Sync 1 DAGs
[2024-09-09T08:35:08.362+0000] {logging_mixin.py:190} INFO - [2024-09-09T08:35:08.362+0000] {dag.py:4156} INFO - Setting next_dagrun for example_bash_operator to 2024-09-08 00:00:00+00:00, run_after=2024-09-09 00:00:00+00:00
[2024-09-09T08:35:08.382+0000] {processor.py:208} INFO - Processing /home/airflow/.local/lib/python3.12/site-packages/airflow/example_dags/example_bash_operator.py took 0.083 seconds
[2024-09-09T08:35:38.822+0000] {processor.py:186} INFO - Started process (PID=17785) to work on /home/airflow/.local/lib/python3.12/site-packages/airflow/example_dags/example_bash_operator.py
[2024-09-09T08:35:38.823+0000] {processor.py:914} INFO - Processing file /home/airflow/.local/lib/python3.12/site-packages/airflow/example_dags/example_bash_operator.py for tasks to queue
[2024-09-09T08:35:38.825+0000] {logging_mixin.py:190} INFO - [2024-09-09T08:35:38.825+0000] {dagbag.py:587} INFO - Filling up the DagBag from /home/airflow/.local/lib/python3.12/site-packages/airflow/example_dags/example_bash_operator.py
[2024-09-09T08:35:38.837+0000] {processor.py:925} INFO - DAG(s) 'example_bash_operator' retrieved from /home/airflow/.local/lib/python3.12/site-packages/airflow/example_dags/example_bash_operator.py
[2024-09-09T08:35:38.860+0000] {logging_mixin.py:190} INFO - [2024-09-09T08:35:38.860+0000] {dag.py:3229} INFO - Sync 1 DAGs
[2024-09-09T08:35:38.882+0000] {logging_mixin.py:190} INFO - [2024-09-09T08:35:38.882+0000] {dag.py:4156} INFO - Setting next_dagrun for example_bash_operator to 2024-09-08 00:00:00+00:00, run_after=2024-09-09 00:00:00+00:00
[2024-09-09T08:35:38.901+0000] {processor.py:208} INFO - Processing /home/airflow/.local/lib/python3.12/site-packages/airflow/example_dags/example_bash_operator.py took 0.085 seconds
[2024-09-09T08:36:09.791+0000] {processor.py:186} INFO - Started process (PID=18071) to work on /home/airflow/.local/lib/python3.12/site-packages/airflow/example_dags/example_bash_operator.py
[2024-09-09T08:36:09.793+0000] {processor.py:914} INFO - Processing file /home/airflow/.local/lib/python3.12/site-packages/airflow/example_dags/example_bash_operator.py for tasks to queue
[2024-09-09T08:36:09.796+0000] {logging_mixin.py:190} INFO - [2024-09-09T08:36:09.795+0000] {dagbag.py:587} INFO - Filling up the DagBag from /home/airflow/.local/lib/python3.12/site-packages/airflow/example_dags/example_bash_operator.py
[2024-09-09T08:36:09.816+0000] {processor.py:925} INFO - DAG(s) 'example_bash_operator' retrieved from /home/airflow/.local/lib/python3.12/site-packages/airflow/example_dags/example_bash_operator.py
[2024-09-09T08:36:09.862+0000] {logging_mixin.py:190} INFO - [2024-09-09T08:36:09.862+0000] {dag.py:3229} INFO - Sync 1 DAGs
[2024-09-09T08:36:09.905+0000] {logging_mixin.py:190} INFO - [2024-09-09T08:36:09.904+0000] {dag.py:4156} INFO - Setting next_dagrun for example_bash_operator to 2024-09-08 00:00:00+00:00, run_after=2024-09-09 00:00:00+00:00
[2024-09-09T08:36:09.932+0000] {processor.py:208} INFO - Processing /home/airflow/.local/lib/python3.12/site-packages/airflow/example_dags/example_bash_operator.py took 0.150 seconds
[2024-09-09T08:36:40.028+0000] {processor.py:186} INFO - Started process (PID=18357) to work on /home/airflow/.local/lib/python3.12/site-packages/airflow/example_dags/example_bash_operator.py
[2024-09-09T08:36:40.029+0000] {processor.py:914} INFO - Processing file /home/airflow/.local/lib/python3.12/site-packages/airflow/example_dags/example_bash_operator.py for tasks to queue
[2024-09-09T08:36:40.032+0000] {logging_mixin.py:190} INFO - [2024-09-09T08:36:40.031+0000] {dagbag.py:587} INFO - Filling up the DagBag from /home/airflow/.local/lib/python3.12/site-packages/airflow/example_dags/example_bash_operator.py
[2024-09-09T08:36:40.042+0000] {processor.py:925} INFO - DAG(s) 'example_bash_operator' retrieved from /home/airflow/.local/lib/python3.12/site-packages/airflow/example_dags/example_bash_operator.py
[2024-09-09T08:36:40.066+0000] {logging_mixin.py:190} INFO - [2024-09-09T08:36:40.066+0000] {dag.py:3229} INFO - Sync 1 DAGs
[2024-09-09T08:36:40.086+0000] {logging_mixin.py:190} INFO - [2024-09-09T08:36:40.086+0000] {dag.py:4156} INFO - Setting next_dagrun for example_bash_operator to 2024-09-08 00:00:00+00:00, run_after=2024-09-09 00:00:00+00:00
[2024-09-09T08:36:40.104+0000] {processor.py:208} INFO - Processing /home/airflow/.local/lib/python3.12/site-packages/airflow/example_dags/example_bash_operator.py took 0.081 seconds
[2024-09-09T08:37:10.685+0000] {processor.py:186} INFO - Started process (PID=18641) to work on /home/airflow/.local/lib/python3.12/site-packages/airflow/example_dags/example_bash_operator.py
[2024-09-09T08:37:10.687+0000] {processor.py:914} INFO - Processing file /home/airflow/.local/lib/python3.12/site-packages/airflow/example_dags/example_bash_operator.py for tasks to queue
[2024-09-09T08:37:10.693+0000] {logging_mixin.py:190} INFO - [2024-09-09T08:37:10.693+0000] {dagbag.py:587} INFO - Filling up the DagBag from /home/airflow/.local/lib/python3.12/site-packages/airflow/example_dags/example_bash_operator.py
[2024-09-09T08:37:10.728+0000] {processor.py:925} INFO - DAG(s) 'example_bash_operator' retrieved from /home/airflow/.local/lib/python3.12/site-packages/airflow/example_dags/example_bash_operator.py
[2024-09-09T08:37:10.797+0000] {logging_mixin.py:190} INFO - [2024-09-09T08:37:10.796+0000] {dag.py:3229} INFO - Sync 1 DAGs
[2024-09-09T08:37:10.830+0000] {logging_mixin.py:190} INFO - [2024-09-09T08:37:10.830+0000] {dag.py:4156} INFO - Setting next_dagrun for example_bash_operator to 2024-09-08 00:00:00+00:00, run_after=2024-09-09 00:00:00+00:00
[2024-09-09T08:37:10.852+0000] {processor.py:208} INFO - Processing /home/airflow/.local/lib/python3.12/site-packages/airflow/example_dags/example_bash_operator.py took 0.182 seconds
[2024-09-09T08:37:41.531+0000] {processor.py:186} INFO - Started process (PID=18927) to work on /home/airflow/.local/lib/python3.12/site-packages/airflow/example_dags/example_bash_operator.py
[2024-09-09T08:37:41.532+0000] {processor.py:914} INFO - Processing file /home/airflow/.local/lib/python3.12/site-packages/airflow/example_dags/example_bash_operator.py for tasks to queue
[2024-09-09T08:37:41.535+0000] {logging_mixin.py:190} INFO - [2024-09-09T08:37:41.534+0000] {dagbag.py:587} INFO - Filling up the DagBag from /home/airflow/.local/lib/python3.12/site-packages/airflow/example_dags/example_bash_operator.py
[2024-09-09T08:37:41.548+0000] {processor.py:925} INFO - DAG(s) 'example_bash_operator' retrieved from /home/airflow/.local/lib/python3.12/site-packages/airflow/example_dags/example_bash_operator.py
[2024-09-09T08:37:41.578+0000] {logging_mixin.py:190} INFO - [2024-09-09T08:37:41.578+0000] {dag.py:3229} INFO - Sync 1 DAGs
[2024-09-09T08:37:41.608+0000] {logging_mixin.py:190} INFO - [2024-09-09T08:37:41.608+0000] {dag.py:4156} INFO - Setting next_dagrun for example_bash_operator to 2024-09-08 00:00:00+00:00, run_after=2024-09-09 00:00:00+00:00
[2024-09-09T08:37:41.632+0000] {processor.py:208} INFO - Processing /home/airflow/.local/lib/python3.12/site-packages/airflow/example_dags/example_bash_operator.py took 0.108 seconds
[2024-09-09T08:38:12.312+0000] {processor.py:186} INFO - Started process (PID=19213) to work on /home/airflow/.local/lib/python3.12/site-packages/airflow/example_dags/example_bash_operator.py
[2024-09-09T08:38:12.313+0000] {processor.py:914} INFO - Processing file /home/airflow/.local/lib/python3.12/site-packages/airflow/example_dags/example_bash_operator.py for tasks to queue
[2024-09-09T08:38:12.316+0000] {logging_mixin.py:190} INFO - [2024-09-09T08:38:12.316+0000] {dagbag.py:587} INFO - Filling up the DagBag from /home/airflow/.local/lib/python3.12/site-packages/airflow/example_dags/example_bash_operator.py
[2024-09-09T08:38:12.330+0000] {processor.py:925} INFO - DAG(s) 'example_bash_operator' retrieved from /home/airflow/.local/lib/python3.12/site-packages/airflow/example_dags/example_bash_operator.py
[2024-09-09T08:38:12.361+0000] {logging_mixin.py:190} INFO - [2024-09-09T08:38:12.361+0000] {dag.py:3229} INFO - Sync 1 DAGs
[2024-09-09T08:38:12.385+0000] {logging_mixin.py:190} INFO - [2024-09-09T08:38:12.385+0000] {dag.py:4156} INFO - Setting next_dagrun for example_bash_operator to 2024-09-08 00:00:00+00:00, run_after=2024-09-09 00:00:00+00:00
[2024-09-09T08:38:12.407+0000] {processor.py:208} INFO - Processing /home/airflow/.local/lib/python3.12/site-packages/airflow/example_dags/example_bash_operator.py took 0.100 seconds
[2024-09-09T08:38:43.301+0000] {processor.py:186} INFO - Started process (PID=19505) to work on /home/airflow/.local/lib/python3.12/site-packages/airflow/example_dags/example_bash_operator.py
[2024-09-09T08:38:43.303+0000] {processor.py:914} INFO - Processing file /home/airflow/.local/lib/python3.12/site-packages/airflow/example_dags/example_bash_operator.py for tasks to queue
[2024-09-09T08:38:43.306+0000] {logging_mixin.py:190} INFO - [2024-09-09T08:38:43.305+0000] {dagbag.py:587} INFO - Filling up the DagBag from /home/airflow/.local/lib/python3.12/site-packages/airflow/example_dags/example_bash_operator.py
[2024-09-09T08:38:43.323+0000] {processor.py:925} INFO - DAG(s) 'example_bash_operator' retrieved from /home/airflow/.local/lib/python3.12/site-packages/airflow/example_dags/example_bash_operator.py
[2024-09-09T08:38:43.357+0000] {logging_mixin.py:190} INFO - [2024-09-09T08:38:43.356+0000] {dag.py:3229} INFO - Sync 1 DAGs
[2024-09-09T08:38:43.392+0000] {logging_mixin.py:190} INFO - [2024-09-09T08:38:43.391+0000] {dag.py:4156} INFO - Setting next_dagrun for example_bash_operator to 2024-09-08 00:00:00+00:00, run_after=2024-09-09 00:00:00+00:00
[2024-09-09T08:38:43.416+0000] {processor.py:208} INFO - Processing /home/airflow/.local/lib/python3.12/site-packages/airflow/example_dags/example_bash_operator.py took 0.123 seconds
[2024-09-09T08:39:13.770+0000] {processor.py:186} INFO - Started process (PID=19793) to work on /home/airflow/.local/lib/python3.12/site-packages/airflow/example_dags/example_bash_operator.py
[2024-09-09T08:39:13.771+0000] {processor.py:914} INFO - Processing file /home/airflow/.local/lib/python3.12/site-packages/airflow/example_dags/example_bash_operator.py for tasks to queue
[2024-09-09T08:39:13.775+0000] {logging_mixin.py:190} INFO - [2024-09-09T08:39:13.774+0000] {dagbag.py:587} INFO - Filling up the DagBag from /home/airflow/.local/lib/python3.12/site-packages/airflow/example_dags/example_bash_operator.py
[2024-09-09T08:39:13.793+0000] {processor.py:925} INFO - DAG(s) 'example_bash_operator' retrieved from /home/airflow/.local/lib/python3.12/site-packages/airflow/example_dags/example_bash_operator.py
[2024-09-09T08:39:13.840+0000] {logging_mixin.py:190} INFO - [2024-09-09T08:39:13.840+0000] {dag.py:3229} INFO - Sync 1 DAGs
[2024-09-09T08:39:13.869+0000] {logging_mixin.py:190} INFO - [2024-09-09T08:39:13.869+0000] {dag.py:4156} INFO - Setting next_dagrun for example_bash_operator to 2024-09-08 00:00:00+00:00, run_after=2024-09-09 00:00:00+00:00
[2024-09-09T08:39:13.890+0000] {processor.py:208} INFO - Processing /home/airflow/.local/lib/python3.12/site-packages/airflow/example_dags/example_bash_operator.py took 0.129 seconds
[2024-09-09T08:39:44.168+0000] {processor.py:186} INFO - Started process (PID=20077) to work on /home/airflow/.local/lib/python3.12/site-packages/airflow/example_dags/example_bash_operator.py
[2024-09-09T08:39:44.169+0000] {processor.py:914} INFO - Processing file /home/airflow/.local/lib/python3.12/site-packages/airflow/example_dags/example_bash_operator.py for tasks to queue
[2024-09-09T08:39:44.171+0000] {logging_mixin.py:190} INFO - [2024-09-09T08:39:44.171+0000] {dagbag.py:587} INFO - Filling up the DagBag from /home/airflow/.local/lib/python3.12/site-packages/airflow/example_dags/example_bash_operator.py
[2024-09-09T08:39:44.183+0000] {processor.py:925} INFO - DAG(s) 'example_bash_operator' retrieved from /home/airflow/.local/lib/python3.12/site-packages/airflow/example_dags/example_bash_operator.py
[2024-09-09T08:39:44.208+0000] {logging_mixin.py:190} INFO - [2024-09-09T08:39:44.207+0000] {dag.py:3229} INFO - Sync 1 DAGs
[2024-09-09T08:39:44.233+0000] {logging_mixin.py:190} INFO - [2024-09-09T08:39:44.232+0000] {dag.py:4156} INFO - Setting next_dagrun for example_bash_operator to 2024-09-08 00:00:00+00:00, run_after=2024-09-09 00:00:00+00:00
[2024-09-09T08:39:44.249+0000] {processor.py:208} INFO - Processing /home/airflow/.local/lib/python3.12/site-packages/airflow/example_dags/example_bash_operator.py took 0.086 seconds
[2024-09-09T08:40:14.477+0000] {processor.py:186} INFO - Started process (PID=20363) to work on /home/airflow/.local/lib/python3.12/site-packages/airflow/example_dags/example_bash_operator.py
[2024-09-09T08:40:14.478+0000] {processor.py:914} INFO - Processing file /home/airflow/.local/lib/python3.12/site-packages/airflow/example_dags/example_bash_operator.py for tasks to queue
[2024-09-09T08:40:14.481+0000] {logging_mixin.py:190} INFO - [2024-09-09T08:40:14.480+0000] {dagbag.py:587} INFO - Filling up the DagBag from /home/airflow/.local/lib/python3.12/site-packages/airflow/example_dags/example_bash_operator.py
[2024-09-09T08:40:14.492+0000] {processor.py:925} INFO - DAG(s) 'example_bash_operator' retrieved from /home/airflow/.local/lib/python3.12/site-packages/airflow/example_dags/example_bash_operator.py
[2024-09-09T08:40:14.516+0000] {logging_mixin.py:190} INFO - [2024-09-09T08:40:14.515+0000] {dag.py:3229} INFO - Sync 1 DAGs
[2024-09-09T08:40:14.545+0000] {logging_mixin.py:190} INFO - [2024-09-09T08:40:14.544+0000] {dag.py:4156} INFO - Setting next_dagrun for example_bash_operator to 2024-09-08 00:00:00+00:00, run_after=2024-09-09 00:00:00+00:00
[2024-09-09T08:40:14.563+0000] {processor.py:208} INFO - Processing /home/airflow/.local/lib/python3.12/site-packages/airflow/example_dags/example_bash_operator.py took 0.092 seconds
[2024-09-09T08:40:45.274+0000] {processor.py:186} INFO - Started process (PID=20649) to work on /home/airflow/.local/lib/python3.12/site-packages/airflow/example_dags/example_bash_operator.py
[2024-09-09T08:40:45.275+0000] {processor.py:914} INFO - Processing file /home/airflow/.local/lib/python3.12/site-packages/airflow/example_dags/example_bash_operator.py for tasks to queue
[2024-09-09T08:40:45.277+0000] {logging_mixin.py:190} INFO - [2024-09-09T08:40:45.277+0000] {dagbag.py:587} INFO - Filling up the DagBag from /home/airflow/.local/lib/python3.12/site-packages/airflow/example_dags/example_bash_operator.py
[2024-09-09T08:40:45.292+0000] {processor.py:925} INFO - DAG(s) 'example_bash_operator' retrieved from /home/airflow/.local/lib/python3.12/site-packages/airflow/example_dags/example_bash_operator.py
[2024-09-09T08:40:45.320+0000] {logging_mixin.py:190} INFO - [2024-09-09T08:40:45.319+0000] {dag.py:3229} INFO - Sync 1 DAGs
[2024-09-09T08:40:45.353+0000] {logging_mixin.py:190} INFO - [2024-09-09T08:40:45.352+0000] {dag.py:4156} INFO - Setting next_dagrun for example_bash_operator to 2024-09-08 00:00:00+00:00, run_after=2024-09-09 00:00:00+00:00
[2024-09-09T08:40:45.375+0000] {processor.py:208} INFO - Processing /home/airflow/.local/lib/python3.12/site-packages/airflow/example_dags/example_bash_operator.py took 0.108 seconds
[2024-09-09T08:41:15.850+0000] {processor.py:186} INFO - Started process (PID=20938) to work on /home/airflow/.local/lib/python3.12/site-packages/airflow/example_dags/example_bash_operator.py
[2024-09-09T08:41:15.853+0000] {processor.py:914} INFO - Processing file /home/airflow/.local/lib/python3.12/site-packages/airflow/example_dags/example_bash_operator.py for tasks to queue
[2024-09-09T08:41:15.856+0000] {logging_mixin.py:190} INFO - [2024-09-09T08:41:15.856+0000] {dagbag.py:587} INFO - Filling up the DagBag from /home/airflow/.local/lib/python3.12/site-packages/airflow/example_dags/example_bash_operator.py
[2024-09-09T08:41:15.874+0000] {processor.py:925} INFO - DAG(s) 'example_bash_operator' retrieved from /home/airflow/.local/lib/python3.12/site-packages/airflow/example_dags/example_bash_operator.py
[2024-09-09T08:41:15.910+0000] {logging_mixin.py:190} INFO - [2024-09-09T08:41:15.909+0000] {dag.py:3229} INFO - Sync 1 DAGs
[2024-09-09T08:41:15.947+0000] {logging_mixin.py:190} INFO - [2024-09-09T08:41:15.946+0000] {dag.py:4156} INFO - Setting next_dagrun for example_bash_operator to 2024-09-08 00:00:00+00:00, run_after=2024-09-09 00:00:00+00:00
[2024-09-09T08:41:15.973+0000] {processor.py:208} INFO - Processing /home/airflow/.local/lib/python3.12/site-packages/airflow/example_dags/example_bash_operator.py took 0.131 seconds
