[2024-09-09T08:04:19.737+0000] {processor.py:186} INFO - Started process (PID=280) to work on /home/airflow/.local/lib/python3.12/site-packages/airflow/example_dags/example_xcom.py
[2024-09-09T08:04:19.739+0000] {processor.py:914} INFO - Processing file /home/airflow/.local/lib/python3.12/site-packages/airflow/example_dags/example_xcom.py for tasks to queue
[2024-09-09T08:04:19.743+0000] {logging_mixin.py:190} INFO - [2024-09-09T08:04:19.742+0000] {dagbag.py:587} INFO - Filling up the DagBag from /home/airflow/.local/lib/python3.12/site-packages/airflow/example_dags/example_xcom.py
[2024-09-09T08:04:19.764+0000] {processor.py:925} INFO - DAG(s) 'example_xcom' retrieved from /home/airflow/.local/lib/python3.12/site-packages/airflow/example_dags/example_xcom.py
[2024-09-09T08:04:19.946+0000] {logging_mixin.py:190} INFO - [2024-09-09T08:04:19.945+0000] {override.py:1900} INFO - Created Permission View: can edit on DAG:example_xcom
[2024-09-09T08:04:19.964+0000] {logging_mixin.py:190} INFO - [2024-09-09T08:04:19.964+0000] {override.py:1900} INFO - Created Permission View: can delete on DAG:example_xcom
[2024-09-09T08:04:19.976+0000] {logging_mixin.py:190} INFO - [2024-09-09T08:04:19.976+0000] {override.py:1900} INFO - Created Permission View: can read on DAG:example_xcom
[2024-09-09T08:04:19.994+0000] {logging_mixin.py:190} INFO - [2024-09-09T08:04:19.994+0000] {override.py:1900} INFO - Created Permission View: can create on DAG Run:example_xcom
[2024-09-09T08:04:20.006+0000] {logging_mixin.py:190} INFO - [2024-09-09T08:04:20.005+0000] {override.py:1900} INFO - Created Permission View: can delete on DAG Run:example_xcom
[2024-09-09T08:04:20.018+0000] {logging_mixin.py:190} INFO - [2024-09-09T08:04:20.017+0000] {override.py:1900} INFO - Created Permission View: menu access on DAG Run:example_xcom
[2024-09-09T08:04:20.032+0000] {logging_mixin.py:190} INFO - [2024-09-09T08:04:20.031+0000] {override.py:1900} INFO - Created Permission View: can read on DAG Run:example_xcom
[2024-09-09T08:04:20.033+0000] {logging_mixin.py:190} INFO - [2024-09-09T08:04:20.033+0000] {dag.py:3229} INFO - Sync 1 DAGs
[2024-09-09T08:04:20.054+0000] {logging_mixin.py:190} INFO - [2024-09-09T08:04:20.054+0000] {dag.py:3252} INFO - Creating ORM DAG for example_xcom
[2024-09-09T08:04:20.071+0000] {logging_mixin.py:190} INFO - [2024-09-09T08:04:20.071+0000] {dag.py:4156} INFO - Setting next_dagrun for example_xcom to 2021-01-01 00:00:00+00:00, run_after=2021-01-01 00:00:00+00:00
[2024-09-09T08:04:20.097+0000] {processor.py:208} INFO - Processing /home/airflow/.local/lib/python3.12/site-packages/airflow/example_dags/example_xcom.py took 0.371 seconds
[2024-09-09T08:04:50.275+0000] {processor.py:186} INFO - Started process (PID=568) to work on /home/airflow/.local/lib/python3.12/site-packages/airflow/example_dags/example_xcom.py
[2024-09-09T08:04:50.276+0000] {processor.py:914} INFO - Processing file /home/airflow/.local/lib/python3.12/site-packages/airflow/example_dags/example_xcom.py for tasks to queue
[2024-09-09T08:04:50.279+0000] {logging_mixin.py:190} INFO - [2024-09-09T08:04:50.279+0000] {dagbag.py:587} INFO - Filling up the DagBag from /home/airflow/.local/lib/python3.12/site-packages/airflow/example_dags/example_xcom.py
[2024-09-09T08:04:50.290+0000] {processor.py:925} INFO - DAG(s) 'example_xcom' retrieved from /home/airflow/.local/lib/python3.12/site-packages/airflow/example_dags/example_xcom.py
[2024-09-09T08:04:50.321+0000] {logging_mixin.py:190} INFO - [2024-09-09T08:04:50.320+0000] {dag.py:3229} INFO - Sync 1 DAGs
[2024-09-09T08:04:50.407+0000] {logging_mixin.py:190} INFO - [2024-09-09T08:04:50.405+0000] {dag.py:4156} INFO - Setting next_dagrun for example_xcom to 2021-01-01 00:00:00+00:00, run_after=2021-01-01 00:00:00+00:00
[2024-09-09T08:04:50.445+0000] {processor.py:208} INFO - Processing /home/airflow/.local/lib/python3.12/site-packages/airflow/example_dags/example_xcom.py took 0.178 seconds
[2024-09-09T08:05:20.849+0000] {processor.py:186} INFO - Started process (PID=854) to work on /home/airflow/.local/lib/python3.12/site-packages/airflow/example_dags/example_xcom.py
[2024-09-09T08:05:20.851+0000] {processor.py:914} INFO - Processing file /home/airflow/.local/lib/python3.12/site-packages/airflow/example_dags/example_xcom.py for tasks to queue
[2024-09-09T08:05:20.854+0000] {logging_mixin.py:190} INFO - [2024-09-09T08:05:20.853+0000] {dagbag.py:587} INFO - Filling up the DagBag from /home/airflow/.local/lib/python3.12/site-packages/airflow/example_dags/example_xcom.py
[2024-09-09T08:05:20.868+0000] {processor.py:925} INFO - DAG(s) 'example_xcom' retrieved from /home/airflow/.local/lib/python3.12/site-packages/airflow/example_dags/example_xcom.py
[2024-09-09T08:05:20.909+0000] {logging_mixin.py:190} INFO - [2024-09-09T08:05:20.908+0000] {dag.py:3229} INFO - Sync 1 DAGs
[2024-09-09T08:05:20.957+0000] {logging_mixin.py:190} INFO - [2024-09-09T08:05:20.957+0000] {dag.py:4156} INFO - Setting next_dagrun for example_xcom to 2021-01-01 00:00:00+00:00, run_after=2021-01-01 00:00:00+00:00
[2024-09-09T08:05:20.991+0000] {processor.py:208} INFO - Processing /home/airflow/.local/lib/python3.12/site-packages/airflow/example_dags/example_xcom.py took 0.151 seconds
[2024-09-09T08:05:51.530+0000] {processor.py:186} INFO - Started process (PID=1138) to work on /home/airflow/.local/lib/python3.12/site-packages/airflow/example_dags/example_xcom.py
[2024-09-09T08:05:51.535+0000] {processor.py:914} INFO - Processing file /home/airflow/.local/lib/python3.12/site-packages/airflow/example_dags/example_xcom.py for tasks to queue
[2024-09-09T08:05:51.550+0000] {logging_mixin.py:190} INFO - [2024-09-09T08:05:51.550+0000] {dagbag.py:587} INFO - Filling up the DagBag from /home/airflow/.local/lib/python3.12/site-packages/airflow/example_dags/example_xcom.py
[2024-09-09T08:05:51.579+0000] {processor.py:925} INFO - DAG(s) 'example_xcom' retrieved from /home/airflow/.local/lib/python3.12/site-packages/airflow/example_dags/example_xcom.py
[2024-09-09T08:05:51.622+0000] {logging_mixin.py:190} INFO - [2024-09-09T08:05:51.621+0000] {dag.py:3229} INFO - Sync 1 DAGs
[2024-09-09T08:05:51.676+0000] {logging_mixin.py:190} INFO - [2024-09-09T08:05:51.676+0000] {dag.py:4156} INFO - Setting next_dagrun for example_xcom to 2021-01-01 00:00:00+00:00, run_after=2021-01-01 00:00:00+00:00
[2024-09-09T08:05:51.728+0000] {processor.py:208} INFO - Processing /home/airflow/.local/lib/python3.12/site-packages/airflow/example_dags/example_xcom.py took 0.215 seconds
[2024-09-09T08:06:22.373+0000] {processor.py:186} INFO - Started process (PID=1426) to work on /home/airflow/.local/lib/python3.12/site-packages/airflow/example_dags/example_xcom.py
[2024-09-09T08:06:22.374+0000] {processor.py:914} INFO - Processing file /home/airflow/.local/lib/python3.12/site-packages/airflow/example_dags/example_xcom.py for tasks to queue
[2024-09-09T08:06:22.376+0000] {logging_mixin.py:190} INFO - [2024-09-09T08:06:22.376+0000] {dagbag.py:587} INFO - Filling up the DagBag from /home/airflow/.local/lib/python3.12/site-packages/airflow/example_dags/example_xcom.py
[2024-09-09T08:06:22.384+0000] {processor.py:925} INFO - DAG(s) 'example_xcom' retrieved from /home/airflow/.local/lib/python3.12/site-packages/airflow/example_dags/example_xcom.py
[2024-09-09T08:06:22.400+0000] {logging_mixin.py:190} INFO - [2024-09-09T08:06:22.400+0000] {dag.py:3229} INFO - Sync 1 DAGs
[2024-09-09T08:06:22.418+0000] {logging_mixin.py:190} INFO - [2024-09-09T08:06:22.418+0000] {dag.py:4156} INFO - Setting next_dagrun for example_xcom to 2021-01-01 00:00:00+00:00, run_after=2021-01-01 00:00:00+00:00
[2024-09-09T08:06:22.433+0000] {processor.py:208} INFO - Processing /home/airflow/.local/lib/python3.12/site-packages/airflow/example_dags/example_xcom.py took 0.065 seconds
[2024-09-09T08:06:53.171+0000] {processor.py:186} INFO - Started process (PID=1712) to work on /home/airflow/.local/lib/python3.12/site-packages/airflow/example_dags/example_xcom.py
[2024-09-09T08:06:53.172+0000] {processor.py:914} INFO - Processing file /home/airflow/.local/lib/python3.12/site-packages/airflow/example_dags/example_xcom.py for tasks to queue
[2024-09-09T08:06:53.174+0000] {logging_mixin.py:190} INFO - [2024-09-09T08:06:53.174+0000] {dagbag.py:587} INFO - Filling up the DagBag from /home/airflow/.local/lib/python3.12/site-packages/airflow/example_dags/example_xcom.py
[2024-09-09T08:06:53.181+0000] {processor.py:925} INFO - DAG(s) 'example_xcom' retrieved from /home/airflow/.local/lib/python3.12/site-packages/airflow/example_dags/example_xcom.py
[2024-09-09T08:06:53.198+0000] {logging_mixin.py:190} INFO - [2024-09-09T08:06:53.198+0000] {dag.py:3229} INFO - Sync 1 DAGs
[2024-09-09T08:06:53.214+0000] {logging_mixin.py:190} INFO - [2024-09-09T08:06:53.214+0000] {dag.py:4156} INFO - Setting next_dagrun for example_xcom to 2021-01-01 00:00:00+00:00, run_after=2021-01-01 00:00:00+00:00
[2024-09-09T08:06:53.236+0000] {processor.py:208} INFO - Processing /home/airflow/.local/lib/python3.12/site-packages/airflow/example_dags/example_xcom.py took 0.069 seconds
[2024-09-09T08:07:23.957+0000] {processor.py:186} INFO - Started process (PID=1997) to work on /home/airflow/.local/lib/python3.12/site-packages/airflow/example_dags/example_xcom.py
[2024-09-09T08:07:23.958+0000] {processor.py:914} INFO - Processing file /home/airflow/.local/lib/python3.12/site-packages/airflow/example_dags/example_xcom.py for tasks to queue
[2024-09-09T08:07:23.961+0000] {logging_mixin.py:190} INFO - [2024-09-09T08:07:23.961+0000] {dagbag.py:587} INFO - Filling up the DagBag from /home/airflow/.local/lib/python3.12/site-packages/airflow/example_dags/example_xcom.py
[2024-09-09T08:07:23.972+0000] {processor.py:925} INFO - DAG(s) 'example_xcom' retrieved from /home/airflow/.local/lib/python3.12/site-packages/airflow/example_dags/example_xcom.py
[2024-09-09T08:07:23.998+0000] {logging_mixin.py:190} INFO - [2024-09-09T08:07:23.998+0000] {dag.py:3229} INFO - Sync 1 DAGs
[2024-09-09T08:07:24.030+0000] {logging_mixin.py:190} INFO - [2024-09-09T08:07:24.029+0000] {dag.py:4156} INFO - Setting next_dagrun for example_xcom to 2021-01-01 00:00:00+00:00, run_after=2021-01-01 00:00:00+00:00
[2024-09-09T08:07:24.053+0000] {processor.py:208} INFO - Processing /home/airflow/.local/lib/python3.12/site-packages/airflow/example_dags/example_xcom.py took 0.104 seconds
[2024-09-09T08:07:55.306+0000] {processor.py:186} INFO - Started process (PID=2285) to work on /home/airflow/.local/lib/python3.12/site-packages/airflow/example_dags/example_xcom.py
[2024-09-09T08:07:55.308+0000] {processor.py:914} INFO - Processing file /home/airflow/.local/lib/python3.12/site-packages/airflow/example_dags/example_xcom.py for tasks to queue
[2024-09-09T08:07:55.312+0000] {logging_mixin.py:190} INFO - [2024-09-09T08:07:55.311+0000] {dagbag.py:587} INFO - Filling up the DagBag from /home/airflow/.local/lib/python3.12/site-packages/airflow/example_dags/example_xcom.py
[2024-09-09T08:07:55.324+0000] {processor.py:925} INFO - DAG(s) 'example_xcom' retrieved from /home/airflow/.local/lib/python3.12/site-packages/airflow/example_dags/example_xcom.py
[2024-09-09T08:07:55.358+0000] {logging_mixin.py:190} INFO - [2024-09-09T08:07:55.357+0000] {dag.py:3229} INFO - Sync 1 DAGs
[2024-09-09T08:07:55.405+0000] {logging_mixin.py:190} INFO - [2024-09-09T08:07:55.405+0000] {dag.py:4156} INFO - Setting next_dagrun for example_xcom to 2021-01-01 00:00:00+00:00, run_after=2021-01-01 00:00:00+00:00
[2024-09-09T08:07:55.438+0000] {processor.py:208} INFO - Processing /home/airflow/.local/lib/python3.12/site-packages/airflow/example_dags/example_xcom.py took 0.139 seconds
[2024-09-09T08:08:26.373+0000] {processor.py:186} INFO - Started process (PID=2569) to work on /home/airflow/.local/lib/python3.12/site-packages/airflow/example_dags/example_xcom.py
[2024-09-09T08:08:26.376+0000] {processor.py:914} INFO - Processing file /home/airflow/.local/lib/python3.12/site-packages/airflow/example_dags/example_xcom.py for tasks to queue
[2024-09-09T08:08:26.380+0000] {logging_mixin.py:190} INFO - [2024-09-09T08:08:26.380+0000] {dagbag.py:587} INFO - Filling up the DagBag from /home/airflow/.local/lib/python3.12/site-packages/airflow/example_dags/example_xcom.py
[2024-09-09T08:08:26.395+0000] {processor.py:925} INFO - DAG(s) 'example_xcom' retrieved from /home/airflow/.local/lib/python3.12/site-packages/airflow/example_dags/example_xcom.py
[2024-09-09T08:08:26.424+0000] {logging_mixin.py:190} INFO - [2024-09-09T08:08:26.424+0000] {dag.py:3229} INFO - Sync 1 DAGs
[2024-09-09T08:08:26.456+0000] {logging_mixin.py:190} INFO - [2024-09-09T08:08:26.456+0000] {dag.py:4156} INFO - Setting next_dagrun for example_xcom to 2021-01-01 00:00:00+00:00, run_after=2021-01-01 00:00:00+00:00
[2024-09-09T08:08:26.482+0000] {processor.py:208} INFO - Processing /home/airflow/.local/lib/python3.12/site-packages/airflow/example_dags/example_xcom.py took 0.117 seconds
[2024-09-09T08:08:56.627+0000] {processor.py:186} INFO - Started process (PID=2855) to work on /home/airflow/.local/lib/python3.12/site-packages/airflow/example_dags/example_xcom.py
[2024-09-09T08:08:56.628+0000] {processor.py:914} INFO - Processing file /home/airflow/.local/lib/python3.12/site-packages/airflow/example_dags/example_xcom.py for tasks to queue
[2024-09-09T08:08:56.631+0000] {logging_mixin.py:190} INFO - [2024-09-09T08:08:56.630+0000] {dagbag.py:587} INFO - Filling up the DagBag from /home/airflow/.local/lib/python3.12/site-packages/airflow/example_dags/example_xcom.py
[2024-09-09T08:08:56.640+0000] {processor.py:925} INFO - DAG(s) 'example_xcom' retrieved from /home/airflow/.local/lib/python3.12/site-packages/airflow/example_dags/example_xcom.py
[2024-09-09T08:08:56.664+0000] {logging_mixin.py:190} INFO - [2024-09-09T08:08:56.664+0000] {dag.py:3229} INFO - Sync 1 DAGs
[2024-09-09T08:08:56.705+0000] {logging_mixin.py:190} INFO - [2024-09-09T08:08:56.704+0000] {dag.py:4156} INFO - Setting next_dagrun for example_xcom to 2021-01-01 00:00:00+00:00, run_after=2021-01-01 00:00:00+00:00
[2024-09-09T08:08:56.752+0000] {processor.py:208} INFO - Processing /home/airflow/.local/lib/python3.12/site-packages/airflow/example_dags/example_xcom.py took 0.132 seconds
[2024-09-09T08:09:27.461+0000] {processor.py:186} INFO - Started process (PID=3141) to work on /home/airflow/.local/lib/python3.12/site-packages/airflow/example_dags/example_xcom.py
[2024-09-09T08:09:27.463+0000] {processor.py:914} INFO - Processing file /home/airflow/.local/lib/python3.12/site-packages/airflow/example_dags/example_xcom.py for tasks to queue
[2024-09-09T08:09:27.467+0000] {logging_mixin.py:190} INFO - [2024-09-09T08:09:27.467+0000] {dagbag.py:587} INFO - Filling up the DagBag from /home/airflow/.local/lib/python3.12/site-packages/airflow/example_dags/example_xcom.py
[2024-09-09T08:09:27.477+0000] {processor.py:925} INFO - DAG(s) 'example_xcom' retrieved from /home/airflow/.local/lib/python3.12/site-packages/airflow/example_dags/example_xcom.py
[2024-09-09T08:09:27.498+0000] {logging_mixin.py:190} INFO - [2024-09-09T08:09:27.498+0000] {dag.py:3229} INFO - Sync 1 DAGs
[2024-09-09T08:09:27.526+0000] {logging_mixin.py:190} INFO - [2024-09-09T08:09:27.525+0000] {dag.py:4156} INFO - Setting next_dagrun for example_xcom to 2021-01-01 00:00:00+00:00, run_after=2021-01-01 00:00:00+00:00
[2024-09-09T08:09:27.555+0000] {processor.py:208} INFO - Processing /home/airflow/.local/lib/python3.12/site-packages/airflow/example_dags/example_xcom.py took 0.102 seconds
[2024-09-09T08:09:57.871+0000] {processor.py:186} INFO - Started process (PID=3429) to work on /home/airflow/.local/lib/python3.12/site-packages/airflow/example_dags/example_xcom.py
[2024-09-09T08:09:57.873+0000] {processor.py:914} INFO - Processing file /home/airflow/.local/lib/python3.12/site-packages/airflow/example_dags/example_xcom.py for tasks to queue
[2024-09-09T08:09:57.876+0000] {logging_mixin.py:190} INFO - [2024-09-09T08:09:57.876+0000] {dagbag.py:587} INFO - Filling up the DagBag from /home/airflow/.local/lib/python3.12/site-packages/airflow/example_dags/example_xcom.py
[2024-09-09T08:09:57.889+0000] {processor.py:925} INFO - DAG(s) 'example_xcom' retrieved from /home/airflow/.local/lib/python3.12/site-packages/airflow/example_dags/example_xcom.py
[2024-09-09T08:09:57.946+0000] {logging_mixin.py:190} INFO - [2024-09-09T08:09:57.945+0000] {dag.py:3229} INFO - Sync 1 DAGs
[2024-09-09T08:09:57.979+0000] {logging_mixin.py:190} INFO - [2024-09-09T08:09:57.979+0000] {dag.py:4156} INFO - Setting next_dagrun for example_xcom to 2021-01-01 00:00:00+00:00, run_after=2021-01-01 00:00:00+00:00
[2024-09-09T08:09:58.003+0000] {processor.py:208} INFO - Processing /home/airflow/.local/lib/python3.12/site-packages/airflow/example_dags/example_xcom.py took 0.142 seconds
[2024-09-09T08:10:28.575+0000] {processor.py:186} INFO - Started process (PID=3715) to work on /home/airflow/.local/lib/python3.12/site-packages/airflow/example_dags/example_xcom.py
[2024-09-09T08:10:28.577+0000] {processor.py:914} INFO - Processing file /home/airflow/.local/lib/python3.12/site-packages/airflow/example_dags/example_xcom.py for tasks to queue
[2024-09-09T08:10:28.579+0000] {logging_mixin.py:190} INFO - [2024-09-09T08:10:28.579+0000] {dagbag.py:587} INFO - Filling up the DagBag from /home/airflow/.local/lib/python3.12/site-packages/airflow/example_dags/example_xcom.py
[2024-09-09T08:10:28.589+0000] {processor.py:925} INFO - DAG(s) 'example_xcom' retrieved from /home/airflow/.local/lib/python3.12/site-packages/airflow/example_dags/example_xcom.py
[2024-09-09T08:10:28.611+0000] {logging_mixin.py:190} INFO - [2024-09-09T08:10:28.611+0000] {dag.py:3229} INFO - Sync 1 DAGs
[2024-09-09T08:10:28.633+0000] {logging_mixin.py:190} INFO - [2024-09-09T08:10:28.633+0000] {dag.py:4156} INFO - Setting next_dagrun for example_xcom to 2021-01-01 00:00:00+00:00, run_after=2021-01-01 00:00:00+00:00
[2024-09-09T08:10:28.655+0000] {processor.py:208} INFO - Processing /home/airflow/.local/lib/python3.12/site-packages/airflow/example_dags/example_xcom.py took 0.085 seconds
[2024-09-09T08:10:58.816+0000] {processor.py:186} INFO - Started process (PID=4001) to work on /home/airflow/.local/lib/python3.12/site-packages/airflow/example_dags/example_xcom.py
[2024-09-09T08:10:58.817+0000] {processor.py:914} INFO - Processing file /home/airflow/.local/lib/python3.12/site-packages/airflow/example_dags/example_xcom.py for tasks to queue
[2024-09-09T08:10:58.819+0000] {logging_mixin.py:190} INFO - [2024-09-09T08:10:58.819+0000] {dagbag.py:587} INFO - Filling up the DagBag from /home/airflow/.local/lib/python3.12/site-packages/airflow/example_dags/example_xcom.py
[2024-09-09T08:10:58.826+0000] {processor.py:925} INFO - DAG(s) 'example_xcom' retrieved from /home/airflow/.local/lib/python3.12/site-packages/airflow/example_dags/example_xcom.py
[2024-09-09T08:10:58.843+0000] {logging_mixin.py:190} INFO - [2024-09-09T08:10:58.843+0000] {dag.py:3229} INFO - Sync 1 DAGs
[2024-09-09T08:10:58.880+0000] {logging_mixin.py:190} INFO - [2024-09-09T08:10:58.880+0000] {dag.py:4156} INFO - Setting next_dagrun for example_xcom to 2021-01-01 00:00:00+00:00, run_after=2021-01-01 00:00:00+00:00
[2024-09-09T08:10:58.932+0000] {processor.py:208} INFO - Processing /home/airflow/.local/lib/python3.12/site-packages/airflow/example_dags/example_xcom.py took 0.121 seconds
[2024-09-09T08:11:29.694+0000] {processor.py:186} INFO - Started process (PID=4287) to work on /home/airflow/.local/lib/python3.12/site-packages/airflow/example_dags/example_xcom.py
[2024-09-09T08:11:29.695+0000] {processor.py:914} INFO - Processing file /home/airflow/.local/lib/python3.12/site-packages/airflow/example_dags/example_xcom.py for tasks to queue
[2024-09-09T08:11:29.697+0000] {logging_mixin.py:190} INFO - [2024-09-09T08:11:29.697+0000] {dagbag.py:587} INFO - Filling up the DagBag from /home/airflow/.local/lib/python3.12/site-packages/airflow/example_dags/example_xcom.py
[2024-09-09T08:11:29.706+0000] {processor.py:925} INFO - DAG(s) 'example_xcom' retrieved from /home/airflow/.local/lib/python3.12/site-packages/airflow/example_dags/example_xcom.py
[2024-09-09T08:11:29.728+0000] {logging_mixin.py:190} INFO - [2024-09-09T08:11:29.728+0000] {dag.py:3229} INFO - Sync 1 DAGs
[2024-09-09T08:11:29.753+0000] {logging_mixin.py:190} INFO - [2024-09-09T08:11:29.752+0000] {dag.py:4156} INFO - Setting next_dagrun for example_xcom to 2021-01-01 00:00:00+00:00, run_after=2021-01-01 00:00:00+00:00
[2024-09-09T08:11:29.771+0000] {processor.py:208} INFO - Processing /home/airflow/.local/lib/python3.12/site-packages/airflow/example_dags/example_xcom.py took 0.083 seconds
[2024-09-09T08:12:00.196+0000] {processor.py:186} INFO - Started process (PID=4573) to work on /home/airflow/.local/lib/python3.12/site-packages/airflow/example_dags/example_xcom.py
[2024-09-09T08:12:00.197+0000] {processor.py:914} INFO - Processing file /home/airflow/.local/lib/python3.12/site-packages/airflow/example_dags/example_xcom.py for tasks to queue
[2024-09-09T08:12:00.200+0000] {logging_mixin.py:190} INFO - [2024-09-09T08:12:00.199+0000] {dagbag.py:587} INFO - Filling up the DagBag from /home/airflow/.local/lib/python3.12/site-packages/airflow/example_dags/example_xcom.py
[2024-09-09T08:12:00.211+0000] {processor.py:925} INFO - DAG(s) 'example_xcom' retrieved from /home/airflow/.local/lib/python3.12/site-packages/airflow/example_dags/example_xcom.py
[2024-09-09T08:12:00.233+0000] {logging_mixin.py:190} INFO - [2024-09-09T08:12:00.233+0000] {dag.py:3229} INFO - Sync 1 DAGs
[2024-09-09T08:12:00.254+0000] {logging_mixin.py:190} INFO - [2024-09-09T08:12:00.254+0000] {dag.py:4156} INFO - Setting next_dagrun for example_xcom to 2021-01-01 00:00:00+00:00, run_after=2021-01-01 00:00:00+00:00
[2024-09-09T08:12:00.275+0000] {processor.py:208} INFO - Processing /home/airflow/.local/lib/python3.12/site-packages/airflow/example_dags/example_xcom.py took 0.084 seconds
[2024-09-09T08:12:30.654+0000] {processor.py:186} INFO - Started process (PID=4859) to work on /home/airflow/.local/lib/python3.12/site-packages/airflow/example_dags/example_xcom.py
[2024-09-09T08:12:30.655+0000] {processor.py:914} INFO - Processing file /home/airflow/.local/lib/python3.12/site-packages/airflow/example_dags/example_xcom.py for tasks to queue
[2024-09-09T08:12:30.657+0000] {logging_mixin.py:190} INFO - [2024-09-09T08:12:30.657+0000] {dagbag.py:587} INFO - Filling up the DagBag from /home/airflow/.local/lib/python3.12/site-packages/airflow/example_dags/example_xcom.py
[2024-09-09T08:12:30.667+0000] {processor.py:925} INFO - DAG(s) 'example_xcom' retrieved from /home/airflow/.local/lib/python3.12/site-packages/airflow/example_dags/example_xcom.py
[2024-09-09T08:12:30.687+0000] {logging_mixin.py:190} INFO - [2024-09-09T08:12:30.687+0000] {dag.py:3229} INFO - Sync 1 DAGs
[2024-09-09T08:12:30.709+0000] {logging_mixin.py:190} INFO - [2024-09-09T08:12:30.708+0000] {dag.py:4156} INFO - Setting next_dagrun for example_xcom to 2021-01-01 00:00:00+00:00, run_after=2021-01-01 00:00:00+00:00
[2024-09-09T08:12:30.728+0000] {processor.py:208} INFO - Processing /home/airflow/.local/lib/python3.12/site-packages/airflow/example_dags/example_xcom.py took 0.080 seconds
[2024-09-09T08:13:01.444+0000] {processor.py:186} INFO - Started process (PID=5145) to work on /home/airflow/.local/lib/python3.12/site-packages/airflow/example_dags/example_xcom.py
[2024-09-09T08:13:01.446+0000] {processor.py:914} INFO - Processing file /home/airflow/.local/lib/python3.12/site-packages/airflow/example_dags/example_xcom.py for tasks to queue
[2024-09-09T08:13:01.448+0000] {logging_mixin.py:190} INFO - [2024-09-09T08:13:01.448+0000] {dagbag.py:587} INFO - Filling up the DagBag from /home/airflow/.local/lib/python3.12/site-packages/airflow/example_dags/example_xcom.py
[2024-09-09T08:13:01.459+0000] {processor.py:925} INFO - DAG(s) 'example_xcom' retrieved from /home/airflow/.local/lib/python3.12/site-packages/airflow/example_dags/example_xcom.py
[2024-09-09T08:13:01.478+0000] {logging_mixin.py:190} INFO - [2024-09-09T08:13:01.478+0000] {dag.py:3229} INFO - Sync 1 DAGs
[2024-09-09T08:13:01.496+0000] {logging_mixin.py:190} INFO - [2024-09-09T08:13:01.496+0000] {dag.py:4156} INFO - Setting next_dagrun for example_xcom to 2021-01-01 00:00:00+00:00, run_after=2021-01-01 00:00:00+00:00
[2024-09-09T08:13:01.516+0000] {processor.py:208} INFO - Processing /home/airflow/.local/lib/python3.12/site-packages/airflow/example_dags/example_xcom.py took 0.077 seconds
[2024-09-09T08:13:32.385+0000] {processor.py:186} INFO - Started process (PID=5431) to work on /home/airflow/.local/lib/python3.12/site-packages/airflow/example_dags/example_xcom.py
[2024-09-09T08:13:32.386+0000] {processor.py:914} INFO - Processing file /home/airflow/.local/lib/python3.12/site-packages/airflow/example_dags/example_xcom.py for tasks to queue
[2024-09-09T08:13:32.388+0000] {logging_mixin.py:190} INFO - [2024-09-09T08:13:32.388+0000] {dagbag.py:587} INFO - Filling up the DagBag from /home/airflow/.local/lib/python3.12/site-packages/airflow/example_dags/example_xcom.py
[2024-09-09T08:13:32.399+0000] {processor.py:925} INFO - DAG(s) 'example_xcom' retrieved from /home/airflow/.local/lib/python3.12/site-packages/airflow/example_dags/example_xcom.py
[2024-09-09T08:13:32.419+0000] {logging_mixin.py:190} INFO - [2024-09-09T08:13:32.419+0000] {dag.py:3229} INFO - Sync 1 DAGs
[2024-09-09T08:13:32.441+0000] {logging_mixin.py:190} INFO - [2024-09-09T08:13:32.440+0000] {dag.py:4156} INFO - Setting next_dagrun for example_xcom to 2021-01-01 00:00:00+00:00, run_after=2021-01-01 00:00:00+00:00
[2024-09-09T08:13:32.461+0000] {processor.py:208} INFO - Processing /home/airflow/.local/lib/python3.12/site-packages/airflow/example_dags/example_xcom.py took 0.083 seconds
[2024-09-09T08:14:03.249+0000] {processor.py:186} INFO - Started process (PID=5715) to work on /home/airflow/.local/lib/python3.12/site-packages/airflow/example_dags/example_xcom.py
[2024-09-09T08:14:03.250+0000] {processor.py:914} INFO - Processing file /home/airflow/.local/lib/python3.12/site-packages/airflow/example_dags/example_xcom.py for tasks to queue
[2024-09-09T08:14:03.252+0000] {logging_mixin.py:190} INFO - [2024-09-09T08:14:03.252+0000] {dagbag.py:587} INFO - Filling up the DagBag from /home/airflow/.local/lib/python3.12/site-packages/airflow/example_dags/example_xcom.py
[2024-09-09T08:14:03.259+0000] {processor.py:925} INFO - DAG(s) 'example_xcom' retrieved from /home/airflow/.local/lib/python3.12/site-packages/airflow/example_dags/example_xcom.py
[2024-09-09T08:14:03.277+0000] {logging_mixin.py:190} INFO - [2024-09-09T08:14:03.276+0000] {dag.py:3229} INFO - Sync 1 DAGs
[2024-09-09T08:14:03.296+0000] {logging_mixin.py:190} INFO - [2024-09-09T08:14:03.296+0000] {dag.py:4156} INFO - Setting next_dagrun for example_xcom to 2021-01-01 00:00:00+00:00, run_after=2021-01-01 00:00:00+00:00
[2024-09-09T08:14:03.316+0000] {processor.py:208} INFO - Processing /home/airflow/.local/lib/python3.12/site-packages/airflow/example_dags/example_xcom.py took 0.073 seconds
[2024-09-09T08:14:34.156+0000] {processor.py:186} INFO - Started process (PID=6001) to work on /home/airflow/.local/lib/python3.12/site-packages/airflow/example_dags/example_xcom.py
[2024-09-09T08:14:34.158+0000] {processor.py:914} INFO - Processing file /home/airflow/.local/lib/python3.12/site-packages/airflow/example_dags/example_xcom.py for tasks to queue
[2024-09-09T08:14:34.160+0000] {logging_mixin.py:190} INFO - [2024-09-09T08:14:34.160+0000] {dagbag.py:587} INFO - Filling up the DagBag from /home/airflow/.local/lib/python3.12/site-packages/airflow/example_dags/example_xcom.py
[2024-09-09T08:14:34.167+0000] {processor.py:925} INFO - DAG(s) 'example_xcom' retrieved from /home/airflow/.local/lib/python3.12/site-packages/airflow/example_dags/example_xcom.py
[2024-09-09T08:14:34.187+0000] {logging_mixin.py:190} INFO - [2024-09-09T08:14:34.187+0000] {dag.py:3229} INFO - Sync 1 DAGs
[2024-09-09T08:14:34.223+0000] {logging_mixin.py:190} INFO - [2024-09-09T08:14:34.222+0000] {dag.py:4156} INFO - Setting next_dagrun for example_xcom to 2021-01-01 00:00:00+00:00, run_after=2021-01-01 00:00:00+00:00
[2024-09-09T08:14:34.251+0000] {processor.py:208} INFO - Processing /home/airflow/.local/lib/python3.12/site-packages/airflow/example_dags/example_xcom.py took 0.099 seconds
[2024-09-09T08:15:05.463+0000] {processor.py:186} INFO - Started process (PID=6289) to work on /home/airflow/.local/lib/python3.12/site-packages/airflow/example_dags/example_xcom.py
[2024-09-09T08:15:05.464+0000] {processor.py:914} INFO - Processing file /home/airflow/.local/lib/python3.12/site-packages/airflow/example_dags/example_xcom.py for tasks to queue
[2024-09-09T08:15:05.468+0000] {logging_mixin.py:190} INFO - [2024-09-09T08:15:05.468+0000] {dagbag.py:587} INFO - Filling up the DagBag from /home/airflow/.local/lib/python3.12/site-packages/airflow/example_dags/example_xcom.py
[2024-09-09T08:15:05.481+0000] {processor.py:925} INFO - DAG(s) 'example_xcom' retrieved from /home/airflow/.local/lib/python3.12/site-packages/airflow/example_dags/example_xcom.py
[2024-09-09T08:15:05.507+0000] {logging_mixin.py:190} INFO - [2024-09-09T08:15:05.507+0000] {dag.py:3229} INFO - Sync 1 DAGs
[2024-09-09T08:15:05.539+0000] {logging_mixin.py:190} INFO - [2024-09-09T08:15:05.539+0000] {dag.py:4156} INFO - Setting next_dagrun for example_xcom to 2021-01-01 00:00:00+00:00, run_after=2021-01-01 00:00:00+00:00
[2024-09-09T08:15:05.573+0000] {processor.py:208} INFO - Processing /home/airflow/.local/lib/python3.12/site-packages/airflow/example_dags/example_xcom.py took 0.118 seconds
[2024-09-09T08:15:36.188+0000] {processor.py:186} INFO - Started process (PID=6578) to work on /home/airflow/.local/lib/python3.12/site-packages/airflow/example_dags/example_xcom.py
[2024-09-09T08:15:36.191+0000] {processor.py:914} INFO - Processing file /home/airflow/.local/lib/python3.12/site-packages/airflow/example_dags/example_xcom.py for tasks to queue
[2024-09-09T08:15:36.195+0000] {logging_mixin.py:190} INFO - [2024-09-09T08:15:36.195+0000] {dagbag.py:587} INFO - Filling up the DagBag from /home/airflow/.local/lib/python3.12/site-packages/airflow/example_dags/example_xcom.py
[2024-09-09T08:15:36.211+0000] {processor.py:925} INFO - DAG(s) 'example_xcom' retrieved from /home/airflow/.local/lib/python3.12/site-packages/airflow/example_dags/example_xcom.py
[2024-09-09T08:15:36.263+0000] {logging_mixin.py:190} INFO - [2024-09-09T08:15:36.262+0000] {dag.py:3229} INFO - Sync 1 DAGs
[2024-09-09T08:15:36.311+0000] {logging_mixin.py:190} INFO - [2024-09-09T08:15:36.311+0000] {dag.py:4156} INFO - Setting next_dagrun for example_xcom to 2021-01-01 00:00:00+00:00, run_after=2021-01-01 00:00:00+00:00
[2024-09-09T08:15:36.340+0000] {processor.py:208} INFO - Processing /home/airflow/.local/lib/python3.12/site-packages/airflow/example_dags/example_xcom.py took 0.168 seconds
[2024-09-09T08:16:06.405+0000] {processor.py:186} INFO - Started process (PID=6866) to work on /home/airflow/.local/lib/python3.12/site-packages/airflow/example_dags/example_xcom.py
[2024-09-09T08:16:06.406+0000] {processor.py:914} INFO - Processing file /home/airflow/.local/lib/python3.12/site-packages/airflow/example_dags/example_xcom.py for tasks to queue
[2024-09-09T08:16:06.409+0000] {logging_mixin.py:190} INFO - [2024-09-09T08:16:06.409+0000] {dagbag.py:587} INFO - Filling up the DagBag from /home/airflow/.local/lib/python3.12/site-packages/airflow/example_dags/example_xcom.py
[2024-09-09T08:16:06.418+0000] {processor.py:925} INFO - DAG(s) 'example_xcom' retrieved from /home/airflow/.local/lib/python3.12/site-packages/airflow/example_dags/example_xcom.py
[2024-09-09T08:16:06.438+0000] {logging_mixin.py:190} INFO - [2024-09-09T08:16:06.438+0000] {dag.py:3229} INFO - Sync 1 DAGs
[2024-09-09T08:16:06.457+0000] {logging_mixin.py:190} INFO - [2024-09-09T08:16:06.457+0000] {dag.py:4156} INFO - Setting next_dagrun for example_xcom to 2021-01-01 00:00:00+00:00, run_after=2021-01-01 00:00:00+00:00
[2024-09-09T08:16:06.477+0000] {processor.py:208} INFO - Processing /home/airflow/.local/lib/python3.12/site-packages/airflow/example_dags/example_xcom.py took 0.078 seconds
[2024-09-09T08:16:37.586+0000] {processor.py:186} INFO - Started process (PID=7150) to work on /home/airflow/.local/lib/python3.12/site-packages/airflow/example_dags/example_xcom.py
[2024-09-09T08:16:37.588+0000] {processor.py:914} INFO - Processing file /home/airflow/.local/lib/python3.12/site-packages/airflow/example_dags/example_xcom.py for tasks to queue
[2024-09-09T08:16:37.593+0000] {logging_mixin.py:190} INFO - [2024-09-09T08:16:37.592+0000] {dagbag.py:587} INFO - Filling up the DagBag from /home/airflow/.local/lib/python3.12/site-packages/airflow/example_dags/example_xcom.py
[2024-09-09T08:16:37.605+0000] {processor.py:925} INFO - DAG(s) 'example_xcom' retrieved from /home/airflow/.local/lib/python3.12/site-packages/airflow/example_dags/example_xcom.py
[2024-09-09T08:16:37.639+0000] {logging_mixin.py:190} INFO - [2024-09-09T08:16:37.639+0000] {dag.py:3229} INFO - Sync 1 DAGs
[2024-09-09T08:16:37.673+0000] {logging_mixin.py:190} INFO - [2024-09-09T08:16:37.672+0000] {dag.py:4156} INFO - Setting next_dagrun for example_xcom to 2021-01-01 00:00:00+00:00, run_after=2021-01-01 00:00:00+00:00
[2024-09-09T08:16:37.712+0000] {processor.py:208} INFO - Processing /home/airflow/.local/lib/python3.12/site-packages/airflow/example_dags/example_xcom.py took 0.134 seconds
[2024-09-09T08:17:08.717+0000] {processor.py:186} INFO - Started process (PID=7436) to work on /home/airflow/.local/lib/python3.12/site-packages/airflow/example_dags/example_xcom.py
[2024-09-09T08:17:08.719+0000] {processor.py:914} INFO - Processing file /home/airflow/.local/lib/python3.12/site-packages/airflow/example_dags/example_xcom.py for tasks to queue
[2024-09-09T08:17:08.725+0000] {logging_mixin.py:190} INFO - [2024-09-09T08:17:08.725+0000] {dagbag.py:587} INFO - Filling up the DagBag from /home/airflow/.local/lib/python3.12/site-packages/airflow/example_dags/example_xcom.py
[2024-09-09T08:17:08.747+0000] {processor.py:925} INFO - DAG(s) 'example_xcom' retrieved from /home/airflow/.local/lib/python3.12/site-packages/airflow/example_dags/example_xcom.py
[2024-09-09T08:17:08.807+0000] {logging_mixin.py:190} INFO - [2024-09-09T08:17:08.807+0000] {dag.py:3229} INFO - Sync 1 DAGs
[2024-09-09T08:17:08.845+0000] {logging_mixin.py:190} INFO - [2024-09-09T08:17:08.845+0000] {dag.py:4156} INFO - Setting next_dagrun for example_xcom to 2021-01-01 00:00:00+00:00, run_after=2021-01-01 00:00:00+00:00
[2024-09-09T08:17:08.875+0000] {processor.py:208} INFO - Processing /home/airflow/.local/lib/python3.12/site-packages/airflow/example_dags/example_xcom.py took 0.167 seconds
[2024-09-09T08:17:39.298+0000] {processor.py:186} INFO - Started process (PID=7722) to work on /home/airflow/.local/lib/python3.12/site-packages/airflow/example_dags/example_xcom.py
[2024-09-09T08:17:39.301+0000] {processor.py:914} INFO - Processing file /home/airflow/.local/lib/python3.12/site-packages/airflow/example_dags/example_xcom.py for tasks to queue
[2024-09-09T08:17:39.309+0000] {logging_mixin.py:190} INFO - [2024-09-09T08:17:39.308+0000] {dagbag.py:587} INFO - Filling up the DagBag from /home/airflow/.local/lib/python3.12/site-packages/airflow/example_dags/example_xcom.py
[2024-09-09T08:17:39.322+0000] {processor.py:925} INFO - DAG(s) 'example_xcom' retrieved from /home/airflow/.local/lib/python3.12/site-packages/airflow/example_dags/example_xcom.py
[2024-09-09T08:17:39.372+0000] {logging_mixin.py:190} INFO - [2024-09-09T08:17:39.372+0000] {dag.py:3229} INFO - Sync 1 DAGs
[2024-09-09T08:17:39.402+0000] {logging_mixin.py:190} INFO - [2024-09-09T08:17:39.402+0000] {dag.py:4156} INFO - Setting next_dagrun for example_xcom to 2021-01-01 00:00:00+00:00, run_after=2021-01-01 00:00:00+00:00
[2024-09-09T08:17:39.441+0000] {processor.py:208} INFO - Processing /home/airflow/.local/lib/python3.12/site-packages/airflow/example_dags/example_xcom.py took 0.150 seconds
[2024-09-09T08:18:09.871+0000] {processor.py:186} INFO - Started process (PID=8008) to work on /home/airflow/.local/lib/python3.12/site-packages/airflow/example_dags/example_xcom.py
[2024-09-09T08:18:09.873+0000] {processor.py:914} INFO - Processing file /home/airflow/.local/lib/python3.12/site-packages/airflow/example_dags/example_xcom.py for tasks to queue
[2024-09-09T08:18:09.875+0000] {logging_mixin.py:190} INFO - [2024-09-09T08:18:09.875+0000] {dagbag.py:587} INFO - Filling up the DagBag from /home/airflow/.local/lib/python3.12/site-packages/airflow/example_dags/example_xcom.py
[2024-09-09T08:18:09.891+0000] {processor.py:925} INFO - DAG(s) 'example_xcom' retrieved from /home/airflow/.local/lib/python3.12/site-packages/airflow/example_dags/example_xcom.py
[2024-09-09T08:18:09.932+0000] {logging_mixin.py:190} INFO - [2024-09-09T08:18:09.932+0000] {dag.py:3229} INFO - Sync 1 DAGs
[2024-09-09T08:18:09.953+0000] {logging_mixin.py:190} INFO - [2024-09-09T08:18:09.952+0000] {dag.py:4156} INFO - Setting next_dagrun for example_xcom to 2021-01-01 00:00:00+00:00, run_after=2021-01-01 00:00:00+00:00
[2024-09-09T08:18:09.972+0000] {processor.py:208} INFO - Processing /home/airflow/.local/lib/python3.12/site-packages/airflow/example_dags/example_xcom.py took 0.106 seconds
[2024-09-09T08:18:40.409+0000] {processor.py:186} INFO - Started process (PID=8294) to work on /home/airflow/.local/lib/python3.12/site-packages/airflow/example_dags/example_xcom.py
[2024-09-09T08:18:40.419+0000] {processor.py:914} INFO - Processing file /home/airflow/.local/lib/python3.12/site-packages/airflow/example_dags/example_xcom.py for tasks to queue
[2024-09-09T08:18:40.435+0000] {logging_mixin.py:190} INFO - [2024-09-09T08:18:40.434+0000] {dagbag.py:587} INFO - Filling up the DagBag from /home/airflow/.local/lib/python3.12/site-packages/airflow/example_dags/example_xcom.py
[2024-09-09T08:18:40.476+0000] {processor.py:925} INFO - DAG(s) 'example_xcom' retrieved from /home/airflow/.local/lib/python3.12/site-packages/airflow/example_dags/example_xcom.py
[2024-09-09T08:18:40.507+0000] {logging_mixin.py:190} INFO - [2024-09-09T08:18:40.507+0000] {dag.py:3229} INFO - Sync 1 DAGs
[2024-09-09T08:18:40.532+0000] {logging_mixin.py:190} INFO - [2024-09-09T08:18:40.531+0000] {dag.py:4156} INFO - Setting next_dagrun for example_xcom to 2021-01-01 00:00:00+00:00, run_after=2021-01-01 00:00:00+00:00
[2024-09-09T08:18:40.553+0000] {processor.py:208} INFO - Processing /home/airflow/.local/lib/python3.12/site-packages/airflow/example_dags/example_xcom.py took 0.162 seconds
[2024-09-09T08:19:10.625+0000] {processor.py:186} INFO - Started process (PID=8582) to work on /home/airflow/.local/lib/python3.12/site-packages/airflow/example_dags/example_xcom.py
[2024-09-09T08:19:10.626+0000] {processor.py:914} INFO - Processing file /home/airflow/.local/lib/python3.12/site-packages/airflow/example_dags/example_xcom.py for tasks to queue
[2024-09-09T08:19:10.629+0000] {logging_mixin.py:190} INFO - [2024-09-09T08:19:10.628+0000] {dagbag.py:587} INFO - Filling up the DagBag from /home/airflow/.local/lib/python3.12/site-packages/airflow/example_dags/example_xcom.py
[2024-09-09T08:19:10.636+0000] {processor.py:925} INFO - DAG(s) 'example_xcom' retrieved from /home/airflow/.local/lib/python3.12/site-packages/airflow/example_dags/example_xcom.py
[2024-09-09T08:19:10.657+0000] {logging_mixin.py:190} INFO - [2024-09-09T08:19:10.656+0000] {dag.py:3229} INFO - Sync 1 DAGs
[2024-09-09T08:19:10.677+0000] {logging_mixin.py:190} INFO - [2024-09-09T08:19:10.677+0000] {dag.py:4156} INFO - Setting next_dagrun for example_xcom to 2021-01-01 00:00:00+00:00, run_after=2021-01-01 00:00:00+00:00
[2024-09-09T08:19:10.696+0000] {processor.py:208} INFO - Processing /home/airflow/.local/lib/python3.12/site-packages/airflow/example_dags/example_xcom.py took 0.075 seconds
[2024-09-09T08:19:40.935+0000] {processor.py:186} INFO - Started process (PID=8866) to work on /home/airflow/.local/lib/python3.12/site-packages/airflow/example_dags/example_xcom.py
[2024-09-09T08:19:40.936+0000] {processor.py:914} INFO - Processing file /home/airflow/.local/lib/python3.12/site-packages/airflow/example_dags/example_xcom.py for tasks to queue
[2024-09-09T08:19:40.939+0000] {logging_mixin.py:190} INFO - [2024-09-09T08:19:40.939+0000] {dagbag.py:587} INFO - Filling up the DagBag from /home/airflow/.local/lib/python3.12/site-packages/airflow/example_dags/example_xcom.py
[2024-09-09T08:19:40.950+0000] {processor.py:925} INFO - DAG(s) 'example_xcom' retrieved from /home/airflow/.local/lib/python3.12/site-packages/airflow/example_dags/example_xcom.py
[2024-09-09T08:19:40.979+0000] {logging_mixin.py:190} INFO - [2024-09-09T08:19:40.978+0000] {dag.py:3229} INFO - Sync 1 DAGs
[2024-09-09T08:19:41.010+0000] {logging_mixin.py:190} INFO - [2024-09-09T08:19:41.010+0000] {dag.py:4156} INFO - Setting next_dagrun for example_xcom to 2021-01-01 00:00:00+00:00, run_after=2021-01-01 00:00:00+00:00
[2024-09-09T08:19:41.041+0000] {processor.py:208} INFO - Processing /home/airflow/.local/lib/python3.12/site-packages/airflow/example_dags/example_xcom.py took 0.112 seconds
[2024-09-09T08:20:11.792+0000] {processor.py:186} INFO - Started process (PID=9152) to work on /home/airflow/.local/lib/python3.12/site-packages/airflow/example_dags/example_xcom.py
[2024-09-09T08:20:11.794+0000] {processor.py:914} INFO - Processing file /home/airflow/.local/lib/python3.12/site-packages/airflow/example_dags/example_xcom.py for tasks to queue
[2024-09-09T08:20:11.797+0000] {logging_mixin.py:190} INFO - [2024-09-09T08:20:11.796+0000] {dagbag.py:587} INFO - Filling up the DagBag from /home/airflow/.local/lib/python3.12/site-packages/airflow/example_dags/example_xcom.py
[2024-09-09T08:20:11.805+0000] {processor.py:925} INFO - DAG(s) 'example_xcom' retrieved from /home/airflow/.local/lib/python3.12/site-packages/airflow/example_dags/example_xcom.py
[2024-09-09T08:20:11.827+0000] {logging_mixin.py:190} INFO - [2024-09-09T08:20:11.827+0000] {dag.py:3229} INFO - Sync 1 DAGs
[2024-09-09T08:20:11.847+0000] {logging_mixin.py:190} INFO - [2024-09-09T08:20:11.846+0000] {dag.py:4156} INFO - Setting next_dagrun for example_xcom to 2021-01-01 00:00:00+00:00, run_after=2021-01-01 00:00:00+00:00
[2024-09-09T08:20:11.870+0000] {processor.py:208} INFO - Processing /home/airflow/.local/lib/python3.12/site-packages/airflow/example_dags/example_xcom.py took 0.084 seconds
[2024-09-09T08:20:42.139+0000] {processor.py:186} INFO - Started process (PID=9444) to work on /home/airflow/.local/lib/python3.12/site-packages/airflow/example_dags/example_xcom.py
[2024-09-09T08:20:42.140+0000] {processor.py:914} INFO - Processing file /home/airflow/.local/lib/python3.12/site-packages/airflow/example_dags/example_xcom.py for tasks to queue
[2024-09-09T08:20:42.142+0000] {logging_mixin.py:190} INFO - [2024-09-09T08:20:42.142+0000] {dagbag.py:587} INFO - Filling up the DagBag from /home/airflow/.local/lib/python3.12/site-packages/airflow/example_dags/example_xcom.py
[2024-09-09T08:20:42.150+0000] {processor.py:925} INFO - DAG(s) 'example_xcom' retrieved from /home/airflow/.local/lib/python3.12/site-packages/airflow/example_dags/example_xcom.py
[2024-09-09T08:20:42.170+0000] {logging_mixin.py:190} INFO - [2024-09-09T08:20:42.170+0000] {dag.py:3229} INFO - Sync 1 DAGs
[2024-09-09T08:20:42.188+0000] {logging_mixin.py:190} INFO - [2024-09-09T08:20:42.187+0000] {dag.py:4156} INFO - Setting next_dagrun for example_xcom to 2021-01-01 00:00:00+00:00, run_after=2021-01-01 00:00:00+00:00
[2024-09-09T08:20:42.207+0000] {processor.py:208} INFO - Processing /home/airflow/.local/lib/python3.12/site-packages/airflow/example_dags/example_xcom.py took 0.073 seconds
[2024-09-09T08:21:12.611+0000] {processor.py:186} INFO - Started process (PID=9730) to work on /home/airflow/.local/lib/python3.12/site-packages/airflow/example_dags/example_xcom.py
[2024-09-09T08:21:12.612+0000] {processor.py:914} INFO - Processing file /home/airflow/.local/lib/python3.12/site-packages/airflow/example_dags/example_xcom.py for tasks to queue
[2024-09-09T08:21:12.614+0000] {logging_mixin.py:190} INFO - [2024-09-09T08:21:12.614+0000] {dagbag.py:587} INFO - Filling up the DagBag from /home/airflow/.local/lib/python3.12/site-packages/airflow/example_dags/example_xcom.py
[2024-09-09T08:21:12.622+0000] {processor.py:925} INFO - DAG(s) 'example_xcom' retrieved from /home/airflow/.local/lib/python3.12/site-packages/airflow/example_dags/example_xcom.py
[2024-09-09T08:21:12.642+0000] {logging_mixin.py:190} INFO - [2024-09-09T08:21:12.641+0000] {dag.py:3229} INFO - Sync 1 DAGs
[2024-09-09T08:21:12.661+0000] {logging_mixin.py:190} INFO - [2024-09-09T08:21:12.661+0000] {dag.py:4156} INFO - Setting next_dagrun for example_xcom to 2021-01-01 00:00:00+00:00, run_after=2021-01-01 00:00:00+00:00
[2024-09-09T08:21:12.679+0000] {processor.py:208} INFO - Processing /home/airflow/.local/lib/python3.12/site-packages/airflow/example_dags/example_xcom.py took 0.073 seconds
[2024-09-09T08:21:43.384+0000] {processor.py:186} INFO - Started process (PID=10016) to work on /home/airflow/.local/lib/python3.12/site-packages/airflow/example_dags/example_xcom.py
[2024-09-09T08:21:43.386+0000] {processor.py:914} INFO - Processing file /home/airflow/.local/lib/python3.12/site-packages/airflow/example_dags/example_xcom.py for tasks to queue
[2024-09-09T08:21:43.388+0000] {logging_mixin.py:190} INFO - [2024-09-09T08:21:43.388+0000] {dagbag.py:587} INFO - Filling up the DagBag from /home/airflow/.local/lib/python3.12/site-packages/airflow/example_dags/example_xcom.py
[2024-09-09T08:21:43.397+0000] {processor.py:925} INFO - DAG(s) 'example_xcom' retrieved from /home/airflow/.local/lib/python3.12/site-packages/airflow/example_dags/example_xcom.py
[2024-09-09T08:21:43.416+0000] {logging_mixin.py:190} INFO - [2024-09-09T08:21:43.416+0000] {dag.py:3229} INFO - Sync 1 DAGs
[2024-09-09T08:21:43.434+0000] {logging_mixin.py:190} INFO - [2024-09-09T08:21:43.433+0000] {dag.py:4156} INFO - Setting next_dagrun for example_xcom to 2021-01-01 00:00:00+00:00, run_after=2021-01-01 00:00:00+00:00
[2024-09-09T08:21:43.449+0000] {processor.py:208} INFO - Processing /home/airflow/.local/lib/python3.12/site-packages/airflow/example_dags/example_xcom.py took 0.071 seconds
[2024-09-09T08:22:14.202+0000] {processor.py:186} INFO - Started process (PID=10302) to work on /home/airflow/.local/lib/python3.12/site-packages/airflow/example_dags/example_xcom.py
[2024-09-09T08:22:14.203+0000] {processor.py:914} INFO - Processing file /home/airflow/.local/lib/python3.12/site-packages/airflow/example_dags/example_xcom.py for tasks to queue
[2024-09-09T08:22:14.205+0000] {logging_mixin.py:190} INFO - [2024-09-09T08:22:14.205+0000] {dagbag.py:587} INFO - Filling up the DagBag from /home/airflow/.local/lib/python3.12/site-packages/airflow/example_dags/example_xcom.py
[2024-09-09T08:22:14.212+0000] {processor.py:925} INFO - DAG(s) 'example_xcom' retrieved from /home/airflow/.local/lib/python3.12/site-packages/airflow/example_dags/example_xcom.py
[2024-09-09T08:22:14.232+0000] {logging_mixin.py:190} INFO - [2024-09-09T08:22:14.232+0000] {dag.py:3229} INFO - Sync 1 DAGs
[2024-09-09T08:22:14.256+0000] {logging_mixin.py:190} INFO - [2024-09-09T08:22:14.256+0000] {dag.py:4156} INFO - Setting next_dagrun for example_xcom to 2021-01-01 00:00:00+00:00, run_after=2021-01-01 00:00:00+00:00
[2024-09-09T08:22:14.274+0000] {processor.py:208} INFO - Processing /home/airflow/.local/lib/python3.12/site-packages/airflow/example_dags/example_xcom.py took 0.076 seconds
[2024-09-09T08:22:45.210+0000] {processor.py:186} INFO - Started process (PID=10590) to work on /home/airflow/.local/lib/python3.12/site-packages/airflow/example_dags/example_xcom.py
[2024-09-09T08:22:45.212+0000] {processor.py:914} INFO - Processing file /home/airflow/.local/lib/python3.12/site-packages/airflow/example_dags/example_xcom.py for tasks to queue
[2024-09-09T08:22:45.214+0000] {logging_mixin.py:190} INFO - [2024-09-09T08:22:45.214+0000] {dagbag.py:587} INFO - Filling up the DagBag from /home/airflow/.local/lib/python3.12/site-packages/airflow/example_dags/example_xcom.py
[2024-09-09T08:22:45.231+0000] {processor.py:925} INFO - DAG(s) 'example_xcom' retrieved from /home/airflow/.local/lib/python3.12/site-packages/airflow/example_dags/example_xcom.py
[2024-09-09T08:22:45.262+0000] {logging_mixin.py:190} INFO - [2024-09-09T08:22:45.261+0000] {dag.py:3229} INFO - Sync 1 DAGs
[2024-09-09T08:22:45.292+0000] {logging_mixin.py:190} INFO - [2024-09-09T08:22:45.291+0000] {dag.py:4156} INFO - Setting next_dagrun for example_xcom to 2021-01-01 00:00:00+00:00, run_after=2021-01-01 00:00:00+00:00
[2024-09-09T08:22:45.324+0000] {processor.py:208} INFO - Processing /home/airflow/.local/lib/python3.12/site-packages/airflow/example_dags/example_xcom.py took 0.124 seconds
[2024-09-09T08:23:15.619+0000] {processor.py:186} INFO - Started process (PID=10876) to work on /home/airflow/.local/lib/python3.12/site-packages/airflow/example_dags/example_xcom.py
[2024-09-09T08:23:15.620+0000] {processor.py:914} INFO - Processing file /home/airflow/.local/lib/python3.12/site-packages/airflow/example_dags/example_xcom.py for tasks to queue
[2024-09-09T08:23:15.622+0000] {logging_mixin.py:190} INFO - [2024-09-09T08:23:15.622+0000] {dagbag.py:587} INFO - Filling up the DagBag from /home/airflow/.local/lib/python3.12/site-packages/airflow/example_dags/example_xcom.py
[2024-09-09T08:23:15.629+0000] {processor.py:925} INFO - DAG(s) 'example_xcom' retrieved from /home/airflow/.local/lib/python3.12/site-packages/airflow/example_dags/example_xcom.py
[2024-09-09T08:23:15.646+0000] {logging_mixin.py:190} INFO - [2024-09-09T08:23:15.646+0000] {dag.py:3229} INFO - Sync 1 DAGs
[2024-09-09T08:23:15.662+0000] {logging_mixin.py:190} INFO - [2024-09-09T08:23:15.662+0000] {dag.py:4156} INFO - Setting next_dagrun for example_xcom to 2021-01-01 00:00:00+00:00, run_after=2021-01-01 00:00:00+00:00
[2024-09-09T08:23:15.679+0000] {processor.py:208} INFO - Processing /home/airflow/.local/lib/python3.12/site-packages/airflow/example_dags/example_xcom.py took 0.064 seconds
[2024-09-09T08:23:46.633+0000] {processor.py:186} INFO - Started process (PID=11160) to work on /home/airflow/.local/lib/python3.12/site-packages/airflow/example_dags/example_xcom.py
[2024-09-09T08:23:46.635+0000] {processor.py:914} INFO - Processing file /home/airflow/.local/lib/python3.12/site-packages/airflow/example_dags/example_xcom.py for tasks to queue
[2024-09-09T08:23:46.637+0000] {logging_mixin.py:190} INFO - [2024-09-09T08:23:46.637+0000] {dagbag.py:587} INFO - Filling up the DagBag from /home/airflow/.local/lib/python3.12/site-packages/airflow/example_dags/example_xcom.py
[2024-09-09T08:23:46.647+0000] {processor.py:925} INFO - DAG(s) 'example_xcom' retrieved from /home/airflow/.local/lib/python3.12/site-packages/airflow/example_dags/example_xcom.py
[2024-09-09T08:23:46.667+0000] {logging_mixin.py:190} INFO - [2024-09-09T08:23:46.667+0000] {dag.py:3229} INFO - Sync 1 DAGs
[2024-09-09T08:23:46.687+0000] {logging_mixin.py:190} INFO - [2024-09-09T08:23:46.686+0000] {dag.py:4156} INFO - Setting next_dagrun for example_xcom to 2021-01-01 00:00:00+00:00, run_after=2021-01-01 00:00:00+00:00
[2024-09-09T08:23:46.705+0000] {processor.py:208} INFO - Processing /home/airflow/.local/lib/python3.12/site-packages/airflow/example_dags/example_xcom.py took 0.077 seconds
[2024-09-09T08:24:17.088+0000] {processor.py:186} INFO - Started process (PID=11446) to work on /home/airflow/.local/lib/python3.12/site-packages/airflow/example_dags/example_xcom.py
[2024-09-09T08:24:17.089+0000] {processor.py:914} INFO - Processing file /home/airflow/.local/lib/python3.12/site-packages/airflow/example_dags/example_xcom.py for tasks to queue
[2024-09-09T08:24:17.091+0000] {logging_mixin.py:190} INFO - [2024-09-09T08:24:17.091+0000] {dagbag.py:587} INFO - Filling up the DagBag from /home/airflow/.local/lib/python3.12/site-packages/airflow/example_dags/example_xcom.py
[2024-09-09T08:24:17.102+0000] {processor.py:925} INFO - DAG(s) 'example_xcom' retrieved from /home/airflow/.local/lib/python3.12/site-packages/airflow/example_dags/example_xcom.py
[2024-09-09T08:24:17.120+0000] {logging_mixin.py:190} INFO - [2024-09-09T08:24:17.119+0000] {dag.py:3229} INFO - Sync 1 DAGs
[2024-09-09T08:24:17.139+0000] {logging_mixin.py:190} INFO - [2024-09-09T08:24:17.139+0000] {dag.py:4156} INFO - Setting next_dagrun for example_xcom to 2021-01-01 00:00:00+00:00, run_after=2021-01-01 00:00:00+00:00
[2024-09-09T08:24:17.155+0000] {processor.py:208} INFO - Processing /home/airflow/.local/lib/python3.12/site-packages/airflow/example_dags/example_xcom.py took 0.075 seconds
[2024-09-09T08:24:47.271+0000] {processor.py:186} INFO - Started process (PID=11729) to work on /home/airflow/.local/lib/python3.12/site-packages/airflow/example_dags/example_xcom.py
[2024-09-09T08:24:47.272+0000] {processor.py:914} INFO - Processing file /home/airflow/.local/lib/python3.12/site-packages/airflow/example_dags/example_xcom.py for tasks to queue
[2024-09-09T08:24:47.276+0000] {logging_mixin.py:190} INFO - [2024-09-09T08:24:47.275+0000] {dagbag.py:587} INFO - Filling up the DagBag from /home/airflow/.local/lib/python3.12/site-packages/airflow/example_dags/example_xcom.py
[2024-09-09T08:24:47.288+0000] {processor.py:925} INFO - DAG(s) 'example_xcom' retrieved from /home/airflow/.local/lib/python3.12/site-packages/airflow/example_dags/example_xcom.py
[2024-09-09T08:24:47.315+0000] {logging_mixin.py:190} INFO - [2024-09-09T08:24:47.314+0000] {dag.py:3229} INFO - Sync 1 DAGs
[2024-09-09T08:24:47.344+0000] {logging_mixin.py:190} INFO - [2024-09-09T08:24:47.343+0000] {dag.py:4156} INFO - Setting next_dagrun for example_xcom to 2021-01-01 00:00:00+00:00, run_after=2021-01-01 00:00:00+00:00
[2024-09-09T08:24:47.364+0000] {processor.py:208} INFO - Processing /home/airflow/.local/lib/python3.12/site-packages/airflow/example_dags/example_xcom.py took 0.103 seconds
[2024-09-09T08:25:17.998+0000] {processor.py:186} INFO - Started process (PID=12019) to work on /home/airflow/.local/lib/python3.12/site-packages/airflow/example_dags/example_xcom.py
[2024-09-09T08:25:17.999+0000] {processor.py:914} INFO - Processing file /home/airflow/.local/lib/python3.12/site-packages/airflow/example_dags/example_xcom.py for tasks to queue
[2024-09-09T08:25:18.002+0000] {logging_mixin.py:190} INFO - [2024-09-09T08:25:18.001+0000] {dagbag.py:587} INFO - Filling up the DagBag from /home/airflow/.local/lib/python3.12/site-packages/airflow/example_dags/example_xcom.py
[2024-09-09T08:25:18.010+0000] {processor.py:925} INFO - DAG(s) 'example_xcom' retrieved from /home/airflow/.local/lib/python3.12/site-packages/airflow/example_dags/example_xcom.py
[2024-09-09T08:25:18.036+0000] {logging_mixin.py:190} INFO - [2024-09-09T08:25:18.035+0000] {dag.py:3229} INFO - Sync 1 DAGs
[2024-09-09T08:25:18.087+0000] {logging_mixin.py:190} INFO - [2024-09-09T08:25:18.086+0000] {dag.py:4156} INFO - Setting next_dagrun for example_xcom to 2021-01-01 00:00:00+00:00, run_after=2021-01-01 00:00:00+00:00
[2024-09-09T08:25:18.106+0000] {processor.py:208} INFO - Processing /home/airflow/.local/lib/python3.12/site-packages/airflow/example_dags/example_xcom.py took 0.112 seconds
[2024-09-09T08:25:48.425+0000] {processor.py:186} INFO - Started process (PID=12305) to work on /home/airflow/.local/lib/python3.12/site-packages/airflow/example_dags/example_xcom.py
[2024-09-09T08:25:48.427+0000] {processor.py:914} INFO - Processing file /home/airflow/.local/lib/python3.12/site-packages/airflow/example_dags/example_xcom.py for tasks to queue
[2024-09-09T08:25:48.430+0000] {logging_mixin.py:190} INFO - [2024-09-09T08:25:48.430+0000] {dagbag.py:587} INFO - Filling up the DagBag from /home/airflow/.local/lib/python3.12/site-packages/airflow/example_dags/example_xcom.py
[2024-09-09T08:25:48.438+0000] {processor.py:925} INFO - DAG(s) 'example_xcom' retrieved from /home/airflow/.local/lib/python3.12/site-packages/airflow/example_dags/example_xcom.py
[2024-09-09T08:25:48.456+0000] {logging_mixin.py:190} INFO - [2024-09-09T08:25:48.456+0000] {dag.py:3229} INFO - Sync 1 DAGs
[2024-09-09T08:25:48.474+0000] {logging_mixin.py:190} INFO - [2024-09-09T08:25:48.473+0000] {dag.py:4156} INFO - Setting next_dagrun for example_xcom to 2021-01-01 00:00:00+00:00, run_after=2021-01-01 00:00:00+00:00
[2024-09-09T08:25:48.492+0000] {processor.py:208} INFO - Processing /home/airflow/.local/lib/python3.12/site-packages/airflow/example_dags/example_xcom.py took 0.072 seconds
[2024-09-09T08:26:19.269+0000] {processor.py:186} INFO - Started process (PID=12591) to work on /home/airflow/.local/lib/python3.12/site-packages/airflow/example_dags/example_xcom.py
[2024-09-09T08:26:19.270+0000] {processor.py:914} INFO - Processing file /home/airflow/.local/lib/python3.12/site-packages/airflow/example_dags/example_xcom.py for tasks to queue
[2024-09-09T08:26:19.272+0000] {logging_mixin.py:190} INFO - [2024-09-09T08:26:19.271+0000] {dagbag.py:587} INFO - Filling up the DagBag from /home/airflow/.local/lib/python3.12/site-packages/airflow/example_dags/example_xcom.py
[2024-09-09T08:26:19.280+0000] {processor.py:925} INFO - DAG(s) 'example_xcom' retrieved from /home/airflow/.local/lib/python3.12/site-packages/airflow/example_dags/example_xcom.py
[2024-09-09T08:26:19.299+0000] {logging_mixin.py:190} INFO - [2024-09-09T08:26:19.299+0000] {dag.py:3229} INFO - Sync 1 DAGs
[2024-09-09T08:26:19.319+0000] {logging_mixin.py:190} INFO - [2024-09-09T08:26:19.319+0000] {dag.py:4156} INFO - Setting next_dagrun for example_xcom to 2021-01-01 00:00:00+00:00, run_after=2021-01-01 00:00:00+00:00
[2024-09-09T08:26:19.339+0000] {processor.py:208} INFO - Processing /home/airflow/.local/lib/python3.12/site-packages/airflow/example_dags/example_xcom.py took 0.076 seconds
[2024-09-09T08:26:49.947+0000] {processor.py:186} INFO - Started process (PID=12877) to work on /home/airflow/.local/lib/python3.12/site-packages/airflow/example_dags/example_xcom.py
[2024-09-09T08:26:49.948+0000] {processor.py:914} INFO - Processing file /home/airflow/.local/lib/python3.12/site-packages/airflow/example_dags/example_xcom.py for tasks to queue
[2024-09-09T08:26:49.952+0000] {logging_mixin.py:190} INFO - [2024-09-09T08:26:49.952+0000] {dagbag.py:587} INFO - Filling up the DagBag from /home/airflow/.local/lib/python3.12/site-packages/airflow/example_dags/example_xcom.py
[2024-09-09T08:26:49.964+0000] {processor.py:925} INFO - DAG(s) 'example_xcom' retrieved from /home/airflow/.local/lib/python3.12/site-packages/airflow/example_dags/example_xcom.py
[2024-09-09T08:26:49.983+0000] {logging_mixin.py:190} INFO - [2024-09-09T08:26:49.983+0000] {dag.py:3229} INFO - Sync 1 DAGs
[2024-09-09T08:26:50.001+0000] {logging_mixin.py:190} INFO - [2024-09-09T08:26:50.000+0000] {dag.py:4156} INFO - Setting next_dagrun for example_xcom to 2021-01-01 00:00:00+00:00, run_after=2021-01-01 00:00:00+00:00
[2024-09-09T08:26:50.017+0000] {processor.py:208} INFO - Processing /home/airflow/.local/lib/python3.12/site-packages/airflow/example_dags/example_xcom.py took 0.077 seconds
[2024-09-09T08:27:20.565+0000] {processor.py:186} INFO - Started process (PID=13163) to work on /home/airflow/.local/lib/python3.12/site-packages/airflow/example_dags/example_xcom.py
[2024-09-09T08:27:20.566+0000] {processor.py:914} INFO - Processing file /home/airflow/.local/lib/python3.12/site-packages/airflow/example_dags/example_xcom.py for tasks to queue
[2024-09-09T08:27:20.568+0000] {logging_mixin.py:190} INFO - [2024-09-09T08:27:20.568+0000] {dagbag.py:587} INFO - Filling up the DagBag from /home/airflow/.local/lib/python3.12/site-packages/airflow/example_dags/example_xcom.py
[2024-09-09T08:27:20.577+0000] {processor.py:925} INFO - DAG(s) 'example_xcom' retrieved from /home/airflow/.local/lib/python3.12/site-packages/airflow/example_dags/example_xcom.py
[2024-09-09T08:27:20.594+0000] {logging_mixin.py:190} INFO - [2024-09-09T08:27:20.594+0000] {dag.py:3229} INFO - Sync 1 DAGs
[2024-09-09T08:27:20.612+0000] {logging_mixin.py:190} INFO - [2024-09-09T08:27:20.612+0000] {dag.py:4156} INFO - Setting next_dagrun for example_xcom to 2021-01-01 00:00:00+00:00, run_after=2021-01-01 00:00:00+00:00
[2024-09-09T08:27:20.630+0000] {processor.py:208} INFO - Processing /home/airflow/.local/lib/python3.12/site-packages/airflow/example_dags/example_xcom.py took 0.071 seconds
[2024-09-09T08:27:51.705+0000] {processor.py:186} INFO - Started process (PID=13449) to work on /home/airflow/.local/lib/python3.12/site-packages/airflow/example_dags/example_xcom.py
[2024-09-09T08:27:51.707+0000] {processor.py:914} INFO - Processing file /home/airflow/.local/lib/python3.12/site-packages/airflow/example_dags/example_xcom.py for tasks to queue
[2024-09-09T08:27:51.709+0000] {logging_mixin.py:190} INFO - [2024-09-09T08:27:51.708+0000] {dagbag.py:587} INFO - Filling up the DagBag from /home/airflow/.local/lib/python3.12/site-packages/airflow/example_dags/example_xcom.py
[2024-09-09T08:27:51.717+0000] {processor.py:925} INFO - DAG(s) 'example_xcom' retrieved from /home/airflow/.local/lib/python3.12/site-packages/airflow/example_dags/example_xcom.py
[2024-09-09T08:27:51.740+0000] {logging_mixin.py:190} INFO - [2024-09-09T08:27:51.740+0000] {dag.py:3229} INFO - Sync 1 DAGs
[2024-09-09T08:27:51.765+0000] {logging_mixin.py:190} INFO - [2024-09-09T08:27:51.765+0000] {dag.py:4156} INFO - Setting next_dagrun for example_xcom to 2021-01-01 00:00:00+00:00, run_after=2021-01-01 00:00:00+00:00
[2024-09-09T08:27:51.790+0000] {processor.py:208} INFO - Processing /home/airflow/.local/lib/python3.12/site-packages/airflow/example_dags/example_xcom.py took 0.092 seconds
[2024-09-09T08:28:23.960+0000] {processor.py:186} INFO - Started process (PID=13737) to work on /home/airflow/.local/lib/python3.12/site-packages/airflow/example_dags/example_xcom.py
[2024-09-09T08:28:23.963+0000] {processor.py:914} INFO - Processing file /home/airflow/.local/lib/python3.12/site-packages/airflow/example_dags/example_xcom.py for tasks to queue
[2024-09-09T08:28:23.969+0000] {logging_mixin.py:190} INFO - [2024-09-09T08:28:23.969+0000] {dagbag.py:587} INFO - Filling up the DagBag from /home/airflow/.local/lib/python3.12/site-packages/airflow/example_dags/example_xcom.py
[2024-09-09T08:28:23.989+0000] {processor.py:925} INFO - DAG(s) 'example_xcom' retrieved from /home/airflow/.local/lib/python3.12/site-packages/airflow/example_dags/example_xcom.py
[2024-09-09T08:28:24.031+0000] {logging_mixin.py:190} INFO - [2024-09-09T08:28:24.031+0000] {dag.py:3229} INFO - Sync 1 DAGs
[2024-09-09T08:28:24.100+0000] {logging_mixin.py:190} INFO - [2024-09-09T08:28:24.100+0000] {dag.py:4156} INFO - Setting next_dagrun for example_xcom to 2021-01-01 00:00:00+00:00, run_after=2021-01-01 00:00:00+00:00
[2024-09-09T08:28:24.161+0000] {processor.py:208} INFO - Processing /home/airflow/.local/lib/python3.12/site-packages/airflow/example_dags/example_xcom.py took 0.216 seconds
[2024-09-09T08:28:55.288+0000] {processor.py:186} INFO - Started process (PID=14021) to work on /home/airflow/.local/lib/python3.12/site-packages/airflow/example_dags/example_xcom.py
[2024-09-09T08:28:55.290+0000] {processor.py:914} INFO - Processing file /home/airflow/.local/lib/python3.12/site-packages/airflow/example_dags/example_xcom.py for tasks to queue
[2024-09-09T08:28:55.294+0000] {logging_mixin.py:190} INFO - [2024-09-09T08:28:55.293+0000] {dagbag.py:587} INFO - Filling up the DagBag from /home/airflow/.local/lib/python3.12/site-packages/airflow/example_dags/example_xcom.py
[2024-09-09T08:28:55.312+0000] {processor.py:925} INFO - DAG(s) 'example_xcom' retrieved from /home/airflow/.local/lib/python3.12/site-packages/airflow/example_dags/example_xcom.py
[2024-09-09T08:28:55.353+0000] {logging_mixin.py:190} INFO - [2024-09-09T08:28:55.352+0000] {dag.py:3229} INFO - Sync 1 DAGs
[2024-09-09T08:28:55.391+0000] {logging_mixin.py:190} INFO - [2024-09-09T08:28:55.391+0000] {dag.py:4156} INFO - Setting next_dagrun for example_xcom to 2021-01-01 00:00:00+00:00, run_after=2021-01-01 00:00:00+00:00
[2024-09-09T08:28:55.425+0000] {processor.py:208} INFO - Processing /home/airflow/.local/lib/python3.12/site-packages/airflow/example_dags/example_xcom.py took 0.147 seconds
[2024-09-09T08:29:26.361+0000] {processor.py:186} INFO - Started process (PID=14309) to work on /home/airflow/.local/lib/python3.12/site-packages/airflow/example_dags/example_xcom.py
[2024-09-09T08:29:26.363+0000] {processor.py:914} INFO - Processing file /home/airflow/.local/lib/python3.12/site-packages/airflow/example_dags/example_xcom.py for tasks to queue
[2024-09-09T08:29:26.366+0000] {logging_mixin.py:190} INFO - [2024-09-09T08:29:26.365+0000] {dagbag.py:587} INFO - Filling up the DagBag from /home/airflow/.local/lib/python3.12/site-packages/airflow/example_dags/example_xcom.py
[2024-09-09T08:29:26.377+0000] {processor.py:925} INFO - DAG(s) 'example_xcom' retrieved from /home/airflow/.local/lib/python3.12/site-packages/airflow/example_dags/example_xcom.py
[2024-09-09T08:29:26.406+0000] {logging_mixin.py:190} INFO - [2024-09-09T08:29:26.406+0000] {dag.py:3229} INFO - Sync 1 DAGs
[2024-09-09T08:29:26.449+0000] {logging_mixin.py:190} INFO - [2024-09-09T08:29:26.449+0000] {dag.py:4156} INFO - Setting next_dagrun for example_xcom to 2021-01-01 00:00:00+00:00, run_after=2021-01-01 00:00:00+00:00
[2024-09-09T08:29:26.482+0000] {processor.py:208} INFO - Processing /home/airflow/.local/lib/python3.12/site-packages/airflow/example_dags/example_xcom.py took 0.128 seconds
[2024-09-09T08:29:57.080+0000] {processor.py:186} INFO - Started process (PID=14593) to work on /home/airflow/.local/lib/python3.12/site-packages/airflow/example_dags/example_xcom.py
[2024-09-09T08:29:57.082+0000] {processor.py:914} INFO - Processing file /home/airflow/.local/lib/python3.12/site-packages/airflow/example_dags/example_xcom.py for tasks to queue
[2024-09-09T08:29:57.085+0000] {logging_mixin.py:190} INFO - [2024-09-09T08:29:57.085+0000] {dagbag.py:587} INFO - Filling up the DagBag from /home/airflow/.local/lib/python3.12/site-packages/airflow/example_dags/example_xcom.py
[2024-09-09T08:29:57.101+0000] {processor.py:925} INFO - DAG(s) 'example_xcom' retrieved from /home/airflow/.local/lib/python3.12/site-packages/airflow/example_dags/example_xcom.py
[2024-09-09T08:29:57.134+0000] {logging_mixin.py:190} INFO - [2024-09-09T08:29:57.134+0000] {dag.py:3229} INFO - Sync 1 DAGs
[2024-09-09T08:29:57.172+0000] {logging_mixin.py:190} INFO - [2024-09-09T08:29:57.171+0000] {dag.py:4156} INFO - Setting next_dagrun for example_xcom to 2021-01-01 00:00:00+00:00, run_after=2021-01-01 00:00:00+00:00
[2024-09-09T08:29:57.196+0000] {processor.py:208} INFO - Processing /home/airflow/.local/lib/python3.12/site-packages/airflow/example_dags/example_xcom.py took 0.125 seconds
[2024-09-09T08:30:27.775+0000] {processor.py:186} INFO - Started process (PID=14879) to work on /home/airflow/.local/lib/python3.12/site-packages/airflow/example_dags/example_xcom.py
[2024-09-09T08:30:27.776+0000] {processor.py:914} INFO - Processing file /home/airflow/.local/lib/python3.12/site-packages/airflow/example_dags/example_xcom.py for tasks to queue
[2024-09-09T08:30:27.779+0000] {logging_mixin.py:190} INFO - [2024-09-09T08:30:27.779+0000] {dagbag.py:587} INFO - Filling up the DagBag from /home/airflow/.local/lib/python3.12/site-packages/airflow/example_dags/example_xcom.py
[2024-09-09T08:30:27.791+0000] {processor.py:925} INFO - DAG(s) 'example_xcom' retrieved from /home/airflow/.local/lib/python3.12/site-packages/airflow/example_dags/example_xcom.py
[2024-09-09T08:30:27.813+0000] {logging_mixin.py:190} INFO - [2024-09-09T08:30:27.813+0000] {dag.py:3229} INFO - Sync 1 DAGs
[2024-09-09T08:30:27.838+0000] {logging_mixin.py:190} INFO - [2024-09-09T08:30:27.838+0000] {dag.py:4156} INFO - Setting next_dagrun for example_xcom to 2021-01-01 00:00:00+00:00, run_after=2021-01-01 00:00:00+00:00
[2024-09-09T08:30:27.859+0000] {processor.py:208} INFO - Processing /home/airflow/.local/lib/python3.12/site-packages/airflow/example_dags/example_xcom.py took 0.092 seconds
[2024-09-09T08:30:58.811+0000] {processor.py:186} INFO - Started process (PID=15165) to work on /home/airflow/.local/lib/python3.12/site-packages/airflow/example_dags/example_xcom.py
[2024-09-09T08:30:58.812+0000] {processor.py:914} INFO - Processing file /home/airflow/.local/lib/python3.12/site-packages/airflow/example_dags/example_xcom.py for tasks to queue
[2024-09-09T08:30:58.815+0000] {logging_mixin.py:190} INFO - [2024-09-09T08:30:58.815+0000] {dagbag.py:587} INFO - Filling up the DagBag from /home/airflow/.local/lib/python3.12/site-packages/airflow/example_dags/example_xcom.py
[2024-09-09T08:30:58.825+0000] {processor.py:925} INFO - DAG(s) 'example_xcom' retrieved from /home/airflow/.local/lib/python3.12/site-packages/airflow/example_dags/example_xcom.py
[2024-09-09T08:30:58.855+0000] {logging_mixin.py:190} INFO - [2024-09-09T08:30:58.855+0000] {dag.py:3229} INFO - Sync 1 DAGs
[2024-09-09T08:30:58.915+0000] {logging_mixin.py:190} INFO - [2024-09-09T08:30:58.914+0000] {dag.py:4156} INFO - Setting next_dagrun for example_xcom to 2021-01-01 00:00:00+00:00, run_after=2021-01-01 00:00:00+00:00
[2024-09-09T08:30:59.134+0000] {processor.py:208} INFO - Processing /home/airflow/.local/lib/python3.12/site-packages/airflow/example_dags/example_xcom.py took 0.330 seconds
[2024-09-09T08:31:29.834+0000] {processor.py:186} INFO - Started process (PID=15451) to work on /home/airflow/.local/lib/python3.12/site-packages/airflow/example_dags/example_xcom.py
[2024-09-09T08:31:29.836+0000] {processor.py:914} INFO - Processing file /home/airflow/.local/lib/python3.12/site-packages/airflow/example_dags/example_xcom.py for tasks to queue
[2024-09-09T08:31:29.839+0000] {logging_mixin.py:190} INFO - [2024-09-09T08:31:29.838+0000] {dagbag.py:587} INFO - Filling up the DagBag from /home/airflow/.local/lib/python3.12/site-packages/airflow/example_dags/example_xcom.py
[2024-09-09T08:31:29.848+0000] {processor.py:925} INFO - DAG(s) 'example_xcom' retrieved from /home/airflow/.local/lib/python3.12/site-packages/airflow/example_dags/example_xcom.py
[2024-09-09T08:31:29.868+0000] {logging_mixin.py:190} INFO - [2024-09-09T08:31:29.868+0000] {dag.py:3229} INFO - Sync 1 DAGs
[2024-09-09T08:31:29.925+0000] {logging_mixin.py:190} INFO - [2024-09-09T08:31:29.925+0000] {dag.py:4156} INFO - Setting next_dagrun for example_xcom to 2021-01-01 00:00:00+00:00, run_after=2021-01-01 00:00:00+00:00
[2024-09-09T08:31:29.948+0000] {processor.py:208} INFO - Processing /home/airflow/.local/lib/python3.12/site-packages/airflow/example_dags/example_xcom.py took 0.120 seconds
[2024-09-09T08:32:01.227+0000] {processor.py:186} INFO - Started process (PID=15737) to work on /home/airflow/.local/lib/python3.12/site-packages/airflow/example_dags/example_xcom.py
[2024-09-09T08:32:01.228+0000] {processor.py:914} INFO - Processing file /home/airflow/.local/lib/python3.12/site-packages/airflow/example_dags/example_xcom.py for tasks to queue
[2024-09-09T08:32:01.231+0000] {logging_mixin.py:190} INFO - [2024-09-09T08:32:01.231+0000] {dagbag.py:587} INFO - Filling up the DagBag from /home/airflow/.local/lib/python3.12/site-packages/airflow/example_dags/example_xcom.py
[2024-09-09T08:32:01.241+0000] {processor.py:925} INFO - DAG(s) 'example_xcom' retrieved from /home/airflow/.local/lib/python3.12/site-packages/airflow/example_dags/example_xcom.py
[2024-09-09T08:32:01.260+0000] {logging_mixin.py:190} INFO - [2024-09-09T08:32:01.260+0000] {dag.py:3229} INFO - Sync 1 DAGs
[2024-09-09T08:32:01.281+0000] {logging_mixin.py:190} INFO - [2024-09-09T08:32:01.280+0000] {dag.py:4156} INFO - Setting next_dagrun for example_xcom to 2021-01-01 00:00:00+00:00, run_after=2021-01-01 00:00:00+00:00
[2024-09-09T08:32:01.300+0000] {processor.py:208} INFO - Processing /home/airflow/.local/lib/python3.12/site-packages/airflow/example_dags/example_xcom.py took 0.079 seconds
[2024-09-09T08:32:32.762+0000] {processor.py:186} INFO - Started process (PID=16023) to work on /home/airflow/.local/lib/python3.12/site-packages/airflow/example_dags/example_xcom.py
[2024-09-09T08:32:32.764+0000] {processor.py:914} INFO - Processing file /home/airflow/.local/lib/python3.12/site-packages/airflow/example_dags/example_xcom.py for tasks to queue
[2024-09-09T08:32:32.767+0000] {logging_mixin.py:190} INFO - [2024-09-09T08:32:32.767+0000] {dagbag.py:587} INFO - Filling up the DagBag from /home/airflow/.local/lib/python3.12/site-packages/airflow/example_dags/example_xcom.py
[2024-09-09T08:32:32.782+0000] {processor.py:925} INFO - DAG(s) 'example_xcom' retrieved from /home/airflow/.local/lib/python3.12/site-packages/airflow/example_dags/example_xcom.py
[2024-09-09T08:32:32.815+0000] {logging_mixin.py:190} INFO - [2024-09-09T08:32:32.815+0000] {dag.py:3229} INFO - Sync 1 DAGs
[2024-09-09T08:32:32.852+0000] {logging_mixin.py:190} INFO - [2024-09-09T08:32:32.852+0000] {dag.py:4156} INFO - Setting next_dagrun for example_xcom to 2021-01-01 00:00:00+00:00, run_after=2021-01-01 00:00:00+00:00
[2024-09-09T08:32:32.883+0000] {processor.py:208} INFO - Processing /home/airflow/.local/lib/python3.12/site-packages/airflow/example_dags/example_xcom.py took 0.129 seconds
[2024-09-09T08:33:03.174+0000] {processor.py:186} INFO - Started process (PID=16308) to work on /home/airflow/.local/lib/python3.12/site-packages/airflow/example_dags/example_xcom.py
[2024-09-09T08:33:03.175+0000] {processor.py:914} INFO - Processing file /home/airflow/.local/lib/python3.12/site-packages/airflow/example_dags/example_xcom.py for tasks to queue
[2024-09-09T08:33:03.178+0000] {logging_mixin.py:190} INFO - [2024-09-09T08:33:03.178+0000] {dagbag.py:587} INFO - Filling up the DagBag from /home/airflow/.local/lib/python3.12/site-packages/airflow/example_dags/example_xcom.py
[2024-09-09T08:33:03.186+0000] {processor.py:925} INFO - DAG(s) 'example_xcom' retrieved from /home/airflow/.local/lib/python3.12/site-packages/airflow/example_dags/example_xcom.py
[2024-09-09T08:33:03.207+0000] {logging_mixin.py:190} INFO - [2024-09-09T08:33:03.206+0000] {dag.py:3229} INFO - Sync 1 DAGs
[2024-09-09T08:33:03.229+0000] {logging_mixin.py:190} INFO - [2024-09-09T08:33:03.229+0000] {dag.py:4156} INFO - Setting next_dagrun for example_xcom to 2021-01-01 00:00:00+00:00, run_after=2021-01-01 00:00:00+00:00
[2024-09-09T08:33:03.248+0000] {processor.py:208} INFO - Processing /home/airflow/.local/lib/python3.12/site-packages/airflow/example_dags/example_xcom.py took 0.080 seconds
[2024-09-09T08:33:34.346+0000] {processor.py:186} INFO - Started process (PID=16594) to work on /home/airflow/.local/lib/python3.12/site-packages/airflow/example_dags/example_xcom.py
[2024-09-09T08:33:34.347+0000] {processor.py:914} INFO - Processing file /home/airflow/.local/lib/python3.12/site-packages/airflow/example_dags/example_xcom.py for tasks to queue
[2024-09-09T08:33:34.352+0000] {logging_mixin.py:190} INFO - [2024-09-09T08:33:34.351+0000] {dagbag.py:587} INFO - Filling up the DagBag from /home/airflow/.local/lib/python3.12/site-packages/airflow/example_dags/example_xcom.py
[2024-09-09T08:33:34.364+0000] {processor.py:925} INFO - DAG(s) 'example_xcom' retrieved from /home/airflow/.local/lib/python3.12/site-packages/airflow/example_dags/example_xcom.py
[2024-09-09T08:33:34.389+0000] {logging_mixin.py:190} INFO - [2024-09-09T08:33:34.389+0000] {dag.py:3229} INFO - Sync 1 DAGs
[2024-09-09T08:33:34.420+0000] {logging_mixin.py:190} INFO - [2024-09-09T08:33:34.419+0000] {dag.py:4156} INFO - Setting next_dagrun for example_xcom to 2021-01-01 00:00:00+00:00, run_after=2021-01-01 00:00:00+00:00
[2024-09-09T08:33:34.445+0000] {processor.py:208} INFO - Processing /home/airflow/.local/lib/python3.12/site-packages/airflow/example_dags/example_xcom.py took 0.107 seconds
[2024-09-09T08:34:05.383+0000] {processor.py:186} INFO - Started process (PID=16880) to work on /home/airflow/.local/lib/python3.12/site-packages/airflow/example_dags/example_xcom.py
[2024-09-09T08:34:05.384+0000] {processor.py:914} INFO - Processing file /home/airflow/.local/lib/python3.12/site-packages/airflow/example_dags/example_xcom.py for tasks to queue
[2024-09-09T08:34:05.386+0000] {logging_mixin.py:190} INFO - [2024-09-09T08:34:05.386+0000] {dagbag.py:587} INFO - Filling up the DagBag from /home/airflow/.local/lib/python3.12/site-packages/airflow/example_dags/example_xcom.py
[2024-09-09T08:34:05.395+0000] {processor.py:925} INFO - DAG(s) 'example_xcom' retrieved from /home/airflow/.local/lib/python3.12/site-packages/airflow/example_dags/example_xcom.py
[2024-09-09T08:34:05.422+0000] {logging_mixin.py:190} INFO - [2024-09-09T08:34:05.421+0000] {dag.py:3229} INFO - Sync 1 DAGs
[2024-09-09T08:34:05.584+0000] {logging_mixin.py:190} INFO - [2024-09-09T08:34:05.584+0000] {dag.py:4156} INFO - Setting next_dagrun for example_xcom to 2021-01-01 00:00:00+00:00, run_after=2021-01-01 00:00:00+00:00
[2024-09-09T08:34:05.601+0000] {processor.py:208} INFO - Processing /home/airflow/.local/lib/python3.12/site-packages/airflow/example_dags/example_xcom.py took 0.226 seconds
[2024-09-09T08:34:36.063+0000] {processor.py:186} INFO - Started process (PID=17166) to work on /home/airflow/.local/lib/python3.12/site-packages/airflow/example_dags/example_xcom.py
[2024-09-09T08:34:36.064+0000] {processor.py:914} INFO - Processing file /home/airflow/.local/lib/python3.12/site-packages/airflow/example_dags/example_xcom.py for tasks to queue
[2024-09-09T08:34:36.067+0000] {logging_mixin.py:190} INFO - [2024-09-09T08:34:36.066+0000] {dagbag.py:587} INFO - Filling up the DagBag from /home/airflow/.local/lib/python3.12/site-packages/airflow/example_dags/example_xcom.py
[2024-09-09T08:34:36.078+0000] {processor.py:925} INFO - DAG(s) 'example_xcom' retrieved from /home/airflow/.local/lib/python3.12/site-packages/airflow/example_dags/example_xcom.py
[2024-09-09T08:34:36.100+0000] {logging_mixin.py:190} INFO - [2024-09-09T08:34:36.100+0000] {dag.py:3229} INFO - Sync 1 DAGs
[2024-09-09T08:34:36.123+0000] {logging_mixin.py:190} INFO - [2024-09-09T08:34:36.123+0000] {dag.py:4156} INFO - Setting next_dagrun for example_xcom to 2021-01-01 00:00:00+00:00, run_after=2021-01-01 00:00:00+00:00
[2024-09-09T08:34:36.141+0000] {processor.py:208} INFO - Processing /home/airflow/.local/lib/python3.12/site-packages/airflow/example_dags/example_xcom.py took 0.084 seconds
[2024-09-09T08:35:06.741+0000] {processor.py:186} INFO - Started process (PID=17452) to work on /home/airflow/.local/lib/python3.12/site-packages/airflow/example_dags/example_xcom.py
[2024-09-09T08:35:06.742+0000] {processor.py:914} INFO - Processing file /home/airflow/.local/lib/python3.12/site-packages/airflow/example_dags/example_xcom.py for tasks to queue
[2024-09-09T08:35:06.745+0000] {logging_mixin.py:190} INFO - [2024-09-09T08:35:06.744+0000] {dagbag.py:587} INFO - Filling up the DagBag from /home/airflow/.local/lib/python3.12/site-packages/airflow/example_dags/example_xcom.py
[2024-09-09T08:35:06.753+0000] {processor.py:925} INFO - DAG(s) 'example_xcom' retrieved from /home/airflow/.local/lib/python3.12/site-packages/airflow/example_dags/example_xcom.py
[2024-09-09T08:35:06.784+0000] {logging_mixin.py:190} INFO - [2024-09-09T08:35:06.784+0000] {dag.py:3229} INFO - Sync 1 DAGs
[2024-09-09T08:35:06.808+0000] {logging_mixin.py:190} INFO - [2024-09-09T08:35:06.808+0000] {dag.py:4156} INFO - Setting next_dagrun for example_xcom to 2021-01-01 00:00:00+00:00, run_after=2021-01-01 00:00:00+00:00
[2024-09-09T08:35:06.834+0000] {processor.py:208} INFO - Processing /home/airflow/.local/lib/python3.12/site-packages/airflow/example_dags/example_xcom.py took 0.098 seconds
[2024-09-09T08:35:37.268+0000] {processor.py:186} INFO - Started process (PID=17738) to work on /home/airflow/.local/lib/python3.12/site-packages/airflow/example_dags/example_xcom.py
[2024-09-09T08:35:37.269+0000] {processor.py:914} INFO - Processing file /home/airflow/.local/lib/python3.12/site-packages/airflow/example_dags/example_xcom.py for tasks to queue
[2024-09-09T08:35:37.272+0000] {logging_mixin.py:190} INFO - [2024-09-09T08:35:37.271+0000] {dagbag.py:587} INFO - Filling up the DagBag from /home/airflow/.local/lib/python3.12/site-packages/airflow/example_dags/example_xcom.py
[2024-09-09T08:35:37.280+0000] {processor.py:925} INFO - DAG(s) 'example_xcom' retrieved from /home/airflow/.local/lib/python3.12/site-packages/airflow/example_dags/example_xcom.py
[2024-09-09T08:35:37.301+0000] {logging_mixin.py:190} INFO - [2024-09-09T08:35:37.301+0000] {dag.py:3229} INFO - Sync 1 DAGs
[2024-09-09T08:35:37.323+0000] {logging_mixin.py:190} INFO - [2024-09-09T08:35:37.322+0000] {dag.py:4156} INFO - Setting next_dagrun for example_xcom to 2021-01-01 00:00:00+00:00, run_after=2021-01-01 00:00:00+00:00
[2024-09-09T08:35:37.341+0000] {processor.py:208} INFO - Processing /home/airflow/.local/lib/python3.12/site-packages/airflow/example_dags/example_xcom.py took 0.078 seconds
[2024-09-09T08:36:07.954+0000] {processor.py:186} INFO - Started process (PID=18024) to work on /home/airflow/.local/lib/python3.12/site-packages/airflow/example_dags/example_xcom.py
[2024-09-09T08:36:07.955+0000] {processor.py:914} INFO - Processing file /home/airflow/.local/lib/python3.12/site-packages/airflow/example_dags/example_xcom.py for tasks to queue
[2024-09-09T08:36:07.959+0000] {logging_mixin.py:190} INFO - [2024-09-09T08:36:07.958+0000] {dagbag.py:587} INFO - Filling up the DagBag from /home/airflow/.local/lib/python3.12/site-packages/airflow/example_dags/example_xcom.py
[2024-09-09T08:36:07.971+0000] {processor.py:925} INFO - DAG(s) 'example_xcom' retrieved from /home/airflow/.local/lib/python3.12/site-packages/airflow/example_dags/example_xcom.py
[2024-09-09T08:36:07.999+0000] {logging_mixin.py:190} INFO - [2024-09-09T08:36:07.998+0000] {dag.py:3229} INFO - Sync 1 DAGs
[2024-09-09T08:36:08.033+0000] {logging_mixin.py:190} INFO - [2024-09-09T08:36:08.033+0000] {dag.py:4156} INFO - Setting next_dagrun for example_xcom to 2021-01-01 00:00:00+00:00, run_after=2021-01-01 00:00:00+00:00
[2024-09-09T08:36:08.061+0000] {processor.py:208} INFO - Processing /home/airflow/.local/lib/python3.12/site-packages/airflow/example_dags/example_xcom.py took 0.115 seconds
[2024-09-09T08:36:38.495+0000] {processor.py:186} INFO - Started process (PID=18310) to work on /home/airflow/.local/lib/python3.12/site-packages/airflow/example_dags/example_xcom.py
[2024-09-09T08:36:38.496+0000] {processor.py:914} INFO - Processing file /home/airflow/.local/lib/python3.12/site-packages/airflow/example_dags/example_xcom.py for tasks to queue
[2024-09-09T08:36:38.499+0000] {logging_mixin.py:190} INFO - [2024-09-09T08:36:38.498+0000] {dagbag.py:587} INFO - Filling up the DagBag from /home/airflow/.local/lib/python3.12/site-packages/airflow/example_dags/example_xcom.py
[2024-09-09T08:36:38.507+0000] {processor.py:925} INFO - DAG(s) 'example_xcom' retrieved from /home/airflow/.local/lib/python3.12/site-packages/airflow/example_dags/example_xcom.py
[2024-09-09T08:36:38.527+0000] {logging_mixin.py:190} INFO - [2024-09-09T08:36:38.527+0000] {dag.py:3229} INFO - Sync 1 DAGs
[2024-09-09T08:36:38.547+0000] {logging_mixin.py:190} INFO - [2024-09-09T08:36:38.546+0000] {dag.py:4156} INFO - Setting next_dagrun for example_xcom to 2021-01-01 00:00:00+00:00, run_after=2021-01-01 00:00:00+00:00
[2024-09-09T08:36:38.564+0000] {processor.py:208} INFO - Processing /home/airflow/.local/lib/python3.12/site-packages/airflow/example_dags/example_xcom.py took 0.074 seconds
[2024-09-09T08:37:09.877+0000] {processor.py:186} INFO - Started process (PID=18596) to work on /home/airflow/.local/lib/python3.12/site-packages/airflow/example_dags/example_xcom.py
[2024-09-09T08:37:09.882+0000] {processor.py:914} INFO - Processing file /home/airflow/.local/lib/python3.12/site-packages/airflow/example_dags/example_xcom.py for tasks to queue
[2024-09-09T08:37:09.887+0000] {logging_mixin.py:190} INFO - [2024-09-09T08:37:09.886+0000] {dagbag.py:587} INFO - Filling up the DagBag from /home/airflow/.local/lib/python3.12/site-packages/airflow/example_dags/example_xcom.py
[2024-09-09T08:37:09.902+0000] {processor.py:925} INFO - DAG(s) 'example_xcom' retrieved from /home/airflow/.local/lib/python3.12/site-packages/airflow/example_dags/example_xcom.py
[2024-09-09T08:37:09.927+0000] {logging_mixin.py:190} INFO - [2024-09-09T08:37:09.927+0000] {dag.py:3229} INFO - Sync 1 DAGs
[2024-09-09T08:37:09.955+0000] {logging_mixin.py:190} INFO - [2024-09-09T08:37:09.955+0000] {dag.py:4156} INFO - Setting next_dagrun for example_xcom to 2021-01-01 00:00:00+00:00, run_after=2021-01-01 00:00:00+00:00
[2024-09-09T08:37:09.979+0000] {processor.py:208} INFO - Processing /home/airflow/.local/lib/python3.12/site-packages/airflow/example_dags/example_xcom.py took 0.115 seconds
[2024-09-09T08:37:40.748+0000] {processor.py:186} INFO - Started process (PID=18884) to work on /home/airflow/.local/lib/python3.12/site-packages/airflow/example_dags/example_xcom.py
[2024-09-09T08:37:40.749+0000] {processor.py:914} INFO - Processing file /home/airflow/.local/lib/python3.12/site-packages/airflow/example_dags/example_xcom.py for tasks to queue
[2024-09-09T08:37:40.752+0000] {logging_mixin.py:190} INFO - [2024-09-09T08:37:40.752+0000] {dagbag.py:587} INFO - Filling up the DagBag from /home/airflow/.local/lib/python3.12/site-packages/airflow/example_dags/example_xcom.py
[2024-09-09T08:37:40.761+0000] {processor.py:925} INFO - DAG(s) 'example_xcom' retrieved from /home/airflow/.local/lib/python3.12/site-packages/airflow/example_dags/example_xcom.py
[2024-09-09T08:37:40.782+0000] {logging_mixin.py:190} INFO - [2024-09-09T08:37:40.782+0000] {dag.py:3229} INFO - Sync 1 DAGs
[2024-09-09T08:37:40.803+0000] {logging_mixin.py:190} INFO - [2024-09-09T08:37:40.802+0000] {dag.py:4156} INFO - Setting next_dagrun for example_xcom to 2021-01-01 00:00:00+00:00, run_after=2021-01-01 00:00:00+00:00
[2024-09-09T08:37:40.821+0000] {processor.py:208} INFO - Processing /home/airflow/.local/lib/python3.12/site-packages/airflow/example_dags/example_xcom.py took 0.079 seconds
[2024-09-09T08:38:11.631+0000] {processor.py:186} INFO - Started process (PID=19170) to work on /home/airflow/.local/lib/python3.12/site-packages/airflow/example_dags/example_xcom.py
[2024-09-09T08:38:11.632+0000] {processor.py:914} INFO - Processing file /home/airflow/.local/lib/python3.12/site-packages/airflow/example_dags/example_xcom.py for tasks to queue
[2024-09-09T08:38:11.634+0000] {logging_mixin.py:190} INFO - [2024-09-09T08:38:11.634+0000] {dagbag.py:587} INFO - Filling up the DagBag from /home/airflow/.local/lib/python3.12/site-packages/airflow/example_dags/example_xcom.py
[2024-09-09T08:38:11.645+0000] {processor.py:925} INFO - DAG(s) 'example_xcom' retrieved from /home/airflow/.local/lib/python3.12/site-packages/airflow/example_dags/example_xcom.py
[2024-09-09T08:38:11.667+0000] {logging_mixin.py:190} INFO - [2024-09-09T08:38:11.667+0000] {dag.py:3229} INFO - Sync 1 DAGs
[2024-09-09T08:38:11.690+0000] {logging_mixin.py:190} INFO - [2024-09-09T08:38:11.690+0000] {dag.py:4156} INFO - Setting next_dagrun for example_xcom to 2021-01-01 00:00:00+00:00, run_after=2021-01-01 00:00:00+00:00
[2024-09-09T08:38:11.714+0000] {processor.py:208} INFO - Processing /home/airflow/.local/lib/python3.12/site-packages/airflow/example_dags/example_xcom.py took 0.090 seconds
[2024-09-09T08:38:42.134+0000] {processor.py:186} INFO - Started process (PID=19456) to work on /home/airflow/.local/lib/python3.12/site-packages/airflow/example_dags/example_xcom.py
[2024-09-09T08:38:42.139+0000] {processor.py:914} INFO - Processing file /home/airflow/.local/lib/python3.12/site-packages/airflow/example_dags/example_xcom.py for tasks to queue
[2024-09-09T08:38:42.144+0000] {logging_mixin.py:190} INFO - [2024-09-09T08:38:42.143+0000] {dagbag.py:587} INFO - Filling up the DagBag from /home/airflow/.local/lib/python3.12/site-packages/airflow/example_dags/example_xcom.py
[2024-09-09T08:38:42.189+0000] {processor.py:925} INFO - DAG(s) 'example_xcom' retrieved from /home/airflow/.local/lib/python3.12/site-packages/airflow/example_dags/example_xcom.py
[2024-09-09T08:38:42.236+0000] {logging_mixin.py:190} INFO - [2024-09-09T08:38:42.236+0000] {dag.py:3229} INFO - Sync 1 DAGs
[2024-09-09T08:38:42.278+0000] {logging_mixin.py:190} INFO - [2024-09-09T08:38:42.278+0000] {dag.py:4156} INFO - Setting next_dagrun for example_xcom to 2021-01-01 00:00:00+00:00, run_after=2021-01-01 00:00:00+00:00
[2024-09-09T08:38:42.305+0000] {processor.py:208} INFO - Processing /home/airflow/.local/lib/python3.12/site-packages/airflow/example_dags/example_xcom.py took 0.182 seconds
[2024-09-09T08:39:12.695+0000] {processor.py:186} INFO - Started process (PID=19742) to work on /home/airflow/.local/lib/python3.12/site-packages/airflow/example_dags/example_xcom.py
[2024-09-09T08:39:12.697+0000] {processor.py:914} INFO - Processing file /home/airflow/.local/lib/python3.12/site-packages/airflow/example_dags/example_xcom.py for tasks to queue
[2024-09-09T08:39:12.699+0000] {logging_mixin.py:190} INFO - [2024-09-09T08:39:12.699+0000] {dagbag.py:587} INFO - Filling up the DagBag from /home/airflow/.local/lib/python3.12/site-packages/airflow/example_dags/example_xcom.py
[2024-09-09T08:39:12.710+0000] {processor.py:925} INFO - DAG(s) 'example_xcom' retrieved from /home/airflow/.local/lib/python3.12/site-packages/airflow/example_dags/example_xcom.py
[2024-09-09T08:39:12.732+0000] {logging_mixin.py:190} INFO - [2024-09-09T08:39:12.732+0000] {dag.py:3229} INFO - Sync 1 DAGs
[2024-09-09T08:39:12.760+0000] {logging_mixin.py:190} INFO - [2024-09-09T08:39:12.760+0000] {dag.py:4156} INFO - Setting next_dagrun for example_xcom to 2021-01-01 00:00:00+00:00, run_after=2021-01-01 00:00:00+00:00
[2024-09-09T08:39:12.822+0000] {processor.py:208} INFO - Processing /home/airflow/.local/lib/python3.12/site-packages/airflow/example_dags/example_xcom.py took 0.133 seconds
[2024-09-09T08:39:43.688+0000] {processor.py:186} INFO - Started process (PID=20034) to work on /home/airflow/.local/lib/python3.12/site-packages/airflow/example_dags/example_xcom.py
[2024-09-09T08:39:43.689+0000] {processor.py:914} INFO - Processing file /home/airflow/.local/lib/python3.12/site-packages/airflow/example_dags/example_xcom.py for tasks to queue
[2024-09-09T08:39:43.692+0000] {logging_mixin.py:190} INFO - [2024-09-09T08:39:43.691+0000] {dagbag.py:587} INFO - Filling up the DagBag from /home/airflow/.local/lib/python3.12/site-packages/airflow/example_dags/example_xcom.py
[2024-09-09T08:39:43.700+0000] {processor.py:925} INFO - DAG(s) 'example_xcom' retrieved from /home/airflow/.local/lib/python3.12/site-packages/airflow/example_dags/example_xcom.py
[2024-09-09T08:39:43.720+0000] {logging_mixin.py:190} INFO - [2024-09-09T08:39:43.720+0000] {dag.py:3229} INFO - Sync 1 DAGs
[2024-09-09T08:39:43.740+0000] {logging_mixin.py:190} INFO - [2024-09-09T08:39:43.740+0000] {dag.py:4156} INFO - Setting next_dagrun for example_xcom to 2021-01-01 00:00:00+00:00, run_after=2021-01-01 00:00:00+00:00
[2024-09-09T08:39:43.760+0000] {processor.py:208} INFO - Processing /home/airflow/.local/lib/python3.12/site-packages/airflow/example_dags/example_xcom.py took 0.077 seconds
[2024-09-09T08:40:13.961+0000] {processor.py:186} INFO - Started process (PID=20318) to work on /home/airflow/.local/lib/python3.12/site-packages/airflow/example_dags/example_xcom.py
[2024-09-09T08:40:13.962+0000] {processor.py:914} INFO - Processing file /home/airflow/.local/lib/python3.12/site-packages/airflow/example_dags/example_xcom.py for tasks to queue
[2024-09-09T08:40:13.965+0000] {logging_mixin.py:190} INFO - [2024-09-09T08:40:13.964+0000] {dagbag.py:587} INFO - Filling up the DagBag from /home/airflow/.local/lib/python3.12/site-packages/airflow/example_dags/example_xcom.py
[2024-09-09T08:40:13.973+0000] {processor.py:925} INFO - DAG(s) 'example_xcom' retrieved from /home/airflow/.local/lib/python3.12/site-packages/airflow/example_dags/example_xcom.py
[2024-09-09T08:40:13.993+0000] {logging_mixin.py:190} INFO - [2024-09-09T08:40:13.992+0000] {dag.py:3229} INFO - Sync 1 DAGs
[2024-09-09T08:40:14.012+0000] {logging_mixin.py:190} INFO - [2024-09-09T08:40:14.012+0000] {dag.py:4156} INFO - Setting next_dagrun for example_xcom to 2021-01-01 00:00:00+00:00, run_after=2021-01-01 00:00:00+00:00
[2024-09-09T08:40:14.029+0000] {processor.py:208} INFO - Processing /home/airflow/.local/lib/python3.12/site-packages/airflow/example_dags/example_xcom.py took 0.074 seconds
[2024-09-09T08:40:44.769+0000] {processor.py:186} INFO - Started process (PID=20606) to work on /home/airflow/.local/lib/python3.12/site-packages/airflow/example_dags/example_xcom.py
[2024-09-09T08:40:44.771+0000] {processor.py:914} INFO - Processing file /home/airflow/.local/lib/python3.12/site-packages/airflow/example_dags/example_xcom.py for tasks to queue
[2024-09-09T08:40:44.773+0000] {logging_mixin.py:190} INFO - [2024-09-09T08:40:44.773+0000] {dagbag.py:587} INFO - Filling up the DagBag from /home/airflow/.local/lib/python3.12/site-packages/airflow/example_dags/example_xcom.py
[2024-09-09T08:40:44.782+0000] {processor.py:925} INFO - DAG(s) 'example_xcom' retrieved from /home/airflow/.local/lib/python3.12/site-packages/airflow/example_dags/example_xcom.py
[2024-09-09T08:40:44.799+0000] {logging_mixin.py:190} INFO - [2024-09-09T08:40:44.799+0000] {dag.py:3229} INFO - Sync 1 DAGs
[2024-09-09T08:40:44.821+0000] {logging_mixin.py:190} INFO - [2024-09-09T08:40:44.821+0000] {dag.py:4156} INFO - Setting next_dagrun for example_xcom to 2021-01-01 00:00:00+00:00, run_after=2021-01-01 00:00:00+00:00
[2024-09-09T08:40:44.840+0000] {processor.py:208} INFO - Processing /home/airflow/.local/lib/python3.12/site-packages/airflow/example_dags/example_xcom.py took 0.077 seconds
[2024-09-09T08:41:15.080+0000] {processor.py:186} INFO - Started process (PID=20891) to work on /home/airflow/.local/lib/python3.12/site-packages/airflow/example_dags/example_xcom.py
[2024-09-09T08:41:15.082+0000] {processor.py:914} INFO - Processing file /home/airflow/.local/lib/python3.12/site-packages/airflow/example_dags/example_xcom.py for tasks to queue
[2024-09-09T08:41:15.084+0000] {logging_mixin.py:190} INFO - [2024-09-09T08:41:15.084+0000] {dagbag.py:587} INFO - Filling up the DagBag from /home/airflow/.local/lib/python3.12/site-packages/airflow/example_dags/example_xcom.py
[2024-09-09T08:41:15.093+0000] {processor.py:925} INFO - DAG(s) 'example_xcom' retrieved from /home/airflow/.local/lib/python3.12/site-packages/airflow/example_dags/example_xcom.py
[2024-09-09T08:41:15.111+0000] {logging_mixin.py:190} INFO - [2024-09-09T08:41:15.110+0000] {dag.py:3229} INFO - Sync 1 DAGs
[2024-09-09T08:41:15.130+0000] {logging_mixin.py:190} INFO - [2024-09-09T08:41:15.130+0000] {dag.py:4156} INFO - Setting next_dagrun for example_xcom to 2021-01-01 00:00:00+00:00, run_after=2021-01-01 00:00:00+00:00
[2024-09-09T08:41:15.150+0000] {processor.py:208} INFO - Processing /home/airflow/.local/lib/python3.12/site-packages/airflow/example_dags/example_xcom.py took 0.075 seconds
