[2024-09-09T08:04:14.352+0000] {processor.py:186} INFO - Started process (PID=205) to work on /home/airflow/.local/lib/python3.12/site-packages/airflow/example_dags/example_sensors.py
[2024-09-09T08:04:14.360+0000] {processor.py:914} INFO - Processing file /home/airflow/.local/lib/python3.12/site-packages/airflow/example_dags/example_sensors.py for tasks to queue
[2024-09-09T08:04:14.367+0000] {logging_mixin.py:190} INFO - [2024-09-09T08:04:14.366+0000] {dagbag.py:587} INFO - Filling up the DagBag from /home/airflow/.local/lib/python3.12/site-packages/airflow/example_dags/example_sensors.py
[2024-09-09T08:04:14.394+0000] {processor.py:925} INFO - DAG(s) 'example_sensors' retrieved from /home/airflow/.local/lib/python3.12/site-packages/airflow/example_dags/example_sensors.py
[2024-09-09T08:04:14.600+0000] {logging_mixin.py:190} INFO - [2024-09-09T08:04:14.599+0000] {override.py:1900} INFO - Created Permission View: can edit on DAG:example_sensors
[2024-09-09T08:04:14.622+0000] {logging_mixin.py:190} INFO - [2024-09-09T08:04:14.622+0000] {override.py:1900} INFO - Created Permission View: can delete on DAG:example_sensors
[2024-09-09T08:04:14.639+0000] {logging_mixin.py:190} INFO - [2024-09-09T08:04:14.638+0000] {override.py:1900} INFO - Created Permission View: can read on DAG:example_sensors
[2024-09-09T08:04:14.659+0000] {logging_mixin.py:190} INFO - [2024-09-09T08:04:14.659+0000] {override.py:1900} INFO - Created Permission View: can create on DAG Run:example_sensors
[2024-09-09T08:04:14.673+0000] {logging_mixin.py:190} INFO - [2024-09-09T08:04:14.672+0000] {override.py:1900} INFO - Created Permission View: can delete on DAG Run:example_sensors
[2024-09-09T08:04:14.684+0000] {logging_mixin.py:190} INFO - [2024-09-09T08:04:14.684+0000] {override.py:1900} INFO - Created Permission View: menu access on DAG Run:example_sensors
[2024-09-09T08:04:14.696+0000] {logging_mixin.py:190} INFO - [2024-09-09T08:04:14.696+0000] {override.py:1900} INFO - Created Permission View: can read on DAG Run:example_sensors
[2024-09-09T08:04:14.698+0000] {logging_mixin.py:190} INFO - [2024-09-09T08:04:14.697+0000] {dag.py:3229} INFO - Sync 1 DAGs
[2024-09-09T08:04:14.718+0000] {logging_mixin.py:190} INFO - [2024-09-09T08:04:14.717+0000] {dag.py:3252} INFO - Creating ORM DAG for example_sensors
[2024-09-09T08:04:14.720+0000] {logging_mixin.py:190} INFO - [2024-09-09T08:04:14.719+0000] {dag.py:4156} INFO - Setting next_dagrun for example_sensors to None, run_after=None
[2024-09-09T08:04:14.753+0000] {processor.py:208} INFO - Processing /home/airflow/.local/lib/python3.12/site-packages/airflow/example_dags/example_sensors.py took 0.425 seconds
[2024-09-09T08:04:45.387+0000] {processor.py:186} INFO - Started process (PID=491) to work on /home/airflow/.local/lib/python3.12/site-packages/airflow/example_dags/example_sensors.py
[2024-09-09T08:04:45.388+0000] {processor.py:914} INFO - Processing file /home/airflow/.local/lib/python3.12/site-packages/airflow/example_dags/example_sensors.py for tasks to queue
[2024-09-09T08:04:45.390+0000] {logging_mixin.py:190} INFO - [2024-09-09T08:04:45.390+0000] {dagbag.py:587} INFO - Filling up the DagBag from /home/airflow/.local/lib/python3.12/site-packages/airflow/example_dags/example_sensors.py
[2024-09-09T08:04:45.400+0000] {processor.py:925} INFO - DAG(s) 'example_sensors' retrieved from /home/airflow/.local/lib/python3.12/site-packages/airflow/example_dags/example_sensors.py
[2024-09-09T08:04:45.421+0000] {logging_mixin.py:190} INFO - [2024-09-09T08:04:45.421+0000] {dag.py:3229} INFO - Sync 1 DAGs
[2024-09-09T08:04:45.433+0000] {logging_mixin.py:190} INFO - [2024-09-09T08:04:45.433+0000] {dag.py:4156} INFO - Setting next_dagrun for example_sensors to None, run_after=None
[2024-09-09T08:04:45.452+0000] {processor.py:208} INFO - Processing /home/airflow/.local/lib/python3.12/site-packages/airflow/example_dags/example_sensors.py took 0.071 seconds
[2024-09-09T08:05:15.859+0000] {processor.py:186} INFO - Started process (PID=777) to work on /home/airflow/.local/lib/python3.12/site-packages/airflow/example_dags/example_sensors.py
[2024-09-09T08:05:15.860+0000] {processor.py:914} INFO - Processing file /home/airflow/.local/lib/python3.12/site-packages/airflow/example_dags/example_sensors.py for tasks to queue
[2024-09-09T08:05:15.862+0000] {logging_mixin.py:190} INFO - [2024-09-09T08:05:15.862+0000] {dagbag.py:587} INFO - Filling up the DagBag from /home/airflow/.local/lib/python3.12/site-packages/airflow/example_dags/example_sensors.py
[2024-09-09T08:05:15.871+0000] {processor.py:925} INFO - DAG(s) 'example_sensors' retrieved from /home/airflow/.local/lib/python3.12/site-packages/airflow/example_dags/example_sensors.py
[2024-09-09T08:05:15.896+0000] {logging_mixin.py:190} INFO - [2024-09-09T08:05:15.896+0000] {dag.py:3229} INFO - Sync 1 DAGs
[2024-09-09T08:05:15.910+0000] {logging_mixin.py:190} INFO - [2024-09-09T08:05:15.910+0000] {dag.py:4156} INFO - Setting next_dagrun for example_sensors to None, run_after=None
[2024-09-09T08:05:15.933+0000] {processor.py:208} INFO - Processing /home/airflow/.local/lib/python3.12/site-packages/airflow/example_dags/example_sensors.py took 0.079 seconds
[2024-09-09T08:05:46.408+0000] {processor.py:186} INFO - Started process (PID=1063) to work on /home/airflow/.local/lib/python3.12/site-packages/airflow/example_dags/example_sensors.py
[2024-09-09T08:05:46.411+0000] {processor.py:914} INFO - Processing file /home/airflow/.local/lib/python3.12/site-packages/airflow/example_dags/example_sensors.py for tasks to queue
[2024-09-09T08:05:46.414+0000] {logging_mixin.py:190} INFO - [2024-09-09T08:05:46.414+0000] {dagbag.py:587} INFO - Filling up the DagBag from /home/airflow/.local/lib/python3.12/site-packages/airflow/example_dags/example_sensors.py
[2024-09-09T08:05:46.429+0000] {processor.py:925} INFO - DAG(s) 'example_sensors' retrieved from /home/airflow/.local/lib/python3.12/site-packages/airflow/example_dags/example_sensors.py
[2024-09-09T08:05:46.462+0000] {logging_mixin.py:190} INFO - [2024-09-09T08:05:46.461+0000] {dag.py:3229} INFO - Sync 1 DAGs
[2024-09-09T08:05:46.482+0000] {logging_mixin.py:190} INFO - [2024-09-09T08:05:46.482+0000] {dag.py:4156} INFO - Setting next_dagrun for example_sensors to None, run_after=None
[2024-09-09T08:05:46.509+0000] {processor.py:208} INFO - Processing /home/airflow/.local/lib/python3.12/site-packages/airflow/example_dags/example_sensors.py took 0.107 seconds
[2024-09-09T08:06:17.059+0000] {processor.py:186} INFO - Started process (PID=1349) to work on /home/airflow/.local/lib/python3.12/site-packages/airflow/example_dags/example_sensors.py
[2024-09-09T08:06:17.059+0000] {processor.py:914} INFO - Processing file /home/airflow/.local/lib/python3.12/site-packages/airflow/example_dags/example_sensors.py for tasks to queue
[2024-09-09T08:06:17.061+0000] {logging_mixin.py:190} INFO - [2024-09-09T08:06:17.061+0000] {dagbag.py:587} INFO - Filling up the DagBag from /home/airflow/.local/lib/python3.12/site-packages/airflow/example_dags/example_sensors.py
[2024-09-09T08:06:17.070+0000] {processor.py:925} INFO - DAG(s) 'example_sensors' retrieved from /home/airflow/.local/lib/python3.12/site-packages/airflow/example_dags/example_sensors.py
[2024-09-09T08:06:17.091+0000] {logging_mixin.py:190} INFO - [2024-09-09T08:06:17.091+0000] {dag.py:3229} INFO - Sync 1 DAGs
[2024-09-09T08:06:17.102+0000] {logging_mixin.py:190} INFO - [2024-09-09T08:06:17.102+0000] {dag.py:4156} INFO - Setting next_dagrun for example_sensors to None, run_after=None
[2024-09-09T08:06:17.122+0000] {processor.py:208} INFO - Processing /home/airflow/.local/lib/python3.12/site-packages/airflow/example_dags/example_sensors.py took 0.068 seconds
[2024-09-09T08:06:47.913+0000] {processor.py:186} INFO - Started process (PID=1635) to work on /home/airflow/.local/lib/python3.12/site-packages/airflow/example_dags/example_sensors.py
[2024-09-09T08:06:47.914+0000] {processor.py:914} INFO - Processing file /home/airflow/.local/lib/python3.12/site-packages/airflow/example_dags/example_sensors.py for tasks to queue
[2024-09-09T08:06:47.916+0000] {logging_mixin.py:190} INFO - [2024-09-09T08:06:47.916+0000] {dagbag.py:587} INFO - Filling up the DagBag from /home/airflow/.local/lib/python3.12/site-packages/airflow/example_dags/example_sensors.py
[2024-09-09T08:06:47.927+0000] {processor.py:925} INFO - DAG(s) 'example_sensors' retrieved from /home/airflow/.local/lib/python3.12/site-packages/airflow/example_dags/example_sensors.py
[2024-09-09T08:06:47.951+0000] {logging_mixin.py:190} INFO - [2024-09-09T08:06:47.950+0000] {dag.py:3229} INFO - Sync 1 DAGs
[2024-09-09T08:06:47.964+0000] {logging_mixin.py:190} INFO - [2024-09-09T08:06:47.964+0000] {dag.py:4156} INFO - Setting next_dagrun for example_sensors to None, run_after=None
[2024-09-09T08:06:47.986+0000] {processor.py:208} INFO - Processing /home/airflow/.local/lib/python3.12/site-packages/airflow/example_dags/example_sensors.py took 0.081 seconds
[2024-09-09T08:07:18.268+0000] {processor.py:186} INFO - Started process (PID=1922) to work on /home/airflow/.local/lib/python3.12/site-packages/airflow/example_dags/example_sensors.py
[2024-09-09T08:07:18.270+0000] {processor.py:914} INFO - Processing file /home/airflow/.local/lib/python3.12/site-packages/airflow/example_dags/example_sensors.py for tasks to queue
[2024-09-09T08:07:18.272+0000] {logging_mixin.py:190} INFO - [2024-09-09T08:07:18.272+0000] {dagbag.py:587} INFO - Filling up the DagBag from /home/airflow/.local/lib/python3.12/site-packages/airflow/example_dags/example_sensors.py
[2024-09-09T08:07:18.288+0000] {processor.py:925} INFO - DAG(s) 'example_sensors' retrieved from /home/airflow/.local/lib/python3.12/site-packages/airflow/example_dags/example_sensors.py
[2024-09-09T08:07:18.335+0000] {logging_mixin.py:190} INFO - [2024-09-09T08:07:18.334+0000] {dag.py:3229} INFO - Sync 1 DAGs
[2024-09-09T08:07:18.357+0000] {logging_mixin.py:190} INFO - [2024-09-09T08:07:18.357+0000] {dag.py:4156} INFO - Setting next_dagrun for example_sensors to None, run_after=None
[2024-09-09T08:07:18.391+0000] {processor.py:208} INFO - Processing /home/airflow/.local/lib/python3.12/site-packages/airflow/example_dags/example_sensors.py took 0.129 seconds
[2024-09-09T08:07:48.640+0000] {processor.py:186} INFO - Started process (PID=2208) to work on /home/airflow/.local/lib/python3.12/site-packages/airflow/example_dags/example_sensors.py
[2024-09-09T08:07:48.642+0000] {processor.py:914} INFO - Processing file /home/airflow/.local/lib/python3.12/site-packages/airflow/example_dags/example_sensors.py for tasks to queue
[2024-09-09T08:07:48.644+0000] {logging_mixin.py:190} INFO - [2024-09-09T08:07:48.644+0000] {dagbag.py:587} INFO - Filling up the DagBag from /home/airflow/.local/lib/python3.12/site-packages/airflow/example_dags/example_sensors.py
[2024-09-09T08:07:48.659+0000] {processor.py:925} INFO - DAG(s) 'example_sensors' retrieved from /home/airflow/.local/lib/python3.12/site-packages/airflow/example_dags/example_sensors.py
[2024-09-09T08:07:48.699+0000] {logging_mixin.py:190} INFO - [2024-09-09T08:07:48.698+0000] {dag.py:3229} INFO - Sync 1 DAGs
[2024-09-09T08:07:48.724+0000] {logging_mixin.py:190} INFO - [2024-09-09T08:07:48.724+0000] {dag.py:4156} INFO - Setting next_dagrun for example_sensors to None, run_after=None
[2024-09-09T08:07:48.753+0000] {processor.py:208} INFO - Processing /home/airflow/.local/lib/python3.12/site-packages/airflow/example_dags/example_sensors.py took 0.119 seconds
[2024-09-09T08:08:19.520+0000] {processor.py:186} INFO - Started process (PID=2494) to work on /home/airflow/.local/lib/python3.12/site-packages/airflow/example_dags/example_sensors.py
[2024-09-09T08:08:19.521+0000] {processor.py:914} INFO - Processing file /home/airflow/.local/lib/python3.12/site-packages/airflow/example_dags/example_sensors.py for tasks to queue
[2024-09-09T08:08:19.524+0000] {logging_mixin.py:190} INFO - [2024-09-09T08:08:19.524+0000] {dagbag.py:587} INFO - Filling up the DagBag from /home/airflow/.local/lib/python3.12/site-packages/airflow/example_dags/example_sensors.py
[2024-09-09T08:08:19.535+0000] {processor.py:925} INFO - DAG(s) 'example_sensors' retrieved from /home/airflow/.local/lib/python3.12/site-packages/airflow/example_dags/example_sensors.py
[2024-09-09T08:08:19.569+0000] {logging_mixin.py:190} INFO - [2024-09-09T08:08:19.568+0000] {dag.py:3229} INFO - Sync 1 DAGs
[2024-09-09T08:08:19.585+0000] {logging_mixin.py:190} INFO - [2024-09-09T08:08:19.585+0000] {dag.py:4156} INFO - Setting next_dagrun for example_sensors to None, run_after=None
[2024-09-09T08:08:19.613+0000] {processor.py:208} INFO - Processing /home/airflow/.local/lib/python3.12/site-packages/airflow/example_dags/example_sensors.py took 0.099 seconds
[2024-09-09T08:08:50.232+0000] {processor.py:186} INFO - Started process (PID=2780) to work on /home/airflow/.local/lib/python3.12/site-packages/airflow/example_dags/example_sensors.py
[2024-09-09T08:08:50.233+0000] {processor.py:914} INFO - Processing file /home/airflow/.local/lib/python3.12/site-packages/airflow/example_dags/example_sensors.py for tasks to queue
[2024-09-09T08:08:50.236+0000] {logging_mixin.py:190} INFO - [2024-09-09T08:08:50.236+0000] {dagbag.py:587} INFO - Filling up the DagBag from /home/airflow/.local/lib/python3.12/site-packages/airflow/example_dags/example_sensors.py
[2024-09-09T08:08:50.251+0000] {processor.py:925} INFO - DAG(s) 'example_sensors' retrieved from /home/airflow/.local/lib/python3.12/site-packages/airflow/example_dags/example_sensors.py
[2024-09-09T08:08:50.280+0000] {logging_mixin.py:190} INFO - [2024-09-09T08:08:50.279+0000] {dag.py:3229} INFO - Sync 1 DAGs
[2024-09-09T08:08:50.298+0000] {logging_mixin.py:190} INFO - [2024-09-09T08:08:50.298+0000] {dag.py:4156} INFO - Setting next_dagrun for example_sensors to None, run_after=None
[2024-09-09T08:08:50.323+0000] {processor.py:208} INFO - Processing /home/airflow/.local/lib/python3.12/site-packages/airflow/example_dags/example_sensors.py took 0.098 seconds
[2024-09-09T08:09:20.971+0000] {processor.py:186} INFO - Started process (PID=3066) to work on /home/airflow/.local/lib/python3.12/site-packages/airflow/example_dags/example_sensors.py
[2024-09-09T08:09:20.972+0000] {processor.py:914} INFO - Processing file /home/airflow/.local/lib/python3.12/site-packages/airflow/example_dags/example_sensors.py for tasks to queue
[2024-09-09T08:09:20.976+0000] {logging_mixin.py:190} INFO - [2024-09-09T08:09:20.975+0000] {dagbag.py:587} INFO - Filling up the DagBag from /home/airflow/.local/lib/python3.12/site-packages/airflow/example_dags/example_sensors.py
[2024-09-09T08:09:20.992+0000] {processor.py:925} INFO - DAG(s) 'example_sensors' retrieved from /home/airflow/.local/lib/python3.12/site-packages/airflow/example_dags/example_sensors.py
[2024-09-09T08:09:21.028+0000] {logging_mixin.py:190} INFO - [2024-09-09T08:09:21.028+0000] {dag.py:3229} INFO - Sync 1 DAGs
[2024-09-09T08:09:21.051+0000] {logging_mixin.py:190} INFO - [2024-09-09T08:09:21.050+0000] {dag.py:4156} INFO - Setting next_dagrun for example_sensors to None, run_after=None
[2024-09-09T08:09:21.082+0000] {processor.py:208} INFO - Processing /home/airflow/.local/lib/python3.12/site-packages/airflow/example_dags/example_sensors.py took 0.117 seconds
[2024-09-09T08:09:51.167+0000] {processor.py:186} INFO - Started process (PID=3352) to work on /home/airflow/.local/lib/python3.12/site-packages/airflow/example_dags/example_sensors.py
[2024-09-09T08:09:51.168+0000] {processor.py:914} INFO - Processing file /home/airflow/.local/lib/python3.12/site-packages/airflow/example_dags/example_sensors.py for tasks to queue
[2024-09-09T08:09:51.171+0000] {logging_mixin.py:190} INFO - [2024-09-09T08:09:51.170+0000] {dagbag.py:587} INFO - Filling up the DagBag from /home/airflow/.local/lib/python3.12/site-packages/airflow/example_dags/example_sensors.py
[2024-09-09T08:09:51.183+0000] {processor.py:925} INFO - DAG(s) 'example_sensors' retrieved from /home/airflow/.local/lib/python3.12/site-packages/airflow/example_dags/example_sensors.py
[2024-09-09T08:09:51.216+0000] {logging_mixin.py:190} INFO - [2024-09-09T08:09:51.216+0000] {dag.py:3229} INFO - Sync 1 DAGs
[2024-09-09T08:09:51.236+0000] {logging_mixin.py:190} INFO - [2024-09-09T08:09:51.236+0000] {dag.py:4156} INFO - Setting next_dagrun for example_sensors to None, run_after=None
[2024-09-09T08:09:51.270+0000] {processor.py:208} INFO - Processing /home/airflow/.local/lib/python3.12/site-packages/airflow/example_dags/example_sensors.py took 0.110 seconds
[2024-09-09T08:10:21.390+0000] {processor.py:186} INFO - Started process (PID=3640) to work on /home/airflow/.local/lib/python3.12/site-packages/airflow/example_dags/example_sensors.py
[2024-09-09T08:10:21.391+0000] {processor.py:914} INFO - Processing file /home/airflow/.local/lib/python3.12/site-packages/airflow/example_dags/example_sensors.py for tasks to queue
[2024-09-09T08:10:21.393+0000] {logging_mixin.py:190} INFO - [2024-09-09T08:10:21.392+0000] {dagbag.py:587} INFO - Filling up the DagBag from /home/airflow/.local/lib/python3.12/site-packages/airflow/example_dags/example_sensors.py
[2024-09-09T08:10:21.400+0000] {processor.py:925} INFO - DAG(s) 'example_sensors' retrieved from /home/airflow/.local/lib/python3.12/site-packages/airflow/example_dags/example_sensors.py
[2024-09-09T08:10:21.420+0000] {logging_mixin.py:190} INFO - [2024-09-09T08:10:21.419+0000] {dag.py:3229} INFO - Sync 1 DAGs
[2024-09-09T08:10:21.431+0000] {logging_mixin.py:190} INFO - [2024-09-09T08:10:21.431+0000] {dag.py:4156} INFO - Setting next_dagrun for example_sensors to None, run_after=None
[2024-09-09T08:10:21.449+0000] {processor.py:208} INFO - Processing /home/airflow/.local/lib/python3.12/site-packages/airflow/example_dags/example_sensors.py took 0.064 seconds
[2024-09-09T08:10:52.390+0000] {processor.py:186} INFO - Started process (PID=3924) to work on /home/airflow/.local/lib/python3.12/site-packages/airflow/example_dags/example_sensors.py
[2024-09-09T08:10:52.391+0000] {processor.py:914} INFO - Processing file /home/airflow/.local/lib/python3.12/site-packages/airflow/example_dags/example_sensors.py for tasks to queue
[2024-09-09T08:10:52.394+0000] {logging_mixin.py:190} INFO - [2024-09-09T08:10:52.394+0000] {dagbag.py:587} INFO - Filling up the DagBag from /home/airflow/.local/lib/python3.12/site-packages/airflow/example_dags/example_sensors.py
[2024-09-09T08:10:52.403+0000] {processor.py:925} INFO - DAG(s) 'example_sensors' retrieved from /home/airflow/.local/lib/python3.12/site-packages/airflow/example_dags/example_sensors.py
[2024-09-09T08:10:52.428+0000] {logging_mixin.py:190} INFO - [2024-09-09T08:10:52.428+0000] {dag.py:3229} INFO - Sync 1 DAGs
[2024-09-09T08:10:52.440+0000] {logging_mixin.py:190} INFO - [2024-09-09T08:10:52.440+0000] {dag.py:4156} INFO - Setting next_dagrun for example_sensors to None, run_after=None
[2024-09-09T08:10:52.460+0000] {processor.py:208} INFO - Processing /home/airflow/.local/lib/python3.12/site-packages/airflow/example_dags/example_sensors.py took 0.075 seconds
[2024-09-09T08:11:22.569+0000] {processor.py:186} INFO - Started process (PID=4210) to work on /home/airflow/.local/lib/python3.12/site-packages/airflow/example_dags/example_sensors.py
[2024-09-09T08:11:22.570+0000] {processor.py:914} INFO - Processing file /home/airflow/.local/lib/python3.12/site-packages/airflow/example_dags/example_sensors.py for tasks to queue
[2024-09-09T08:11:22.572+0000] {logging_mixin.py:190} INFO - [2024-09-09T08:11:22.572+0000] {dagbag.py:587} INFO - Filling up the DagBag from /home/airflow/.local/lib/python3.12/site-packages/airflow/example_dags/example_sensors.py
[2024-09-09T08:11:22.581+0000] {processor.py:925} INFO - DAG(s) 'example_sensors' retrieved from /home/airflow/.local/lib/python3.12/site-packages/airflow/example_dags/example_sensors.py
[2024-09-09T08:11:22.604+0000] {logging_mixin.py:190} INFO - [2024-09-09T08:11:22.604+0000] {dag.py:3229} INFO - Sync 1 DAGs
[2024-09-09T08:11:22.617+0000] {logging_mixin.py:190} INFO - [2024-09-09T08:11:22.617+0000] {dag.py:4156} INFO - Setting next_dagrun for example_sensors to None, run_after=None
[2024-09-09T08:11:22.639+0000] {processor.py:208} INFO - Processing /home/airflow/.local/lib/python3.12/site-packages/airflow/example_dags/example_sensors.py took 0.076 seconds
[2024-09-09T08:11:55.612+0000] {processor.py:186} INFO - Started process (PID=4496) to work on /home/airflow/.local/lib/python3.12/site-packages/airflow/example_dags/example_sensors.py
[2024-09-09T08:11:55.613+0000] {processor.py:914} INFO - Processing file /home/airflow/.local/lib/python3.12/site-packages/airflow/example_dags/example_sensors.py for tasks to queue
[2024-09-09T08:11:55.616+0000] {logging_mixin.py:190} INFO - [2024-09-09T08:11:55.615+0000] {dagbag.py:587} INFO - Filling up the DagBag from /home/airflow/.local/lib/python3.12/site-packages/airflow/example_dags/example_sensors.py
[2024-09-09T08:11:55.624+0000] {processor.py:925} INFO - DAG(s) 'example_sensors' retrieved from /home/airflow/.local/lib/python3.12/site-packages/airflow/example_dags/example_sensors.py
[2024-09-09T08:11:55.649+0000] {logging_mixin.py:190} INFO - [2024-09-09T08:11:55.649+0000] {dag.py:3229} INFO - Sync 1 DAGs
[2024-09-09T08:11:55.668+0000] {logging_mixin.py:190} INFO - [2024-09-09T08:11:55.668+0000] {dag.py:4156} INFO - Setting next_dagrun for example_sensors to None, run_after=None
[2024-09-09T08:11:55.715+0000] {processor.py:208} INFO - Processing /home/airflow/.local/lib/python3.12/site-packages/airflow/example_dags/example_sensors.py took 0.108 seconds
[2024-09-09T08:12:26.534+0000] {processor.py:186} INFO - Started process (PID=4782) to work on /home/airflow/.local/lib/python3.12/site-packages/airflow/example_dags/example_sensors.py
[2024-09-09T08:12:26.536+0000] {processor.py:914} INFO - Processing file /home/airflow/.local/lib/python3.12/site-packages/airflow/example_dags/example_sensors.py for tasks to queue
[2024-09-09T08:12:26.540+0000] {logging_mixin.py:190} INFO - [2024-09-09T08:12:26.539+0000] {dagbag.py:587} INFO - Filling up the DagBag from /home/airflow/.local/lib/python3.12/site-packages/airflow/example_dags/example_sensors.py
[2024-09-09T08:12:26.555+0000] {processor.py:925} INFO - DAG(s) 'example_sensors' retrieved from /home/airflow/.local/lib/python3.12/site-packages/airflow/example_dags/example_sensors.py
[2024-09-09T08:12:26.584+0000] {logging_mixin.py:190} INFO - [2024-09-09T08:12:26.584+0000] {dag.py:3229} INFO - Sync 1 DAGs
[2024-09-09T08:12:26.601+0000] {logging_mixin.py:190} INFO - [2024-09-09T08:12:26.601+0000] {dag.py:4156} INFO - Setting next_dagrun for example_sensors to None, run_after=None
[2024-09-09T08:12:26.624+0000] {processor.py:208} INFO - Processing /home/airflow/.local/lib/python3.12/site-packages/airflow/example_dags/example_sensors.py took 0.098 seconds
[2024-09-09T08:12:57.400+0000] {processor.py:186} INFO - Started process (PID=5068) to work on /home/airflow/.local/lib/python3.12/site-packages/airflow/example_dags/example_sensors.py
[2024-09-09T08:12:57.401+0000] {processor.py:914} INFO - Processing file /home/airflow/.local/lib/python3.12/site-packages/airflow/example_dags/example_sensors.py for tasks to queue
[2024-09-09T08:12:57.404+0000] {logging_mixin.py:190} INFO - [2024-09-09T08:12:57.403+0000] {dagbag.py:587} INFO - Filling up the DagBag from /home/airflow/.local/lib/python3.12/site-packages/airflow/example_dags/example_sensors.py
[2024-09-09T08:12:57.418+0000] {processor.py:925} INFO - DAG(s) 'example_sensors' retrieved from /home/airflow/.local/lib/python3.12/site-packages/airflow/example_dags/example_sensors.py
[2024-09-09T08:12:57.446+0000] {logging_mixin.py:190} INFO - [2024-09-09T08:12:57.445+0000] {dag.py:3229} INFO - Sync 1 DAGs
[2024-09-09T08:12:57.464+0000] {logging_mixin.py:190} INFO - [2024-09-09T08:12:57.464+0000] {dag.py:4156} INFO - Setting next_dagrun for example_sensors to None, run_after=None
[2024-09-09T08:12:57.488+0000] {processor.py:208} INFO - Processing /home/airflow/.local/lib/python3.12/site-packages/airflow/example_dags/example_sensors.py took 0.096 seconds
[2024-09-09T08:13:28.257+0000] {processor.py:186} INFO - Started process (PID=5354) to work on /home/airflow/.local/lib/python3.12/site-packages/airflow/example_dags/example_sensors.py
[2024-09-09T08:13:28.258+0000] {processor.py:914} INFO - Processing file /home/airflow/.local/lib/python3.12/site-packages/airflow/example_dags/example_sensors.py for tasks to queue
[2024-09-09T08:13:28.261+0000] {logging_mixin.py:190} INFO - [2024-09-09T08:13:28.261+0000] {dagbag.py:587} INFO - Filling up the DagBag from /home/airflow/.local/lib/python3.12/site-packages/airflow/example_dags/example_sensors.py
[2024-09-09T08:13:28.271+0000] {processor.py:925} INFO - DAG(s) 'example_sensors' retrieved from /home/airflow/.local/lib/python3.12/site-packages/airflow/example_dags/example_sensors.py
[2024-09-09T08:13:28.313+0000] {logging_mixin.py:190} INFO - [2024-09-09T08:13:28.312+0000] {dag.py:3229} INFO - Sync 1 DAGs
[2024-09-09T08:13:28.350+0000] {logging_mixin.py:190} INFO - [2024-09-09T08:13:28.349+0000] {dag.py:4156} INFO - Setting next_dagrun for example_sensors to None, run_after=None
[2024-09-09T08:13:28.371+0000] {processor.py:208} INFO - Processing /home/airflow/.local/lib/python3.12/site-packages/airflow/example_dags/example_sensors.py took 0.120 seconds
[2024-09-09T08:13:59.196+0000] {processor.py:186} INFO - Started process (PID=5640) to work on /home/airflow/.local/lib/python3.12/site-packages/airflow/example_dags/example_sensors.py
[2024-09-09T08:13:59.198+0000] {processor.py:914} INFO - Processing file /home/airflow/.local/lib/python3.12/site-packages/airflow/example_dags/example_sensors.py for tasks to queue
[2024-09-09T08:13:59.200+0000] {logging_mixin.py:190} INFO - [2024-09-09T08:13:59.200+0000] {dagbag.py:587} INFO - Filling up the DagBag from /home/airflow/.local/lib/python3.12/site-packages/airflow/example_dags/example_sensors.py
[2024-09-09T08:13:59.211+0000] {processor.py:925} INFO - DAG(s) 'example_sensors' retrieved from /home/airflow/.local/lib/python3.12/site-packages/airflow/example_dags/example_sensors.py
[2024-09-09T08:13:59.233+0000] {logging_mixin.py:190} INFO - [2024-09-09T08:13:59.233+0000] {dag.py:3229} INFO - Sync 1 DAGs
[2024-09-09T08:13:59.245+0000] {logging_mixin.py:190} INFO - [2024-09-09T08:13:59.245+0000] {dag.py:4156} INFO - Setting next_dagrun for example_sensors to None, run_after=None
[2024-09-09T08:13:59.266+0000] {processor.py:208} INFO - Processing /home/airflow/.local/lib/python3.12/site-packages/airflow/example_dags/example_sensors.py took 0.074 seconds
[2024-09-09T08:14:30.087+0000] {processor.py:186} INFO - Started process (PID=5926) to work on /home/airflow/.local/lib/python3.12/site-packages/airflow/example_dags/example_sensors.py
[2024-09-09T08:14:30.088+0000] {processor.py:914} INFO - Processing file /home/airflow/.local/lib/python3.12/site-packages/airflow/example_dags/example_sensors.py for tasks to queue
[2024-09-09T08:14:30.091+0000] {logging_mixin.py:190} INFO - [2024-09-09T08:14:30.090+0000] {dagbag.py:587} INFO - Filling up the DagBag from /home/airflow/.local/lib/python3.12/site-packages/airflow/example_dags/example_sensors.py
[2024-09-09T08:14:30.101+0000] {processor.py:925} INFO - DAG(s) 'example_sensors' retrieved from /home/airflow/.local/lib/python3.12/site-packages/airflow/example_dags/example_sensors.py
[2024-09-09T08:14:30.122+0000] {logging_mixin.py:190} INFO - [2024-09-09T08:14:30.122+0000] {dag.py:3229} INFO - Sync 1 DAGs
[2024-09-09T08:14:30.135+0000] {logging_mixin.py:190} INFO - [2024-09-09T08:14:30.134+0000] {dag.py:4156} INFO - Setting next_dagrun for example_sensors to None, run_after=None
[2024-09-09T08:14:30.154+0000] {processor.py:208} INFO - Processing /home/airflow/.local/lib/python3.12/site-packages/airflow/example_dags/example_sensors.py took 0.074 seconds
[2024-09-09T08:15:00.950+0000] {processor.py:186} INFO - Started process (PID=6212) to work on /home/airflow/.local/lib/python3.12/site-packages/airflow/example_dags/example_sensors.py
[2024-09-09T08:15:00.952+0000] {processor.py:914} INFO - Processing file /home/airflow/.local/lib/python3.12/site-packages/airflow/example_dags/example_sensors.py for tasks to queue
[2024-09-09T08:15:00.954+0000] {logging_mixin.py:190} INFO - [2024-09-09T08:15:00.953+0000] {dagbag.py:587} INFO - Filling up the DagBag from /home/airflow/.local/lib/python3.12/site-packages/airflow/example_dags/example_sensors.py
[2024-09-09T08:15:00.963+0000] {processor.py:925} INFO - DAG(s) 'example_sensors' retrieved from /home/airflow/.local/lib/python3.12/site-packages/airflow/example_dags/example_sensors.py
[2024-09-09T08:15:00.985+0000] {logging_mixin.py:190} INFO - [2024-09-09T08:15:00.985+0000] {dag.py:3229} INFO - Sync 1 DAGs
[2024-09-09T08:15:00.998+0000] {logging_mixin.py:190} INFO - [2024-09-09T08:15:00.998+0000] {dag.py:4156} INFO - Setting next_dagrun for example_sensors to None, run_after=None
[2024-09-09T08:15:01.022+0000] {processor.py:208} INFO - Processing /home/airflow/.local/lib/python3.12/site-packages/airflow/example_dags/example_sensors.py took 0.077 seconds
[2024-09-09T08:15:31.533+0000] {processor.py:186} INFO - Started process (PID=6503) to work on /home/airflow/.local/lib/python3.12/site-packages/airflow/example_dags/example_sensors.py
[2024-09-09T08:15:31.535+0000] {processor.py:914} INFO - Processing file /home/airflow/.local/lib/python3.12/site-packages/airflow/example_dags/example_sensors.py for tasks to queue
[2024-09-09T08:15:31.541+0000] {logging_mixin.py:190} INFO - [2024-09-09T08:15:31.540+0000] {dagbag.py:587} INFO - Filling up the DagBag from /home/airflow/.local/lib/python3.12/site-packages/airflow/example_dags/example_sensors.py
[2024-09-09T08:15:31.563+0000] {processor.py:925} INFO - DAG(s) 'example_sensors' retrieved from /home/airflow/.local/lib/python3.12/site-packages/airflow/example_dags/example_sensors.py
[2024-09-09T08:15:31.599+0000] {logging_mixin.py:190} INFO - [2024-09-09T08:15:31.599+0000] {dag.py:3229} INFO - Sync 1 DAGs
[2024-09-09T08:15:31.618+0000] {logging_mixin.py:190} INFO - [2024-09-09T08:15:31.618+0000] {dag.py:4156} INFO - Setting next_dagrun for example_sensors to None, run_after=None
[2024-09-09T08:15:31.643+0000] {processor.py:208} INFO - Processing /home/airflow/.local/lib/python3.12/site-packages/airflow/example_dags/example_sensors.py took 0.122 seconds
[2024-09-09T08:16:01.801+0000] {processor.py:186} INFO - Started process (PID=6789) to work on /home/airflow/.local/lib/python3.12/site-packages/airflow/example_dags/example_sensors.py
[2024-09-09T08:16:01.802+0000] {processor.py:914} INFO - Processing file /home/airflow/.local/lib/python3.12/site-packages/airflow/example_dags/example_sensors.py for tasks to queue
[2024-09-09T08:16:01.804+0000] {logging_mixin.py:190} INFO - [2024-09-09T08:16:01.804+0000] {dagbag.py:587} INFO - Filling up the DagBag from /home/airflow/.local/lib/python3.12/site-packages/airflow/example_dags/example_sensors.py
[2024-09-09T08:16:01.813+0000] {processor.py:925} INFO - DAG(s) 'example_sensors' retrieved from /home/airflow/.local/lib/python3.12/site-packages/airflow/example_dags/example_sensors.py
[2024-09-09T08:16:01.838+0000] {logging_mixin.py:190} INFO - [2024-09-09T08:16:01.838+0000] {dag.py:3229} INFO - Sync 1 DAGs
[2024-09-09T08:16:01.851+0000] {logging_mixin.py:190} INFO - [2024-09-09T08:16:01.851+0000] {dag.py:4156} INFO - Setting next_dagrun for example_sensors to None, run_after=None
[2024-09-09T08:16:01.873+0000] {processor.py:208} INFO - Processing /home/airflow/.local/lib/python3.12/site-packages/airflow/example_dags/example_sensors.py took 0.078 seconds
[2024-09-09T08:16:32.497+0000] {processor.py:186} INFO - Started process (PID=7075) to work on /home/airflow/.local/lib/python3.12/site-packages/airflow/example_dags/example_sensors.py
[2024-09-09T08:16:32.499+0000] {processor.py:914} INFO - Processing file /home/airflow/.local/lib/python3.12/site-packages/airflow/example_dags/example_sensors.py for tasks to queue
[2024-09-09T08:16:32.502+0000] {logging_mixin.py:190} INFO - [2024-09-09T08:16:32.502+0000] {dagbag.py:587} INFO - Filling up the DagBag from /home/airflow/.local/lib/python3.12/site-packages/airflow/example_dags/example_sensors.py
[2024-09-09T08:16:32.516+0000] {processor.py:925} INFO - DAG(s) 'example_sensors' retrieved from /home/airflow/.local/lib/python3.12/site-packages/airflow/example_dags/example_sensors.py
[2024-09-09T08:16:32.562+0000] {logging_mixin.py:190} INFO - [2024-09-09T08:16:32.562+0000] {dag.py:3229} INFO - Sync 1 DAGs
[2024-09-09T08:16:32.587+0000] {logging_mixin.py:190} INFO - [2024-09-09T08:16:32.587+0000] {dag.py:4156} INFO - Setting next_dagrun for example_sensors to None, run_after=None
[2024-09-09T08:16:32.624+0000] {processor.py:208} INFO - Processing /home/airflow/.local/lib/python3.12/site-packages/airflow/example_dags/example_sensors.py took 0.134 seconds
[2024-09-09T08:17:03.882+0000] {processor.py:186} INFO - Started process (PID=7361) to work on /home/airflow/.local/lib/python3.12/site-packages/airflow/example_dags/example_sensors.py
[2024-09-09T08:17:03.884+0000] {processor.py:914} INFO - Processing file /home/airflow/.local/lib/python3.12/site-packages/airflow/example_dags/example_sensors.py for tasks to queue
[2024-09-09T08:17:03.887+0000] {logging_mixin.py:190} INFO - [2024-09-09T08:17:03.887+0000] {dagbag.py:587} INFO - Filling up the DagBag from /home/airflow/.local/lib/python3.12/site-packages/airflow/example_dags/example_sensors.py
[2024-09-09T08:17:03.905+0000] {processor.py:925} INFO - DAG(s) 'example_sensors' retrieved from /home/airflow/.local/lib/python3.12/site-packages/airflow/example_dags/example_sensors.py
[2024-09-09T08:17:03.942+0000] {logging_mixin.py:190} INFO - [2024-09-09T08:17:03.942+0000] {dag.py:3229} INFO - Sync 1 DAGs
[2024-09-09T08:17:03.966+0000] {logging_mixin.py:190} INFO - [2024-09-09T08:17:03.965+0000] {dag.py:4156} INFO - Setting next_dagrun for example_sensors to None, run_after=None
[2024-09-09T08:17:04.002+0000] {processor.py:208} INFO - Processing /home/airflow/.local/lib/python3.12/site-packages/airflow/example_dags/example_sensors.py took 0.127 seconds
[2024-09-09T08:17:34.142+0000] {processor.py:186} INFO - Started process (PID=7649) to work on /home/airflow/.local/lib/python3.12/site-packages/airflow/example_dags/example_sensors.py
[2024-09-09T08:17:34.142+0000] {processor.py:914} INFO - Processing file /home/airflow/.local/lib/python3.12/site-packages/airflow/example_dags/example_sensors.py for tasks to queue
[2024-09-09T08:17:34.145+0000] {logging_mixin.py:190} INFO - [2024-09-09T08:17:34.144+0000] {dagbag.py:587} INFO - Filling up the DagBag from /home/airflow/.local/lib/python3.12/site-packages/airflow/example_dags/example_sensors.py
[2024-09-09T08:17:34.153+0000] {processor.py:925} INFO - DAG(s) 'example_sensors' retrieved from /home/airflow/.local/lib/python3.12/site-packages/airflow/example_dags/example_sensors.py
[2024-09-09T08:17:34.173+0000] {logging_mixin.py:190} INFO - [2024-09-09T08:17:34.173+0000] {dag.py:3229} INFO - Sync 1 DAGs
[2024-09-09T08:17:34.185+0000] {logging_mixin.py:190} INFO - [2024-09-09T08:17:34.185+0000] {dag.py:4156} INFO - Setting next_dagrun for example_sensors to None, run_after=None
[2024-09-09T08:17:34.203+0000] {processor.py:208} INFO - Processing /home/airflow/.local/lib/python3.12/site-packages/airflow/example_dags/example_sensors.py took 0.065 seconds
[2024-09-09T08:18:04.798+0000] {processor.py:186} INFO - Started process (PID=7933) to work on /home/airflow/.local/lib/python3.12/site-packages/airflow/example_dags/example_sensors.py
[2024-09-09T08:18:04.799+0000] {processor.py:914} INFO - Processing file /home/airflow/.local/lib/python3.12/site-packages/airflow/example_dags/example_sensors.py for tasks to queue
[2024-09-09T08:18:04.802+0000] {logging_mixin.py:190} INFO - [2024-09-09T08:18:04.801+0000] {dagbag.py:587} INFO - Filling up the DagBag from /home/airflow/.local/lib/python3.12/site-packages/airflow/example_dags/example_sensors.py
[2024-09-09T08:18:04.812+0000] {processor.py:925} INFO - DAG(s) 'example_sensors' retrieved from /home/airflow/.local/lib/python3.12/site-packages/airflow/example_dags/example_sensors.py
[2024-09-09T08:18:04.837+0000] {logging_mixin.py:190} INFO - [2024-09-09T08:18:04.837+0000] {dag.py:3229} INFO - Sync 1 DAGs
[2024-09-09T08:18:04.850+0000] {logging_mixin.py:190} INFO - [2024-09-09T08:18:04.850+0000] {dag.py:4156} INFO - Setting next_dagrun for example_sensors to None, run_after=None
[2024-09-09T08:18:04.869+0000] {processor.py:208} INFO - Processing /home/airflow/.local/lib/python3.12/site-packages/airflow/example_dags/example_sensors.py took 0.076 seconds
[2024-09-09T08:18:35.070+0000] {processor.py:186} INFO - Started process (PID=8219) to work on /home/airflow/.local/lib/python3.12/site-packages/airflow/example_dags/example_sensors.py
[2024-09-09T08:18:35.071+0000] {processor.py:914} INFO - Processing file /home/airflow/.local/lib/python3.12/site-packages/airflow/example_dags/example_sensors.py for tasks to queue
[2024-09-09T08:18:35.074+0000] {logging_mixin.py:190} INFO - [2024-09-09T08:18:35.073+0000] {dagbag.py:587} INFO - Filling up the DagBag from /home/airflow/.local/lib/python3.12/site-packages/airflow/example_dags/example_sensors.py
[2024-09-09T08:18:35.083+0000] {processor.py:925} INFO - DAG(s) 'example_sensors' retrieved from /home/airflow/.local/lib/python3.12/site-packages/airflow/example_dags/example_sensors.py
[2024-09-09T08:18:35.105+0000] {logging_mixin.py:190} INFO - [2024-09-09T08:18:35.105+0000] {dag.py:3229} INFO - Sync 1 DAGs
[2024-09-09T08:18:35.119+0000] {logging_mixin.py:190} INFO - [2024-09-09T08:18:35.119+0000] {dag.py:4156} INFO - Setting next_dagrun for example_sensors to None, run_after=None
[2024-09-09T08:18:35.141+0000] {processor.py:208} INFO - Processing /home/airflow/.local/lib/python3.12/site-packages/airflow/example_dags/example_sensors.py took 0.078 seconds
[2024-09-09T08:19:05.324+0000] {processor.py:186} INFO - Started process (PID=8505) to work on /home/airflow/.local/lib/python3.12/site-packages/airflow/example_dags/example_sensors.py
[2024-09-09T08:19:05.325+0000] {processor.py:914} INFO - Processing file /home/airflow/.local/lib/python3.12/site-packages/airflow/example_dags/example_sensors.py for tasks to queue
[2024-09-09T08:19:05.329+0000] {logging_mixin.py:190} INFO - [2024-09-09T08:19:05.328+0000] {dagbag.py:587} INFO - Filling up the DagBag from /home/airflow/.local/lib/python3.12/site-packages/airflow/example_dags/example_sensors.py
[2024-09-09T08:19:05.341+0000] {processor.py:925} INFO - DAG(s) 'example_sensors' retrieved from /home/airflow/.local/lib/python3.12/site-packages/airflow/example_dags/example_sensors.py
[2024-09-09T08:19:05.366+0000] {logging_mixin.py:190} INFO - [2024-09-09T08:19:05.366+0000] {dag.py:3229} INFO - Sync 1 DAGs
[2024-09-09T08:19:05.395+0000] {logging_mixin.py:190} INFO - [2024-09-09T08:19:05.395+0000] {dag.py:4156} INFO - Setting next_dagrun for example_sensors to None, run_after=None
[2024-09-09T08:19:05.431+0000] {processor.py:208} INFO - Processing /home/airflow/.local/lib/python3.12/site-packages/airflow/example_dags/example_sensors.py took 0.114 seconds
[2024-09-09T08:19:36.261+0000] {processor.py:186} INFO - Started process (PID=8791) to work on /home/airflow/.local/lib/python3.12/site-packages/airflow/example_dags/example_sensors.py
[2024-09-09T08:19:36.263+0000] {processor.py:914} INFO - Processing file /home/airflow/.local/lib/python3.12/site-packages/airflow/example_dags/example_sensors.py for tasks to queue
[2024-09-09T08:19:36.265+0000] {logging_mixin.py:190} INFO - [2024-09-09T08:19:36.265+0000] {dagbag.py:587} INFO - Filling up the DagBag from /home/airflow/.local/lib/python3.12/site-packages/airflow/example_dags/example_sensors.py
[2024-09-09T08:19:36.280+0000] {processor.py:925} INFO - DAG(s) 'example_sensors' retrieved from /home/airflow/.local/lib/python3.12/site-packages/airflow/example_dags/example_sensors.py
[2024-09-09T08:19:36.313+0000] {logging_mixin.py:190} INFO - [2024-09-09T08:19:36.312+0000] {dag.py:3229} INFO - Sync 1 DAGs
[2024-09-09T08:19:36.328+0000] {logging_mixin.py:190} INFO - [2024-09-09T08:19:36.328+0000] {dag.py:4156} INFO - Setting next_dagrun for example_sensors to None, run_after=None
[2024-09-09T08:19:36.352+0000] {processor.py:208} INFO - Processing /home/airflow/.local/lib/python3.12/site-packages/airflow/example_dags/example_sensors.py took 0.099 seconds
[2024-09-09T08:20:06.522+0000] {processor.py:186} INFO - Started process (PID=9077) to work on /home/airflow/.local/lib/python3.12/site-packages/airflow/example_dags/example_sensors.py
[2024-09-09T08:20:06.524+0000] {processor.py:914} INFO - Processing file /home/airflow/.local/lib/python3.12/site-packages/airflow/example_dags/example_sensors.py for tasks to queue
[2024-09-09T08:20:06.526+0000] {logging_mixin.py:190} INFO - [2024-09-09T08:20:06.526+0000] {dagbag.py:587} INFO - Filling up the DagBag from /home/airflow/.local/lib/python3.12/site-packages/airflow/example_dags/example_sensors.py
[2024-09-09T08:20:06.536+0000] {processor.py:925} INFO - DAG(s) 'example_sensors' retrieved from /home/airflow/.local/lib/python3.12/site-packages/airflow/example_dags/example_sensors.py
[2024-09-09T08:20:06.559+0000] {logging_mixin.py:190} INFO - [2024-09-09T08:20:06.559+0000] {dag.py:3229} INFO - Sync 1 DAGs
[2024-09-09T08:20:06.570+0000] {logging_mixin.py:190} INFO - [2024-09-09T08:20:06.570+0000] {dag.py:4156} INFO - Setting next_dagrun for example_sensors to None, run_after=None
[2024-09-09T08:20:06.589+0000] {processor.py:208} INFO - Processing /home/airflow/.local/lib/python3.12/site-packages/airflow/example_dags/example_sensors.py took 0.072 seconds
[2024-09-09T08:20:36.787+0000] {processor.py:186} INFO - Started process (PID=9363) to work on /home/airflow/.local/lib/python3.12/site-packages/airflow/example_dags/example_sensors.py
[2024-09-09T08:20:36.788+0000] {processor.py:914} INFO - Processing file /home/airflow/.local/lib/python3.12/site-packages/airflow/example_dags/example_sensors.py for tasks to queue
[2024-09-09T08:20:36.790+0000] {logging_mixin.py:190} INFO - [2024-09-09T08:20:36.790+0000] {dagbag.py:587} INFO - Filling up the DagBag from /home/airflow/.local/lib/python3.12/site-packages/airflow/example_dags/example_sensors.py
[2024-09-09T08:20:36.799+0000] {processor.py:925} INFO - DAG(s) 'example_sensors' retrieved from /home/airflow/.local/lib/python3.12/site-packages/airflow/example_dags/example_sensors.py
[2024-09-09T08:20:36.820+0000] {logging_mixin.py:190} INFO - [2024-09-09T08:20:36.820+0000] {dag.py:3229} INFO - Sync 1 DAGs
[2024-09-09T08:20:36.831+0000] {logging_mixin.py:190} INFO - [2024-09-09T08:20:36.831+0000] {dag.py:4156} INFO - Setting next_dagrun for example_sensors to None, run_after=None
[2024-09-09T08:20:36.849+0000] {processor.py:208} INFO - Processing /home/airflow/.local/lib/python3.12/site-packages/airflow/example_dags/example_sensors.py took 0.068 seconds
[2024-09-09T08:21:07.542+0000] {processor.py:186} INFO - Started process (PID=9649) to work on /home/airflow/.local/lib/python3.12/site-packages/airflow/example_dags/example_sensors.py
[2024-09-09T08:21:07.543+0000] {processor.py:914} INFO - Processing file /home/airflow/.local/lib/python3.12/site-packages/airflow/example_dags/example_sensors.py for tasks to queue
[2024-09-09T08:21:07.546+0000] {logging_mixin.py:190} INFO - [2024-09-09T08:21:07.546+0000] {dagbag.py:587} INFO - Filling up the DagBag from /home/airflow/.local/lib/python3.12/site-packages/airflow/example_dags/example_sensors.py
[2024-09-09T08:21:07.557+0000] {processor.py:925} INFO - DAG(s) 'example_sensors' retrieved from /home/airflow/.local/lib/python3.12/site-packages/airflow/example_dags/example_sensors.py
[2024-09-09T08:21:07.578+0000] {logging_mixin.py:190} INFO - [2024-09-09T08:21:07.578+0000] {dag.py:3229} INFO - Sync 1 DAGs
[2024-09-09T08:21:07.589+0000] {logging_mixin.py:190} INFO - [2024-09-09T08:21:07.589+0000] {dag.py:4156} INFO - Setting next_dagrun for example_sensors to None, run_after=None
[2024-09-09T08:21:07.606+0000] {processor.py:208} INFO - Processing /home/airflow/.local/lib/python3.12/site-packages/airflow/example_dags/example_sensors.py took 0.071 seconds
[2024-09-09T08:21:38.192+0000] {processor.py:186} INFO - Started process (PID=9935) to work on /home/airflow/.local/lib/python3.12/site-packages/airflow/example_dags/example_sensors.py
[2024-09-09T08:21:38.193+0000] {processor.py:914} INFO - Processing file /home/airflow/.local/lib/python3.12/site-packages/airflow/example_dags/example_sensors.py for tasks to queue
[2024-09-09T08:21:38.197+0000] {logging_mixin.py:190} INFO - [2024-09-09T08:21:38.196+0000] {dagbag.py:587} INFO - Filling up the DagBag from /home/airflow/.local/lib/python3.12/site-packages/airflow/example_dags/example_sensors.py
[2024-09-09T08:21:38.213+0000] {processor.py:925} INFO - DAG(s) 'example_sensors' retrieved from /home/airflow/.local/lib/python3.12/site-packages/airflow/example_dags/example_sensors.py
[2024-09-09T08:21:38.243+0000] {logging_mixin.py:190} INFO - [2024-09-09T08:21:38.243+0000] {dag.py:3229} INFO - Sync 1 DAGs
[2024-09-09T08:21:38.255+0000] {logging_mixin.py:190} INFO - [2024-09-09T08:21:38.255+0000] {dag.py:4156} INFO - Setting next_dagrun for example_sensors to None, run_after=None
[2024-09-09T08:21:38.271+0000] {processor.py:208} INFO - Processing /home/airflow/.local/lib/python3.12/site-packages/airflow/example_dags/example_sensors.py took 0.086 seconds
[2024-09-09T08:22:09.068+0000] {processor.py:186} INFO - Started process (PID=10221) to work on /home/airflow/.local/lib/python3.12/site-packages/airflow/example_dags/example_sensors.py
[2024-09-09T08:22:09.069+0000] {processor.py:914} INFO - Processing file /home/airflow/.local/lib/python3.12/site-packages/airflow/example_dags/example_sensors.py for tasks to queue
[2024-09-09T08:22:09.072+0000] {logging_mixin.py:190} INFO - [2024-09-09T08:22:09.071+0000] {dagbag.py:587} INFO - Filling up the DagBag from /home/airflow/.local/lib/python3.12/site-packages/airflow/example_dags/example_sensors.py
[2024-09-09T08:22:09.087+0000] {processor.py:925} INFO - DAG(s) 'example_sensors' retrieved from /home/airflow/.local/lib/python3.12/site-packages/airflow/example_dags/example_sensors.py
[2024-09-09T08:22:09.113+0000] {logging_mixin.py:190} INFO - [2024-09-09T08:22:09.113+0000] {dag.py:3229} INFO - Sync 1 DAGs
[2024-09-09T08:22:09.129+0000] {logging_mixin.py:190} INFO - [2024-09-09T08:22:09.129+0000] {dag.py:4156} INFO - Setting next_dagrun for example_sensors to None, run_after=None
[2024-09-09T08:22:09.149+0000] {processor.py:208} INFO - Processing /home/airflow/.local/lib/python3.12/site-packages/airflow/example_dags/example_sensors.py took 0.088 seconds
[2024-09-09T08:22:39.590+0000] {processor.py:186} INFO - Started process (PID=10507) to work on /home/airflow/.local/lib/python3.12/site-packages/airflow/example_dags/example_sensors.py
[2024-09-09T08:22:39.591+0000] {processor.py:914} INFO - Processing file /home/airflow/.local/lib/python3.12/site-packages/airflow/example_dags/example_sensors.py for tasks to queue
[2024-09-09T08:22:39.593+0000] {logging_mixin.py:190} INFO - [2024-09-09T08:22:39.593+0000] {dagbag.py:587} INFO - Filling up the DagBag from /home/airflow/.local/lib/python3.12/site-packages/airflow/example_dags/example_sensors.py
[2024-09-09T08:22:39.609+0000] {processor.py:925} INFO - DAG(s) 'example_sensors' retrieved from /home/airflow/.local/lib/python3.12/site-packages/airflow/example_dags/example_sensors.py
[2024-09-09T08:22:39.648+0000] {logging_mixin.py:190} INFO - [2024-09-09T08:22:39.647+0000] {dag.py:3229} INFO - Sync 1 DAGs
[2024-09-09T08:22:39.679+0000] {logging_mixin.py:190} INFO - [2024-09-09T08:22:39.679+0000] {dag.py:4156} INFO - Setting next_dagrun for example_sensors to None, run_after=None
[2024-09-09T08:22:39.717+0000] {processor.py:208} INFO - Processing /home/airflow/.local/lib/python3.12/site-packages/airflow/example_dags/example_sensors.py took 0.133 seconds
[2024-09-09T08:23:10.028+0000] {processor.py:186} INFO - Started process (PID=10795) to work on /home/airflow/.local/lib/python3.12/site-packages/airflow/example_dags/example_sensors.py
[2024-09-09T08:23:10.029+0000] {processor.py:914} INFO - Processing file /home/airflow/.local/lib/python3.12/site-packages/airflow/example_dags/example_sensors.py for tasks to queue
[2024-09-09T08:23:10.031+0000] {logging_mixin.py:190} INFO - [2024-09-09T08:23:10.031+0000] {dagbag.py:587} INFO - Filling up the DagBag from /home/airflow/.local/lib/python3.12/site-packages/airflow/example_dags/example_sensors.py
[2024-09-09T08:23:10.040+0000] {processor.py:925} INFO - DAG(s) 'example_sensors' retrieved from /home/airflow/.local/lib/python3.12/site-packages/airflow/example_dags/example_sensors.py
[2024-09-09T08:23:10.065+0000] {logging_mixin.py:190} INFO - [2024-09-09T08:23:10.064+0000] {dag.py:3229} INFO - Sync 1 DAGs
[2024-09-09T08:23:10.077+0000] {logging_mixin.py:190} INFO - [2024-09-09T08:23:10.077+0000] {dag.py:4156} INFO - Setting next_dagrun for example_sensors to None, run_after=None
[2024-09-09T08:23:10.097+0000] {processor.py:208} INFO - Processing /home/airflow/.local/lib/python3.12/site-packages/airflow/example_dags/example_sensors.py took 0.074 seconds
[2024-09-09T08:23:40.274+0000] {processor.py:186} INFO - Started process (PID=11079) to work on /home/airflow/.local/lib/python3.12/site-packages/airflow/example_dags/example_sensors.py
[2024-09-09T08:23:40.276+0000] {processor.py:914} INFO - Processing file /home/airflow/.local/lib/python3.12/site-packages/airflow/example_dags/example_sensors.py for tasks to queue
[2024-09-09T08:23:40.282+0000] {logging_mixin.py:190} INFO - [2024-09-09T08:23:40.281+0000] {dagbag.py:587} INFO - Filling up the DagBag from /home/airflow/.local/lib/python3.12/site-packages/airflow/example_dags/example_sensors.py
[2024-09-09T08:23:40.301+0000] {processor.py:925} INFO - DAG(s) 'example_sensors' retrieved from /home/airflow/.local/lib/python3.12/site-packages/airflow/example_dags/example_sensors.py
[2024-09-09T08:23:40.333+0000] {logging_mixin.py:190} INFO - [2024-09-09T08:23:40.332+0000] {dag.py:3229} INFO - Sync 1 DAGs
[2024-09-09T08:23:40.345+0000] {logging_mixin.py:190} INFO - [2024-09-09T08:23:40.344+0000] {dag.py:4156} INFO - Setting next_dagrun for example_sensors to None, run_after=None
[2024-09-09T08:23:40.362+0000] {processor.py:208} INFO - Processing /home/airflow/.local/lib/python3.12/site-packages/airflow/example_dags/example_sensors.py took 0.097 seconds
[2024-09-09T08:24:10.690+0000] {processor.py:186} INFO - Started process (PID=11365) to work on /home/airflow/.local/lib/python3.12/site-packages/airflow/example_dags/example_sensors.py
[2024-09-09T08:24:10.691+0000] {processor.py:914} INFO - Processing file /home/airflow/.local/lib/python3.12/site-packages/airflow/example_dags/example_sensors.py for tasks to queue
[2024-09-09T08:24:10.693+0000] {logging_mixin.py:190} INFO - [2024-09-09T08:24:10.693+0000] {dagbag.py:587} INFO - Filling up the DagBag from /home/airflow/.local/lib/python3.12/site-packages/airflow/example_dags/example_sensors.py
[2024-09-09T08:24:10.702+0000] {processor.py:925} INFO - DAG(s) 'example_sensors' retrieved from /home/airflow/.local/lib/python3.12/site-packages/airflow/example_dags/example_sensors.py
[2024-09-09T08:24:10.726+0000] {logging_mixin.py:190} INFO - [2024-09-09T08:24:10.726+0000] {dag.py:3229} INFO - Sync 1 DAGs
[2024-09-09T08:24:10.737+0000] {logging_mixin.py:190} INFO - [2024-09-09T08:24:10.737+0000] {dag.py:4156} INFO - Setting next_dagrun for example_sensors to None, run_after=None
[2024-09-09T08:24:10.755+0000] {processor.py:208} INFO - Processing /home/airflow/.local/lib/python3.12/site-packages/airflow/example_dags/example_sensors.py took 0.071 seconds
[2024-09-09T08:24:41.195+0000] {processor.py:186} INFO - Started process (PID=11651) to work on /home/airflow/.local/lib/python3.12/site-packages/airflow/example_dags/example_sensors.py
[2024-09-09T08:24:41.196+0000] {processor.py:914} INFO - Processing file /home/airflow/.local/lib/python3.12/site-packages/airflow/example_dags/example_sensors.py for tasks to queue
[2024-09-09T08:24:41.199+0000] {logging_mixin.py:190} INFO - [2024-09-09T08:24:41.198+0000] {dagbag.py:587} INFO - Filling up the DagBag from /home/airflow/.local/lib/python3.12/site-packages/airflow/example_dags/example_sensors.py
[2024-09-09T08:24:41.208+0000] {processor.py:925} INFO - DAG(s) 'example_sensors' retrieved from /home/airflow/.local/lib/python3.12/site-packages/airflow/example_dags/example_sensors.py
[2024-09-09T08:24:41.230+0000] {logging_mixin.py:190} INFO - [2024-09-09T08:24:41.230+0000] {dag.py:3229} INFO - Sync 1 DAGs
[2024-09-09T08:24:41.241+0000] {logging_mixin.py:190} INFO - [2024-09-09T08:24:41.241+0000] {dag.py:4156} INFO - Setting next_dagrun for example_sensors to None, run_after=None
[2024-09-09T08:24:41.260+0000] {processor.py:208} INFO - Processing /home/airflow/.local/lib/python3.12/site-packages/airflow/example_dags/example_sensors.py took 0.071 seconds
[2024-09-09T08:25:11.641+0000] {processor.py:186} INFO - Started process (PID=11937) to work on /home/airflow/.local/lib/python3.12/site-packages/airflow/example_dags/example_sensors.py
[2024-09-09T08:25:11.642+0000] {processor.py:914} INFO - Processing file /home/airflow/.local/lib/python3.12/site-packages/airflow/example_dags/example_sensors.py for tasks to queue
[2024-09-09T08:25:11.645+0000] {logging_mixin.py:190} INFO - [2024-09-09T08:25:11.645+0000] {dagbag.py:587} INFO - Filling up the DagBag from /home/airflow/.local/lib/python3.12/site-packages/airflow/example_dags/example_sensors.py
[2024-09-09T08:25:11.655+0000] {processor.py:925} INFO - DAG(s) 'example_sensors' retrieved from /home/airflow/.local/lib/python3.12/site-packages/airflow/example_dags/example_sensors.py
[2024-09-09T08:25:11.676+0000] {logging_mixin.py:190} INFO - [2024-09-09T08:25:11.676+0000] {dag.py:3229} INFO - Sync 1 DAGs
[2024-09-09T08:25:11.687+0000] {logging_mixin.py:190} INFO - [2024-09-09T08:25:11.687+0000] {dag.py:4156} INFO - Setting next_dagrun for example_sensors to None, run_after=None
[2024-09-09T08:25:11.708+0000] {processor.py:208} INFO - Processing /home/airflow/.local/lib/python3.12/site-packages/airflow/example_dags/example_sensors.py took 0.072 seconds
[2024-09-09T08:25:41.900+0000] {processor.py:186} INFO - Started process (PID=12225) to work on /home/airflow/.local/lib/python3.12/site-packages/airflow/example_dags/example_sensors.py
[2024-09-09T08:25:41.901+0000] {processor.py:914} INFO - Processing file /home/airflow/.local/lib/python3.12/site-packages/airflow/example_dags/example_sensors.py for tasks to queue
[2024-09-09T08:25:41.903+0000] {logging_mixin.py:190} INFO - [2024-09-09T08:25:41.903+0000] {dagbag.py:587} INFO - Filling up the DagBag from /home/airflow/.local/lib/python3.12/site-packages/airflow/example_dags/example_sensors.py
[2024-09-09T08:25:41.911+0000] {processor.py:925} INFO - DAG(s) 'example_sensors' retrieved from /home/airflow/.local/lib/python3.12/site-packages/airflow/example_dags/example_sensors.py
[2024-09-09T08:25:41.932+0000] {logging_mixin.py:190} INFO - [2024-09-09T08:25:41.932+0000] {dag.py:3229} INFO - Sync 1 DAGs
[2024-09-09T08:25:41.942+0000] {logging_mixin.py:190} INFO - [2024-09-09T08:25:41.942+0000] {dag.py:4156} INFO - Setting next_dagrun for example_sensors to None, run_after=None
[2024-09-09T08:25:41.961+0000] {processor.py:208} INFO - Processing /home/airflow/.local/lib/python3.12/site-packages/airflow/example_dags/example_sensors.py took 0.065 seconds
[2024-09-09T08:26:12.067+0000] {processor.py:186} INFO - Started process (PID=12510) to work on /home/airflow/.local/lib/python3.12/site-packages/airflow/example_dags/example_sensors.py
[2024-09-09T08:26:12.068+0000] {processor.py:914} INFO - Processing file /home/airflow/.local/lib/python3.12/site-packages/airflow/example_dags/example_sensors.py for tasks to queue
[2024-09-09T08:26:12.070+0000] {logging_mixin.py:190} INFO - [2024-09-09T08:26:12.070+0000] {dagbag.py:587} INFO - Filling up the DagBag from /home/airflow/.local/lib/python3.12/site-packages/airflow/example_dags/example_sensors.py
[2024-09-09T08:26:12.080+0000] {processor.py:925} INFO - DAG(s) 'example_sensors' retrieved from /home/airflow/.local/lib/python3.12/site-packages/airflow/example_dags/example_sensors.py
[2024-09-09T08:26:12.099+0000] {logging_mixin.py:190} INFO - [2024-09-09T08:26:12.099+0000] {dag.py:3229} INFO - Sync 1 DAGs
[2024-09-09T08:26:12.110+0000] {logging_mixin.py:190} INFO - [2024-09-09T08:26:12.110+0000] {dag.py:4156} INFO - Setting next_dagrun for example_sensors to None, run_after=None
[2024-09-09T08:26:12.126+0000] {processor.py:208} INFO - Processing /home/airflow/.local/lib/python3.12/site-packages/airflow/example_dags/example_sensors.py took 0.065 seconds
[2024-09-09T08:26:42.649+0000] {processor.py:186} INFO - Started process (PID=12804) to work on /home/airflow/.local/lib/python3.12/site-packages/airflow/example_dags/example_sensors.py
[2024-09-09T08:26:42.650+0000] {processor.py:914} INFO - Processing file /home/airflow/.local/lib/python3.12/site-packages/airflow/example_dags/example_sensors.py for tasks to queue
[2024-09-09T08:26:42.653+0000] {logging_mixin.py:190} INFO - [2024-09-09T08:26:42.652+0000] {dagbag.py:587} INFO - Filling up the DagBag from /home/airflow/.local/lib/python3.12/site-packages/airflow/example_dags/example_sensors.py
[2024-09-09T08:26:42.661+0000] {processor.py:925} INFO - DAG(s) 'example_sensors' retrieved from /home/airflow/.local/lib/python3.12/site-packages/airflow/example_dags/example_sensors.py
[2024-09-09T08:26:42.683+0000] {logging_mixin.py:190} INFO - [2024-09-09T08:26:42.682+0000] {dag.py:3229} INFO - Sync 1 DAGs
[2024-09-09T08:26:42.696+0000] {logging_mixin.py:190} INFO - [2024-09-09T08:26:42.696+0000] {dag.py:4156} INFO - Setting next_dagrun for example_sensors to None, run_after=None
[2024-09-09T08:26:42.715+0000] {processor.py:208} INFO - Processing /home/airflow/.local/lib/python3.12/site-packages/airflow/example_dags/example_sensors.py took 0.070 seconds
[2024-09-09T08:27:13.365+0000] {processor.py:186} INFO - Started process (PID=13088) to work on /home/airflow/.local/lib/python3.12/site-packages/airflow/example_dags/example_sensors.py
[2024-09-09T08:27:13.366+0000] {processor.py:914} INFO - Processing file /home/airflow/.local/lib/python3.12/site-packages/airflow/example_dags/example_sensors.py for tasks to queue
[2024-09-09T08:27:13.369+0000] {logging_mixin.py:190} INFO - [2024-09-09T08:27:13.368+0000] {dagbag.py:587} INFO - Filling up the DagBag from /home/airflow/.local/lib/python3.12/site-packages/airflow/example_dags/example_sensors.py
[2024-09-09T08:27:13.377+0000] {processor.py:925} INFO - DAG(s) 'example_sensors' retrieved from /home/airflow/.local/lib/python3.12/site-packages/airflow/example_dags/example_sensors.py
[2024-09-09T08:27:13.399+0000] {logging_mixin.py:190} INFO - [2024-09-09T08:27:13.398+0000] {dag.py:3229} INFO - Sync 1 DAGs
[2024-09-09T08:27:13.410+0000] {logging_mixin.py:190} INFO - [2024-09-09T08:27:13.410+0000] {dag.py:4156} INFO - Setting next_dagrun for example_sensors to None, run_after=None
[2024-09-09T08:27:13.428+0000] {processor.py:208} INFO - Processing /home/airflow/.local/lib/python3.12/site-packages/airflow/example_dags/example_sensors.py took 0.067 seconds
[2024-09-09T08:27:44.081+0000] {processor.py:186} INFO - Started process (PID=13376) to work on /home/airflow/.local/lib/python3.12/site-packages/airflow/example_dags/example_sensors.py
[2024-09-09T08:27:44.081+0000] {processor.py:914} INFO - Processing file /home/airflow/.local/lib/python3.12/site-packages/airflow/example_dags/example_sensors.py for tasks to queue
[2024-09-09T08:27:44.083+0000] {logging_mixin.py:190} INFO - [2024-09-09T08:27:44.083+0000] {dagbag.py:587} INFO - Filling up the DagBag from /home/airflow/.local/lib/python3.12/site-packages/airflow/example_dags/example_sensors.py
[2024-09-09T08:27:44.091+0000] {processor.py:925} INFO - DAG(s) 'example_sensors' retrieved from /home/airflow/.local/lib/python3.12/site-packages/airflow/example_dags/example_sensors.py
[2024-09-09T08:27:44.110+0000] {logging_mixin.py:190} INFO - [2024-09-09T08:27:44.110+0000] {dag.py:3229} INFO - Sync 1 DAGs
[2024-09-09T08:27:44.121+0000] {logging_mixin.py:190} INFO - [2024-09-09T08:27:44.120+0000] {dag.py:4156} INFO - Setting next_dagrun for example_sensors to None, run_after=None
[2024-09-09T08:27:44.136+0000] {processor.py:208} INFO - Processing /home/airflow/.local/lib/python3.12/site-packages/airflow/example_dags/example_sensors.py took 0.060 seconds
[2024-09-09T08:28:14.470+0000] {processor.py:186} INFO - Started process (PID=13660) to work on /home/airflow/.local/lib/python3.12/site-packages/airflow/example_dags/example_sensors.py
[2024-09-09T08:28:14.471+0000] {processor.py:914} INFO - Processing file /home/airflow/.local/lib/python3.12/site-packages/airflow/example_dags/example_sensors.py for tasks to queue
[2024-09-09T08:28:14.473+0000] {logging_mixin.py:190} INFO - [2024-09-09T08:28:14.473+0000] {dagbag.py:587} INFO - Filling up the DagBag from /home/airflow/.local/lib/python3.12/site-packages/airflow/example_dags/example_sensors.py
[2024-09-09T08:28:14.485+0000] {processor.py:925} INFO - DAG(s) 'example_sensors' retrieved from /home/airflow/.local/lib/python3.12/site-packages/airflow/example_dags/example_sensors.py
[2024-09-09T08:28:14.506+0000] {logging_mixin.py:190} INFO - [2024-09-09T08:28:14.506+0000] {dag.py:3229} INFO - Sync 1 DAGs
[2024-09-09T08:28:14.519+0000] {logging_mixin.py:190} INFO - [2024-09-09T08:28:14.519+0000] {dag.py:4156} INFO - Setting next_dagrun for example_sensors to None, run_after=None
[2024-09-09T08:28:14.537+0000] {processor.py:208} INFO - Processing /home/airflow/.local/lib/python3.12/site-packages/airflow/example_dags/example_sensors.py took 0.074 seconds
[2024-09-09T08:28:44.935+0000] {processor.py:186} INFO - Started process (PID=13946) to work on /home/airflow/.local/lib/python3.12/site-packages/airflow/example_dags/example_sensors.py
[2024-09-09T08:28:44.936+0000] {processor.py:914} INFO - Processing file /home/airflow/.local/lib/python3.12/site-packages/airflow/example_dags/example_sensors.py for tasks to queue
[2024-09-09T08:28:44.939+0000] {logging_mixin.py:190} INFO - [2024-09-09T08:28:44.939+0000] {dagbag.py:587} INFO - Filling up the DagBag from /home/airflow/.local/lib/python3.12/site-packages/airflow/example_dags/example_sensors.py
[2024-09-09T08:28:44.954+0000] {processor.py:925} INFO - DAG(s) 'example_sensors' retrieved from /home/airflow/.local/lib/python3.12/site-packages/airflow/example_dags/example_sensors.py
[2024-09-09T08:28:44.985+0000] {logging_mixin.py:190} INFO - [2024-09-09T08:28:44.985+0000] {dag.py:3229} INFO - Sync 1 DAGs
[2024-09-09T08:28:45.001+0000] {logging_mixin.py:190} INFO - [2024-09-09T08:28:45.001+0000] {dag.py:4156} INFO - Setting next_dagrun for example_sensors to None, run_after=None
[2024-09-09T08:28:45.027+0000] {processor.py:208} INFO - Processing /home/airflow/.local/lib/python3.12/site-packages/airflow/example_dags/example_sensors.py took 0.100 seconds
[2024-09-09T08:29:15.141+0000] {processor.py:186} INFO - Started process (PID=14234) to work on /home/airflow/.local/lib/python3.12/site-packages/airflow/example_dags/example_sensors.py
[2024-09-09T08:29:15.142+0000] {processor.py:914} INFO - Processing file /home/airflow/.local/lib/python3.12/site-packages/airflow/example_dags/example_sensors.py for tasks to queue
[2024-09-09T08:29:15.144+0000] {logging_mixin.py:190} INFO - [2024-09-09T08:29:15.144+0000] {dagbag.py:587} INFO - Filling up the DagBag from /home/airflow/.local/lib/python3.12/site-packages/airflow/example_dags/example_sensors.py
[2024-09-09T08:29:15.153+0000] {processor.py:925} INFO - DAG(s) 'example_sensors' retrieved from /home/airflow/.local/lib/python3.12/site-packages/airflow/example_dags/example_sensors.py
[2024-09-09T08:29:15.177+0000] {logging_mixin.py:190} INFO - [2024-09-09T08:29:15.176+0000] {dag.py:3229} INFO - Sync 1 DAGs
[2024-09-09T08:29:15.190+0000] {logging_mixin.py:190} INFO - [2024-09-09T08:29:15.190+0000] {dag.py:4156} INFO - Setting next_dagrun for example_sensors to None, run_after=None
[2024-09-09T08:29:15.209+0000] {processor.py:208} INFO - Processing /home/airflow/.local/lib/python3.12/site-packages/airflow/example_dags/example_sensors.py took 0.073 seconds
[2024-09-09T08:29:45.542+0000] {processor.py:186} INFO - Started process (PID=14520) to work on /home/airflow/.local/lib/python3.12/site-packages/airflow/example_dags/example_sensors.py
[2024-09-09T08:29:45.543+0000] {processor.py:914} INFO - Processing file /home/airflow/.local/lib/python3.12/site-packages/airflow/example_dags/example_sensors.py for tasks to queue
[2024-09-09T08:29:45.546+0000] {logging_mixin.py:190} INFO - [2024-09-09T08:29:45.546+0000] {dagbag.py:587} INFO - Filling up the DagBag from /home/airflow/.local/lib/python3.12/site-packages/airflow/example_dags/example_sensors.py
[2024-09-09T08:29:45.562+0000] {processor.py:925} INFO - DAG(s) 'example_sensors' retrieved from /home/airflow/.local/lib/python3.12/site-packages/airflow/example_dags/example_sensors.py
[2024-09-09T08:29:45.603+0000] {logging_mixin.py:190} INFO - [2024-09-09T08:29:45.602+0000] {dag.py:3229} INFO - Sync 1 DAGs
[2024-09-09T08:29:45.631+0000] {logging_mixin.py:190} INFO - [2024-09-09T08:29:45.630+0000] {dag.py:4156} INFO - Setting next_dagrun for example_sensors to None, run_after=None
[2024-09-09T08:29:45.665+0000] {processor.py:208} INFO - Processing /home/airflow/.local/lib/python3.12/site-packages/airflow/example_dags/example_sensors.py took 0.131 seconds
[2024-09-09T08:30:15.753+0000] {processor.py:186} INFO - Started process (PID=14806) to work on /home/airflow/.local/lib/python3.12/site-packages/airflow/example_dags/example_sensors.py
[2024-09-09T08:30:15.761+0000] {processor.py:914} INFO - Processing file /home/airflow/.local/lib/python3.12/site-packages/airflow/example_dags/example_sensors.py for tasks to queue
[2024-09-09T08:30:15.765+0000] {logging_mixin.py:190} INFO - [2024-09-09T08:30:15.764+0000] {dagbag.py:587} INFO - Filling up the DagBag from /home/airflow/.local/lib/python3.12/site-packages/airflow/example_dags/example_sensors.py
[2024-09-09T08:30:15.782+0000] {processor.py:925} INFO - DAG(s) 'example_sensors' retrieved from /home/airflow/.local/lib/python3.12/site-packages/airflow/example_dags/example_sensors.py
[2024-09-09T08:30:15.820+0000] {logging_mixin.py:190} INFO - [2024-09-09T08:30:15.819+0000] {dag.py:3229} INFO - Sync 1 DAGs
[2024-09-09T08:30:15.838+0000] {logging_mixin.py:190} INFO - [2024-09-09T08:30:15.838+0000] {dag.py:4156} INFO - Setting next_dagrun for example_sensors to None, run_after=None
[2024-09-09T08:30:15.863+0000] {processor.py:208} INFO - Processing /home/airflow/.local/lib/python3.12/site-packages/airflow/example_dags/example_sensors.py took 0.121 seconds
[2024-09-09T08:30:45.943+0000] {processor.py:186} INFO - Started process (PID=15092) to work on /home/airflow/.local/lib/python3.12/site-packages/airflow/example_dags/example_sensors.py
[2024-09-09T08:30:45.945+0000] {processor.py:914} INFO - Processing file /home/airflow/.local/lib/python3.12/site-packages/airflow/example_dags/example_sensors.py for tasks to queue
[2024-09-09T08:30:45.947+0000] {logging_mixin.py:190} INFO - [2024-09-09T08:30:45.947+0000] {dagbag.py:587} INFO - Filling up the DagBag from /home/airflow/.local/lib/python3.12/site-packages/airflow/example_dags/example_sensors.py
[2024-09-09T08:30:45.958+0000] {processor.py:925} INFO - DAG(s) 'example_sensors' retrieved from /home/airflow/.local/lib/python3.12/site-packages/airflow/example_dags/example_sensors.py
[2024-09-09T08:30:45.986+0000] {logging_mixin.py:190} INFO - [2024-09-09T08:30:45.985+0000] {dag.py:3229} INFO - Sync 1 DAGs
[2024-09-09T08:30:46.002+0000] {logging_mixin.py:190} INFO - [2024-09-09T08:30:46.002+0000] {dag.py:4156} INFO - Setting next_dagrun for example_sensors to None, run_after=None
[2024-09-09T08:30:46.077+0000] {processor.py:208} INFO - Processing /home/airflow/.local/lib/python3.12/site-packages/airflow/example_dags/example_sensors.py took 0.140 seconds
[2024-09-09T08:31:16.480+0000] {processor.py:186} INFO - Started process (PID=15378) to work on /home/airflow/.local/lib/python3.12/site-packages/airflow/example_dags/example_sensors.py
[2024-09-09T08:31:16.481+0000] {processor.py:914} INFO - Processing file /home/airflow/.local/lib/python3.12/site-packages/airflow/example_dags/example_sensors.py for tasks to queue
[2024-09-09T08:31:16.483+0000] {logging_mixin.py:190} INFO - [2024-09-09T08:31:16.482+0000] {dagbag.py:587} INFO - Filling up the DagBag from /home/airflow/.local/lib/python3.12/site-packages/airflow/example_dags/example_sensors.py
[2024-09-09T08:31:16.491+0000] {processor.py:925} INFO - DAG(s) 'example_sensors' retrieved from /home/airflow/.local/lib/python3.12/site-packages/airflow/example_dags/example_sensors.py
[2024-09-09T08:31:16.513+0000] {logging_mixin.py:190} INFO - [2024-09-09T08:31:16.513+0000] {dag.py:3229} INFO - Sync 1 DAGs
[2024-09-09T08:31:16.529+0000] {logging_mixin.py:190} INFO - [2024-09-09T08:31:16.529+0000] {dag.py:4156} INFO - Setting next_dagrun for example_sensors to None, run_after=None
[2024-09-09T08:31:16.546+0000] {processor.py:208} INFO - Processing /home/airflow/.local/lib/python3.12/site-packages/airflow/example_dags/example_sensors.py took 0.072 seconds
[2024-09-09T08:31:46.654+0000] {processor.py:186} INFO - Started process (PID=15662) to work on /home/airflow/.local/lib/python3.12/site-packages/airflow/example_dags/example_sensors.py
[2024-09-09T08:31:46.656+0000] {processor.py:914} INFO - Processing file /home/airflow/.local/lib/python3.12/site-packages/airflow/example_dags/example_sensors.py for tasks to queue
[2024-09-09T08:31:46.658+0000] {logging_mixin.py:190} INFO - [2024-09-09T08:31:46.658+0000] {dagbag.py:587} INFO - Filling up the DagBag from /home/airflow/.local/lib/python3.12/site-packages/airflow/example_dags/example_sensors.py
[2024-09-09T08:31:46.669+0000] {processor.py:925} INFO - DAG(s) 'example_sensors' retrieved from /home/airflow/.local/lib/python3.12/site-packages/airflow/example_dags/example_sensors.py
[2024-09-09T08:31:46.691+0000] {logging_mixin.py:190} INFO - [2024-09-09T08:31:46.691+0000] {dag.py:3229} INFO - Sync 1 DAGs
[2024-09-09T08:31:46.704+0000] {logging_mixin.py:190} INFO - [2024-09-09T08:31:46.704+0000] {dag.py:4156} INFO - Setting next_dagrun for example_sensors to None, run_after=None
[2024-09-09T08:31:46.723+0000] {processor.py:208} INFO - Processing /home/airflow/.local/lib/python3.12/site-packages/airflow/example_dags/example_sensors.py took 0.075 seconds
[2024-09-09T08:32:16.865+0000] {processor.py:186} INFO - Started process (PID=15948) to work on /home/airflow/.local/lib/python3.12/site-packages/airflow/example_dags/example_sensors.py
[2024-09-09T08:32:16.867+0000] {processor.py:914} INFO - Processing file /home/airflow/.local/lib/python3.12/site-packages/airflow/example_dags/example_sensors.py for tasks to queue
[2024-09-09T08:32:16.870+0000] {logging_mixin.py:190} INFO - [2024-09-09T08:32:16.869+0000] {dagbag.py:587} INFO - Filling up the DagBag from /home/airflow/.local/lib/python3.12/site-packages/airflow/example_dags/example_sensors.py
[2024-09-09T08:32:16.879+0000] {processor.py:925} INFO - DAG(s) 'example_sensors' retrieved from /home/airflow/.local/lib/python3.12/site-packages/airflow/example_dags/example_sensors.py
[2024-09-09T08:32:16.900+0000] {logging_mixin.py:190} INFO - [2024-09-09T08:32:16.900+0000] {dag.py:3229} INFO - Sync 1 DAGs
[2024-09-09T08:32:16.912+0000] {logging_mixin.py:190} INFO - [2024-09-09T08:32:16.912+0000] {dag.py:4156} INFO - Setting next_dagrun for example_sensors to None, run_after=None
[2024-09-09T08:32:16.929+0000] {processor.py:208} INFO - Processing /home/airflow/.local/lib/python3.12/site-packages/airflow/example_dags/example_sensors.py took 0.069 seconds
[2024-09-09T08:32:47.832+0000] {processor.py:186} INFO - Started process (PID=16233) to work on /home/airflow/.local/lib/python3.12/site-packages/airflow/example_dags/example_sensors.py
[2024-09-09T08:32:47.833+0000] {processor.py:914} INFO - Processing file /home/airflow/.local/lib/python3.12/site-packages/airflow/example_dags/example_sensors.py for tasks to queue
[2024-09-09T08:32:47.835+0000] {logging_mixin.py:190} INFO - [2024-09-09T08:32:47.835+0000] {dagbag.py:587} INFO - Filling up the DagBag from /home/airflow/.local/lib/python3.12/site-packages/airflow/example_dags/example_sensors.py
[2024-09-09T08:32:47.845+0000] {processor.py:925} INFO - DAG(s) 'example_sensors' retrieved from /home/airflow/.local/lib/python3.12/site-packages/airflow/example_dags/example_sensors.py
[2024-09-09T08:32:47.870+0000] {logging_mixin.py:190} INFO - [2024-09-09T08:32:47.870+0000] {dag.py:3229} INFO - Sync 1 DAGs
[2024-09-09T08:32:47.882+0000] {logging_mixin.py:190} INFO - [2024-09-09T08:32:47.882+0000] {dag.py:4156} INFO - Setting next_dagrun for example_sensors to None, run_after=None
[2024-09-09T08:32:47.903+0000] {processor.py:208} INFO - Processing /home/airflow/.local/lib/python3.12/site-packages/airflow/example_dags/example_sensors.py took 0.076 seconds
[2024-09-09T08:33:18.801+0000] {processor.py:186} INFO - Started process (PID=16519) to work on /home/airflow/.local/lib/python3.12/site-packages/airflow/example_dags/example_sensors.py
[2024-09-09T08:33:18.802+0000] {processor.py:914} INFO - Processing file /home/airflow/.local/lib/python3.12/site-packages/airflow/example_dags/example_sensors.py for tasks to queue
[2024-09-09T08:33:18.805+0000] {logging_mixin.py:190} INFO - [2024-09-09T08:33:18.805+0000] {dagbag.py:587} INFO - Filling up the DagBag from /home/airflow/.local/lib/python3.12/site-packages/airflow/example_dags/example_sensors.py
[2024-09-09T08:33:18.818+0000] {processor.py:925} INFO - DAG(s) 'example_sensors' retrieved from /home/airflow/.local/lib/python3.12/site-packages/airflow/example_dags/example_sensors.py
[2024-09-09T08:33:18.851+0000] {logging_mixin.py:190} INFO - [2024-09-09T08:33:18.851+0000] {dag.py:3229} INFO - Sync 1 DAGs
[2024-09-09T08:33:19.066+0000] {logging_mixin.py:190} INFO - [2024-09-09T08:33:19.066+0000] {dag.py:4156} INFO - Setting next_dagrun for example_sensors to None, run_after=None
[2024-09-09T08:33:19.098+0000] {processor.py:208} INFO - Processing /home/airflow/.local/lib/python3.12/site-packages/airflow/example_dags/example_sensors.py took 0.305 seconds
[2024-09-09T08:33:49.221+0000] {processor.py:186} INFO - Started process (PID=16805) to work on /home/airflow/.local/lib/python3.12/site-packages/airflow/example_dags/example_sensors.py
[2024-09-09T08:33:49.221+0000] {processor.py:914} INFO - Processing file /home/airflow/.local/lib/python3.12/site-packages/airflow/example_dags/example_sensors.py for tasks to queue
[2024-09-09T08:33:49.223+0000] {logging_mixin.py:190} INFO - [2024-09-09T08:33:49.223+0000] {dagbag.py:587} INFO - Filling up the DagBag from /home/airflow/.local/lib/python3.12/site-packages/airflow/example_dags/example_sensors.py
[2024-09-09T08:33:49.231+0000] {processor.py:925} INFO - DAG(s) 'example_sensors' retrieved from /home/airflow/.local/lib/python3.12/site-packages/airflow/example_dags/example_sensors.py
[2024-09-09T08:33:49.260+0000] {logging_mixin.py:190} INFO - [2024-09-09T08:33:49.260+0000] {dag.py:3229} INFO - Sync 1 DAGs
[2024-09-09T08:33:49.274+0000] {logging_mixin.py:190} INFO - [2024-09-09T08:33:49.274+0000] {dag.py:4156} INFO - Setting next_dagrun for example_sensors to None, run_after=None
[2024-09-09T08:33:49.433+0000] {processor.py:208} INFO - Processing /home/airflow/.local/lib/python3.12/site-packages/airflow/example_dags/example_sensors.py took 0.217 seconds
[2024-09-09T08:34:19.985+0000] {processor.py:186} INFO - Started process (PID=17093) to work on /home/airflow/.local/lib/python3.12/site-packages/airflow/example_dags/example_sensors.py
[2024-09-09T08:34:19.986+0000] {processor.py:914} INFO - Processing file /home/airflow/.local/lib/python3.12/site-packages/airflow/example_dags/example_sensors.py for tasks to queue
[2024-09-09T08:34:19.988+0000] {logging_mixin.py:190} INFO - [2024-09-09T08:34:19.988+0000] {dagbag.py:587} INFO - Filling up the DagBag from /home/airflow/.local/lib/python3.12/site-packages/airflow/example_dags/example_sensors.py
[2024-09-09T08:34:19.999+0000] {processor.py:925} INFO - DAG(s) 'example_sensors' retrieved from /home/airflow/.local/lib/python3.12/site-packages/airflow/example_dags/example_sensors.py
[2024-09-09T08:34:20.030+0000] {logging_mixin.py:190} INFO - [2024-09-09T08:34:20.029+0000] {dag.py:3229} INFO - Sync 1 DAGs
[2024-09-09T08:34:20.045+0000] {logging_mixin.py:190} INFO - [2024-09-09T08:34:20.045+0000] {dag.py:4156} INFO - Setting next_dagrun for example_sensors to None, run_after=None
[2024-09-09T08:34:20.067+0000] {processor.py:208} INFO - Processing /home/airflow/.local/lib/python3.12/site-packages/airflow/example_dags/example_sensors.py took 0.088 seconds
[2024-09-09T08:34:50.831+0000] {processor.py:186} INFO - Started process (PID=17379) to work on /home/airflow/.local/lib/python3.12/site-packages/airflow/example_dags/example_sensors.py
[2024-09-09T08:34:50.833+0000] {processor.py:914} INFO - Processing file /home/airflow/.local/lib/python3.12/site-packages/airflow/example_dags/example_sensors.py for tasks to queue
[2024-09-09T08:34:50.837+0000] {logging_mixin.py:190} INFO - [2024-09-09T08:34:50.836+0000] {dagbag.py:587} INFO - Filling up the DagBag from /home/airflow/.local/lib/python3.12/site-packages/airflow/example_dags/example_sensors.py
[2024-09-09T08:34:50.853+0000] {processor.py:925} INFO - DAG(s) 'example_sensors' retrieved from /home/airflow/.local/lib/python3.12/site-packages/airflow/example_dags/example_sensors.py
[2024-09-09T08:34:50.881+0000] {logging_mixin.py:190} INFO - [2024-09-09T08:34:50.881+0000] {dag.py:3229} INFO - Sync 1 DAGs
[2024-09-09T08:34:50.902+0000] {logging_mixin.py:190} INFO - [2024-09-09T08:34:50.902+0000] {dag.py:4156} INFO - Setting next_dagrun for example_sensors to None, run_after=None
[2024-09-09T08:34:50.931+0000] {processor.py:208} INFO - Processing /home/airflow/.local/lib/python3.12/site-packages/airflow/example_dags/example_sensors.py took 0.111 seconds
[2024-09-09T08:35:21.829+0000] {processor.py:186} INFO - Started process (PID=17665) to work on /home/airflow/.local/lib/python3.12/site-packages/airflow/example_dags/example_sensors.py
[2024-09-09T08:35:21.830+0000] {processor.py:914} INFO - Processing file /home/airflow/.local/lib/python3.12/site-packages/airflow/example_dags/example_sensors.py for tasks to queue
[2024-09-09T08:35:21.832+0000] {logging_mixin.py:190} INFO - [2024-09-09T08:35:21.832+0000] {dagbag.py:587} INFO - Filling up the DagBag from /home/airflow/.local/lib/python3.12/site-packages/airflow/example_dags/example_sensors.py
[2024-09-09T08:35:21.842+0000] {processor.py:925} INFO - DAG(s) 'example_sensors' retrieved from /home/airflow/.local/lib/python3.12/site-packages/airflow/example_dags/example_sensors.py
[2024-09-09T08:35:21.866+0000] {logging_mixin.py:190} INFO - [2024-09-09T08:35:21.866+0000] {dag.py:3229} INFO - Sync 1 DAGs
[2024-09-09T08:35:21.889+0000] {logging_mixin.py:190} INFO - [2024-09-09T08:35:21.889+0000] {dag.py:4156} INFO - Setting next_dagrun for example_sensors to None, run_after=None
[2024-09-09T08:35:21.941+0000] {processor.py:208} INFO - Processing /home/airflow/.local/lib/python3.12/site-packages/airflow/example_dags/example_sensors.py took 0.118 seconds
[2024-09-09T08:35:52.031+0000] {processor.py:186} INFO - Started process (PID=17951) to work on /home/airflow/.local/lib/python3.12/site-packages/airflow/example_dags/example_sensors.py
[2024-09-09T08:35:52.032+0000] {processor.py:914} INFO - Processing file /home/airflow/.local/lib/python3.12/site-packages/airflow/example_dags/example_sensors.py for tasks to queue
[2024-09-09T08:35:52.034+0000] {logging_mixin.py:190} INFO - [2024-09-09T08:35:52.034+0000] {dagbag.py:587} INFO - Filling up the DagBag from /home/airflow/.local/lib/python3.12/site-packages/airflow/example_dags/example_sensors.py
[2024-09-09T08:35:52.045+0000] {processor.py:925} INFO - DAG(s) 'example_sensors' retrieved from /home/airflow/.local/lib/python3.12/site-packages/airflow/example_dags/example_sensors.py
[2024-09-09T08:35:52.068+0000] {logging_mixin.py:190} INFO - [2024-09-09T08:35:52.067+0000] {dag.py:3229} INFO - Sync 1 DAGs
[2024-09-09T08:35:52.080+0000] {logging_mixin.py:190} INFO - [2024-09-09T08:35:52.080+0000] {dag.py:4156} INFO - Setting next_dagrun for example_sensors to None, run_after=None
[2024-09-09T08:35:52.100+0000] {processor.py:208} INFO - Processing /home/airflow/.local/lib/python3.12/site-packages/airflow/example_dags/example_sensors.py took 0.076 seconds
[2024-09-09T08:36:22.301+0000] {processor.py:186} INFO - Started process (PID=18235) to work on /home/airflow/.local/lib/python3.12/site-packages/airflow/example_dags/example_sensors.py
[2024-09-09T08:36:22.302+0000] {processor.py:914} INFO - Processing file /home/airflow/.local/lib/python3.12/site-packages/airflow/example_dags/example_sensors.py for tasks to queue
[2024-09-09T08:36:22.304+0000] {logging_mixin.py:190} INFO - [2024-09-09T08:36:22.304+0000] {dagbag.py:587} INFO - Filling up the DagBag from /home/airflow/.local/lib/python3.12/site-packages/airflow/example_dags/example_sensors.py
[2024-09-09T08:36:22.313+0000] {processor.py:925} INFO - DAG(s) 'example_sensors' retrieved from /home/airflow/.local/lib/python3.12/site-packages/airflow/example_dags/example_sensors.py
[2024-09-09T08:36:22.339+0000] {logging_mixin.py:190} INFO - [2024-09-09T08:36:22.338+0000] {dag.py:3229} INFO - Sync 1 DAGs
[2024-09-09T08:36:22.355+0000] {logging_mixin.py:190} INFO - [2024-09-09T08:36:22.355+0000] {dag.py:4156} INFO - Setting next_dagrun for example_sensors to None, run_after=None
[2024-09-09T08:36:22.374+0000] {processor.py:208} INFO - Processing /home/airflow/.local/lib/python3.12/site-packages/airflow/example_dags/example_sensors.py took 0.079 seconds
[2024-09-09T08:36:53.209+0000] {processor.py:186} INFO - Started process (PID=18523) to work on /home/airflow/.local/lib/python3.12/site-packages/airflow/example_dags/example_sensors.py
[2024-09-09T08:36:53.210+0000] {processor.py:914} INFO - Processing file /home/airflow/.local/lib/python3.12/site-packages/airflow/example_dags/example_sensors.py for tasks to queue
[2024-09-09T08:36:53.213+0000] {logging_mixin.py:190} INFO - [2024-09-09T08:36:53.212+0000] {dagbag.py:587} INFO - Filling up the DagBag from /home/airflow/.local/lib/python3.12/site-packages/airflow/example_dags/example_sensors.py
[2024-09-09T08:36:53.223+0000] {processor.py:925} INFO - DAG(s) 'example_sensors' retrieved from /home/airflow/.local/lib/python3.12/site-packages/airflow/example_dags/example_sensors.py
[2024-09-09T08:36:53.246+0000] {logging_mixin.py:190} INFO - [2024-09-09T08:36:53.246+0000] {dag.py:3229} INFO - Sync 1 DAGs
[2024-09-09T08:36:53.258+0000] {logging_mixin.py:190} INFO - [2024-09-09T08:36:53.257+0000] {dag.py:4156} INFO - Setting next_dagrun for example_sensors to None, run_after=None
[2024-09-09T08:36:53.276+0000] {processor.py:208} INFO - Processing /home/airflow/.local/lib/python3.12/site-packages/airflow/example_dags/example_sensors.py took 0.073 seconds
[2024-09-09T08:37:23.451+0000] {processor.py:186} INFO - Started process (PID=18809) to work on /home/airflow/.local/lib/python3.12/site-packages/airflow/example_dags/example_sensors.py
[2024-09-09T08:37:23.452+0000] {processor.py:914} INFO - Processing file /home/airflow/.local/lib/python3.12/site-packages/airflow/example_dags/example_sensors.py for tasks to queue
[2024-09-09T08:37:23.454+0000] {logging_mixin.py:190} INFO - [2024-09-09T08:37:23.454+0000] {dagbag.py:587} INFO - Filling up the DagBag from /home/airflow/.local/lib/python3.12/site-packages/airflow/example_dags/example_sensors.py
[2024-09-09T08:37:23.465+0000] {processor.py:925} INFO - DAG(s) 'example_sensors' retrieved from /home/airflow/.local/lib/python3.12/site-packages/airflow/example_dags/example_sensors.py
[2024-09-09T08:37:23.491+0000] {logging_mixin.py:190} INFO - [2024-09-09T08:37:23.491+0000] {dag.py:3229} INFO - Sync 1 DAGs
[2024-09-09T08:37:23.505+0000] {logging_mixin.py:190} INFO - [2024-09-09T08:37:23.504+0000] {dag.py:4156} INFO - Setting next_dagrun for example_sensors to None, run_after=None
[2024-09-09T08:37:23.524+0000] {processor.py:208} INFO - Processing /home/airflow/.local/lib/python3.12/site-packages/airflow/example_dags/example_sensors.py took 0.079 seconds
[2024-09-09T08:37:54.039+0000] {processor.py:186} INFO - Started process (PID=19095) to work on /home/airflow/.local/lib/python3.12/site-packages/airflow/example_dags/example_sensors.py
[2024-09-09T08:37:54.040+0000] {processor.py:914} INFO - Processing file /home/airflow/.local/lib/python3.12/site-packages/airflow/example_dags/example_sensors.py for tasks to queue
[2024-09-09T08:37:54.044+0000] {logging_mixin.py:190} INFO - [2024-09-09T08:37:54.043+0000] {dagbag.py:587} INFO - Filling up the DagBag from /home/airflow/.local/lib/python3.12/site-packages/airflow/example_dags/example_sensors.py
[2024-09-09T08:37:54.060+0000] {processor.py:925} INFO - DAG(s) 'example_sensors' retrieved from /home/airflow/.local/lib/python3.12/site-packages/airflow/example_dags/example_sensors.py
[2024-09-09T08:37:54.097+0000] {logging_mixin.py:190} INFO - [2024-09-09T08:37:54.097+0000] {dag.py:3229} INFO - Sync 1 DAGs
[2024-09-09T08:37:54.118+0000] {logging_mixin.py:190} INFO - [2024-09-09T08:37:54.118+0000] {dag.py:4156} INFO - Setting next_dagrun for example_sensors to None, run_after=None
[2024-09-09T08:37:54.142+0000] {processor.py:208} INFO - Processing /home/airflow/.local/lib/python3.12/site-packages/airflow/example_dags/example_sensors.py took 0.112 seconds
[2024-09-09T08:38:24.814+0000] {processor.py:186} INFO - Started process (PID=19381) to work on /home/airflow/.local/lib/python3.12/site-packages/airflow/example_dags/example_sensors.py
[2024-09-09T08:38:24.816+0000] {processor.py:914} INFO - Processing file /home/airflow/.local/lib/python3.12/site-packages/airflow/example_dags/example_sensors.py for tasks to queue
[2024-09-09T08:38:24.819+0000] {logging_mixin.py:190} INFO - [2024-09-09T08:38:24.818+0000] {dagbag.py:587} INFO - Filling up the DagBag from /home/airflow/.local/lib/python3.12/site-packages/airflow/example_dags/example_sensors.py
[2024-09-09T08:38:24.831+0000] {processor.py:925} INFO - DAG(s) 'example_sensors' retrieved from /home/airflow/.local/lib/python3.12/site-packages/airflow/example_dags/example_sensors.py
[2024-09-09T08:38:24.861+0000] {logging_mixin.py:190} INFO - [2024-09-09T08:38:24.861+0000] {dag.py:3229} INFO - Sync 1 DAGs
[2024-09-09T08:38:24.877+0000] {logging_mixin.py:190} INFO - [2024-09-09T08:38:24.877+0000] {dag.py:4156} INFO - Setting next_dagrun for example_sensors to None, run_after=None
[2024-09-09T08:38:24.899+0000] {processor.py:208} INFO - Processing /home/airflow/.local/lib/python3.12/site-packages/airflow/example_dags/example_sensors.py took 0.091 seconds
[2024-09-09T08:38:55.253+0000] {processor.py:186} INFO - Started process (PID=19667) to work on /home/airflow/.local/lib/python3.12/site-packages/airflow/example_dags/example_sensors.py
[2024-09-09T08:38:55.258+0000] {processor.py:914} INFO - Processing file /home/airflow/.local/lib/python3.12/site-packages/airflow/example_dags/example_sensors.py for tasks to queue
[2024-09-09T08:38:55.266+0000] {logging_mixin.py:190} INFO - [2024-09-09T08:38:55.265+0000] {dagbag.py:587} INFO - Filling up the DagBag from /home/airflow/.local/lib/python3.12/site-packages/airflow/example_dags/example_sensors.py
[2024-09-09T08:38:55.292+0000] {processor.py:925} INFO - DAG(s) 'example_sensors' retrieved from /home/airflow/.local/lib/python3.12/site-packages/airflow/example_dags/example_sensors.py
[2024-09-09T08:38:55.349+0000] {logging_mixin.py:190} INFO - [2024-09-09T08:38:55.348+0000] {dag.py:3229} INFO - Sync 1 DAGs
[2024-09-09T08:38:55.365+0000] {logging_mixin.py:190} INFO - [2024-09-09T08:38:55.365+0000] {dag.py:4156} INFO - Setting next_dagrun for example_sensors to None, run_after=None
[2024-09-09T08:38:55.387+0000] {processor.py:208} INFO - Processing /home/airflow/.local/lib/python3.12/site-packages/airflow/example_dags/example_sensors.py took 0.146 seconds
[2024-09-09T08:39:25.553+0000] {processor.py:186} INFO - Started process (PID=19953) to work on /home/airflow/.local/lib/python3.12/site-packages/airflow/example_dags/example_sensors.py
[2024-09-09T08:39:25.555+0000] {processor.py:914} INFO - Processing file /home/airflow/.local/lib/python3.12/site-packages/airflow/example_dags/example_sensors.py for tasks to queue
[2024-09-09T08:39:25.557+0000] {logging_mixin.py:190} INFO - [2024-09-09T08:39:25.557+0000] {dagbag.py:587} INFO - Filling up the DagBag from /home/airflow/.local/lib/python3.12/site-packages/airflow/example_dags/example_sensors.py
[2024-09-09T08:39:25.569+0000] {processor.py:925} INFO - DAG(s) 'example_sensors' retrieved from /home/airflow/.local/lib/python3.12/site-packages/airflow/example_dags/example_sensors.py
[2024-09-09T08:39:25.595+0000] {logging_mixin.py:190} INFO - [2024-09-09T08:39:25.595+0000] {dag.py:3229} INFO - Sync 1 DAGs
[2024-09-09T08:39:25.610+0000] {logging_mixin.py:190} INFO - [2024-09-09T08:39:25.610+0000] {dag.py:4156} INFO - Setting next_dagrun for example_sensors to None, run_after=None
[2024-09-09T08:39:25.632+0000] {processor.py:208} INFO - Processing /home/airflow/.local/lib/python3.12/site-packages/airflow/example_dags/example_sensors.py took 0.084 seconds
[2024-09-09T08:39:55.791+0000] {processor.py:186} INFO - Started process (PID=20239) to work on /home/airflow/.local/lib/python3.12/site-packages/airflow/example_dags/example_sensors.py
[2024-09-09T08:39:55.793+0000] {processor.py:914} INFO - Processing file /home/airflow/.local/lib/python3.12/site-packages/airflow/example_dags/example_sensors.py for tasks to queue
[2024-09-09T08:39:55.796+0000] {logging_mixin.py:190} INFO - [2024-09-09T08:39:55.796+0000] {dagbag.py:587} INFO - Filling up the DagBag from /home/airflow/.local/lib/python3.12/site-packages/airflow/example_dags/example_sensors.py
[2024-09-09T08:39:55.805+0000] {processor.py:925} INFO - DAG(s) 'example_sensors' retrieved from /home/airflow/.local/lib/python3.12/site-packages/airflow/example_dags/example_sensors.py
[2024-09-09T08:39:55.829+0000] {logging_mixin.py:190} INFO - [2024-09-09T08:39:55.828+0000] {dag.py:3229} INFO - Sync 1 DAGs
[2024-09-09T08:39:55.840+0000] {logging_mixin.py:190} INFO - [2024-09-09T08:39:55.840+0000] {dag.py:4156} INFO - Setting next_dagrun for example_sensors to None, run_after=None
[2024-09-09T08:39:55.859+0000] {processor.py:208} INFO - Processing /home/airflow/.local/lib/python3.12/site-packages/airflow/example_dags/example_sensors.py took 0.077 seconds
[2024-09-09T08:40:26.574+0000] {processor.py:186} INFO - Started process (PID=20523) to work on /home/airflow/.local/lib/python3.12/site-packages/airflow/example_dags/example_sensors.py
[2024-09-09T08:40:26.575+0000] {processor.py:914} INFO - Processing file /home/airflow/.local/lib/python3.12/site-packages/airflow/example_dags/example_sensors.py for tasks to queue
[2024-09-09T08:40:26.578+0000] {logging_mixin.py:190} INFO - [2024-09-09T08:40:26.577+0000] {dagbag.py:587} INFO - Filling up the DagBag from /home/airflow/.local/lib/python3.12/site-packages/airflow/example_dags/example_sensors.py
[2024-09-09T08:40:26.587+0000] {processor.py:925} INFO - DAG(s) 'example_sensors' retrieved from /home/airflow/.local/lib/python3.12/site-packages/airflow/example_dags/example_sensors.py
[2024-09-09T08:40:26.612+0000] {logging_mixin.py:190} INFO - [2024-09-09T08:40:26.612+0000] {dag.py:3229} INFO - Sync 1 DAGs
[2024-09-09T08:40:26.628+0000] {logging_mixin.py:190} INFO - [2024-09-09T08:40:26.627+0000] {dag.py:4156} INFO - Setting next_dagrun for example_sensors to None, run_after=None
[2024-09-09T08:40:26.650+0000] {processor.py:208} INFO - Processing /home/airflow/.local/lib/python3.12/site-packages/airflow/example_dags/example_sensors.py took 0.082 seconds
[2024-09-09T08:40:57.922+0000] {processor.py:186} INFO - Started process (PID=20811) to work on /home/airflow/.local/lib/python3.12/site-packages/airflow/example_dags/example_sensors.py
[2024-09-09T08:40:57.923+0000] {processor.py:914} INFO - Processing file /home/airflow/.local/lib/python3.12/site-packages/airflow/example_dags/example_sensors.py for tasks to queue
[2024-09-09T08:40:57.926+0000] {logging_mixin.py:190} INFO - [2024-09-09T08:40:57.925+0000] {dagbag.py:587} INFO - Filling up the DagBag from /home/airflow/.local/lib/python3.12/site-packages/airflow/example_dags/example_sensors.py
[2024-09-09T08:40:57.937+0000] {processor.py:925} INFO - DAG(s) 'example_sensors' retrieved from /home/airflow/.local/lib/python3.12/site-packages/airflow/example_dags/example_sensors.py
[2024-09-09T08:40:57.965+0000] {logging_mixin.py:190} INFO - [2024-09-09T08:40:57.965+0000] {dag.py:3229} INFO - Sync 1 DAGs
[2024-09-09T08:40:57.980+0000] {logging_mixin.py:190} INFO - [2024-09-09T08:40:57.980+0000] {dag.py:4156} INFO - Setting next_dagrun for example_sensors to None, run_after=None
[2024-09-09T08:40:58.002+0000] {processor.py:208} INFO - Processing /home/airflow/.local/lib/python3.12/site-packages/airflow/example_dags/example_sensors.py took 0.087 seconds
[2024-09-09T08:41:28.925+0000] {processor.py:186} INFO - Started process (PID=21096) to work on /home/airflow/.local/lib/python3.12/site-packages/airflow/example_dags/example_sensors.py
[2024-09-09T08:41:28.926+0000] {processor.py:914} INFO - Processing file /home/airflow/.local/lib/python3.12/site-packages/airflow/example_dags/example_sensors.py for tasks to queue
[2024-09-09T08:41:28.928+0000] {logging_mixin.py:190} INFO - [2024-09-09T08:41:28.928+0000] {dagbag.py:587} INFO - Filling up the DagBag from /home/airflow/.local/lib/python3.12/site-packages/airflow/example_dags/example_sensors.py
[2024-09-09T08:41:28.938+0000] {processor.py:925} INFO - DAG(s) 'example_sensors' retrieved from /home/airflow/.local/lib/python3.12/site-packages/airflow/example_dags/example_sensors.py
[2024-09-09T08:41:28.959+0000] {logging_mixin.py:190} INFO - [2024-09-09T08:41:28.959+0000] {dag.py:3229} INFO - Sync 1 DAGs
[2024-09-09T08:41:28.970+0000] {logging_mixin.py:190} INFO - [2024-09-09T08:41:28.970+0000] {dag.py:4156} INFO - Setting next_dagrun for example_sensors to None, run_after=None
[2024-09-09T08:41:28.989+0000] {processor.py:208} INFO - Processing /home/airflow/.local/lib/python3.12/site-packages/airflow/example_dags/example_sensors.py took 0.069 seconds
