[2024-09-09T08:04:18.998+0000] {processor.py:186} INFO - Started process (PID=265) to work on /home/airflow/.local/lib/python3.12/site-packages/airflow/example_dags/example_setup_teardown.py
[2024-09-09T08:04:19.000+0000] {processor.py:914} INFO - Processing file /home/airflow/.local/lib/python3.12/site-packages/airflow/example_dags/example_setup_teardown.py for tasks to queue
[2024-09-09T08:04:19.004+0000] {logging_mixin.py:190} INFO - [2024-09-09T08:04:19.003+0000] {dagbag.py:587} INFO - Filling up the DagBag from /home/airflow/.local/lib/python3.12/site-packages/airflow/example_dags/example_setup_teardown.py
[2024-09-09T08:04:19.020+0000] {processor.py:925} INFO - DAG(s) 'example_setup_teardown' retrieved from /home/airflow/.local/lib/python3.12/site-packages/airflow/example_dags/example_setup_teardown.py
[2024-09-09T08:04:19.189+0000] {logging_mixin.py:190} INFO - [2024-09-09T08:04:19.188+0000] {override.py:1900} INFO - Created Permission View: can edit on DAG:example_setup_teardown
[2024-09-09T08:04:19.207+0000] {logging_mixin.py:190} INFO - [2024-09-09T08:04:19.206+0000] {override.py:1900} INFO - Created Permission View: can delete on DAG:example_setup_teardown
[2024-09-09T08:04:19.225+0000] {logging_mixin.py:190} INFO - [2024-09-09T08:04:19.224+0000] {override.py:1900} INFO - Created Permission View: can read on DAG:example_setup_teardown
[2024-09-09T08:04:19.244+0000] {logging_mixin.py:190} INFO - [2024-09-09T08:04:19.244+0000] {override.py:1900} INFO - Created Permission View: can create on DAG Run:example_setup_teardown
[2024-09-09T08:04:19.255+0000] {logging_mixin.py:190} INFO - [2024-09-09T08:04:19.255+0000] {override.py:1900} INFO - Created Permission View: can delete on DAG Run:example_setup_teardown
[2024-09-09T08:04:19.268+0000] {logging_mixin.py:190} INFO - [2024-09-09T08:04:19.267+0000] {override.py:1900} INFO - Created Permission View: menu access on DAG Run:example_setup_teardown
[2024-09-09T08:04:19.281+0000] {logging_mixin.py:190} INFO - [2024-09-09T08:04:19.280+0000] {override.py:1900} INFO - Created Permission View: can read on DAG Run:example_setup_teardown
[2024-09-09T08:04:19.282+0000] {logging_mixin.py:190} INFO - [2024-09-09T08:04:19.281+0000] {dag.py:3229} INFO - Sync 1 DAGs
[2024-09-09T08:04:19.300+0000] {logging_mixin.py:190} INFO - [2024-09-09T08:04:19.300+0000] {dag.py:3252} INFO - Creating ORM DAG for example_setup_teardown
[2024-09-09T08:04:19.302+0000] {logging_mixin.py:190} INFO - [2024-09-09T08:04:19.302+0000] {dag.py:4156} INFO - Setting next_dagrun for example_setup_teardown to None, run_after=None
[2024-09-09T08:04:19.329+0000] {processor.py:208} INFO - Processing /home/airflow/.local/lib/python3.12/site-packages/airflow/example_dags/example_setup_teardown.py took 0.339 seconds
[2024-09-09T08:04:49.670+0000] {processor.py:186} INFO - Started process (PID=551) to work on /home/airflow/.local/lib/python3.12/site-packages/airflow/example_dags/example_setup_teardown.py
[2024-09-09T08:04:49.672+0000] {processor.py:914} INFO - Processing file /home/airflow/.local/lib/python3.12/site-packages/airflow/example_dags/example_setup_teardown.py for tasks to queue
[2024-09-09T08:04:49.675+0000] {logging_mixin.py:190} INFO - [2024-09-09T08:04:49.675+0000] {dagbag.py:587} INFO - Filling up the DagBag from /home/airflow/.local/lib/python3.12/site-packages/airflow/example_dags/example_setup_teardown.py
[2024-09-09T08:04:49.688+0000] {processor.py:925} INFO - DAG(s) 'example_setup_teardown' retrieved from /home/airflow/.local/lib/python3.12/site-packages/airflow/example_dags/example_setup_teardown.py
[2024-09-09T08:04:49.723+0000] {logging_mixin.py:190} INFO - [2024-09-09T08:04:49.723+0000] {dag.py:3229} INFO - Sync 1 DAGs
[2024-09-09T08:04:49.764+0000] {logging_mixin.py:190} INFO - [2024-09-09T08:04:49.763+0000] {dag.py:4156} INFO - Setting next_dagrun for example_setup_teardown to None, run_after=None
[2024-09-09T08:04:49.841+0000] {processor.py:208} INFO - Processing /home/airflow/.local/lib/python3.12/site-packages/airflow/example_dags/example_setup_teardown.py took 0.177 seconds
[2024-09-09T08:05:20.177+0000] {processor.py:186} INFO - Started process (PID=837) to work on /home/airflow/.local/lib/python3.12/site-packages/airflow/example_dags/example_setup_teardown.py
[2024-09-09T08:05:20.179+0000] {processor.py:914} INFO - Processing file /home/airflow/.local/lib/python3.12/site-packages/airflow/example_dags/example_setup_teardown.py for tasks to queue
[2024-09-09T08:05:20.182+0000] {logging_mixin.py:190} INFO - [2024-09-09T08:05:20.182+0000] {dagbag.py:587} INFO - Filling up the DagBag from /home/airflow/.local/lib/python3.12/site-packages/airflow/example_dags/example_setup_teardown.py
[2024-09-09T08:05:20.193+0000] {processor.py:925} INFO - DAG(s) 'example_setup_teardown' retrieved from /home/airflow/.local/lib/python3.12/site-packages/airflow/example_dags/example_setup_teardown.py
[2024-09-09T08:05:20.223+0000] {logging_mixin.py:190} INFO - [2024-09-09T08:05:20.223+0000] {dag.py:3229} INFO - Sync 1 DAGs
[2024-09-09T08:05:20.245+0000] {logging_mixin.py:190} INFO - [2024-09-09T08:05:20.245+0000] {dag.py:4156} INFO - Setting next_dagrun for example_setup_teardown to None, run_after=None
[2024-09-09T08:05:20.274+0000] {processor.py:208} INFO - Processing /home/airflow/.local/lib/python3.12/site-packages/airflow/example_dags/example_setup_teardown.py took 0.104 seconds
[2024-09-09T08:05:51.065+0000] {processor.py:186} INFO - Started process (PID=1120) to work on /home/airflow/.local/lib/python3.12/site-packages/airflow/example_dags/example_setup_teardown.py
[2024-09-09T08:05:51.066+0000] {processor.py:914} INFO - Processing file /home/airflow/.local/lib/python3.12/site-packages/airflow/example_dags/example_setup_teardown.py for tasks to queue
[2024-09-09T08:05:51.072+0000] {logging_mixin.py:190} INFO - [2024-09-09T08:05:51.071+0000] {dagbag.py:587} INFO - Filling up the DagBag from /home/airflow/.local/lib/python3.12/site-packages/airflow/example_dags/example_setup_teardown.py
[2024-09-09T08:05:51.083+0000] {processor.py:925} INFO - DAG(s) 'example_setup_teardown' retrieved from /home/airflow/.local/lib/python3.12/site-packages/airflow/example_dags/example_setup_teardown.py
[2024-09-09T08:05:51.113+0000] {logging_mixin.py:190} INFO - [2024-09-09T08:05:51.112+0000] {dag.py:3229} INFO - Sync 1 DAGs
[2024-09-09T08:05:51.140+0000] {logging_mixin.py:190} INFO - [2024-09-09T08:05:51.139+0000] {dag.py:4156} INFO - Setting next_dagrun for example_setup_teardown to None, run_after=None
[2024-09-09T08:05:51.176+0000] {processor.py:208} INFO - Processing /home/airflow/.local/lib/python3.12/site-packages/airflow/example_dags/example_setup_teardown.py took 0.121 seconds
[2024-09-09T08:06:22.107+0000] {processor.py:186} INFO - Started process (PID=1409) to work on /home/airflow/.local/lib/python3.12/site-packages/airflow/example_dags/example_setup_teardown.py
[2024-09-09T08:06:22.109+0000] {processor.py:914} INFO - Processing file /home/airflow/.local/lib/python3.12/site-packages/airflow/example_dags/example_setup_teardown.py for tasks to queue
[2024-09-09T08:06:22.111+0000] {logging_mixin.py:190} INFO - [2024-09-09T08:06:22.111+0000] {dagbag.py:587} INFO - Filling up the DagBag from /home/airflow/.local/lib/python3.12/site-packages/airflow/example_dags/example_setup_teardown.py
[2024-09-09T08:06:22.117+0000] {processor.py:925} INFO - DAG(s) 'example_setup_teardown' retrieved from /home/airflow/.local/lib/python3.12/site-packages/airflow/example_dags/example_setup_teardown.py
[2024-09-09T08:06:22.135+0000] {logging_mixin.py:190} INFO - [2024-09-09T08:06:22.135+0000] {dag.py:3229} INFO - Sync 1 DAGs
[2024-09-09T08:06:22.147+0000] {logging_mixin.py:190} INFO - [2024-09-09T08:06:22.147+0000] {dag.py:4156} INFO - Setting next_dagrun for example_setup_teardown to None, run_after=None
[2024-09-09T08:06:22.167+0000] {processor.py:208} INFO - Processing /home/airflow/.local/lib/python3.12/site-packages/airflow/example_dags/example_setup_teardown.py took 0.065 seconds
[2024-09-09T08:06:52.971+0000] {processor.py:186} INFO - Started process (PID=1695) to work on /home/airflow/.local/lib/python3.12/site-packages/airflow/example_dags/example_setup_teardown.py
[2024-09-09T08:06:52.972+0000] {processor.py:914} INFO - Processing file /home/airflow/.local/lib/python3.12/site-packages/airflow/example_dags/example_setup_teardown.py for tasks to queue
[2024-09-09T08:06:52.974+0000] {logging_mixin.py:190} INFO - [2024-09-09T08:06:52.974+0000] {dagbag.py:587} INFO - Filling up the DagBag from /home/airflow/.local/lib/python3.12/site-packages/airflow/example_dags/example_setup_teardown.py
[2024-09-09T08:06:52.982+0000] {processor.py:925} INFO - DAG(s) 'example_setup_teardown' retrieved from /home/airflow/.local/lib/python3.12/site-packages/airflow/example_dags/example_setup_teardown.py
[2024-09-09T08:06:53.002+0000] {logging_mixin.py:190} INFO - [2024-09-09T08:06:53.002+0000] {dag.py:3229} INFO - Sync 1 DAGs
[2024-09-09T08:06:53.014+0000] {logging_mixin.py:190} INFO - [2024-09-09T08:06:53.013+0000] {dag.py:4156} INFO - Setting next_dagrun for example_setup_teardown to None, run_after=None
[2024-09-09T08:06:53.035+0000] {processor.py:208} INFO - Processing /home/airflow/.local/lib/python3.12/site-packages/airflow/example_dags/example_setup_teardown.py took 0.069 seconds
[2024-09-09T08:07:23.600+0000] {processor.py:186} INFO - Started process (PID=1982) to work on /home/airflow/.local/lib/python3.12/site-packages/airflow/example_dags/example_setup_teardown.py
[2024-09-09T08:07:23.602+0000] {processor.py:914} INFO - Processing file /home/airflow/.local/lib/python3.12/site-packages/airflow/example_dags/example_setup_teardown.py for tasks to queue
[2024-09-09T08:07:23.605+0000] {logging_mixin.py:190} INFO - [2024-09-09T08:07:23.605+0000] {dagbag.py:587} INFO - Filling up the DagBag from /home/airflow/.local/lib/python3.12/site-packages/airflow/example_dags/example_setup_teardown.py
[2024-09-09T08:07:23.620+0000] {processor.py:925} INFO - DAG(s) 'example_setup_teardown' retrieved from /home/airflow/.local/lib/python3.12/site-packages/airflow/example_dags/example_setup_teardown.py
[2024-09-09T08:07:23.659+0000] {logging_mixin.py:190} INFO - [2024-09-09T08:07:23.658+0000] {dag.py:3229} INFO - Sync 1 DAGs
[2024-09-09T08:07:23.688+0000] {logging_mixin.py:190} INFO - [2024-09-09T08:07:23.688+0000] {dag.py:4156} INFO - Setting next_dagrun for example_setup_teardown to None, run_after=None
[2024-09-09T08:07:23.716+0000] {processor.py:208} INFO - Processing /home/airflow/.local/lib/python3.12/site-packages/airflow/example_dags/example_setup_teardown.py took 0.125 seconds
[2024-09-09T08:07:54.906+0000] {processor.py:186} INFO - Started process (PID=2268) to work on /home/airflow/.local/lib/python3.12/site-packages/airflow/example_dags/example_setup_teardown.py
[2024-09-09T08:07:54.907+0000] {processor.py:914} INFO - Processing file /home/airflow/.local/lib/python3.12/site-packages/airflow/example_dags/example_setup_teardown.py for tasks to queue
[2024-09-09T08:07:54.915+0000] {logging_mixin.py:190} INFO - [2024-09-09T08:07:54.915+0000] {dagbag.py:587} INFO - Filling up the DagBag from /home/airflow/.local/lib/python3.12/site-packages/airflow/example_dags/example_setup_teardown.py
[2024-09-09T08:07:54.931+0000] {processor.py:925} INFO - DAG(s) 'example_setup_teardown' retrieved from /home/airflow/.local/lib/python3.12/site-packages/airflow/example_dags/example_setup_teardown.py
[2024-09-09T08:07:54.968+0000] {logging_mixin.py:190} INFO - [2024-09-09T08:07:54.967+0000] {dag.py:3229} INFO - Sync 1 DAGs
[2024-09-09T08:07:54.999+0000] {logging_mixin.py:190} INFO - [2024-09-09T08:07:54.998+0000] {dag.py:4156} INFO - Setting next_dagrun for example_setup_teardown to None, run_after=None
[2024-09-09T08:07:55.033+0000] {processor.py:208} INFO - Processing /home/airflow/.local/lib/python3.12/site-packages/airflow/example_dags/example_setup_teardown.py took 0.137 seconds
[2024-09-09T08:08:26.001+0000] {processor.py:186} INFO - Started process (PID=2554) to work on /home/airflow/.local/lib/python3.12/site-packages/airflow/example_dags/example_setup_teardown.py
[2024-09-09T08:08:26.002+0000] {processor.py:914} INFO - Processing file /home/airflow/.local/lib/python3.12/site-packages/airflow/example_dags/example_setup_teardown.py for tasks to queue
[2024-09-09T08:08:26.006+0000] {logging_mixin.py:190} INFO - [2024-09-09T08:08:26.005+0000] {dagbag.py:587} INFO - Filling up the DagBag from /home/airflow/.local/lib/python3.12/site-packages/airflow/example_dags/example_setup_teardown.py
[2024-09-09T08:08:26.017+0000] {processor.py:925} INFO - DAG(s) 'example_setup_teardown' retrieved from /home/airflow/.local/lib/python3.12/site-packages/airflow/example_dags/example_setup_teardown.py
[2024-09-09T08:08:26.047+0000] {logging_mixin.py:190} INFO - [2024-09-09T08:08:26.046+0000] {dag.py:3229} INFO - Sync 1 DAGs
[2024-09-09T08:08:26.067+0000] {logging_mixin.py:190} INFO - [2024-09-09T08:08:26.067+0000] {dag.py:4156} INFO - Setting next_dagrun for example_setup_teardown to None, run_after=None
[2024-09-09T08:08:26.128+0000] {processor.py:208} INFO - Processing /home/airflow/.local/lib/python3.12/site-packages/airflow/example_dags/example_setup_teardown.py took 0.134 seconds
[2024-09-09T08:08:56.331+0000] {processor.py:186} INFO - Started process (PID=2840) to work on /home/airflow/.local/lib/python3.12/site-packages/airflow/example_dags/example_setup_teardown.py
[2024-09-09T08:08:56.333+0000] {processor.py:914} INFO - Processing file /home/airflow/.local/lib/python3.12/site-packages/airflow/example_dags/example_setup_teardown.py for tasks to queue
[2024-09-09T08:08:56.336+0000] {logging_mixin.py:190} INFO - [2024-09-09T08:08:56.335+0000] {dagbag.py:587} INFO - Filling up the DagBag from /home/airflow/.local/lib/python3.12/site-packages/airflow/example_dags/example_setup_teardown.py
[2024-09-09T08:08:56.346+0000] {processor.py:925} INFO - DAG(s) 'example_setup_teardown' retrieved from /home/airflow/.local/lib/python3.12/site-packages/airflow/example_dags/example_setup_teardown.py
[2024-09-09T08:08:56.369+0000] {logging_mixin.py:190} INFO - [2024-09-09T08:08:56.369+0000] {dag.py:3229} INFO - Sync 1 DAGs
[2024-09-09T08:08:56.396+0000] {logging_mixin.py:190} INFO - [2024-09-09T08:08:56.395+0000] {dag.py:4156} INFO - Setting next_dagrun for example_setup_teardown to None, run_after=None
[2024-09-09T08:08:56.447+0000] {processor.py:208} INFO - Processing /home/airflow/.local/lib/python3.12/site-packages/airflow/example_dags/example_setup_teardown.py took 0.123 seconds
[2024-09-09T08:09:27.153+0000] {processor.py:186} INFO - Started process (PID=3126) to work on /home/airflow/.local/lib/python3.12/site-packages/airflow/example_dags/example_setup_teardown.py
[2024-09-09T08:09:27.156+0000] {processor.py:914} INFO - Processing file /home/airflow/.local/lib/python3.12/site-packages/airflow/example_dags/example_setup_teardown.py for tasks to queue
[2024-09-09T08:09:27.159+0000] {logging_mixin.py:190} INFO - [2024-09-09T08:09:27.159+0000] {dagbag.py:587} INFO - Filling up the DagBag from /home/airflow/.local/lib/python3.12/site-packages/airflow/example_dags/example_setup_teardown.py
[2024-09-09T08:09:27.168+0000] {processor.py:925} INFO - DAG(s) 'example_setup_teardown' retrieved from /home/airflow/.local/lib/python3.12/site-packages/airflow/example_dags/example_setup_teardown.py
[2024-09-09T08:09:27.192+0000] {logging_mixin.py:190} INFO - [2024-09-09T08:09:27.191+0000] {dag.py:3229} INFO - Sync 1 DAGs
[2024-09-09T08:09:27.209+0000] {logging_mixin.py:190} INFO - [2024-09-09T08:09:27.208+0000] {dag.py:4156} INFO - Setting next_dagrun for example_setup_teardown to None, run_after=None
[2024-09-09T08:09:27.234+0000] {processor.py:208} INFO - Processing /home/airflow/.local/lib/python3.12/site-packages/airflow/example_dags/example_setup_teardown.py took 0.090 seconds
[2024-09-09T08:09:57.439+0000] {processor.py:186} INFO - Started process (PID=3412) to work on /home/airflow/.local/lib/python3.12/site-packages/airflow/example_dags/example_setup_teardown.py
[2024-09-09T08:09:57.440+0000] {processor.py:914} INFO - Processing file /home/airflow/.local/lib/python3.12/site-packages/airflow/example_dags/example_setup_teardown.py for tasks to queue
[2024-09-09T08:09:57.442+0000] {logging_mixin.py:190} INFO - [2024-09-09T08:09:57.442+0000] {dagbag.py:587} INFO - Filling up the DagBag from /home/airflow/.local/lib/python3.12/site-packages/airflow/example_dags/example_setup_teardown.py
[2024-09-09T08:09:57.450+0000] {processor.py:925} INFO - DAG(s) 'example_setup_teardown' retrieved from /home/airflow/.local/lib/python3.12/site-packages/airflow/example_dags/example_setup_teardown.py
[2024-09-09T08:09:57.469+0000] {logging_mixin.py:190} INFO - [2024-09-09T08:09:57.468+0000] {dag.py:3229} INFO - Sync 1 DAGs
[2024-09-09T08:09:57.481+0000] {logging_mixin.py:190} INFO - [2024-09-09T08:09:57.481+0000] {dag.py:4156} INFO - Setting next_dagrun for example_setup_teardown to None, run_after=None
[2024-09-09T08:09:57.501+0000] {processor.py:208} INFO - Processing /home/airflow/.local/lib/python3.12/site-packages/airflow/example_dags/example_setup_teardown.py took 0.066 seconds
[2024-09-09T08:10:28.331+0000] {processor.py:186} INFO - Started process (PID=3698) to work on /home/airflow/.local/lib/python3.12/site-packages/airflow/example_dags/example_setup_teardown.py
[2024-09-09T08:10:28.332+0000] {processor.py:914} INFO - Processing file /home/airflow/.local/lib/python3.12/site-packages/airflow/example_dags/example_setup_teardown.py for tasks to queue
[2024-09-09T08:10:28.335+0000] {logging_mixin.py:190} INFO - [2024-09-09T08:10:28.334+0000] {dagbag.py:587} INFO - Filling up the DagBag from /home/airflow/.local/lib/python3.12/site-packages/airflow/example_dags/example_setup_teardown.py
[2024-09-09T08:10:28.343+0000] {processor.py:925} INFO - DAG(s) 'example_setup_teardown' retrieved from /home/airflow/.local/lib/python3.12/site-packages/airflow/example_dags/example_setup_teardown.py
[2024-09-09T08:10:28.370+0000] {logging_mixin.py:190} INFO - [2024-09-09T08:10:28.370+0000] {dag.py:3229} INFO - Sync 1 DAGs
[2024-09-09T08:10:28.393+0000] {logging_mixin.py:190} INFO - [2024-09-09T08:10:28.392+0000] {dag.py:4156} INFO - Setting next_dagrun for example_setup_teardown to None, run_after=None
[2024-09-09T08:10:28.421+0000] {processor.py:208} INFO - Processing /home/airflow/.local/lib/python3.12/site-packages/airflow/example_dags/example_setup_teardown.py took 0.096 seconds
[2024-09-09T08:10:58.474+0000] {processor.py:186} INFO - Started process (PID=3984) to work on /home/airflow/.local/lib/python3.12/site-packages/airflow/example_dags/example_setup_teardown.py
[2024-09-09T08:10:58.476+0000] {processor.py:914} INFO - Processing file /home/airflow/.local/lib/python3.12/site-packages/airflow/example_dags/example_setup_teardown.py for tasks to queue
[2024-09-09T08:10:58.479+0000] {logging_mixin.py:190} INFO - [2024-09-09T08:10:58.478+0000] {dagbag.py:587} INFO - Filling up the DagBag from /home/airflow/.local/lib/python3.12/site-packages/airflow/example_dags/example_setup_teardown.py
[2024-09-09T08:10:58.487+0000] {processor.py:925} INFO - DAG(s) 'example_setup_teardown' retrieved from /home/airflow/.local/lib/python3.12/site-packages/airflow/example_dags/example_setup_teardown.py
[2024-09-09T08:10:58.520+0000] {logging_mixin.py:190} INFO - [2024-09-09T08:10:58.520+0000] {dag.py:3229} INFO - Sync 1 DAGs
[2024-09-09T08:10:58.533+0000] {logging_mixin.py:190} INFO - [2024-09-09T08:10:58.533+0000] {dag.py:4156} INFO - Setting next_dagrun for example_setup_teardown to None, run_after=None
[2024-09-09T08:10:58.551+0000] {processor.py:208} INFO - Processing /home/airflow/.local/lib/python3.12/site-packages/airflow/example_dags/example_setup_teardown.py took 0.082 seconds
[2024-09-09T08:11:29.488+0000] {processor.py:186} INFO - Started process (PID=4270) to work on /home/airflow/.local/lib/python3.12/site-packages/airflow/example_dags/example_setup_teardown.py
[2024-09-09T08:11:29.489+0000] {processor.py:914} INFO - Processing file /home/airflow/.local/lib/python3.12/site-packages/airflow/example_dags/example_setup_teardown.py for tasks to queue
[2024-09-09T08:11:29.491+0000] {logging_mixin.py:190} INFO - [2024-09-09T08:11:29.491+0000] {dagbag.py:587} INFO - Filling up the DagBag from /home/airflow/.local/lib/python3.12/site-packages/airflow/example_dags/example_setup_teardown.py
[2024-09-09T08:11:29.497+0000] {processor.py:925} INFO - DAG(s) 'example_setup_teardown' retrieved from /home/airflow/.local/lib/python3.12/site-packages/airflow/example_dags/example_setup_teardown.py
[2024-09-09T08:11:29.517+0000] {logging_mixin.py:190} INFO - [2024-09-09T08:11:29.516+0000] {dag.py:3229} INFO - Sync 1 DAGs
[2024-09-09T08:11:29.529+0000] {logging_mixin.py:190} INFO - [2024-09-09T08:11:29.528+0000] {dag.py:4156} INFO - Setting next_dagrun for example_setup_teardown to None, run_after=None
[2024-09-09T08:11:29.547+0000] {processor.py:208} INFO - Processing /home/airflow/.local/lib/python3.12/site-packages/airflow/example_dags/example_setup_teardown.py took 0.064 seconds
[2024-09-09T08:11:59.850+0000] {processor.py:186} INFO - Started process (PID=4556) to work on /home/airflow/.local/lib/python3.12/site-packages/airflow/example_dags/example_setup_teardown.py
[2024-09-09T08:11:59.851+0000] {processor.py:914} INFO - Processing file /home/airflow/.local/lib/python3.12/site-packages/airflow/example_dags/example_setup_teardown.py for tasks to queue
[2024-09-09T08:11:59.853+0000] {logging_mixin.py:190} INFO - [2024-09-09T08:11:59.853+0000] {dagbag.py:587} INFO - Filling up the DagBag from /home/airflow/.local/lib/python3.12/site-packages/airflow/example_dags/example_setup_teardown.py
[2024-09-09T08:11:59.860+0000] {processor.py:925} INFO - DAG(s) 'example_setup_teardown' retrieved from /home/airflow/.local/lib/python3.12/site-packages/airflow/example_dags/example_setup_teardown.py
[2024-09-09T08:11:59.882+0000] {logging_mixin.py:190} INFO - [2024-09-09T08:11:59.882+0000] {dag.py:3229} INFO - Sync 1 DAGs
[2024-09-09T08:11:59.896+0000] {logging_mixin.py:190} INFO - [2024-09-09T08:11:59.895+0000] {dag.py:4156} INFO - Setting next_dagrun for example_setup_teardown to None, run_after=None
[2024-09-09T08:11:59.926+0000] {processor.py:208} INFO - Processing /home/airflow/.local/lib/python3.12/site-packages/airflow/example_dags/example_setup_teardown.py took 0.081 seconds
[2024-09-09T08:12:30.369+0000] {processor.py:186} INFO - Started process (PID=4842) to work on /home/airflow/.local/lib/python3.12/site-packages/airflow/example_dags/example_setup_teardown.py
[2024-09-09T08:12:30.370+0000] {processor.py:914} INFO - Processing file /home/airflow/.local/lib/python3.12/site-packages/airflow/example_dags/example_setup_teardown.py for tasks to queue
[2024-09-09T08:12:30.372+0000] {logging_mixin.py:190} INFO - [2024-09-09T08:12:30.372+0000] {dagbag.py:587} INFO - Filling up the DagBag from /home/airflow/.local/lib/python3.12/site-packages/airflow/example_dags/example_setup_teardown.py
[2024-09-09T08:12:30.381+0000] {processor.py:925} INFO - DAG(s) 'example_setup_teardown' retrieved from /home/airflow/.local/lib/python3.12/site-packages/airflow/example_dags/example_setup_teardown.py
[2024-09-09T08:12:30.404+0000] {logging_mixin.py:190} INFO - [2024-09-09T08:12:30.404+0000] {dag.py:3229} INFO - Sync 1 DAGs
[2024-09-09T08:12:30.419+0000] {logging_mixin.py:190} INFO - [2024-09-09T08:12:30.418+0000] {dag.py:4156} INFO - Setting next_dagrun for example_setup_teardown to None, run_after=None
[2024-09-09T08:12:30.453+0000] {processor.py:208} INFO - Processing /home/airflow/.local/lib/python3.12/site-packages/airflow/example_dags/example_setup_teardown.py took 0.089 seconds
[2024-09-09T08:13:01.223+0000] {processor.py:186} INFO - Started process (PID=5128) to work on /home/airflow/.local/lib/python3.12/site-packages/airflow/example_dags/example_setup_teardown.py
[2024-09-09T08:13:01.224+0000] {processor.py:914} INFO - Processing file /home/airflow/.local/lib/python3.12/site-packages/airflow/example_dags/example_setup_teardown.py for tasks to queue
[2024-09-09T08:13:01.227+0000] {logging_mixin.py:190} INFO - [2024-09-09T08:13:01.226+0000] {dagbag.py:587} INFO - Filling up the DagBag from /home/airflow/.local/lib/python3.12/site-packages/airflow/example_dags/example_setup_teardown.py
[2024-09-09T08:13:01.234+0000] {processor.py:925} INFO - DAG(s) 'example_setup_teardown' retrieved from /home/airflow/.local/lib/python3.12/site-packages/airflow/example_dags/example_setup_teardown.py
[2024-09-09T08:13:01.254+0000] {logging_mixin.py:190} INFO - [2024-09-09T08:13:01.253+0000] {dag.py:3229} INFO - Sync 1 DAGs
[2024-09-09T08:13:01.268+0000] {logging_mixin.py:190} INFO - [2024-09-09T08:13:01.268+0000] {dag.py:4156} INFO - Setting next_dagrun for example_setup_teardown to None, run_after=None
[2024-09-09T08:13:01.290+0000] {processor.py:208} INFO - Processing /home/airflow/.local/lib/python3.12/site-packages/airflow/example_dags/example_setup_teardown.py took 0.072 seconds
[2024-09-09T08:13:32.157+0000] {processor.py:186} INFO - Started process (PID=5414) to work on /home/airflow/.local/lib/python3.12/site-packages/airflow/example_dags/example_setup_teardown.py
[2024-09-09T08:13:32.158+0000] {processor.py:914} INFO - Processing file /home/airflow/.local/lib/python3.12/site-packages/airflow/example_dags/example_setup_teardown.py for tasks to queue
[2024-09-09T08:13:32.160+0000] {logging_mixin.py:190} INFO - [2024-09-09T08:13:32.160+0000] {dagbag.py:587} INFO - Filling up the DagBag from /home/airflow/.local/lib/python3.12/site-packages/airflow/example_dags/example_setup_teardown.py
[2024-09-09T08:13:32.168+0000] {processor.py:925} INFO - DAG(s) 'example_setup_teardown' retrieved from /home/airflow/.local/lib/python3.12/site-packages/airflow/example_dags/example_setup_teardown.py
[2024-09-09T08:13:32.187+0000] {logging_mixin.py:190} INFO - [2024-09-09T08:13:32.187+0000] {dag.py:3229} INFO - Sync 1 DAGs
[2024-09-09T08:13:32.201+0000] {logging_mixin.py:190} INFO - [2024-09-09T08:13:32.201+0000] {dag.py:4156} INFO - Setting next_dagrun for example_setup_teardown to None, run_after=None
[2024-09-09T08:13:32.233+0000] {processor.py:208} INFO - Processing /home/airflow/.local/lib/python3.12/site-packages/airflow/example_dags/example_setup_teardown.py took 0.081 seconds
[2024-09-09T08:14:03.035+0000] {processor.py:186} INFO - Started process (PID=5700) to work on /home/airflow/.local/lib/python3.12/site-packages/airflow/example_dags/example_setup_teardown.py
[2024-09-09T08:14:03.036+0000] {processor.py:914} INFO - Processing file /home/airflow/.local/lib/python3.12/site-packages/airflow/example_dags/example_setup_teardown.py for tasks to queue
[2024-09-09T08:14:03.038+0000] {logging_mixin.py:190} INFO - [2024-09-09T08:14:03.038+0000] {dagbag.py:587} INFO - Filling up the DagBag from /home/airflow/.local/lib/python3.12/site-packages/airflow/example_dags/example_setup_teardown.py
[2024-09-09T08:14:03.045+0000] {processor.py:925} INFO - DAG(s) 'example_setup_teardown' retrieved from /home/airflow/.local/lib/python3.12/site-packages/airflow/example_dags/example_setup_teardown.py
[2024-09-09T08:14:03.065+0000] {logging_mixin.py:190} INFO - [2024-09-09T08:14:03.065+0000] {dag.py:3229} INFO - Sync 1 DAGs
[2024-09-09T08:14:03.077+0000] {logging_mixin.py:190} INFO - [2024-09-09T08:14:03.077+0000] {dag.py:4156} INFO - Setting next_dagrun for example_setup_teardown to None, run_after=None
[2024-09-09T08:14:03.098+0000] {processor.py:208} INFO - Processing /home/airflow/.local/lib/python3.12/site-packages/airflow/example_dags/example_setup_teardown.py took 0.068 seconds
[2024-09-09T08:14:33.939+0000] {processor.py:186} INFO - Started process (PID=5986) to work on /home/airflow/.local/lib/python3.12/site-packages/airflow/example_dags/example_setup_teardown.py
[2024-09-09T08:14:33.941+0000] {processor.py:914} INFO - Processing file /home/airflow/.local/lib/python3.12/site-packages/airflow/example_dags/example_setup_teardown.py for tasks to queue
[2024-09-09T08:14:33.943+0000] {logging_mixin.py:190} INFO - [2024-09-09T08:14:33.943+0000] {dagbag.py:587} INFO - Filling up the DagBag from /home/airflow/.local/lib/python3.12/site-packages/airflow/example_dags/example_setup_teardown.py
[2024-09-09T08:14:33.952+0000] {processor.py:925} INFO - DAG(s) 'example_setup_teardown' retrieved from /home/airflow/.local/lib/python3.12/site-packages/airflow/example_dags/example_setup_teardown.py
[2024-09-09T08:14:33.971+0000] {logging_mixin.py:190} INFO - [2024-09-09T08:14:33.970+0000] {dag.py:3229} INFO - Sync 1 DAGs
[2024-09-09T08:14:33.983+0000] {logging_mixin.py:190} INFO - [2024-09-09T08:14:33.983+0000] {dag.py:4156} INFO - Setting next_dagrun for example_setup_teardown to None, run_after=None
[2024-09-09T08:14:34.001+0000] {processor.py:208} INFO - Processing /home/airflow/.local/lib/python3.12/site-packages/airflow/example_dags/example_setup_teardown.py took 0.067 seconds
[2024-09-09T08:15:04.922+0000] {processor.py:186} INFO - Started process (PID=6272) to work on /home/airflow/.local/lib/python3.12/site-packages/airflow/example_dags/example_setup_teardown.py
[2024-09-09T08:15:04.923+0000] {processor.py:914} INFO - Processing file /home/airflow/.local/lib/python3.12/site-packages/airflow/example_dags/example_setup_teardown.py for tasks to queue
[2024-09-09T08:15:04.927+0000] {logging_mixin.py:190} INFO - [2024-09-09T08:15:04.926+0000] {dagbag.py:587} INFO - Filling up the DagBag from /home/airflow/.local/lib/python3.12/site-packages/airflow/example_dags/example_setup_teardown.py
[2024-09-09T08:15:04.942+0000] {processor.py:925} INFO - DAG(s) 'example_setup_teardown' retrieved from /home/airflow/.local/lib/python3.12/site-packages/airflow/example_dags/example_setup_teardown.py
[2024-09-09T08:15:04.973+0000] {logging_mixin.py:190} INFO - [2024-09-09T08:15:04.973+0000] {dag.py:3229} INFO - Sync 1 DAGs
[2024-09-09T08:15:05.001+0000] {logging_mixin.py:190} INFO - [2024-09-09T08:15:05.001+0000] {dag.py:4156} INFO - Setting next_dagrun for example_setup_teardown to None, run_after=None
[2024-09-09T08:15:05.112+0000] {processor.py:208} INFO - Processing /home/airflow/.local/lib/python3.12/site-packages/airflow/example_dags/example_setup_teardown.py took 0.200 seconds
[2024-09-09T08:15:35.816+0000] {processor.py:186} INFO - Started process (PID=6563) to work on /home/airflow/.local/lib/python3.12/site-packages/airflow/example_dags/example_setup_teardown.py
[2024-09-09T08:15:35.817+0000] {processor.py:914} INFO - Processing file /home/airflow/.local/lib/python3.12/site-packages/airflow/example_dags/example_setup_teardown.py for tasks to queue
[2024-09-09T08:15:35.820+0000] {logging_mixin.py:190} INFO - [2024-09-09T08:15:35.820+0000] {dagbag.py:587} INFO - Filling up the DagBag from /home/airflow/.local/lib/python3.12/site-packages/airflow/example_dags/example_setup_teardown.py
[2024-09-09T08:15:35.831+0000] {processor.py:925} INFO - DAG(s) 'example_setup_teardown' retrieved from /home/airflow/.local/lib/python3.12/site-packages/airflow/example_dags/example_setup_teardown.py
[2024-09-09T08:15:35.856+0000] {logging_mixin.py:190} INFO - [2024-09-09T08:15:35.856+0000] {dag.py:3229} INFO - Sync 1 DAGs
[2024-09-09T08:15:35.877+0000] {logging_mixin.py:190} INFO - [2024-09-09T08:15:35.876+0000] {dag.py:4156} INFO - Setting next_dagrun for example_setup_teardown to None, run_after=None
[2024-09-09T08:15:35.900+0000] {processor.py:208} INFO - Processing /home/airflow/.local/lib/python3.12/site-packages/airflow/example_dags/example_setup_teardown.py took 0.092 seconds
[2024-09-09T08:16:05.936+0000] {processor.py:186} INFO - Started process (PID=6844) to work on /home/airflow/.local/lib/python3.12/site-packages/airflow/example_dags/example_setup_teardown.py
[2024-09-09T08:16:05.937+0000] {processor.py:914} INFO - Processing file /home/airflow/.local/lib/python3.12/site-packages/airflow/example_dags/example_setup_teardown.py for tasks to queue
[2024-09-09T08:16:05.939+0000] {logging_mixin.py:190} INFO - [2024-09-09T08:16:05.939+0000] {dagbag.py:587} INFO - Filling up the DagBag from /home/airflow/.local/lib/python3.12/site-packages/airflow/example_dags/example_setup_teardown.py
[2024-09-09T08:16:05.946+0000] {processor.py:925} INFO - DAG(s) 'example_setup_teardown' retrieved from /home/airflow/.local/lib/python3.12/site-packages/airflow/example_dags/example_setup_teardown.py
[2024-09-09T08:16:05.969+0000] {logging_mixin.py:190} INFO - [2024-09-09T08:16:05.969+0000] {dag.py:3229} INFO - Sync 1 DAGs
[2024-09-09T08:16:05.984+0000] {logging_mixin.py:190} INFO - [2024-09-09T08:16:05.983+0000] {dag.py:4156} INFO - Setting next_dagrun for example_setup_teardown to None, run_after=None
[2024-09-09T08:16:06.004+0000] {processor.py:208} INFO - Processing /home/airflow/.local/lib/python3.12/site-packages/airflow/example_dags/example_setup_teardown.py took 0.074 seconds
[2024-09-09T08:16:37.195+0000] {processor.py:186} INFO - Started process (PID=7135) to work on /home/airflow/.local/lib/python3.12/site-packages/airflow/example_dags/example_setup_teardown.py
[2024-09-09T08:16:37.196+0000] {processor.py:914} INFO - Processing file /home/airflow/.local/lib/python3.12/site-packages/airflow/example_dags/example_setup_teardown.py for tasks to queue
[2024-09-09T08:16:37.199+0000] {logging_mixin.py:190} INFO - [2024-09-09T08:16:37.199+0000] {dagbag.py:587} INFO - Filling up the DagBag from /home/airflow/.local/lib/python3.12/site-packages/airflow/example_dags/example_setup_teardown.py
[2024-09-09T08:16:37.215+0000] {processor.py:925} INFO - DAG(s) 'example_setup_teardown' retrieved from /home/airflow/.local/lib/python3.12/site-packages/airflow/example_dags/example_setup_teardown.py
[2024-09-09T08:16:37.247+0000] {logging_mixin.py:190} INFO - [2024-09-09T08:16:37.247+0000] {dag.py:3229} INFO - Sync 1 DAGs
[2024-09-09T08:16:37.267+0000] {logging_mixin.py:190} INFO - [2024-09-09T08:16:37.266+0000] {dag.py:4156} INFO - Setting next_dagrun for example_setup_teardown to None, run_after=None
[2024-09-09T08:16:37.301+0000] {processor.py:208} INFO - Processing /home/airflow/.local/lib/python3.12/site-packages/airflow/example_dags/example_setup_teardown.py took 0.116 seconds
[2024-09-09T08:17:08.334+0000] {processor.py:186} INFO - Started process (PID=7421) to work on /home/airflow/.local/lib/python3.12/site-packages/airflow/example_dags/example_setup_teardown.py
[2024-09-09T08:17:08.336+0000] {processor.py:914} INFO - Processing file /home/airflow/.local/lib/python3.12/site-packages/airflow/example_dags/example_setup_teardown.py for tasks to queue
[2024-09-09T08:17:08.339+0000] {logging_mixin.py:190} INFO - [2024-09-09T08:17:08.339+0000] {dagbag.py:587} INFO - Filling up the DagBag from /home/airflow/.local/lib/python3.12/site-packages/airflow/example_dags/example_setup_teardown.py
[2024-09-09T08:17:08.349+0000] {processor.py:925} INFO - DAG(s) 'example_setup_teardown' retrieved from /home/airflow/.local/lib/python3.12/site-packages/airflow/example_dags/example_setup_teardown.py
[2024-09-09T08:17:08.377+0000] {logging_mixin.py:190} INFO - [2024-09-09T08:17:08.376+0000] {dag.py:3229} INFO - Sync 1 DAGs
[2024-09-09T08:17:08.403+0000] {logging_mixin.py:190} INFO - [2024-09-09T08:17:08.403+0000] {dag.py:4156} INFO - Setting next_dagrun for example_setup_teardown to None, run_after=None
[2024-09-09T08:17:08.426+0000] {processor.py:208} INFO - Processing /home/airflow/.local/lib/python3.12/site-packages/airflow/example_dags/example_setup_teardown.py took 0.101 seconds
[2024-09-09T08:17:39.052+0000] {processor.py:186} INFO - Started process (PID=7707) to work on /home/airflow/.local/lib/python3.12/site-packages/airflow/example_dags/example_setup_teardown.py
[2024-09-09T08:17:39.053+0000] {processor.py:914} INFO - Processing file /home/airflow/.local/lib/python3.12/site-packages/airflow/example_dags/example_setup_teardown.py for tasks to queue
[2024-09-09T08:17:39.056+0000] {logging_mixin.py:190} INFO - [2024-09-09T08:17:39.055+0000] {dagbag.py:587} INFO - Filling up the DagBag from /home/airflow/.local/lib/python3.12/site-packages/airflow/example_dags/example_setup_teardown.py
[2024-09-09T08:17:39.066+0000] {processor.py:925} INFO - DAG(s) 'example_setup_teardown' retrieved from /home/airflow/.local/lib/python3.12/site-packages/airflow/example_dags/example_setup_teardown.py
[2024-09-09T08:17:39.090+0000] {logging_mixin.py:190} INFO - [2024-09-09T08:17:39.090+0000] {dag.py:3229} INFO - Sync 1 DAGs
[2024-09-09T08:17:39.105+0000] {logging_mixin.py:190} INFO - [2024-09-09T08:17:39.104+0000] {dag.py:4156} INFO - Setting next_dagrun for example_setup_teardown to None, run_after=None
[2024-09-09T08:17:39.123+0000] {processor.py:208} INFO - Processing /home/airflow/.local/lib/python3.12/site-packages/airflow/example_dags/example_setup_teardown.py took 0.078 seconds
[2024-09-09T08:18:09.647+0000] {processor.py:186} INFO - Started process (PID=7993) to work on /home/airflow/.local/lib/python3.12/site-packages/airflow/example_dags/example_setup_teardown.py
[2024-09-09T08:18:09.648+0000] {processor.py:914} INFO - Processing file /home/airflow/.local/lib/python3.12/site-packages/airflow/example_dags/example_setup_teardown.py for tasks to queue
[2024-09-09T08:18:09.650+0000] {logging_mixin.py:190} INFO - [2024-09-09T08:18:09.650+0000] {dagbag.py:587} INFO - Filling up the DagBag from /home/airflow/.local/lib/python3.12/site-packages/airflow/example_dags/example_setup_teardown.py
[2024-09-09T08:18:09.658+0000] {processor.py:925} INFO - DAG(s) 'example_setup_teardown' retrieved from /home/airflow/.local/lib/python3.12/site-packages/airflow/example_dags/example_setup_teardown.py
[2024-09-09T08:18:09.676+0000] {logging_mixin.py:190} INFO - [2024-09-09T08:18:09.676+0000] {dag.py:3229} INFO - Sync 1 DAGs
[2024-09-09T08:18:09.686+0000] {logging_mixin.py:190} INFO - [2024-09-09T08:18:09.686+0000] {dag.py:4156} INFO - Setting next_dagrun for example_setup_teardown to None, run_after=None
[2024-09-09T08:18:09.709+0000] {processor.py:208} INFO - Processing /home/airflow/.local/lib/python3.12/site-packages/airflow/example_dags/example_setup_teardown.py took 0.067 seconds
[2024-09-09T08:18:40.090+0000] {processor.py:186} INFO - Started process (PID=8279) to work on /home/airflow/.local/lib/python3.12/site-packages/airflow/example_dags/example_setup_teardown.py
[2024-09-09T08:18:40.091+0000] {processor.py:914} INFO - Processing file /home/airflow/.local/lib/python3.12/site-packages/airflow/example_dags/example_setup_teardown.py for tasks to queue
[2024-09-09T08:18:40.095+0000] {logging_mixin.py:190} INFO - [2024-09-09T08:18:40.094+0000] {dagbag.py:587} INFO - Filling up the DagBag from /home/airflow/.local/lib/python3.12/site-packages/airflow/example_dags/example_setup_teardown.py
[2024-09-09T08:18:40.109+0000] {processor.py:925} INFO - DAG(s) 'example_setup_teardown' retrieved from /home/airflow/.local/lib/python3.12/site-packages/airflow/example_dags/example_setup_teardown.py
[2024-09-09T08:18:40.147+0000] {logging_mixin.py:190} INFO - [2024-09-09T08:18:40.146+0000] {dag.py:3229} INFO - Sync 1 DAGs
[2024-09-09T08:18:40.162+0000] {logging_mixin.py:190} INFO - [2024-09-09T08:18:40.162+0000] {dag.py:4156} INFO - Setting next_dagrun for example_setup_teardown to None, run_after=None
[2024-09-09T08:18:40.190+0000] {processor.py:208} INFO - Processing /home/airflow/.local/lib/python3.12/site-packages/airflow/example_dags/example_setup_teardown.py took 0.107 seconds
[2024-09-09T08:19:10.293+0000] {processor.py:186} INFO - Started process (PID=8562) to work on /home/airflow/.local/lib/python3.12/site-packages/airflow/example_dags/example_setup_teardown.py
[2024-09-09T08:19:10.294+0000] {processor.py:914} INFO - Processing file /home/airflow/.local/lib/python3.12/site-packages/airflow/example_dags/example_setup_teardown.py for tasks to queue
[2024-09-09T08:19:10.296+0000] {logging_mixin.py:190} INFO - [2024-09-09T08:19:10.296+0000] {dagbag.py:587} INFO - Filling up the DagBag from /home/airflow/.local/lib/python3.12/site-packages/airflow/example_dags/example_setup_teardown.py
[2024-09-09T08:19:10.303+0000] {processor.py:925} INFO - DAG(s) 'example_setup_teardown' retrieved from /home/airflow/.local/lib/python3.12/site-packages/airflow/example_dags/example_setup_teardown.py
[2024-09-09T08:19:10.331+0000] {logging_mixin.py:190} INFO - [2024-09-09T08:19:10.331+0000] {dag.py:3229} INFO - Sync 1 DAGs
[2024-09-09T08:19:10.353+0000] {logging_mixin.py:190} INFO - [2024-09-09T08:19:10.353+0000] {dag.py:4156} INFO - Setting next_dagrun for example_setup_teardown to None, run_after=None
[2024-09-09T08:19:10.373+0000] {processor.py:208} INFO - Processing /home/airflow/.local/lib/python3.12/site-packages/airflow/example_dags/example_setup_teardown.py took 0.084 seconds
[2024-09-09T08:19:40.463+0000] {processor.py:186} INFO - Started process (PID=8846) to work on /home/airflow/.local/lib/python3.12/site-packages/airflow/example_dags/example_setup_teardown.py
[2024-09-09T08:19:40.465+0000] {processor.py:914} INFO - Processing file /home/airflow/.local/lib/python3.12/site-packages/airflow/example_dags/example_setup_teardown.py for tasks to queue
[2024-09-09T08:19:40.470+0000] {logging_mixin.py:190} INFO - [2024-09-09T08:19:40.469+0000] {dagbag.py:587} INFO - Filling up the DagBag from /home/airflow/.local/lib/python3.12/site-packages/airflow/example_dags/example_setup_teardown.py
[2024-09-09T08:19:40.481+0000] {processor.py:925} INFO - DAG(s) 'example_setup_teardown' retrieved from /home/airflow/.local/lib/python3.12/site-packages/airflow/example_dags/example_setup_teardown.py
[2024-09-09T08:19:40.511+0000] {logging_mixin.py:190} INFO - [2024-09-09T08:19:40.511+0000] {dag.py:3229} INFO - Sync 1 DAGs
[2024-09-09T08:19:40.534+0000] {logging_mixin.py:190} INFO - [2024-09-09T08:19:40.534+0000] {dag.py:4156} INFO - Setting next_dagrun for example_setup_teardown to None, run_after=None
[2024-09-09T08:19:40.567+0000] {processor.py:208} INFO - Processing /home/airflow/.local/lib/python3.12/site-packages/airflow/example_dags/example_setup_teardown.py took 0.113 seconds
[2024-09-09T08:20:11.483+0000] {processor.py:186} INFO - Started process (PID=9132) to work on /home/airflow/.local/lib/python3.12/site-packages/airflow/example_dags/example_setup_teardown.py
[2024-09-09T08:20:11.484+0000] {processor.py:914} INFO - Processing file /home/airflow/.local/lib/python3.12/site-packages/airflow/example_dags/example_setup_teardown.py for tasks to queue
[2024-09-09T08:20:11.487+0000] {logging_mixin.py:190} INFO - [2024-09-09T08:20:11.486+0000] {dagbag.py:587} INFO - Filling up the DagBag from /home/airflow/.local/lib/python3.12/site-packages/airflow/example_dags/example_setup_teardown.py
[2024-09-09T08:20:11.496+0000] {processor.py:925} INFO - DAG(s) 'example_setup_teardown' retrieved from /home/airflow/.local/lib/python3.12/site-packages/airflow/example_dags/example_setup_teardown.py
[2024-09-09T08:20:11.518+0000] {logging_mixin.py:190} INFO - [2024-09-09T08:20:11.518+0000] {dag.py:3229} INFO - Sync 1 DAGs
[2024-09-09T08:20:11.532+0000] {logging_mixin.py:190} INFO - [2024-09-09T08:20:11.531+0000] {dag.py:4156} INFO - Setting next_dagrun for example_setup_teardown to None, run_after=None
[2024-09-09T08:20:11.553+0000] {processor.py:208} INFO - Processing /home/airflow/.local/lib/python3.12/site-packages/airflow/example_dags/example_setup_teardown.py took 0.076 seconds
[2024-09-09T08:20:41.831+0000] {processor.py:186} INFO - Started process (PID=9418) to work on /home/airflow/.local/lib/python3.12/site-packages/airflow/example_dags/example_setup_teardown.py
[2024-09-09T08:20:41.832+0000] {processor.py:914} INFO - Processing file /home/airflow/.local/lib/python3.12/site-packages/airflow/example_dags/example_setup_teardown.py for tasks to queue
[2024-09-09T08:20:41.834+0000] {logging_mixin.py:190} INFO - [2024-09-09T08:20:41.834+0000] {dagbag.py:587} INFO - Filling up the DagBag from /home/airflow/.local/lib/python3.12/site-packages/airflow/example_dags/example_setup_teardown.py
[2024-09-09T08:20:41.842+0000] {processor.py:925} INFO - DAG(s) 'example_setup_teardown' retrieved from /home/airflow/.local/lib/python3.12/site-packages/airflow/example_dags/example_setup_teardown.py
[2024-09-09T08:20:41.860+0000] {logging_mixin.py:190} INFO - [2024-09-09T08:20:41.860+0000] {dag.py:3229} INFO - Sync 1 DAGs
[2024-09-09T08:20:41.873+0000] {logging_mixin.py:190} INFO - [2024-09-09T08:20:41.873+0000] {dag.py:4156} INFO - Setting next_dagrun for example_setup_teardown to None, run_after=None
[2024-09-09T08:20:41.892+0000] {processor.py:208} INFO - Processing /home/airflow/.local/lib/python3.12/site-packages/airflow/example_dags/example_setup_teardown.py took 0.069 seconds
[2024-09-09T08:21:12.287+0000] {processor.py:186} INFO - Started process (PID=9710) to work on /home/airflow/.local/lib/python3.12/site-packages/airflow/example_dags/example_setup_teardown.py
[2024-09-09T08:21:12.288+0000] {processor.py:914} INFO - Processing file /home/airflow/.local/lib/python3.12/site-packages/airflow/example_dags/example_setup_teardown.py for tasks to queue
[2024-09-09T08:21:12.290+0000] {logging_mixin.py:190} INFO - [2024-09-09T08:21:12.290+0000] {dagbag.py:587} INFO - Filling up the DagBag from /home/airflow/.local/lib/python3.12/site-packages/airflow/example_dags/example_setup_teardown.py
[2024-09-09T08:21:12.297+0000] {processor.py:925} INFO - DAG(s) 'example_setup_teardown' retrieved from /home/airflow/.local/lib/python3.12/site-packages/airflow/example_dags/example_setup_teardown.py
[2024-09-09T08:21:12.319+0000] {logging_mixin.py:190} INFO - [2024-09-09T08:21:12.318+0000] {dag.py:3229} INFO - Sync 1 DAGs
[2024-09-09T08:21:12.346+0000] {logging_mixin.py:190} INFO - [2024-09-09T08:21:12.345+0000] {dag.py:4156} INFO - Setting next_dagrun for example_setup_teardown to None, run_after=None
[2024-09-09T08:21:12.366+0000] {processor.py:208} INFO - Processing /home/airflow/.local/lib/python3.12/site-packages/airflow/example_dags/example_setup_teardown.py took 0.083 seconds
[2024-09-09T08:21:43.116+0000] {processor.py:186} INFO - Started process (PID=10001) to work on /home/airflow/.local/lib/python3.12/site-packages/airflow/example_dags/example_setup_teardown.py
[2024-09-09T08:21:43.117+0000] {processor.py:914} INFO - Processing file /home/airflow/.local/lib/python3.12/site-packages/airflow/example_dags/example_setup_teardown.py for tasks to queue
[2024-09-09T08:21:43.119+0000] {logging_mixin.py:190} INFO - [2024-09-09T08:21:43.118+0000] {dagbag.py:587} INFO - Filling up the DagBag from /home/airflow/.local/lib/python3.12/site-packages/airflow/example_dags/example_setup_teardown.py
[2024-09-09T08:21:43.126+0000] {processor.py:925} INFO - DAG(s) 'example_setup_teardown' retrieved from /home/airflow/.local/lib/python3.12/site-packages/airflow/example_dags/example_setup_teardown.py
[2024-09-09T08:21:43.144+0000] {logging_mixin.py:190} INFO - [2024-09-09T08:21:43.144+0000] {dag.py:3229} INFO - Sync 1 DAGs
[2024-09-09T08:21:43.157+0000] {logging_mixin.py:190} INFO - [2024-09-09T08:21:43.157+0000] {dag.py:4156} INFO - Setting next_dagrun for example_setup_teardown to None, run_after=None
[2024-09-09T08:21:43.177+0000] {processor.py:208} INFO - Processing /home/airflow/.local/lib/python3.12/site-packages/airflow/example_dags/example_setup_teardown.py took 0.065 seconds
[2024-09-09T08:22:13.945+0000] {processor.py:186} INFO - Started process (PID=10282) to work on /home/airflow/.local/lib/python3.12/site-packages/airflow/example_dags/example_setup_teardown.py
[2024-09-09T08:22:13.946+0000] {processor.py:914} INFO - Processing file /home/airflow/.local/lib/python3.12/site-packages/airflow/example_dags/example_setup_teardown.py for tasks to queue
[2024-09-09T08:22:13.949+0000] {logging_mixin.py:190} INFO - [2024-09-09T08:22:13.948+0000] {dagbag.py:587} INFO - Filling up the DagBag from /home/airflow/.local/lib/python3.12/site-packages/airflow/example_dags/example_setup_teardown.py
[2024-09-09T08:22:13.957+0000] {processor.py:925} INFO - DAG(s) 'example_setup_teardown' retrieved from /home/airflow/.local/lib/python3.12/site-packages/airflow/example_dags/example_setup_teardown.py
[2024-09-09T08:22:13.975+0000] {logging_mixin.py:190} INFO - [2024-09-09T08:22:13.975+0000] {dag.py:3229} INFO - Sync 1 DAGs
[2024-09-09T08:22:13.987+0000] {logging_mixin.py:190} INFO - [2024-09-09T08:22:13.987+0000] {dag.py:4156} INFO - Setting next_dagrun for example_setup_teardown to None, run_after=None
[2024-09-09T08:22:14.006+0000] {processor.py:208} INFO - Processing /home/airflow/.local/lib/python3.12/site-packages/airflow/example_dags/example_setup_teardown.py took 0.066 seconds
[2024-09-09T08:22:44.862+0000] {processor.py:186} INFO - Started process (PID=10573) to work on /home/airflow/.local/lib/python3.12/site-packages/airflow/example_dags/example_setup_teardown.py
[2024-09-09T08:22:44.863+0000] {processor.py:914} INFO - Processing file /home/airflow/.local/lib/python3.12/site-packages/airflow/example_dags/example_setup_teardown.py for tasks to queue
[2024-09-09T08:22:44.866+0000] {logging_mixin.py:190} INFO - [2024-09-09T08:22:44.865+0000] {dagbag.py:587} INFO - Filling up the DagBag from /home/airflow/.local/lib/python3.12/site-packages/airflow/example_dags/example_setup_teardown.py
[2024-09-09T08:22:44.876+0000] {processor.py:925} INFO - DAG(s) 'example_setup_teardown' retrieved from /home/airflow/.local/lib/python3.12/site-packages/airflow/example_dags/example_setup_teardown.py
[2024-09-09T08:22:44.898+0000] {logging_mixin.py:190} INFO - [2024-09-09T08:22:44.897+0000] {dag.py:3229} INFO - Sync 1 DAGs
[2024-09-09T08:22:44.913+0000] {logging_mixin.py:190} INFO - [2024-09-09T08:22:44.912+0000] {dag.py:4156} INFO - Setting next_dagrun for example_setup_teardown to None, run_after=None
[2024-09-09T08:22:44.939+0000] {processor.py:208} INFO - Processing /home/airflow/.local/lib/python3.12/site-packages/airflow/example_dags/example_setup_teardown.py took 0.085 seconds
[2024-09-09T08:23:15.288+0000] {processor.py:186} INFO - Started process (PID=10859) to work on /home/airflow/.local/lib/python3.12/site-packages/airflow/example_dags/example_setup_teardown.py
[2024-09-09T08:23:15.289+0000] {processor.py:914} INFO - Processing file /home/airflow/.local/lib/python3.12/site-packages/airflow/example_dags/example_setup_teardown.py for tasks to queue
[2024-09-09T08:23:15.292+0000] {logging_mixin.py:190} INFO - [2024-09-09T08:23:15.291+0000] {dagbag.py:587} INFO - Filling up the DagBag from /home/airflow/.local/lib/python3.12/site-packages/airflow/example_dags/example_setup_teardown.py
[2024-09-09T08:23:15.298+0000] {processor.py:925} INFO - DAG(s) 'example_setup_teardown' retrieved from /home/airflow/.local/lib/python3.12/site-packages/airflow/example_dags/example_setup_teardown.py
[2024-09-09T08:23:15.316+0000] {logging_mixin.py:190} INFO - [2024-09-09T08:23:15.315+0000] {dag.py:3229} INFO - Sync 1 DAGs
[2024-09-09T08:23:15.328+0000] {logging_mixin.py:190} INFO - [2024-09-09T08:23:15.328+0000] {dag.py:4156} INFO - Setting next_dagrun for example_setup_teardown to None, run_after=None
[2024-09-09T08:23:15.345+0000] {processor.py:208} INFO - Processing /home/airflow/.local/lib/python3.12/site-packages/airflow/example_dags/example_setup_teardown.py took 0.061 seconds
[2024-09-09T08:23:46.282+0000] {processor.py:186} INFO - Started process (PID=11140) to work on /home/airflow/.local/lib/python3.12/site-packages/airflow/example_dags/example_setup_teardown.py
[2024-09-09T08:23:46.283+0000] {processor.py:914} INFO - Processing file /home/airflow/.local/lib/python3.12/site-packages/airflow/example_dags/example_setup_teardown.py for tasks to queue
[2024-09-09T08:23:46.285+0000] {logging_mixin.py:190} INFO - [2024-09-09T08:23:46.285+0000] {dagbag.py:587} INFO - Filling up the DagBag from /home/airflow/.local/lib/python3.12/site-packages/airflow/example_dags/example_setup_teardown.py
[2024-09-09T08:23:46.292+0000] {processor.py:925} INFO - DAG(s) 'example_setup_teardown' retrieved from /home/airflow/.local/lib/python3.12/site-packages/airflow/example_dags/example_setup_teardown.py
[2024-09-09T08:23:46.311+0000] {logging_mixin.py:190} INFO - [2024-09-09T08:23:46.311+0000] {dag.py:3229} INFO - Sync 1 DAGs
[2024-09-09T08:23:46.323+0000] {logging_mixin.py:190} INFO - [2024-09-09T08:23:46.323+0000] {dag.py:4156} INFO - Setting next_dagrun for example_setup_teardown to None, run_after=None
[2024-09-09T08:23:46.341+0000] {processor.py:208} INFO - Processing /home/airflow/.local/lib/python3.12/site-packages/airflow/example_dags/example_setup_teardown.py took 0.064 seconds
[2024-09-09T08:24:16.830+0000] {processor.py:186} INFO - Started process (PID=11426) to work on /home/airflow/.local/lib/python3.12/site-packages/airflow/example_dags/example_setup_teardown.py
[2024-09-09T08:24:16.831+0000] {processor.py:914} INFO - Processing file /home/airflow/.local/lib/python3.12/site-packages/airflow/example_dags/example_setup_teardown.py for tasks to queue
[2024-09-09T08:24:16.833+0000] {logging_mixin.py:190} INFO - [2024-09-09T08:24:16.833+0000] {dagbag.py:587} INFO - Filling up the DagBag from /home/airflow/.local/lib/python3.12/site-packages/airflow/example_dags/example_setup_teardown.py
[2024-09-09T08:24:16.840+0000] {processor.py:925} INFO - DAG(s) 'example_setup_teardown' retrieved from /home/airflow/.local/lib/python3.12/site-packages/airflow/example_dags/example_setup_teardown.py
[2024-09-09T08:24:16.858+0000] {logging_mixin.py:190} INFO - [2024-09-09T08:24:16.858+0000] {dag.py:3229} INFO - Sync 1 DAGs
[2024-09-09T08:24:16.872+0000] {logging_mixin.py:190} INFO - [2024-09-09T08:24:16.872+0000] {dag.py:4156} INFO - Setting next_dagrun for example_setup_teardown to None, run_after=None
[2024-09-09T08:24:16.890+0000] {processor.py:208} INFO - Processing /home/airflow/.local/lib/python3.12/site-packages/airflow/example_dags/example_setup_teardown.py took 0.066 seconds
[2024-09-09T08:24:47.060+0000] {processor.py:186} INFO - Started process (PID=11712) to work on /home/airflow/.local/lib/python3.12/site-packages/airflow/example_dags/example_setup_teardown.py
[2024-09-09T08:24:47.061+0000] {processor.py:914} INFO - Processing file /home/airflow/.local/lib/python3.12/site-packages/airflow/example_dags/example_setup_teardown.py for tasks to queue
[2024-09-09T08:24:47.064+0000] {logging_mixin.py:190} INFO - [2024-09-09T08:24:47.063+0000] {dagbag.py:587} INFO - Filling up the DagBag from /home/airflow/.local/lib/python3.12/site-packages/airflow/example_dags/example_setup_teardown.py
[2024-09-09T08:24:47.071+0000] {processor.py:925} INFO - DAG(s) 'example_setup_teardown' retrieved from /home/airflow/.local/lib/python3.12/site-packages/airflow/example_dags/example_setup_teardown.py
[2024-09-09T08:24:47.088+0000] {logging_mixin.py:190} INFO - [2024-09-09T08:24:47.088+0000] {dag.py:3229} INFO - Sync 1 DAGs
[2024-09-09T08:24:47.100+0000] {logging_mixin.py:190} INFO - [2024-09-09T08:24:47.099+0000] {dag.py:4156} INFO - Setting next_dagrun for example_setup_teardown to None, run_after=None
[2024-09-09T08:24:47.117+0000] {processor.py:208} INFO - Processing /home/airflow/.local/lib/python3.12/site-packages/airflow/example_dags/example_setup_teardown.py took 0.061 seconds
[2024-09-09T08:25:17.690+0000] {processor.py:186} INFO - Started process (PID=12000) to work on /home/airflow/.local/lib/python3.12/site-packages/airflow/example_dags/example_setup_teardown.py
[2024-09-09T08:25:17.691+0000] {processor.py:914} INFO - Processing file /home/airflow/.local/lib/python3.12/site-packages/airflow/example_dags/example_setup_teardown.py for tasks to queue
[2024-09-09T08:25:17.695+0000] {logging_mixin.py:190} INFO - [2024-09-09T08:25:17.694+0000] {dagbag.py:587} INFO - Filling up the DagBag from /home/airflow/.local/lib/python3.12/site-packages/airflow/example_dags/example_setup_teardown.py
[2024-09-09T08:25:17.702+0000] {processor.py:925} INFO - DAG(s) 'example_setup_teardown' retrieved from /home/airflow/.local/lib/python3.12/site-packages/airflow/example_dags/example_setup_teardown.py
[2024-09-09T08:25:17.720+0000] {logging_mixin.py:190} INFO - [2024-09-09T08:25:17.719+0000] {dag.py:3229} INFO - Sync 1 DAGs
[2024-09-09T08:25:17.731+0000] {logging_mixin.py:190} INFO - [2024-09-09T08:25:17.730+0000] {dag.py:4156} INFO - Setting next_dagrun for example_setup_teardown to None, run_after=None
[2024-09-09T08:25:17.748+0000] {processor.py:208} INFO - Processing /home/airflow/.local/lib/python3.12/site-packages/airflow/example_dags/example_setup_teardown.py took 0.063 seconds
[2024-09-09T08:25:48.131+0000] {processor.py:186} INFO - Started process (PID=12290) to work on /home/airflow/.local/lib/python3.12/site-packages/airflow/example_dags/example_setup_teardown.py
[2024-09-09T08:25:48.132+0000] {processor.py:914} INFO - Processing file /home/airflow/.local/lib/python3.12/site-packages/airflow/example_dags/example_setup_teardown.py for tasks to queue
[2024-09-09T08:25:48.135+0000] {logging_mixin.py:190} INFO - [2024-09-09T08:25:48.134+0000] {dagbag.py:587} INFO - Filling up the DagBag from /home/airflow/.local/lib/python3.12/site-packages/airflow/example_dags/example_setup_teardown.py
[2024-09-09T08:25:48.141+0000] {processor.py:925} INFO - DAG(s) 'example_setup_teardown' retrieved from /home/airflow/.local/lib/python3.12/site-packages/airflow/example_dags/example_setup_teardown.py
[2024-09-09T08:25:48.159+0000] {logging_mixin.py:190} INFO - [2024-09-09T08:25:48.159+0000] {dag.py:3229} INFO - Sync 1 DAGs
[2024-09-09T08:25:48.172+0000] {logging_mixin.py:190} INFO - [2024-09-09T08:25:48.171+0000] {dag.py:4156} INFO - Setting next_dagrun for example_setup_teardown to None, run_after=None
[2024-09-09T08:25:48.190+0000] {processor.py:208} INFO - Processing /home/airflow/.local/lib/python3.12/site-packages/airflow/example_dags/example_setup_teardown.py took 0.064 seconds
[2024-09-09T08:26:18.925+0000] {processor.py:186} INFO - Started process (PID=12571) to work on /home/airflow/.local/lib/python3.12/site-packages/airflow/example_dags/example_setup_teardown.py
[2024-09-09T08:26:18.926+0000] {processor.py:914} INFO - Processing file /home/airflow/.local/lib/python3.12/site-packages/airflow/example_dags/example_setup_teardown.py for tasks to queue
[2024-09-09T08:26:18.928+0000] {logging_mixin.py:190} INFO - [2024-09-09T08:26:18.928+0000] {dagbag.py:587} INFO - Filling up the DagBag from /home/airflow/.local/lib/python3.12/site-packages/airflow/example_dags/example_setup_teardown.py
[2024-09-09T08:26:18.935+0000] {processor.py:925} INFO - DAG(s) 'example_setup_teardown' retrieved from /home/airflow/.local/lib/python3.12/site-packages/airflow/example_dags/example_setup_teardown.py
[2024-09-09T08:26:18.954+0000] {logging_mixin.py:190} INFO - [2024-09-09T08:26:18.953+0000] {dag.py:3229} INFO - Sync 1 DAGs
[2024-09-09T08:26:18.967+0000] {logging_mixin.py:190} INFO - [2024-09-09T08:26:18.967+0000] {dag.py:4156} INFO - Setting next_dagrun for example_setup_teardown to None, run_after=None
[2024-09-09T08:26:18.985+0000] {processor.py:208} INFO - Processing /home/airflow/.local/lib/python3.12/site-packages/airflow/example_dags/example_setup_teardown.py took 0.064 seconds
[2024-09-09T08:26:49.639+0000] {processor.py:186} INFO - Started process (PID=12862) to work on /home/airflow/.local/lib/python3.12/site-packages/airflow/example_dags/example_setup_teardown.py
[2024-09-09T08:26:49.640+0000] {processor.py:914} INFO - Processing file /home/airflow/.local/lib/python3.12/site-packages/airflow/example_dags/example_setup_teardown.py for tasks to queue
[2024-09-09T08:26:49.643+0000] {logging_mixin.py:190} INFO - [2024-09-09T08:26:49.642+0000] {dagbag.py:587} INFO - Filling up the DagBag from /home/airflow/.local/lib/python3.12/site-packages/airflow/example_dags/example_setup_teardown.py
[2024-09-09T08:26:49.649+0000] {processor.py:925} INFO - DAG(s) 'example_setup_teardown' retrieved from /home/airflow/.local/lib/python3.12/site-packages/airflow/example_dags/example_setup_teardown.py
[2024-09-09T08:26:49.667+0000] {logging_mixin.py:190} INFO - [2024-09-09T08:26:49.667+0000] {dag.py:3229} INFO - Sync 1 DAGs
[2024-09-09T08:26:49.679+0000] {logging_mixin.py:190} INFO - [2024-09-09T08:26:49.679+0000] {dag.py:4156} INFO - Setting next_dagrun for example_setup_teardown to None, run_after=None
[2024-09-09T08:26:49.696+0000] {processor.py:208} INFO - Processing /home/airflow/.local/lib/python3.12/site-packages/airflow/example_dags/example_setup_teardown.py took 0.062 seconds
[2024-09-09T08:27:20.276+0000] {processor.py:186} INFO - Started process (PID=13148) to work on /home/airflow/.local/lib/python3.12/site-packages/airflow/example_dags/example_setup_teardown.py
[2024-09-09T08:27:20.277+0000] {processor.py:914} INFO - Processing file /home/airflow/.local/lib/python3.12/site-packages/airflow/example_dags/example_setup_teardown.py for tasks to queue
[2024-09-09T08:27:20.279+0000] {logging_mixin.py:190} INFO - [2024-09-09T08:27:20.279+0000] {dagbag.py:587} INFO - Filling up the DagBag from /home/airflow/.local/lib/python3.12/site-packages/airflow/example_dags/example_setup_teardown.py
[2024-09-09T08:27:20.285+0000] {processor.py:925} INFO - DAG(s) 'example_setup_teardown' retrieved from /home/airflow/.local/lib/python3.12/site-packages/airflow/example_dags/example_setup_teardown.py
[2024-09-09T08:27:20.302+0000] {logging_mixin.py:190} INFO - [2024-09-09T08:27:20.302+0000] {dag.py:3229} INFO - Sync 1 DAGs
[2024-09-09T08:27:20.314+0000] {logging_mixin.py:190} INFO - [2024-09-09T08:27:20.314+0000] {dag.py:4156} INFO - Setting next_dagrun for example_setup_teardown to None, run_after=None
[2024-09-09T08:27:20.332+0000] {processor.py:208} INFO - Processing /home/airflow/.local/lib/python3.12/site-packages/airflow/example_dags/example_setup_teardown.py took 0.061 seconds
[2024-09-09T08:27:51.259+0000] {processor.py:186} INFO - Started process (PID=13429) to work on /home/airflow/.local/lib/python3.12/site-packages/airflow/example_dags/example_setup_teardown.py
[2024-09-09T08:27:51.260+0000] {processor.py:914} INFO - Processing file /home/airflow/.local/lib/python3.12/site-packages/airflow/example_dags/example_setup_teardown.py for tasks to queue
[2024-09-09T08:27:51.263+0000] {logging_mixin.py:190} INFO - [2024-09-09T08:27:51.262+0000] {dagbag.py:587} INFO - Filling up the DagBag from /home/airflow/.local/lib/python3.12/site-packages/airflow/example_dags/example_setup_teardown.py
[2024-09-09T08:27:51.270+0000] {processor.py:925} INFO - DAG(s) 'example_setup_teardown' retrieved from /home/airflow/.local/lib/python3.12/site-packages/airflow/example_dags/example_setup_teardown.py
[2024-09-09T08:27:51.291+0000] {logging_mixin.py:190} INFO - [2024-09-09T08:27:51.291+0000] {dag.py:3229} INFO - Sync 1 DAGs
[2024-09-09T08:27:51.302+0000] {logging_mixin.py:190} INFO - [2024-09-09T08:27:51.302+0000] {dag.py:4156} INFO - Setting next_dagrun for example_setup_teardown to None, run_after=None
[2024-09-09T08:27:51.344+0000] {processor.py:208} INFO - Processing /home/airflow/.local/lib/python3.12/site-packages/airflow/example_dags/example_setup_teardown.py took 0.090 seconds
[2024-09-09T08:28:23.124+0000] {processor.py:186} INFO - Started process (PID=13720) to work on /home/airflow/.local/lib/python3.12/site-packages/airflow/example_dags/example_setup_teardown.py
[2024-09-09T08:28:23.128+0000] {processor.py:914} INFO - Processing file /home/airflow/.local/lib/python3.12/site-packages/airflow/example_dags/example_setup_teardown.py for tasks to queue
[2024-09-09T08:28:23.133+0000] {logging_mixin.py:190} INFO - [2024-09-09T08:28:23.133+0000] {dagbag.py:587} INFO - Filling up the DagBag from /home/airflow/.local/lib/python3.12/site-packages/airflow/example_dags/example_setup_teardown.py
[2024-09-09T08:28:23.148+0000] {processor.py:925} INFO - DAG(s) 'example_setup_teardown' retrieved from /home/airflow/.local/lib/python3.12/site-packages/airflow/example_dags/example_setup_teardown.py
[2024-09-09T08:28:23.179+0000] {logging_mixin.py:190} INFO - [2024-09-09T08:28:23.179+0000] {dag.py:3229} INFO - Sync 1 DAGs
[2024-09-09T08:28:23.204+0000] {logging_mixin.py:190} INFO - [2024-09-09T08:28:23.204+0000] {dag.py:4156} INFO - Setting next_dagrun for example_setup_teardown to None, run_after=None
[2024-09-09T08:28:23.249+0000] {processor.py:208} INFO - Processing /home/airflow/.local/lib/python3.12/site-packages/airflow/example_dags/example_setup_teardown.py took 0.134 seconds
[2024-09-09T08:28:54.695+0000] {processor.py:186} INFO - Started process (PID=14001) to work on /home/airflow/.local/lib/python3.12/site-packages/airflow/example_dags/example_setup_teardown.py
[2024-09-09T08:28:54.697+0000] {processor.py:914} INFO - Processing file /home/airflow/.local/lib/python3.12/site-packages/airflow/example_dags/example_setup_teardown.py for tasks to queue
[2024-09-09T08:28:54.703+0000] {logging_mixin.py:190} INFO - [2024-09-09T08:28:54.702+0000] {dagbag.py:587} INFO - Filling up the DagBag from /home/airflow/.local/lib/python3.12/site-packages/airflow/example_dags/example_setup_teardown.py
[2024-09-09T08:28:54.720+0000] {processor.py:925} INFO - DAG(s) 'example_setup_teardown' retrieved from /home/airflow/.local/lib/python3.12/site-packages/airflow/example_dags/example_setup_teardown.py
[2024-09-09T08:28:54.753+0000] {logging_mixin.py:190} INFO - [2024-09-09T08:28:54.753+0000] {dag.py:3229} INFO - Sync 1 DAGs
[2024-09-09T08:28:54.781+0000] {logging_mixin.py:190} INFO - [2024-09-09T08:28:54.781+0000] {dag.py:4156} INFO - Setting next_dagrun for example_setup_teardown to None, run_after=None
[2024-09-09T08:28:54.814+0000] {processor.py:208} INFO - Processing /home/airflow/.local/lib/python3.12/site-packages/airflow/example_dags/example_setup_teardown.py took 0.133 seconds
[2024-09-09T08:29:25.825+0000] {processor.py:186} INFO - Started process (PID=14292) to work on /home/airflow/.local/lib/python3.12/site-packages/airflow/example_dags/example_setup_teardown.py
[2024-09-09T08:29:25.827+0000] {processor.py:914} INFO - Processing file /home/airflow/.local/lib/python3.12/site-packages/airflow/example_dags/example_setup_teardown.py for tasks to queue
[2024-09-09T08:29:25.831+0000] {logging_mixin.py:190} INFO - [2024-09-09T08:29:25.830+0000] {dagbag.py:587} INFO - Filling up the DagBag from /home/airflow/.local/lib/python3.12/site-packages/airflow/example_dags/example_setup_teardown.py
[2024-09-09T08:29:25.845+0000] {processor.py:925} INFO - DAG(s) 'example_setup_teardown' retrieved from /home/airflow/.local/lib/python3.12/site-packages/airflow/example_dags/example_setup_teardown.py
[2024-09-09T08:29:25.879+0000] {logging_mixin.py:190} INFO - [2024-09-09T08:29:25.878+0000] {dag.py:3229} INFO - Sync 1 DAGs
[2024-09-09T08:29:25.908+0000] {logging_mixin.py:190} INFO - [2024-09-09T08:29:25.908+0000] {dag.py:4156} INFO - Setting next_dagrun for example_setup_teardown to None, run_after=None
[2024-09-09T08:29:25.940+0000] {processor.py:208} INFO - Processing /home/airflow/.local/lib/python3.12/site-packages/airflow/example_dags/example_setup_teardown.py took 0.123 seconds
[2024-09-09T08:29:56.563+0000] {processor.py:186} INFO - Started process (PID=14578) to work on /home/airflow/.local/lib/python3.12/site-packages/airflow/example_dags/example_setup_teardown.py
[2024-09-09T08:29:56.564+0000] {processor.py:914} INFO - Processing file /home/airflow/.local/lib/python3.12/site-packages/airflow/example_dags/example_setup_teardown.py for tasks to queue
[2024-09-09T08:29:56.568+0000] {logging_mixin.py:190} INFO - [2024-09-09T08:29:56.567+0000] {dagbag.py:587} INFO - Filling up the DagBag from /home/airflow/.local/lib/python3.12/site-packages/airflow/example_dags/example_setup_teardown.py
[2024-09-09T08:29:56.578+0000] {processor.py:925} INFO - DAG(s) 'example_setup_teardown' retrieved from /home/airflow/.local/lib/python3.12/site-packages/airflow/example_dags/example_setup_teardown.py
[2024-09-09T08:29:56.604+0000] {logging_mixin.py:190} INFO - [2024-09-09T08:29:56.604+0000] {dag.py:3229} INFO - Sync 1 DAGs
[2024-09-09T08:29:56.624+0000] {logging_mixin.py:190} INFO - [2024-09-09T08:29:56.624+0000] {dag.py:4156} INFO - Setting next_dagrun for example_setup_teardown to None, run_after=None
[2024-09-09T08:29:56.648+0000] {processor.py:208} INFO - Processing /home/airflow/.local/lib/python3.12/site-packages/airflow/example_dags/example_setup_teardown.py took 0.092 seconds
[2024-09-09T08:30:27.362+0000] {processor.py:186} INFO - Started process (PID=14864) to work on /home/airflow/.local/lib/python3.12/site-packages/airflow/example_dags/example_setup_teardown.py
[2024-09-09T08:30:27.363+0000] {processor.py:914} INFO - Processing file /home/airflow/.local/lib/python3.12/site-packages/airflow/example_dags/example_setup_teardown.py for tasks to queue
[2024-09-09T08:30:27.366+0000] {logging_mixin.py:190} INFO - [2024-09-09T08:30:27.366+0000] {dagbag.py:587} INFO - Filling up the DagBag from /home/airflow/.local/lib/python3.12/site-packages/airflow/example_dags/example_setup_teardown.py
[2024-09-09T08:30:27.376+0000] {processor.py:925} INFO - DAG(s) 'example_setup_teardown' retrieved from /home/airflow/.local/lib/python3.12/site-packages/airflow/example_dags/example_setup_teardown.py
[2024-09-09T08:30:27.401+0000] {logging_mixin.py:190} INFO - [2024-09-09T08:30:27.401+0000] {dag.py:3229} INFO - Sync 1 DAGs
[2024-09-09T08:30:27.416+0000] {logging_mixin.py:190} INFO - [2024-09-09T08:30:27.416+0000] {dag.py:4156} INFO - Setting next_dagrun for example_setup_teardown to None, run_after=None
[2024-09-09T08:30:27.442+0000] {processor.py:208} INFO - Processing /home/airflow/.local/lib/python3.12/site-packages/airflow/example_dags/example_setup_teardown.py took 0.086 seconds
[2024-09-09T08:30:58.532+0000] {processor.py:186} INFO - Started process (PID=15150) to work on /home/airflow/.local/lib/python3.12/site-packages/airflow/example_dags/example_setup_teardown.py
[2024-09-09T08:30:58.534+0000] {processor.py:914} INFO - Processing file /home/airflow/.local/lib/python3.12/site-packages/airflow/example_dags/example_setup_teardown.py for tasks to queue
[2024-09-09T08:30:58.537+0000] {logging_mixin.py:190} INFO - [2024-09-09T08:30:58.536+0000] {dagbag.py:587} INFO - Filling up the DagBag from /home/airflow/.local/lib/python3.12/site-packages/airflow/example_dags/example_setup_teardown.py
[2024-09-09T08:30:58.546+0000] {processor.py:925} INFO - DAG(s) 'example_setup_teardown' retrieved from /home/airflow/.local/lib/python3.12/site-packages/airflow/example_dags/example_setup_teardown.py
[2024-09-09T08:30:58.571+0000] {logging_mixin.py:190} INFO - [2024-09-09T08:30:58.571+0000] {dag.py:3229} INFO - Sync 1 DAGs
[2024-09-09T08:30:58.588+0000] {logging_mixin.py:190} INFO - [2024-09-09T08:30:58.587+0000] {dag.py:4156} INFO - Setting next_dagrun for example_setup_teardown to None, run_after=None
[2024-09-09T08:30:58.608+0000] {processor.py:208} INFO - Processing /home/airflow/.local/lib/python3.12/site-packages/airflow/example_dags/example_setup_teardown.py took 0.084 seconds
[2024-09-09T08:31:29.489+0000] {processor.py:186} INFO - Started process (PID=15436) to work on /home/airflow/.local/lib/python3.12/site-packages/airflow/example_dags/example_setup_teardown.py
[2024-09-09T08:31:29.493+0000] {processor.py:914} INFO - Processing file /home/airflow/.local/lib/python3.12/site-packages/airflow/example_dags/example_setup_teardown.py for tasks to queue
[2024-09-09T08:31:29.504+0000] {logging_mixin.py:190} INFO - [2024-09-09T08:31:29.503+0000] {dagbag.py:587} INFO - Filling up the DagBag from /home/airflow/.local/lib/python3.12/site-packages/airflow/example_dags/example_setup_teardown.py
[2024-09-09T08:31:29.525+0000] {processor.py:925} INFO - DAG(s) 'example_setup_teardown' retrieved from /home/airflow/.local/lib/python3.12/site-packages/airflow/example_dags/example_setup_teardown.py
[2024-09-09T08:31:29.556+0000] {logging_mixin.py:190} INFO - [2024-09-09T08:31:29.556+0000] {dag.py:3229} INFO - Sync 1 DAGs
[2024-09-09T08:31:29.569+0000] {logging_mixin.py:190} INFO - [2024-09-09T08:31:29.569+0000] {dag.py:4156} INFO - Setting next_dagrun for example_setup_teardown to None, run_after=None
[2024-09-09T08:31:29.588+0000] {processor.py:208} INFO - Processing /home/airflow/.local/lib/python3.12/site-packages/airflow/example_dags/example_setup_teardown.py took 0.104 seconds
[2024-09-09T08:32:00.890+0000] {processor.py:186} INFO - Started process (PID=15722) to work on /home/airflow/.local/lib/python3.12/site-packages/airflow/example_dags/example_setup_teardown.py
[2024-09-09T08:32:00.891+0000] {processor.py:914} INFO - Processing file /home/airflow/.local/lib/python3.12/site-packages/airflow/example_dags/example_setup_teardown.py for tasks to queue
[2024-09-09T08:32:00.894+0000] {logging_mixin.py:190} INFO - [2024-09-09T08:32:00.893+0000] {dagbag.py:587} INFO - Filling up the DagBag from /home/airflow/.local/lib/python3.12/site-packages/airflow/example_dags/example_setup_teardown.py
[2024-09-09T08:32:00.901+0000] {processor.py:925} INFO - DAG(s) 'example_setup_teardown' retrieved from /home/airflow/.local/lib/python3.12/site-packages/airflow/example_dags/example_setup_teardown.py
[2024-09-09T08:32:00.921+0000] {logging_mixin.py:190} INFO - [2024-09-09T08:32:00.920+0000] {dag.py:3229} INFO - Sync 1 DAGs
[2024-09-09T08:32:00.935+0000] {logging_mixin.py:190} INFO - [2024-09-09T08:32:00.935+0000] {dag.py:4156} INFO - Setting next_dagrun for example_setup_teardown to None, run_after=None
[2024-09-09T08:32:00.953+0000] {processor.py:208} INFO - Processing /home/airflow/.local/lib/python3.12/site-packages/airflow/example_dags/example_setup_teardown.py took 0.068 seconds
[2024-09-09T08:32:32.226+0000] {processor.py:186} INFO - Started process (PID=16008) to work on /home/airflow/.local/lib/python3.12/site-packages/airflow/example_dags/example_setup_teardown.py
[2024-09-09T08:32:32.228+0000] {processor.py:914} INFO - Processing file /home/airflow/.local/lib/python3.12/site-packages/airflow/example_dags/example_setup_teardown.py for tasks to queue
[2024-09-09T08:32:32.231+0000] {logging_mixin.py:190} INFO - [2024-09-09T08:32:32.230+0000] {dagbag.py:587} INFO - Filling up the DagBag from /home/airflow/.local/lib/python3.12/site-packages/airflow/example_dags/example_setup_teardown.py
[2024-09-09T08:32:32.241+0000] {processor.py:925} INFO - DAG(s) 'example_setup_teardown' retrieved from /home/airflow/.local/lib/python3.12/site-packages/airflow/example_dags/example_setup_teardown.py
[2024-09-09T08:32:32.267+0000] {logging_mixin.py:190} INFO - [2024-09-09T08:32:32.266+0000] {dag.py:3229} INFO - Sync 1 DAGs
[2024-09-09T08:32:32.287+0000] {logging_mixin.py:190} INFO - [2024-09-09T08:32:32.287+0000] {dag.py:4156} INFO - Setting next_dagrun for example_setup_teardown to None, run_after=None
[2024-09-09T08:32:32.309+0000] {processor.py:208} INFO - Processing /home/airflow/.local/lib/python3.12/site-packages/airflow/example_dags/example_setup_teardown.py took 0.089 seconds
[2024-09-09T08:33:02.814+0000] {processor.py:186} INFO - Started process (PID=16288) to work on /home/airflow/.local/lib/python3.12/site-packages/airflow/example_dags/example_setup_teardown.py
[2024-09-09T08:33:02.815+0000] {processor.py:914} INFO - Processing file /home/airflow/.local/lib/python3.12/site-packages/airflow/example_dags/example_setup_teardown.py for tasks to queue
[2024-09-09T08:33:02.817+0000] {logging_mixin.py:190} INFO - [2024-09-09T08:33:02.817+0000] {dagbag.py:587} INFO - Filling up the DagBag from /home/airflow/.local/lib/python3.12/site-packages/airflow/example_dags/example_setup_teardown.py
[2024-09-09T08:33:02.824+0000] {processor.py:925} INFO - DAG(s) 'example_setup_teardown' retrieved from /home/airflow/.local/lib/python3.12/site-packages/airflow/example_dags/example_setup_teardown.py
[2024-09-09T08:33:02.842+0000] {logging_mixin.py:190} INFO - [2024-09-09T08:33:02.842+0000] {dag.py:3229} INFO - Sync 1 DAGs
[2024-09-09T08:33:02.854+0000] {logging_mixin.py:190} INFO - [2024-09-09T08:33:02.854+0000] {dag.py:4156} INFO - Setting next_dagrun for example_setup_teardown to None, run_after=None
[2024-09-09T08:33:02.873+0000] {processor.py:208} INFO - Processing /home/airflow/.local/lib/python3.12/site-packages/airflow/example_dags/example_setup_teardown.py took 0.064 seconds
[2024-09-09T08:33:33.779+0000] {processor.py:186} INFO - Started process (PID=16574) to work on /home/airflow/.local/lib/python3.12/site-packages/airflow/example_dags/example_setup_teardown.py
[2024-09-09T08:33:33.780+0000] {processor.py:914} INFO - Processing file /home/airflow/.local/lib/python3.12/site-packages/airflow/example_dags/example_setup_teardown.py for tasks to queue
[2024-09-09T08:33:33.785+0000] {logging_mixin.py:190} INFO - [2024-09-09T08:33:33.784+0000] {dagbag.py:587} INFO - Filling up the DagBag from /home/airflow/.local/lib/python3.12/site-packages/airflow/example_dags/example_setup_teardown.py
[2024-09-09T08:33:33.794+0000] {processor.py:925} INFO - DAG(s) 'example_setup_teardown' retrieved from /home/airflow/.local/lib/python3.12/site-packages/airflow/example_dags/example_setup_teardown.py
[2024-09-09T08:33:34.031+0000] {logging_mixin.py:190} INFO - [2024-09-09T08:33:34.031+0000] {dag.py:3229} INFO - Sync 1 DAGs
[2024-09-09T08:33:34.045+0000] {logging_mixin.py:190} INFO - [2024-09-09T08:33:34.045+0000] {dag.py:4156} INFO - Setting next_dagrun for example_setup_teardown to None, run_after=None
[2024-09-09T08:33:34.071+0000] {processor.py:208} INFO - Processing /home/airflow/.local/lib/python3.12/site-packages/airflow/example_dags/example_setup_teardown.py took 0.299 seconds
[2024-09-09T08:34:05.007+0000] {processor.py:186} INFO - Started process (PID=16865) to work on /home/airflow/.local/lib/python3.12/site-packages/airflow/example_dags/example_setup_teardown.py
[2024-09-09T08:34:05.008+0000] {processor.py:914} INFO - Processing file /home/airflow/.local/lib/python3.12/site-packages/airflow/example_dags/example_setup_teardown.py for tasks to queue
[2024-09-09T08:34:05.010+0000] {logging_mixin.py:190} INFO - [2024-09-09T08:34:05.010+0000] {dagbag.py:587} INFO - Filling up the DagBag from /home/airflow/.local/lib/python3.12/site-packages/airflow/example_dags/example_setup_teardown.py
[2024-09-09T08:34:05.017+0000] {processor.py:925} INFO - DAG(s) 'example_setup_teardown' retrieved from /home/airflow/.local/lib/python3.12/site-packages/airflow/example_dags/example_setup_teardown.py
[2024-09-09T08:34:05.036+0000] {logging_mixin.py:190} INFO - [2024-09-09T08:34:05.036+0000] {dag.py:3229} INFO - Sync 1 DAGs
[2024-09-09T08:34:05.220+0000] {logging_mixin.py:190} INFO - [2024-09-09T08:34:05.219+0000] {dag.py:4156} INFO - Setting next_dagrun for example_setup_teardown to None, run_after=None
[2024-09-09T08:34:05.243+0000] {processor.py:208} INFO - Processing /home/airflow/.local/lib/python3.12/site-packages/airflow/example_dags/example_setup_teardown.py took 0.241 seconds
[2024-09-09T08:34:35.802+0000] {processor.py:186} INFO - Started process (PID=17151) to work on /home/airflow/.local/lib/python3.12/site-packages/airflow/example_dags/example_setup_teardown.py
[2024-09-09T08:34:35.803+0000] {processor.py:914} INFO - Processing file /home/airflow/.local/lib/python3.12/site-packages/airflow/example_dags/example_setup_teardown.py for tasks to queue
[2024-09-09T08:34:35.806+0000] {logging_mixin.py:190} INFO - [2024-09-09T08:34:35.806+0000] {dagbag.py:587} INFO - Filling up the DagBag from /home/airflow/.local/lib/python3.12/site-packages/airflow/example_dags/example_setup_teardown.py
[2024-09-09T08:34:35.815+0000] {processor.py:925} INFO - DAG(s) 'example_setup_teardown' retrieved from /home/airflow/.local/lib/python3.12/site-packages/airflow/example_dags/example_setup_teardown.py
[2024-09-09T08:34:35.835+0000] {logging_mixin.py:190} INFO - [2024-09-09T08:34:35.835+0000] {dag.py:3229} INFO - Sync 1 DAGs
[2024-09-09T08:34:35.852+0000] {logging_mixin.py:190} INFO - [2024-09-09T08:34:35.852+0000] {dag.py:4156} INFO - Setting next_dagrun for example_setup_teardown to None, run_after=None
[2024-09-09T08:34:35.873+0000] {processor.py:208} INFO - Processing /home/airflow/.local/lib/python3.12/site-packages/airflow/example_dags/example_setup_teardown.py took 0.078 seconds
[2024-09-09T08:35:06.499+0000] {processor.py:186} INFO - Started process (PID=17437) to work on /home/airflow/.local/lib/python3.12/site-packages/airflow/example_dags/example_setup_teardown.py
[2024-09-09T08:35:06.500+0000] {processor.py:914} INFO - Processing file /home/airflow/.local/lib/python3.12/site-packages/airflow/example_dags/example_setup_teardown.py for tasks to queue
[2024-09-09T08:35:06.502+0000] {logging_mixin.py:190} INFO - [2024-09-09T08:35:06.502+0000] {dagbag.py:587} INFO - Filling up the DagBag from /home/airflow/.local/lib/python3.12/site-packages/airflow/example_dags/example_setup_teardown.py
[2024-09-09T08:35:06.510+0000] {processor.py:925} INFO - DAG(s) 'example_setup_teardown' retrieved from /home/airflow/.local/lib/python3.12/site-packages/airflow/example_dags/example_setup_teardown.py
[2024-09-09T08:35:06.533+0000] {logging_mixin.py:190} INFO - [2024-09-09T08:35:06.533+0000] {dag.py:3229} INFO - Sync 1 DAGs
[2024-09-09T08:35:06.546+0000] {logging_mixin.py:190} INFO - [2024-09-09T08:35:06.546+0000] {dag.py:4156} INFO - Setting next_dagrun for example_setup_teardown to None, run_after=None
[2024-09-09T08:35:06.565+0000] {processor.py:208} INFO - Processing /home/airflow/.local/lib/python3.12/site-packages/airflow/example_dags/example_setup_teardown.py took 0.072 seconds
[2024-09-09T08:35:37.001+0000] {processor.py:186} INFO - Started process (PID=17723) to work on /home/airflow/.local/lib/python3.12/site-packages/airflow/example_dags/example_setup_teardown.py
[2024-09-09T08:35:37.002+0000] {processor.py:914} INFO - Processing file /home/airflow/.local/lib/python3.12/site-packages/airflow/example_dags/example_setup_teardown.py for tasks to queue
[2024-09-09T08:35:37.005+0000] {logging_mixin.py:190} INFO - [2024-09-09T08:35:37.004+0000] {dagbag.py:587} INFO - Filling up the DagBag from /home/airflow/.local/lib/python3.12/site-packages/airflow/example_dags/example_setup_teardown.py
[2024-09-09T08:35:37.012+0000] {processor.py:925} INFO - DAG(s) 'example_setup_teardown' retrieved from /home/airflow/.local/lib/python3.12/site-packages/airflow/example_dags/example_setup_teardown.py
[2024-09-09T08:35:37.031+0000] {logging_mixin.py:190} INFO - [2024-09-09T08:35:37.031+0000] {dag.py:3229} INFO - Sync 1 DAGs
[2024-09-09T08:35:37.045+0000] {logging_mixin.py:190} INFO - [2024-09-09T08:35:37.045+0000] {dag.py:4156} INFO - Setting next_dagrun for example_setup_teardown to None, run_after=None
[2024-09-09T08:35:37.066+0000] {processor.py:208} INFO - Processing /home/airflow/.local/lib/python3.12/site-packages/airflow/example_dags/example_setup_teardown.py took 0.071 seconds
[2024-09-09T08:36:07.587+0000] {processor.py:186} INFO - Started process (PID=18009) to work on /home/airflow/.local/lib/python3.12/site-packages/airflow/example_dags/example_setup_teardown.py
[2024-09-09T08:36:07.588+0000] {processor.py:914} INFO - Processing file /home/airflow/.local/lib/python3.12/site-packages/airflow/example_dags/example_setup_teardown.py for tasks to queue
[2024-09-09T08:36:07.592+0000] {logging_mixin.py:190} INFO - [2024-09-09T08:36:07.591+0000] {dagbag.py:587} INFO - Filling up the DagBag from /home/airflow/.local/lib/python3.12/site-packages/airflow/example_dags/example_setup_teardown.py
[2024-09-09T08:36:07.604+0000] {processor.py:925} INFO - DAG(s) 'example_setup_teardown' retrieved from /home/airflow/.local/lib/python3.12/site-packages/airflow/example_dags/example_setup_teardown.py
[2024-09-09T08:36:07.633+0000] {logging_mixin.py:190} INFO - [2024-09-09T08:36:07.632+0000] {dag.py:3229} INFO - Sync 1 DAGs
[2024-09-09T08:36:07.653+0000] {logging_mixin.py:190} INFO - [2024-09-09T08:36:07.652+0000] {dag.py:4156} INFO - Setting next_dagrun for example_setup_teardown to None, run_after=None
[2024-09-09T08:36:07.676+0000] {processor.py:208} INFO - Processing /home/airflow/.local/lib/python3.12/site-packages/airflow/example_dags/example_setup_teardown.py took 0.104 seconds
[2024-09-09T08:36:38.214+0000] {processor.py:186} INFO - Started process (PID=18295) to work on /home/airflow/.local/lib/python3.12/site-packages/airflow/example_dags/example_setup_teardown.py
[2024-09-09T08:36:38.215+0000] {processor.py:914} INFO - Processing file /home/airflow/.local/lib/python3.12/site-packages/airflow/example_dags/example_setup_teardown.py for tasks to queue
[2024-09-09T08:36:38.217+0000] {logging_mixin.py:190} INFO - [2024-09-09T08:36:38.217+0000] {dagbag.py:587} INFO - Filling up the DagBag from /home/airflow/.local/lib/python3.12/site-packages/airflow/example_dags/example_setup_teardown.py
[2024-09-09T08:36:38.225+0000] {processor.py:925} INFO - DAG(s) 'example_setup_teardown' retrieved from /home/airflow/.local/lib/python3.12/site-packages/airflow/example_dags/example_setup_teardown.py
[2024-09-09T08:36:38.247+0000] {logging_mixin.py:190} INFO - [2024-09-09T08:36:38.246+0000] {dag.py:3229} INFO - Sync 1 DAGs
[2024-09-09T08:36:38.260+0000] {logging_mixin.py:190} INFO - [2024-09-09T08:36:38.260+0000] {dag.py:4156} INFO - Setting next_dagrun for example_setup_teardown to None, run_after=None
[2024-09-09T08:36:38.280+0000] {processor.py:208} INFO - Processing /home/airflow/.local/lib/python3.12/site-packages/airflow/example_dags/example_setup_teardown.py took 0.072 seconds
[2024-09-09T08:37:09.218+0000] {processor.py:186} INFO - Started process (PID=18581) to work on /home/airflow/.local/lib/python3.12/site-packages/airflow/example_dags/example_setup_teardown.py
[2024-09-09T08:37:09.219+0000] {processor.py:914} INFO - Processing file /home/airflow/.local/lib/python3.12/site-packages/airflow/example_dags/example_setup_teardown.py for tasks to queue
[2024-09-09T08:37:09.225+0000] {logging_mixin.py:190} INFO - [2024-09-09T08:37:09.224+0000] {dagbag.py:587} INFO - Filling up the DagBag from /home/airflow/.local/lib/python3.12/site-packages/airflow/example_dags/example_setup_teardown.py
[2024-09-09T08:37:09.235+0000] {processor.py:925} INFO - DAG(s) 'example_setup_teardown' retrieved from /home/airflow/.local/lib/python3.12/site-packages/airflow/example_dags/example_setup_teardown.py
[2024-09-09T08:37:09.262+0000] {logging_mixin.py:190} INFO - [2024-09-09T08:37:09.262+0000] {dag.py:3229} INFO - Sync 1 DAGs
[2024-09-09T08:37:09.282+0000] {logging_mixin.py:190} INFO - [2024-09-09T08:37:09.281+0000] {dag.py:4156} INFO - Setting next_dagrun for example_setup_teardown to None, run_after=None
[2024-09-09T08:37:09.307+0000] {processor.py:208} INFO - Processing /home/airflow/.local/lib/python3.12/site-packages/airflow/example_dags/example_setup_teardown.py took 0.096 seconds
[2024-09-09T08:37:39.449+0000] {processor.py:186} INFO - Started process (PID=18864) to work on /home/airflow/.local/lib/python3.12/site-packages/airflow/example_dags/example_setup_teardown.py
[2024-09-09T08:37:39.451+0000] {processor.py:914} INFO - Processing file /home/airflow/.local/lib/python3.12/site-packages/airflow/example_dags/example_setup_teardown.py for tasks to queue
[2024-09-09T08:37:39.453+0000] {logging_mixin.py:190} INFO - [2024-09-09T08:37:39.453+0000] {dagbag.py:587} INFO - Filling up the DagBag from /home/airflow/.local/lib/python3.12/site-packages/airflow/example_dags/example_setup_teardown.py
[2024-09-09T08:37:39.460+0000] {processor.py:925} INFO - DAG(s) 'example_setup_teardown' retrieved from /home/airflow/.local/lib/python3.12/site-packages/airflow/example_dags/example_setup_teardown.py
[2024-09-09T08:37:39.480+0000] {logging_mixin.py:190} INFO - [2024-09-09T08:37:39.480+0000] {dag.py:3229} INFO - Sync 1 DAGs
[2024-09-09T08:37:39.492+0000] {logging_mixin.py:190} INFO - [2024-09-09T08:37:39.492+0000] {dag.py:4156} INFO - Setting next_dagrun for example_setup_teardown to None, run_after=None
[2024-09-09T08:37:39.511+0000] {processor.py:208} INFO - Processing /home/airflow/.local/lib/python3.12/site-packages/airflow/example_dags/example_setup_teardown.py took 0.066 seconds
[2024-09-09T08:38:10.342+0000] {processor.py:186} INFO - Started process (PID=19150) to work on /home/airflow/.local/lib/python3.12/site-packages/airflow/example_dags/example_setup_teardown.py
[2024-09-09T08:38:10.344+0000] {processor.py:914} INFO - Processing file /home/airflow/.local/lib/python3.12/site-packages/airflow/example_dags/example_setup_teardown.py for tasks to queue
[2024-09-09T08:38:10.346+0000] {logging_mixin.py:190} INFO - [2024-09-09T08:38:10.346+0000] {dagbag.py:587} INFO - Filling up the DagBag from /home/airflow/.local/lib/python3.12/site-packages/airflow/example_dags/example_setup_teardown.py
[2024-09-09T08:38:10.355+0000] {processor.py:925} INFO - DAG(s) 'example_setup_teardown' retrieved from /home/airflow/.local/lib/python3.12/site-packages/airflow/example_dags/example_setup_teardown.py
[2024-09-09T08:38:10.377+0000] {logging_mixin.py:190} INFO - [2024-09-09T08:38:10.377+0000] {dag.py:3229} INFO - Sync 1 DAGs
[2024-09-09T08:38:10.391+0000] {logging_mixin.py:190} INFO - [2024-09-09T08:38:10.391+0000] {dag.py:4156} INFO - Setting next_dagrun for example_setup_teardown to None, run_after=None
[2024-09-09T08:38:10.412+0000] {processor.py:208} INFO - Processing /home/airflow/.local/lib/python3.12/site-packages/airflow/example_dags/example_setup_teardown.py took 0.075 seconds
[2024-09-09T08:38:40.687+0000] {processor.py:186} INFO - Started process (PID=19434) to work on /home/airflow/.local/lib/python3.12/site-packages/airflow/example_dags/example_setup_teardown.py
[2024-09-09T08:38:40.688+0000] {processor.py:914} INFO - Processing file /home/airflow/.local/lib/python3.12/site-packages/airflow/example_dags/example_setup_teardown.py for tasks to queue
[2024-09-09T08:38:40.691+0000] {logging_mixin.py:190} INFO - [2024-09-09T08:38:40.690+0000] {dagbag.py:587} INFO - Filling up the DagBag from /home/airflow/.local/lib/python3.12/site-packages/airflow/example_dags/example_setup_teardown.py
[2024-09-09T08:38:40.699+0000] {processor.py:925} INFO - DAG(s) 'example_setup_teardown' retrieved from /home/airflow/.local/lib/python3.12/site-packages/airflow/example_dags/example_setup_teardown.py
[2024-09-09T08:38:40.720+0000] {logging_mixin.py:190} INFO - [2024-09-09T08:38:40.719+0000] {dag.py:3229} INFO - Sync 1 DAGs
[2024-09-09T08:38:40.735+0000] {logging_mixin.py:190} INFO - [2024-09-09T08:38:40.735+0000] {dag.py:4156} INFO - Setting next_dagrun for example_setup_teardown to None, run_after=None
[2024-09-09T08:38:40.757+0000] {processor.py:208} INFO - Processing /home/airflow/.local/lib/python3.12/site-packages/airflow/example_dags/example_setup_teardown.py took 0.076 seconds
[2024-09-09T08:39:11.268+0000] {processor.py:186} INFO - Started process (PID=19720) to work on /home/airflow/.local/lib/python3.12/site-packages/airflow/example_dags/example_setup_teardown.py
[2024-09-09T08:39:11.270+0000] {processor.py:914} INFO - Processing file /home/airflow/.local/lib/python3.12/site-packages/airflow/example_dags/example_setup_teardown.py for tasks to queue
[2024-09-09T08:39:11.272+0000] {logging_mixin.py:190} INFO - [2024-09-09T08:39:11.272+0000] {dagbag.py:587} INFO - Filling up the DagBag from /home/airflow/.local/lib/python3.12/site-packages/airflow/example_dags/example_setup_teardown.py
[2024-09-09T08:39:11.281+0000] {processor.py:925} INFO - DAG(s) 'example_setup_teardown' retrieved from /home/airflow/.local/lib/python3.12/site-packages/airflow/example_dags/example_setup_teardown.py
[2024-09-09T08:39:11.302+0000] {logging_mixin.py:190} INFO - [2024-09-09T08:39:11.302+0000] {dag.py:3229} INFO - Sync 1 DAGs
[2024-09-09T08:39:11.316+0000] {logging_mixin.py:190} INFO - [2024-09-09T08:39:11.316+0000] {dag.py:4156} INFO - Setting next_dagrun for example_setup_teardown to None, run_after=None
[2024-09-09T08:39:11.337+0000] {processor.py:208} INFO - Processing /home/airflow/.local/lib/python3.12/site-packages/airflow/example_dags/example_setup_teardown.py took 0.075 seconds
[2024-09-09T08:39:42.397+0000] {processor.py:186} INFO - Started process (PID=20006) to work on /home/airflow/.local/lib/python3.12/site-packages/airflow/example_dags/example_setup_teardown.py
[2024-09-09T08:39:42.398+0000] {processor.py:914} INFO - Processing file /home/airflow/.local/lib/python3.12/site-packages/airflow/example_dags/example_setup_teardown.py for tasks to queue
[2024-09-09T08:39:42.400+0000] {logging_mixin.py:190} INFO - [2024-09-09T08:39:42.399+0000] {dagbag.py:587} INFO - Filling up the DagBag from /home/airflow/.local/lib/python3.12/site-packages/airflow/example_dags/example_setup_teardown.py
[2024-09-09T08:39:42.407+0000] {processor.py:925} INFO - DAG(s) 'example_setup_teardown' retrieved from /home/airflow/.local/lib/python3.12/site-packages/airflow/example_dags/example_setup_teardown.py
[2024-09-09T08:39:42.428+0000] {logging_mixin.py:190} INFO - [2024-09-09T08:39:42.428+0000] {dag.py:3229} INFO - Sync 1 DAGs
[2024-09-09T08:39:42.440+0000] {logging_mixin.py:190} INFO - [2024-09-09T08:39:42.440+0000] {dag.py:4156} INFO - Setting next_dagrun for example_setup_teardown to None, run_after=None
[2024-09-09T08:39:42.456+0000] {processor.py:208} INFO - Processing /home/airflow/.local/lib/python3.12/site-packages/airflow/example_dags/example_setup_teardown.py took 0.065 seconds
[2024-09-09T08:40:13.643+0000] {processor.py:186} INFO - Started process (PID=20298) to work on /home/airflow/.local/lib/python3.12/site-packages/airflow/example_dags/example_setup_teardown.py
[2024-09-09T08:40:13.644+0000] {processor.py:914} INFO - Processing file /home/airflow/.local/lib/python3.12/site-packages/airflow/example_dags/example_setup_teardown.py for tasks to queue
[2024-09-09T08:40:13.646+0000] {logging_mixin.py:190} INFO - [2024-09-09T08:40:13.646+0000] {dagbag.py:587} INFO - Filling up the DagBag from /home/airflow/.local/lib/python3.12/site-packages/airflow/example_dags/example_setup_teardown.py
[2024-09-09T08:40:13.653+0000] {processor.py:925} INFO - DAG(s) 'example_setup_teardown' retrieved from /home/airflow/.local/lib/python3.12/site-packages/airflow/example_dags/example_setup_teardown.py
[2024-09-09T08:40:13.672+0000] {logging_mixin.py:190} INFO - [2024-09-09T08:40:13.672+0000] {dag.py:3229} INFO - Sync 1 DAGs
[2024-09-09T08:40:13.684+0000] {logging_mixin.py:190} INFO - [2024-09-09T08:40:13.684+0000] {dag.py:4156} INFO - Setting next_dagrun for example_setup_teardown to None, run_after=None
[2024-09-09T08:40:13.701+0000] {processor.py:208} INFO - Processing /home/airflow/.local/lib/python3.12/site-packages/airflow/example_dags/example_setup_teardown.py took 0.063 seconds
[2024-09-09T08:40:44.433+0000] {processor.py:186} INFO - Started process (PID=20584) to work on /home/airflow/.local/lib/python3.12/site-packages/airflow/example_dags/example_setup_teardown.py
[2024-09-09T08:40:44.434+0000] {processor.py:914} INFO - Processing file /home/airflow/.local/lib/python3.12/site-packages/airflow/example_dags/example_setup_teardown.py for tasks to queue
[2024-09-09T08:40:44.436+0000] {logging_mixin.py:190} INFO - [2024-09-09T08:40:44.436+0000] {dagbag.py:587} INFO - Filling up the DagBag from /home/airflow/.local/lib/python3.12/site-packages/airflow/example_dags/example_setup_teardown.py
[2024-09-09T08:40:44.444+0000] {processor.py:925} INFO - DAG(s) 'example_setup_teardown' retrieved from /home/airflow/.local/lib/python3.12/site-packages/airflow/example_dags/example_setup_teardown.py
[2024-09-09T08:40:44.461+0000] {logging_mixin.py:190} INFO - [2024-09-09T08:40:44.461+0000] {dag.py:3229} INFO - Sync 1 DAGs
[2024-09-09T08:40:44.474+0000] {logging_mixin.py:190} INFO - [2024-09-09T08:40:44.473+0000] {dag.py:4156} INFO - Setting next_dagrun for example_setup_teardown to None, run_after=None
[2024-09-09T08:40:44.491+0000] {processor.py:208} INFO - Processing /home/airflow/.local/lib/python3.12/site-packages/airflow/example_dags/example_setup_teardown.py took 0.063 seconds
[2024-09-09T08:41:14.855+0000] {processor.py:186} INFO - Started process (PID=20873) to work on /home/airflow/.local/lib/python3.12/site-packages/airflow/example_dags/example_setup_teardown.py
[2024-09-09T08:41:14.856+0000] {processor.py:914} INFO - Processing file /home/airflow/.local/lib/python3.12/site-packages/airflow/example_dags/example_setup_teardown.py for tasks to queue
[2024-09-09T08:41:14.859+0000] {logging_mixin.py:190} INFO - [2024-09-09T08:41:14.859+0000] {dagbag.py:587} INFO - Filling up the DagBag from /home/airflow/.local/lib/python3.12/site-packages/airflow/example_dags/example_setup_teardown.py
[2024-09-09T08:41:14.867+0000] {processor.py:925} INFO - DAG(s) 'example_setup_teardown' retrieved from /home/airflow/.local/lib/python3.12/site-packages/airflow/example_dags/example_setup_teardown.py
[2024-09-09T08:41:14.888+0000] {logging_mixin.py:190} INFO - [2024-09-09T08:41:14.888+0000] {dag.py:3229} INFO - Sync 1 DAGs
[2024-09-09T08:41:14.900+0000] {logging_mixin.py:190} INFO - [2024-09-09T08:41:14.899+0000] {dag.py:4156} INFO - Setting next_dagrun for example_setup_teardown to None, run_after=None
[2024-09-09T08:41:14.917+0000] {processor.py:208} INFO - Processing /home/airflow/.local/lib/python3.12/site-packages/airflow/example_dags/example_setup_teardown.py took 0.068 seconds
