[2024-09-09T08:04:23.776+0000] {processor.py:186} INFO - Started process (PID=365) to work on /home/airflow/.local/lib/python3.12/site-packages/airflow/example_dags/example_dag_decorator.py
[2024-09-09T08:04:23.781+0000] {processor.py:914} INFO - Processing file /home/airflow/.local/lib/python3.12/site-packages/airflow/example_dags/example_dag_decorator.py for tasks to queue
[2024-09-09T08:04:23.785+0000] {logging_mixin.py:190} INFO - [2024-09-09T08:04:23.784+0000] {dagbag.py:587} INFO - Filling up the DagBag from /home/airflow/.local/lib/python3.12/site-packages/airflow/example_dags/example_dag_decorator.py
[2024-09-09T08:04:23.822+0000] {processor.py:925} INFO - DAG(s) 'example_dag_decorator' retrieved from /home/airflow/.local/lib/python3.12/site-packages/airflow/example_dags/example_dag_decorator.py
[2024-09-09T08:04:23.993+0000] {logging_mixin.py:190} INFO - [2024-09-09T08:04:23.992+0000] {override.py:1900} INFO - Created Permission View: can edit on DAG:example_dag_decorator
[2024-09-09T08:04:24.010+0000] {logging_mixin.py:190} INFO - [2024-09-09T08:04:24.010+0000] {override.py:1900} INFO - Created Permission View: can delete on DAG:example_dag_decorator
[2024-09-09T08:04:24.022+0000] {logging_mixin.py:190} INFO - [2024-09-09T08:04:24.021+0000] {override.py:1900} INFO - Created Permission View: can read on DAG:example_dag_decorator
[2024-09-09T08:04:24.036+0000] {logging_mixin.py:190} INFO - [2024-09-09T08:04:24.035+0000] {override.py:1900} INFO - Created Permission View: can create on DAG Run:example_dag_decorator
[2024-09-09T08:04:24.045+0000] {logging_mixin.py:190} INFO - [2024-09-09T08:04:24.045+0000] {override.py:1900} INFO - Created Permission View: can delete on DAG Run:example_dag_decorator
[2024-09-09T08:04:24.055+0000] {logging_mixin.py:190} INFO - [2024-09-09T08:04:24.055+0000] {override.py:1900} INFO - Created Permission View: menu access on DAG Run:example_dag_decorator
[2024-09-09T08:04:24.064+0000] {logging_mixin.py:190} INFO - [2024-09-09T08:04:24.064+0000] {override.py:1900} INFO - Created Permission View: can read on DAG Run:example_dag_decorator
[2024-09-09T08:04:24.065+0000] {logging_mixin.py:190} INFO - [2024-09-09T08:04:24.065+0000] {dag.py:3229} INFO - Sync 1 DAGs
[2024-09-09T08:04:24.079+0000] {logging_mixin.py:190} INFO - [2024-09-09T08:04:24.079+0000] {dag.py:3252} INFO - Creating ORM DAG for example_dag_decorator
[2024-09-09T08:04:24.080+0000] {logging_mixin.py:190} INFO - [2024-09-09T08:04:24.080+0000] {dag.py:4156} INFO - Setting next_dagrun for example_dag_decorator to None, run_after=None
[2024-09-09T08:04:24.100+0000] {processor.py:208} INFO - Processing /home/airflow/.local/lib/python3.12/site-packages/airflow/example_dags/example_dag_decorator.py took 0.335 seconds
[2024-09-09T08:04:54.673+0000] {processor.py:186} INFO - Started process (PID=653) to work on /home/airflow/.local/lib/python3.12/site-packages/airflow/example_dags/example_dag_decorator.py
[2024-09-09T08:04:54.676+0000] {processor.py:914} INFO - Processing file /home/airflow/.local/lib/python3.12/site-packages/airflow/example_dags/example_dag_decorator.py for tasks to queue
[2024-09-09T08:04:54.680+0000] {logging_mixin.py:190} INFO - [2024-09-09T08:04:54.679+0000] {dagbag.py:587} INFO - Filling up the DagBag from /home/airflow/.local/lib/python3.12/site-packages/airflow/example_dags/example_dag_decorator.py
[2024-09-09T08:04:54.704+0000] {processor.py:925} INFO - DAG(s) 'example_dag_decorator' retrieved from /home/airflow/.local/lib/python3.12/site-packages/airflow/example_dags/example_dag_decorator.py
[2024-09-09T08:04:54.912+0000] {logging_mixin.py:190} INFO - [2024-09-09T08:04:54.912+0000] {dag.py:3229} INFO - Sync 1 DAGs
[2024-09-09T08:04:54.932+0000] {logging_mixin.py:190} INFO - [2024-09-09T08:04:54.932+0000] {dag.py:4156} INFO - Setting next_dagrun for example_dag_decorator to None, run_after=None
[2024-09-09T08:04:54.965+0000] {processor.py:208} INFO - Processing /home/airflow/.local/lib/python3.12/site-packages/airflow/example_dags/example_dag_decorator.py took 0.303 seconds
[2024-09-09T08:05:25.478+0000] {processor.py:186} INFO - Started process (PID=935) to work on /home/airflow/.local/lib/python3.12/site-packages/airflow/example_dags/example_dag_decorator.py
[2024-09-09T08:05:25.482+0000] {processor.py:914} INFO - Processing file /home/airflow/.local/lib/python3.12/site-packages/airflow/example_dags/example_dag_decorator.py for tasks to queue
[2024-09-09T08:05:25.485+0000] {logging_mixin.py:190} INFO - [2024-09-09T08:05:25.485+0000] {dagbag.py:587} INFO - Filling up the DagBag from /home/airflow/.local/lib/python3.12/site-packages/airflow/example_dags/example_dag_decorator.py
[2024-09-09T08:05:25.499+0000] {processor.py:925} INFO - DAG(s) 'example_dag_decorator' retrieved from /home/airflow/.local/lib/python3.12/site-packages/airflow/example_dags/example_dag_decorator.py
[2024-09-09T08:05:25.639+0000] {logging_mixin.py:190} INFO - [2024-09-09T08:05:25.638+0000] {dag.py:3229} INFO - Sync 1 DAGs
[2024-09-09T08:05:25.653+0000] {logging_mixin.py:190} INFO - [2024-09-09T08:05:25.652+0000] {dag.py:4156} INFO - Setting next_dagrun for example_dag_decorator to None, run_after=None
[2024-09-09T08:05:25.678+0000] {processor.py:208} INFO - Processing /home/airflow/.local/lib/python3.12/site-packages/airflow/example_dags/example_dag_decorator.py took 0.209 seconds
[2024-09-09T08:05:56.470+0000] {processor.py:186} INFO - Started process (PID=1223) to work on /home/airflow/.local/lib/python3.12/site-packages/airflow/example_dags/example_dag_decorator.py
[2024-09-09T08:05:56.471+0000] {processor.py:914} INFO - Processing file /home/airflow/.local/lib/python3.12/site-packages/airflow/example_dags/example_dag_decorator.py for tasks to queue
[2024-09-09T08:05:56.475+0000] {logging_mixin.py:190} INFO - [2024-09-09T08:05:56.474+0000] {dagbag.py:587} INFO - Filling up the DagBag from /home/airflow/.local/lib/python3.12/site-packages/airflow/example_dags/example_dag_decorator.py
[2024-09-09T08:05:56.491+0000] {processor.py:925} INFO - DAG(s) 'example_dag_decorator' retrieved from /home/airflow/.local/lib/python3.12/site-packages/airflow/example_dags/example_dag_decorator.py
[2024-09-09T08:05:56.677+0000] {logging_mixin.py:190} INFO - [2024-09-09T08:05:56.677+0000] {dag.py:3229} INFO - Sync 1 DAGs
[2024-09-09T08:05:56.692+0000] {logging_mixin.py:190} INFO - [2024-09-09T08:05:56.692+0000] {dag.py:4156} INFO - Setting next_dagrun for example_dag_decorator to None, run_after=None
[2024-09-09T08:05:56.864+0000] {processor.py:208} INFO - Processing /home/airflow/.local/lib/python3.12/site-packages/airflow/example_dags/example_dag_decorator.py took 0.403 seconds
[2024-09-09T08:06:27.398+0000] {processor.py:186} INFO - Started process (PID=1509) to work on /home/airflow/.local/lib/python3.12/site-packages/airflow/example_dags/example_dag_decorator.py
[2024-09-09T08:06:27.399+0000] {processor.py:914} INFO - Processing file /home/airflow/.local/lib/python3.12/site-packages/airflow/example_dags/example_dag_decorator.py for tasks to queue
[2024-09-09T08:06:27.401+0000] {logging_mixin.py:190} INFO - [2024-09-09T08:06:27.401+0000] {dagbag.py:587} INFO - Filling up the DagBag from /home/airflow/.local/lib/python3.12/site-packages/airflow/example_dags/example_dag_decorator.py
[2024-09-09T08:06:27.410+0000] {processor.py:925} INFO - DAG(s) 'example_dag_decorator' retrieved from /home/airflow/.local/lib/python3.12/site-packages/airflow/example_dags/example_dag_decorator.py
[2024-09-09T08:06:27.495+0000] {logging_mixin.py:190} INFO - [2024-09-09T08:06:27.494+0000] {dag.py:3229} INFO - Sync 1 DAGs
[2024-09-09T08:06:27.504+0000] {logging_mixin.py:190} INFO - [2024-09-09T08:06:27.503+0000] {dag.py:4156} INFO - Setting next_dagrun for example_dag_decorator to None, run_after=None
[2024-09-09T08:06:27.522+0000] {processor.py:208} INFO - Processing /home/airflow/.local/lib/python3.12/site-packages/airflow/example_dags/example_dag_decorator.py took 0.129 seconds
[2024-09-09T08:06:58.065+0000] {processor.py:186} INFO - Started process (PID=1795) to work on /home/airflow/.local/lib/python3.12/site-packages/airflow/example_dags/example_dag_decorator.py
[2024-09-09T08:06:58.066+0000] {processor.py:914} INFO - Processing file /home/airflow/.local/lib/python3.12/site-packages/airflow/example_dags/example_dag_decorator.py for tasks to queue
[2024-09-09T08:06:58.068+0000] {logging_mixin.py:190} INFO - [2024-09-09T08:06:58.068+0000] {dagbag.py:587} INFO - Filling up the DagBag from /home/airflow/.local/lib/python3.12/site-packages/airflow/example_dags/example_dag_decorator.py
[2024-09-09T08:06:58.077+0000] {processor.py:925} INFO - DAG(s) 'example_dag_decorator' retrieved from /home/airflow/.local/lib/python3.12/site-packages/airflow/example_dags/example_dag_decorator.py
[2024-09-09T08:06:58.165+0000] {logging_mixin.py:190} INFO - [2024-09-09T08:06:58.165+0000] {dag.py:3229} INFO - Sync 1 DAGs
[2024-09-09T08:06:58.180+0000] {logging_mixin.py:190} INFO - [2024-09-09T08:06:58.180+0000] {dag.py:4156} INFO - Setting next_dagrun for example_dag_decorator to None, run_after=None
[2024-09-09T08:06:58.214+0000] {processor.py:208} INFO - Processing /home/airflow/.local/lib/python3.12/site-packages/airflow/example_dags/example_dag_decorator.py took 0.154 seconds
[2024-09-09T08:07:28.406+0000] {processor.py:186} INFO - Started process (PID=2082) to work on /home/airflow/.local/lib/python3.12/site-packages/airflow/example_dags/example_dag_decorator.py
[2024-09-09T08:07:28.408+0000] {processor.py:914} INFO - Processing file /home/airflow/.local/lib/python3.12/site-packages/airflow/example_dags/example_dag_decorator.py for tasks to queue
[2024-09-09T08:07:28.410+0000] {logging_mixin.py:190} INFO - [2024-09-09T08:07:28.410+0000] {dagbag.py:587} INFO - Filling up the DagBag from /home/airflow/.local/lib/python3.12/site-packages/airflow/example_dags/example_dag_decorator.py
[2024-09-09T08:07:28.422+0000] {processor.py:925} INFO - DAG(s) 'example_dag_decorator' retrieved from /home/airflow/.local/lib/python3.12/site-packages/airflow/example_dags/example_dag_decorator.py
[2024-09-09T08:07:28.448+0000] {logging_mixin.py:190} INFO - [2024-09-09T08:07:28.448+0000] {dag.py:3229} INFO - Sync 1 DAGs
[2024-09-09T08:07:28.462+0000] {logging_mixin.py:190} INFO - [2024-09-09T08:07:28.462+0000] {dag.py:4156} INFO - Setting next_dagrun for example_dag_decorator to None, run_after=None
[2024-09-09T08:07:28.485+0000] {processor.py:208} INFO - Processing /home/airflow/.local/lib/python3.12/site-packages/airflow/example_dags/example_dag_decorator.py took 0.085 seconds
[2024-09-09T08:07:59.122+0000] {processor.py:186} INFO - Started process (PID=2368) to work on /home/airflow/.local/lib/python3.12/site-packages/airflow/example_dags/example_dag_decorator.py
[2024-09-09T08:07:59.123+0000] {processor.py:914} INFO - Processing file /home/airflow/.local/lib/python3.12/site-packages/airflow/example_dags/example_dag_decorator.py for tasks to queue
[2024-09-09T08:07:59.129+0000] {logging_mixin.py:190} INFO - [2024-09-09T08:07:59.128+0000] {dagbag.py:587} INFO - Filling up the DagBag from /home/airflow/.local/lib/python3.12/site-packages/airflow/example_dags/example_dag_decorator.py
[2024-09-09T08:07:59.147+0000] {processor.py:925} INFO - DAG(s) 'example_dag_decorator' retrieved from /home/airflow/.local/lib/python3.12/site-packages/airflow/example_dags/example_dag_decorator.py
[2024-09-09T08:07:59.367+0000] {logging_mixin.py:190} INFO - [2024-09-09T08:07:59.366+0000] {dag.py:3229} INFO - Sync 1 DAGs
[2024-09-09T08:07:59.393+0000] {logging_mixin.py:190} INFO - [2024-09-09T08:07:59.393+0000] {dag.py:4156} INFO - Setting next_dagrun for example_dag_decorator to None, run_after=None
[2024-09-09T08:07:59.470+0000] {processor.py:208} INFO - Processing /home/airflow/.local/lib/python3.12/site-packages/airflow/example_dags/example_dag_decorator.py took 0.355 seconds
[2024-09-09T08:08:30.070+0000] {processor.py:186} INFO - Started process (PID=2654) to work on /home/airflow/.local/lib/python3.12/site-packages/airflow/example_dags/example_dag_decorator.py
[2024-09-09T08:08:30.071+0000] {processor.py:914} INFO - Processing file /home/airflow/.local/lib/python3.12/site-packages/airflow/example_dags/example_dag_decorator.py for tasks to queue
[2024-09-09T08:08:30.074+0000] {logging_mixin.py:190} INFO - [2024-09-09T08:08:30.074+0000] {dagbag.py:587} INFO - Filling up the DagBag from /home/airflow/.local/lib/python3.12/site-packages/airflow/example_dags/example_dag_decorator.py
[2024-09-09T08:08:30.090+0000] {processor.py:925} INFO - DAG(s) 'example_dag_decorator' retrieved from /home/airflow/.local/lib/python3.12/site-packages/airflow/example_dags/example_dag_decorator.py
[2024-09-09T08:08:30.264+0000] {logging_mixin.py:190} INFO - [2024-09-09T08:08:30.264+0000] {dag.py:3229} INFO - Sync 1 DAGs
[2024-09-09T08:08:30.279+0000] {logging_mixin.py:190} INFO - [2024-09-09T08:08:30.279+0000] {dag.py:4156} INFO - Setting next_dagrun for example_dag_decorator to None, run_after=None
[2024-09-09T08:08:30.301+0000] {processor.py:208} INFO - Processing /home/airflow/.local/lib/python3.12/site-packages/airflow/example_dags/example_dag_decorator.py took 0.239 seconds
[2024-09-09T08:09:00.732+0000] {processor.py:186} INFO - Started process (PID=2940) to work on /home/airflow/.local/lib/python3.12/site-packages/airflow/example_dags/example_dag_decorator.py
[2024-09-09T08:09:00.733+0000] {processor.py:914} INFO - Processing file /home/airflow/.local/lib/python3.12/site-packages/airflow/example_dags/example_dag_decorator.py for tasks to queue
[2024-09-09T08:09:00.736+0000] {logging_mixin.py:190} INFO - [2024-09-09T08:09:00.735+0000] {dagbag.py:587} INFO - Filling up the DagBag from /home/airflow/.local/lib/python3.12/site-packages/airflow/example_dags/example_dag_decorator.py
[2024-09-09T08:09:00.748+0000] {processor.py:925} INFO - DAG(s) 'example_dag_decorator' retrieved from /home/airflow/.local/lib/python3.12/site-packages/airflow/example_dags/example_dag_decorator.py
[2024-09-09T08:09:00.910+0000] {logging_mixin.py:190} INFO - [2024-09-09T08:09:00.910+0000] {dag.py:3229} INFO - Sync 1 DAGs
[2024-09-09T08:09:00.924+0000] {logging_mixin.py:190} INFO - [2024-09-09T08:09:00.924+0000] {dag.py:4156} INFO - Setting next_dagrun for example_dag_decorator to None, run_after=None
[2024-09-09T08:09:00.946+0000] {processor.py:208} INFO - Processing /home/airflow/.local/lib/python3.12/site-packages/airflow/example_dags/example_dag_decorator.py took 0.221 seconds
[2024-09-09T08:09:31.065+0000] {processor.py:186} INFO - Started process (PID=3226) to work on /home/airflow/.local/lib/python3.12/site-packages/airflow/example_dags/example_dag_decorator.py
[2024-09-09T08:09:31.067+0000] {processor.py:914} INFO - Processing file /home/airflow/.local/lib/python3.12/site-packages/airflow/example_dags/example_dag_decorator.py for tasks to queue
[2024-09-09T08:09:31.069+0000] {logging_mixin.py:190} INFO - [2024-09-09T08:09:31.069+0000] {dagbag.py:587} INFO - Filling up the DagBag from /home/airflow/.local/lib/python3.12/site-packages/airflow/example_dags/example_dag_decorator.py
[2024-09-09T08:09:31.085+0000] {processor.py:925} INFO - DAG(s) 'example_dag_decorator' retrieved from /home/airflow/.local/lib/python3.12/site-packages/airflow/example_dags/example_dag_decorator.py
[2024-09-09T08:09:31.117+0000] {logging_mixin.py:190} INFO - [2024-09-09T08:09:31.116+0000] {dag.py:3229} INFO - Sync 1 DAGs
[2024-09-09T08:09:31.138+0000] {logging_mixin.py:190} INFO - [2024-09-09T08:09:31.138+0000] {dag.py:4156} INFO - Setting next_dagrun for example_dag_decorator to None, run_after=None
[2024-09-09T08:09:31.161+0000] {processor.py:208} INFO - Processing /home/airflow/.local/lib/python3.12/site-packages/airflow/example_dags/example_dag_decorator.py took 0.103 seconds
[2024-09-09T08:10:01.483+0000] {processor.py:186} INFO - Started process (PID=3512) to work on /home/airflow/.local/lib/python3.12/site-packages/airflow/example_dags/example_dag_decorator.py
[2024-09-09T08:10:01.484+0000] {processor.py:914} INFO - Processing file /home/airflow/.local/lib/python3.12/site-packages/airflow/example_dags/example_dag_decorator.py for tasks to queue
[2024-09-09T08:10:01.486+0000] {logging_mixin.py:190} INFO - [2024-09-09T08:10:01.486+0000] {dagbag.py:587} INFO - Filling up the DagBag from /home/airflow/.local/lib/python3.12/site-packages/airflow/example_dags/example_dag_decorator.py
[2024-09-09T08:10:01.498+0000] {processor.py:925} INFO - DAG(s) 'example_dag_decorator' retrieved from /home/airflow/.local/lib/python3.12/site-packages/airflow/example_dags/example_dag_decorator.py
[2024-09-09T08:10:01.597+0000] {logging_mixin.py:190} INFO - [2024-09-09T08:10:01.596+0000] {dag.py:3229} INFO - Sync 1 DAGs
[2024-09-09T08:10:01.608+0000] {logging_mixin.py:190} INFO - [2024-09-09T08:10:01.608+0000] {dag.py:4156} INFO - Setting next_dagrun for example_dag_decorator to None, run_after=None
[2024-09-09T08:10:01.643+0000] {processor.py:208} INFO - Processing /home/airflow/.local/lib/python3.12/site-packages/airflow/example_dags/example_dag_decorator.py took 0.165 seconds
[2024-09-09T08:10:31.739+0000] {processor.py:186} INFO - Started process (PID=3795) to work on /home/airflow/.local/lib/python3.12/site-packages/airflow/example_dags/example_dag_decorator.py
[2024-09-09T08:10:31.740+0000] {processor.py:914} INFO - Processing file /home/airflow/.local/lib/python3.12/site-packages/airflow/example_dags/example_dag_decorator.py for tasks to queue
[2024-09-09T08:10:31.742+0000] {logging_mixin.py:190} INFO - [2024-09-09T08:10:31.742+0000] {dagbag.py:587} INFO - Filling up the DagBag from /home/airflow/.local/lib/python3.12/site-packages/airflow/example_dags/example_dag_decorator.py
[2024-09-09T08:10:31.751+0000] {processor.py:925} INFO - DAG(s) 'example_dag_decorator' retrieved from /home/airflow/.local/lib/python3.12/site-packages/airflow/example_dags/example_dag_decorator.py
[2024-09-09T08:10:31.770+0000] {logging_mixin.py:190} INFO - [2024-09-09T08:10:31.769+0000] {dag.py:3229} INFO - Sync 1 DAGs
[2024-09-09T08:10:31.781+0000] {logging_mixin.py:190} INFO - [2024-09-09T08:10:31.780+0000] {dag.py:4156} INFO - Setting next_dagrun for example_dag_decorator to None, run_after=None
[2024-09-09T08:10:31.797+0000] {processor.py:208} INFO - Processing /home/airflow/.local/lib/python3.12/site-packages/airflow/example_dags/example_dag_decorator.py took 0.063 seconds
[2024-09-09T08:11:02.346+0000] {processor.py:186} INFO - Started process (PID=4084) to work on /home/airflow/.local/lib/python3.12/site-packages/airflow/example_dags/example_dag_decorator.py
[2024-09-09T08:11:02.347+0000] {processor.py:914} INFO - Processing file /home/airflow/.local/lib/python3.12/site-packages/airflow/example_dags/example_dag_decorator.py for tasks to queue
[2024-09-09T08:11:02.351+0000] {logging_mixin.py:190} INFO - [2024-09-09T08:11:02.350+0000] {dagbag.py:587} INFO - Filling up the DagBag from /home/airflow/.local/lib/python3.12/site-packages/airflow/example_dags/example_dag_decorator.py
[2024-09-09T08:11:02.366+0000] {processor.py:925} INFO - DAG(s) 'example_dag_decorator' retrieved from /home/airflow/.local/lib/python3.12/site-packages/airflow/example_dags/example_dag_decorator.py
[2024-09-09T08:11:02.569+0000] {logging_mixin.py:190} INFO - [2024-09-09T08:11:02.569+0000] {dag.py:3229} INFO - Sync 1 DAGs
[2024-09-09T08:11:02.587+0000] {logging_mixin.py:190} INFO - [2024-09-09T08:11:02.587+0000] {dag.py:4156} INFO - Setting next_dagrun for example_dag_decorator to None, run_after=None
[2024-09-09T08:11:02.613+0000] {processor.py:208} INFO - Processing /home/airflow/.local/lib/python3.12/site-packages/airflow/example_dags/example_dag_decorator.py took 0.274 seconds
[2024-09-09T08:11:32.703+0000] {processor.py:186} INFO - Started process (PID=4367) to work on /home/airflow/.local/lib/python3.12/site-packages/airflow/example_dags/example_dag_decorator.py
[2024-09-09T08:11:32.704+0000] {processor.py:914} INFO - Processing file /home/airflow/.local/lib/python3.12/site-packages/airflow/example_dags/example_dag_decorator.py for tasks to queue
[2024-09-09T08:11:32.706+0000] {logging_mixin.py:190} INFO - [2024-09-09T08:11:32.705+0000] {dagbag.py:587} INFO - Filling up the DagBag from /home/airflow/.local/lib/python3.12/site-packages/airflow/example_dags/example_dag_decorator.py
[2024-09-09T08:11:32.714+0000] {processor.py:925} INFO - DAG(s) 'example_dag_decorator' retrieved from /home/airflow/.local/lib/python3.12/site-packages/airflow/example_dags/example_dag_decorator.py
[2024-09-09T08:11:32.733+0000] {logging_mixin.py:190} INFO - [2024-09-09T08:11:32.733+0000] {dag.py:3229} INFO - Sync 1 DAGs
[2024-09-09T08:11:32.744+0000] {logging_mixin.py:190} INFO - [2024-09-09T08:11:32.743+0000] {dag.py:4156} INFO - Setting next_dagrun for example_dag_decorator to None, run_after=None
[2024-09-09T08:11:32.763+0000] {processor.py:208} INFO - Processing /home/airflow/.local/lib/python3.12/site-packages/airflow/example_dags/example_dag_decorator.py took 0.065 seconds
[2024-09-09T08:12:03.410+0000] {processor.py:186} INFO - Started process (PID=4656) to work on /home/airflow/.local/lib/python3.12/site-packages/airflow/example_dags/example_dag_decorator.py
[2024-09-09T08:12:03.412+0000] {processor.py:914} INFO - Processing file /home/airflow/.local/lib/python3.12/site-packages/airflow/example_dags/example_dag_decorator.py for tasks to queue
[2024-09-09T08:12:03.419+0000] {logging_mixin.py:190} INFO - [2024-09-09T08:12:03.419+0000] {dagbag.py:587} INFO - Filling up the DagBag from /home/airflow/.local/lib/python3.12/site-packages/airflow/example_dags/example_dag_decorator.py
[2024-09-09T08:12:03.433+0000] {processor.py:925} INFO - DAG(s) 'example_dag_decorator' retrieved from /home/airflow/.local/lib/python3.12/site-packages/airflow/example_dags/example_dag_decorator.py
[2024-09-09T08:12:03.454+0000] {logging_mixin.py:190} INFO - [2024-09-09T08:12:03.453+0000] {dag.py:3229} INFO - Sync 1 DAGs
[2024-09-09T08:12:03.466+0000] {logging_mixin.py:190} INFO - [2024-09-09T08:12:03.466+0000] {dag.py:4156} INFO - Setting next_dagrun for example_dag_decorator to None, run_after=None
[2024-09-09T08:12:03.486+0000] {processor.py:208} INFO - Processing /home/airflow/.local/lib/python3.12/site-packages/airflow/example_dags/example_dag_decorator.py took 0.083 seconds
[2024-09-09T08:12:33.764+0000] {processor.py:186} INFO - Started process (PID=4942) to work on /home/airflow/.local/lib/python3.12/site-packages/airflow/example_dags/example_dag_decorator.py
[2024-09-09T08:12:33.765+0000] {processor.py:914} INFO - Processing file /home/airflow/.local/lib/python3.12/site-packages/airflow/example_dags/example_dag_decorator.py for tasks to queue
[2024-09-09T08:12:33.767+0000] {logging_mixin.py:190} INFO - [2024-09-09T08:12:33.767+0000] {dagbag.py:587} INFO - Filling up the DagBag from /home/airflow/.local/lib/python3.12/site-packages/airflow/example_dags/example_dag_decorator.py
[2024-09-09T08:12:33.777+0000] {processor.py:925} INFO - DAG(s) 'example_dag_decorator' retrieved from /home/airflow/.local/lib/python3.12/site-packages/airflow/example_dags/example_dag_decorator.py
[2024-09-09T08:12:33.869+0000] {logging_mixin.py:190} INFO - [2024-09-09T08:12:33.869+0000] {dag.py:3229} INFO - Sync 1 DAGs
[2024-09-09T08:12:33.880+0000] {logging_mixin.py:190} INFO - [2024-09-09T08:12:33.880+0000] {dag.py:4156} INFO - Setting next_dagrun for example_dag_decorator to None, run_after=None
[2024-09-09T08:12:33.902+0000] {processor.py:208} INFO - Processing /home/airflow/.local/lib/python3.12/site-packages/airflow/example_dags/example_dag_decorator.py took 0.144 seconds
[2024-09-09T08:13:04.538+0000] {processor.py:186} INFO - Started process (PID=5228) to work on /home/airflow/.local/lib/python3.12/site-packages/airflow/example_dags/example_dag_decorator.py
[2024-09-09T08:13:04.539+0000] {processor.py:914} INFO - Processing file /home/airflow/.local/lib/python3.12/site-packages/airflow/example_dags/example_dag_decorator.py for tasks to queue
[2024-09-09T08:13:04.542+0000] {logging_mixin.py:190} INFO - [2024-09-09T08:13:04.541+0000] {dagbag.py:587} INFO - Filling up the DagBag from /home/airflow/.local/lib/python3.12/site-packages/airflow/example_dags/example_dag_decorator.py
[2024-09-09T08:13:04.552+0000] {processor.py:925} INFO - DAG(s) 'example_dag_decorator' retrieved from /home/airflow/.local/lib/python3.12/site-packages/airflow/example_dags/example_dag_decorator.py
[2024-09-09T08:13:04.646+0000] {logging_mixin.py:190} INFO - [2024-09-09T08:13:04.646+0000] {dag.py:3229} INFO - Sync 1 DAGs
[2024-09-09T08:13:04.657+0000] {logging_mixin.py:190} INFO - [2024-09-09T08:13:04.657+0000] {dag.py:4156} INFO - Setting next_dagrun for example_dag_decorator to None, run_after=None
[2024-09-09T08:13:04.678+0000] {processor.py:208} INFO - Processing /home/airflow/.local/lib/python3.12/site-packages/airflow/example_dags/example_dag_decorator.py took 0.144 seconds
[2024-09-09T08:13:35.468+0000] {processor.py:186} INFO - Started process (PID=5514) to work on /home/airflow/.local/lib/python3.12/site-packages/airflow/example_dags/example_dag_decorator.py
[2024-09-09T08:13:35.469+0000] {processor.py:914} INFO - Processing file /home/airflow/.local/lib/python3.12/site-packages/airflow/example_dags/example_dag_decorator.py for tasks to queue
[2024-09-09T08:13:35.472+0000] {logging_mixin.py:190} INFO - [2024-09-09T08:13:35.471+0000] {dagbag.py:587} INFO - Filling up the DagBag from /home/airflow/.local/lib/python3.12/site-packages/airflow/example_dags/example_dag_decorator.py
[2024-09-09T08:13:35.487+0000] {processor.py:925} INFO - DAG(s) 'example_dag_decorator' retrieved from /home/airflow/.local/lib/python3.12/site-packages/airflow/example_dags/example_dag_decorator.py
[2024-09-09T08:13:35.601+0000] {logging_mixin.py:190} INFO - [2024-09-09T08:13:35.601+0000] {dag.py:3229} INFO - Sync 1 DAGs
[2024-09-09T08:13:35.615+0000] {logging_mixin.py:190} INFO - [2024-09-09T08:13:35.615+0000] {dag.py:4156} INFO - Setting next_dagrun for example_dag_decorator to None, run_after=None
[2024-09-09T08:13:35.639+0000] {processor.py:208} INFO - Processing /home/airflow/.local/lib/python3.12/site-packages/airflow/example_dags/example_dag_decorator.py took 0.178 seconds
[2024-09-09T08:14:06.395+0000] {processor.py:186} INFO - Started process (PID=5800) to work on /home/airflow/.local/lib/python3.12/site-packages/airflow/example_dags/example_dag_decorator.py
[2024-09-09T08:14:06.396+0000] {processor.py:914} INFO - Processing file /home/airflow/.local/lib/python3.12/site-packages/airflow/example_dags/example_dag_decorator.py for tasks to queue
[2024-09-09T08:14:06.398+0000] {logging_mixin.py:190} INFO - [2024-09-09T08:14:06.398+0000] {dagbag.py:587} INFO - Filling up the DagBag from /home/airflow/.local/lib/python3.12/site-packages/airflow/example_dags/example_dag_decorator.py
[2024-09-09T08:14:06.409+0000] {processor.py:925} INFO - DAG(s) 'example_dag_decorator' retrieved from /home/airflow/.local/lib/python3.12/site-packages/airflow/example_dags/example_dag_decorator.py
[2024-09-09T08:14:06.440+0000] {logging_mixin.py:190} INFO - [2024-09-09T08:14:06.440+0000] {dag.py:3229} INFO - Sync 1 DAGs
[2024-09-09T08:14:06.464+0000] {logging_mixin.py:190} INFO - [2024-09-09T08:14:06.463+0000] {dag.py:4156} INFO - Setting next_dagrun for example_dag_decorator to None, run_after=None
[2024-09-09T08:14:06.485+0000] {processor.py:208} INFO - Processing /home/airflow/.local/lib/python3.12/site-packages/airflow/example_dags/example_dag_decorator.py took 0.096 seconds
[2024-09-09T08:14:37.286+0000] {processor.py:186} INFO - Started process (PID=6086) to work on /home/airflow/.local/lib/python3.12/site-packages/airflow/example_dags/example_dag_decorator.py
[2024-09-09T08:14:37.287+0000] {processor.py:914} INFO - Processing file /home/airflow/.local/lib/python3.12/site-packages/airflow/example_dags/example_dag_decorator.py for tasks to queue
[2024-09-09T08:14:37.289+0000] {logging_mixin.py:190} INFO - [2024-09-09T08:14:37.289+0000] {dagbag.py:587} INFO - Filling up the DagBag from /home/airflow/.local/lib/python3.12/site-packages/airflow/example_dags/example_dag_decorator.py
[2024-09-09T08:14:37.301+0000] {processor.py:925} INFO - DAG(s) 'example_dag_decorator' retrieved from /home/airflow/.local/lib/python3.12/site-packages/airflow/example_dags/example_dag_decorator.py
[2024-09-09T08:14:37.394+0000] {logging_mixin.py:190} INFO - [2024-09-09T08:14:37.394+0000] {dag.py:3229} INFO - Sync 1 DAGs
[2024-09-09T08:14:37.404+0000] {logging_mixin.py:190} INFO - [2024-09-09T08:14:37.404+0000] {dag.py:4156} INFO - Setting next_dagrun for example_dag_decorator to None, run_after=None
[2024-09-09T08:14:37.424+0000] {processor.py:208} INFO - Processing /home/airflow/.local/lib/python3.12/site-packages/airflow/example_dags/example_dag_decorator.py took 0.142 seconds
[2024-09-09T08:15:08.006+0000] {processor.py:186} INFO - Started process (PID=6372) to work on /home/airflow/.local/lib/python3.12/site-packages/airflow/example_dags/example_dag_decorator.py
[2024-09-09T08:15:08.007+0000] {processor.py:914} INFO - Processing file /home/airflow/.local/lib/python3.12/site-packages/airflow/example_dags/example_dag_decorator.py for tasks to queue
[2024-09-09T08:15:08.009+0000] {logging_mixin.py:190} INFO - [2024-09-09T08:15:08.009+0000] {dagbag.py:587} INFO - Filling up the DagBag from /home/airflow/.local/lib/python3.12/site-packages/airflow/example_dags/example_dag_decorator.py
[2024-09-09T08:15:08.020+0000] {processor.py:925} INFO - DAG(s) 'example_dag_decorator' retrieved from /home/airflow/.local/lib/python3.12/site-packages/airflow/example_dags/example_dag_decorator.py
[2024-09-09T08:15:08.135+0000] {logging_mixin.py:190} INFO - [2024-09-09T08:15:08.135+0000] {dag.py:3229} INFO - Sync 1 DAGs
[2024-09-09T08:15:08.159+0000] {logging_mixin.py:190} INFO - [2024-09-09T08:15:08.158+0000] {dag.py:4156} INFO - Setting next_dagrun for example_dag_decorator to None, run_after=None
[2024-09-09T08:15:08.215+0000] {processor.py:208} INFO - Processing /home/airflow/.local/lib/python3.12/site-packages/airflow/example_dags/example_dag_decorator.py took 0.215 seconds
[2024-09-09T08:15:38.551+0000] {processor.py:186} INFO - Started process (PID=6663) to work on /home/airflow/.local/lib/python3.12/site-packages/airflow/example_dags/example_dag_decorator.py
[2024-09-09T08:15:38.553+0000] {processor.py:914} INFO - Processing file /home/airflow/.local/lib/python3.12/site-packages/airflow/example_dags/example_dag_decorator.py for tasks to queue
[2024-09-09T08:15:38.556+0000] {logging_mixin.py:190} INFO - [2024-09-09T08:15:38.555+0000] {dagbag.py:587} INFO - Filling up the DagBag from /home/airflow/.local/lib/python3.12/site-packages/airflow/example_dags/example_dag_decorator.py
[2024-09-09T08:15:38.570+0000] {processor.py:925} INFO - DAG(s) 'example_dag_decorator' retrieved from /home/airflow/.local/lib/python3.12/site-packages/airflow/example_dags/example_dag_decorator.py
[2024-09-09T08:15:38.698+0000] {logging_mixin.py:190} INFO - [2024-09-09T08:15:38.697+0000] {dag.py:3229} INFO - Sync 1 DAGs
[2024-09-09T08:15:38.724+0000] {logging_mixin.py:190} INFO - [2024-09-09T08:15:38.723+0000] {dag.py:4156} INFO - Setting next_dagrun for example_dag_decorator to None, run_after=None
[2024-09-09T08:15:38.805+0000] {processor.py:208} INFO - Processing /home/airflow/.local/lib/python3.12/site-packages/airflow/example_dags/example_dag_decorator.py took 0.263 seconds
[2024-09-09T08:16:08.922+0000] {processor.py:186} INFO - Started process (PID=6946) to work on /home/airflow/.local/lib/python3.12/site-packages/airflow/example_dags/example_dag_decorator.py
[2024-09-09T08:16:08.923+0000] {processor.py:914} INFO - Processing file /home/airflow/.local/lib/python3.12/site-packages/airflow/example_dags/example_dag_decorator.py for tasks to queue
[2024-09-09T08:16:08.925+0000] {logging_mixin.py:190} INFO - [2024-09-09T08:16:08.925+0000] {dagbag.py:587} INFO - Filling up the DagBag from /home/airflow/.local/lib/python3.12/site-packages/airflow/example_dags/example_dag_decorator.py
[2024-09-09T08:16:08.935+0000] {processor.py:925} INFO - DAG(s) 'example_dag_decorator' retrieved from /home/airflow/.local/lib/python3.12/site-packages/airflow/example_dags/example_dag_decorator.py
[2024-09-09T08:16:09.097+0000] {logging_mixin.py:190} INFO - [2024-09-09T08:16:09.097+0000] {dag.py:3229} INFO - Sync 1 DAGs
[2024-09-09T08:16:09.111+0000] {logging_mixin.py:190} INFO - [2024-09-09T08:16:09.111+0000] {dag.py:4156} INFO - Setting next_dagrun for example_dag_decorator to None, run_after=None
[2024-09-09T08:16:09.132+0000] {processor.py:208} INFO - Processing /home/airflow/.local/lib/python3.12/site-packages/airflow/example_dags/example_dag_decorator.py took 0.216 seconds
[2024-09-09T08:16:39.925+0000] {processor.py:186} INFO - Started process (PID=7235) to work on /home/airflow/.local/lib/python3.12/site-packages/airflow/example_dags/example_dag_decorator.py
[2024-09-09T08:16:39.926+0000] {processor.py:914} INFO - Processing file /home/airflow/.local/lib/python3.12/site-packages/airflow/example_dags/example_dag_decorator.py for tasks to queue
[2024-09-09T08:16:39.928+0000] {logging_mixin.py:190} INFO - [2024-09-09T08:16:39.928+0000] {dagbag.py:587} INFO - Filling up the DagBag from /home/airflow/.local/lib/python3.12/site-packages/airflow/example_dags/example_dag_decorator.py
[2024-09-09T08:16:39.941+0000] {processor.py:925} INFO - DAG(s) 'example_dag_decorator' retrieved from /home/airflow/.local/lib/python3.12/site-packages/airflow/example_dags/example_dag_decorator.py
[2024-09-09T08:16:40.061+0000] {logging_mixin.py:190} INFO - [2024-09-09T08:16:40.061+0000] {dag.py:3229} INFO - Sync 1 DAGs
[2024-09-09T08:16:40.076+0000] {logging_mixin.py:190} INFO - [2024-09-09T08:16:40.076+0000] {dag.py:4156} INFO - Setting next_dagrun for example_dag_decorator to None, run_after=None
[2024-09-09T08:16:40.098+0000] {processor.py:208} INFO - Processing /home/airflow/.local/lib/python3.12/site-packages/airflow/example_dags/example_dag_decorator.py took 0.179 seconds
[2024-09-09T08:17:10.957+0000] {processor.py:186} INFO - Started process (PID=7521) to work on /home/airflow/.local/lib/python3.12/site-packages/airflow/example_dags/example_dag_decorator.py
[2024-09-09T08:17:10.960+0000] {processor.py:914} INFO - Processing file /home/airflow/.local/lib/python3.12/site-packages/airflow/example_dags/example_dag_decorator.py for tasks to queue
[2024-09-09T08:17:10.963+0000] {logging_mixin.py:190} INFO - [2024-09-09T08:17:10.963+0000] {dagbag.py:587} INFO - Filling up the DagBag from /home/airflow/.local/lib/python3.12/site-packages/airflow/example_dags/example_dag_decorator.py
[2024-09-09T08:17:10.988+0000] {processor.py:925} INFO - DAG(s) 'example_dag_decorator' retrieved from /home/airflow/.local/lib/python3.12/site-packages/airflow/example_dags/example_dag_decorator.py
[2024-09-09T08:17:11.109+0000] {logging_mixin.py:190} INFO - [2024-09-09T08:17:11.108+0000] {dag.py:3229} INFO - Sync 1 DAGs
[2024-09-09T08:17:11.122+0000] {logging_mixin.py:190} INFO - [2024-09-09T08:17:11.122+0000] {dag.py:4156} INFO - Setting next_dagrun for example_dag_decorator to None, run_after=None
[2024-09-09T08:17:11.146+0000] {processor.py:208} INFO - Processing /home/airflow/.local/lib/python3.12/site-packages/airflow/example_dags/example_dag_decorator.py took 0.197 seconds
[2024-09-09T08:17:41.456+0000] {processor.py:186} INFO - Started process (PID=7807) to work on /home/airflow/.local/lib/python3.12/site-packages/airflow/example_dags/example_dag_decorator.py
[2024-09-09T08:17:41.459+0000] {processor.py:914} INFO - Processing file /home/airflow/.local/lib/python3.12/site-packages/airflow/example_dags/example_dag_decorator.py for tasks to queue
[2024-09-09T08:17:41.464+0000] {logging_mixin.py:190} INFO - [2024-09-09T08:17:41.463+0000] {dagbag.py:587} INFO - Filling up the DagBag from /home/airflow/.local/lib/python3.12/site-packages/airflow/example_dags/example_dag_decorator.py
[2024-09-09T08:17:41.488+0000] {processor.py:925} INFO - DAG(s) 'example_dag_decorator' retrieved from /home/airflow/.local/lib/python3.12/site-packages/airflow/example_dags/example_dag_decorator.py
[2024-09-09T08:17:41.725+0000] {logging_mixin.py:190} INFO - [2024-09-09T08:17:41.725+0000] {dag.py:3229} INFO - Sync 1 DAGs
[2024-09-09T08:17:41.754+0000] {logging_mixin.py:190} INFO - [2024-09-09T08:17:41.754+0000] {dag.py:4156} INFO - Setting next_dagrun for example_dag_decorator to None, run_after=None
[2024-09-09T08:17:41.798+0000] {processor.py:208} INFO - Processing /home/airflow/.local/lib/python3.12/site-packages/airflow/example_dags/example_dag_decorator.py took 0.354 seconds
[2024-09-09T08:18:12.001+0000] {processor.py:186} INFO - Started process (PID=8099) to work on /home/airflow/.local/lib/python3.12/site-packages/airflow/example_dags/example_dag_decorator.py
[2024-09-09T08:18:12.002+0000] {processor.py:914} INFO - Processing file /home/airflow/.local/lib/python3.12/site-packages/airflow/example_dags/example_dag_decorator.py for tasks to queue
[2024-09-09T08:18:12.005+0000] {logging_mixin.py:190} INFO - [2024-09-09T08:18:12.005+0000] {dagbag.py:587} INFO - Filling up the DagBag from /home/airflow/.local/lib/python3.12/site-packages/airflow/example_dags/example_dag_decorator.py
[2024-09-09T08:18:12.015+0000] {processor.py:925} INFO - DAG(s) 'example_dag_decorator' retrieved from /home/airflow/.local/lib/python3.12/site-packages/airflow/example_dags/example_dag_decorator.py
[2024-09-09T08:18:12.134+0000] {logging_mixin.py:190} INFO - [2024-09-09T08:18:12.132+0000] {dag.py:3229} INFO - Sync 1 DAGs
[2024-09-09T08:18:12.162+0000] {logging_mixin.py:190} INFO - [2024-09-09T08:18:12.161+0000] {dag.py:4156} INFO - Setting next_dagrun for example_dag_decorator to None, run_after=None
[2024-09-09T08:18:12.212+0000] {processor.py:208} INFO - Processing /home/airflow/.local/lib/python3.12/site-packages/airflow/example_dags/example_dag_decorator.py took 0.215 seconds
[2024-09-09T08:18:43.045+0000] {processor.py:186} INFO - Started process (PID=8380) to work on /home/airflow/.local/lib/python3.12/site-packages/airflow/example_dags/example_dag_decorator.py
[2024-09-09T08:18:43.049+0000] {processor.py:914} INFO - Processing file /home/airflow/.local/lib/python3.12/site-packages/airflow/example_dags/example_dag_decorator.py for tasks to queue
[2024-09-09T08:18:43.053+0000] {logging_mixin.py:190} INFO - [2024-09-09T08:18:43.053+0000] {dagbag.py:587} INFO - Filling up the DagBag from /home/airflow/.local/lib/python3.12/site-packages/airflow/example_dags/example_dag_decorator.py
[2024-09-09T08:18:43.067+0000] {processor.py:925} INFO - DAG(s) 'example_dag_decorator' retrieved from /home/airflow/.local/lib/python3.12/site-packages/airflow/example_dags/example_dag_decorator.py
[2024-09-09T08:18:43.094+0000] {logging_mixin.py:190} INFO - [2024-09-09T08:18:43.094+0000] {dag.py:3229} INFO - Sync 1 DAGs
[2024-09-09T08:18:43.111+0000] {logging_mixin.py:190} INFO - [2024-09-09T08:18:43.111+0000] {dag.py:4156} INFO - Setting next_dagrun for example_dag_decorator to None, run_after=None
[2024-09-09T08:18:43.133+0000] {processor.py:208} INFO - Processing /home/airflow/.local/lib/python3.12/site-packages/airflow/example_dags/example_dag_decorator.py took 0.106 seconds
[2024-09-09T08:19:13.274+0000] {processor.py:186} INFO - Started process (PID=8668) to work on /home/airflow/.local/lib/python3.12/site-packages/airflow/example_dags/example_dag_decorator.py
[2024-09-09T08:19:13.276+0000] {processor.py:914} INFO - Processing file /home/airflow/.local/lib/python3.12/site-packages/airflow/example_dags/example_dag_decorator.py for tasks to queue
[2024-09-09T08:19:13.278+0000] {logging_mixin.py:190} INFO - [2024-09-09T08:19:13.278+0000] {dagbag.py:587} INFO - Filling up the DagBag from /home/airflow/.local/lib/python3.12/site-packages/airflow/example_dags/example_dag_decorator.py
[2024-09-09T08:19:13.290+0000] {processor.py:925} INFO - DAG(s) 'example_dag_decorator' retrieved from /home/airflow/.local/lib/python3.12/site-packages/airflow/example_dags/example_dag_decorator.py
[2024-09-09T08:19:13.392+0000] {logging_mixin.py:190} INFO - [2024-09-09T08:19:13.392+0000] {dag.py:3229} INFO - Sync 1 DAGs
[2024-09-09T08:19:13.408+0000] {logging_mixin.py:190} INFO - [2024-09-09T08:19:13.408+0000] {dag.py:4156} INFO - Setting next_dagrun for example_dag_decorator to None, run_after=None
[2024-09-09T08:19:13.434+0000] {processor.py:208} INFO - Processing /home/airflow/.local/lib/python3.12/site-packages/airflow/example_dags/example_dag_decorator.py took 0.165 seconds
[2024-09-09T08:19:43.543+0000] {processor.py:186} INFO - Started process (PID=8954) to work on /home/airflow/.local/lib/python3.12/site-packages/airflow/example_dags/example_dag_decorator.py
[2024-09-09T08:19:43.545+0000] {processor.py:914} INFO - Processing file /home/airflow/.local/lib/python3.12/site-packages/airflow/example_dags/example_dag_decorator.py for tasks to queue
[2024-09-09T08:19:43.547+0000] {logging_mixin.py:190} INFO - [2024-09-09T08:19:43.547+0000] {dagbag.py:587} INFO - Filling up the DagBag from /home/airflow/.local/lib/python3.12/site-packages/airflow/example_dags/example_dag_decorator.py
[2024-09-09T08:19:43.564+0000] {processor.py:925} INFO - DAG(s) 'example_dag_decorator' retrieved from /home/airflow/.local/lib/python3.12/site-packages/airflow/example_dags/example_dag_decorator.py
[2024-09-09T08:19:43.703+0000] {logging_mixin.py:190} INFO - [2024-09-09T08:19:43.702+0000] {dag.py:3229} INFO - Sync 1 DAGs
[2024-09-09T08:19:43.719+0000] {logging_mixin.py:190} INFO - [2024-09-09T08:19:43.718+0000] {dag.py:4156} INFO - Setting next_dagrun for example_dag_decorator to None, run_after=None
[2024-09-09T08:19:43.748+0000] {processor.py:208} INFO - Processing /home/airflow/.local/lib/python3.12/site-packages/airflow/example_dags/example_dag_decorator.py took 0.212 seconds
[2024-09-09T08:20:14.037+0000] {processor.py:186} INFO - Started process (PID=9240) to work on /home/airflow/.local/lib/python3.12/site-packages/airflow/example_dags/example_dag_decorator.py
[2024-09-09T08:20:14.038+0000] {processor.py:914} INFO - Processing file /home/airflow/.local/lib/python3.12/site-packages/airflow/example_dags/example_dag_decorator.py for tasks to queue
[2024-09-09T08:20:14.040+0000] {logging_mixin.py:190} INFO - [2024-09-09T08:20:14.040+0000] {dagbag.py:587} INFO - Filling up the DagBag from /home/airflow/.local/lib/python3.12/site-packages/airflow/example_dags/example_dag_decorator.py
[2024-09-09T08:20:14.049+0000] {processor.py:925} INFO - DAG(s) 'example_dag_decorator' retrieved from /home/airflow/.local/lib/python3.12/site-packages/airflow/example_dags/example_dag_decorator.py
[2024-09-09T08:20:14.135+0000] {logging_mixin.py:190} INFO - [2024-09-09T08:20:14.135+0000] {dag.py:3229} INFO - Sync 1 DAGs
[2024-09-09T08:20:14.146+0000] {logging_mixin.py:190} INFO - [2024-09-09T08:20:14.146+0000] {dag.py:4156} INFO - Setting next_dagrun for example_dag_decorator to None, run_after=None
[2024-09-09T08:20:14.166+0000] {processor.py:208} INFO - Processing /home/airflow/.local/lib/python3.12/site-packages/airflow/example_dags/example_dag_decorator.py took 0.134 seconds
[2024-09-09T08:20:45.077+0000] {processor.py:186} INFO - Started process (PID=9529) to work on /home/airflow/.local/lib/python3.12/site-packages/airflow/example_dags/example_dag_decorator.py
[2024-09-09T08:20:45.078+0000] {processor.py:914} INFO - Processing file /home/airflow/.local/lib/python3.12/site-packages/airflow/example_dags/example_dag_decorator.py for tasks to queue
[2024-09-09T08:20:45.080+0000] {logging_mixin.py:190} INFO - [2024-09-09T08:20:45.080+0000] {dagbag.py:587} INFO - Filling up the DagBag from /home/airflow/.local/lib/python3.12/site-packages/airflow/example_dags/example_dag_decorator.py
[2024-09-09T08:20:45.089+0000] {processor.py:925} INFO - DAG(s) 'example_dag_decorator' retrieved from /home/airflow/.local/lib/python3.12/site-packages/airflow/example_dags/example_dag_decorator.py
[2024-09-09T08:20:45.191+0000] {logging_mixin.py:190} INFO - [2024-09-09T08:20:45.191+0000] {dag.py:3229} INFO - Sync 1 DAGs
[2024-09-09T08:20:45.202+0000] {logging_mixin.py:190} INFO - [2024-09-09T08:20:45.202+0000] {dag.py:4156} INFO - Setting next_dagrun for example_dag_decorator to None, run_after=None
[2024-09-09T08:20:45.221+0000] {processor.py:208} INFO - Processing /home/airflow/.local/lib/python3.12/site-packages/airflow/example_dags/example_dag_decorator.py took 0.148 seconds
[2024-09-09T08:21:15.592+0000] {processor.py:186} INFO - Started process (PID=9815) to work on /home/airflow/.local/lib/python3.12/site-packages/airflow/example_dags/example_dag_decorator.py
[2024-09-09T08:21:15.593+0000] {processor.py:914} INFO - Processing file /home/airflow/.local/lib/python3.12/site-packages/airflow/example_dags/example_dag_decorator.py for tasks to queue
[2024-09-09T08:21:15.596+0000] {logging_mixin.py:190} INFO - [2024-09-09T08:21:15.595+0000] {dagbag.py:587} INFO - Filling up the DagBag from /home/airflow/.local/lib/python3.12/site-packages/airflow/example_dags/example_dag_decorator.py
[2024-09-09T08:21:15.604+0000] {processor.py:925} INFO - DAG(s) 'example_dag_decorator' retrieved from /home/airflow/.local/lib/python3.12/site-packages/airflow/example_dags/example_dag_decorator.py
[2024-09-09T08:21:15.693+0000] {logging_mixin.py:190} INFO - [2024-09-09T08:21:15.693+0000] {dag.py:3229} INFO - Sync 1 DAGs
[2024-09-09T08:21:15.703+0000] {logging_mixin.py:190} INFO - [2024-09-09T08:21:15.703+0000] {dag.py:4156} INFO - Setting next_dagrun for example_dag_decorator to None, run_after=None
[2024-09-09T08:21:15.722+0000] {processor.py:208} INFO - Processing /home/airflow/.local/lib/python3.12/site-packages/airflow/example_dags/example_dag_decorator.py took 0.135 seconds
[2024-09-09T08:21:46.301+0000] {processor.py:186} INFO - Started process (PID=10101) to work on /home/airflow/.local/lib/python3.12/site-packages/airflow/example_dags/example_dag_decorator.py
[2024-09-09T08:21:46.303+0000] {processor.py:914} INFO - Processing file /home/airflow/.local/lib/python3.12/site-packages/airflow/example_dags/example_dag_decorator.py for tasks to queue
[2024-09-09T08:21:46.306+0000] {logging_mixin.py:190} INFO - [2024-09-09T08:21:46.305+0000] {dagbag.py:587} INFO - Filling up the DagBag from /home/airflow/.local/lib/python3.12/site-packages/airflow/example_dags/example_dag_decorator.py
[2024-09-09T08:21:46.325+0000] {processor.py:925} INFO - DAG(s) 'example_dag_decorator' retrieved from /home/airflow/.local/lib/python3.12/site-packages/airflow/example_dags/example_dag_decorator.py
[2024-09-09T08:21:46.439+0000] {logging_mixin.py:190} INFO - [2024-09-09T08:21:46.438+0000] {dag.py:3229} INFO - Sync 1 DAGs
[2024-09-09T08:21:46.451+0000] {logging_mixin.py:190} INFO - [2024-09-09T08:21:46.450+0000] {dag.py:4156} INFO - Setting next_dagrun for example_dag_decorator to None, run_after=None
[2024-09-09T08:21:46.470+0000] {processor.py:208} INFO - Processing /home/airflow/.local/lib/python3.12/site-packages/airflow/example_dags/example_dag_decorator.py took 0.176 seconds
[2024-09-09T08:22:17.192+0000] {processor.py:186} INFO - Started process (PID=10387) to work on /home/airflow/.local/lib/python3.12/site-packages/airflow/example_dags/example_dag_decorator.py
[2024-09-09T08:22:17.193+0000] {processor.py:914} INFO - Processing file /home/airflow/.local/lib/python3.12/site-packages/airflow/example_dags/example_dag_decorator.py for tasks to queue
[2024-09-09T08:22:17.195+0000] {logging_mixin.py:190} INFO - [2024-09-09T08:22:17.195+0000] {dagbag.py:587} INFO - Filling up the DagBag from /home/airflow/.local/lib/python3.12/site-packages/airflow/example_dags/example_dag_decorator.py
[2024-09-09T08:22:17.206+0000] {processor.py:925} INFO - DAG(s) 'example_dag_decorator' retrieved from /home/airflow/.local/lib/python3.12/site-packages/airflow/example_dags/example_dag_decorator.py
[2024-09-09T08:22:17.291+0000] {logging_mixin.py:190} INFO - [2024-09-09T08:22:17.290+0000] {dag.py:3229} INFO - Sync 1 DAGs
[2024-09-09T08:22:17.301+0000] {logging_mixin.py:190} INFO - [2024-09-09T08:22:17.300+0000] {dag.py:4156} INFO - Setting next_dagrun for example_dag_decorator to None, run_after=None
[2024-09-09T08:22:17.319+0000] {processor.py:208} INFO - Processing /home/airflow/.local/lib/python3.12/site-packages/airflow/example_dags/example_dag_decorator.py took 0.131 seconds
[2024-09-09T08:22:47.914+0000] {processor.py:186} INFO - Started process (PID=10673) to work on /home/airflow/.local/lib/python3.12/site-packages/airflow/example_dags/example_dag_decorator.py
[2024-09-09T08:22:47.915+0000] {processor.py:914} INFO - Processing file /home/airflow/.local/lib/python3.12/site-packages/airflow/example_dags/example_dag_decorator.py for tasks to queue
[2024-09-09T08:22:47.918+0000] {logging_mixin.py:190} INFO - [2024-09-09T08:22:47.918+0000] {dagbag.py:587} INFO - Filling up the DagBag from /home/airflow/.local/lib/python3.12/site-packages/airflow/example_dags/example_dag_decorator.py
[2024-09-09T08:22:47.932+0000] {processor.py:925} INFO - DAG(s) 'example_dag_decorator' retrieved from /home/airflow/.local/lib/python3.12/site-packages/airflow/example_dags/example_dag_decorator.py
[2024-09-09T08:22:48.032+0000] {logging_mixin.py:190} INFO - [2024-09-09T08:22:48.032+0000] {dag.py:3229} INFO - Sync 1 DAGs
[2024-09-09T08:22:48.044+0000] {logging_mixin.py:190} INFO - [2024-09-09T08:22:48.044+0000] {dag.py:4156} INFO - Setting next_dagrun for example_dag_decorator to None, run_after=None
[2024-09-09T08:22:48.066+0000] {processor.py:208} INFO - Processing /home/airflow/.local/lib/python3.12/site-packages/airflow/example_dags/example_dag_decorator.py took 0.159 seconds
[2024-09-09T08:23:18.732+0000] {processor.py:186} INFO - Started process (PID=10959) to work on /home/airflow/.local/lib/python3.12/site-packages/airflow/example_dags/example_dag_decorator.py
[2024-09-09T08:23:18.733+0000] {processor.py:914} INFO - Processing file /home/airflow/.local/lib/python3.12/site-packages/airflow/example_dags/example_dag_decorator.py for tasks to queue
[2024-09-09T08:23:18.735+0000] {logging_mixin.py:190} INFO - [2024-09-09T08:23:18.735+0000] {dagbag.py:587} INFO - Filling up the DagBag from /home/airflow/.local/lib/python3.12/site-packages/airflow/example_dags/example_dag_decorator.py
[2024-09-09T08:23:18.744+0000] {processor.py:925} INFO - DAG(s) 'example_dag_decorator' retrieved from /home/airflow/.local/lib/python3.12/site-packages/airflow/example_dags/example_dag_decorator.py
[2024-09-09T08:23:18.886+0000] {logging_mixin.py:190} INFO - [2024-09-09T08:23:18.886+0000] {dag.py:3229} INFO - Sync 1 DAGs
[2024-09-09T08:23:18.896+0000] {logging_mixin.py:190} INFO - [2024-09-09T08:23:18.896+0000] {dag.py:4156} INFO - Setting next_dagrun for example_dag_decorator to None, run_after=None
[2024-09-09T08:23:18.915+0000] {processor.py:208} INFO - Processing /home/airflow/.local/lib/python3.12/site-packages/airflow/example_dags/example_dag_decorator.py took 0.188 seconds
[2024-09-09T08:23:49.108+0000] {processor.py:186} INFO - Started process (PID=11245) to work on /home/airflow/.local/lib/python3.12/site-packages/airflow/example_dags/example_dag_decorator.py
[2024-09-09T08:23:49.109+0000] {processor.py:914} INFO - Processing file /home/airflow/.local/lib/python3.12/site-packages/airflow/example_dags/example_dag_decorator.py for tasks to queue
[2024-09-09T08:23:49.111+0000] {logging_mixin.py:190} INFO - [2024-09-09T08:23:49.110+0000] {dagbag.py:587} INFO - Filling up the DagBag from /home/airflow/.local/lib/python3.12/site-packages/airflow/example_dags/example_dag_decorator.py
[2024-09-09T08:23:49.120+0000] {processor.py:925} INFO - DAG(s) 'example_dag_decorator' retrieved from /home/airflow/.local/lib/python3.12/site-packages/airflow/example_dags/example_dag_decorator.py
[2024-09-09T08:23:49.211+0000] {logging_mixin.py:190} INFO - [2024-09-09T08:23:49.211+0000] {dag.py:3229} INFO - Sync 1 DAGs
[2024-09-09T08:23:49.221+0000] {logging_mixin.py:190} INFO - [2024-09-09T08:23:49.221+0000] {dag.py:4156} INFO - Setting next_dagrun for example_dag_decorator to None, run_after=None
[2024-09-09T08:23:49.241+0000] {processor.py:208} INFO - Processing /home/airflow/.local/lib/python3.12/site-packages/airflow/example_dags/example_dag_decorator.py took 0.137 seconds
[2024-09-09T08:24:19.389+0000] {processor.py:186} INFO - Started process (PID=11528) to work on /home/airflow/.local/lib/python3.12/site-packages/airflow/example_dags/example_dag_decorator.py
[2024-09-09T08:24:19.390+0000] {processor.py:914} INFO - Processing file /home/airflow/.local/lib/python3.12/site-packages/airflow/example_dags/example_dag_decorator.py for tasks to queue
[2024-09-09T08:24:19.392+0000] {logging_mixin.py:190} INFO - [2024-09-09T08:24:19.392+0000] {dagbag.py:587} INFO - Filling up the DagBag from /home/airflow/.local/lib/python3.12/site-packages/airflow/example_dags/example_dag_decorator.py
[2024-09-09T08:24:19.401+0000] {processor.py:925} INFO - DAG(s) 'example_dag_decorator' retrieved from /home/airflow/.local/lib/python3.12/site-packages/airflow/example_dags/example_dag_decorator.py
[2024-09-09T08:24:19.524+0000] {logging_mixin.py:190} INFO - [2024-09-09T08:24:19.524+0000] {dag.py:3229} INFO - Sync 1 DAGs
[2024-09-09T08:24:19.535+0000] {logging_mixin.py:190} INFO - [2024-09-09T08:24:19.534+0000] {dag.py:4156} INFO - Setting next_dagrun for example_dag_decorator to None, run_after=None
[2024-09-09T08:24:19.553+0000] {processor.py:208} INFO - Processing /home/airflow/.local/lib/python3.12/site-packages/airflow/example_dags/example_dag_decorator.py took 0.168 seconds
[2024-09-09T08:24:49.658+0000] {processor.py:186} INFO - Started process (PID=11814) to work on /home/airflow/.local/lib/python3.12/site-packages/airflow/example_dags/example_dag_decorator.py
[2024-09-09T08:24:49.659+0000] {processor.py:914} INFO - Processing file /home/airflow/.local/lib/python3.12/site-packages/airflow/example_dags/example_dag_decorator.py for tasks to queue
[2024-09-09T08:24:49.662+0000] {logging_mixin.py:190} INFO - [2024-09-09T08:24:49.661+0000] {dagbag.py:587} INFO - Filling up the DagBag from /home/airflow/.local/lib/python3.12/site-packages/airflow/example_dags/example_dag_decorator.py
[2024-09-09T08:24:49.674+0000] {processor.py:925} INFO - DAG(s) 'example_dag_decorator' retrieved from /home/airflow/.local/lib/python3.12/site-packages/airflow/example_dags/example_dag_decorator.py
[2024-09-09T08:24:49.766+0000] {logging_mixin.py:190} INFO - [2024-09-09T08:24:49.766+0000] {dag.py:3229} INFO - Sync 1 DAGs
[2024-09-09T08:24:49.776+0000] {logging_mixin.py:190} INFO - [2024-09-09T08:24:49.776+0000] {dag.py:4156} INFO - Setting next_dagrun for example_dag_decorator to None, run_after=None
[2024-09-09T08:24:49.795+0000] {processor.py:208} INFO - Processing /home/airflow/.local/lib/python3.12/site-packages/airflow/example_dags/example_dag_decorator.py took 0.142 seconds
[2024-09-09T08:25:20.006+0000] {processor.py:186} INFO - Started process (PID=12100) to work on /home/airflow/.local/lib/python3.12/site-packages/airflow/example_dags/example_dag_decorator.py
[2024-09-09T08:25:20.007+0000] {processor.py:914} INFO - Processing file /home/airflow/.local/lib/python3.12/site-packages/airflow/example_dags/example_dag_decorator.py for tasks to queue
[2024-09-09T08:25:20.009+0000] {logging_mixin.py:190} INFO - [2024-09-09T08:25:20.008+0000] {dagbag.py:587} INFO - Filling up the DagBag from /home/airflow/.local/lib/python3.12/site-packages/airflow/example_dags/example_dag_decorator.py
[2024-09-09T08:25:20.018+0000] {processor.py:925} INFO - DAG(s) 'example_dag_decorator' retrieved from /home/airflow/.local/lib/python3.12/site-packages/airflow/example_dags/example_dag_decorator.py
[2024-09-09T08:25:20.109+0000] {logging_mixin.py:190} INFO - [2024-09-09T08:25:20.109+0000] {dag.py:3229} INFO - Sync 1 DAGs
[2024-09-09T08:25:20.120+0000] {logging_mixin.py:190} INFO - [2024-09-09T08:25:20.120+0000] {dag.py:4156} INFO - Setting next_dagrun for example_dag_decorator to None, run_after=None
[2024-09-09T08:25:20.145+0000] {processor.py:208} INFO - Processing /home/airflow/.local/lib/python3.12/site-packages/airflow/example_dags/example_dag_decorator.py took 0.144 seconds
[2024-09-09T08:25:50.338+0000] {processor.py:186} INFO - Started process (PID=12387) to work on /home/airflow/.local/lib/python3.12/site-packages/airflow/example_dags/example_dag_decorator.py
[2024-09-09T08:25:50.340+0000] {processor.py:914} INFO - Processing file /home/airflow/.local/lib/python3.12/site-packages/airflow/example_dags/example_dag_decorator.py for tasks to queue
[2024-09-09T08:25:50.342+0000] {logging_mixin.py:190} INFO - [2024-09-09T08:25:50.342+0000] {dagbag.py:587} INFO - Filling up the DagBag from /home/airflow/.local/lib/python3.12/site-packages/airflow/example_dags/example_dag_decorator.py
[2024-09-09T08:25:50.352+0000] {processor.py:925} INFO - DAG(s) 'example_dag_decorator' retrieved from /home/airflow/.local/lib/python3.12/site-packages/airflow/example_dags/example_dag_decorator.py
[2024-09-09T08:25:50.440+0000] {logging_mixin.py:190} INFO - [2024-09-09T08:25:50.440+0000] {dag.py:3229} INFO - Sync 1 DAGs
[2024-09-09T08:25:50.450+0000] {logging_mixin.py:190} INFO - [2024-09-09T08:25:50.450+0000] {dag.py:4156} INFO - Setting next_dagrun for example_dag_decorator to None, run_after=None
[2024-09-09T08:25:50.468+0000] {processor.py:208} INFO - Processing /home/airflow/.local/lib/python3.12/site-packages/airflow/example_dags/example_dag_decorator.py took 0.134 seconds
[2024-09-09T08:26:21.172+0000] {processor.py:186} INFO - Started process (PID=12673) to work on /home/airflow/.local/lib/python3.12/site-packages/airflow/example_dags/example_dag_decorator.py
[2024-09-09T08:26:21.173+0000] {processor.py:914} INFO - Processing file /home/airflow/.local/lib/python3.12/site-packages/airflow/example_dags/example_dag_decorator.py for tasks to queue
[2024-09-09T08:26:21.175+0000] {logging_mixin.py:190} INFO - [2024-09-09T08:26:21.175+0000] {dagbag.py:587} INFO - Filling up the DagBag from /home/airflow/.local/lib/python3.12/site-packages/airflow/example_dags/example_dag_decorator.py
[2024-09-09T08:26:21.184+0000] {processor.py:925} INFO - DAG(s) 'example_dag_decorator' retrieved from /home/airflow/.local/lib/python3.12/site-packages/airflow/example_dags/example_dag_decorator.py
[2024-09-09T08:26:21.287+0000] {logging_mixin.py:190} INFO - [2024-09-09T08:26:21.287+0000] {dag.py:3229} INFO - Sync 1 DAGs
[2024-09-09T08:26:21.299+0000] {logging_mixin.py:190} INFO - [2024-09-09T08:26:21.299+0000] {dag.py:4156} INFO - Setting next_dagrun for example_dag_decorator to None, run_after=None
[2024-09-09T08:26:21.320+0000] {processor.py:208} INFO - Processing /home/airflow/.local/lib/python3.12/site-packages/airflow/example_dags/example_dag_decorator.py took 0.154 seconds
[2024-09-09T08:26:51.841+0000] {processor.py:186} INFO - Started process (PID=12959) to work on /home/airflow/.local/lib/python3.12/site-packages/airflow/example_dags/example_dag_decorator.py
[2024-09-09T08:26:51.842+0000] {processor.py:914} INFO - Processing file /home/airflow/.local/lib/python3.12/site-packages/airflow/example_dags/example_dag_decorator.py for tasks to queue
[2024-09-09T08:26:51.844+0000] {logging_mixin.py:190} INFO - [2024-09-09T08:26:51.844+0000] {dagbag.py:587} INFO - Filling up the DagBag from /home/airflow/.local/lib/python3.12/site-packages/airflow/example_dags/example_dag_decorator.py
[2024-09-09T08:26:51.853+0000] {processor.py:925} INFO - DAG(s) 'example_dag_decorator' retrieved from /home/airflow/.local/lib/python3.12/site-packages/airflow/example_dags/example_dag_decorator.py
[2024-09-09T08:26:51.944+0000] {logging_mixin.py:190} INFO - [2024-09-09T08:26:51.944+0000] {dag.py:3229} INFO - Sync 1 DAGs
[2024-09-09T08:26:51.954+0000] {logging_mixin.py:190} INFO - [2024-09-09T08:26:51.954+0000] {dag.py:4156} INFO - Setting next_dagrun for example_dag_decorator to None, run_after=None
[2024-09-09T08:26:52.102+0000] {processor.py:208} INFO - Processing /home/airflow/.local/lib/python3.12/site-packages/airflow/example_dags/example_dag_decorator.py took 0.265 seconds
[2024-09-09T08:27:22.450+0000] {processor.py:186} INFO - Started process (PID=13245) to work on /home/airflow/.local/lib/python3.12/site-packages/airflow/example_dags/example_dag_decorator.py
[2024-09-09T08:27:22.451+0000] {processor.py:914} INFO - Processing file /home/airflow/.local/lib/python3.12/site-packages/airflow/example_dags/example_dag_decorator.py for tasks to queue
[2024-09-09T08:27:22.453+0000] {logging_mixin.py:190} INFO - [2024-09-09T08:27:22.452+0000] {dagbag.py:587} INFO - Filling up the DagBag from /home/airflow/.local/lib/python3.12/site-packages/airflow/example_dags/example_dag_decorator.py
[2024-09-09T08:27:22.462+0000] {processor.py:925} INFO - DAG(s) 'example_dag_decorator' retrieved from /home/airflow/.local/lib/python3.12/site-packages/airflow/example_dags/example_dag_decorator.py
[2024-09-09T08:27:22.581+0000] {logging_mixin.py:190} INFO - [2024-09-09T08:27:22.580+0000] {dag.py:3229} INFO - Sync 1 DAGs
[2024-09-09T08:27:22.595+0000] {logging_mixin.py:190} INFO - [2024-09-09T08:27:22.594+0000] {dag.py:4156} INFO - Setting next_dagrun for example_dag_decorator to None, run_after=None
[2024-09-09T08:27:22.614+0000] {processor.py:208} INFO - Processing /home/airflow/.local/lib/python3.12/site-packages/airflow/example_dags/example_dag_decorator.py took 0.169 seconds
[2024-09-09T08:27:52.726+0000] {processor.py:186} INFO - Started process (PID=13534) to work on /home/airflow/.local/lib/python3.12/site-packages/airflow/example_dags/example_dag_decorator.py
[2024-09-09T08:27:52.728+0000] {processor.py:914} INFO - Processing file /home/airflow/.local/lib/python3.12/site-packages/airflow/example_dags/example_dag_decorator.py for tasks to queue
[2024-09-09T08:27:52.731+0000] {logging_mixin.py:190} INFO - [2024-09-09T08:27:52.730+0000] {dagbag.py:587} INFO - Filling up the DagBag from /home/airflow/.local/lib/python3.12/site-packages/airflow/example_dags/example_dag_decorator.py
[2024-09-09T08:27:52.741+0000] {processor.py:925} INFO - DAG(s) 'example_dag_decorator' retrieved from /home/airflow/.local/lib/python3.12/site-packages/airflow/example_dags/example_dag_decorator.py
[2024-09-09T08:27:52.835+0000] {logging_mixin.py:190} INFO - [2024-09-09T08:27:52.834+0000] {dag.py:3229} INFO - Sync 1 DAGs
[2024-09-09T08:27:52.845+0000] {logging_mixin.py:190} INFO - [2024-09-09T08:27:52.845+0000] {dag.py:4156} INFO - Setting next_dagrun for example_dag_decorator to None, run_after=None
[2024-09-09T08:27:52.862+0000] {processor.py:208} INFO - Processing /home/airflow/.local/lib/python3.12/site-packages/airflow/example_dags/example_dag_decorator.py took 0.141 seconds
[2024-09-09T08:28:25.834+0000] {processor.py:186} INFO - Started process (PID=13815) to work on /home/airflow/.local/lib/python3.12/site-packages/airflow/example_dags/example_dag_decorator.py
[2024-09-09T08:28:25.835+0000] {processor.py:914} INFO - Processing file /home/airflow/.local/lib/python3.12/site-packages/airflow/example_dags/example_dag_decorator.py for tasks to queue
[2024-09-09T08:28:25.838+0000] {logging_mixin.py:190} INFO - [2024-09-09T08:28:25.838+0000] {dagbag.py:587} INFO - Filling up the DagBag from /home/airflow/.local/lib/python3.12/site-packages/airflow/example_dags/example_dag_decorator.py
[2024-09-09T08:28:25.854+0000] {processor.py:925} INFO - DAG(s) 'example_dag_decorator' retrieved from /home/airflow/.local/lib/python3.12/site-packages/airflow/example_dags/example_dag_decorator.py
[2024-09-09T08:28:25.883+0000] {logging_mixin.py:190} INFO - [2024-09-09T08:28:25.883+0000] {dag.py:3229} INFO - Sync 1 DAGs
[2024-09-09T08:28:25.900+0000] {logging_mixin.py:190} INFO - [2024-09-09T08:28:25.900+0000] {dag.py:4156} INFO - Setting next_dagrun for example_dag_decorator to None, run_after=None
[2024-09-09T08:28:25.925+0000] {processor.py:208} INFO - Processing /home/airflow/.local/lib/python3.12/site-packages/airflow/example_dags/example_dag_decorator.py took 0.099 seconds
[2024-09-09T08:28:57.300+0000] {processor.py:186} INFO - Started process (PID=14101) to work on /home/airflow/.local/lib/python3.12/site-packages/airflow/example_dags/example_dag_decorator.py
[2024-09-09T08:28:57.301+0000] {processor.py:914} INFO - Processing file /home/airflow/.local/lib/python3.12/site-packages/airflow/example_dags/example_dag_decorator.py for tasks to queue
[2024-09-09T08:28:57.305+0000] {logging_mixin.py:190} INFO - [2024-09-09T08:28:57.304+0000] {dagbag.py:587} INFO - Filling up the DagBag from /home/airflow/.local/lib/python3.12/site-packages/airflow/example_dags/example_dag_decorator.py
[2024-09-09T08:28:57.332+0000] {processor.py:925} INFO - DAG(s) 'example_dag_decorator' retrieved from /home/airflow/.local/lib/python3.12/site-packages/airflow/example_dags/example_dag_decorator.py
[2024-09-09T08:28:57.370+0000] {logging_mixin.py:190} INFO - [2024-09-09T08:28:57.369+0000] {dag.py:3229} INFO - Sync 1 DAGs
[2024-09-09T08:28:57.392+0000] {logging_mixin.py:190} INFO - [2024-09-09T08:28:57.392+0000] {dag.py:4156} INFO - Setting next_dagrun for example_dag_decorator to None, run_after=None
[2024-09-09T08:28:57.435+0000] {processor.py:208} INFO - Processing /home/airflow/.local/lib/python3.12/site-packages/airflow/example_dags/example_dag_decorator.py took 0.146 seconds
[2024-09-09T08:29:28.187+0000] {processor.py:186} INFO - Started process (PID=14387) to work on /home/airflow/.local/lib/python3.12/site-packages/airflow/example_dags/example_dag_decorator.py
[2024-09-09T08:29:28.189+0000] {processor.py:914} INFO - Processing file /home/airflow/.local/lib/python3.12/site-packages/airflow/example_dags/example_dag_decorator.py for tasks to queue
[2024-09-09T08:29:28.192+0000] {logging_mixin.py:190} INFO - [2024-09-09T08:29:28.192+0000] {dagbag.py:587} INFO - Filling up the DagBag from /home/airflow/.local/lib/python3.12/site-packages/airflow/example_dags/example_dag_decorator.py
[2024-09-09T08:29:28.219+0000] {processor.py:925} INFO - DAG(s) 'example_dag_decorator' retrieved from /home/airflow/.local/lib/python3.12/site-packages/airflow/example_dags/example_dag_decorator.py
[2024-09-09T08:29:28.625+0000] {logging_mixin.py:190} INFO - [2024-09-09T08:29:28.624+0000] {dag.py:3229} INFO - Sync 1 DAGs
[2024-09-09T08:29:28.641+0000] {logging_mixin.py:190} INFO - [2024-09-09T08:29:28.641+0000] {dag.py:4156} INFO - Setting next_dagrun for example_dag_decorator to None, run_after=None
[2024-09-09T08:29:28.670+0000] {processor.py:208} INFO - Processing /home/airflow/.local/lib/python3.12/site-packages/airflow/example_dags/example_dag_decorator.py took 0.494 seconds
[2024-09-09T08:29:58.861+0000] {processor.py:186} INFO - Started process (PID=14680) to work on /home/airflow/.local/lib/python3.12/site-packages/airflow/example_dags/example_dag_decorator.py
[2024-09-09T08:29:58.863+0000] {processor.py:914} INFO - Processing file /home/airflow/.local/lib/python3.12/site-packages/airflow/example_dags/example_dag_decorator.py for tasks to queue
[2024-09-09T08:29:58.867+0000] {logging_mixin.py:190} INFO - [2024-09-09T08:29:58.866+0000] {dagbag.py:587} INFO - Filling up the DagBag from /home/airflow/.local/lib/python3.12/site-packages/airflow/example_dags/example_dag_decorator.py
[2024-09-09T08:29:58.883+0000] {processor.py:925} INFO - DAG(s) 'example_dag_decorator' retrieved from /home/airflow/.local/lib/python3.12/site-packages/airflow/example_dags/example_dag_decorator.py
[2024-09-09T08:29:59.286+0000] {logging_mixin.py:190} INFO - [2024-09-09T08:29:59.286+0000] {dag.py:3229} INFO - Sync 1 DAGs
[2024-09-09T08:29:59.307+0000] {logging_mixin.py:190} INFO - [2024-09-09T08:29:59.307+0000] {dag.py:4156} INFO - Setting next_dagrun for example_dag_decorator to None, run_after=None
[2024-09-09T08:29:59.347+0000] {processor.py:208} INFO - Processing /home/airflow/.local/lib/python3.12/site-packages/airflow/example_dags/example_dag_decorator.py took 0.494 seconds
[2024-09-09T08:30:29.538+0000] {processor.py:186} INFO - Started process (PID=14976) to work on /home/airflow/.local/lib/python3.12/site-packages/airflow/example_dags/example_dag_decorator.py
[2024-09-09T08:30:29.546+0000] {processor.py:914} INFO - Processing file /home/airflow/.local/lib/python3.12/site-packages/airflow/example_dags/example_dag_decorator.py for tasks to queue
[2024-09-09T08:30:29.552+0000] {logging_mixin.py:190} INFO - [2024-09-09T08:30:29.551+0000] {dagbag.py:587} INFO - Filling up the DagBag from /home/airflow/.local/lib/python3.12/site-packages/airflow/example_dags/example_dag_decorator.py
[2024-09-09T08:30:29.565+0000] {processor.py:925} INFO - DAG(s) 'example_dag_decorator' retrieved from /home/airflow/.local/lib/python3.12/site-packages/airflow/example_dags/example_dag_decorator.py
[2024-09-09T08:30:29.869+0000] {logging_mixin.py:190} INFO - [2024-09-09T08:30:29.868+0000] {dag.py:3229} INFO - Sync 1 DAGs
[2024-09-09T08:30:29.881+0000] {logging_mixin.py:190} INFO - [2024-09-09T08:30:29.881+0000] {dag.py:4156} INFO - Setting next_dagrun for example_dag_decorator to None, run_after=None
[2024-09-09T08:30:29.936+0000] {processor.py:208} INFO - Processing /home/airflow/.local/lib/python3.12/site-packages/airflow/example_dags/example_dag_decorator.py took 0.407 seconds
[2024-09-09T08:31:00.442+0000] {processor.py:186} INFO - Started process (PID=15251) to work on /home/airflow/.local/lib/python3.12/site-packages/airflow/example_dags/example_dag_decorator.py
[2024-09-09T08:31:00.444+0000] {processor.py:914} INFO - Processing file /home/airflow/.local/lib/python3.12/site-packages/airflow/example_dags/example_dag_decorator.py for tasks to queue
[2024-09-09T08:31:00.448+0000] {logging_mixin.py:190} INFO - [2024-09-09T08:31:00.447+0000] {dagbag.py:587} INFO - Filling up the DagBag from /home/airflow/.local/lib/python3.12/site-packages/airflow/example_dags/example_dag_decorator.py
[2024-09-09T08:31:00.465+0000] {processor.py:925} INFO - DAG(s) 'example_dag_decorator' retrieved from /home/airflow/.local/lib/python3.12/site-packages/airflow/example_dags/example_dag_decorator.py
[2024-09-09T08:31:00.607+0000] {logging_mixin.py:190} INFO - [2024-09-09T08:31:00.607+0000] {dag.py:3229} INFO - Sync 1 DAGs
[2024-09-09T08:31:00.787+0000] {logging_mixin.py:190} INFO - [2024-09-09T08:31:00.787+0000] {dag.py:4156} INFO - Setting next_dagrun for example_dag_decorator to None, run_after=None
[2024-09-09T08:31:00.809+0000] {processor.py:208} INFO - Processing /home/airflow/.local/lib/python3.12/site-packages/airflow/example_dags/example_dag_decorator.py took 0.376 seconds
[2024-09-09T08:31:32.664+0000] {processor.py:186} INFO - Started process (PID=15551) to work on /home/airflow/.local/lib/python3.12/site-packages/airflow/example_dags/example_dag_decorator.py
[2024-09-09T08:31:32.665+0000] {processor.py:914} INFO - Processing file /home/airflow/.local/lib/python3.12/site-packages/airflow/example_dags/example_dag_decorator.py for tasks to queue
[2024-09-09T08:31:32.668+0000] {logging_mixin.py:190} INFO - [2024-09-09T08:31:32.667+0000] {dagbag.py:587} INFO - Filling up the DagBag from /home/airflow/.local/lib/python3.12/site-packages/airflow/example_dags/example_dag_decorator.py
[2024-09-09T08:31:32.678+0000] {processor.py:925} INFO - DAG(s) 'example_dag_decorator' retrieved from /home/airflow/.local/lib/python3.12/site-packages/airflow/example_dags/example_dag_decorator.py
[2024-09-09T08:31:32.792+0000] {logging_mixin.py:190} INFO - [2024-09-09T08:31:32.792+0000] {dag.py:3229} INFO - Sync 1 DAGs
[2024-09-09T08:31:32.805+0000] {logging_mixin.py:190} INFO - [2024-09-09T08:31:32.805+0000] {dag.py:4156} INFO - Setting next_dagrun for example_dag_decorator to None, run_after=None
[2024-09-09T08:31:33.006+0000] {processor.py:208} INFO - Processing /home/airflow/.local/lib/python3.12/site-packages/airflow/example_dags/example_dag_decorator.py took 0.347 seconds
[2024-09-09T08:32:03.159+0000] {processor.py:186} INFO - Started process (PID=15817) to work on /home/airflow/.local/lib/python3.12/site-packages/airflow/example_dags/example_dag_decorator.py
[2024-09-09T08:32:03.161+0000] {processor.py:914} INFO - Processing file /home/airflow/.local/lib/python3.12/site-packages/airflow/example_dags/example_dag_decorator.py for tasks to queue
[2024-09-09T08:32:03.168+0000] {logging_mixin.py:190} INFO - [2024-09-09T08:32:03.167+0000] {dagbag.py:587} INFO - Filling up the DagBag from /home/airflow/.local/lib/python3.12/site-packages/airflow/example_dags/example_dag_decorator.py
[2024-09-09T08:32:03.193+0000] {processor.py:925} INFO - DAG(s) 'example_dag_decorator' retrieved from /home/airflow/.local/lib/python3.12/site-packages/airflow/example_dags/example_dag_decorator.py
[2024-09-09T08:32:03.444+0000] {logging_mixin.py:190} INFO - [2024-09-09T08:32:03.444+0000] {dag.py:3229} INFO - Sync 1 DAGs
[2024-09-09T08:32:03.457+0000] {logging_mixin.py:190} INFO - [2024-09-09T08:32:03.457+0000] {dag.py:4156} INFO - Setting next_dagrun for example_dag_decorator to None, run_after=None
[2024-09-09T08:32:03.477+0000] {processor.py:208} INFO - Processing /home/airflow/.local/lib/python3.12/site-packages/airflow/example_dags/example_dag_decorator.py took 0.324 seconds
[2024-09-09T08:32:34.826+0000] {processor.py:186} INFO - Started process (PID=16108) to work on /home/airflow/.local/lib/python3.12/site-packages/airflow/example_dags/example_dag_decorator.py
[2024-09-09T08:32:34.828+0000] {processor.py:914} INFO - Processing file /home/airflow/.local/lib/python3.12/site-packages/airflow/example_dags/example_dag_decorator.py for tasks to queue
[2024-09-09T08:32:34.832+0000] {logging_mixin.py:190} INFO - [2024-09-09T08:32:34.832+0000] {dagbag.py:587} INFO - Filling up the DagBag from /home/airflow/.local/lib/python3.12/site-packages/airflow/example_dags/example_dag_decorator.py
[2024-09-09T08:32:34.854+0000] {processor.py:925} INFO - DAG(s) 'example_dag_decorator' retrieved from /home/airflow/.local/lib/python3.12/site-packages/airflow/example_dags/example_dag_decorator.py
[2024-09-09T08:32:34.893+0000] {logging_mixin.py:190} INFO - [2024-09-09T08:32:34.892+0000] {dag.py:3229} INFO - Sync 1 DAGs
[2024-09-09T08:32:34.919+0000] {logging_mixin.py:190} INFO - [2024-09-09T08:32:34.919+0000] {dag.py:4156} INFO - Setting next_dagrun for example_dag_decorator to None, run_after=None
[2024-09-09T08:32:34.964+0000] {processor.py:208} INFO - Processing /home/airflow/.local/lib/python3.12/site-packages/airflow/example_dags/example_dag_decorator.py took 0.155 seconds
[2024-09-09T08:33:05.756+0000] {processor.py:186} INFO - Started process (PID=16393) to work on /home/airflow/.local/lib/python3.12/site-packages/airflow/example_dags/example_dag_decorator.py
[2024-09-09T08:33:05.758+0000] {processor.py:914} INFO - Processing file /home/airflow/.local/lib/python3.12/site-packages/airflow/example_dags/example_dag_decorator.py for tasks to queue
[2024-09-09T08:33:05.762+0000] {logging_mixin.py:190} INFO - [2024-09-09T08:33:05.761+0000] {dagbag.py:587} INFO - Filling up the DagBag from /home/airflow/.local/lib/python3.12/site-packages/airflow/example_dags/example_dag_decorator.py
[2024-09-09T08:33:05.774+0000] {processor.py:925} INFO - DAG(s) 'example_dag_decorator' retrieved from /home/airflow/.local/lib/python3.12/site-packages/airflow/example_dags/example_dag_decorator.py
[2024-09-09T08:33:06.097+0000] {logging_mixin.py:190} INFO - [2024-09-09T08:33:06.097+0000] {dag.py:3229} INFO - Sync 1 DAGs
[2024-09-09T08:33:06.109+0000] {logging_mixin.py:190} INFO - [2024-09-09T08:33:06.108+0000] {dag.py:4156} INFO - Setting next_dagrun for example_dag_decorator to None, run_after=None
[2024-09-09T08:33:06.134+0000] {processor.py:208} INFO - Processing /home/airflow/.local/lib/python3.12/site-packages/airflow/example_dags/example_dag_decorator.py took 0.383 seconds
[2024-09-09T08:33:36.657+0000] {processor.py:186} INFO - Started process (PID=16679) to work on /home/airflow/.local/lib/python3.12/site-packages/airflow/example_dags/example_dag_decorator.py
[2024-09-09T08:33:36.658+0000] {processor.py:914} INFO - Processing file /home/airflow/.local/lib/python3.12/site-packages/airflow/example_dags/example_dag_decorator.py for tasks to queue
[2024-09-09T08:33:36.661+0000] {logging_mixin.py:190} INFO - [2024-09-09T08:33:36.661+0000] {dagbag.py:587} INFO - Filling up the DagBag from /home/airflow/.local/lib/python3.12/site-packages/airflow/example_dags/example_dag_decorator.py
[2024-09-09T08:33:36.673+0000] {processor.py:925} INFO - DAG(s) 'example_dag_decorator' retrieved from /home/airflow/.local/lib/python3.12/site-packages/airflow/example_dags/example_dag_decorator.py
[2024-09-09T08:33:36.933+0000] {logging_mixin.py:190} INFO - [2024-09-09T08:33:36.933+0000] {dag.py:3229} INFO - Sync 1 DAGs
[2024-09-09T08:33:36.944+0000] {logging_mixin.py:190} INFO - [2024-09-09T08:33:36.944+0000] {dag.py:4156} INFO - Setting next_dagrun for example_dag_decorator to None, run_after=None
[2024-09-09T08:33:36.966+0000] {processor.py:208} INFO - Processing /home/airflow/.local/lib/python3.12/site-packages/airflow/example_dags/example_dag_decorator.py took 0.314 seconds
[2024-09-09T08:34:07.867+0000] {processor.py:186} INFO - Started process (PID=16965) to work on /home/airflow/.local/lib/python3.12/site-packages/airflow/example_dags/example_dag_decorator.py
[2024-09-09T08:34:07.868+0000] {processor.py:914} INFO - Processing file /home/airflow/.local/lib/python3.12/site-packages/airflow/example_dags/example_dag_decorator.py for tasks to queue
[2024-09-09T08:34:07.871+0000] {logging_mixin.py:190} INFO - [2024-09-09T08:34:07.871+0000] {dagbag.py:587} INFO - Filling up the DagBag from /home/airflow/.local/lib/python3.12/site-packages/airflow/example_dags/example_dag_decorator.py
[2024-09-09T08:34:08.048+0000] {processor.py:925} INFO - DAG(s) 'example_dag_decorator' retrieved from /home/airflow/.local/lib/python3.12/site-packages/airflow/example_dags/example_dag_decorator.py
[2024-09-09T08:34:08.162+0000] {logging_mixin.py:190} INFO - [2024-09-09T08:34:08.162+0000] {dag.py:3229} INFO - Sync 1 DAGs
[2024-09-09T08:34:08.173+0000] {logging_mixin.py:190} INFO - [2024-09-09T08:34:08.173+0000] {dag.py:4156} INFO - Setting next_dagrun for example_dag_decorator to None, run_after=None
[2024-09-09T08:34:08.194+0000] {processor.py:208} INFO - Processing /home/airflow/.local/lib/python3.12/site-packages/airflow/example_dags/example_dag_decorator.py took 0.335 seconds
[2024-09-09T08:34:38.306+0000] {processor.py:186} INFO - Started process (PID=17251) to work on /home/airflow/.local/lib/python3.12/site-packages/airflow/example_dags/example_dag_decorator.py
[2024-09-09T08:34:38.307+0000] {processor.py:914} INFO - Processing file /home/airflow/.local/lib/python3.12/site-packages/airflow/example_dags/example_dag_decorator.py for tasks to queue
[2024-09-09T08:34:38.310+0000] {logging_mixin.py:190} INFO - [2024-09-09T08:34:38.310+0000] {dagbag.py:587} INFO - Filling up the DagBag from /home/airflow/.local/lib/python3.12/site-packages/airflow/example_dags/example_dag_decorator.py
[2024-09-09T08:34:38.321+0000] {processor.py:925} INFO - DAG(s) 'example_dag_decorator' retrieved from /home/airflow/.local/lib/python3.12/site-packages/airflow/example_dags/example_dag_decorator.py
[2024-09-09T08:34:38.422+0000] {logging_mixin.py:190} INFO - [2024-09-09T08:34:38.422+0000] {dag.py:3229} INFO - Sync 1 DAGs
[2024-09-09T08:34:38.434+0000] {logging_mixin.py:190} INFO - [2024-09-09T08:34:38.434+0000] {dag.py:4156} INFO - Setting next_dagrun for example_dag_decorator to None, run_after=None
[2024-09-09T08:34:38.454+0000] {processor.py:208} INFO - Processing /home/airflow/.local/lib/python3.12/site-packages/airflow/example_dags/example_dag_decorator.py took 0.154 seconds
[2024-09-09T08:35:09.070+0000] {processor.py:186} INFO - Started process (PID=17537) to work on /home/airflow/.local/lib/python3.12/site-packages/airflow/example_dags/example_dag_decorator.py
[2024-09-09T08:35:09.071+0000] {processor.py:914} INFO - Processing file /home/airflow/.local/lib/python3.12/site-packages/airflow/example_dags/example_dag_decorator.py for tasks to queue
[2024-09-09T08:35:09.073+0000] {logging_mixin.py:190} INFO - [2024-09-09T08:35:09.073+0000] {dagbag.py:587} INFO - Filling up the DagBag from /home/airflow/.local/lib/python3.12/site-packages/airflow/example_dags/example_dag_decorator.py
[2024-09-09T08:35:09.084+0000] {processor.py:925} INFO - DAG(s) 'example_dag_decorator' retrieved from /home/airflow/.local/lib/python3.12/site-packages/airflow/example_dags/example_dag_decorator.py
[2024-09-09T08:35:09.188+0000] {logging_mixin.py:190} INFO - [2024-09-09T08:35:09.187+0000] {dag.py:3229} INFO - Sync 1 DAGs
[2024-09-09T08:35:09.199+0000] {logging_mixin.py:190} INFO - [2024-09-09T08:35:09.199+0000] {dag.py:4156} INFO - Setting next_dagrun for example_dag_decorator to None, run_after=None
[2024-09-09T08:35:09.219+0000] {processor.py:208} INFO - Processing /home/airflow/.local/lib/python3.12/site-packages/airflow/example_dags/example_dag_decorator.py took 0.154 seconds
[2024-09-09T08:35:39.352+0000] {processor.py:186} INFO - Started process (PID=17823) to work on /home/airflow/.local/lib/python3.12/site-packages/airflow/example_dags/example_dag_decorator.py
[2024-09-09T08:35:39.354+0000] {processor.py:914} INFO - Processing file /home/airflow/.local/lib/python3.12/site-packages/airflow/example_dags/example_dag_decorator.py for tasks to queue
[2024-09-09T08:35:39.356+0000] {logging_mixin.py:190} INFO - [2024-09-09T08:35:39.356+0000] {dagbag.py:587} INFO - Filling up the DagBag from /home/airflow/.local/lib/python3.12/site-packages/airflow/example_dags/example_dag_decorator.py
[2024-09-09T08:35:39.368+0000] {processor.py:925} INFO - DAG(s) 'example_dag_decorator' retrieved from /home/airflow/.local/lib/python3.12/site-packages/airflow/example_dags/example_dag_decorator.py
[2024-09-09T08:35:39.514+0000] {logging_mixin.py:190} INFO - [2024-09-09T08:35:39.513+0000] {dag.py:3229} INFO - Sync 1 DAGs
[2024-09-09T08:35:39.527+0000] {logging_mixin.py:190} INFO - [2024-09-09T08:35:39.526+0000] {dag.py:4156} INFO - Setting next_dagrun for example_dag_decorator to None, run_after=None
[2024-09-09T08:35:39.549+0000] {processor.py:208} INFO - Processing /home/airflow/.local/lib/python3.12/site-packages/airflow/example_dags/example_dag_decorator.py took 0.202 seconds
[2024-09-09T08:36:10.952+0000] {processor.py:186} INFO - Started process (PID=18109) to work on /home/airflow/.local/lib/python3.12/site-packages/airflow/example_dags/example_dag_decorator.py
[2024-09-09T08:36:10.953+0000] {processor.py:914} INFO - Processing file /home/airflow/.local/lib/python3.12/site-packages/airflow/example_dags/example_dag_decorator.py for tasks to queue
[2024-09-09T08:36:10.957+0000] {logging_mixin.py:190} INFO - [2024-09-09T08:36:10.956+0000] {dagbag.py:587} INFO - Filling up the DagBag from /home/airflow/.local/lib/python3.12/site-packages/airflow/example_dags/example_dag_decorator.py
[2024-09-09T08:36:10.975+0000] {processor.py:925} INFO - DAG(s) 'example_dag_decorator' retrieved from /home/airflow/.local/lib/python3.12/site-packages/airflow/example_dags/example_dag_decorator.py
[2024-09-09T08:36:11.161+0000] {logging_mixin.py:190} INFO - [2024-09-09T08:36:11.160+0000] {dag.py:3229} INFO - Sync 1 DAGs
[2024-09-09T08:36:11.179+0000] {logging_mixin.py:190} INFO - [2024-09-09T08:36:11.179+0000] {dag.py:4156} INFO - Setting next_dagrun for example_dag_decorator to None, run_after=None
[2024-09-09T08:36:11.209+0000] {processor.py:208} INFO - Processing /home/airflow/.local/lib/python3.12/site-packages/airflow/example_dags/example_dag_decorator.py took 0.265 seconds
[2024-09-09T08:36:41.640+0000] {processor.py:186} INFO - Started process (PID=18395) to work on /home/airflow/.local/lib/python3.12/site-packages/airflow/example_dags/example_dag_decorator.py
[2024-09-09T08:36:41.641+0000] {processor.py:914} INFO - Processing file /home/airflow/.local/lib/python3.12/site-packages/airflow/example_dags/example_dag_decorator.py for tasks to queue
[2024-09-09T08:36:41.643+0000] {logging_mixin.py:190} INFO - [2024-09-09T08:36:41.643+0000] {dagbag.py:587} INFO - Filling up the DagBag from /home/airflow/.local/lib/python3.12/site-packages/airflow/example_dags/example_dag_decorator.py
[2024-09-09T08:36:41.653+0000] {processor.py:925} INFO - DAG(s) 'example_dag_decorator' retrieved from /home/airflow/.local/lib/python3.12/site-packages/airflow/example_dags/example_dag_decorator.py
[2024-09-09T08:36:41.766+0000] {logging_mixin.py:190} INFO - [2024-09-09T08:36:41.765+0000] {dag.py:3229} INFO - Sync 1 DAGs
[2024-09-09T08:36:41.777+0000] {logging_mixin.py:190} INFO - [2024-09-09T08:36:41.777+0000] {dag.py:4156} INFO - Setting next_dagrun for example_dag_decorator to None, run_after=None
[2024-09-09T08:36:41.797+0000] {processor.py:208} INFO - Processing /home/airflow/.local/lib/python3.12/site-packages/airflow/example_dags/example_dag_decorator.py took 0.162 seconds
[2024-09-09T08:37:12.660+0000] {processor.py:186} INFO - Started process (PID=18681) to work on /home/airflow/.local/lib/python3.12/site-packages/airflow/example_dags/example_dag_decorator.py
[2024-09-09T08:37:12.661+0000] {processor.py:914} INFO - Processing file /home/airflow/.local/lib/python3.12/site-packages/airflow/example_dags/example_dag_decorator.py for tasks to queue
[2024-09-09T08:37:12.664+0000] {logging_mixin.py:190} INFO - [2024-09-09T08:37:12.663+0000] {dagbag.py:587} INFO - Filling up the DagBag from /home/airflow/.local/lib/python3.12/site-packages/airflow/example_dags/example_dag_decorator.py
[2024-09-09T08:37:12.677+0000] {processor.py:925} INFO - DAG(s) 'example_dag_decorator' retrieved from /home/airflow/.local/lib/python3.12/site-packages/airflow/example_dags/example_dag_decorator.py
[2024-09-09T08:37:12.793+0000] {logging_mixin.py:190} INFO - [2024-09-09T08:37:12.792+0000] {dag.py:3229} INFO - Sync 1 DAGs
[2024-09-09T08:37:12.807+0000] {logging_mixin.py:190} INFO - [2024-09-09T08:37:12.807+0000] {dag.py:4156} INFO - Setting next_dagrun for example_dag_decorator to None, run_after=None
[2024-09-09T08:37:12.829+0000] {processor.py:208} INFO - Processing /home/airflow/.local/lib/python3.12/site-packages/airflow/example_dags/example_dag_decorator.py took 0.175 seconds
[2024-09-09T08:37:43.148+0000] {processor.py:186} INFO - Started process (PID=18967) to work on /home/airflow/.local/lib/python3.12/site-packages/airflow/example_dags/example_dag_decorator.py
[2024-09-09T08:37:43.150+0000] {processor.py:914} INFO - Processing file /home/airflow/.local/lib/python3.12/site-packages/airflow/example_dags/example_dag_decorator.py for tasks to queue
[2024-09-09T08:37:43.153+0000] {logging_mixin.py:190} INFO - [2024-09-09T08:37:43.152+0000] {dagbag.py:587} INFO - Filling up the DagBag from /home/airflow/.local/lib/python3.12/site-packages/airflow/example_dags/example_dag_decorator.py
[2024-09-09T08:37:43.170+0000] {processor.py:925} INFO - DAG(s) 'example_dag_decorator' retrieved from /home/airflow/.local/lib/python3.12/site-packages/airflow/example_dags/example_dag_decorator.py
[2024-09-09T08:37:43.292+0000] {logging_mixin.py:190} INFO - [2024-09-09T08:37:43.291+0000] {dag.py:3229} INFO - Sync 1 DAGs
[2024-09-09T08:37:43.304+0000] {logging_mixin.py:190} INFO - [2024-09-09T08:37:43.304+0000] {dag.py:4156} INFO - Setting next_dagrun for example_dag_decorator to None, run_after=None
[2024-09-09T08:37:43.325+0000] {processor.py:208} INFO - Processing /home/airflow/.local/lib/python3.12/site-packages/airflow/example_dags/example_dag_decorator.py took 0.184 seconds
[2024-09-09T08:38:13.828+0000] {processor.py:186} INFO - Started process (PID=19254) to work on /home/airflow/.local/lib/python3.12/site-packages/airflow/example_dags/example_dag_decorator.py
[2024-09-09T08:38:13.830+0000] {processor.py:914} INFO - Processing file /home/airflow/.local/lib/python3.12/site-packages/airflow/example_dags/example_dag_decorator.py for tasks to queue
[2024-09-09T08:38:13.833+0000] {logging_mixin.py:190} INFO - [2024-09-09T08:38:13.833+0000] {dagbag.py:587} INFO - Filling up the DagBag from /home/airflow/.local/lib/python3.12/site-packages/airflow/example_dags/example_dag_decorator.py
[2024-09-09T08:38:13.848+0000] {processor.py:925} INFO - DAG(s) 'example_dag_decorator' retrieved from /home/airflow/.local/lib/python3.12/site-packages/airflow/example_dags/example_dag_decorator.py
[2024-09-09T08:38:13.987+0000] {logging_mixin.py:190} INFO - [2024-09-09T08:38:13.987+0000] {dag.py:3229} INFO - Sync 1 DAGs
[2024-09-09T08:38:14.007+0000] {logging_mixin.py:190} INFO - [2024-09-09T08:38:14.007+0000] {dag.py:4156} INFO - Setting next_dagrun for example_dag_decorator to None, run_after=None
[2024-09-09T08:38:14.030+0000] {processor.py:208} INFO - Processing /home/airflow/.local/lib/python3.12/site-packages/airflow/example_dags/example_dag_decorator.py took 0.208 seconds
[2024-09-09T08:38:44.984+0000] {processor.py:186} INFO - Started process (PID=19545) to work on /home/airflow/.local/lib/python3.12/site-packages/airflow/example_dags/example_dag_decorator.py
[2024-09-09T08:38:44.986+0000] {processor.py:914} INFO - Processing file /home/airflow/.local/lib/python3.12/site-packages/airflow/example_dags/example_dag_decorator.py for tasks to queue
[2024-09-09T08:38:44.990+0000] {logging_mixin.py:190} INFO - [2024-09-09T08:38:44.990+0000] {dagbag.py:587} INFO - Filling up the DagBag from /home/airflow/.local/lib/python3.12/site-packages/airflow/example_dags/example_dag_decorator.py
[2024-09-09T08:38:45.019+0000] {processor.py:925} INFO - DAG(s) 'example_dag_decorator' retrieved from /home/airflow/.local/lib/python3.12/site-packages/airflow/example_dags/example_dag_decorator.py
[2024-09-09T08:38:45.179+0000] {logging_mixin.py:190} INFO - [2024-09-09T08:38:45.179+0000] {dag.py:3229} INFO - Sync 1 DAGs
[2024-09-09T08:38:45.198+0000] {logging_mixin.py:190} INFO - [2024-09-09T08:38:45.197+0000] {dag.py:4156} INFO - Setting next_dagrun for example_dag_decorator to None, run_after=None
[2024-09-09T08:38:45.226+0000] {processor.py:208} INFO - Processing /home/airflow/.local/lib/python3.12/site-packages/airflow/example_dags/example_dag_decorator.py took 0.252 seconds
[2024-09-09T08:39:15.286+0000] {processor.py:186} INFO - Started process (PID=19831) to work on /home/airflow/.local/lib/python3.12/site-packages/airflow/example_dags/example_dag_decorator.py
[2024-09-09T08:39:15.287+0000] {processor.py:914} INFO - Processing file /home/airflow/.local/lib/python3.12/site-packages/airflow/example_dags/example_dag_decorator.py for tasks to queue
[2024-09-09T08:39:15.290+0000] {logging_mixin.py:190} INFO - [2024-09-09T08:39:15.290+0000] {dagbag.py:587} INFO - Filling up the DagBag from /home/airflow/.local/lib/python3.12/site-packages/airflow/example_dags/example_dag_decorator.py
[2024-09-09T08:39:15.307+0000] {processor.py:925} INFO - DAG(s) 'example_dag_decorator' retrieved from /home/airflow/.local/lib/python3.12/site-packages/airflow/example_dags/example_dag_decorator.py
[2024-09-09T08:39:15.338+0000] {logging_mixin.py:190} INFO - [2024-09-09T08:39:15.338+0000] {dag.py:3229} INFO - Sync 1 DAGs
[2024-09-09T08:39:15.356+0000] {logging_mixin.py:190} INFO - [2024-09-09T08:39:15.356+0000] {dag.py:4156} INFO - Setting next_dagrun for example_dag_decorator to None, run_after=None
[2024-09-09T08:39:15.385+0000] {processor.py:208} INFO - Processing /home/airflow/.local/lib/python3.12/site-packages/airflow/example_dags/example_dag_decorator.py took 0.107 seconds
[2024-09-09T08:39:45.876+0000] {processor.py:186} INFO - Started process (PID=20117) to work on /home/airflow/.local/lib/python3.12/site-packages/airflow/example_dags/example_dag_decorator.py
[2024-09-09T08:39:45.877+0000] {processor.py:914} INFO - Processing file /home/airflow/.local/lib/python3.12/site-packages/airflow/example_dags/example_dag_decorator.py for tasks to queue
[2024-09-09T08:39:45.880+0000] {logging_mixin.py:190} INFO - [2024-09-09T08:39:45.880+0000] {dagbag.py:587} INFO - Filling up the DagBag from /home/airflow/.local/lib/python3.12/site-packages/airflow/example_dags/example_dag_decorator.py
[2024-09-09T08:39:45.895+0000] {processor.py:925} INFO - DAG(s) 'example_dag_decorator' retrieved from /home/airflow/.local/lib/python3.12/site-packages/airflow/example_dags/example_dag_decorator.py
[2024-09-09T08:39:46.020+0000] {logging_mixin.py:190} INFO - [2024-09-09T08:39:46.020+0000] {dag.py:3229} INFO - Sync 1 DAGs
[2024-09-09T08:39:46.036+0000] {logging_mixin.py:190} INFO - [2024-09-09T08:39:46.036+0000] {dag.py:4156} INFO - Setting next_dagrun for example_dag_decorator to None, run_after=None
[2024-09-09T08:39:46.058+0000] {processor.py:208} INFO - Processing /home/airflow/.local/lib/python3.12/site-packages/airflow/example_dags/example_dag_decorator.py took 0.189 seconds
[2024-09-09T08:40:16.155+0000] {processor.py:186} INFO - Started process (PID=20403) to work on /home/airflow/.local/lib/python3.12/site-packages/airflow/example_dags/example_dag_decorator.py
[2024-09-09T08:40:16.156+0000] {processor.py:914} INFO - Processing file /home/airflow/.local/lib/python3.12/site-packages/airflow/example_dags/example_dag_decorator.py for tasks to queue
[2024-09-09T08:40:16.158+0000] {logging_mixin.py:190} INFO - [2024-09-09T08:40:16.158+0000] {dagbag.py:587} INFO - Filling up the DagBag from /home/airflow/.local/lib/python3.12/site-packages/airflow/example_dags/example_dag_decorator.py
[2024-09-09T08:40:16.172+0000] {processor.py:925} INFO - DAG(s) 'example_dag_decorator' retrieved from /home/airflow/.local/lib/python3.12/site-packages/airflow/example_dags/example_dag_decorator.py
[2024-09-09T08:40:16.273+0000] {logging_mixin.py:190} INFO - [2024-09-09T08:40:16.272+0000] {dag.py:3229} INFO - Sync 1 DAGs
[2024-09-09T08:40:16.285+0000] {logging_mixin.py:190} INFO - [2024-09-09T08:40:16.285+0000] {dag.py:4156} INFO - Setting next_dagrun for example_dag_decorator to None, run_after=None
[2024-09-09T08:40:16.306+0000] {processor.py:208} INFO - Processing /home/airflow/.local/lib/python3.12/site-packages/airflow/example_dags/example_dag_decorator.py took 0.156 seconds
[2024-09-09T08:40:46.957+0000] {processor.py:186} INFO - Started process (PID=20689) to work on /home/airflow/.local/lib/python3.12/site-packages/airflow/example_dags/example_dag_decorator.py
[2024-09-09T08:40:46.958+0000] {processor.py:914} INFO - Processing file /home/airflow/.local/lib/python3.12/site-packages/airflow/example_dags/example_dag_decorator.py for tasks to queue
[2024-09-09T08:40:46.961+0000] {logging_mixin.py:190} INFO - [2024-09-09T08:40:46.961+0000] {dagbag.py:587} INFO - Filling up the DagBag from /home/airflow/.local/lib/python3.12/site-packages/airflow/example_dags/example_dag_decorator.py
[2024-09-09T08:40:46.975+0000] {processor.py:925} INFO - DAG(s) 'example_dag_decorator' retrieved from /home/airflow/.local/lib/python3.12/site-packages/airflow/example_dags/example_dag_decorator.py
[2024-09-09T08:40:47.001+0000] {logging_mixin.py:190} INFO - [2024-09-09T08:40:47.000+0000] {dag.py:3229} INFO - Sync 1 DAGs
[2024-09-09T08:40:47.017+0000] {logging_mixin.py:190} INFO - [2024-09-09T08:40:47.016+0000] {dag.py:4156} INFO - Setting next_dagrun for example_dag_decorator to None, run_after=None
[2024-09-09T08:40:47.049+0000] {processor.py:208} INFO - Processing /home/airflow/.local/lib/python3.12/site-packages/airflow/example_dags/example_dag_decorator.py took 0.102 seconds
[2024-09-09T08:41:17.453+0000] {processor.py:186} INFO - Started process (PID=20976) to work on /home/airflow/.local/lib/python3.12/site-packages/airflow/example_dags/example_dag_decorator.py
[2024-09-09T08:41:17.455+0000] {processor.py:914} INFO - Processing file /home/airflow/.local/lib/python3.12/site-packages/airflow/example_dags/example_dag_decorator.py for tasks to queue
[2024-09-09T08:41:17.457+0000] {logging_mixin.py:190} INFO - [2024-09-09T08:41:17.457+0000] {dagbag.py:587} INFO - Filling up the DagBag from /home/airflow/.local/lib/python3.12/site-packages/airflow/example_dags/example_dag_decorator.py
[2024-09-09T08:41:17.473+0000] {processor.py:925} INFO - DAG(s) 'example_dag_decorator' retrieved from /home/airflow/.local/lib/python3.12/site-packages/airflow/example_dags/example_dag_decorator.py
[2024-09-09T08:41:17.500+0000] {logging_mixin.py:190} INFO - [2024-09-09T08:41:17.500+0000] {dag.py:3229} INFO - Sync 1 DAGs
[2024-09-09T08:41:17.519+0000] {logging_mixin.py:190} INFO - [2024-09-09T08:41:17.518+0000] {dag.py:4156} INFO - Setting next_dagrun for example_dag_decorator to None, run_after=None
[2024-09-09T08:41:17.542+0000] {processor.py:208} INFO - Processing /home/airflow/.local/lib/python3.12/site-packages/airflow/example_dags/example_dag_decorator.py took 0.097 seconds
