[2024-09-09T08:04:19.787+0000] {processor.py:186} INFO - Started process (PID=285) to work on /home/airflow/.local/lib/python3.12/site-packages/airflow/example_dags/example_complex.py
[2024-09-09T08:04:19.789+0000] {processor.py:914} INFO - Processing file /home/airflow/.local/lib/python3.12/site-packages/airflow/example_dags/example_complex.py for tasks to queue
[2024-09-09T08:04:19.794+0000] {logging_mixin.py:190} INFO - [2024-09-09T08:04:19.793+0000] {dagbag.py:587} INFO - Filling up the DagBag from /home/airflow/.local/lib/python3.12/site-packages/airflow/example_dags/example_complex.py
[2024-09-09T08:04:19.812+0000] {processor.py:925} INFO - DAG(s) 'example_complex' retrieved from /home/airflow/.local/lib/python3.12/site-packages/airflow/example_dags/example_complex.py
[2024-09-09T08:04:20.009+0000] {logging_mixin.py:190} INFO - [2024-09-09T08:04:20.008+0000] {override.py:1900} INFO - Created Permission View: can edit on DAG:example_complex
[2024-09-09T08:04:20.027+0000] {logging_mixin.py:190} INFO - [2024-09-09T08:04:20.027+0000] {override.py:1900} INFO - Created Permission View: can delete on DAG:example_complex
[2024-09-09T08:04:20.049+0000] {logging_mixin.py:190} INFO - [2024-09-09T08:04:20.049+0000] {override.py:1900} INFO - Created Permission View: can read on DAG:example_complex
[2024-09-09T08:04:20.064+0000] {logging_mixin.py:190} INFO - [2024-09-09T08:04:20.063+0000] {override.py:1900} INFO - Created Permission View: can create on DAG Run:example_complex
[2024-09-09T08:04:20.076+0000] {logging_mixin.py:190} INFO - [2024-09-09T08:04:20.076+0000] {override.py:1900} INFO - Created Permission View: can delete on DAG Run:example_complex
[2024-09-09T08:04:20.092+0000] {logging_mixin.py:190} INFO - [2024-09-09T08:04:20.091+0000] {override.py:1900} INFO - Created Permission View: menu access on DAG Run:example_complex
[2024-09-09T08:04:20.104+0000] {logging_mixin.py:190} INFO - [2024-09-09T08:04:20.103+0000] {override.py:1900} INFO - Created Permission View: can read on DAG Run:example_complex
[2024-09-09T08:04:20.105+0000] {logging_mixin.py:190} INFO - [2024-09-09T08:04:20.105+0000] {dag.py:3229} INFO - Sync 1 DAGs
[2024-09-09T08:04:20.126+0000] {logging_mixin.py:190} INFO - [2024-09-09T08:04:20.126+0000] {dag.py:3252} INFO - Creating ORM DAG for example_complex
[2024-09-09T08:04:20.128+0000] {logging_mixin.py:190} INFO - [2024-09-09T08:04:20.128+0000] {dag.py:4156} INFO - Setting next_dagrun for example_complex to None, run_after=None
[2024-09-09T08:04:20.164+0000] {processor.py:208} INFO - Processing /home/airflow/.local/lib/python3.12/site-packages/airflow/example_dags/example_complex.py took 0.387 seconds
[2024-09-09T08:04:50.276+0000] {processor.py:186} INFO - Started process (PID=571) to work on /home/airflow/.local/lib/python3.12/site-packages/airflow/example_dags/example_complex.py
[2024-09-09T08:04:50.277+0000] {processor.py:914} INFO - Processing file /home/airflow/.local/lib/python3.12/site-packages/airflow/example_dags/example_complex.py for tasks to queue
[2024-09-09T08:04:50.280+0000] {logging_mixin.py:190} INFO - [2024-09-09T08:04:50.280+0000] {dagbag.py:587} INFO - Filling up the DagBag from /home/airflow/.local/lib/python3.12/site-packages/airflow/example_dags/example_complex.py
[2024-09-09T08:04:50.293+0000] {processor.py:925} INFO - DAG(s) 'example_complex' retrieved from /home/airflow/.local/lib/python3.12/site-packages/airflow/example_dags/example_complex.py
[2024-09-09T08:04:50.368+0000] {logging_mixin.py:190} INFO - [2024-09-09T08:04:50.368+0000] {dag.py:3229} INFO - Sync 1 DAGs
[2024-09-09T08:04:50.415+0000] {logging_mixin.py:190} INFO - [2024-09-09T08:04:50.414+0000] {dag.py:4156} INFO - Setting next_dagrun for example_complex to None, run_after=None
[2024-09-09T08:04:50.450+0000] {processor.py:208} INFO - Processing /home/airflow/.local/lib/python3.12/site-packages/airflow/example_dags/example_complex.py took 0.181 seconds
[2024-09-09T08:05:20.852+0000] {processor.py:186} INFO - Started process (PID=857) to work on /home/airflow/.local/lib/python3.12/site-packages/airflow/example_dags/example_complex.py
[2024-09-09T08:05:20.854+0000] {processor.py:914} INFO - Processing file /home/airflow/.local/lib/python3.12/site-packages/airflow/example_dags/example_complex.py for tasks to queue
[2024-09-09T08:05:20.857+0000] {logging_mixin.py:190} INFO - [2024-09-09T08:05:20.857+0000] {dagbag.py:587} INFO - Filling up the DagBag from /home/airflow/.local/lib/python3.12/site-packages/airflow/example_dags/example_complex.py
[2024-09-09T08:05:20.876+0000] {processor.py:925} INFO - DAG(s) 'example_complex' retrieved from /home/airflow/.local/lib/python3.12/site-packages/airflow/example_dags/example_complex.py
[2024-09-09T08:05:20.941+0000] {logging_mixin.py:190} INFO - [2024-09-09T08:05:20.941+0000] {dag.py:3229} INFO - Sync 1 DAGs
[2024-09-09T08:05:20.972+0000] {logging_mixin.py:190} INFO - [2024-09-09T08:05:20.972+0000] {dag.py:4156} INFO - Setting next_dagrun for example_complex to None, run_after=None
[2024-09-09T08:05:21.004+0000] {processor.py:208} INFO - Processing /home/airflow/.local/lib/python3.12/site-packages/airflow/example_dags/example_complex.py took 0.160 seconds
[2024-09-09T08:05:51.830+0000] {processor.py:186} INFO - Started process (PID=1145) to work on /home/airflow/.local/lib/python3.12/site-packages/airflow/example_dags/example_complex.py
[2024-09-09T08:05:51.832+0000] {processor.py:914} INFO - Processing file /home/airflow/.local/lib/python3.12/site-packages/airflow/example_dags/example_complex.py for tasks to queue
[2024-09-09T08:05:51.836+0000] {logging_mixin.py:190} INFO - [2024-09-09T08:05:51.835+0000] {dagbag.py:587} INFO - Filling up the DagBag from /home/airflow/.local/lib/python3.12/site-packages/airflow/example_dags/example_complex.py
[2024-09-09T08:05:51.865+0000] {processor.py:925} INFO - DAG(s) 'example_complex' retrieved from /home/airflow/.local/lib/python3.12/site-packages/airflow/example_dags/example_complex.py
[2024-09-09T08:05:51.930+0000] {logging_mixin.py:190} INFO - [2024-09-09T08:05:51.929+0000] {dag.py:3229} INFO - Sync 1 DAGs
[2024-09-09T08:05:51.960+0000] {logging_mixin.py:190} INFO - [2024-09-09T08:05:51.960+0000] {dag.py:4156} INFO - Setting next_dagrun for example_complex to None, run_after=None
[2024-09-09T08:05:51.992+0000] {processor.py:208} INFO - Processing /home/airflow/.local/lib/python3.12/site-packages/airflow/example_dags/example_complex.py took 0.175 seconds
[2024-09-09T08:06:22.471+0000] {processor.py:186} INFO - Started process (PID=1431) to work on /home/airflow/.local/lib/python3.12/site-packages/airflow/example_dags/example_complex.py
[2024-09-09T08:06:22.472+0000] {processor.py:914} INFO - Processing file /home/airflow/.local/lib/python3.12/site-packages/airflow/example_dags/example_complex.py for tasks to queue
[2024-09-09T08:06:22.474+0000] {logging_mixin.py:190} INFO - [2024-09-09T08:06:22.474+0000] {dagbag.py:587} INFO - Filling up the DagBag from /home/airflow/.local/lib/python3.12/site-packages/airflow/example_dags/example_complex.py
[2024-09-09T08:06:22.483+0000] {processor.py:925} INFO - DAG(s) 'example_complex' retrieved from /home/airflow/.local/lib/python3.12/site-packages/airflow/example_dags/example_complex.py
[2024-09-09T08:06:22.510+0000] {logging_mixin.py:190} INFO - [2024-09-09T08:06:22.510+0000] {dag.py:3229} INFO - Sync 1 DAGs
[2024-09-09T08:06:22.521+0000] {logging_mixin.py:190} INFO - [2024-09-09T08:06:22.521+0000] {dag.py:4156} INFO - Setting next_dagrun for example_complex to None, run_after=None
[2024-09-09T08:06:22.540+0000] {processor.py:208} INFO - Processing /home/airflow/.local/lib/python3.12/site-packages/airflow/example_dags/example_complex.py took 0.073 seconds
[2024-09-09T08:06:53.280+0000] {processor.py:186} INFO - Started process (PID=1717) to work on /home/airflow/.local/lib/python3.12/site-packages/airflow/example_dags/example_complex.py
[2024-09-09T08:06:53.281+0000] {processor.py:914} INFO - Processing file /home/airflow/.local/lib/python3.12/site-packages/airflow/example_dags/example_complex.py for tasks to queue
[2024-09-09T08:06:53.285+0000] {logging_mixin.py:190} INFO - [2024-09-09T08:06:53.284+0000] {dagbag.py:587} INFO - Filling up the DagBag from /home/airflow/.local/lib/python3.12/site-packages/airflow/example_dags/example_complex.py
[2024-09-09T08:06:53.296+0000] {processor.py:925} INFO - DAG(s) 'example_complex' retrieved from /home/airflow/.local/lib/python3.12/site-packages/airflow/example_dags/example_complex.py
[2024-09-09T08:06:53.323+0000] {logging_mixin.py:190} INFO - [2024-09-09T08:06:53.323+0000] {dag.py:3229} INFO - Sync 1 DAGs
[2024-09-09T08:06:53.337+0000] {logging_mixin.py:190} INFO - [2024-09-09T08:06:53.337+0000] {dag.py:4156} INFO - Setting next_dagrun for example_complex to None, run_after=None
[2024-09-09T08:06:53.359+0000] {processor.py:208} INFO - Processing /home/airflow/.local/lib/python3.12/site-packages/airflow/example_dags/example_complex.py took 0.085 seconds
[2024-09-09T08:07:24.104+0000] {processor.py:186} INFO - Started process (PID=2004) to work on /home/airflow/.local/lib/python3.12/site-packages/airflow/example_dags/example_complex.py
[2024-09-09T08:07:24.106+0000] {processor.py:914} INFO - Processing file /home/airflow/.local/lib/python3.12/site-packages/airflow/example_dags/example_complex.py for tasks to queue
[2024-09-09T08:07:24.110+0000] {logging_mixin.py:190} INFO - [2024-09-09T08:07:24.109+0000] {dagbag.py:587} INFO - Filling up the DagBag from /home/airflow/.local/lib/python3.12/site-packages/airflow/example_dags/example_complex.py
[2024-09-09T08:07:24.130+0000] {processor.py:925} INFO - DAG(s) 'example_complex' retrieved from /home/airflow/.local/lib/python3.12/site-packages/airflow/example_dags/example_complex.py
[2024-09-09T08:07:24.175+0000] {logging_mixin.py:190} INFO - [2024-09-09T08:07:24.175+0000] {dag.py:3229} INFO - Sync 1 DAGs
[2024-09-09T08:07:24.193+0000] {logging_mixin.py:190} INFO - [2024-09-09T08:07:24.192+0000] {dag.py:4156} INFO - Setting next_dagrun for example_complex to None, run_after=None
[2024-09-09T08:07:24.218+0000] {processor.py:208} INFO - Processing /home/airflow/.local/lib/python3.12/site-packages/airflow/example_dags/example_complex.py took 0.122 seconds
[2024-09-09T08:07:55.504+0000] {processor.py:186} INFO - Started process (PID=2290) to work on /home/airflow/.local/lib/python3.12/site-packages/airflow/example_dags/example_complex.py
[2024-09-09T08:07:55.505+0000] {processor.py:914} INFO - Processing file /home/airflow/.local/lib/python3.12/site-packages/airflow/example_dags/example_complex.py for tasks to queue
[2024-09-09T08:07:55.509+0000] {logging_mixin.py:190} INFO - [2024-09-09T08:07:55.509+0000] {dagbag.py:587} INFO - Filling up the DagBag from /home/airflow/.local/lib/python3.12/site-packages/airflow/example_dags/example_complex.py
[2024-09-09T08:07:55.527+0000] {processor.py:925} INFO - DAG(s) 'example_complex' retrieved from /home/airflow/.local/lib/python3.12/site-packages/airflow/example_dags/example_complex.py
[2024-09-09T08:07:55.579+0000] {logging_mixin.py:190} INFO - [2024-09-09T08:07:55.579+0000] {dag.py:3229} INFO - Sync 1 DAGs
[2024-09-09T08:07:55.607+0000] {logging_mixin.py:190} INFO - [2024-09-09T08:07:55.607+0000] {dag.py:4156} INFO - Setting next_dagrun for example_complex to None, run_after=None
[2024-09-09T08:07:55.662+0000] {processor.py:208} INFO - Processing /home/airflow/.local/lib/python3.12/site-packages/airflow/example_dags/example_complex.py took 0.166 seconds
[2024-09-09T08:08:26.527+0000] {processor.py:186} INFO - Started process (PID=2576) to work on /home/airflow/.local/lib/python3.12/site-packages/airflow/example_dags/example_complex.py
[2024-09-09T08:08:26.529+0000] {processor.py:914} INFO - Processing file /home/airflow/.local/lib/python3.12/site-packages/airflow/example_dags/example_complex.py for tasks to queue
[2024-09-09T08:08:26.531+0000] {logging_mixin.py:190} INFO - [2024-09-09T08:08:26.531+0000] {dagbag.py:587} INFO - Filling up the DagBag from /home/airflow/.local/lib/python3.12/site-packages/airflow/example_dags/example_complex.py
[2024-09-09T08:08:26.545+0000] {processor.py:925} INFO - DAG(s) 'example_complex' retrieved from /home/airflow/.local/lib/python3.12/site-packages/airflow/example_dags/example_complex.py
[2024-09-09T08:08:26.585+0000] {logging_mixin.py:190} INFO - [2024-09-09T08:08:26.584+0000] {dag.py:3229} INFO - Sync 1 DAGs
[2024-09-09T08:08:26.606+0000] {logging_mixin.py:190} INFO - [2024-09-09T08:08:26.606+0000] {dag.py:4156} INFO - Setting next_dagrun for example_complex to None, run_after=None
[2024-09-09T08:08:26.641+0000] {processor.py:208} INFO - Processing /home/airflow/.local/lib/python3.12/site-packages/airflow/example_dags/example_complex.py took 0.120 seconds
[2024-09-09T08:08:56.809+0000] {processor.py:186} INFO - Started process (PID=2862) to work on /home/airflow/.local/lib/python3.12/site-packages/airflow/example_dags/example_complex.py
[2024-09-09T08:08:56.810+0000] {processor.py:914} INFO - Processing file /home/airflow/.local/lib/python3.12/site-packages/airflow/example_dags/example_complex.py for tasks to queue
[2024-09-09T08:08:56.813+0000] {logging_mixin.py:190} INFO - [2024-09-09T08:08:56.813+0000] {dagbag.py:587} INFO - Filling up the DagBag from /home/airflow/.local/lib/python3.12/site-packages/airflow/example_dags/example_complex.py
[2024-09-09T08:08:56.825+0000] {processor.py:925} INFO - DAG(s) 'example_complex' retrieved from /home/airflow/.local/lib/python3.12/site-packages/airflow/example_dags/example_complex.py
[2024-09-09T08:08:56.858+0000] {logging_mixin.py:190} INFO - [2024-09-09T08:08:56.858+0000] {dag.py:3229} INFO - Sync 1 DAGs
[2024-09-09T08:08:56.873+0000] {logging_mixin.py:190} INFO - [2024-09-09T08:08:56.872+0000] {dag.py:4156} INFO - Setting next_dagrun for example_complex to None, run_after=None
[2024-09-09T08:08:56.896+0000] {processor.py:208} INFO - Processing /home/airflow/.local/lib/python3.12/site-packages/airflow/example_dags/example_complex.py took 0.094 seconds
[2024-09-09T08:09:27.612+0000] {processor.py:186} INFO - Started process (PID=3148) to work on /home/airflow/.local/lib/python3.12/site-packages/airflow/example_dags/example_complex.py
[2024-09-09T08:09:27.615+0000] {processor.py:914} INFO - Processing file /home/airflow/.local/lib/python3.12/site-packages/airflow/example_dags/example_complex.py for tasks to queue
[2024-09-09T08:09:27.621+0000] {logging_mixin.py:190} INFO - [2024-09-09T08:09:27.620+0000] {dagbag.py:587} INFO - Filling up the DagBag from /home/airflow/.local/lib/python3.12/site-packages/airflow/example_dags/example_complex.py
[2024-09-09T08:09:27.646+0000] {processor.py:925} INFO - DAG(s) 'example_complex' retrieved from /home/airflow/.local/lib/python3.12/site-packages/airflow/example_dags/example_complex.py
[2024-09-09T08:09:27.703+0000] {logging_mixin.py:190} INFO - [2024-09-09T08:09:27.703+0000] {dag.py:3229} INFO - Sync 1 DAGs
[2024-09-09T08:09:27.732+0000] {logging_mixin.py:190} INFO - [2024-09-09T08:09:27.731+0000] {dag.py:4156} INFO - Setting next_dagrun for example_complex to None, run_after=None
[2024-09-09T08:09:27.776+0000] {processor.py:208} INFO - Processing /home/airflow/.local/lib/python3.12/site-packages/airflow/example_dags/example_complex.py took 0.173 seconds
[2024-09-09T08:09:58.052+0000] {processor.py:186} INFO - Started process (PID=3434) to work on /home/airflow/.local/lib/python3.12/site-packages/airflow/example_dags/example_complex.py
[2024-09-09T08:09:58.053+0000] {processor.py:914} INFO - Processing file /home/airflow/.local/lib/python3.12/site-packages/airflow/example_dags/example_complex.py for tasks to queue
[2024-09-09T08:09:58.056+0000] {logging_mixin.py:190} INFO - [2024-09-09T08:09:58.056+0000] {dagbag.py:587} INFO - Filling up the DagBag from /home/airflow/.local/lib/python3.12/site-packages/airflow/example_dags/example_complex.py
[2024-09-09T08:09:58.067+0000] {processor.py:925} INFO - DAG(s) 'example_complex' retrieved from /home/airflow/.local/lib/python3.12/site-packages/airflow/example_dags/example_complex.py
[2024-09-09T08:09:58.100+0000] {logging_mixin.py:190} INFO - [2024-09-09T08:09:58.099+0000] {dag.py:3229} INFO - Sync 1 DAGs
[2024-09-09T08:09:58.113+0000] {logging_mixin.py:190} INFO - [2024-09-09T08:09:58.113+0000] {dag.py:4156} INFO - Setting next_dagrun for example_complex to None, run_after=None
[2024-09-09T08:09:58.135+0000] {processor.py:208} INFO - Processing /home/airflow/.local/lib/python3.12/site-packages/airflow/example_dags/example_complex.py took 0.089 seconds
[2024-09-09T08:10:28.705+0000] {processor.py:186} INFO - Started process (PID=3720) to work on /home/airflow/.local/lib/python3.12/site-packages/airflow/example_dags/example_complex.py
[2024-09-09T08:10:28.706+0000] {processor.py:914} INFO - Processing file /home/airflow/.local/lib/python3.12/site-packages/airflow/example_dags/example_complex.py for tasks to queue
[2024-09-09T08:10:28.710+0000] {logging_mixin.py:190} INFO - [2024-09-09T08:10:28.709+0000] {dagbag.py:587} INFO - Filling up the DagBag from /home/airflow/.local/lib/python3.12/site-packages/airflow/example_dags/example_complex.py
[2024-09-09T08:10:28.722+0000] {processor.py:925} INFO - DAG(s) 'example_complex' retrieved from /home/airflow/.local/lib/python3.12/site-packages/airflow/example_dags/example_complex.py
[2024-09-09T08:10:28.753+0000] {logging_mixin.py:190} INFO - [2024-09-09T08:10:28.753+0000] {dag.py:3229} INFO - Sync 1 DAGs
[2024-09-09T08:10:28.769+0000] {logging_mixin.py:190} INFO - [2024-09-09T08:10:28.768+0000] {dag.py:4156} INFO - Setting next_dagrun for example_complex to None, run_after=None
[2024-09-09T08:10:28.792+0000] {processor.py:208} INFO - Processing /home/airflow/.local/lib/python3.12/site-packages/airflow/example_dags/example_complex.py took 0.092 seconds
[2024-09-09T08:10:58.989+0000] {processor.py:186} INFO - Started process (PID=4006) to work on /home/airflow/.local/lib/python3.12/site-packages/airflow/example_dags/example_complex.py
[2024-09-09T08:10:58.990+0000] {processor.py:914} INFO - Processing file /home/airflow/.local/lib/python3.12/site-packages/airflow/example_dags/example_complex.py for tasks to queue
[2024-09-09T08:10:58.993+0000] {logging_mixin.py:190} INFO - [2024-09-09T08:10:58.992+0000] {dagbag.py:587} INFO - Filling up the DagBag from /home/airflow/.local/lib/python3.12/site-packages/airflow/example_dags/example_complex.py
[2024-09-09T08:10:59.007+0000] {processor.py:925} INFO - DAG(s) 'example_complex' retrieved from /home/airflow/.local/lib/python3.12/site-packages/airflow/example_dags/example_complex.py
[2024-09-09T08:10:59.044+0000] {logging_mixin.py:190} INFO - [2024-09-09T08:10:59.044+0000] {dag.py:3229} INFO - Sync 1 DAGs
[2024-09-09T08:10:59.061+0000] {logging_mixin.py:190} INFO - [2024-09-09T08:10:59.061+0000] {dag.py:4156} INFO - Setting next_dagrun for example_complex to None, run_after=None
[2024-09-09T08:10:59.085+0000] {processor.py:208} INFO - Processing /home/airflow/.local/lib/python3.12/site-packages/airflow/example_dags/example_complex.py took 0.101 seconds
[2024-09-09T08:11:29.817+0000] {processor.py:186} INFO - Started process (PID=4292) to work on /home/airflow/.local/lib/python3.12/site-packages/airflow/example_dags/example_complex.py
[2024-09-09T08:11:29.818+0000] {processor.py:914} INFO - Processing file /home/airflow/.local/lib/python3.12/site-packages/airflow/example_dags/example_complex.py for tasks to queue
[2024-09-09T08:11:29.820+0000] {logging_mixin.py:190} INFO - [2024-09-09T08:11:29.820+0000] {dagbag.py:587} INFO - Filling up the DagBag from /home/airflow/.local/lib/python3.12/site-packages/airflow/example_dags/example_complex.py
[2024-09-09T08:11:29.831+0000] {processor.py:925} INFO - DAG(s) 'example_complex' retrieved from /home/airflow/.local/lib/python3.12/site-packages/airflow/example_dags/example_complex.py
[2024-09-09T08:11:29.859+0000] {logging_mixin.py:190} INFO - [2024-09-09T08:11:29.858+0000] {dag.py:3229} INFO - Sync 1 DAGs
[2024-09-09T08:11:29.869+0000] {logging_mixin.py:190} INFO - [2024-09-09T08:11:29.869+0000] {dag.py:4156} INFO - Setting next_dagrun for example_complex to None, run_after=None
[2024-09-09T08:11:29.887+0000] {processor.py:208} INFO - Processing /home/airflow/.local/lib/python3.12/site-packages/airflow/example_dags/example_complex.py took 0.075 seconds
[2024-09-09T08:12:00.198+0000] {processor.py:186} INFO - Started process (PID=4576) to work on /home/airflow/.local/lib/python3.12/site-packages/airflow/example_dags/example_complex.py
[2024-09-09T08:12:00.199+0000] {processor.py:914} INFO - Processing file /home/airflow/.local/lib/python3.12/site-packages/airflow/example_dags/example_complex.py for tasks to queue
[2024-09-09T08:12:00.202+0000] {logging_mixin.py:190} INFO - [2024-09-09T08:12:00.201+0000] {dagbag.py:587} INFO - Filling up the DagBag from /home/airflow/.local/lib/python3.12/site-packages/airflow/example_dags/example_complex.py
[2024-09-09T08:12:00.215+0000] {processor.py:925} INFO - DAG(s) 'example_complex' retrieved from /home/airflow/.local/lib/python3.12/site-packages/airflow/example_dags/example_complex.py
[2024-09-09T08:12:00.245+0000] {logging_mixin.py:190} INFO - [2024-09-09T08:12:00.245+0000] {dag.py:3229} INFO - Sync 1 DAGs
[2024-09-09T08:12:00.258+0000] {logging_mixin.py:190} INFO - [2024-09-09T08:12:00.258+0000] {dag.py:4156} INFO - Setting next_dagrun for example_complex to None, run_after=None
[2024-09-09T08:12:00.282+0000] {processor.py:208} INFO - Processing /home/airflow/.local/lib/python3.12/site-packages/airflow/example_dags/example_complex.py took 0.090 seconds
[2024-09-09T08:12:30.783+0000] {processor.py:186} INFO - Started process (PID=4864) to work on /home/airflow/.local/lib/python3.12/site-packages/airflow/example_dags/example_complex.py
[2024-09-09T08:12:30.785+0000] {processor.py:914} INFO - Processing file /home/airflow/.local/lib/python3.12/site-packages/airflow/example_dags/example_complex.py for tasks to queue
[2024-09-09T08:12:30.787+0000] {logging_mixin.py:190} INFO - [2024-09-09T08:12:30.787+0000] {dagbag.py:587} INFO - Filling up the DagBag from /home/airflow/.local/lib/python3.12/site-packages/airflow/example_dags/example_complex.py
[2024-09-09T08:12:30.809+0000] {processor.py:925} INFO - DAG(s) 'example_complex' retrieved from /home/airflow/.local/lib/python3.12/site-packages/airflow/example_dags/example_complex.py
[2024-09-09T08:12:30.842+0000] {logging_mixin.py:190} INFO - [2024-09-09T08:12:30.841+0000] {dag.py:3229} INFO - Sync 1 DAGs
[2024-09-09T08:12:30.856+0000] {logging_mixin.py:190} INFO - [2024-09-09T08:12:30.856+0000] {dag.py:4156} INFO - Setting next_dagrun for example_complex to None, run_after=None
[2024-09-09T08:12:30.877+0000] {processor.py:208} INFO - Processing /home/airflow/.local/lib/python3.12/site-packages/airflow/example_dags/example_complex.py took 0.100 seconds
[2024-09-09T08:13:01.563+0000] {processor.py:186} INFO - Started process (PID=5150) to work on /home/airflow/.local/lib/python3.12/site-packages/airflow/example_dags/example_complex.py
[2024-09-09T08:13:01.564+0000] {processor.py:914} INFO - Processing file /home/airflow/.local/lib/python3.12/site-packages/airflow/example_dags/example_complex.py for tasks to queue
[2024-09-09T08:13:01.566+0000] {logging_mixin.py:190} INFO - [2024-09-09T08:13:01.566+0000] {dagbag.py:587} INFO - Filling up the DagBag from /home/airflow/.local/lib/python3.12/site-packages/airflow/example_dags/example_complex.py
[2024-09-09T08:13:01.576+0000] {processor.py:925} INFO - DAG(s) 'example_complex' retrieved from /home/airflow/.local/lib/python3.12/site-packages/airflow/example_dags/example_complex.py
[2024-09-09T08:13:01.609+0000] {logging_mixin.py:190} INFO - [2024-09-09T08:13:01.609+0000] {dag.py:3229} INFO - Sync 1 DAGs
[2024-09-09T08:13:01.624+0000] {logging_mixin.py:190} INFO - [2024-09-09T08:13:01.624+0000] {dag.py:4156} INFO - Setting next_dagrun for example_complex to None, run_after=None
[2024-09-09T08:13:01.644+0000] {processor.py:208} INFO - Processing /home/airflow/.local/lib/python3.12/site-packages/airflow/example_dags/example_complex.py took 0.086 seconds
[2024-09-09T08:13:32.508+0000] {processor.py:186} INFO - Started process (PID=5436) to work on /home/airflow/.local/lib/python3.12/site-packages/airflow/example_dags/example_complex.py
[2024-09-09T08:13:32.509+0000] {processor.py:914} INFO - Processing file /home/airflow/.local/lib/python3.12/site-packages/airflow/example_dags/example_complex.py for tasks to queue
[2024-09-09T08:13:32.511+0000] {logging_mixin.py:190} INFO - [2024-09-09T08:13:32.511+0000] {dagbag.py:587} INFO - Filling up the DagBag from /home/airflow/.local/lib/python3.12/site-packages/airflow/example_dags/example_complex.py
[2024-09-09T08:13:32.522+0000] {processor.py:925} INFO - DAG(s) 'example_complex' retrieved from /home/airflow/.local/lib/python3.12/site-packages/airflow/example_dags/example_complex.py
[2024-09-09T08:13:32.555+0000] {logging_mixin.py:190} INFO - [2024-09-09T08:13:32.555+0000] {dag.py:3229} INFO - Sync 1 DAGs
[2024-09-09T08:13:32.573+0000] {logging_mixin.py:190} INFO - [2024-09-09T08:13:32.573+0000] {dag.py:4156} INFO - Setting next_dagrun for example_complex to None, run_after=None
[2024-09-09T08:13:32.592+0000] {processor.py:208} INFO - Processing /home/airflow/.local/lib/python3.12/site-packages/airflow/example_dags/example_complex.py took 0.089 seconds
[2024-09-09T08:14:03.350+0000] {processor.py:186} INFO - Started process (PID=5722) to work on /home/airflow/.local/lib/python3.12/site-packages/airflow/example_dags/example_complex.py
[2024-09-09T08:14:03.351+0000] {processor.py:914} INFO - Processing file /home/airflow/.local/lib/python3.12/site-packages/airflow/example_dags/example_complex.py for tasks to queue
[2024-09-09T08:14:03.353+0000] {logging_mixin.py:190} INFO - [2024-09-09T08:14:03.353+0000] {dagbag.py:587} INFO - Filling up the DagBag from /home/airflow/.local/lib/python3.12/site-packages/airflow/example_dags/example_complex.py
[2024-09-09T08:14:03.363+0000] {processor.py:925} INFO - DAG(s) 'example_complex' retrieved from /home/airflow/.local/lib/python3.12/site-packages/airflow/example_dags/example_complex.py
[2024-09-09T08:14:03.389+0000] {logging_mixin.py:190} INFO - [2024-09-09T08:14:03.388+0000] {dag.py:3229} INFO - Sync 1 DAGs
[2024-09-09T08:14:03.400+0000] {logging_mixin.py:190} INFO - [2024-09-09T08:14:03.400+0000] {dag.py:4156} INFO - Setting next_dagrun for example_complex to None, run_after=None
[2024-09-09T08:14:03.421+0000] {processor.py:208} INFO - Processing /home/airflow/.local/lib/python3.12/site-packages/airflow/example_dags/example_complex.py took 0.076 seconds
[2024-09-09T08:14:34.285+0000] {processor.py:186} INFO - Started process (PID=6008) to work on /home/airflow/.local/lib/python3.12/site-packages/airflow/example_dags/example_complex.py
[2024-09-09T08:14:34.286+0000] {processor.py:914} INFO - Processing file /home/airflow/.local/lib/python3.12/site-packages/airflow/example_dags/example_complex.py for tasks to queue
[2024-09-09T08:14:34.288+0000] {logging_mixin.py:190} INFO - [2024-09-09T08:14:34.287+0000] {dagbag.py:587} INFO - Filling up the DagBag from /home/airflow/.local/lib/python3.12/site-packages/airflow/example_dags/example_complex.py
[2024-09-09T08:14:34.297+0000] {processor.py:925} INFO - DAG(s) 'example_complex' retrieved from /home/airflow/.local/lib/python3.12/site-packages/airflow/example_dags/example_complex.py
[2024-09-09T08:14:34.323+0000] {logging_mixin.py:190} INFO - [2024-09-09T08:14:34.323+0000] {dag.py:3229} INFO - Sync 1 DAGs
[2024-09-09T08:14:34.334+0000] {logging_mixin.py:190} INFO - [2024-09-09T08:14:34.334+0000] {dag.py:4156} INFO - Setting next_dagrun for example_complex to None, run_after=None
[2024-09-09T08:14:34.350+0000] {processor.py:208} INFO - Processing /home/airflow/.local/lib/python3.12/site-packages/airflow/example_dags/example_complex.py took 0.070 seconds
[2024-09-09T08:15:05.646+0000] {processor.py:186} INFO - Started process (PID=6294) to work on /home/airflow/.local/lib/python3.12/site-packages/airflow/example_dags/example_complex.py
[2024-09-09T08:15:05.647+0000] {processor.py:914} INFO - Processing file /home/airflow/.local/lib/python3.12/site-packages/airflow/example_dags/example_complex.py for tasks to queue
[2024-09-09T08:15:05.655+0000] {logging_mixin.py:190} INFO - [2024-09-09T08:15:05.654+0000] {dagbag.py:587} INFO - Filling up the DagBag from /home/airflow/.local/lib/python3.12/site-packages/airflow/example_dags/example_complex.py
[2024-09-09T08:15:05.675+0000] {processor.py:925} INFO - DAG(s) 'example_complex' retrieved from /home/airflow/.local/lib/python3.12/site-packages/airflow/example_dags/example_complex.py
[2024-09-09T08:15:05.723+0000] {logging_mixin.py:190} INFO - [2024-09-09T08:15:05.722+0000] {dag.py:3229} INFO - Sync 1 DAGs
[2024-09-09T08:15:05.741+0000] {logging_mixin.py:190} INFO - [2024-09-09T08:15:05.741+0000] {dag.py:4156} INFO - Setting next_dagrun for example_complex to None, run_after=None
[2024-09-09T08:15:05.773+0000] {processor.py:208} INFO - Processing /home/airflow/.local/lib/python3.12/site-packages/airflow/example_dags/example_complex.py took 0.135 seconds
[2024-09-09T08:15:36.238+0000] {processor.py:186} INFO - Started process (PID=6583) to work on /home/airflow/.local/lib/python3.12/site-packages/airflow/example_dags/example_complex.py
[2024-09-09T08:15:36.246+0000] {processor.py:914} INFO - Processing file /home/airflow/.local/lib/python3.12/site-packages/airflow/example_dags/example_complex.py for tasks to queue
[2024-09-09T08:15:36.259+0000] {logging_mixin.py:190} INFO - [2024-09-09T08:15:36.258+0000] {dagbag.py:587} INFO - Filling up the DagBag from /home/airflow/.local/lib/python3.12/site-packages/airflow/example_dags/example_complex.py
[2024-09-09T08:15:36.287+0000] {processor.py:925} INFO - DAG(s) 'example_complex' retrieved from /home/airflow/.local/lib/python3.12/site-packages/airflow/example_dags/example_complex.py
[2024-09-09T08:15:36.344+0000] {logging_mixin.py:190} INFO - [2024-09-09T08:15:36.344+0000] {dag.py:3229} INFO - Sync 1 DAGs
[2024-09-09T08:15:36.365+0000] {logging_mixin.py:190} INFO - [2024-09-09T08:15:36.365+0000] {dag.py:4156} INFO - Setting next_dagrun for example_complex to None, run_after=None
[2024-09-09T08:15:36.396+0000] {processor.py:208} INFO - Processing /home/airflow/.local/lib/python3.12/site-packages/airflow/example_dags/example_complex.py took 0.169 seconds
[2024-09-09T08:16:06.537+0000] {processor.py:186} INFO - Started process (PID=6871) to work on /home/airflow/.local/lib/python3.12/site-packages/airflow/example_dags/example_complex.py
[2024-09-09T08:16:06.538+0000] {processor.py:914} INFO - Processing file /home/airflow/.local/lib/python3.12/site-packages/airflow/example_dags/example_complex.py for tasks to queue
[2024-09-09T08:16:06.540+0000] {logging_mixin.py:190} INFO - [2024-09-09T08:16:06.540+0000] {dagbag.py:587} INFO - Filling up the DagBag from /home/airflow/.local/lib/python3.12/site-packages/airflow/example_dags/example_complex.py
[2024-09-09T08:16:06.551+0000] {processor.py:925} INFO - DAG(s) 'example_complex' retrieved from /home/airflow/.local/lib/python3.12/site-packages/airflow/example_dags/example_complex.py
[2024-09-09T08:16:06.580+0000] {logging_mixin.py:190} INFO - [2024-09-09T08:16:06.580+0000] {dag.py:3229} INFO - Sync 1 DAGs
[2024-09-09T08:16:06.592+0000] {logging_mixin.py:190} INFO - [2024-09-09T08:16:06.592+0000] {dag.py:4156} INFO - Setting next_dagrun for example_complex to None, run_after=None
[2024-09-09T08:16:06.613+0000] {processor.py:208} INFO - Processing /home/airflow/.local/lib/python3.12/site-packages/airflow/example_dags/example_complex.py took 0.081 seconds
[2024-09-09T08:16:37.657+0000] {processor.py:186} INFO - Started process (PID=7155) to work on /home/airflow/.local/lib/python3.12/site-packages/airflow/example_dags/example_complex.py
[2024-09-09T08:16:37.658+0000] {processor.py:914} INFO - Processing file /home/airflow/.local/lib/python3.12/site-packages/airflow/example_dags/example_complex.py for tasks to queue
[2024-09-09T08:16:37.661+0000] {logging_mixin.py:190} INFO - [2024-09-09T08:16:37.661+0000] {dagbag.py:587} INFO - Filling up the DagBag from /home/airflow/.local/lib/python3.12/site-packages/airflow/example_dags/example_complex.py
[2024-09-09T08:16:37.677+0000] {processor.py:925} INFO - DAG(s) 'example_complex' retrieved from /home/airflow/.local/lib/python3.12/site-packages/airflow/example_dags/example_complex.py
[2024-09-09T08:16:37.743+0000] {logging_mixin.py:190} INFO - [2024-09-09T08:16:37.743+0000] {dag.py:3229} INFO - Sync 1 DAGs
[2024-09-09T08:16:37.762+0000] {logging_mixin.py:190} INFO - [2024-09-09T08:16:37.762+0000] {dag.py:4156} INFO - Setting next_dagrun for example_complex to None, run_after=None
[2024-09-09T08:16:37.793+0000] {processor.py:208} INFO - Processing /home/airflow/.local/lib/python3.12/site-packages/airflow/example_dags/example_complex.py took 0.146 seconds
[2024-09-09T08:17:08.822+0000] {processor.py:186} INFO - Started process (PID=7441) to work on /home/airflow/.local/lib/python3.12/site-packages/airflow/example_dags/example_complex.py
[2024-09-09T08:17:08.823+0000] {processor.py:914} INFO - Processing file /home/airflow/.local/lib/python3.12/site-packages/airflow/example_dags/example_complex.py for tasks to queue
[2024-09-09T08:17:08.827+0000] {logging_mixin.py:190} INFO - [2024-09-09T08:17:08.826+0000] {dagbag.py:587} INFO - Filling up the DagBag from /home/airflow/.local/lib/python3.12/site-packages/airflow/example_dags/example_complex.py
[2024-09-09T08:17:08.851+0000] {processor.py:925} INFO - DAG(s) 'example_complex' retrieved from /home/airflow/.local/lib/python3.12/site-packages/airflow/example_dags/example_complex.py
[2024-09-09T08:17:08.898+0000] {logging_mixin.py:190} INFO - [2024-09-09T08:17:08.898+0000] {dag.py:3229} INFO - Sync 1 DAGs
[2024-09-09T08:17:08.918+0000] {logging_mixin.py:190} INFO - [2024-09-09T08:17:08.918+0000] {dag.py:4156} INFO - Setting next_dagrun for example_complex to None, run_after=None
[2024-09-09T08:17:08.942+0000] {processor.py:208} INFO - Processing /home/airflow/.local/lib/python3.12/site-packages/airflow/example_dags/example_complex.py took 0.129 seconds
[2024-09-09T08:17:39.358+0000] {processor.py:186} INFO - Started process (PID=7727) to work on /home/airflow/.local/lib/python3.12/site-packages/airflow/example_dags/example_complex.py
[2024-09-09T08:17:39.359+0000] {processor.py:914} INFO - Processing file /home/airflow/.local/lib/python3.12/site-packages/airflow/example_dags/example_complex.py for tasks to queue
[2024-09-09T08:17:39.364+0000] {logging_mixin.py:190} INFO - [2024-09-09T08:17:39.363+0000] {dagbag.py:587} INFO - Filling up the DagBag from /home/airflow/.local/lib/python3.12/site-packages/airflow/example_dags/example_complex.py
[2024-09-09T08:17:39.382+0000] {processor.py:925} INFO - DAG(s) 'example_complex' retrieved from /home/airflow/.local/lib/python3.12/site-packages/airflow/example_dags/example_complex.py
[2024-09-09T08:17:39.421+0000] {logging_mixin.py:190} INFO - [2024-09-09T08:17:39.420+0000] {dag.py:3229} INFO - Sync 1 DAGs
[2024-09-09T08:17:39.434+0000] {logging_mixin.py:190} INFO - [2024-09-09T08:17:39.434+0000] {dag.py:4156} INFO - Setting next_dagrun for example_complex to None, run_after=None
[2024-09-09T08:17:39.455+0000] {processor.py:208} INFO - Processing /home/airflow/.local/lib/python3.12/site-packages/airflow/example_dags/example_complex.py took 0.105 seconds
[2024-09-09T08:18:09.942+0000] {processor.py:186} INFO - Started process (PID=8013) to work on /home/airflow/.local/lib/python3.12/site-packages/airflow/example_dags/example_complex.py
[2024-09-09T08:18:09.943+0000] {processor.py:914} INFO - Processing file /home/airflow/.local/lib/python3.12/site-packages/airflow/example_dags/example_complex.py for tasks to queue
[2024-09-09T08:18:09.946+0000] {logging_mixin.py:190} INFO - [2024-09-09T08:18:09.945+0000] {dagbag.py:587} INFO - Filling up the DagBag from /home/airflow/.local/lib/python3.12/site-packages/airflow/example_dags/example_complex.py
[2024-09-09T08:18:09.956+0000] {processor.py:925} INFO - DAG(s) 'example_complex' retrieved from /home/airflow/.local/lib/python3.12/site-packages/airflow/example_dags/example_complex.py
[2024-09-09T08:18:09.985+0000] {logging_mixin.py:190} INFO - [2024-09-09T08:18:09.984+0000] {dag.py:3229} INFO - Sync 1 DAGs
[2024-09-09T08:18:09.999+0000] {logging_mixin.py:190} INFO - [2024-09-09T08:18:09.999+0000] {dag.py:4156} INFO - Setting next_dagrun for example_complex to None, run_after=None
[2024-09-09T08:18:10.019+0000] {processor.py:208} INFO - Processing /home/airflow/.local/lib/python3.12/site-packages/airflow/example_dags/example_complex.py took 0.084 seconds
[2024-09-09T08:18:40.499+0000] {processor.py:186} INFO - Started process (PID=8299) to work on /home/airflow/.local/lib/python3.12/site-packages/airflow/example_dags/example_complex.py
[2024-09-09T08:18:40.501+0000] {processor.py:914} INFO - Processing file /home/airflow/.local/lib/python3.12/site-packages/airflow/example_dags/example_complex.py for tasks to queue
[2024-09-09T08:18:40.504+0000] {logging_mixin.py:190} INFO - [2024-09-09T08:18:40.503+0000] {dagbag.py:587} INFO - Filling up the DagBag from /home/airflow/.local/lib/python3.12/site-packages/airflow/example_dags/example_complex.py
[2024-09-09T08:18:40.517+0000] {processor.py:925} INFO - DAG(s) 'example_complex' retrieved from /home/airflow/.local/lib/python3.12/site-packages/airflow/example_dags/example_complex.py
[2024-09-09T08:18:40.552+0000] {logging_mixin.py:190} INFO - [2024-09-09T08:18:40.552+0000] {dag.py:3229} INFO - Sync 1 DAGs
[2024-09-09T08:18:40.569+0000] {logging_mixin.py:190} INFO - [2024-09-09T08:18:40.569+0000] {dag.py:4156} INFO - Setting next_dagrun for example_complex to None, run_after=None
[2024-09-09T08:18:40.592+0000] {processor.py:208} INFO - Processing /home/airflow/.local/lib/python3.12/site-packages/airflow/example_dags/example_complex.py took 0.102 seconds
[2024-09-09T08:19:10.642+0000] {processor.py:186} INFO - Started process (PID=8585) to work on /home/airflow/.local/lib/python3.12/site-packages/airflow/example_dags/example_complex.py
[2024-09-09T08:19:10.643+0000] {processor.py:914} INFO - Processing file /home/airflow/.local/lib/python3.12/site-packages/airflow/example_dags/example_complex.py for tasks to queue
[2024-09-09T08:19:10.646+0000] {logging_mixin.py:190} INFO - [2024-09-09T08:19:10.646+0000] {dagbag.py:587} INFO - Filling up the DagBag from /home/airflow/.local/lib/python3.12/site-packages/airflow/example_dags/example_complex.py
[2024-09-09T08:19:10.661+0000] {processor.py:925} INFO - DAG(s) 'example_complex' retrieved from /home/airflow/.local/lib/python3.12/site-packages/airflow/example_dags/example_complex.py
[2024-09-09T08:19:10.693+0000] {logging_mixin.py:190} INFO - [2024-09-09T08:19:10.693+0000] {dag.py:3229} INFO - Sync 1 DAGs
[2024-09-09T08:19:10.707+0000] {logging_mixin.py:190} INFO - [2024-09-09T08:19:10.707+0000] {dag.py:4156} INFO - Setting next_dagrun for example_complex to None, run_after=None
[2024-09-09T08:19:10.728+0000] {processor.py:208} INFO - Processing /home/airflow/.local/lib/python3.12/site-packages/airflow/example_dags/example_complex.py took 0.092 seconds
[2024-09-09T08:19:41.107+0000] {processor.py:186} INFO - Started process (PID=8873) to work on /home/airflow/.local/lib/python3.12/site-packages/airflow/example_dags/example_complex.py
[2024-09-09T08:19:41.109+0000] {processor.py:914} INFO - Processing file /home/airflow/.local/lib/python3.12/site-packages/airflow/example_dags/example_complex.py for tasks to queue
[2024-09-09T08:19:41.112+0000] {logging_mixin.py:190} INFO - [2024-09-09T08:19:41.111+0000] {dagbag.py:587} INFO - Filling up the DagBag from /home/airflow/.local/lib/python3.12/site-packages/airflow/example_dags/example_complex.py
[2024-09-09T08:19:41.132+0000] {processor.py:925} INFO - DAG(s) 'example_complex' retrieved from /home/airflow/.local/lib/python3.12/site-packages/airflow/example_dags/example_complex.py
[2024-09-09T08:19:41.178+0000] {logging_mixin.py:190} INFO - [2024-09-09T08:19:41.177+0000] {dag.py:3229} INFO - Sync 1 DAGs
[2024-09-09T08:19:41.195+0000] {logging_mixin.py:190} INFO - [2024-09-09T08:19:41.195+0000] {dag.py:4156} INFO - Setting next_dagrun for example_complex to None, run_after=None
[2024-09-09T08:19:41.217+0000] {processor.py:208} INFO - Processing /home/airflow/.local/lib/python3.12/site-packages/airflow/example_dags/example_complex.py took 0.120 seconds
[2024-09-09T08:20:11.900+0000] {processor.py:186} INFO - Started process (PID=9157) to work on /home/airflow/.local/lib/python3.12/site-packages/airflow/example_dags/example_complex.py
[2024-09-09T08:20:11.921+0000] {processor.py:914} INFO - Processing file /home/airflow/.local/lib/python3.12/site-packages/airflow/example_dags/example_complex.py for tasks to queue
[2024-09-09T08:20:11.929+0000] {logging_mixin.py:190} INFO - [2024-09-09T08:20:11.928+0000] {dagbag.py:587} INFO - Filling up the DagBag from /home/airflow/.local/lib/python3.12/site-packages/airflow/example_dags/example_complex.py
[2024-09-09T08:20:11.951+0000] {processor.py:925} INFO - DAG(s) 'example_complex' retrieved from /home/airflow/.local/lib/python3.12/site-packages/airflow/example_dags/example_complex.py
[2024-09-09T08:20:11.980+0000] {logging_mixin.py:190} INFO - [2024-09-09T08:20:11.980+0000] {dag.py:3229} INFO - Sync 1 DAGs
[2024-09-09T08:20:11.991+0000] {logging_mixin.py:190} INFO - [2024-09-09T08:20:11.991+0000] {dag.py:4156} INFO - Setting next_dagrun for example_complex to None, run_after=None
[2024-09-09T08:20:12.009+0000] {processor.py:208} INFO - Processing /home/airflow/.local/lib/python3.12/site-packages/airflow/example_dags/example_complex.py took 0.130 seconds
[2024-09-09T08:20:42.175+0000] {processor.py:186} INFO - Started process (PID=9449) to work on /home/airflow/.local/lib/python3.12/site-packages/airflow/example_dags/example_complex.py
[2024-09-09T08:20:42.176+0000] {processor.py:914} INFO - Processing file /home/airflow/.local/lib/python3.12/site-packages/airflow/example_dags/example_complex.py for tasks to queue
[2024-09-09T08:20:42.178+0000] {logging_mixin.py:190} INFO - [2024-09-09T08:20:42.178+0000] {dagbag.py:587} INFO - Filling up the DagBag from /home/airflow/.local/lib/python3.12/site-packages/airflow/example_dags/example_complex.py
[2024-09-09T08:20:42.187+0000] {processor.py:925} INFO - DAG(s) 'example_complex' retrieved from /home/airflow/.local/lib/python3.12/site-packages/airflow/example_dags/example_complex.py
[2024-09-09T08:20:42.216+0000] {logging_mixin.py:190} INFO - [2024-09-09T08:20:42.216+0000] {dag.py:3229} INFO - Sync 1 DAGs
[2024-09-09T08:20:42.230+0000] {logging_mixin.py:190} INFO - [2024-09-09T08:20:42.230+0000] {dag.py:4156} INFO - Setting next_dagrun for example_complex to None, run_after=None
[2024-09-09T08:20:42.248+0000] {processor.py:208} INFO - Processing /home/airflow/.local/lib/python3.12/site-packages/airflow/example_dags/example_complex.py took 0.077 seconds
[2024-09-09T08:21:12.669+0000] {processor.py:186} INFO - Started process (PID=9735) to work on /home/airflow/.local/lib/python3.12/site-packages/airflow/example_dags/example_complex.py
[2024-09-09T08:21:12.670+0000] {processor.py:914} INFO - Processing file /home/airflow/.local/lib/python3.12/site-packages/airflow/example_dags/example_complex.py for tasks to queue
[2024-09-09T08:21:12.672+0000] {logging_mixin.py:190} INFO - [2024-09-09T08:21:12.671+0000] {dagbag.py:587} INFO - Filling up the DagBag from /home/airflow/.local/lib/python3.12/site-packages/airflow/example_dags/example_complex.py
[2024-09-09T08:21:12.681+0000] {processor.py:925} INFO - DAG(s) 'example_complex' retrieved from /home/airflow/.local/lib/python3.12/site-packages/airflow/example_dags/example_complex.py
[2024-09-09T08:21:12.714+0000] {logging_mixin.py:190} INFO - [2024-09-09T08:21:12.714+0000] {dag.py:3229} INFO - Sync 1 DAGs
[2024-09-09T08:21:12.727+0000] {logging_mixin.py:190} INFO - [2024-09-09T08:21:12.726+0000] {dag.py:4156} INFO - Setting next_dagrun for example_complex to None, run_after=None
[2024-09-09T08:21:12.745+0000] {processor.py:208} INFO - Processing /home/airflow/.local/lib/python3.12/site-packages/airflow/example_dags/example_complex.py took 0.081 seconds
[2024-09-09T08:21:43.429+0000] {processor.py:186} INFO - Started process (PID=10021) to work on /home/airflow/.local/lib/python3.12/site-packages/airflow/example_dags/example_complex.py
[2024-09-09T08:21:43.430+0000] {processor.py:914} INFO - Processing file /home/airflow/.local/lib/python3.12/site-packages/airflow/example_dags/example_complex.py for tasks to queue
[2024-09-09T08:21:43.432+0000] {logging_mixin.py:190} INFO - [2024-09-09T08:21:43.432+0000] {dagbag.py:587} INFO - Filling up the DagBag from /home/airflow/.local/lib/python3.12/site-packages/airflow/example_dags/example_complex.py
[2024-09-09T08:21:43.442+0000] {processor.py:925} INFO - DAG(s) 'example_complex' retrieved from /home/airflow/.local/lib/python3.12/site-packages/airflow/example_dags/example_complex.py
[2024-09-09T08:21:43.473+0000] {logging_mixin.py:190} INFO - [2024-09-09T08:21:43.472+0000] {dag.py:3229} INFO - Sync 1 DAGs
[2024-09-09T08:21:43.488+0000] {logging_mixin.py:190} INFO - [2024-09-09T08:21:43.488+0000] {dag.py:4156} INFO - Setting next_dagrun for example_complex to None, run_after=None
[2024-09-09T08:21:43.508+0000] {processor.py:208} INFO - Processing /home/airflow/.local/lib/python3.12/site-packages/airflow/example_dags/example_complex.py took 0.083 seconds
[2024-09-09T08:22:14.273+0000] {processor.py:186} INFO - Started process (PID=10307) to work on /home/airflow/.local/lib/python3.12/site-packages/airflow/example_dags/example_complex.py
[2024-09-09T08:22:14.274+0000] {processor.py:914} INFO - Processing file /home/airflow/.local/lib/python3.12/site-packages/airflow/example_dags/example_complex.py for tasks to queue
[2024-09-09T08:22:14.276+0000] {logging_mixin.py:190} INFO - [2024-09-09T08:22:14.276+0000] {dagbag.py:587} INFO - Filling up the DagBag from /home/airflow/.local/lib/python3.12/site-packages/airflow/example_dags/example_complex.py
[2024-09-09T08:22:14.289+0000] {processor.py:925} INFO - DAG(s) 'example_complex' retrieved from /home/airflow/.local/lib/python3.12/site-packages/airflow/example_dags/example_complex.py
[2024-09-09T08:22:14.315+0000] {logging_mixin.py:190} INFO - [2024-09-09T08:22:14.315+0000] {dag.py:3229} INFO - Sync 1 DAGs
[2024-09-09T08:22:14.327+0000] {logging_mixin.py:190} INFO - [2024-09-09T08:22:14.327+0000] {dag.py:4156} INFO - Setting next_dagrun for example_complex to None, run_after=None
[2024-09-09T08:22:14.344+0000] {processor.py:208} INFO - Processing /home/airflow/.local/lib/python3.12/site-packages/airflow/example_dags/example_complex.py took 0.076 seconds
[2024-09-09T08:22:45.246+0000] {processor.py:186} INFO - Started process (PID=10593) to work on /home/airflow/.local/lib/python3.12/site-packages/airflow/example_dags/example_complex.py
[2024-09-09T08:22:45.248+0000] {processor.py:914} INFO - Processing file /home/airflow/.local/lib/python3.12/site-packages/airflow/example_dags/example_complex.py for tasks to queue
[2024-09-09T08:22:45.252+0000] {logging_mixin.py:190} INFO - [2024-09-09T08:22:45.251+0000] {dagbag.py:587} INFO - Filling up the DagBag from /home/airflow/.local/lib/python3.12/site-packages/airflow/example_dags/example_complex.py
[2024-09-09T08:22:45.267+0000] {processor.py:925} INFO - DAG(s) 'example_complex' retrieved from /home/airflow/.local/lib/python3.12/site-packages/airflow/example_dags/example_complex.py
[2024-09-09T08:22:45.318+0000] {logging_mixin.py:190} INFO - [2024-09-09T08:22:45.317+0000] {dag.py:3229} INFO - Sync 1 DAGs
[2024-09-09T08:22:45.346+0000] {logging_mixin.py:190} INFO - [2024-09-09T08:22:45.346+0000] {dag.py:4156} INFO - Setting next_dagrun for example_complex to None, run_after=None
[2024-09-09T08:22:45.382+0000] {processor.py:208} INFO - Processing /home/airflow/.local/lib/python3.12/site-packages/airflow/example_dags/example_complex.py took 0.149 seconds
[2024-09-09T08:23:15.726+0000] {processor.py:186} INFO - Started process (PID=10881) to work on /home/airflow/.local/lib/python3.12/site-packages/airflow/example_dags/example_complex.py
[2024-09-09T08:23:15.727+0000] {processor.py:914} INFO - Processing file /home/airflow/.local/lib/python3.12/site-packages/airflow/example_dags/example_complex.py for tasks to queue
[2024-09-09T08:23:15.729+0000] {logging_mixin.py:190} INFO - [2024-09-09T08:23:15.728+0000] {dagbag.py:587} INFO - Filling up the DagBag from /home/airflow/.local/lib/python3.12/site-packages/airflow/example_dags/example_complex.py
[2024-09-09T08:23:15.738+0000] {processor.py:925} INFO - DAG(s) 'example_complex' retrieved from /home/airflow/.local/lib/python3.12/site-packages/airflow/example_dags/example_complex.py
[2024-09-09T08:23:15.765+0000] {logging_mixin.py:190} INFO - [2024-09-09T08:23:15.765+0000] {dag.py:3229} INFO - Sync 1 DAGs
[2024-09-09T08:23:15.776+0000] {logging_mixin.py:190} INFO - [2024-09-09T08:23:15.776+0000] {dag.py:4156} INFO - Setting next_dagrun for example_complex to None, run_after=None
[2024-09-09T08:23:15.795+0000] {processor.py:208} INFO - Processing /home/airflow/.local/lib/python3.12/site-packages/airflow/example_dags/example_complex.py took 0.074 seconds
[2024-09-09T08:23:46.768+0000] {processor.py:186} INFO - Started process (PID=11167) to work on /home/airflow/.local/lib/python3.12/site-packages/airflow/example_dags/example_complex.py
[2024-09-09T08:23:46.769+0000] {processor.py:914} INFO - Processing file /home/airflow/.local/lib/python3.12/site-packages/airflow/example_dags/example_complex.py for tasks to queue
[2024-09-09T08:23:46.772+0000] {logging_mixin.py:190} INFO - [2024-09-09T08:23:46.771+0000] {dagbag.py:587} INFO - Filling up the DagBag from /home/airflow/.local/lib/python3.12/site-packages/airflow/example_dags/example_complex.py
[2024-09-09T08:23:46.782+0000] {processor.py:925} INFO - DAG(s) 'example_complex' retrieved from /home/airflow/.local/lib/python3.12/site-packages/airflow/example_dags/example_complex.py
[2024-09-09T08:23:46.808+0000] {logging_mixin.py:190} INFO - [2024-09-09T08:23:46.808+0000] {dag.py:3229} INFO - Sync 1 DAGs
[2024-09-09T08:23:46.820+0000] {logging_mixin.py:190} INFO - [2024-09-09T08:23:46.820+0000] {dag.py:4156} INFO - Setting next_dagrun for example_complex to None, run_after=None
[2024-09-09T08:23:46.838+0000] {processor.py:208} INFO - Processing /home/airflow/.local/lib/python3.12/site-packages/airflow/example_dags/example_complex.py took 0.075 seconds
[2024-09-09T08:24:17.190+0000] {processor.py:186} INFO - Started process (PID=11451) to work on /home/airflow/.local/lib/python3.12/site-packages/airflow/example_dags/example_complex.py
[2024-09-09T08:24:17.191+0000] {processor.py:914} INFO - Processing file /home/airflow/.local/lib/python3.12/site-packages/airflow/example_dags/example_complex.py for tasks to queue
[2024-09-09T08:24:17.194+0000] {logging_mixin.py:190} INFO - [2024-09-09T08:24:17.193+0000] {dagbag.py:587} INFO - Filling up the DagBag from /home/airflow/.local/lib/python3.12/site-packages/airflow/example_dags/example_complex.py
[2024-09-09T08:24:17.205+0000] {processor.py:925} INFO - DAG(s) 'example_complex' retrieved from /home/airflow/.local/lib/python3.12/site-packages/airflow/example_dags/example_complex.py
[2024-09-09T08:24:17.237+0000] {logging_mixin.py:190} INFO - [2024-09-09T08:24:17.236+0000] {dag.py:3229} INFO - Sync 1 DAGs
[2024-09-09T08:24:17.253+0000] {logging_mixin.py:190} INFO - [2024-09-09T08:24:17.253+0000] {dag.py:4156} INFO - Setting next_dagrun for example_complex to None, run_after=None
[2024-09-09T08:24:17.274+0000] {processor.py:208} INFO - Processing /home/airflow/.local/lib/python3.12/site-packages/airflow/example_dags/example_complex.py took 0.089 seconds
[2024-09-09T08:24:47.405+0000] {processor.py:186} INFO - Started process (PID=11737) to work on /home/airflow/.local/lib/python3.12/site-packages/airflow/example_dags/example_complex.py
[2024-09-09T08:24:47.405+0000] {processor.py:914} INFO - Processing file /home/airflow/.local/lib/python3.12/site-packages/airflow/example_dags/example_complex.py for tasks to queue
[2024-09-09T08:24:47.407+0000] {logging_mixin.py:190} INFO - [2024-09-09T08:24:47.407+0000] {dagbag.py:587} INFO - Filling up the DagBag from /home/airflow/.local/lib/python3.12/site-packages/airflow/example_dags/example_complex.py
[2024-09-09T08:24:47.420+0000] {processor.py:925} INFO - DAG(s) 'example_complex' retrieved from /home/airflow/.local/lib/python3.12/site-packages/airflow/example_dags/example_complex.py
[2024-09-09T08:24:47.448+0000] {logging_mixin.py:190} INFO - [2024-09-09T08:24:47.447+0000] {dag.py:3229} INFO - Sync 1 DAGs
[2024-09-09T08:24:47.459+0000] {logging_mixin.py:190} INFO - [2024-09-09T08:24:47.459+0000] {dag.py:4156} INFO - Setting next_dagrun for example_complex to None, run_after=None
[2024-09-09T08:24:47.478+0000] {processor.py:208} INFO - Processing /home/airflow/.local/lib/python3.12/site-packages/airflow/example_dags/example_complex.py took 0.078 seconds
[2024-09-09T08:25:18.018+0000] {processor.py:186} INFO - Started process (PID=12023) to work on /home/airflow/.local/lib/python3.12/site-packages/airflow/example_dags/example_complex.py
[2024-09-09T08:25:18.019+0000] {processor.py:914} INFO - Processing file /home/airflow/.local/lib/python3.12/site-packages/airflow/example_dags/example_complex.py for tasks to queue
[2024-09-09T08:25:18.022+0000] {logging_mixin.py:190} INFO - [2024-09-09T08:25:18.021+0000] {dagbag.py:587} INFO - Filling up the DagBag from /home/airflow/.local/lib/python3.12/site-packages/airflow/example_dags/example_complex.py
[2024-09-09T08:25:18.052+0000] {processor.py:925} INFO - DAG(s) 'example_complex' retrieved from /home/airflow/.local/lib/python3.12/site-packages/airflow/example_dags/example_complex.py
[2024-09-09T08:25:18.098+0000] {logging_mixin.py:190} INFO - [2024-09-09T08:25:18.098+0000] {dag.py:3229} INFO - Sync 1 DAGs
[2024-09-09T08:25:18.111+0000] {logging_mixin.py:190} INFO - [2024-09-09T08:25:18.111+0000] {dag.py:4156} INFO - Setting next_dagrun for example_complex to None, run_after=None
[2024-09-09T08:25:18.131+0000] {processor.py:208} INFO - Processing /home/airflow/.local/lib/python3.12/site-packages/airflow/example_dags/example_complex.py took 0.117 seconds
[2024-09-09T08:25:48.455+0000] {processor.py:186} INFO - Started process (PID=12310) to work on /home/airflow/.local/lib/python3.12/site-packages/airflow/example_dags/example_complex.py
[2024-09-09T08:25:48.456+0000] {processor.py:914} INFO - Processing file /home/airflow/.local/lib/python3.12/site-packages/airflow/example_dags/example_complex.py for tasks to queue
[2024-09-09T08:25:48.458+0000] {logging_mixin.py:190} INFO - [2024-09-09T08:25:48.458+0000] {dagbag.py:587} INFO - Filling up the DagBag from /home/airflow/.local/lib/python3.12/site-packages/airflow/example_dags/example_complex.py
[2024-09-09T08:25:48.467+0000] {processor.py:925} INFO - DAG(s) 'example_complex' retrieved from /home/airflow/.local/lib/python3.12/site-packages/airflow/example_dags/example_complex.py
[2024-09-09T08:25:48.493+0000] {logging_mixin.py:190} INFO - [2024-09-09T08:25:48.493+0000] {dag.py:3229} INFO - Sync 1 DAGs
[2024-09-09T08:25:48.507+0000] {logging_mixin.py:190} INFO - [2024-09-09T08:25:48.507+0000] {dag.py:4156} INFO - Setting next_dagrun for example_complex to None, run_after=None
[2024-09-09T08:25:48.528+0000] {processor.py:208} INFO - Processing /home/airflow/.local/lib/python3.12/site-packages/airflow/example_dags/example_complex.py took 0.078 seconds
[2024-09-09T08:26:19.350+0000] {processor.py:186} INFO - Started process (PID=12596) to work on /home/airflow/.local/lib/python3.12/site-packages/airflow/example_dags/example_complex.py
[2024-09-09T08:26:19.351+0000] {processor.py:914} INFO - Processing file /home/airflow/.local/lib/python3.12/site-packages/airflow/example_dags/example_complex.py for tasks to queue
[2024-09-09T08:26:19.353+0000] {logging_mixin.py:190} INFO - [2024-09-09T08:26:19.353+0000] {dagbag.py:587} INFO - Filling up the DagBag from /home/airflow/.local/lib/python3.12/site-packages/airflow/example_dags/example_complex.py
[2024-09-09T08:26:19.363+0000] {processor.py:925} INFO - DAG(s) 'example_complex' retrieved from /home/airflow/.local/lib/python3.12/site-packages/airflow/example_dags/example_complex.py
[2024-09-09T08:26:19.394+0000] {logging_mixin.py:190} INFO - [2024-09-09T08:26:19.394+0000] {dag.py:3229} INFO - Sync 1 DAGs
[2024-09-09T08:26:19.407+0000] {logging_mixin.py:190} INFO - [2024-09-09T08:26:19.407+0000] {dag.py:4156} INFO - Setting next_dagrun for example_complex to None, run_after=None
[2024-09-09T08:26:19.425+0000] {processor.py:208} INFO - Processing /home/airflow/.local/lib/python3.12/site-packages/airflow/example_dags/example_complex.py took 0.081 seconds
[2024-09-09T08:26:49.979+0000] {processor.py:186} INFO - Started process (PID=12882) to work on /home/airflow/.local/lib/python3.12/site-packages/airflow/example_dags/example_complex.py
[2024-09-09T08:26:49.980+0000] {processor.py:914} INFO - Processing file /home/airflow/.local/lib/python3.12/site-packages/airflow/example_dags/example_complex.py for tasks to queue
[2024-09-09T08:26:49.982+0000] {logging_mixin.py:190} INFO - [2024-09-09T08:26:49.982+0000] {dagbag.py:587} INFO - Filling up the DagBag from /home/airflow/.local/lib/python3.12/site-packages/airflow/example_dags/example_complex.py
[2024-09-09T08:26:49.991+0000] {processor.py:925} INFO - DAG(s) 'example_complex' retrieved from /home/airflow/.local/lib/python3.12/site-packages/airflow/example_dags/example_complex.py
[2024-09-09T08:26:50.017+0000] {logging_mixin.py:190} INFO - [2024-09-09T08:26:50.017+0000] {dag.py:3229} INFO - Sync 1 DAGs
[2024-09-09T08:26:50.031+0000] {logging_mixin.py:190} INFO - [2024-09-09T08:26:50.031+0000] {dag.py:4156} INFO - Setting next_dagrun for example_complex to None, run_after=None
[2024-09-09T08:26:50.051+0000] {processor.py:208} INFO - Processing /home/airflow/.local/lib/python3.12/site-packages/airflow/example_dags/example_complex.py took 0.077 seconds
[2024-09-09T08:27:20.601+0000] {processor.py:186} INFO - Started process (PID=13168) to work on /home/airflow/.local/lib/python3.12/site-packages/airflow/example_dags/example_complex.py
[2024-09-09T08:27:20.602+0000] {processor.py:914} INFO - Processing file /home/airflow/.local/lib/python3.12/site-packages/airflow/example_dags/example_complex.py for tasks to queue
[2024-09-09T08:27:20.604+0000] {logging_mixin.py:190} INFO - [2024-09-09T08:27:20.604+0000] {dagbag.py:587} INFO - Filling up the DagBag from /home/airflow/.local/lib/python3.12/site-packages/airflow/example_dags/example_complex.py
[2024-09-09T08:27:20.614+0000] {processor.py:925} INFO - DAG(s) 'example_complex' retrieved from /home/airflow/.local/lib/python3.12/site-packages/airflow/example_dags/example_complex.py
[2024-09-09T08:27:20.642+0000] {logging_mixin.py:190} INFO - [2024-09-09T08:27:20.641+0000] {dag.py:3229} INFO - Sync 1 DAGs
[2024-09-09T08:27:20.654+0000] {logging_mixin.py:190} INFO - [2024-09-09T08:27:20.654+0000] {dag.py:4156} INFO - Setting next_dagrun for example_complex to None, run_after=None
[2024-09-09T08:27:20.671+0000] {processor.py:208} INFO - Processing /home/airflow/.local/lib/python3.12/site-packages/airflow/example_dags/example_complex.py took 0.075 seconds
[2024-09-09T08:27:51.802+0000] {processor.py:186} INFO - Started process (PID=13454) to work on /home/airflow/.local/lib/python3.12/site-packages/airflow/example_dags/example_complex.py
[2024-09-09T08:27:51.803+0000] {processor.py:914} INFO - Processing file /home/airflow/.local/lib/python3.12/site-packages/airflow/example_dags/example_complex.py for tasks to queue
[2024-09-09T08:27:51.808+0000] {logging_mixin.py:190} INFO - [2024-09-09T08:27:51.808+0000] {dagbag.py:587} INFO - Filling up the DagBag from /home/airflow/.local/lib/python3.12/site-packages/airflow/example_dags/example_complex.py
[2024-09-09T08:27:51.821+0000] {processor.py:925} INFO - DAG(s) 'example_complex' retrieved from /home/airflow/.local/lib/python3.12/site-packages/airflow/example_dags/example_complex.py
[2024-09-09T08:27:51.851+0000] {logging_mixin.py:190} INFO - [2024-09-09T08:27:51.850+0000] {dag.py:3229} INFO - Sync 1 DAGs
[2024-09-09T08:27:51.864+0000] {logging_mixin.py:190} INFO - [2024-09-09T08:27:51.864+0000] {dag.py:4156} INFO - Setting next_dagrun for example_complex to None, run_after=None
[2024-09-09T08:27:51.885+0000] {processor.py:208} INFO - Processing /home/airflow/.local/lib/python3.12/site-packages/airflow/example_dags/example_complex.py took 0.089 seconds
[2024-09-09T08:28:23.975+0000] {processor.py:186} INFO - Started process (PID=13740) to work on /home/airflow/.local/lib/python3.12/site-packages/airflow/example_dags/example_complex.py
[2024-09-09T08:28:23.983+0000] {processor.py:914} INFO - Processing file /home/airflow/.local/lib/python3.12/site-packages/airflow/example_dags/example_complex.py for tasks to queue
[2024-09-09T08:28:23.987+0000] {logging_mixin.py:190} INFO - [2024-09-09T08:28:23.987+0000] {dagbag.py:587} INFO - Filling up the DagBag from /home/airflow/.local/lib/python3.12/site-packages/airflow/example_dags/example_complex.py
[2024-09-09T08:28:24.013+0000] {processor.py:925} INFO - DAG(s) 'example_complex' retrieved from /home/airflow/.local/lib/python3.12/site-packages/airflow/example_dags/example_complex.py
[2024-09-09T08:28:24.099+0000] {logging_mixin.py:190} INFO - [2024-09-09T08:28:24.099+0000] {dag.py:3229} INFO - Sync 1 DAGs
[2024-09-09T08:28:24.135+0000] {logging_mixin.py:190} INFO - [2024-09-09T08:28:24.134+0000] {dag.py:4156} INFO - Setting next_dagrun for example_complex to None, run_after=None
[2024-09-09T08:28:24.184+0000] {processor.py:208} INFO - Processing /home/airflow/.local/lib/python3.12/site-packages/airflow/example_dags/example_complex.py took 0.218 seconds
[2024-09-09T08:28:55.476+0000] {processor.py:186} INFO - Started process (PID=14028) to work on /home/airflow/.local/lib/python3.12/site-packages/airflow/example_dags/example_complex.py
[2024-09-09T08:28:55.478+0000] {processor.py:914} INFO - Processing file /home/airflow/.local/lib/python3.12/site-packages/airflow/example_dags/example_complex.py for tasks to queue
[2024-09-09T08:28:55.485+0000] {logging_mixin.py:190} INFO - [2024-09-09T08:28:55.484+0000] {dagbag.py:587} INFO - Filling up the DagBag from /home/airflow/.local/lib/python3.12/site-packages/airflow/example_dags/example_complex.py
[2024-09-09T08:28:55.510+0000] {processor.py:925} INFO - DAG(s) 'example_complex' retrieved from /home/airflow/.local/lib/python3.12/site-packages/airflow/example_dags/example_complex.py
[2024-09-09T08:28:55.567+0000] {logging_mixin.py:190} INFO - [2024-09-09T08:28:55.567+0000] {dag.py:3229} INFO - Sync 1 DAGs
[2024-09-09T08:28:55.592+0000] {logging_mixin.py:190} INFO - [2024-09-09T08:28:55.592+0000] {dag.py:4156} INFO - Setting next_dagrun for example_complex to None, run_after=None
[2024-09-09T08:28:55.624+0000] {processor.py:208} INFO - Processing /home/airflow/.local/lib/python3.12/site-packages/airflow/example_dags/example_complex.py took 0.155 seconds
[2024-09-09T08:29:26.365+0000] {processor.py:186} INFO - Started process (PID=14312) to work on /home/airflow/.local/lib/python3.12/site-packages/airflow/example_dags/example_complex.py
[2024-09-09T08:29:26.367+0000] {processor.py:914} INFO - Processing file /home/airflow/.local/lib/python3.12/site-packages/airflow/example_dags/example_complex.py for tasks to queue
[2024-09-09T08:29:26.370+0000] {logging_mixin.py:190} INFO - [2024-09-09T08:29:26.369+0000] {dagbag.py:587} INFO - Filling up the DagBag from /home/airflow/.local/lib/python3.12/site-packages/airflow/example_dags/example_complex.py
[2024-09-09T08:29:26.388+0000] {processor.py:925} INFO - DAG(s) 'example_complex' retrieved from /home/airflow/.local/lib/python3.12/site-packages/airflow/example_dags/example_complex.py
[2024-09-09T08:29:26.442+0000] {logging_mixin.py:190} INFO - [2024-09-09T08:29:26.441+0000] {dag.py:3229} INFO - Sync 1 DAGs
[2024-09-09T08:29:26.469+0000] {logging_mixin.py:190} INFO - [2024-09-09T08:29:26.468+0000] {dag.py:4156} INFO - Setting next_dagrun for example_complex to None, run_after=None
[2024-09-09T08:29:26.514+0000] {processor.py:208} INFO - Processing /home/airflow/.local/lib/python3.12/site-packages/airflow/example_dags/example_complex.py took 0.156 seconds
[2024-09-09T08:29:57.150+0000] {processor.py:186} INFO - Started process (PID=14598) to work on /home/airflow/.local/lib/python3.12/site-packages/airflow/example_dags/example_complex.py
[2024-09-09T08:29:57.151+0000] {processor.py:914} INFO - Processing file /home/airflow/.local/lib/python3.12/site-packages/airflow/example_dags/example_complex.py for tasks to queue
[2024-09-09T08:29:57.155+0000] {logging_mixin.py:190} INFO - [2024-09-09T08:29:57.154+0000] {dagbag.py:587} INFO - Filling up the DagBag from /home/airflow/.local/lib/python3.12/site-packages/airflow/example_dags/example_complex.py
[2024-09-09T08:29:57.173+0000] {processor.py:925} INFO - DAG(s) 'example_complex' retrieved from /home/airflow/.local/lib/python3.12/site-packages/airflow/example_dags/example_complex.py
[2024-09-09T08:29:57.219+0000] {logging_mixin.py:190} INFO - [2024-09-09T08:29:57.219+0000] {dag.py:3229} INFO - Sync 1 DAGs
[2024-09-09T08:29:57.240+0000] {logging_mixin.py:190} INFO - [2024-09-09T08:29:57.240+0000] {dag.py:4156} INFO - Setting next_dagrun for example_complex to None, run_after=None
[2024-09-09T08:29:57.270+0000] {processor.py:208} INFO - Processing /home/airflow/.local/lib/python3.12/site-packages/airflow/example_dags/example_complex.py took 0.128 seconds
[2024-09-09T08:30:27.816+0000] {processor.py:186} INFO - Started process (PID=14884) to work on /home/airflow/.local/lib/python3.12/site-packages/airflow/example_dags/example_complex.py
[2024-09-09T08:30:27.818+0000] {processor.py:914} INFO - Processing file /home/airflow/.local/lib/python3.12/site-packages/airflow/example_dags/example_complex.py for tasks to queue
[2024-09-09T08:30:27.820+0000] {logging_mixin.py:190} INFO - [2024-09-09T08:30:27.820+0000] {dagbag.py:587} INFO - Filling up the DagBag from /home/airflow/.local/lib/python3.12/site-packages/airflow/example_dags/example_complex.py
[2024-09-09T08:30:27.834+0000] {processor.py:925} INFO - DAG(s) 'example_complex' retrieved from /home/airflow/.local/lib/python3.12/site-packages/airflow/example_dags/example_complex.py
[2024-09-09T08:30:27.868+0000] {logging_mixin.py:190} INFO - [2024-09-09T08:30:27.868+0000] {dag.py:3229} INFO - Sync 1 DAGs
[2024-09-09T08:30:27.885+0000] {logging_mixin.py:190} INFO - [2024-09-09T08:30:27.885+0000] {dag.py:4156} INFO - Setting next_dagrun for example_complex to None, run_after=None
[2024-09-09T08:30:27.912+0000] {processor.py:208} INFO - Processing /home/airflow/.local/lib/python3.12/site-packages/airflow/example_dags/example_complex.py took 0.102 seconds
[2024-09-09T08:30:58.946+0000] {processor.py:186} INFO - Started process (PID=15170) to work on /home/airflow/.local/lib/python3.12/site-packages/airflow/example_dags/example_complex.py
[2024-09-09T08:30:58.949+0000] {processor.py:914} INFO - Processing file /home/airflow/.local/lib/python3.12/site-packages/airflow/example_dags/example_complex.py for tasks to queue
[2024-09-09T08:30:58.952+0000] {logging_mixin.py:190} INFO - [2024-09-09T08:30:58.952+0000] {dagbag.py:587} INFO - Filling up the DagBag from /home/airflow/.local/lib/python3.12/site-packages/airflow/example_dags/example_complex.py
[2024-09-09T08:30:58.967+0000] {processor.py:925} INFO - DAG(s) 'example_complex' retrieved from /home/airflow/.local/lib/python3.12/site-packages/airflow/example_dags/example_complex.py
[2024-09-09T08:30:59.009+0000] {logging_mixin.py:190} INFO - [2024-09-09T08:30:59.009+0000] {dag.py:3229} INFO - Sync 1 DAGs
[2024-09-09T08:30:59.029+0000] {logging_mixin.py:190} INFO - [2024-09-09T08:30:59.029+0000] {dag.py:4156} INFO - Setting next_dagrun for example_complex to None, run_after=None
[2024-09-09T08:30:59.058+0000] {processor.py:208} INFO - Processing /home/airflow/.local/lib/python3.12/site-packages/airflow/example_dags/example_complex.py took 0.122 seconds
[2024-09-09T08:31:29.866+0000] {processor.py:186} INFO - Started process (PID=15456) to work on /home/airflow/.local/lib/python3.12/site-packages/airflow/example_dags/example_complex.py
[2024-09-09T08:31:29.868+0000] {processor.py:914} INFO - Processing file /home/airflow/.local/lib/python3.12/site-packages/airflow/example_dags/example_complex.py for tasks to queue
[2024-09-09T08:31:29.874+0000] {logging_mixin.py:190} INFO - [2024-09-09T08:31:29.871+0000] {dagbag.py:587} INFO - Filling up the DagBag from /home/airflow/.local/lib/python3.12/site-packages/airflow/example_dags/example_complex.py
[2024-09-09T08:31:29.901+0000] {processor.py:925} INFO - DAG(s) 'example_complex' retrieved from /home/airflow/.local/lib/python3.12/site-packages/airflow/example_dags/example_complex.py
[2024-09-09T08:31:29.949+0000] {logging_mixin.py:190} INFO - [2024-09-09T08:31:29.948+0000] {dag.py:3229} INFO - Sync 1 DAGs
[2024-09-09T08:31:29.965+0000] {logging_mixin.py:190} INFO - [2024-09-09T08:31:29.965+0000] {dag.py:4156} INFO - Setting next_dagrun for example_complex to None, run_after=None
[2024-09-09T08:31:30.144+0000] {processor.py:208} INFO - Processing /home/airflow/.local/lib/python3.12/site-packages/airflow/example_dags/example_complex.py took 0.285 seconds
[2024-09-09T08:32:01.259+0000] {processor.py:186} INFO - Started process (PID=15742) to work on /home/airflow/.local/lib/python3.12/site-packages/airflow/example_dags/example_complex.py
[2024-09-09T08:32:01.260+0000] {processor.py:914} INFO - Processing file /home/airflow/.local/lib/python3.12/site-packages/airflow/example_dags/example_complex.py for tasks to queue
[2024-09-09T08:32:01.262+0000] {logging_mixin.py:190} INFO - [2024-09-09T08:32:01.262+0000] {dagbag.py:587} INFO - Filling up the DagBag from /home/airflow/.local/lib/python3.12/site-packages/airflow/example_dags/example_complex.py
[2024-09-09T08:32:01.274+0000] {processor.py:925} INFO - DAG(s) 'example_complex' retrieved from /home/airflow/.local/lib/python3.12/site-packages/airflow/example_dags/example_complex.py
[2024-09-09T08:32:01.304+0000] {logging_mixin.py:190} INFO - [2024-09-09T08:32:01.304+0000] {dag.py:3229} INFO - Sync 1 DAGs
[2024-09-09T08:32:01.319+0000] {logging_mixin.py:190} INFO - [2024-09-09T08:32:01.318+0000] {dag.py:4156} INFO - Setting next_dagrun for example_complex to None, run_after=None
[2024-09-09T08:32:01.342+0000] {processor.py:208} INFO - Processing /home/airflow/.local/lib/python3.12/site-packages/airflow/example_dags/example_complex.py took 0.088 seconds
[2024-09-09T08:32:32.838+0000] {processor.py:186} INFO - Started process (PID=16028) to work on /home/airflow/.local/lib/python3.12/site-packages/airflow/example_dags/example_complex.py
[2024-09-09T08:32:32.840+0000] {processor.py:914} INFO - Processing file /home/airflow/.local/lib/python3.12/site-packages/airflow/example_dags/example_complex.py for tasks to queue
[2024-09-09T08:32:32.844+0000] {logging_mixin.py:190} INFO - [2024-09-09T08:32:32.844+0000] {dagbag.py:587} INFO - Filling up the DagBag from /home/airflow/.local/lib/python3.12/site-packages/airflow/example_dags/example_complex.py
[2024-09-09T08:32:32.865+0000] {processor.py:925} INFO - DAG(s) 'example_complex' retrieved from /home/airflow/.local/lib/python3.12/site-packages/airflow/example_dags/example_complex.py
[2024-09-09T08:32:32.920+0000] {logging_mixin.py:190} INFO - [2024-09-09T08:32:32.919+0000] {dag.py:3229} INFO - Sync 1 DAGs
[2024-09-09T08:32:32.961+0000] {logging_mixin.py:190} INFO - [2024-09-09T08:32:32.956+0000] {dag.py:4156} INFO - Setting next_dagrun for example_complex to None, run_after=None
[2024-09-09T08:32:33.020+0000] {processor.py:208} INFO - Processing /home/airflow/.local/lib/python3.12/site-packages/airflow/example_dags/example_complex.py took 0.192 seconds
[2024-09-09T08:33:03.291+0000] {processor.py:186} INFO - Started process (PID=16313) to work on /home/airflow/.local/lib/python3.12/site-packages/airflow/example_dags/example_complex.py
[2024-09-09T08:33:03.292+0000] {processor.py:914} INFO - Processing file /home/airflow/.local/lib/python3.12/site-packages/airflow/example_dags/example_complex.py for tasks to queue
[2024-09-09T08:33:03.295+0000] {logging_mixin.py:190} INFO - [2024-09-09T08:33:03.294+0000] {dagbag.py:587} INFO - Filling up the DagBag from /home/airflow/.local/lib/python3.12/site-packages/airflow/example_dags/example_complex.py
[2024-09-09T08:33:03.306+0000] {processor.py:925} INFO - DAG(s) 'example_complex' retrieved from /home/airflow/.local/lib/python3.12/site-packages/airflow/example_dags/example_complex.py
[2024-09-09T08:33:03.337+0000] {logging_mixin.py:190} INFO - [2024-09-09T08:33:03.337+0000] {dag.py:3229} INFO - Sync 1 DAGs
[2024-09-09T08:33:03.350+0000] {logging_mixin.py:190} INFO - [2024-09-09T08:33:03.350+0000] {dag.py:4156} INFO - Setting next_dagrun for example_complex to None, run_after=None
[2024-09-09T08:33:03.380+0000] {processor.py:208} INFO - Processing /home/airflow/.local/lib/python3.12/site-packages/airflow/example_dags/example_complex.py took 0.094 seconds
[2024-09-09T08:33:34.453+0000] {processor.py:186} INFO - Started process (PID=16599) to work on /home/airflow/.local/lib/python3.12/site-packages/airflow/example_dags/example_complex.py
[2024-09-09T08:33:34.455+0000] {processor.py:914} INFO - Processing file /home/airflow/.local/lib/python3.12/site-packages/airflow/example_dags/example_complex.py for tasks to queue
[2024-09-09T08:33:34.458+0000] {logging_mixin.py:190} INFO - [2024-09-09T08:33:34.458+0000] {dagbag.py:587} INFO - Filling up the DagBag from /home/airflow/.local/lib/python3.12/site-packages/airflow/example_dags/example_complex.py
[2024-09-09T08:33:34.474+0000] {processor.py:925} INFO - DAG(s) 'example_complex' retrieved from /home/airflow/.local/lib/python3.12/site-packages/airflow/example_dags/example_complex.py
[2024-09-09T08:33:34.517+0000] {logging_mixin.py:190} INFO - [2024-09-09T08:33:34.517+0000] {dag.py:3229} INFO - Sync 1 DAGs
[2024-09-09T08:33:34.535+0000] {logging_mixin.py:190} INFO - [2024-09-09T08:33:34.535+0000] {dag.py:4156} INFO - Setting next_dagrun for example_complex to None, run_after=None
[2024-09-09T08:33:34.587+0000] {processor.py:208} INFO - Processing /home/airflow/.local/lib/python3.12/site-packages/airflow/example_dags/example_complex.py took 0.142 seconds
[2024-09-09T08:34:05.559+0000] {processor.py:186} INFO - Started process (PID=16885) to work on /home/airflow/.local/lib/python3.12/site-packages/airflow/example_dags/example_complex.py
[2024-09-09T08:34:05.561+0000] {processor.py:914} INFO - Processing file /home/airflow/.local/lib/python3.12/site-packages/airflow/example_dags/example_complex.py for tasks to queue
[2024-09-09T08:34:05.563+0000] {logging_mixin.py:190} INFO - [2024-09-09T08:34:05.563+0000] {dagbag.py:587} INFO - Filling up the DagBag from /home/airflow/.local/lib/python3.12/site-packages/airflow/example_dags/example_complex.py
[2024-09-09T08:34:05.574+0000] {processor.py:925} INFO - DAG(s) 'example_complex' retrieved from /home/airflow/.local/lib/python3.12/site-packages/airflow/example_dags/example_complex.py
[2024-09-09T08:34:05.762+0000] {logging_mixin.py:190} INFO - [2024-09-09T08:34:05.762+0000] {dag.py:3229} INFO - Sync 1 DAGs
[2024-09-09T08:34:05.785+0000] {logging_mixin.py:190} INFO - [2024-09-09T08:34:05.784+0000] {dag.py:4156} INFO - Setting next_dagrun for example_complex to None, run_after=None
[2024-09-09T08:34:05.807+0000] {processor.py:208} INFO - Processing /home/airflow/.local/lib/python3.12/site-packages/airflow/example_dags/example_complex.py took 0.253 seconds
[2024-09-09T08:34:36.121+0000] {processor.py:186} INFO - Started process (PID=17171) to work on /home/airflow/.local/lib/python3.12/site-packages/airflow/example_dags/example_complex.py
[2024-09-09T08:34:36.122+0000] {processor.py:914} INFO - Processing file /home/airflow/.local/lib/python3.12/site-packages/airflow/example_dags/example_complex.py for tasks to queue
[2024-09-09T08:34:36.124+0000] {logging_mixin.py:190} INFO - [2024-09-09T08:34:36.124+0000] {dagbag.py:587} INFO - Filling up the DagBag from /home/airflow/.local/lib/python3.12/site-packages/airflow/example_dags/example_complex.py
[2024-09-09T08:34:36.135+0000] {processor.py:925} INFO - DAG(s) 'example_complex' retrieved from /home/airflow/.local/lib/python3.12/site-packages/airflow/example_dags/example_complex.py
[2024-09-09T08:34:36.171+0000] {logging_mixin.py:190} INFO - [2024-09-09T08:34:36.171+0000] {dag.py:3229} INFO - Sync 1 DAGs
[2024-09-09T08:34:36.185+0000] {logging_mixin.py:190} INFO - [2024-09-09T08:34:36.185+0000] {dag.py:4156} INFO - Setting next_dagrun for example_complex to None, run_after=None
[2024-09-09T08:34:36.205+0000] {processor.py:208} INFO - Processing /home/airflow/.local/lib/python3.12/site-packages/airflow/example_dags/example_complex.py took 0.089 seconds
[2024-09-09T08:35:06.815+0000] {processor.py:186} INFO - Started process (PID=17457) to work on /home/airflow/.local/lib/python3.12/site-packages/airflow/example_dags/example_complex.py
[2024-09-09T08:35:06.817+0000] {processor.py:914} INFO - Processing file /home/airflow/.local/lib/python3.12/site-packages/airflow/example_dags/example_complex.py for tasks to queue
[2024-09-09T08:35:06.820+0000] {logging_mixin.py:190} INFO - [2024-09-09T08:35:06.819+0000] {dagbag.py:587} INFO - Filling up the DagBag from /home/airflow/.local/lib/python3.12/site-packages/airflow/example_dags/example_complex.py
[2024-09-09T08:35:06.830+0000] {processor.py:925} INFO - DAG(s) 'example_complex' retrieved from /home/airflow/.local/lib/python3.12/site-packages/airflow/example_dags/example_complex.py
[2024-09-09T08:35:06.865+0000] {logging_mixin.py:190} INFO - [2024-09-09T08:35:06.865+0000] {dag.py:3229} INFO - Sync 1 DAGs
[2024-09-09T08:35:06.881+0000] {logging_mixin.py:190} INFO - [2024-09-09T08:35:06.881+0000] {dag.py:4156} INFO - Setting next_dagrun for example_complex to None, run_after=None
[2024-09-09T08:35:06.900+0000] {processor.py:208} INFO - Processing /home/airflow/.local/lib/python3.12/site-packages/airflow/example_dags/example_complex.py took 0.091 seconds
[2024-09-09T08:35:37.321+0000] {processor.py:186} INFO - Started process (PID=17743) to work on /home/airflow/.local/lib/python3.12/site-packages/airflow/example_dags/example_complex.py
[2024-09-09T08:35:37.322+0000] {processor.py:914} INFO - Processing file /home/airflow/.local/lib/python3.12/site-packages/airflow/example_dags/example_complex.py for tasks to queue
[2024-09-09T08:35:37.324+0000] {logging_mixin.py:190} INFO - [2024-09-09T08:35:37.324+0000] {dagbag.py:587} INFO - Filling up the DagBag from /home/airflow/.local/lib/python3.12/site-packages/airflow/example_dags/example_complex.py
[2024-09-09T08:35:37.335+0000] {processor.py:925} INFO - DAG(s) 'example_complex' retrieved from /home/airflow/.local/lib/python3.12/site-packages/airflow/example_dags/example_complex.py
[2024-09-09T08:35:37.366+0000] {logging_mixin.py:190} INFO - [2024-09-09T08:35:37.366+0000] {dag.py:3229} INFO - Sync 1 DAGs
[2024-09-09T08:35:37.380+0000] {logging_mixin.py:190} INFO - [2024-09-09T08:35:37.379+0000] {dag.py:4156} INFO - Setting next_dagrun for example_complex to None, run_after=None
[2024-09-09T08:35:37.398+0000] {processor.py:208} INFO - Processing /home/airflow/.local/lib/python3.12/site-packages/airflow/example_dags/example_complex.py took 0.082 seconds
[2024-09-09T08:36:08.059+0000] {processor.py:186} INFO - Started process (PID=18029) to work on /home/airflow/.local/lib/python3.12/site-packages/airflow/example_dags/example_complex.py
[2024-09-09T08:36:08.061+0000] {processor.py:914} INFO - Processing file /home/airflow/.local/lib/python3.12/site-packages/airflow/example_dags/example_complex.py for tasks to queue
[2024-09-09T08:36:08.065+0000] {logging_mixin.py:190} INFO - [2024-09-09T08:36:08.065+0000] {dagbag.py:587} INFO - Filling up the DagBag from /home/airflow/.local/lib/python3.12/site-packages/airflow/example_dags/example_complex.py
[2024-09-09T08:36:08.090+0000] {processor.py:925} INFO - DAG(s) 'example_complex' retrieved from /home/airflow/.local/lib/python3.12/site-packages/airflow/example_dags/example_complex.py
[2024-09-09T08:36:08.162+0000] {logging_mixin.py:190} INFO - [2024-09-09T08:36:08.162+0000] {dag.py:3229} INFO - Sync 1 DAGs
[2024-09-09T08:36:08.185+0000] {logging_mixin.py:190} INFO - [2024-09-09T08:36:08.185+0000] {dag.py:4156} INFO - Setting next_dagrun for example_complex to None, run_after=None
[2024-09-09T08:36:08.213+0000] {processor.py:208} INFO - Processing /home/airflow/.local/lib/python3.12/site-packages/airflow/example_dags/example_complex.py took 0.163 seconds
[2024-09-09T08:36:38.544+0000] {processor.py:186} INFO - Started process (PID=18315) to work on /home/airflow/.local/lib/python3.12/site-packages/airflow/example_dags/example_complex.py
[2024-09-09T08:36:38.545+0000] {processor.py:914} INFO - Processing file /home/airflow/.local/lib/python3.12/site-packages/airflow/example_dags/example_complex.py for tasks to queue
[2024-09-09T08:36:38.547+0000] {logging_mixin.py:190} INFO - [2024-09-09T08:36:38.547+0000] {dagbag.py:587} INFO - Filling up the DagBag from /home/airflow/.local/lib/python3.12/site-packages/airflow/example_dags/example_complex.py
[2024-09-09T08:36:38.558+0000] {processor.py:925} INFO - DAG(s) 'example_complex' retrieved from /home/airflow/.local/lib/python3.12/site-packages/airflow/example_dags/example_complex.py
[2024-09-09T08:36:38.589+0000] {logging_mixin.py:190} INFO - [2024-09-09T08:36:38.589+0000] {dag.py:3229} INFO - Sync 1 DAGs
[2024-09-09T08:36:38.605+0000] {logging_mixin.py:190} INFO - [2024-09-09T08:36:38.604+0000] {dag.py:4156} INFO - Setting next_dagrun for example_complex to None, run_after=None
[2024-09-09T08:36:38.624+0000] {processor.py:208} INFO - Processing /home/airflow/.local/lib/python3.12/site-packages/airflow/example_dags/example_complex.py took 0.086 seconds
[2024-09-09T08:37:09.914+0000] {processor.py:186} INFO - Started process (PID=18601) to work on /home/airflow/.local/lib/python3.12/site-packages/airflow/example_dags/example_complex.py
[2024-09-09T08:37:09.916+0000] {processor.py:914} INFO - Processing file /home/airflow/.local/lib/python3.12/site-packages/airflow/example_dags/example_complex.py for tasks to queue
[2024-09-09T08:37:09.919+0000] {logging_mixin.py:190} INFO - [2024-09-09T08:37:09.918+0000] {dagbag.py:587} INFO - Filling up the DagBag from /home/airflow/.local/lib/python3.12/site-packages/airflow/example_dags/example_complex.py
[2024-09-09T08:37:09.935+0000] {processor.py:925} INFO - DAG(s) 'example_complex' retrieved from /home/airflow/.local/lib/python3.12/site-packages/airflow/example_dags/example_complex.py
[2024-09-09T08:37:09.975+0000] {logging_mixin.py:190} INFO - [2024-09-09T08:37:09.975+0000] {dag.py:3229} INFO - Sync 1 DAGs
[2024-09-09T08:37:09.995+0000] {logging_mixin.py:190} INFO - [2024-09-09T08:37:09.994+0000] {dag.py:4156} INFO - Setting next_dagrun for example_complex to None, run_after=None
[2024-09-09T08:37:10.020+0000] {processor.py:208} INFO - Processing /home/airflow/.local/lib/python3.12/site-packages/airflow/example_dags/example_complex.py took 0.114 seconds
[2024-09-09T08:37:40.870+0000] {processor.py:186} INFO - Started process (PID=18889) to work on /home/airflow/.local/lib/python3.12/site-packages/airflow/example_dags/example_complex.py
[2024-09-09T08:37:40.871+0000] {processor.py:914} INFO - Processing file /home/airflow/.local/lib/python3.12/site-packages/airflow/example_dags/example_complex.py for tasks to queue
[2024-09-09T08:37:40.873+0000] {logging_mixin.py:190} INFO - [2024-09-09T08:37:40.873+0000] {dagbag.py:587} INFO - Filling up the DagBag from /home/airflow/.local/lib/python3.12/site-packages/airflow/example_dags/example_complex.py
[2024-09-09T08:37:40.885+0000] {processor.py:925} INFO - DAG(s) 'example_complex' retrieved from /home/airflow/.local/lib/python3.12/site-packages/airflow/example_dags/example_complex.py
[2024-09-09T08:37:40.917+0000] {logging_mixin.py:190} INFO - [2024-09-09T08:37:40.916+0000] {dag.py:3229} INFO - Sync 1 DAGs
[2024-09-09T08:37:40.931+0000] {logging_mixin.py:190} INFO - [2024-09-09T08:37:40.931+0000] {dag.py:4156} INFO - Setting next_dagrun for example_complex to None, run_after=None
[2024-09-09T08:37:40.953+0000] {processor.py:208} INFO - Processing /home/airflow/.local/lib/python3.12/site-packages/airflow/example_dags/example_complex.py took 0.088 seconds
[2024-09-09T08:38:11.643+0000] {processor.py:186} INFO - Started process (PID=19173) to work on /home/airflow/.local/lib/python3.12/site-packages/airflow/example_dags/example_complex.py
[2024-09-09T08:38:11.644+0000] {processor.py:914} INFO - Processing file /home/airflow/.local/lib/python3.12/site-packages/airflow/example_dags/example_complex.py for tasks to queue
[2024-09-09T08:38:11.647+0000] {logging_mixin.py:190} INFO - [2024-09-09T08:38:11.647+0000] {dagbag.py:587} INFO - Filling up the DagBag from /home/airflow/.local/lib/python3.12/site-packages/airflow/example_dags/example_complex.py
[2024-09-09T08:38:11.660+0000] {processor.py:925} INFO - DAG(s) 'example_complex' retrieved from /home/airflow/.local/lib/python3.12/site-packages/airflow/example_dags/example_complex.py
[2024-09-09T08:38:11.693+0000] {logging_mixin.py:190} INFO - [2024-09-09T08:38:11.692+0000] {dag.py:3229} INFO - Sync 1 DAGs
[2024-09-09T08:38:11.710+0000] {logging_mixin.py:190} INFO - [2024-09-09T08:38:11.709+0000] {dag.py:4156} INFO - Setting next_dagrun for example_complex to None, run_after=None
[2024-09-09T08:38:11.733+0000] {processor.py:208} INFO - Processing /home/airflow/.local/lib/python3.12/site-packages/airflow/example_dags/example_complex.py took 0.097 seconds
[2024-09-09T08:38:42.368+0000] {processor.py:186} INFO - Started process (PID=19461) to work on /home/airflow/.local/lib/python3.12/site-packages/airflow/example_dags/example_complex.py
[2024-09-09T08:38:42.369+0000] {processor.py:914} INFO - Processing file /home/airflow/.local/lib/python3.12/site-packages/airflow/example_dags/example_complex.py for tasks to queue
[2024-09-09T08:38:42.373+0000] {logging_mixin.py:190} INFO - [2024-09-09T08:38:42.372+0000] {dagbag.py:587} INFO - Filling up the DagBag from /home/airflow/.local/lib/python3.12/site-packages/airflow/example_dags/example_complex.py
[2024-09-09T08:38:42.388+0000] {processor.py:925} INFO - DAG(s) 'example_complex' retrieved from /home/airflow/.local/lib/python3.12/site-packages/airflow/example_dags/example_complex.py
[2024-09-09T08:38:42.448+0000] {logging_mixin.py:190} INFO - [2024-09-09T08:38:42.447+0000] {dag.py:3229} INFO - Sync 1 DAGs
[2024-09-09T08:38:42.488+0000] {logging_mixin.py:190} INFO - [2024-09-09T08:38:42.487+0000] {dag.py:4156} INFO - Setting next_dagrun for example_complex to None, run_after=None
[2024-09-09T08:38:42.536+0000] {processor.py:208} INFO - Processing /home/airflow/.local/lib/python3.12/site-packages/airflow/example_dags/example_complex.py took 0.175 seconds
[2024-09-09T08:39:12.886+0000] {processor.py:186} INFO - Started process (PID=19747) to work on /home/airflow/.local/lib/python3.12/site-packages/airflow/example_dags/example_complex.py
[2024-09-09T08:39:12.887+0000] {processor.py:914} INFO - Processing file /home/airflow/.local/lib/python3.12/site-packages/airflow/example_dags/example_complex.py for tasks to queue
[2024-09-09T08:39:12.890+0000] {logging_mixin.py:190} INFO - [2024-09-09T08:39:12.890+0000] {dagbag.py:587} INFO - Filling up the DagBag from /home/airflow/.local/lib/python3.12/site-packages/airflow/example_dags/example_complex.py
[2024-09-09T08:39:12.907+0000] {processor.py:925} INFO - DAG(s) 'example_complex' retrieved from /home/airflow/.local/lib/python3.12/site-packages/airflow/example_dags/example_complex.py
[2024-09-09T08:39:12.946+0000] {logging_mixin.py:190} INFO - [2024-09-09T08:39:12.945+0000] {dag.py:3229} INFO - Sync 1 DAGs
[2024-09-09T08:39:12.964+0000] {logging_mixin.py:190} INFO - [2024-09-09T08:39:12.964+0000] {dag.py:4156} INFO - Setting next_dagrun for example_complex to None, run_after=None
[2024-09-09T08:39:12.992+0000] {processor.py:208} INFO - Processing /home/airflow/.local/lib/python3.12/site-packages/airflow/example_dags/example_complex.py took 0.116 seconds
[2024-09-09T08:39:43.704+0000] {processor.py:186} INFO - Started process (PID=20037) to work on /home/airflow/.local/lib/python3.12/site-packages/airflow/example_dags/example_complex.py
[2024-09-09T08:39:43.706+0000] {processor.py:914} INFO - Processing file /home/airflow/.local/lib/python3.12/site-packages/airflow/example_dags/example_complex.py for tasks to queue
[2024-09-09T08:39:43.709+0000] {logging_mixin.py:190} INFO - [2024-09-09T08:39:43.708+0000] {dagbag.py:587} INFO - Filling up the DagBag from /home/airflow/.local/lib/python3.12/site-packages/airflow/example_dags/example_complex.py
[2024-09-09T08:39:43.720+0000] {processor.py:925} INFO - DAG(s) 'example_complex' retrieved from /home/airflow/.local/lib/python3.12/site-packages/airflow/example_dags/example_complex.py
[2024-09-09T08:39:43.749+0000] {logging_mixin.py:190} INFO - [2024-09-09T08:39:43.748+0000] {dag.py:3229} INFO - Sync 1 DAGs
[2024-09-09T08:39:43.762+0000] {logging_mixin.py:190} INFO - [2024-09-09T08:39:43.762+0000] {dag.py:4156} INFO - Setting next_dagrun for example_complex to None, run_after=None
[2024-09-09T08:39:43.785+0000] {processor.py:208} INFO - Processing /home/airflow/.local/lib/python3.12/site-packages/airflow/example_dags/example_complex.py took 0.088 seconds
[2024-09-09T08:40:14.005+0000] {processor.py:186} INFO - Started process (PID=20323) to work on /home/airflow/.local/lib/python3.12/site-packages/airflow/example_dags/example_complex.py
[2024-09-09T08:40:14.006+0000] {processor.py:914} INFO - Processing file /home/airflow/.local/lib/python3.12/site-packages/airflow/example_dags/example_complex.py for tasks to queue
[2024-09-09T08:40:14.009+0000] {logging_mixin.py:190} INFO - [2024-09-09T08:40:14.008+0000] {dagbag.py:587} INFO - Filling up the DagBag from /home/airflow/.local/lib/python3.12/site-packages/airflow/example_dags/example_complex.py
[2024-09-09T08:40:14.019+0000] {processor.py:925} INFO - DAG(s) 'example_complex' retrieved from /home/airflow/.local/lib/python3.12/site-packages/airflow/example_dags/example_complex.py
[2024-09-09T08:40:14.048+0000] {logging_mixin.py:190} INFO - [2024-09-09T08:40:14.047+0000] {dag.py:3229} INFO - Sync 1 DAGs
[2024-09-09T08:40:14.061+0000] {logging_mixin.py:190} INFO - [2024-09-09T08:40:14.061+0000] {dag.py:4156} INFO - Setting next_dagrun for example_complex to None, run_after=None
[2024-09-09T08:40:14.081+0000] {processor.py:208} INFO - Processing /home/airflow/.local/lib/python3.12/site-packages/airflow/example_dags/example_complex.py took 0.081 seconds
[2024-09-09T08:40:44.790+0000] {processor.py:186} INFO - Started process (PID=20609) to work on /home/airflow/.local/lib/python3.12/site-packages/airflow/example_dags/example_complex.py
[2024-09-09T08:40:44.791+0000] {processor.py:914} INFO - Processing file /home/airflow/.local/lib/python3.12/site-packages/airflow/example_dags/example_complex.py for tasks to queue
[2024-09-09T08:40:44.793+0000] {logging_mixin.py:190} INFO - [2024-09-09T08:40:44.793+0000] {dagbag.py:587} INFO - Filling up the DagBag from /home/airflow/.local/lib/python3.12/site-packages/airflow/example_dags/example_complex.py
[2024-09-09T08:40:44.803+0000] {processor.py:925} INFO - DAG(s) 'example_complex' retrieved from /home/airflow/.local/lib/python3.12/site-packages/airflow/example_dags/example_complex.py
[2024-09-09T08:40:44.833+0000] {logging_mixin.py:190} INFO - [2024-09-09T08:40:44.833+0000] {dag.py:3229} INFO - Sync 1 DAGs
[2024-09-09T08:40:44.847+0000] {logging_mixin.py:190} INFO - [2024-09-09T08:40:44.847+0000] {dag.py:4156} INFO - Setting next_dagrun for example_complex to None, run_after=None
[2024-09-09T08:40:44.869+0000] {processor.py:208} INFO - Processing /home/airflow/.local/lib/python3.12/site-packages/airflow/example_dags/example_complex.py took 0.085 seconds
[2024-09-09T08:41:15.188+0000] {processor.py:186} INFO - Started process (PID=20898) to work on /home/airflow/.local/lib/python3.12/site-packages/airflow/example_dags/example_complex.py
[2024-09-09T08:41:15.189+0000] {processor.py:914} INFO - Processing file /home/airflow/.local/lib/python3.12/site-packages/airflow/example_dags/example_complex.py for tasks to queue
[2024-09-09T08:41:15.191+0000] {logging_mixin.py:190} INFO - [2024-09-09T08:41:15.191+0000] {dagbag.py:587} INFO - Filling up the DagBag from /home/airflow/.local/lib/python3.12/site-packages/airflow/example_dags/example_complex.py
[2024-09-09T08:41:15.204+0000] {processor.py:925} INFO - DAG(s) 'example_complex' retrieved from /home/airflow/.local/lib/python3.12/site-packages/airflow/example_dags/example_complex.py
[2024-09-09T08:41:15.232+0000] {logging_mixin.py:190} INFO - [2024-09-09T08:41:15.231+0000] {dag.py:3229} INFO - Sync 1 DAGs
[2024-09-09T08:41:15.244+0000] {logging_mixin.py:190} INFO - [2024-09-09T08:41:15.244+0000] {dag.py:4156} INFO - Setting next_dagrun for example_complex to None, run_after=None
[2024-09-09T08:41:15.263+0000] {processor.py:208} INFO - Processing /home/airflow/.local/lib/python3.12/site-packages/airflow/example_dags/example_complex.py took 0.080 seconds
