[2024-09-09T08:04:21.614+0000] {processor.py:186} INFO - Started process (PID=320) to work on /home/airflow/.local/lib/python3.12/site-packages/airflow/example_dags/example_sensor_decorator.py
[2024-09-09T08:04:21.616+0000] {processor.py:914} INFO - Processing file /home/airflow/.local/lib/python3.12/site-packages/airflow/example_dags/example_sensor_decorator.py for tasks to queue
[2024-09-09T08:04:21.621+0000] {logging_mixin.py:190} INFO - [2024-09-09T08:04:21.621+0000] {dagbag.py:587} INFO - Filling up the DagBag from /home/airflow/.local/lib/python3.12/site-packages/airflow/example_dags/example_sensor_decorator.py
[2024-09-09T08:04:21.637+0000] {processor.py:925} INFO - DAG(s) 'example_sensor_decorator' retrieved from /home/airflow/.local/lib/python3.12/site-packages/airflow/example_dags/example_sensor_decorator.py
[2024-09-09T08:04:21.819+0000] {logging_mixin.py:190} INFO - [2024-09-09T08:04:21.818+0000] {override.py:1900} INFO - Created Permission View: can edit on DAG:example_sensor_decorator
[2024-09-09T08:04:21.838+0000] {logging_mixin.py:190} INFO - [2024-09-09T08:04:21.838+0000] {override.py:1900} INFO - Created Permission View: can delete on DAG:example_sensor_decorator
[2024-09-09T08:04:21.850+0000] {logging_mixin.py:190} INFO - [2024-09-09T08:04:21.850+0000] {override.py:1900} INFO - Created Permission View: can read on DAG:example_sensor_decorator
[2024-09-09T08:04:21.868+0000] {logging_mixin.py:190} INFO - [2024-09-09T08:04:21.867+0000] {override.py:1900} INFO - Created Permission View: can create on DAG Run:example_sensor_decorator
[2024-09-09T08:04:21.880+0000] {logging_mixin.py:190} INFO - [2024-09-09T08:04:21.879+0000] {override.py:1900} INFO - Created Permission View: can delete on DAG Run:example_sensor_decorator
[2024-09-09T08:04:21.893+0000] {logging_mixin.py:190} INFO - [2024-09-09T08:04:21.892+0000] {override.py:1900} INFO - Created Permission View: menu access on DAG Run:example_sensor_decorator
[2024-09-09T08:04:21.907+0000] {logging_mixin.py:190} INFO - [2024-09-09T08:04:21.907+0000] {override.py:1900} INFO - Created Permission View: can read on DAG Run:example_sensor_decorator
[2024-09-09T08:04:21.908+0000] {logging_mixin.py:190} INFO - [2024-09-09T08:04:21.908+0000] {dag.py:3229} INFO - Sync 1 DAGs
[2024-09-09T08:04:21.932+0000] {logging_mixin.py:190} INFO - [2024-09-09T08:04:21.932+0000] {dag.py:3252} INFO - Creating ORM DAG for example_sensor_decorator
[2024-09-09T08:04:21.934+0000] {logging_mixin.py:190} INFO - [2024-09-09T08:04:21.934+0000] {dag.py:4156} INFO - Setting next_dagrun for example_sensor_decorator to None, run_after=None
[2024-09-09T08:04:21.961+0000] {processor.py:208} INFO - Processing /home/airflow/.local/lib/python3.12/site-packages/airflow/example_dags/example_sensor_decorator.py took 0.356 seconds
[2024-09-09T08:04:52.926+0000] {processor.py:186} INFO - Started process (PID=608) to work on /home/airflow/.local/lib/python3.12/site-packages/airflow/example_dags/example_sensor_decorator.py
[2024-09-09T08:04:52.927+0000] {processor.py:914} INFO - Processing file /home/airflow/.local/lib/python3.12/site-packages/airflow/example_dags/example_sensor_decorator.py for tasks to queue
[2024-09-09T08:04:52.931+0000] {logging_mixin.py:190} INFO - [2024-09-09T08:04:52.930+0000] {dagbag.py:587} INFO - Filling up the DagBag from /home/airflow/.local/lib/python3.12/site-packages/airflow/example_dags/example_sensor_decorator.py
[2024-09-09T08:04:52.941+0000] {processor.py:925} INFO - DAG(s) 'example_sensor_decorator' retrieved from /home/airflow/.local/lib/python3.12/site-packages/airflow/example_dags/example_sensor_decorator.py
[2024-09-09T08:04:52.965+0000] {logging_mixin.py:190} INFO - [2024-09-09T08:04:52.965+0000] {dag.py:3229} INFO - Sync 1 DAGs
[2024-09-09T08:04:52.985+0000] {logging_mixin.py:190} INFO - [2024-09-09T08:04:52.985+0000] {dag.py:4156} INFO - Setting next_dagrun for example_sensor_decorator to None, run_after=None
[2024-09-09T08:04:53.013+0000] {processor.py:208} INFO - Processing /home/airflow/.local/lib/python3.12/site-packages/airflow/example_dags/example_sensor_decorator.py took 0.099 seconds
[2024-09-09T08:05:23.628+0000] {processor.py:186} INFO - Started process (PID=894) to work on /home/airflow/.local/lib/python3.12/site-packages/airflow/example_dags/example_sensor_decorator.py
[2024-09-09T08:05:23.629+0000] {processor.py:914} INFO - Processing file /home/airflow/.local/lib/python3.12/site-packages/airflow/example_dags/example_sensor_decorator.py for tasks to queue
[2024-09-09T08:05:23.633+0000] {logging_mixin.py:190} INFO - [2024-09-09T08:05:23.632+0000] {dagbag.py:587} INFO - Filling up the DagBag from /home/airflow/.local/lib/python3.12/site-packages/airflow/example_dags/example_sensor_decorator.py
[2024-09-09T08:05:23.642+0000] {processor.py:925} INFO - DAG(s) 'example_sensor_decorator' retrieved from /home/airflow/.local/lib/python3.12/site-packages/airflow/example_dags/example_sensor_decorator.py
[2024-09-09T08:05:23.678+0000] {logging_mixin.py:190} INFO - [2024-09-09T08:05:23.677+0000] {dag.py:3229} INFO - Sync 1 DAGs
[2024-09-09T08:05:23.722+0000] {logging_mixin.py:190} INFO - [2024-09-09T08:05:23.722+0000] {dag.py:4156} INFO - Setting next_dagrun for example_sensor_decorator to None, run_after=None
[2024-09-09T08:05:23.773+0000] {processor.py:208} INFO - Processing /home/airflow/.local/lib/python3.12/site-packages/airflow/example_dags/example_sensor_decorator.py took 0.154 seconds
[2024-09-09T08:05:54.571+0000] {processor.py:186} INFO - Started process (PID=1180) to work on /home/airflow/.local/lib/python3.12/site-packages/airflow/example_dags/example_sensor_decorator.py
[2024-09-09T08:05:54.575+0000] {processor.py:914} INFO - Processing file /home/airflow/.local/lib/python3.12/site-packages/airflow/example_dags/example_sensor_decorator.py for tasks to queue
[2024-09-09T08:05:54.579+0000] {logging_mixin.py:190} INFO - [2024-09-09T08:05:54.579+0000] {dagbag.py:587} INFO - Filling up the DagBag from /home/airflow/.local/lib/python3.12/site-packages/airflow/example_dags/example_sensor_decorator.py
[2024-09-09T08:05:54.601+0000] {processor.py:925} INFO - DAG(s) 'example_sensor_decorator' retrieved from /home/airflow/.local/lib/python3.12/site-packages/airflow/example_dags/example_sensor_decorator.py
[2024-09-09T08:05:54.662+0000] {logging_mixin.py:190} INFO - [2024-09-09T08:05:54.662+0000] {dag.py:3229} INFO - Sync 1 DAGs
[2024-09-09T08:05:54.700+0000] {logging_mixin.py:190} INFO - [2024-09-09T08:05:54.700+0000] {dag.py:4156} INFO - Setting next_dagrun for example_sensor_decorator to None, run_after=None
[2024-09-09T08:05:54.730+0000] {processor.py:208} INFO - Processing /home/airflow/.local/lib/python3.12/site-packages/airflow/example_dags/example_sensor_decorator.py took 0.171 seconds
[2024-09-09T08:06:24.780+0000] {processor.py:186} INFO - Started process (PID=1466) to work on /home/airflow/.local/lib/python3.12/site-packages/airflow/example_dags/example_sensor_decorator.py
[2024-09-09T08:06:24.781+0000] {processor.py:914} INFO - Processing file /home/airflow/.local/lib/python3.12/site-packages/airflow/example_dags/example_sensor_decorator.py for tasks to queue
[2024-09-09T08:06:24.784+0000] {logging_mixin.py:190} INFO - [2024-09-09T08:06:24.783+0000] {dagbag.py:587} INFO - Filling up the DagBag from /home/airflow/.local/lib/python3.12/site-packages/airflow/example_dags/example_sensor_decorator.py
[2024-09-09T08:06:24.793+0000] {processor.py:925} INFO - DAG(s) 'example_sensor_decorator' retrieved from /home/airflow/.local/lib/python3.12/site-packages/airflow/example_dags/example_sensor_decorator.py
[2024-09-09T08:06:24.817+0000] {logging_mixin.py:190} INFO - [2024-09-09T08:06:24.817+0000] {dag.py:3229} INFO - Sync 1 DAGs
[2024-09-09T08:06:24.846+0000] {logging_mixin.py:190} INFO - [2024-09-09T08:06:24.846+0000] {dag.py:4156} INFO - Setting next_dagrun for example_sensor_decorator to None, run_after=None
[2024-09-09T08:06:24.875+0000] {processor.py:208} INFO - Processing /home/airflow/.local/lib/python3.12/site-packages/airflow/example_dags/example_sensor_decorator.py took 0.103 seconds
[2024-09-09T08:06:55.537+0000] {processor.py:186} INFO - Started process (PID=1752) to work on /home/airflow/.local/lib/python3.12/site-packages/airflow/example_dags/example_sensor_decorator.py
[2024-09-09T08:06:55.538+0000] {processor.py:914} INFO - Processing file /home/airflow/.local/lib/python3.12/site-packages/airflow/example_dags/example_sensor_decorator.py for tasks to queue
[2024-09-09T08:06:55.540+0000] {logging_mixin.py:190} INFO - [2024-09-09T08:06:55.540+0000] {dagbag.py:587} INFO - Filling up the DagBag from /home/airflow/.local/lib/python3.12/site-packages/airflow/example_dags/example_sensor_decorator.py
[2024-09-09T08:06:55.546+0000] {processor.py:925} INFO - DAG(s) 'example_sensor_decorator' retrieved from /home/airflow/.local/lib/python3.12/site-packages/airflow/example_dags/example_sensor_decorator.py
[2024-09-09T08:06:55.563+0000] {logging_mixin.py:190} INFO - [2024-09-09T08:06:55.562+0000] {dag.py:3229} INFO - Sync 1 DAGs
[2024-09-09T08:06:55.577+0000] {logging_mixin.py:190} INFO - [2024-09-09T08:06:55.576+0000] {dag.py:4156} INFO - Setting next_dagrun for example_sensor_decorator to None, run_after=None
[2024-09-09T08:06:55.598+0000] {processor.py:208} INFO - Processing /home/airflow/.local/lib/python3.12/site-packages/airflow/example_dags/example_sensor_decorator.py took 0.066 seconds
[2024-09-09T08:07:26.561+0000] {processor.py:186} INFO - Started process (PID=2037) to work on /home/airflow/.local/lib/python3.12/site-packages/airflow/example_dags/example_sensor_decorator.py
[2024-09-09T08:07:26.562+0000] {processor.py:914} INFO - Processing file /home/airflow/.local/lib/python3.12/site-packages/airflow/example_dags/example_sensor_decorator.py for tasks to queue
[2024-09-09T08:07:26.566+0000] {logging_mixin.py:190} INFO - [2024-09-09T08:07:26.565+0000] {dagbag.py:587} INFO - Filling up the DagBag from /home/airflow/.local/lib/python3.12/site-packages/airflow/example_dags/example_sensor_decorator.py
[2024-09-09T08:07:26.576+0000] {processor.py:925} INFO - DAG(s) 'example_sensor_decorator' retrieved from /home/airflow/.local/lib/python3.12/site-packages/airflow/example_dags/example_sensor_decorator.py
[2024-09-09T08:07:26.603+0000] {logging_mixin.py:190} INFO - [2024-09-09T08:07:26.603+0000] {dag.py:3229} INFO - Sync 1 DAGs
[2024-09-09T08:07:26.627+0000] {logging_mixin.py:190} INFO - [2024-09-09T08:07:26.627+0000] {dag.py:4156} INFO - Setting next_dagrun for example_sensor_decorator to None, run_after=None
[2024-09-09T08:07:26.654+0000] {processor.py:208} INFO - Processing /home/airflow/.local/lib/python3.12/site-packages/airflow/example_dags/example_sensor_decorator.py took 0.100 seconds
[2024-09-09T08:07:57.127+0000] {processor.py:186} INFO - Started process (PID=2323) to work on /home/airflow/.local/lib/python3.12/site-packages/airflow/example_dags/example_sensor_decorator.py
[2024-09-09T08:07:57.128+0000] {processor.py:914} INFO - Processing file /home/airflow/.local/lib/python3.12/site-packages/airflow/example_dags/example_sensor_decorator.py for tasks to queue
[2024-09-09T08:07:57.131+0000] {logging_mixin.py:190} INFO - [2024-09-09T08:07:57.131+0000] {dagbag.py:587} INFO - Filling up the DagBag from /home/airflow/.local/lib/python3.12/site-packages/airflow/example_dags/example_sensor_decorator.py
[2024-09-09T08:07:57.141+0000] {processor.py:925} INFO - DAG(s) 'example_sensor_decorator' retrieved from /home/airflow/.local/lib/python3.12/site-packages/airflow/example_dags/example_sensor_decorator.py
[2024-09-09T08:07:57.165+0000] {logging_mixin.py:190} INFO - [2024-09-09T08:07:57.165+0000] {dag.py:3229} INFO - Sync 1 DAGs
[2024-09-09T08:07:57.189+0000] {logging_mixin.py:190} INFO - [2024-09-09T08:07:57.188+0000] {dag.py:4156} INFO - Setting next_dagrun for example_sensor_decorator to None, run_after=None
[2024-09-09T08:07:57.237+0000] {processor.py:208} INFO - Processing /home/airflow/.local/lib/python3.12/site-packages/airflow/example_dags/example_sensor_decorator.py took 0.118 seconds
[2024-09-09T08:08:27.357+0000] {processor.py:186} INFO - Started process (PID=2609) to work on /home/airflow/.local/lib/python3.12/site-packages/airflow/example_dags/example_sensor_decorator.py
[2024-09-09T08:08:27.358+0000] {processor.py:914} INFO - Processing file /home/airflow/.local/lib/python3.12/site-packages/airflow/example_dags/example_sensor_decorator.py for tasks to queue
[2024-09-09T08:08:27.361+0000] {logging_mixin.py:190} INFO - [2024-09-09T08:08:27.361+0000] {dagbag.py:587} INFO - Filling up the DagBag from /home/airflow/.local/lib/python3.12/site-packages/airflow/example_dags/example_sensor_decorator.py
[2024-09-09T08:08:27.373+0000] {processor.py:925} INFO - DAG(s) 'example_sensor_decorator' retrieved from /home/airflow/.local/lib/python3.12/site-packages/airflow/example_dags/example_sensor_decorator.py
[2024-09-09T08:08:27.402+0000] {logging_mixin.py:190} INFO - [2024-09-09T08:08:27.401+0000] {dag.py:3229} INFO - Sync 1 DAGs
[2024-09-09T08:08:27.422+0000] {logging_mixin.py:190} INFO - [2024-09-09T08:08:27.422+0000] {dag.py:4156} INFO - Setting next_dagrun for example_sensor_decorator to None, run_after=None
[2024-09-09T08:08:27.454+0000] {processor.py:208} INFO - Processing /home/airflow/.local/lib/python3.12/site-packages/airflow/example_dags/example_sensor_decorator.py took 0.105 seconds
[2024-09-09T08:08:57.999+0000] {processor.py:186} INFO - Started process (PID=2897) to work on /home/airflow/.local/lib/python3.12/site-packages/airflow/example_dags/example_sensor_decorator.py
[2024-09-09T08:08:58.001+0000] {processor.py:914} INFO - Processing file /home/airflow/.local/lib/python3.12/site-packages/airflow/example_dags/example_sensor_decorator.py for tasks to queue
[2024-09-09T08:08:58.008+0000] {logging_mixin.py:190} INFO - [2024-09-09T08:08:58.007+0000] {dagbag.py:587} INFO - Filling up the DagBag from /home/airflow/.local/lib/python3.12/site-packages/airflow/example_dags/example_sensor_decorator.py
[2024-09-09T08:08:58.036+0000] {processor.py:925} INFO - DAG(s) 'example_sensor_decorator' retrieved from /home/airflow/.local/lib/python3.12/site-packages/airflow/example_dags/example_sensor_decorator.py
[2024-09-09T08:08:58.061+0000] {logging_mixin.py:190} INFO - [2024-09-09T08:08:58.061+0000] {dag.py:3229} INFO - Sync 1 DAGs
[2024-09-09T08:08:58.081+0000] {logging_mixin.py:190} INFO - [2024-09-09T08:08:58.081+0000] {dag.py:4156} INFO - Setting next_dagrun for example_sensor_decorator to None, run_after=None
[2024-09-09T08:08:58.107+0000] {processor.py:208} INFO - Processing /home/airflow/.local/lib/python3.12/site-packages/airflow/example_dags/example_sensor_decorator.py took 0.119 seconds
[2024-09-09T08:09:28.462+0000] {processor.py:186} INFO - Started process (PID=3183) to work on /home/airflow/.local/lib/python3.12/site-packages/airflow/example_dags/example_sensor_decorator.py
[2024-09-09T08:09:28.463+0000] {processor.py:914} INFO - Processing file /home/airflow/.local/lib/python3.12/site-packages/airflow/example_dags/example_sensor_decorator.py for tasks to queue
[2024-09-09T08:09:28.466+0000] {logging_mixin.py:190} INFO - [2024-09-09T08:09:28.466+0000] {dagbag.py:587} INFO - Filling up the DagBag from /home/airflow/.local/lib/python3.12/site-packages/airflow/example_dags/example_sensor_decorator.py
[2024-09-09T08:09:28.475+0000] {processor.py:925} INFO - DAG(s) 'example_sensor_decorator' retrieved from /home/airflow/.local/lib/python3.12/site-packages/airflow/example_dags/example_sensor_decorator.py
[2024-09-09T08:09:28.498+0000] {logging_mixin.py:190} INFO - [2024-09-09T08:09:28.498+0000] {dag.py:3229} INFO - Sync 1 DAGs
[2024-09-09T08:09:28.514+0000] {logging_mixin.py:190} INFO - [2024-09-09T08:09:28.514+0000] {dag.py:4156} INFO - Setting next_dagrun for example_sensor_decorator to None, run_after=None
[2024-09-09T08:09:28.535+0000] {processor.py:208} INFO - Processing /home/airflow/.local/lib/python3.12/site-packages/airflow/example_dags/example_sensor_decorator.py took 0.081 seconds
[2024-09-09T08:09:58.869+0000] {processor.py:186} INFO - Started process (PID=3469) to work on /home/airflow/.local/lib/python3.12/site-packages/airflow/example_dags/example_sensor_decorator.py
[2024-09-09T08:09:58.871+0000] {processor.py:914} INFO - Processing file /home/airflow/.local/lib/python3.12/site-packages/airflow/example_dags/example_sensor_decorator.py for tasks to queue
[2024-09-09T08:09:58.873+0000] {logging_mixin.py:190} INFO - [2024-09-09T08:09:58.873+0000] {dagbag.py:587} INFO - Filling up the DagBag from /home/airflow/.local/lib/python3.12/site-packages/airflow/example_dags/example_sensor_decorator.py
[2024-09-09T08:09:58.882+0000] {processor.py:925} INFO - DAG(s) 'example_sensor_decorator' retrieved from /home/airflow/.local/lib/python3.12/site-packages/airflow/example_dags/example_sensor_decorator.py
[2024-09-09T08:09:58.903+0000] {logging_mixin.py:190} INFO - [2024-09-09T08:09:58.903+0000] {dag.py:3229} INFO - Sync 1 DAGs
[2024-09-09T08:09:58.918+0000] {logging_mixin.py:190} INFO - [2024-09-09T08:09:58.918+0000] {dag.py:4156} INFO - Setting next_dagrun for example_sensor_decorator to None, run_after=None
[2024-09-09T08:09:58.941+0000] {processor.py:208} INFO - Processing /home/airflow/.local/lib/python3.12/site-packages/airflow/example_dags/example_sensor_decorator.py took 0.080 seconds
[2024-09-09T08:10:29.163+0000] {processor.py:186} INFO - Started process (PID=3753) to work on /home/airflow/.local/lib/python3.12/site-packages/airflow/example_dags/example_sensor_decorator.py
[2024-09-09T08:10:29.164+0000] {processor.py:914} INFO - Processing file /home/airflow/.local/lib/python3.12/site-packages/airflow/example_dags/example_sensor_decorator.py for tasks to queue
[2024-09-09T08:10:29.166+0000] {logging_mixin.py:190} INFO - [2024-09-09T08:10:29.166+0000] {dagbag.py:587} INFO - Filling up the DagBag from /home/airflow/.local/lib/python3.12/site-packages/airflow/example_dags/example_sensor_decorator.py
[2024-09-09T08:10:29.173+0000] {processor.py:925} INFO - DAG(s) 'example_sensor_decorator' retrieved from /home/airflow/.local/lib/python3.12/site-packages/airflow/example_dags/example_sensor_decorator.py
[2024-09-09T08:10:29.191+0000] {logging_mixin.py:190} INFO - [2024-09-09T08:10:29.191+0000] {dag.py:3229} INFO - Sync 1 DAGs
[2024-09-09T08:10:29.202+0000] {logging_mixin.py:190} INFO - [2024-09-09T08:10:29.202+0000] {dag.py:4156} INFO - Setting next_dagrun for example_sensor_decorator to None, run_after=None
[2024-09-09T08:10:29.223+0000] {processor.py:208} INFO - Processing /home/airflow/.local/lib/python3.12/site-packages/airflow/example_dags/example_sensor_decorator.py took 0.066 seconds
[2024-09-09T08:10:59.544+0000] {processor.py:186} INFO - Started process (PID=4041) to work on /home/airflow/.local/lib/python3.12/site-packages/airflow/example_dags/example_sensor_decorator.py
[2024-09-09T08:10:59.558+0000] {processor.py:914} INFO - Processing file /home/airflow/.local/lib/python3.12/site-packages/airflow/example_dags/example_sensor_decorator.py for tasks to queue
[2024-09-09T08:10:59.563+0000] {logging_mixin.py:190} INFO - [2024-09-09T08:10:59.563+0000] {dagbag.py:587} INFO - Filling up the DagBag from /home/airflow/.local/lib/python3.12/site-packages/airflow/example_dags/example_sensor_decorator.py
[2024-09-09T08:10:59.588+0000] {processor.py:925} INFO - DAG(s) 'example_sensor_decorator' retrieved from /home/airflow/.local/lib/python3.12/site-packages/airflow/example_dags/example_sensor_decorator.py
[2024-09-09T08:10:59.608+0000] {logging_mixin.py:190} INFO - [2024-09-09T08:10:59.608+0000] {dag.py:3229} INFO - Sync 1 DAGs
[2024-09-09T08:10:59.624+0000] {logging_mixin.py:190} INFO - [2024-09-09T08:10:59.624+0000] {dag.py:4156} INFO - Setting next_dagrun for example_sensor_decorator to None, run_after=None
[2024-09-09T08:10:59.645+0000] {processor.py:208} INFO - Processing /home/airflow/.local/lib/python3.12/site-packages/airflow/example_dags/example_sensor_decorator.py took 0.115 seconds
[2024-09-09T08:11:30.253+0000] {processor.py:186} INFO - Started process (PID=4325) to work on /home/airflow/.local/lib/python3.12/site-packages/airflow/example_dags/example_sensor_decorator.py
[2024-09-09T08:11:30.254+0000] {processor.py:914} INFO - Processing file /home/airflow/.local/lib/python3.12/site-packages/airflow/example_dags/example_sensor_decorator.py for tasks to queue
[2024-09-09T08:11:30.256+0000] {logging_mixin.py:190} INFO - [2024-09-09T08:11:30.256+0000] {dagbag.py:587} INFO - Filling up the DagBag from /home/airflow/.local/lib/python3.12/site-packages/airflow/example_dags/example_sensor_decorator.py
[2024-09-09T08:11:30.262+0000] {processor.py:925} INFO - DAG(s) 'example_sensor_decorator' retrieved from /home/airflow/.local/lib/python3.12/site-packages/airflow/example_dags/example_sensor_decorator.py
[2024-09-09T08:11:30.279+0000] {logging_mixin.py:190} INFO - [2024-09-09T08:11:30.278+0000] {dag.py:3229} INFO - Sync 1 DAGs
[2024-09-09T08:11:30.290+0000] {logging_mixin.py:190} INFO - [2024-09-09T08:11:30.290+0000] {dag.py:4156} INFO - Setting next_dagrun for example_sensor_decorator to None, run_after=None
[2024-09-09T08:11:30.310+0000] {processor.py:208} INFO - Processing /home/airflow/.local/lib/python3.12/site-packages/airflow/example_dags/example_sensor_decorator.py took 0.062 seconds
[2024-09-09T08:12:00.835+0000] {processor.py:186} INFO - Started process (PID=4613) to work on /home/airflow/.local/lib/python3.12/site-packages/airflow/example_dags/example_sensor_decorator.py
[2024-09-09T08:12:00.836+0000] {processor.py:914} INFO - Processing file /home/airflow/.local/lib/python3.12/site-packages/airflow/example_dags/example_sensor_decorator.py for tasks to queue
[2024-09-09T08:12:00.838+0000] {logging_mixin.py:190} INFO - [2024-09-09T08:12:00.838+0000] {dagbag.py:587} INFO - Filling up the DagBag from /home/airflow/.local/lib/python3.12/site-packages/airflow/example_dags/example_sensor_decorator.py
[2024-09-09T08:12:00.845+0000] {processor.py:925} INFO - DAG(s) 'example_sensor_decorator' retrieved from /home/airflow/.local/lib/python3.12/site-packages/airflow/example_dags/example_sensor_decorator.py
[2024-09-09T08:12:00.863+0000] {logging_mixin.py:190} INFO - [2024-09-09T08:12:00.863+0000] {dag.py:3229} INFO - Sync 1 DAGs
[2024-09-09T08:12:00.876+0000] {logging_mixin.py:190} INFO - [2024-09-09T08:12:00.876+0000] {dag.py:4156} INFO - Setting next_dagrun for example_sensor_decorator to None, run_after=None
[2024-09-09T08:12:00.896+0000] {processor.py:208} INFO - Processing /home/airflow/.local/lib/python3.12/site-packages/airflow/example_dags/example_sensor_decorator.py took 0.066 seconds
[2024-09-09T08:12:31.292+0000] {processor.py:186} INFO - Started process (PID=4897) to work on /home/airflow/.local/lib/python3.12/site-packages/airflow/example_dags/example_sensor_decorator.py
[2024-09-09T08:12:31.293+0000] {processor.py:914} INFO - Processing file /home/airflow/.local/lib/python3.12/site-packages/airflow/example_dags/example_sensor_decorator.py for tasks to queue
[2024-09-09T08:12:31.295+0000] {logging_mixin.py:190} INFO - [2024-09-09T08:12:31.295+0000] {dagbag.py:587} INFO - Filling up the DagBag from /home/airflow/.local/lib/python3.12/site-packages/airflow/example_dags/example_sensor_decorator.py
[2024-09-09T08:12:31.302+0000] {processor.py:925} INFO - DAG(s) 'example_sensor_decorator' retrieved from /home/airflow/.local/lib/python3.12/site-packages/airflow/example_dags/example_sensor_decorator.py
[2024-09-09T08:12:31.326+0000] {logging_mixin.py:190} INFO - [2024-09-09T08:12:31.326+0000] {dag.py:3229} INFO - Sync 1 DAGs
[2024-09-09T08:12:31.340+0000] {logging_mixin.py:190} INFO - [2024-09-09T08:12:31.340+0000] {dag.py:4156} INFO - Setting next_dagrun for example_sensor_decorator to None, run_after=None
[2024-09-09T08:12:31.361+0000] {processor.py:208} INFO - Processing /home/airflow/.local/lib/python3.12/site-packages/airflow/example_dags/example_sensor_decorator.py took 0.075 seconds
[2024-09-09T08:13:02.022+0000] {processor.py:186} INFO - Started process (PID=5183) to work on /home/airflow/.local/lib/python3.12/site-packages/airflow/example_dags/example_sensor_decorator.py
[2024-09-09T08:13:02.023+0000] {processor.py:914} INFO - Processing file /home/airflow/.local/lib/python3.12/site-packages/airflow/example_dags/example_sensor_decorator.py for tasks to queue
[2024-09-09T08:13:02.025+0000] {logging_mixin.py:190} INFO - [2024-09-09T08:13:02.025+0000] {dagbag.py:587} INFO - Filling up the DagBag from /home/airflow/.local/lib/python3.12/site-packages/airflow/example_dags/example_sensor_decorator.py
[2024-09-09T08:13:02.032+0000] {processor.py:925} INFO - DAG(s) 'example_sensor_decorator' retrieved from /home/airflow/.local/lib/python3.12/site-packages/airflow/example_dags/example_sensor_decorator.py
[2024-09-09T08:13:02.051+0000] {logging_mixin.py:190} INFO - [2024-09-09T08:13:02.051+0000] {dag.py:3229} INFO - Sync 1 DAGs
[2024-09-09T08:13:02.063+0000] {logging_mixin.py:190} INFO - [2024-09-09T08:13:02.062+0000] {dag.py:4156} INFO - Setting next_dagrun for example_sensor_decorator to None, run_after=None
[2024-09-09T08:13:02.082+0000] {processor.py:208} INFO - Processing /home/airflow/.local/lib/python3.12/site-packages/airflow/example_dags/example_sensor_decorator.py took 0.065 seconds
[2024-09-09T08:13:32.982+0000] {processor.py:186} INFO - Started process (PID=5469) to work on /home/airflow/.local/lib/python3.12/site-packages/airflow/example_dags/example_sensor_decorator.py
[2024-09-09T08:13:32.983+0000] {processor.py:914} INFO - Processing file /home/airflow/.local/lib/python3.12/site-packages/airflow/example_dags/example_sensor_decorator.py for tasks to queue
[2024-09-09T08:13:32.985+0000] {logging_mixin.py:190} INFO - [2024-09-09T08:13:32.985+0000] {dagbag.py:587} INFO - Filling up the DagBag from /home/airflow/.local/lib/python3.12/site-packages/airflow/example_dags/example_sensor_decorator.py
[2024-09-09T08:13:32.992+0000] {processor.py:925} INFO - DAG(s) 'example_sensor_decorator' retrieved from /home/airflow/.local/lib/python3.12/site-packages/airflow/example_dags/example_sensor_decorator.py
[2024-09-09T08:13:33.009+0000] {logging_mixin.py:190} INFO - [2024-09-09T08:13:33.009+0000] {dag.py:3229} INFO - Sync 1 DAGs
[2024-09-09T08:13:33.023+0000] {logging_mixin.py:190} INFO - [2024-09-09T08:13:33.022+0000] {dag.py:4156} INFO - Setting next_dagrun for example_sensor_decorator to None, run_after=None
[2024-09-09T08:13:33.040+0000] {processor.py:208} INFO - Processing /home/airflow/.local/lib/python3.12/site-packages/airflow/example_dags/example_sensor_decorator.py took 0.064 seconds
[2024-09-09T08:14:03.915+0000] {processor.py:186} INFO - Started process (PID=5757) to work on /home/airflow/.local/lib/python3.12/site-packages/airflow/example_dags/example_sensor_decorator.py
[2024-09-09T08:14:03.916+0000] {processor.py:914} INFO - Processing file /home/airflow/.local/lib/python3.12/site-packages/airflow/example_dags/example_sensor_decorator.py for tasks to queue
[2024-09-09T08:14:03.918+0000] {logging_mixin.py:190} INFO - [2024-09-09T08:14:03.918+0000] {dagbag.py:587} INFO - Filling up the DagBag from /home/airflow/.local/lib/python3.12/site-packages/airflow/example_dags/example_sensor_decorator.py
[2024-09-09T08:14:03.924+0000] {processor.py:925} INFO - DAG(s) 'example_sensor_decorator' retrieved from /home/airflow/.local/lib/python3.12/site-packages/airflow/example_dags/example_sensor_decorator.py
[2024-09-09T08:14:03.945+0000] {logging_mixin.py:190} INFO - [2024-09-09T08:14:03.945+0000] {dag.py:3229} INFO - Sync 1 DAGs
[2024-09-09T08:14:03.957+0000] {logging_mixin.py:190} INFO - [2024-09-09T08:14:03.956+0000] {dag.py:4156} INFO - Setting next_dagrun for example_sensor_decorator to None, run_after=None
[2024-09-09T08:14:03.974+0000] {processor.py:208} INFO - Processing /home/airflow/.local/lib/python3.12/site-packages/airflow/example_dags/example_sensor_decorator.py took 0.063 seconds
[2024-09-09T08:14:34.822+0000] {processor.py:186} INFO - Started process (PID=6043) to work on /home/airflow/.local/lib/python3.12/site-packages/airflow/example_dags/example_sensor_decorator.py
[2024-09-09T08:14:34.823+0000] {processor.py:914} INFO - Processing file /home/airflow/.local/lib/python3.12/site-packages/airflow/example_dags/example_sensor_decorator.py for tasks to queue
[2024-09-09T08:14:34.824+0000] {logging_mixin.py:190} INFO - [2024-09-09T08:14:34.824+0000] {dagbag.py:587} INFO - Filling up the DagBag from /home/airflow/.local/lib/python3.12/site-packages/airflow/example_dags/example_sensor_decorator.py
[2024-09-09T08:14:34.832+0000] {processor.py:925} INFO - DAG(s) 'example_sensor_decorator' retrieved from /home/airflow/.local/lib/python3.12/site-packages/airflow/example_dags/example_sensor_decorator.py
[2024-09-09T08:14:34.849+0000] {logging_mixin.py:190} INFO - [2024-09-09T08:14:34.849+0000] {dag.py:3229} INFO - Sync 1 DAGs
[2024-09-09T08:14:34.860+0000] {logging_mixin.py:190} INFO - [2024-09-09T08:14:34.860+0000] {dag.py:4156} INFO - Setting next_dagrun for example_sensor_decorator to None, run_after=None
[2024-09-09T08:14:34.879+0000] {processor.py:208} INFO - Processing /home/airflow/.local/lib/python3.12/site-packages/airflow/example_dags/example_sensor_decorator.py took 0.062 seconds
[2024-09-09T08:15:06.289+0000] {processor.py:186} INFO - Started process (PID=6329) to work on /home/airflow/.local/lib/python3.12/site-packages/airflow/example_dags/example_sensor_decorator.py
[2024-09-09T08:15:06.290+0000] {processor.py:914} INFO - Processing file /home/airflow/.local/lib/python3.12/site-packages/airflow/example_dags/example_sensor_decorator.py for tasks to queue
[2024-09-09T08:15:06.292+0000] {logging_mixin.py:190} INFO - [2024-09-09T08:15:06.292+0000] {dagbag.py:587} INFO - Filling up the DagBag from /home/airflow/.local/lib/python3.12/site-packages/airflow/example_dags/example_sensor_decorator.py
[2024-09-09T08:15:06.300+0000] {processor.py:925} INFO - DAG(s) 'example_sensor_decorator' retrieved from /home/airflow/.local/lib/python3.12/site-packages/airflow/example_dags/example_sensor_decorator.py
[2024-09-09T08:15:06.322+0000] {logging_mixin.py:190} INFO - [2024-09-09T08:15:06.322+0000] {dag.py:3229} INFO - Sync 1 DAGs
[2024-09-09T08:15:06.337+0000] {logging_mixin.py:190} INFO - [2024-09-09T08:15:06.336+0000] {dag.py:4156} INFO - Setting next_dagrun for example_sensor_decorator to None, run_after=None
[2024-09-09T08:15:06.357+0000] {processor.py:208} INFO - Processing /home/airflow/.local/lib/python3.12/site-packages/airflow/example_dags/example_sensor_decorator.py took 0.074 seconds
[2024-09-09T08:15:36.872+0000] {processor.py:186} INFO - Started process (PID=6618) to work on /home/airflow/.local/lib/python3.12/site-packages/airflow/example_dags/example_sensor_decorator.py
[2024-09-09T08:15:36.874+0000] {processor.py:914} INFO - Processing file /home/airflow/.local/lib/python3.12/site-packages/airflow/example_dags/example_sensor_decorator.py for tasks to queue
[2024-09-09T08:15:36.878+0000] {logging_mixin.py:190} INFO - [2024-09-09T08:15:36.877+0000] {dagbag.py:587} INFO - Filling up the DagBag from /home/airflow/.local/lib/python3.12/site-packages/airflow/example_dags/example_sensor_decorator.py
[2024-09-09T08:15:36.890+0000] {processor.py:925} INFO - DAG(s) 'example_sensor_decorator' retrieved from /home/airflow/.local/lib/python3.12/site-packages/airflow/example_dags/example_sensor_decorator.py
[2024-09-09T08:15:36.910+0000] {logging_mixin.py:190} INFO - [2024-09-09T08:15:36.910+0000] {dag.py:3229} INFO - Sync 1 DAGs
[2024-09-09T08:15:36.927+0000] {logging_mixin.py:190} INFO - [2024-09-09T08:15:36.926+0000] {dag.py:4156} INFO - Setting next_dagrun for example_sensor_decorator to None, run_after=None
[2024-09-09T08:15:36.948+0000] {processor.py:208} INFO - Processing /home/airflow/.local/lib/python3.12/site-packages/airflow/example_dags/example_sensor_decorator.py took 0.083 seconds
[2024-09-09T08:16:07.135+0000] {processor.py:186} INFO - Started process (PID=6906) to work on /home/airflow/.local/lib/python3.12/site-packages/airflow/example_dags/example_sensor_decorator.py
[2024-09-09T08:16:07.136+0000] {processor.py:914} INFO - Processing file /home/airflow/.local/lib/python3.12/site-packages/airflow/example_dags/example_sensor_decorator.py for tasks to queue
[2024-09-09T08:16:07.138+0000] {logging_mixin.py:190} INFO - [2024-09-09T08:16:07.138+0000] {dagbag.py:587} INFO - Filling up the DagBag from /home/airflow/.local/lib/python3.12/site-packages/airflow/example_dags/example_sensor_decorator.py
[2024-09-09T08:16:07.146+0000] {processor.py:925} INFO - DAG(s) 'example_sensor_decorator' retrieved from /home/airflow/.local/lib/python3.12/site-packages/airflow/example_dags/example_sensor_decorator.py
[2024-09-09T08:16:07.165+0000] {logging_mixin.py:190} INFO - [2024-09-09T08:16:07.164+0000] {dag.py:3229} INFO - Sync 1 DAGs
[2024-09-09T08:16:07.177+0000] {logging_mixin.py:190} INFO - [2024-09-09T08:16:07.177+0000] {dag.py:4156} INFO - Setting next_dagrun for example_sensor_decorator to None, run_after=None
[2024-09-09T08:16:07.197+0000] {processor.py:208} INFO - Processing /home/airflow/.local/lib/python3.12/site-packages/airflow/example_dags/example_sensor_decorator.py took 0.067 seconds
[2024-09-09T08:16:38.234+0000] {processor.py:186} INFO - Started process (PID=7190) to work on /home/airflow/.local/lib/python3.12/site-packages/airflow/example_dags/example_sensor_decorator.py
[2024-09-09T08:16:38.235+0000] {processor.py:914} INFO - Processing file /home/airflow/.local/lib/python3.12/site-packages/airflow/example_dags/example_sensor_decorator.py for tasks to queue
[2024-09-09T08:16:38.242+0000] {logging_mixin.py:190} INFO - [2024-09-09T08:16:38.241+0000] {dagbag.py:587} INFO - Filling up the DagBag from /home/airflow/.local/lib/python3.12/site-packages/airflow/example_dags/example_sensor_decorator.py
[2024-09-09T08:16:38.251+0000] {processor.py:925} INFO - DAG(s) 'example_sensor_decorator' retrieved from /home/airflow/.local/lib/python3.12/site-packages/airflow/example_dags/example_sensor_decorator.py
[2024-09-09T08:16:38.278+0000] {logging_mixin.py:190} INFO - [2024-09-09T08:16:38.278+0000] {dag.py:3229} INFO - Sync 1 DAGs
[2024-09-09T08:16:38.294+0000] {logging_mixin.py:190} INFO - [2024-09-09T08:16:38.294+0000] {dag.py:4156} INFO - Setting next_dagrun for example_sensor_decorator to None, run_after=None
[2024-09-09T08:16:38.317+0000] {processor.py:208} INFO - Processing /home/airflow/.local/lib/python3.12/site-packages/airflow/example_dags/example_sensor_decorator.py took 0.090 seconds
[2024-09-09T08:17:09.384+0000] {processor.py:186} INFO - Started process (PID=7476) to work on /home/airflow/.local/lib/python3.12/site-packages/airflow/example_dags/example_sensor_decorator.py
[2024-09-09T08:17:09.385+0000] {processor.py:914} INFO - Processing file /home/airflow/.local/lib/python3.12/site-packages/airflow/example_dags/example_sensor_decorator.py for tasks to queue
[2024-09-09T08:17:09.388+0000] {logging_mixin.py:190} INFO - [2024-09-09T08:17:09.388+0000] {dagbag.py:587} INFO - Filling up the DagBag from /home/airflow/.local/lib/python3.12/site-packages/airflow/example_dags/example_sensor_decorator.py
[2024-09-09T08:17:09.398+0000] {processor.py:925} INFO - DAG(s) 'example_sensor_decorator' retrieved from /home/airflow/.local/lib/python3.12/site-packages/airflow/example_dags/example_sensor_decorator.py
[2024-09-09T08:17:09.417+0000] {logging_mixin.py:190} INFO - [2024-09-09T08:17:09.416+0000] {dag.py:3229} INFO - Sync 1 DAGs
[2024-09-09T08:17:09.431+0000] {logging_mixin.py:190} INFO - [2024-09-09T08:17:09.431+0000] {dag.py:4156} INFO - Setting next_dagrun for example_sensor_decorator to None, run_after=None
[2024-09-09T08:17:09.451+0000] {processor.py:208} INFO - Processing /home/airflow/.local/lib/python3.12/site-packages/airflow/example_dags/example_sensor_decorator.py took 0.074 seconds
[2024-09-09T08:17:40.049+0000] {processor.py:186} INFO - Started process (PID=7762) to work on /home/airflow/.local/lib/python3.12/site-packages/airflow/example_dags/example_sensor_decorator.py
[2024-09-09T08:17:40.050+0000] {processor.py:914} INFO - Processing file /home/airflow/.local/lib/python3.12/site-packages/airflow/example_dags/example_sensor_decorator.py for tasks to queue
[2024-09-09T08:17:40.054+0000] {logging_mixin.py:190} INFO - [2024-09-09T08:17:40.054+0000] {dagbag.py:587} INFO - Filling up the DagBag from /home/airflow/.local/lib/python3.12/site-packages/airflow/example_dags/example_sensor_decorator.py
[2024-09-09T08:17:40.063+0000] {processor.py:925} INFO - DAG(s) 'example_sensor_decorator' retrieved from /home/airflow/.local/lib/python3.12/site-packages/airflow/example_dags/example_sensor_decorator.py
[2024-09-09T08:17:40.086+0000] {logging_mixin.py:190} INFO - [2024-09-09T08:17:40.086+0000] {dag.py:3229} INFO - Sync 1 DAGs
[2024-09-09T08:17:40.102+0000] {logging_mixin.py:190} INFO - [2024-09-09T08:17:40.102+0000] {dag.py:4156} INFO - Setting next_dagrun for example_sensor_decorator to None, run_after=None
[2024-09-09T08:17:40.123+0000] {processor.py:208} INFO - Processing /home/airflow/.local/lib/python3.12/site-packages/airflow/example_dags/example_sensor_decorator.py took 0.084 seconds
[2024-09-09T08:18:10.379+0000] {processor.py:186} INFO - Started process (PID=8048) to work on /home/airflow/.local/lib/python3.12/site-packages/airflow/example_dags/example_sensor_decorator.py
[2024-09-09T08:18:10.381+0000] {processor.py:914} INFO - Processing file /home/airflow/.local/lib/python3.12/site-packages/airflow/example_dags/example_sensor_decorator.py for tasks to queue
[2024-09-09T08:18:10.384+0000] {logging_mixin.py:190} INFO - [2024-09-09T08:18:10.384+0000] {dagbag.py:587} INFO - Filling up the DagBag from /home/airflow/.local/lib/python3.12/site-packages/airflow/example_dags/example_sensor_decorator.py
[2024-09-09T08:18:10.396+0000] {processor.py:925} INFO - DAG(s) 'example_sensor_decorator' retrieved from /home/airflow/.local/lib/python3.12/site-packages/airflow/example_dags/example_sensor_decorator.py
[2024-09-09T08:18:10.423+0000] {logging_mixin.py:190} INFO - [2024-09-09T08:18:10.423+0000] {dag.py:3229} INFO - Sync 1 DAGs
[2024-09-09T08:18:10.438+0000] {logging_mixin.py:190} INFO - [2024-09-09T08:18:10.438+0000] {dag.py:4156} INFO - Setting next_dagrun for example_sensor_decorator to None, run_after=None
[2024-09-09T08:18:10.456+0000] {processor.py:208} INFO - Processing /home/airflow/.local/lib/python3.12/site-packages/airflow/example_dags/example_sensor_decorator.py took 0.083 seconds
[2024-09-09T08:18:41.127+0000] {processor.py:186} INFO - Started process (PID=8334) to work on /home/airflow/.local/lib/python3.12/site-packages/airflow/example_dags/example_sensor_decorator.py
[2024-09-09T08:18:41.128+0000] {processor.py:914} INFO - Processing file /home/airflow/.local/lib/python3.12/site-packages/airflow/example_dags/example_sensor_decorator.py for tasks to queue
[2024-09-09T08:18:41.131+0000] {logging_mixin.py:190} INFO - [2024-09-09T08:18:41.131+0000] {dagbag.py:587} INFO - Filling up the DagBag from /home/airflow/.local/lib/python3.12/site-packages/airflow/example_dags/example_sensor_decorator.py
[2024-09-09T08:18:41.141+0000] {processor.py:925} INFO - DAG(s) 'example_sensor_decorator' retrieved from /home/airflow/.local/lib/python3.12/site-packages/airflow/example_dags/example_sensor_decorator.py
[2024-09-09T08:18:41.162+0000] {logging_mixin.py:190} INFO - [2024-09-09T08:18:41.162+0000] {dag.py:3229} INFO - Sync 1 DAGs
[2024-09-09T08:18:41.179+0000] {logging_mixin.py:190} INFO - [2024-09-09T08:18:41.179+0000] {dag.py:4156} INFO - Setting next_dagrun for example_sensor_decorator to None, run_after=None
[2024-09-09T08:18:41.202+0000] {processor.py:208} INFO - Processing /home/airflow/.local/lib/python3.12/site-packages/airflow/example_dags/example_sensor_decorator.py took 0.082 seconds
[2024-09-09T08:19:11.292+0000] {processor.py:186} INFO - Started process (PID=8622) to work on /home/airflow/.local/lib/python3.12/site-packages/airflow/example_dags/example_sensor_decorator.py
[2024-09-09T08:19:11.293+0000] {processor.py:914} INFO - Processing file /home/airflow/.local/lib/python3.12/site-packages/airflow/example_dags/example_sensor_decorator.py for tasks to queue
[2024-09-09T08:19:11.295+0000] {logging_mixin.py:190} INFO - [2024-09-09T08:19:11.295+0000] {dagbag.py:587} INFO - Filling up the DagBag from /home/airflow/.local/lib/python3.12/site-packages/airflow/example_dags/example_sensor_decorator.py
[2024-09-09T08:19:11.304+0000] {processor.py:925} INFO - DAG(s) 'example_sensor_decorator' retrieved from /home/airflow/.local/lib/python3.12/site-packages/airflow/example_dags/example_sensor_decorator.py
[2024-09-09T08:19:11.323+0000] {logging_mixin.py:190} INFO - [2024-09-09T08:19:11.323+0000] {dag.py:3229} INFO - Sync 1 DAGs
[2024-09-09T08:19:11.334+0000] {logging_mixin.py:190} INFO - [2024-09-09T08:19:11.334+0000] {dag.py:4156} INFO - Setting next_dagrun for example_sensor_decorator to None, run_after=None
[2024-09-09T08:19:11.352+0000] {processor.py:208} INFO - Processing /home/airflow/.local/lib/python3.12/site-packages/airflow/example_dags/example_sensor_decorator.py took 0.065 seconds
[2024-09-09T08:19:41.730+0000] {processor.py:186} INFO - Started process (PID=8908) to work on /home/airflow/.local/lib/python3.12/site-packages/airflow/example_dags/example_sensor_decorator.py
[2024-09-09T08:19:41.732+0000] {processor.py:914} INFO - Processing file /home/airflow/.local/lib/python3.12/site-packages/airflow/example_dags/example_sensor_decorator.py for tasks to queue
[2024-09-09T08:19:41.736+0000] {logging_mixin.py:190} INFO - [2024-09-09T08:19:41.735+0000] {dagbag.py:587} INFO - Filling up the DagBag from /home/airflow/.local/lib/python3.12/site-packages/airflow/example_dags/example_sensor_decorator.py
[2024-09-09T08:19:41.749+0000] {processor.py:925} INFO - DAG(s) 'example_sensor_decorator' retrieved from /home/airflow/.local/lib/python3.12/site-packages/airflow/example_dags/example_sensor_decorator.py
[2024-09-09T08:19:41.774+0000] {logging_mixin.py:190} INFO - [2024-09-09T08:19:41.774+0000] {dag.py:3229} INFO - Sync 1 DAGs
[2024-09-09T08:19:41.797+0000] {logging_mixin.py:190} INFO - [2024-09-09T08:19:41.796+0000] {dag.py:4156} INFO - Setting next_dagrun for example_sensor_decorator to None, run_after=None
[2024-09-09T08:19:41.821+0000] {processor.py:208} INFO - Processing /home/airflow/.local/lib/python3.12/site-packages/airflow/example_dags/example_sensor_decorator.py took 0.100 seconds
[2024-09-09T08:20:12.345+0000] {processor.py:186} INFO - Started process (PID=9198) to work on /home/airflow/.local/lib/python3.12/site-packages/airflow/example_dags/example_sensor_decorator.py
[2024-09-09T08:20:12.346+0000] {processor.py:914} INFO - Processing file /home/airflow/.local/lib/python3.12/site-packages/airflow/example_dags/example_sensor_decorator.py for tasks to queue
[2024-09-09T08:20:12.349+0000] {logging_mixin.py:190} INFO - [2024-09-09T08:20:12.349+0000] {dagbag.py:587} INFO - Filling up the DagBag from /home/airflow/.local/lib/python3.12/site-packages/airflow/example_dags/example_sensor_decorator.py
[2024-09-09T08:20:12.357+0000] {processor.py:925} INFO - DAG(s) 'example_sensor_decorator' retrieved from /home/airflow/.local/lib/python3.12/site-packages/airflow/example_dags/example_sensor_decorator.py
[2024-09-09T08:20:12.378+0000] {logging_mixin.py:190} INFO - [2024-09-09T08:20:12.377+0000] {dag.py:3229} INFO - Sync 1 DAGs
[2024-09-09T08:20:12.393+0000] {logging_mixin.py:190} INFO - [2024-09-09T08:20:12.393+0000] {dag.py:4156} INFO - Setting next_dagrun for example_sensor_decorator to None, run_after=None
[2024-09-09T08:20:12.410+0000] {processor.py:208} INFO - Processing /home/airflow/.local/lib/python3.12/site-packages/airflow/example_dags/example_sensor_decorator.py took 0.070 seconds
[2024-09-09T08:20:42.612+0000] {processor.py:186} INFO - Started process (PID=9484) to work on /home/airflow/.local/lib/python3.12/site-packages/airflow/example_dags/example_sensor_decorator.py
[2024-09-09T08:20:42.613+0000] {processor.py:914} INFO - Processing file /home/airflow/.local/lib/python3.12/site-packages/airflow/example_dags/example_sensor_decorator.py for tasks to queue
[2024-09-09T08:20:42.615+0000] {logging_mixin.py:190} INFO - [2024-09-09T08:20:42.615+0000] {dagbag.py:587} INFO - Filling up the DagBag from /home/airflow/.local/lib/python3.12/site-packages/airflow/example_dags/example_sensor_decorator.py
[2024-09-09T08:20:42.622+0000] {processor.py:925} INFO - DAG(s) 'example_sensor_decorator' retrieved from /home/airflow/.local/lib/python3.12/site-packages/airflow/example_dags/example_sensor_decorator.py
[2024-09-09T08:20:42.639+0000] {logging_mixin.py:190} INFO - [2024-09-09T08:20:42.639+0000] {dag.py:3229} INFO - Sync 1 DAGs
[2024-09-09T08:20:42.655+0000] {logging_mixin.py:190} INFO - [2024-09-09T08:20:42.655+0000] {dag.py:4156} INFO - Setting next_dagrun for example_sensor_decorator to None, run_after=None
[2024-09-09T08:20:42.674+0000] {processor.py:208} INFO - Processing /home/airflow/.local/lib/python3.12/site-packages/airflow/example_dags/example_sensor_decorator.py took 0.067 seconds
[2024-09-09T08:21:13.085+0000] {processor.py:186} INFO - Started process (PID=9770) to work on /home/airflow/.local/lib/python3.12/site-packages/airflow/example_dags/example_sensor_decorator.py
[2024-09-09T08:21:13.089+0000] {processor.py:914} INFO - Processing file /home/airflow/.local/lib/python3.12/site-packages/airflow/example_dags/example_sensor_decorator.py for tasks to queue
[2024-09-09T08:21:13.093+0000] {logging_mixin.py:190} INFO - [2024-09-09T08:21:13.093+0000] {dagbag.py:587} INFO - Filling up the DagBag from /home/airflow/.local/lib/python3.12/site-packages/airflow/example_dags/example_sensor_decorator.py
[2024-09-09T08:21:13.106+0000] {processor.py:925} INFO - DAG(s) 'example_sensor_decorator' retrieved from /home/airflow/.local/lib/python3.12/site-packages/airflow/example_dags/example_sensor_decorator.py
[2024-09-09T08:21:13.140+0000] {logging_mixin.py:190} INFO - [2024-09-09T08:21:13.140+0000] {dag.py:3229} INFO - Sync 1 DAGs
[2024-09-09T08:21:13.154+0000] {logging_mixin.py:190} INFO - [2024-09-09T08:21:13.154+0000] {dag.py:4156} INFO - Setting next_dagrun for example_sensor_decorator to None, run_after=None
[2024-09-09T08:21:13.171+0000] {processor.py:208} INFO - Processing /home/airflow/.local/lib/python3.12/site-packages/airflow/example_dags/example_sensor_decorator.py took 0.097 seconds
[2024-09-09T08:21:43.816+0000] {processor.py:186} INFO - Started process (PID=10056) to work on /home/airflow/.local/lib/python3.12/site-packages/airflow/example_dags/example_sensor_decorator.py
[2024-09-09T08:21:43.817+0000] {processor.py:914} INFO - Processing file /home/airflow/.local/lib/python3.12/site-packages/airflow/example_dags/example_sensor_decorator.py for tasks to queue
[2024-09-09T08:21:43.819+0000] {logging_mixin.py:190} INFO - [2024-09-09T08:21:43.819+0000] {dagbag.py:587} INFO - Filling up the DagBag from /home/airflow/.local/lib/python3.12/site-packages/airflow/example_dags/example_sensor_decorator.py
[2024-09-09T08:21:43.826+0000] {processor.py:925} INFO - DAG(s) 'example_sensor_decorator' retrieved from /home/airflow/.local/lib/python3.12/site-packages/airflow/example_dags/example_sensor_decorator.py
[2024-09-09T08:21:43.846+0000] {logging_mixin.py:190} INFO - [2024-09-09T08:21:43.845+0000] {dag.py:3229} INFO - Sync 1 DAGs
[2024-09-09T08:21:43.858+0000] {logging_mixin.py:190} INFO - [2024-09-09T08:21:43.858+0000] {dag.py:4156} INFO - Setting next_dagrun for example_sensor_decorator to None, run_after=None
[2024-09-09T08:21:43.875+0000] {processor.py:208} INFO - Processing /home/airflow/.local/lib/python3.12/site-packages/airflow/example_dags/example_sensor_decorator.py took 0.064 seconds
[2024-09-09T08:22:14.628+0000] {processor.py:186} INFO - Started process (PID=10342) to work on /home/airflow/.local/lib/python3.12/site-packages/airflow/example_dags/example_sensor_decorator.py
[2024-09-09T08:22:14.629+0000] {processor.py:914} INFO - Processing file /home/airflow/.local/lib/python3.12/site-packages/airflow/example_dags/example_sensor_decorator.py for tasks to queue
[2024-09-09T08:22:14.631+0000] {logging_mixin.py:190} INFO - [2024-09-09T08:22:14.631+0000] {dagbag.py:587} INFO - Filling up the DagBag from /home/airflow/.local/lib/python3.12/site-packages/airflow/example_dags/example_sensor_decorator.py
[2024-09-09T08:22:14.637+0000] {processor.py:925} INFO - DAG(s) 'example_sensor_decorator' retrieved from /home/airflow/.local/lib/python3.12/site-packages/airflow/example_dags/example_sensor_decorator.py
[2024-09-09T08:22:14.655+0000] {logging_mixin.py:190} INFO - [2024-09-09T08:22:14.654+0000] {dag.py:3229} INFO - Sync 1 DAGs
[2024-09-09T08:22:14.668+0000] {logging_mixin.py:190} INFO - [2024-09-09T08:22:14.668+0000] {dag.py:4156} INFO - Setting next_dagrun for example_sensor_decorator to None, run_after=None
[2024-09-09T08:22:14.687+0000] {processor.py:208} INFO - Processing /home/airflow/.local/lib/python3.12/site-packages/airflow/example_dags/example_sensor_decorator.py took 0.064 seconds
[2024-09-09T08:22:45.896+0000] {processor.py:186} INFO - Started process (PID=10628) to work on /home/airflow/.local/lib/python3.12/site-packages/airflow/example_dags/example_sensor_decorator.py
[2024-09-09T08:22:45.902+0000] {processor.py:914} INFO - Processing file /home/airflow/.local/lib/python3.12/site-packages/airflow/example_dags/example_sensor_decorator.py for tasks to queue
[2024-09-09T08:22:45.907+0000] {logging_mixin.py:190} INFO - [2024-09-09T08:22:45.907+0000] {dagbag.py:587} INFO - Filling up the DagBag from /home/airflow/.local/lib/python3.12/site-packages/airflow/example_dags/example_sensor_decorator.py
[2024-09-09T08:22:45.923+0000] {processor.py:925} INFO - DAG(s) 'example_sensor_decorator' retrieved from /home/airflow/.local/lib/python3.12/site-packages/airflow/example_dags/example_sensor_decorator.py
[2024-09-09T08:22:45.964+0000] {logging_mixin.py:190} INFO - [2024-09-09T08:22:45.964+0000] {dag.py:3229} INFO - Sync 1 DAGs
[2024-09-09T08:22:46.024+0000] {logging_mixin.py:190} INFO - [2024-09-09T08:22:46.022+0000] {dag.py:4156} INFO - Setting next_dagrun for example_sensor_decorator to None, run_after=None
[2024-09-09T08:22:46.095+0000] {processor.py:208} INFO - Processing /home/airflow/.local/lib/python3.12/site-packages/airflow/example_dags/example_sensor_decorator.py took 0.215 seconds
[2024-09-09T08:23:16.282+0000] {processor.py:186} INFO - Started process (PID=10916) to work on /home/airflow/.local/lib/python3.12/site-packages/airflow/example_dags/example_sensor_decorator.py
[2024-09-09T08:23:16.284+0000] {processor.py:914} INFO - Processing file /home/airflow/.local/lib/python3.12/site-packages/airflow/example_dags/example_sensor_decorator.py for tasks to queue
[2024-09-09T08:23:16.286+0000] {logging_mixin.py:190} INFO - [2024-09-09T08:23:16.286+0000] {dagbag.py:587} INFO - Filling up the DagBag from /home/airflow/.local/lib/python3.12/site-packages/airflow/example_dags/example_sensor_decorator.py
[2024-09-09T08:23:16.293+0000] {processor.py:925} INFO - DAG(s) 'example_sensor_decorator' retrieved from /home/airflow/.local/lib/python3.12/site-packages/airflow/example_dags/example_sensor_decorator.py
[2024-09-09T08:23:16.310+0000] {logging_mixin.py:190} INFO - [2024-09-09T08:23:16.309+0000] {dag.py:3229} INFO - Sync 1 DAGs
[2024-09-09T08:23:16.320+0000] {logging_mixin.py:190} INFO - [2024-09-09T08:23:16.320+0000] {dag.py:4156} INFO - Setting next_dagrun for example_sensor_decorator to None, run_after=None
[2024-09-09T08:23:16.339+0000] {processor.py:208} INFO - Processing /home/airflow/.local/lib/python3.12/site-packages/airflow/example_dags/example_sensor_decorator.py took 0.062 seconds
[2024-09-09T08:23:47.346+0000] {processor.py:186} INFO - Started process (PID=11202) to work on /home/airflow/.local/lib/python3.12/site-packages/airflow/example_dags/example_sensor_decorator.py
[2024-09-09T08:23:47.347+0000] {processor.py:914} INFO - Processing file /home/airflow/.local/lib/python3.12/site-packages/airflow/example_dags/example_sensor_decorator.py for tasks to queue
[2024-09-09T08:23:47.349+0000] {logging_mixin.py:190} INFO - [2024-09-09T08:23:47.349+0000] {dagbag.py:587} INFO - Filling up the DagBag from /home/airflow/.local/lib/python3.12/site-packages/airflow/example_dags/example_sensor_decorator.py
[2024-09-09T08:23:47.356+0000] {processor.py:925} INFO - DAG(s) 'example_sensor_decorator' retrieved from /home/airflow/.local/lib/python3.12/site-packages/airflow/example_dags/example_sensor_decorator.py
[2024-09-09T08:23:47.373+0000] {logging_mixin.py:190} INFO - [2024-09-09T08:23:47.373+0000] {dag.py:3229} INFO - Sync 1 DAGs
[2024-09-09T08:23:47.385+0000] {logging_mixin.py:190} INFO - [2024-09-09T08:23:47.385+0000] {dag.py:4156} INFO - Setting next_dagrun for example_sensor_decorator to None, run_after=None
[2024-09-09T08:23:47.402+0000] {processor.py:208} INFO - Processing /home/airflow/.local/lib/python3.12/site-packages/airflow/example_dags/example_sensor_decorator.py took 0.061 seconds
[2024-09-09T08:24:17.663+0000] {processor.py:186} INFO - Started process (PID=11486) to work on /home/airflow/.local/lib/python3.12/site-packages/airflow/example_dags/example_sensor_decorator.py
[2024-09-09T08:24:17.665+0000] {processor.py:914} INFO - Processing file /home/airflow/.local/lib/python3.12/site-packages/airflow/example_dags/example_sensor_decorator.py for tasks to queue
[2024-09-09T08:24:17.669+0000] {logging_mixin.py:190} INFO - [2024-09-09T08:24:17.668+0000] {dagbag.py:587} INFO - Filling up the DagBag from /home/airflow/.local/lib/python3.12/site-packages/airflow/example_dags/example_sensor_decorator.py
[2024-09-09T08:24:17.679+0000] {processor.py:925} INFO - DAG(s) 'example_sensor_decorator' retrieved from /home/airflow/.local/lib/python3.12/site-packages/airflow/example_dags/example_sensor_decorator.py
[2024-09-09T08:24:17.697+0000] {logging_mixin.py:190} INFO - [2024-09-09T08:24:17.697+0000] {dag.py:3229} INFO - Sync 1 DAGs
[2024-09-09T08:24:17.709+0000] {logging_mixin.py:190} INFO - [2024-09-09T08:24:17.709+0000] {dag.py:4156} INFO - Setting next_dagrun for example_sensor_decorator to None, run_after=None
[2024-09-09T08:24:17.726+0000] {processor.py:208} INFO - Processing /home/airflow/.local/lib/python3.12/site-packages/airflow/example_dags/example_sensor_decorator.py took 0.071 seconds
[2024-09-09T08:24:47.954+0000] {processor.py:186} INFO - Started process (PID=11772) to work on /home/airflow/.local/lib/python3.12/site-packages/airflow/example_dags/example_sensor_decorator.py
[2024-09-09T08:24:47.955+0000] {processor.py:914} INFO - Processing file /home/airflow/.local/lib/python3.12/site-packages/airflow/example_dags/example_sensor_decorator.py for tasks to queue
[2024-09-09T08:24:47.957+0000] {logging_mixin.py:190} INFO - [2024-09-09T08:24:47.957+0000] {dagbag.py:587} INFO - Filling up the DagBag from /home/airflow/.local/lib/python3.12/site-packages/airflow/example_dags/example_sensor_decorator.py
[2024-09-09T08:24:47.963+0000] {processor.py:925} INFO - DAG(s) 'example_sensor_decorator' retrieved from /home/airflow/.local/lib/python3.12/site-packages/airflow/example_dags/example_sensor_decorator.py
[2024-09-09T08:24:47.980+0000] {logging_mixin.py:190} INFO - [2024-09-09T08:24:47.979+0000] {dag.py:3229} INFO - Sync 1 DAGs
[2024-09-09T08:24:47.992+0000] {logging_mixin.py:190} INFO - [2024-09-09T08:24:47.992+0000] {dag.py:4156} INFO - Setting next_dagrun for example_sensor_decorator to None, run_after=None
[2024-09-09T08:24:48.011+0000] {processor.py:208} INFO - Processing /home/airflow/.local/lib/python3.12/site-packages/airflow/example_dags/example_sensor_decorator.py took 0.062 seconds
[2024-09-09T08:25:18.495+0000] {processor.py:186} INFO - Started process (PID=12058) to work on /home/airflow/.local/lib/python3.12/site-packages/airflow/example_dags/example_sensor_decorator.py
[2024-09-09T08:25:18.497+0000] {processor.py:914} INFO - Processing file /home/airflow/.local/lib/python3.12/site-packages/airflow/example_dags/example_sensor_decorator.py for tasks to queue
[2024-09-09T08:25:18.505+0000] {logging_mixin.py:190} INFO - [2024-09-09T08:25:18.505+0000] {dagbag.py:587} INFO - Filling up the DagBag from /home/airflow/.local/lib/python3.12/site-packages/airflow/example_dags/example_sensor_decorator.py
[2024-09-09T08:25:18.515+0000] {processor.py:925} INFO - DAG(s) 'example_sensor_decorator' retrieved from /home/airflow/.local/lib/python3.12/site-packages/airflow/example_dags/example_sensor_decorator.py
[2024-09-09T08:25:18.530+0000] {logging_mixin.py:190} INFO - [2024-09-09T08:25:18.530+0000] {dag.py:3229} INFO - Sync 1 DAGs
[2024-09-09T08:25:18.542+0000] {logging_mixin.py:190} INFO - [2024-09-09T08:25:18.542+0000] {dag.py:4156} INFO - Setting next_dagrun for example_sensor_decorator to None, run_after=None
[2024-09-09T08:25:18.559+0000] {processor.py:208} INFO - Processing /home/airflow/.local/lib/python3.12/site-packages/airflow/example_dags/example_sensor_decorator.py took 0.073 seconds
[2024-09-09T08:25:48.876+0000] {processor.py:186} INFO - Started process (PID=12345) to work on /home/airflow/.local/lib/python3.12/site-packages/airflow/example_dags/example_sensor_decorator.py
[2024-09-09T08:25:48.877+0000] {processor.py:914} INFO - Processing file /home/airflow/.local/lib/python3.12/site-packages/airflow/example_dags/example_sensor_decorator.py for tasks to queue
[2024-09-09T08:25:48.880+0000] {logging_mixin.py:190} INFO - [2024-09-09T08:25:48.879+0000] {dagbag.py:587} INFO - Filling up the DagBag from /home/airflow/.local/lib/python3.12/site-packages/airflow/example_dags/example_sensor_decorator.py
[2024-09-09T08:25:48.888+0000] {processor.py:925} INFO - DAG(s) 'example_sensor_decorator' retrieved from /home/airflow/.local/lib/python3.12/site-packages/airflow/example_dags/example_sensor_decorator.py
[2024-09-09T08:25:48.904+0000] {logging_mixin.py:190} INFO - [2024-09-09T08:25:48.904+0000] {dag.py:3229} INFO - Sync 1 DAGs
[2024-09-09T08:25:48.925+0000] {logging_mixin.py:190} INFO - [2024-09-09T08:25:48.925+0000] {dag.py:4156} INFO - Setting next_dagrun for example_sensor_decorator to None, run_after=None
[2024-09-09T08:25:48.941+0000] {processor.py:208} INFO - Processing /home/airflow/.local/lib/python3.12/site-packages/airflow/example_dags/example_sensor_decorator.py took 0.071 seconds
[2024-09-09T08:26:19.700+0000] {processor.py:186} INFO - Started process (PID=12631) to work on /home/airflow/.local/lib/python3.12/site-packages/airflow/example_dags/example_sensor_decorator.py
[2024-09-09T08:26:19.701+0000] {processor.py:914} INFO - Processing file /home/airflow/.local/lib/python3.12/site-packages/airflow/example_dags/example_sensor_decorator.py for tasks to queue
[2024-09-09T08:26:19.703+0000] {logging_mixin.py:190} INFO - [2024-09-09T08:26:19.703+0000] {dagbag.py:587} INFO - Filling up the DagBag from /home/airflow/.local/lib/python3.12/site-packages/airflow/example_dags/example_sensor_decorator.py
[2024-09-09T08:26:19.711+0000] {processor.py:925} INFO - DAG(s) 'example_sensor_decorator' retrieved from /home/airflow/.local/lib/python3.12/site-packages/airflow/example_dags/example_sensor_decorator.py
[2024-09-09T08:26:19.729+0000] {logging_mixin.py:190} INFO - [2024-09-09T08:26:19.729+0000] {dag.py:3229} INFO - Sync 1 DAGs
[2024-09-09T08:26:19.743+0000] {logging_mixin.py:190} INFO - [2024-09-09T08:26:19.743+0000] {dag.py:4156} INFO - Setting next_dagrun for example_sensor_decorator to None, run_after=None
[2024-09-09T08:26:19.762+0000] {processor.py:208} INFO - Processing /home/airflow/.local/lib/python3.12/site-packages/airflow/example_dags/example_sensor_decorator.py took 0.066 seconds
[2024-09-09T08:26:50.391+0000] {processor.py:186} INFO - Started process (PID=12917) to work on /home/airflow/.local/lib/python3.12/site-packages/airflow/example_dags/example_sensor_decorator.py
[2024-09-09T08:26:50.393+0000] {processor.py:914} INFO - Processing file /home/airflow/.local/lib/python3.12/site-packages/airflow/example_dags/example_sensor_decorator.py for tasks to queue
[2024-09-09T08:26:50.395+0000] {logging_mixin.py:190} INFO - [2024-09-09T08:26:50.395+0000] {dagbag.py:587} INFO - Filling up the DagBag from /home/airflow/.local/lib/python3.12/site-packages/airflow/example_dags/example_sensor_decorator.py
[2024-09-09T08:26:50.402+0000] {processor.py:925} INFO - DAG(s) 'example_sensor_decorator' retrieved from /home/airflow/.local/lib/python3.12/site-packages/airflow/example_dags/example_sensor_decorator.py
[2024-09-09T08:26:50.418+0000] {logging_mixin.py:190} INFO - [2024-09-09T08:26:50.418+0000] {dag.py:3229} INFO - Sync 1 DAGs
[2024-09-09T08:26:50.429+0000] {logging_mixin.py:190} INFO - [2024-09-09T08:26:50.429+0000] {dag.py:4156} INFO - Setting next_dagrun for example_sensor_decorator to None, run_after=None
[2024-09-09T08:26:50.447+0000] {processor.py:208} INFO - Processing /home/airflow/.local/lib/python3.12/site-packages/airflow/example_dags/example_sensor_decorator.py took 0.062 seconds
[2024-09-09T08:27:20.994+0000] {processor.py:186} INFO - Started process (PID=13203) to work on /home/airflow/.local/lib/python3.12/site-packages/airflow/example_dags/example_sensor_decorator.py
[2024-09-09T08:27:20.996+0000] {processor.py:914} INFO - Processing file /home/airflow/.local/lib/python3.12/site-packages/airflow/example_dags/example_sensor_decorator.py for tasks to queue
[2024-09-09T08:27:21.000+0000] {logging_mixin.py:190} INFO - [2024-09-09T08:27:21.000+0000] {dagbag.py:587} INFO - Filling up the DagBag from /home/airflow/.local/lib/python3.12/site-packages/airflow/example_dags/example_sensor_decorator.py
[2024-09-09T08:27:21.011+0000] {processor.py:925} INFO - DAG(s) 'example_sensor_decorator' retrieved from /home/airflow/.local/lib/python3.12/site-packages/airflow/example_dags/example_sensor_decorator.py
[2024-09-09T08:27:21.034+0000] {logging_mixin.py:190} INFO - [2024-09-09T08:27:21.034+0000] {dag.py:3229} INFO - Sync 1 DAGs
[2024-09-09T08:27:21.047+0000] {logging_mixin.py:190} INFO - [2024-09-09T08:27:21.047+0000] {dag.py:4156} INFO - Setting next_dagrun for example_sensor_decorator to None, run_after=None
[2024-09-09T08:27:21.068+0000] {processor.py:208} INFO - Processing /home/airflow/.local/lib/python3.12/site-packages/airflow/example_dags/example_sensor_decorator.py took 0.080 seconds
[2024-09-09T08:27:52.180+0000] {processor.py:186} INFO - Started process (PID=13489) to work on /home/airflow/.local/lib/python3.12/site-packages/airflow/example_dags/example_sensor_decorator.py
[2024-09-09T08:27:52.181+0000] {processor.py:914} INFO - Processing file /home/airflow/.local/lib/python3.12/site-packages/airflow/example_dags/example_sensor_decorator.py for tasks to queue
[2024-09-09T08:27:52.183+0000] {logging_mixin.py:190} INFO - [2024-09-09T08:27:52.183+0000] {dagbag.py:587} INFO - Filling up the DagBag from /home/airflow/.local/lib/python3.12/site-packages/airflow/example_dags/example_sensor_decorator.py
[2024-09-09T08:27:52.192+0000] {processor.py:925} INFO - DAG(s) 'example_sensor_decorator' retrieved from /home/airflow/.local/lib/python3.12/site-packages/airflow/example_dags/example_sensor_decorator.py
[2024-09-09T08:27:52.211+0000] {logging_mixin.py:190} INFO - [2024-09-09T08:27:52.211+0000] {dag.py:3229} INFO - Sync 1 DAGs
[2024-09-09T08:27:52.225+0000] {logging_mixin.py:190} INFO - [2024-09-09T08:27:52.225+0000] {dag.py:4156} INFO - Setting next_dagrun for example_sensor_decorator to None, run_after=None
[2024-09-09T08:27:52.243+0000] {processor.py:208} INFO - Processing /home/airflow/.local/lib/python3.12/site-packages/airflow/example_dags/example_sensor_decorator.py took 0.069 seconds
[2024-09-09T08:28:24.998+0000] {processor.py:186} INFO - Started process (PID=13777) to work on /home/airflow/.local/lib/python3.12/site-packages/airflow/example_dags/example_sensor_decorator.py
[2024-09-09T08:28:24.999+0000] {processor.py:914} INFO - Processing file /home/airflow/.local/lib/python3.12/site-packages/airflow/example_dags/example_sensor_decorator.py for tasks to queue
[2024-09-09T08:28:25.002+0000] {logging_mixin.py:190} INFO - [2024-09-09T08:28:25.001+0000] {dagbag.py:587} INFO - Filling up the DagBag from /home/airflow/.local/lib/python3.12/site-packages/airflow/example_dags/example_sensor_decorator.py
[2024-09-09T08:28:25.012+0000] {processor.py:925} INFO - DAG(s) 'example_sensor_decorator' retrieved from /home/airflow/.local/lib/python3.12/site-packages/airflow/example_dags/example_sensor_decorator.py
[2024-09-09T08:28:25.033+0000] {logging_mixin.py:190} INFO - [2024-09-09T08:28:25.033+0000] {dag.py:3229} INFO - Sync 1 DAGs
[2024-09-09T08:28:25.049+0000] {logging_mixin.py:190} INFO - [2024-09-09T08:28:25.049+0000] {dag.py:4156} INFO - Setting next_dagrun for example_sensor_decorator to None, run_after=None
[2024-09-09T08:28:25.071+0000] {processor.py:208} INFO - Processing /home/airflow/.local/lib/python3.12/site-packages/airflow/example_dags/example_sensor_decorator.py took 0.081 seconds
[2024-09-09T08:28:56.454+0000] {processor.py:186} INFO - Started process (PID=14063) to work on /home/airflow/.local/lib/python3.12/site-packages/airflow/example_dags/example_sensor_decorator.py
[2024-09-09T08:28:56.456+0000] {processor.py:914} INFO - Processing file /home/airflow/.local/lib/python3.12/site-packages/airflow/example_dags/example_sensor_decorator.py for tasks to queue
[2024-09-09T08:28:56.459+0000] {logging_mixin.py:190} INFO - [2024-09-09T08:28:56.459+0000] {dagbag.py:587} INFO - Filling up the DagBag from /home/airflow/.local/lib/python3.12/site-packages/airflow/example_dags/example_sensor_decorator.py
[2024-09-09T08:28:56.470+0000] {processor.py:925} INFO - DAG(s) 'example_sensor_decorator' retrieved from /home/airflow/.local/lib/python3.12/site-packages/airflow/example_dags/example_sensor_decorator.py
[2024-09-09T08:28:56.499+0000] {logging_mixin.py:190} INFO - [2024-09-09T08:28:56.499+0000] {dag.py:3229} INFO - Sync 1 DAGs
[2024-09-09T08:28:56.520+0000] {logging_mixin.py:190} INFO - [2024-09-09T08:28:56.520+0000] {dag.py:4156} INFO - Setting next_dagrun for example_sensor_decorator to None, run_after=None
[2024-09-09T08:28:56.548+0000] {processor.py:208} INFO - Processing /home/airflow/.local/lib/python3.12/site-packages/airflow/example_dags/example_sensor_decorator.py took 0.103 seconds
[2024-09-09T08:29:27.273+0000] {processor.py:186} INFO - Started process (PID=14347) to work on /home/airflow/.local/lib/python3.12/site-packages/airflow/example_dags/example_sensor_decorator.py
[2024-09-09T08:29:27.275+0000] {processor.py:914} INFO - Processing file /home/airflow/.local/lib/python3.12/site-packages/airflow/example_dags/example_sensor_decorator.py for tasks to queue
[2024-09-09T08:29:27.278+0000] {logging_mixin.py:190} INFO - [2024-09-09T08:29:27.278+0000] {dagbag.py:587} INFO - Filling up the DagBag from /home/airflow/.local/lib/python3.12/site-packages/airflow/example_dags/example_sensor_decorator.py
[2024-09-09T08:29:27.290+0000] {processor.py:925} INFO - DAG(s) 'example_sensor_decorator' retrieved from /home/airflow/.local/lib/python3.12/site-packages/airflow/example_dags/example_sensor_decorator.py
[2024-09-09T08:29:27.321+0000] {logging_mixin.py:190} INFO - [2024-09-09T08:29:27.320+0000] {dag.py:3229} INFO - Sync 1 DAGs
[2024-09-09T08:29:27.344+0000] {logging_mixin.py:190} INFO - [2024-09-09T08:29:27.344+0000] {dag.py:4156} INFO - Setting next_dagrun for example_sensor_decorator to None, run_after=None
[2024-09-09T08:29:27.379+0000] {processor.py:208} INFO - Processing /home/airflow/.local/lib/python3.12/site-packages/airflow/example_dags/example_sensor_decorator.py took 0.113 seconds
[2024-09-09T08:29:57.746+0000] {processor.py:186} INFO - Started process (PID=14633) to work on /home/airflow/.local/lib/python3.12/site-packages/airflow/example_dags/example_sensor_decorator.py
[2024-09-09T08:29:57.748+0000] {processor.py:914} INFO - Processing file /home/airflow/.local/lib/python3.12/site-packages/airflow/example_dags/example_sensor_decorator.py for tasks to queue
[2024-09-09T08:29:57.751+0000] {logging_mixin.py:190} INFO - [2024-09-09T08:29:57.751+0000] {dagbag.py:587} INFO - Filling up the DagBag from /home/airflow/.local/lib/python3.12/site-packages/airflow/example_dags/example_sensor_decorator.py
[2024-09-09T08:29:57.761+0000] {processor.py:925} INFO - DAG(s) 'example_sensor_decorator' retrieved from /home/airflow/.local/lib/python3.12/site-packages/airflow/example_dags/example_sensor_decorator.py
[2024-09-09T08:29:57.782+0000] {logging_mixin.py:190} INFO - [2024-09-09T08:29:57.782+0000] {dag.py:3229} INFO - Sync 1 DAGs
[2024-09-09T08:29:57.798+0000] {logging_mixin.py:190} INFO - [2024-09-09T08:29:57.797+0000] {dag.py:4156} INFO - Setting next_dagrun for example_sensor_decorator to None, run_after=None
[2024-09-09T08:29:57.830+0000] {processor.py:208} INFO - Processing /home/airflow/.local/lib/python3.12/site-packages/airflow/example_dags/example_sensor_decorator.py took 0.091 seconds
[2024-09-09T08:30:28.405+0000] {processor.py:186} INFO - Started process (PID=14919) to work on /home/airflow/.local/lib/python3.12/site-packages/airflow/example_dags/example_sensor_decorator.py
[2024-09-09T08:30:28.406+0000] {processor.py:914} INFO - Processing file /home/airflow/.local/lib/python3.12/site-packages/airflow/example_dags/example_sensor_decorator.py for tasks to queue
[2024-09-09T08:30:28.409+0000] {logging_mixin.py:190} INFO - [2024-09-09T08:30:28.408+0000] {dagbag.py:587} INFO - Filling up the DagBag from /home/airflow/.local/lib/python3.12/site-packages/airflow/example_dags/example_sensor_decorator.py
[2024-09-09T08:30:28.419+0000] {processor.py:925} INFO - DAG(s) 'example_sensor_decorator' retrieved from /home/airflow/.local/lib/python3.12/site-packages/airflow/example_dags/example_sensor_decorator.py
[2024-09-09T08:30:28.440+0000] {logging_mixin.py:190} INFO - [2024-09-09T08:30:28.440+0000] {dag.py:3229} INFO - Sync 1 DAGs
[2024-09-09T08:30:28.457+0000] {logging_mixin.py:190} INFO - [2024-09-09T08:30:28.456+0000] {dag.py:4156} INFO - Setting next_dagrun for example_sensor_decorator to None, run_after=None
[2024-09-09T08:30:28.480+0000] {processor.py:208} INFO - Processing /home/airflow/.local/lib/python3.12/site-packages/airflow/example_dags/example_sensor_decorator.py took 0.082 seconds
[2024-09-09T08:30:59.584+0000] {processor.py:186} INFO - Started process (PID=15205) to work on /home/airflow/.local/lib/python3.12/site-packages/airflow/example_dags/example_sensor_decorator.py
[2024-09-09T08:30:59.586+0000] {processor.py:914} INFO - Processing file /home/airflow/.local/lib/python3.12/site-packages/airflow/example_dags/example_sensor_decorator.py for tasks to queue
[2024-09-09T08:30:59.589+0000] {logging_mixin.py:190} INFO - [2024-09-09T08:30:59.589+0000] {dagbag.py:587} INFO - Filling up the DagBag from /home/airflow/.local/lib/python3.12/site-packages/airflow/example_dags/example_sensor_decorator.py
[2024-09-09T08:30:59.603+0000] {processor.py:925} INFO - DAG(s) 'example_sensor_decorator' retrieved from /home/airflow/.local/lib/python3.12/site-packages/airflow/example_dags/example_sensor_decorator.py
[2024-09-09T08:30:59.625+0000] {logging_mixin.py:190} INFO - [2024-09-09T08:30:59.625+0000] {dag.py:3229} INFO - Sync 1 DAGs
[2024-09-09T08:30:59.646+0000] {logging_mixin.py:190} INFO - [2024-09-09T08:30:59.646+0000] {dag.py:4156} INFO - Setting next_dagrun for example_sensor_decorator to None, run_after=None
[2024-09-09T08:30:59.674+0000] {processor.py:208} INFO - Processing /home/airflow/.local/lib/python3.12/site-packages/airflow/example_dags/example_sensor_decorator.py took 0.098 seconds
[2024-09-09T08:31:30.799+0000] {processor.py:186} INFO - Started process (PID=15491) to work on /home/airflow/.local/lib/python3.12/site-packages/airflow/example_dags/example_sensor_decorator.py
[2024-09-09T08:31:30.801+0000] {processor.py:914} INFO - Processing file /home/airflow/.local/lib/python3.12/site-packages/airflow/example_dags/example_sensor_decorator.py for tasks to queue
[2024-09-09T08:31:30.804+0000] {logging_mixin.py:190} INFO - [2024-09-09T08:31:30.803+0000] {dagbag.py:587} INFO - Filling up the DagBag from /home/airflow/.local/lib/python3.12/site-packages/airflow/example_dags/example_sensor_decorator.py
[2024-09-09T08:31:30.814+0000] {processor.py:925} INFO - DAG(s) 'example_sensor_decorator' retrieved from /home/airflow/.local/lib/python3.12/site-packages/airflow/example_dags/example_sensor_decorator.py
[2024-09-09T08:31:30.835+0000] {logging_mixin.py:190} INFO - [2024-09-09T08:31:30.835+0000] {dag.py:3229} INFO - Sync 1 DAGs
[2024-09-09T08:31:30.852+0000] {logging_mixin.py:190} INFO - [2024-09-09T08:31:30.851+0000] {dag.py:4156} INFO - Setting next_dagrun for example_sensor_decorator to None, run_after=None
[2024-09-09T08:31:30.874+0000] {processor.py:208} INFO - Processing /home/airflow/.local/lib/python3.12/site-packages/airflow/example_dags/example_sensor_decorator.py took 0.082 seconds
[2024-09-09T08:32:01.699+0000] {processor.py:186} INFO - Started process (PID=15779) to work on /home/airflow/.local/lib/python3.12/site-packages/airflow/example_dags/example_sensor_decorator.py
[2024-09-09T08:32:01.700+0000] {processor.py:914} INFO - Processing file /home/airflow/.local/lib/python3.12/site-packages/airflow/example_dags/example_sensor_decorator.py for tasks to queue
[2024-09-09T08:32:01.702+0000] {logging_mixin.py:190} INFO - [2024-09-09T08:32:01.702+0000] {dagbag.py:587} INFO - Filling up the DagBag from /home/airflow/.local/lib/python3.12/site-packages/airflow/example_dags/example_sensor_decorator.py
[2024-09-09T08:32:01.709+0000] {processor.py:925} INFO - DAG(s) 'example_sensor_decorator' retrieved from /home/airflow/.local/lib/python3.12/site-packages/airflow/example_dags/example_sensor_decorator.py
[2024-09-09T08:32:01.750+0000] {logging_mixin.py:190} INFO - [2024-09-09T08:32:01.750+0000] {dag.py:3229} INFO - Sync 1 DAGs
[2024-09-09T08:32:01.762+0000] {logging_mixin.py:190} INFO - [2024-09-09T08:32:01.762+0000] {dag.py:4156} INFO - Setting next_dagrun for example_sensor_decorator to None, run_after=None
[2024-09-09T08:32:01.779+0000] {processor.py:208} INFO - Processing /home/airflow/.local/lib/python3.12/site-packages/airflow/example_dags/example_sensor_decorator.py took 0.085 seconds
[2024-09-09T08:32:33.642+0000] {processor.py:186} INFO - Started process (PID=16063) to work on /home/airflow/.local/lib/python3.12/site-packages/airflow/example_dags/example_sensor_decorator.py
[2024-09-09T08:32:33.644+0000] {processor.py:914} INFO - Processing file /home/airflow/.local/lib/python3.12/site-packages/airflow/example_dags/example_sensor_decorator.py for tasks to queue
[2024-09-09T08:32:33.647+0000] {logging_mixin.py:190} INFO - [2024-09-09T08:32:33.647+0000] {dagbag.py:587} INFO - Filling up the DagBag from /home/airflow/.local/lib/python3.12/site-packages/airflow/example_dags/example_sensor_decorator.py
[2024-09-09T08:32:33.673+0000] {processor.py:925} INFO - DAG(s) 'example_sensor_decorator' retrieved from /home/airflow/.local/lib/python3.12/site-packages/airflow/example_dags/example_sensor_decorator.py
[2024-09-09T08:32:33.708+0000] {logging_mixin.py:190} INFO - [2024-09-09T08:32:33.707+0000] {dag.py:3229} INFO - Sync 1 DAGs
[2024-09-09T08:32:33.732+0000] {logging_mixin.py:190} INFO - [2024-09-09T08:32:33.732+0000] {dag.py:4156} INFO - Setting next_dagrun for example_sensor_decorator to None, run_after=None
[2024-09-09T08:32:33.765+0000] {processor.py:208} INFO - Processing /home/airflow/.local/lib/python3.12/site-packages/airflow/example_dags/example_sensor_decorator.py took 0.132 seconds
[2024-09-09T08:33:03.878+0000] {processor.py:186} INFO - Started process (PID=16350) to work on /home/airflow/.local/lib/python3.12/site-packages/airflow/example_dags/example_sensor_decorator.py
[2024-09-09T08:33:03.880+0000] {processor.py:914} INFO - Processing file /home/airflow/.local/lib/python3.12/site-packages/airflow/example_dags/example_sensor_decorator.py for tasks to queue
[2024-09-09T08:33:03.883+0000] {logging_mixin.py:190} INFO - [2024-09-09T08:33:03.882+0000] {dagbag.py:587} INFO - Filling up the DagBag from /home/airflow/.local/lib/python3.12/site-packages/airflow/example_dags/example_sensor_decorator.py
[2024-09-09T08:33:03.892+0000] {processor.py:925} INFO - DAG(s) 'example_sensor_decorator' retrieved from /home/airflow/.local/lib/python3.12/site-packages/airflow/example_dags/example_sensor_decorator.py
[2024-09-09T08:33:03.916+0000] {logging_mixin.py:190} INFO - [2024-09-09T08:33:03.916+0000] {dag.py:3229} INFO - Sync 1 DAGs
[2024-09-09T08:33:03.935+0000] {logging_mixin.py:190} INFO - [2024-09-09T08:33:03.935+0000] {dag.py:4156} INFO - Setting next_dagrun for example_sensor_decorator to None, run_after=None
[2024-09-09T08:33:03.961+0000] {processor.py:208} INFO - Processing /home/airflow/.local/lib/python3.12/site-packages/airflow/example_dags/example_sensor_decorator.py took 0.090 seconds
[2024-09-09T08:33:34.990+0000] {processor.py:186} INFO - Started process (PID=16634) to work on /home/airflow/.local/lib/python3.12/site-packages/airflow/example_dags/example_sensor_decorator.py
[2024-09-09T08:33:34.991+0000] {processor.py:914} INFO - Processing file /home/airflow/.local/lib/python3.12/site-packages/airflow/example_dags/example_sensor_decorator.py for tasks to queue
[2024-09-09T08:33:34.994+0000] {logging_mixin.py:190} INFO - [2024-09-09T08:33:34.993+0000] {dagbag.py:587} INFO - Filling up the DagBag from /home/airflow/.local/lib/python3.12/site-packages/airflow/example_dags/example_sensor_decorator.py
[2024-09-09T08:33:35.004+0000] {processor.py:925} INFO - DAG(s) 'example_sensor_decorator' retrieved from /home/airflow/.local/lib/python3.12/site-packages/airflow/example_dags/example_sensor_decorator.py
[2024-09-09T08:33:35.028+0000] {logging_mixin.py:190} INFO - [2024-09-09T08:33:35.028+0000] {dag.py:3229} INFO - Sync 1 DAGs
[2024-09-09T08:33:35.050+0000] {logging_mixin.py:190} INFO - [2024-09-09T08:33:35.050+0000] {dag.py:4156} INFO - Setting next_dagrun for example_sensor_decorator to None, run_after=None
[2024-09-09T08:33:35.074+0000] {processor.py:208} INFO - Processing /home/airflow/.local/lib/python3.12/site-packages/airflow/example_dags/example_sensor_decorator.py took 0.091 seconds
[2024-09-09T08:34:06.450+0000] {processor.py:186} INFO - Started process (PID=16920) to work on /home/airflow/.local/lib/python3.12/site-packages/airflow/example_dags/example_sensor_decorator.py
[2024-09-09T08:34:06.452+0000] {processor.py:914} INFO - Processing file /home/airflow/.local/lib/python3.12/site-packages/airflow/example_dags/example_sensor_decorator.py for tasks to queue
[2024-09-09T08:34:06.454+0000] {logging_mixin.py:190} INFO - [2024-09-09T08:34:06.454+0000] {dagbag.py:587} INFO - Filling up the DagBag from /home/airflow/.local/lib/python3.12/site-packages/airflow/example_dags/example_sensor_decorator.py
[2024-09-09T08:34:06.462+0000] {processor.py:925} INFO - DAG(s) 'example_sensor_decorator' retrieved from /home/airflow/.local/lib/python3.12/site-packages/airflow/example_dags/example_sensor_decorator.py
[2024-09-09T08:34:06.654+0000] {logging_mixin.py:190} INFO - [2024-09-09T08:34:06.653+0000] {dag.py:3229} INFO - Sync 1 DAGs
[2024-09-09T08:34:06.666+0000] {logging_mixin.py:190} INFO - [2024-09-09T08:34:06.666+0000] {dag.py:4156} INFO - Setting next_dagrun for example_sensor_decorator to None, run_after=None
[2024-09-09T08:34:06.685+0000] {processor.py:208} INFO - Processing /home/airflow/.local/lib/python3.12/site-packages/airflow/example_dags/example_sensor_decorator.py took 0.239 seconds
[2024-09-09T08:34:37.546+0000] {processor.py:186} INFO - Started process (PID=17206) to work on /home/airflow/.local/lib/python3.12/site-packages/airflow/example_dags/example_sensor_decorator.py
[2024-09-09T08:34:37.547+0000] {processor.py:914} INFO - Processing file /home/airflow/.local/lib/python3.12/site-packages/airflow/example_dags/example_sensor_decorator.py for tasks to queue
[2024-09-09T08:34:37.550+0000] {logging_mixin.py:190} INFO - [2024-09-09T08:34:37.549+0000] {dagbag.py:587} INFO - Filling up the DagBag from /home/airflow/.local/lib/python3.12/site-packages/airflow/example_dags/example_sensor_decorator.py
[2024-09-09T08:34:37.556+0000] {processor.py:925} INFO - DAG(s) 'example_sensor_decorator' retrieved from /home/airflow/.local/lib/python3.12/site-packages/airflow/example_dags/example_sensor_decorator.py
[2024-09-09T08:34:37.575+0000] {logging_mixin.py:190} INFO - [2024-09-09T08:34:37.575+0000] {dag.py:3229} INFO - Sync 1 DAGs
[2024-09-09T08:34:37.589+0000] {logging_mixin.py:190} INFO - [2024-09-09T08:34:37.588+0000] {dag.py:4156} INFO - Setting next_dagrun for example_sensor_decorator to None, run_after=None
[2024-09-09T08:34:37.612+0000] {processor.py:208} INFO - Processing /home/airflow/.local/lib/python3.12/site-packages/airflow/example_dags/example_sensor_decorator.py took 0.071 seconds
[2024-09-09T08:35:08.196+0000] {processor.py:186} INFO - Started process (PID=17492) to work on /home/airflow/.local/lib/python3.12/site-packages/airflow/example_dags/example_sensor_decorator.py
[2024-09-09T08:35:08.197+0000] {processor.py:914} INFO - Processing file /home/airflow/.local/lib/python3.12/site-packages/airflow/example_dags/example_sensor_decorator.py for tasks to queue
[2024-09-09T08:35:08.199+0000] {logging_mixin.py:190} INFO - [2024-09-09T08:35:08.199+0000] {dagbag.py:587} INFO - Filling up the DagBag from /home/airflow/.local/lib/python3.12/site-packages/airflow/example_dags/example_sensor_decorator.py
[2024-09-09T08:35:08.206+0000] {processor.py:925} INFO - DAG(s) 'example_sensor_decorator' retrieved from /home/airflow/.local/lib/python3.12/site-packages/airflow/example_dags/example_sensor_decorator.py
[2024-09-09T08:35:08.226+0000] {logging_mixin.py:190} INFO - [2024-09-09T08:35:08.226+0000] {dag.py:3229} INFO - Sync 1 DAGs
[2024-09-09T08:35:08.238+0000] {logging_mixin.py:190} INFO - [2024-09-09T08:35:08.238+0000] {dag.py:4156} INFO - Setting next_dagrun for example_sensor_decorator to None, run_after=None
[2024-09-09T08:35:08.257+0000] {processor.py:208} INFO - Processing /home/airflow/.local/lib/python3.12/site-packages/airflow/example_dags/example_sensor_decorator.py took 0.067 seconds
[2024-09-09T08:35:38.714+0000] {processor.py:186} INFO - Started process (PID=17778) to work on /home/airflow/.local/lib/python3.12/site-packages/airflow/example_dags/example_sensor_decorator.py
[2024-09-09T08:35:38.715+0000] {processor.py:914} INFO - Processing file /home/airflow/.local/lib/python3.12/site-packages/airflow/example_dags/example_sensor_decorator.py for tasks to queue
[2024-09-09T08:35:38.718+0000] {logging_mixin.py:190} INFO - [2024-09-09T08:35:38.717+0000] {dagbag.py:587} INFO - Filling up the DagBag from /home/airflow/.local/lib/python3.12/site-packages/airflow/example_dags/example_sensor_decorator.py
[2024-09-09T08:35:38.726+0000] {processor.py:925} INFO - DAG(s) 'example_sensor_decorator' retrieved from /home/airflow/.local/lib/python3.12/site-packages/airflow/example_dags/example_sensor_decorator.py
[2024-09-09T08:35:38.745+0000] {logging_mixin.py:190} INFO - [2024-09-09T08:35:38.745+0000] {dag.py:3229} INFO - Sync 1 DAGs
[2024-09-09T08:35:38.763+0000] {logging_mixin.py:190} INFO - [2024-09-09T08:35:38.763+0000] {dag.py:4156} INFO - Setting next_dagrun for example_sensor_decorator to None, run_after=None
[2024-09-09T08:35:38.786+0000] {processor.py:208} INFO - Processing /home/airflow/.local/lib/python3.12/site-packages/airflow/example_dags/example_sensor_decorator.py took 0.078 seconds
[2024-09-09T08:36:09.640+0000] {processor.py:186} INFO - Started process (PID=18064) to work on /home/airflow/.local/lib/python3.12/site-packages/airflow/example_dags/example_sensor_decorator.py
[2024-09-09T08:36:09.641+0000] {processor.py:914} INFO - Processing file /home/airflow/.local/lib/python3.12/site-packages/airflow/example_dags/example_sensor_decorator.py for tasks to queue
[2024-09-09T08:36:09.645+0000] {logging_mixin.py:190} INFO - [2024-09-09T08:36:09.644+0000] {dagbag.py:587} INFO - Filling up the DagBag from /home/airflow/.local/lib/python3.12/site-packages/airflow/example_dags/example_sensor_decorator.py
[2024-09-09T08:36:09.655+0000] {processor.py:925} INFO - DAG(s) 'example_sensor_decorator' retrieved from /home/airflow/.local/lib/python3.12/site-packages/airflow/example_dags/example_sensor_decorator.py
[2024-09-09T08:36:09.679+0000] {logging_mixin.py:190} INFO - [2024-09-09T08:36:09.679+0000] {dag.py:3229} INFO - Sync 1 DAGs
[2024-09-09T08:36:09.698+0000] {logging_mixin.py:190} INFO - [2024-09-09T08:36:09.698+0000] {dag.py:4156} INFO - Setting next_dagrun for example_sensor_decorator to None, run_after=None
[2024-09-09T08:36:09.726+0000] {processor.py:208} INFO - Processing /home/airflow/.local/lib/python3.12/site-packages/airflow/example_dags/example_sensor_decorator.py took 0.092 seconds
[2024-09-09T08:36:39.916+0000] {processor.py:186} INFO - Started process (PID=18350) to work on /home/airflow/.local/lib/python3.12/site-packages/airflow/example_dags/example_sensor_decorator.py
[2024-09-09T08:36:39.917+0000] {processor.py:914} INFO - Processing file /home/airflow/.local/lib/python3.12/site-packages/airflow/example_dags/example_sensor_decorator.py for tasks to queue
[2024-09-09T08:36:39.919+0000] {logging_mixin.py:190} INFO - [2024-09-09T08:36:39.919+0000] {dagbag.py:587} INFO - Filling up the DagBag from /home/airflow/.local/lib/python3.12/site-packages/airflow/example_dags/example_sensor_decorator.py
[2024-09-09T08:36:39.927+0000] {processor.py:925} INFO - DAG(s) 'example_sensor_decorator' retrieved from /home/airflow/.local/lib/python3.12/site-packages/airflow/example_dags/example_sensor_decorator.py
[2024-09-09T08:36:39.945+0000] {logging_mixin.py:190} INFO - [2024-09-09T08:36:39.945+0000] {dag.py:3229} INFO - Sync 1 DAGs
[2024-09-09T08:36:39.959+0000] {logging_mixin.py:190} INFO - [2024-09-09T08:36:39.959+0000] {dag.py:4156} INFO - Setting next_dagrun for example_sensor_decorator to None, run_after=None
[2024-09-09T08:36:39.979+0000] {processor.py:208} INFO - Processing /home/airflow/.local/lib/python3.12/site-packages/airflow/example_dags/example_sensor_decorator.py took 0.068 seconds
[2024-09-09T08:37:10.622+0000] {processor.py:186} INFO - Started process (PID=18636) to work on /home/airflow/.local/lib/python3.12/site-packages/airflow/example_dags/example_sensor_decorator.py
[2024-09-09T08:37:10.624+0000] {processor.py:914} INFO - Processing file /home/airflow/.local/lib/python3.12/site-packages/airflow/example_dags/example_sensor_decorator.py for tasks to queue
[2024-09-09T08:37:10.628+0000] {logging_mixin.py:190} INFO - [2024-09-09T08:37:10.628+0000] {dagbag.py:587} INFO - Filling up the DagBag from /home/airflow/.local/lib/python3.12/site-packages/airflow/example_dags/example_sensor_decorator.py
[2024-09-09T08:37:10.644+0000] {processor.py:925} INFO - DAG(s) 'example_sensor_decorator' retrieved from /home/airflow/.local/lib/python3.12/site-packages/airflow/example_dags/example_sensor_decorator.py
[2024-09-09T08:37:10.679+0000] {logging_mixin.py:190} INFO - [2024-09-09T08:37:10.678+0000] {dag.py:3229} INFO - Sync 1 DAGs
[2024-09-09T08:37:10.728+0000] {logging_mixin.py:190} INFO - [2024-09-09T08:37:10.728+0000] {dag.py:4156} INFO - Setting next_dagrun for example_sensor_decorator to None, run_after=None
[2024-09-09T08:37:10.780+0000] {processor.py:208} INFO - Processing /home/airflow/.local/lib/python3.12/site-packages/airflow/example_dags/example_sensor_decorator.py took 0.167 seconds
[2024-09-09T08:37:41.513+0000] {processor.py:186} INFO - Started process (PID=18924) to work on /home/airflow/.local/lib/python3.12/site-packages/airflow/example_dags/example_sensor_decorator.py
[2024-09-09T08:37:41.514+0000] {processor.py:914} INFO - Processing file /home/airflow/.local/lib/python3.12/site-packages/airflow/example_dags/example_sensor_decorator.py for tasks to queue
[2024-09-09T08:37:41.517+0000] {logging_mixin.py:190} INFO - [2024-09-09T08:37:41.516+0000] {dagbag.py:587} INFO - Filling up the DagBag from /home/airflow/.local/lib/python3.12/site-packages/airflow/example_dags/example_sensor_decorator.py
[2024-09-09T08:37:41.525+0000] {processor.py:925} INFO - DAG(s) 'example_sensor_decorator' retrieved from /home/airflow/.local/lib/python3.12/site-packages/airflow/example_dags/example_sensor_decorator.py
[2024-09-09T08:37:41.546+0000] {logging_mixin.py:190} INFO - [2024-09-09T08:37:41.546+0000] {dag.py:3229} INFO - Sync 1 DAGs
[2024-09-09T08:37:41.561+0000] {logging_mixin.py:190} INFO - [2024-09-09T08:37:41.560+0000] {dag.py:4156} INFO - Setting next_dagrun for example_sensor_decorator to None, run_after=None
[2024-09-09T08:37:41.585+0000] {processor.py:208} INFO - Processing /home/airflow/.local/lib/python3.12/site-packages/airflow/example_dags/example_sensor_decorator.py took 0.078 seconds
[2024-09-09T08:38:12.311+0000] {processor.py:186} INFO - Started process (PID=19210) to work on /home/airflow/.local/lib/python3.12/site-packages/airflow/example_dags/example_sensor_decorator.py
[2024-09-09T08:38:12.312+0000] {processor.py:914} INFO - Processing file /home/airflow/.local/lib/python3.12/site-packages/airflow/example_dags/example_sensor_decorator.py for tasks to queue
[2024-09-09T08:38:12.315+0000] {logging_mixin.py:190} INFO - [2024-09-09T08:38:12.314+0000] {dagbag.py:587} INFO - Filling up the DagBag from /home/airflow/.local/lib/python3.12/site-packages/airflow/example_dags/example_sensor_decorator.py
[2024-09-09T08:38:12.323+0000] {processor.py:925} INFO - DAG(s) 'example_sensor_decorator' retrieved from /home/airflow/.local/lib/python3.12/site-packages/airflow/example_dags/example_sensor_decorator.py
[2024-09-09T08:38:12.346+0000] {logging_mixin.py:190} INFO - [2024-09-09T08:38:12.346+0000] {dag.py:3229} INFO - Sync 1 DAGs
[2024-09-09T08:38:12.363+0000] {logging_mixin.py:190} INFO - [2024-09-09T08:38:12.363+0000] {dag.py:4156} INFO - Setting next_dagrun for example_sensor_decorator to None, run_after=None
[2024-09-09T08:38:12.383+0000] {processor.py:208} INFO - Processing /home/airflow/.local/lib/python3.12/site-packages/airflow/example_dags/example_sensor_decorator.py took 0.078 seconds
[2024-09-09T08:38:43.299+0000] {processor.py:186} INFO - Started process (PID=19502) to work on /home/airflow/.local/lib/python3.12/site-packages/airflow/example_dags/example_sensor_decorator.py
[2024-09-09T08:38:43.300+0000] {processor.py:914} INFO - Processing file /home/airflow/.local/lib/python3.12/site-packages/airflow/example_dags/example_sensor_decorator.py for tasks to queue
[2024-09-09T08:38:43.303+0000] {logging_mixin.py:190} INFO - [2024-09-09T08:38:43.303+0000] {dagbag.py:587} INFO - Filling up the DagBag from /home/airflow/.local/lib/python3.12/site-packages/airflow/example_dags/example_sensor_decorator.py
[2024-09-09T08:38:43.312+0000] {processor.py:925} INFO - DAG(s) 'example_sensor_decorator' retrieved from /home/airflow/.local/lib/python3.12/site-packages/airflow/example_dags/example_sensor_decorator.py
[2024-09-09T08:38:43.334+0000] {logging_mixin.py:190} INFO - [2024-09-09T08:38:43.334+0000] {dag.py:3229} INFO - Sync 1 DAGs
[2024-09-09T08:38:43.354+0000] {logging_mixin.py:190} INFO - [2024-09-09T08:38:43.353+0000] {dag.py:4156} INFO - Setting next_dagrun for example_sensor_decorator to None, run_after=None
[2024-09-09T08:38:43.383+0000] {processor.py:208} INFO - Processing /home/airflow/.local/lib/python3.12/site-packages/airflow/example_dags/example_sensor_decorator.py took 0.091 seconds
[2024-09-09T08:39:13.626+0000] {processor.py:186} INFO - Started process (PID=19786) to work on /home/airflow/.local/lib/python3.12/site-packages/airflow/example_dags/example_sensor_decorator.py
[2024-09-09T08:39:13.628+0000] {processor.py:914} INFO - Processing file /home/airflow/.local/lib/python3.12/site-packages/airflow/example_dags/example_sensor_decorator.py for tasks to queue
[2024-09-09T08:39:13.631+0000] {logging_mixin.py:190} INFO - [2024-09-09T08:39:13.631+0000] {dagbag.py:587} INFO - Filling up the DagBag from /home/airflow/.local/lib/python3.12/site-packages/airflow/example_dags/example_sensor_decorator.py
[2024-09-09T08:39:13.641+0000] {processor.py:925} INFO - DAG(s) 'example_sensor_decorator' retrieved from /home/airflow/.local/lib/python3.12/site-packages/airflow/example_dags/example_sensor_decorator.py
[2024-09-09T08:39:13.666+0000] {logging_mixin.py:190} INFO - [2024-09-09T08:39:13.666+0000] {dag.py:3229} INFO - Sync 1 DAGs
[2024-09-09T08:39:13.685+0000] {logging_mixin.py:190} INFO - [2024-09-09T08:39:13.684+0000] {dag.py:4156} INFO - Setting next_dagrun for example_sensor_decorator to None, run_after=None
[2024-09-09T08:39:13.708+0000] {processor.py:208} INFO - Processing /home/airflow/.local/lib/python3.12/site-packages/airflow/example_dags/example_sensor_decorator.py took 0.092 seconds
[2024-09-09T08:39:44.141+0000] {processor.py:186} INFO - Started process (PID=20072) to work on /home/airflow/.local/lib/python3.12/site-packages/airflow/example_dags/example_sensor_decorator.py
[2024-09-09T08:39:44.142+0000] {processor.py:914} INFO - Processing file /home/airflow/.local/lib/python3.12/site-packages/airflow/example_dags/example_sensor_decorator.py for tasks to queue
[2024-09-09T08:39:44.145+0000] {logging_mixin.py:190} INFO - [2024-09-09T08:39:44.145+0000] {dagbag.py:587} INFO - Filling up the DagBag from /home/airflow/.local/lib/python3.12/site-packages/airflow/example_dags/example_sensor_decorator.py
[2024-09-09T08:39:44.153+0000] {processor.py:925} INFO - DAG(s) 'example_sensor_decorator' retrieved from /home/airflow/.local/lib/python3.12/site-packages/airflow/example_dags/example_sensor_decorator.py
[2024-09-09T08:39:44.170+0000] {logging_mixin.py:190} INFO - [2024-09-09T08:39:44.170+0000] {dag.py:3229} INFO - Sync 1 DAGs
[2024-09-09T08:39:44.182+0000] {logging_mixin.py:190} INFO - [2024-09-09T08:39:44.182+0000] {dag.py:4156} INFO - Setting next_dagrun for example_sensor_decorator to None, run_after=None
[2024-09-09T08:39:44.202+0000] {processor.py:208} INFO - Processing /home/airflow/.local/lib/python3.12/site-packages/airflow/example_dags/example_sensor_decorator.py took 0.067 seconds
[2024-09-09T08:40:14.439+0000] {processor.py:186} INFO - Started process (PID=20358) to work on /home/airflow/.local/lib/python3.12/site-packages/airflow/example_dags/example_sensor_decorator.py
[2024-09-09T08:40:14.440+0000] {processor.py:914} INFO - Processing file /home/airflow/.local/lib/python3.12/site-packages/airflow/example_dags/example_sensor_decorator.py for tasks to queue
[2024-09-09T08:40:14.443+0000] {logging_mixin.py:190} INFO - [2024-09-09T08:40:14.442+0000] {dagbag.py:587} INFO - Filling up the DagBag from /home/airflow/.local/lib/python3.12/site-packages/airflow/example_dags/example_sensor_decorator.py
[2024-09-09T08:40:14.451+0000] {processor.py:925} INFO - DAG(s) 'example_sensor_decorator' retrieved from /home/airflow/.local/lib/python3.12/site-packages/airflow/example_dags/example_sensor_decorator.py
[2024-09-09T08:40:14.471+0000] {logging_mixin.py:190} INFO - [2024-09-09T08:40:14.471+0000] {dag.py:3229} INFO - Sync 1 DAGs
[2024-09-09T08:40:14.484+0000] {logging_mixin.py:190} INFO - [2024-09-09T08:40:14.483+0000] {dag.py:4156} INFO - Setting next_dagrun for example_sensor_decorator to None, run_after=None
[2024-09-09T08:40:14.502+0000] {processor.py:208} INFO - Processing /home/airflow/.local/lib/python3.12/site-packages/airflow/example_dags/example_sensor_decorator.py took 0.068 seconds
[2024-09-09T08:40:45.234+0000] {processor.py:186} INFO - Started process (PID=20644) to work on /home/airflow/.local/lib/python3.12/site-packages/airflow/example_dags/example_sensor_decorator.py
[2024-09-09T08:40:45.235+0000] {processor.py:914} INFO - Processing file /home/airflow/.local/lib/python3.12/site-packages/airflow/example_dags/example_sensor_decorator.py for tasks to queue
[2024-09-09T08:40:45.238+0000] {logging_mixin.py:190} INFO - [2024-09-09T08:40:45.238+0000] {dagbag.py:587} INFO - Filling up the DagBag from /home/airflow/.local/lib/python3.12/site-packages/airflow/example_dags/example_sensor_decorator.py
[2024-09-09T08:40:45.251+0000] {processor.py:925} INFO - DAG(s) 'example_sensor_decorator' retrieved from /home/airflow/.local/lib/python3.12/site-packages/airflow/example_dags/example_sensor_decorator.py
[2024-09-09T08:40:45.271+0000] {logging_mixin.py:190} INFO - [2024-09-09T08:40:45.271+0000] {dag.py:3229} INFO - Sync 1 DAGs
[2024-09-09T08:40:45.287+0000] {logging_mixin.py:190} INFO - [2024-09-09T08:40:45.287+0000] {dag.py:4156} INFO - Setting next_dagrun for example_sensor_decorator to None, run_after=None
[2024-09-09T08:40:45.309+0000] {processor.py:208} INFO - Processing /home/airflow/.local/lib/python3.12/site-packages/airflow/example_dags/example_sensor_decorator.py took 0.082 seconds
[2024-09-09T08:41:15.697+0000] {processor.py:186} INFO - Started process (PID=20931) to work on /home/airflow/.local/lib/python3.12/site-packages/airflow/example_dags/example_sensor_decorator.py
[2024-09-09T08:41:15.699+0000] {processor.py:914} INFO - Processing file /home/airflow/.local/lib/python3.12/site-packages/airflow/example_dags/example_sensor_decorator.py for tasks to queue
[2024-09-09T08:41:15.701+0000] {logging_mixin.py:190} INFO - [2024-09-09T08:41:15.700+0000] {dagbag.py:587} INFO - Filling up the DagBag from /home/airflow/.local/lib/python3.12/site-packages/airflow/example_dags/example_sensor_decorator.py
[2024-09-09T08:41:15.710+0000] {processor.py:925} INFO - DAG(s) 'example_sensor_decorator' retrieved from /home/airflow/.local/lib/python3.12/site-packages/airflow/example_dags/example_sensor_decorator.py
[2024-09-09T08:41:15.733+0000] {logging_mixin.py:190} INFO - [2024-09-09T08:41:15.733+0000] {dag.py:3229} INFO - Sync 1 DAGs
[2024-09-09T08:41:15.750+0000] {logging_mixin.py:190} INFO - [2024-09-09T08:41:15.750+0000] {dag.py:4156} INFO - Setting next_dagrun for example_sensor_decorator to None, run_after=None
[2024-09-09T08:41:15.779+0000] {processor.py:208} INFO - Processing /home/airflow/.local/lib/python3.12/site-packages/airflow/example_dags/example_sensor_decorator.py took 0.088 seconds
