[2024-09-09T08:04:24.152+0000] {processor.py:186} INFO - Started process (PID=375) to work on /home/airflow/.local/lib/python3.12/site-packages/airflow/example_dags/example_sla_dag.py
[2024-09-09T08:04:24.154+0000] {processor.py:914} INFO - Processing file /home/airflow/.local/lib/python3.12/site-packages/airflow/example_dags/example_sla_dag.py for tasks to queue
[2024-09-09T08:04:24.157+0000] {logging_mixin.py:190} INFO - [2024-09-09T08:04:24.156+0000] {dagbag.py:587} INFO - Filling up the DagBag from /home/airflow/.local/lib/python3.12/site-packages/airflow/example_dags/example_sla_dag.py
[2024-09-09T08:04:24.172+0000] {processor.py:925} INFO - DAG(s) 'example_sla_dag' retrieved from /home/airflow/.local/lib/python3.12/site-packages/airflow/example_dags/example_sla_dag.py
[2024-09-09T08:04:24.298+0000] {logging_mixin.py:190} INFO - [2024-09-09T08:04:24.298+0000] {override.py:1900} INFO - Created Permission View: can edit on DAG:example_sla_dag
[2024-09-09T08:04:24.310+0000] {logging_mixin.py:190} INFO - [2024-09-09T08:04:24.310+0000] {override.py:1900} INFO - Created Permission View: can delete on DAG:example_sla_dag
[2024-09-09T08:04:24.319+0000] {logging_mixin.py:190} INFO - [2024-09-09T08:04:24.319+0000] {override.py:1900} INFO - Created Permission View: can read on DAG:example_sla_dag
[2024-09-09T08:04:24.332+0000] {logging_mixin.py:190} INFO - [2024-09-09T08:04:24.332+0000] {override.py:1900} INFO - Created Permission View: can create on DAG Run:example_sla_dag
[2024-09-09T08:04:24.341+0000] {logging_mixin.py:190} INFO - [2024-09-09T08:04:24.341+0000] {override.py:1900} INFO - Created Permission View: can delete on DAG Run:example_sla_dag
[2024-09-09T08:04:24.350+0000] {logging_mixin.py:190} INFO - [2024-09-09T08:04:24.350+0000] {override.py:1900} INFO - Created Permission View: menu access on DAG Run:example_sla_dag
[2024-09-09T08:04:24.359+0000] {logging_mixin.py:190} INFO - [2024-09-09T08:04:24.359+0000] {override.py:1900} INFO - Created Permission View: can read on DAG Run:example_sla_dag
[2024-09-09T08:04:24.360+0000] {logging_mixin.py:190} INFO - [2024-09-09T08:04:24.360+0000] {dag.py:3229} INFO - Sync 1 DAGs
[2024-09-09T08:04:24.375+0000] {logging_mixin.py:190} INFO - [2024-09-09T08:04:24.375+0000] {dag.py:3252} INFO - Creating ORM DAG for example_sla_dag
[2024-09-09T08:04:24.395+0000] {logging_mixin.py:190} INFO - [2024-09-09T08:04:24.394+0000] {dag.py:4156} INFO - Setting next_dagrun for example_sla_dag to 2024-09-09 08:02:00+00:00, run_after=2024-09-09 08:04:00+00:00
[2024-09-09T08:04:24.418+0000] {processor.py:208} INFO - Processing /home/airflow/.local/lib/python3.12/site-packages/airflow/example_dags/example_sla_dag.py took 0.274 seconds
[2024-09-09T08:04:54.894+0000] {processor.py:186} INFO - Started process (PID=661) to work on /home/airflow/.local/lib/python3.12/site-packages/airflow/example_dags/example_sla_dag.py
[2024-09-09T08:04:54.895+0000] {processor.py:914} INFO - Processing file /home/airflow/.local/lib/python3.12/site-packages/airflow/example_dags/example_sla_dag.py for tasks to queue
[2024-09-09T08:04:54.898+0000] {logging_mixin.py:190} INFO - [2024-09-09T08:04:54.898+0000] {dagbag.py:587} INFO - Filling up the DagBag from /home/airflow/.local/lib/python3.12/site-packages/airflow/example_dags/example_sla_dag.py
[2024-09-09T08:04:54.914+0000] {processor.py:925} INFO - DAG(s) 'example_sla_dag' retrieved from /home/airflow/.local/lib/python3.12/site-packages/airflow/example_dags/example_sla_dag.py
[2024-09-09T08:04:54.942+0000] {logging_mixin.py:190} INFO - [2024-09-09T08:04:54.942+0000] {dag.py:3229} INFO - Sync 1 DAGs
[2024-09-09T08:04:54.998+0000] {logging_mixin.py:190} INFO - [2024-09-09T08:04:54.997+0000] {dag.py:4156} INFO - Setting next_dagrun for example_sla_dag to 2024-09-09 08:02:00+00:00, run_after=2024-09-09 08:04:00+00:00
[2024-09-09T08:04:55.041+0000] {processor.py:208} INFO - Processing /home/airflow/.local/lib/python3.12/site-packages/airflow/example_dags/example_sla_dag.py took 0.156 seconds
[2024-09-09T08:05:25.806+0000] {processor.py:186} INFO - Started process (PID=947) to work on /home/airflow/.local/lib/python3.12/site-packages/airflow/example_dags/example_sla_dag.py
[2024-09-09T08:05:25.807+0000] {processor.py:914} INFO - Processing file /home/airflow/.local/lib/python3.12/site-packages/airflow/example_dags/example_sla_dag.py for tasks to queue
[2024-09-09T08:05:25.810+0000] {logging_mixin.py:190} INFO - [2024-09-09T08:05:25.809+0000] {dagbag.py:587} INFO - Filling up the DagBag from /home/airflow/.local/lib/python3.12/site-packages/airflow/example_dags/example_sla_dag.py
[2024-09-09T08:05:25.825+0000] {processor.py:925} INFO - DAG(s) 'example_sla_dag' retrieved from /home/airflow/.local/lib/python3.12/site-packages/airflow/example_dags/example_sla_dag.py
[2024-09-09T08:05:25.848+0000] {logging_mixin.py:190} INFO - [2024-09-09T08:05:25.848+0000] {dag.py:3229} INFO - Sync 1 DAGs
[2024-09-09T08:05:25.876+0000] {logging_mixin.py:190} INFO - [2024-09-09T08:05:25.876+0000] {dag.py:4156} INFO - Setting next_dagrun for example_sla_dag to 2024-09-09 08:02:00+00:00, run_after=2024-09-09 08:04:00+00:00
[2024-09-09T08:05:25.896+0000] {processor.py:208} INFO - Processing /home/airflow/.local/lib/python3.12/site-packages/airflow/example_dags/example_sla_dag.py took 0.097 seconds
[2024-09-09T08:05:57.038+0000] {processor.py:186} INFO - Started process (PID=1233) to work on /home/airflow/.local/lib/python3.12/site-packages/airflow/example_dags/example_sla_dag.py
[2024-09-09T08:05:57.039+0000] {processor.py:914} INFO - Processing file /home/airflow/.local/lib/python3.12/site-packages/airflow/example_dags/example_sla_dag.py for tasks to queue
[2024-09-09T08:05:57.043+0000] {logging_mixin.py:190} INFO - [2024-09-09T08:05:57.042+0000] {dagbag.py:587} INFO - Filling up the DagBag from /home/airflow/.local/lib/python3.12/site-packages/airflow/example_dags/example_sla_dag.py
[2024-09-09T08:05:57.058+0000] {processor.py:925} INFO - DAG(s) 'example_sla_dag' retrieved from /home/airflow/.local/lib/python3.12/site-packages/airflow/example_dags/example_sla_dag.py
[2024-09-09T08:05:57.080+0000] {logging_mixin.py:190} INFO - [2024-09-09T08:05:57.080+0000] {dag.py:3229} INFO - Sync 1 DAGs
[2024-09-09T08:05:57.111+0000] {logging_mixin.py:190} INFO - [2024-09-09T08:05:57.111+0000] {dag.py:4156} INFO - Setting next_dagrun for example_sla_dag to 2024-09-09 08:02:00+00:00, run_after=2024-09-09 08:04:00+00:00
[2024-09-09T08:05:57.237+0000] {processor.py:208} INFO - Processing /home/airflow/.local/lib/python3.12/site-packages/airflow/example_dags/example_sla_dag.py took 0.208 seconds
[2024-09-09T08:06:27.606+0000] {processor.py:186} INFO - Started process (PID=1519) to work on /home/airflow/.local/lib/python3.12/site-packages/airflow/example_dags/example_sla_dag.py
[2024-09-09T08:06:27.607+0000] {processor.py:914} INFO - Processing file /home/airflow/.local/lib/python3.12/site-packages/airflow/example_dags/example_sla_dag.py for tasks to queue
[2024-09-09T08:06:27.609+0000] {logging_mixin.py:190} INFO - [2024-09-09T08:06:27.609+0000] {dagbag.py:587} INFO - Filling up the DagBag from /home/airflow/.local/lib/python3.12/site-packages/airflow/example_dags/example_sla_dag.py
[2024-09-09T08:06:27.617+0000] {processor.py:925} INFO - DAG(s) 'example_sla_dag' retrieved from /home/airflow/.local/lib/python3.12/site-packages/airflow/example_dags/example_sla_dag.py
[2024-09-09T08:06:27.634+0000] {logging_mixin.py:190} INFO - [2024-09-09T08:06:27.634+0000] {dag.py:3229} INFO - Sync 1 DAGs
[2024-09-09T08:06:27.657+0000] {logging_mixin.py:190} INFO - [2024-09-09T08:06:27.657+0000] {dag.py:4156} INFO - Setting next_dagrun for example_sla_dag to 2024-09-09 08:04:00+00:00, run_after=2024-09-09 08:06:00+00:00
[2024-09-09T08:06:27.674+0000] {processor.py:208} INFO - Processing /home/airflow/.local/lib/python3.12/site-packages/airflow/example_dags/example_sla_dag.py took 0.073 seconds
[2024-09-09T08:06:58.364+0000] {processor.py:186} INFO - Started process (PID=1805) to work on /home/airflow/.local/lib/python3.12/site-packages/airflow/example_dags/example_sla_dag.py
[2024-09-09T08:06:58.366+0000] {processor.py:914} INFO - Processing file /home/airflow/.local/lib/python3.12/site-packages/airflow/example_dags/example_sla_dag.py for tasks to queue
[2024-09-09T08:06:58.368+0000] {logging_mixin.py:190} INFO - [2024-09-09T08:06:58.367+0000] {dagbag.py:587} INFO - Filling up the DagBag from /home/airflow/.local/lib/python3.12/site-packages/airflow/example_dags/example_sla_dag.py
[2024-09-09T08:06:58.376+0000] {processor.py:925} INFO - DAG(s) 'example_sla_dag' retrieved from /home/airflow/.local/lib/python3.12/site-packages/airflow/example_dags/example_sla_dag.py
[2024-09-09T08:06:58.391+0000] {logging_mixin.py:190} INFO - [2024-09-09T08:06:58.391+0000] {dag.py:3229} INFO - Sync 1 DAGs
[2024-09-09T08:06:58.413+0000] {logging_mixin.py:190} INFO - [2024-09-09T08:06:58.413+0000] {dag.py:4156} INFO - Setting next_dagrun for example_sla_dag to 2024-09-09 08:04:00+00:00, run_after=2024-09-09 08:06:00+00:00
[2024-09-09T08:06:58.431+0000] {processor.py:208} INFO - Processing /home/airflow/.local/lib/python3.12/site-packages/airflow/example_dags/example_sla_dag.py took 0.072 seconds
[2024-09-09T08:07:28.719+0000] {processor.py:186} INFO - Started process (PID=2094) to work on /home/airflow/.local/lib/python3.12/site-packages/airflow/example_dags/example_sla_dag.py
[2024-09-09T08:07:28.720+0000] {processor.py:914} INFO - Processing file /home/airflow/.local/lib/python3.12/site-packages/airflow/example_dags/example_sla_dag.py for tasks to queue
[2024-09-09T08:07:28.723+0000] {logging_mixin.py:190} INFO - [2024-09-09T08:07:28.723+0000] {dagbag.py:587} INFO - Filling up the DagBag from /home/airflow/.local/lib/python3.12/site-packages/airflow/example_dags/example_sla_dag.py
[2024-09-09T08:07:28.733+0000] {processor.py:925} INFO - DAG(s) 'example_sla_dag' retrieved from /home/airflow/.local/lib/python3.12/site-packages/airflow/example_dags/example_sla_dag.py
[2024-09-09T08:07:28.753+0000] {logging_mixin.py:190} INFO - [2024-09-09T08:07:28.753+0000] {dag.py:3229} INFO - Sync 1 DAGs
[2024-09-09T08:07:28.795+0000] {logging_mixin.py:190} INFO - [2024-09-09T08:07:28.795+0000] {dag.py:4156} INFO - Setting next_dagrun for example_sla_dag to 2024-09-09 08:04:00+00:00, run_after=2024-09-09 08:06:00+00:00
[2024-09-09T08:07:28.895+0000] {processor.py:208} INFO - Processing /home/airflow/.local/lib/python3.12/site-packages/airflow/example_dags/example_sla_dag.py took 0.182 seconds
[2024-09-09T08:07:59.576+0000] {processor.py:186} INFO - Started process (PID=2378) to work on /home/airflow/.local/lib/python3.12/site-packages/airflow/example_dags/example_sla_dag.py
[2024-09-09T08:07:59.578+0000] {processor.py:914} INFO - Processing file /home/airflow/.local/lib/python3.12/site-packages/airflow/example_dags/example_sla_dag.py for tasks to queue
[2024-09-09T08:07:59.581+0000] {logging_mixin.py:190} INFO - [2024-09-09T08:07:59.581+0000] {dagbag.py:587} INFO - Filling up the DagBag from /home/airflow/.local/lib/python3.12/site-packages/airflow/example_dags/example_sla_dag.py
[2024-09-09T08:07:59.595+0000] {processor.py:925} INFO - DAG(s) 'example_sla_dag' retrieved from /home/airflow/.local/lib/python3.12/site-packages/airflow/example_dags/example_sla_dag.py
[2024-09-09T08:07:59.618+0000] {logging_mixin.py:190} INFO - [2024-09-09T08:07:59.618+0000] {dag.py:3229} INFO - Sync 1 DAGs
[2024-09-09T08:07:59.650+0000] {logging_mixin.py:190} INFO - [2024-09-09T08:07:59.650+0000] {dag.py:4156} INFO - Setting next_dagrun for example_sla_dag to 2024-09-09 08:04:00+00:00, run_after=2024-09-09 08:06:00+00:00
[2024-09-09T08:07:59.683+0000] {processor.py:208} INFO - Processing /home/airflow/.local/lib/python3.12/site-packages/airflow/example_dags/example_sla_dag.py took 0.114 seconds
[2024-09-09T08:08:30.483+0000] {processor.py:186} INFO - Started process (PID=2664) to work on /home/airflow/.local/lib/python3.12/site-packages/airflow/example_dags/example_sla_dag.py
[2024-09-09T08:08:30.485+0000] {processor.py:914} INFO - Processing file /home/airflow/.local/lib/python3.12/site-packages/airflow/example_dags/example_sla_dag.py for tasks to queue
[2024-09-09T08:08:30.489+0000] {logging_mixin.py:190} INFO - [2024-09-09T08:08:30.488+0000] {dagbag.py:587} INFO - Filling up the DagBag from /home/airflow/.local/lib/python3.12/site-packages/airflow/example_dags/example_sla_dag.py
[2024-09-09T08:08:30.503+0000] {processor.py:925} INFO - DAG(s) 'example_sla_dag' retrieved from /home/airflow/.local/lib/python3.12/site-packages/airflow/example_dags/example_sla_dag.py
[2024-09-09T08:08:30.531+0000] {logging_mixin.py:190} INFO - [2024-09-09T08:08:30.530+0000] {dag.py:3229} INFO - Sync 1 DAGs
[2024-09-09T08:08:30.565+0000] {logging_mixin.py:190} INFO - [2024-09-09T08:08:30.565+0000] {dag.py:4156} INFO - Setting next_dagrun for example_sla_dag to 2024-09-09 08:06:00+00:00, run_after=2024-09-09 08:08:00+00:00
[2024-09-09T08:08:30.587+0000] {processor.py:208} INFO - Processing /home/airflow/.local/lib/python3.12/site-packages/airflow/example_dags/example_sla_dag.py took 0.112 seconds
[2024-09-09T08:09:01.063+0000] {processor.py:186} INFO - Started process (PID=2950) to work on /home/airflow/.local/lib/python3.12/site-packages/airflow/example_dags/example_sla_dag.py
[2024-09-09T08:09:01.065+0000] {processor.py:914} INFO - Processing file /home/airflow/.local/lib/python3.12/site-packages/airflow/example_dags/example_sla_dag.py for tasks to queue
[2024-09-09T08:09:01.067+0000] {logging_mixin.py:190} INFO - [2024-09-09T08:09:01.067+0000] {dagbag.py:587} INFO - Filling up the DagBag from /home/airflow/.local/lib/python3.12/site-packages/airflow/example_dags/example_sla_dag.py
[2024-09-09T08:09:01.085+0000] {processor.py:925} INFO - DAG(s) 'example_sla_dag' retrieved from /home/airflow/.local/lib/python3.12/site-packages/airflow/example_dags/example_sla_dag.py
[2024-09-09T08:09:01.120+0000] {logging_mixin.py:190} INFO - [2024-09-09T08:09:01.120+0000] {dag.py:3229} INFO - Sync 1 DAGs
[2024-09-09T08:09:01.172+0000] {logging_mixin.py:190} INFO - [2024-09-09T08:09:01.172+0000] {dag.py:4156} INFO - Setting next_dagrun for example_sla_dag to 2024-09-09 08:06:00+00:00, run_after=2024-09-09 08:08:00+00:00
[2024-09-09T08:09:01.201+0000] {processor.py:208} INFO - Processing /home/airflow/.local/lib/python3.12/site-packages/airflow/example_dags/example_sla_dag.py took 0.146 seconds
[2024-09-09T08:09:31.367+0000] {processor.py:186} INFO - Started process (PID=3238) to work on /home/airflow/.local/lib/python3.12/site-packages/airflow/example_dags/example_sla_dag.py
[2024-09-09T08:09:31.369+0000] {processor.py:914} INFO - Processing file /home/airflow/.local/lib/python3.12/site-packages/airflow/example_dags/example_sla_dag.py for tasks to queue
[2024-09-09T08:09:31.372+0000] {logging_mixin.py:190} INFO - [2024-09-09T08:09:31.372+0000] {dagbag.py:587} INFO - Filling up the DagBag from /home/airflow/.local/lib/python3.12/site-packages/airflow/example_dags/example_sla_dag.py
[2024-09-09T08:09:31.386+0000] {processor.py:925} INFO - DAG(s) 'example_sla_dag' retrieved from /home/airflow/.local/lib/python3.12/site-packages/airflow/example_dags/example_sla_dag.py
[2024-09-09T08:09:31.412+0000] {logging_mixin.py:190} INFO - [2024-09-09T08:09:31.412+0000] {dag.py:3229} INFO - Sync 1 DAGs
[2024-09-09T08:09:31.447+0000] {logging_mixin.py:190} INFO - [2024-09-09T08:09:31.447+0000] {dag.py:4156} INFO - Setting next_dagrun for example_sla_dag to 2024-09-09 08:06:00+00:00, run_after=2024-09-09 08:08:00+00:00
[2024-09-09T08:09:31.472+0000] {processor.py:208} INFO - Processing /home/airflow/.local/lib/python3.12/site-packages/airflow/example_dags/example_sla_dag.py took 0.113 seconds
[2024-09-09T08:10:01.785+0000] {processor.py:186} INFO - Started process (PID=3522) to work on /home/airflow/.local/lib/python3.12/site-packages/airflow/example_dags/example_sla_dag.py
[2024-09-09T08:10:01.786+0000] {processor.py:914} INFO - Processing file /home/airflow/.local/lib/python3.12/site-packages/airflow/example_dags/example_sla_dag.py for tasks to queue
[2024-09-09T08:10:01.788+0000] {logging_mixin.py:190} INFO - [2024-09-09T08:10:01.788+0000] {dagbag.py:587} INFO - Filling up the DagBag from /home/airflow/.local/lib/python3.12/site-packages/airflow/example_dags/example_sla_dag.py
[2024-09-09T08:10:01.799+0000] {processor.py:925} INFO - DAG(s) 'example_sla_dag' retrieved from /home/airflow/.local/lib/python3.12/site-packages/airflow/example_dags/example_sla_dag.py
[2024-09-09T08:10:01.820+0000] {logging_mixin.py:190} INFO - [2024-09-09T08:10:01.820+0000] {dag.py:3229} INFO - Sync 1 DAGs
[2024-09-09T08:10:01.849+0000] {logging_mixin.py:190} INFO - [2024-09-09T08:10:01.849+0000] {dag.py:4156} INFO - Setting next_dagrun for example_sla_dag to 2024-09-09 08:08:00+00:00, run_after=2024-09-09 08:10:00+00:00
[2024-09-09T08:10:01.868+0000] {processor.py:208} INFO - Processing /home/airflow/.local/lib/python3.12/site-packages/airflow/example_dags/example_sla_dag.py took 0.090 seconds
[2024-09-09T08:10:32.056+0000] {processor.py:186} INFO - Started process (PID=3808) to work on /home/airflow/.local/lib/python3.12/site-packages/airflow/example_dags/example_sla_dag.py
[2024-09-09T08:10:32.057+0000] {processor.py:914} INFO - Processing file /home/airflow/.local/lib/python3.12/site-packages/airflow/example_dags/example_sla_dag.py for tasks to queue
[2024-09-09T08:10:32.060+0000] {logging_mixin.py:190} INFO - [2024-09-09T08:10:32.059+0000] {dagbag.py:587} INFO - Filling up the DagBag from /home/airflow/.local/lib/python3.12/site-packages/airflow/example_dags/example_sla_dag.py
[2024-09-09T08:10:32.068+0000] {processor.py:925} INFO - DAG(s) 'example_sla_dag' retrieved from /home/airflow/.local/lib/python3.12/site-packages/airflow/example_dags/example_sla_dag.py
[2024-09-09T08:10:32.086+0000] {logging_mixin.py:190} INFO - [2024-09-09T08:10:32.086+0000] {dag.py:3229} INFO - Sync 1 DAGs
[2024-09-09T08:10:32.105+0000] {logging_mixin.py:190} INFO - [2024-09-09T08:10:32.105+0000] {dag.py:4156} INFO - Setting next_dagrun for example_sla_dag to 2024-09-09 08:08:00+00:00, run_after=2024-09-09 08:10:00+00:00
[2024-09-09T08:10:32.123+0000] {processor.py:208} INFO - Processing /home/airflow/.local/lib/python3.12/site-packages/airflow/example_dags/example_sla_dag.py took 0.072 seconds
[2024-09-09T08:11:02.785+0000] {processor.py:186} INFO - Started process (PID=4094) to work on /home/airflow/.local/lib/python3.12/site-packages/airflow/example_dags/example_sla_dag.py
[2024-09-09T08:11:02.787+0000] {processor.py:914} INFO - Processing file /home/airflow/.local/lib/python3.12/site-packages/airflow/example_dags/example_sla_dag.py for tasks to queue
[2024-09-09T08:11:02.791+0000] {logging_mixin.py:190} INFO - [2024-09-09T08:11:02.791+0000] {dagbag.py:587} INFO - Filling up the DagBag from /home/airflow/.local/lib/python3.12/site-packages/airflow/example_dags/example_sla_dag.py
[2024-09-09T08:11:02.807+0000] {processor.py:925} INFO - DAG(s) 'example_sla_dag' retrieved from /home/airflow/.local/lib/python3.12/site-packages/airflow/example_dags/example_sla_dag.py
[2024-09-09T08:11:02.834+0000] {logging_mixin.py:190} INFO - [2024-09-09T08:11:02.834+0000] {dag.py:3229} INFO - Sync 1 DAGs
[2024-09-09T08:11:02.874+0000] {logging_mixin.py:190} INFO - [2024-09-09T08:11:02.873+0000] {dag.py:4156} INFO - Setting next_dagrun for example_sla_dag to 2024-09-09 08:08:00+00:00, run_after=2024-09-09 08:10:00+00:00
[2024-09-09T08:11:02.896+0000] {processor.py:208} INFO - Processing /home/airflow/.local/lib/python3.12/site-packages/airflow/example_dags/example_sla_dag.py took 0.119 seconds
[2024-09-09T08:11:33.011+0000] {processor.py:186} INFO - Started process (PID=4380) to work on /home/airflow/.local/lib/python3.12/site-packages/airflow/example_dags/example_sla_dag.py
[2024-09-09T08:11:33.012+0000] {processor.py:914} INFO - Processing file /home/airflow/.local/lib/python3.12/site-packages/airflow/example_dags/example_sla_dag.py for tasks to queue
[2024-09-09T08:11:33.014+0000] {logging_mixin.py:190} INFO - [2024-09-09T08:11:33.013+0000] {dagbag.py:587} INFO - Filling up the DagBag from /home/airflow/.local/lib/python3.12/site-packages/airflow/example_dags/example_sla_dag.py
[2024-09-09T08:11:33.022+0000] {processor.py:925} INFO - DAG(s) 'example_sla_dag' retrieved from /home/airflow/.local/lib/python3.12/site-packages/airflow/example_dags/example_sla_dag.py
[2024-09-09T08:11:33.038+0000] {logging_mixin.py:190} INFO - [2024-09-09T08:11:33.038+0000] {dag.py:3229} INFO - Sync 1 DAGs
[2024-09-09T08:11:33.058+0000] {logging_mixin.py:190} INFO - [2024-09-09T08:11:33.058+0000] {dag.py:4156} INFO - Setting next_dagrun for example_sla_dag to 2024-09-09 08:08:00+00:00, run_after=2024-09-09 08:10:00+00:00
[2024-09-09T08:11:33.083+0000] {processor.py:208} INFO - Processing /home/airflow/.local/lib/python3.12/site-packages/airflow/example_dags/example_sla_dag.py took 0.076 seconds
[2024-09-09T08:12:03.661+0000] {processor.py:186} INFO - Started process (PID=4666) to work on /home/airflow/.local/lib/python3.12/site-packages/airflow/example_dags/example_sla_dag.py
[2024-09-09T08:12:03.662+0000] {processor.py:914} INFO - Processing file /home/airflow/.local/lib/python3.12/site-packages/airflow/example_dags/example_sla_dag.py for tasks to queue
[2024-09-09T08:12:03.665+0000] {logging_mixin.py:190} INFO - [2024-09-09T08:12:03.664+0000] {dagbag.py:587} INFO - Filling up the DagBag from /home/airflow/.local/lib/python3.12/site-packages/airflow/example_dags/example_sla_dag.py
[2024-09-09T08:12:03.675+0000] {processor.py:925} INFO - DAG(s) 'example_sla_dag' retrieved from /home/airflow/.local/lib/python3.12/site-packages/airflow/example_dags/example_sla_dag.py
[2024-09-09T08:12:03.692+0000] {logging_mixin.py:190} INFO - [2024-09-09T08:12:03.692+0000] {dag.py:3229} INFO - Sync 1 DAGs
[2024-09-09T08:12:03.715+0000] {logging_mixin.py:190} INFO - [2024-09-09T08:12:03.715+0000] {dag.py:4156} INFO - Setting next_dagrun for example_sla_dag to 2024-09-09 08:10:00+00:00, run_after=2024-09-09 08:12:00+00:00
[2024-09-09T08:12:03.735+0000] {processor.py:208} INFO - Processing /home/airflow/.local/lib/python3.12/site-packages/airflow/example_dags/example_sla_dag.py took 0.079 seconds
[2024-09-09T08:12:34.004+0000] {processor.py:186} INFO - Started process (PID=4952) to work on /home/airflow/.local/lib/python3.12/site-packages/airflow/example_dags/example_sla_dag.py
[2024-09-09T08:12:34.005+0000] {processor.py:914} INFO - Processing file /home/airflow/.local/lib/python3.12/site-packages/airflow/example_dags/example_sla_dag.py for tasks to queue
[2024-09-09T08:12:34.008+0000] {logging_mixin.py:190} INFO - [2024-09-09T08:12:34.008+0000] {dagbag.py:587} INFO - Filling up the DagBag from /home/airflow/.local/lib/python3.12/site-packages/airflow/example_dags/example_sla_dag.py
[2024-09-09T08:12:34.018+0000] {processor.py:925} INFO - DAG(s) 'example_sla_dag' retrieved from /home/airflow/.local/lib/python3.12/site-packages/airflow/example_dags/example_sla_dag.py
[2024-09-09T08:12:34.035+0000] {logging_mixin.py:190} INFO - [2024-09-09T08:12:34.034+0000] {dag.py:3229} INFO - Sync 1 DAGs
[2024-09-09T08:12:34.059+0000] {logging_mixin.py:190} INFO - [2024-09-09T08:12:34.059+0000] {dag.py:4156} INFO - Setting next_dagrun for example_sla_dag to 2024-09-09 08:10:00+00:00, run_after=2024-09-09 08:12:00+00:00
[2024-09-09T08:12:34.077+0000] {processor.py:208} INFO - Processing /home/airflow/.local/lib/python3.12/site-packages/airflow/example_dags/example_sla_dag.py took 0.080 seconds
[2024-09-09T08:13:04.767+0000] {processor.py:186} INFO - Started process (PID=5238) to work on /home/airflow/.local/lib/python3.12/site-packages/airflow/example_dags/example_sla_dag.py
[2024-09-09T08:13:04.768+0000] {processor.py:914} INFO - Processing file /home/airflow/.local/lib/python3.12/site-packages/airflow/example_dags/example_sla_dag.py for tasks to queue
[2024-09-09T08:13:04.772+0000] {logging_mixin.py:190} INFO - [2024-09-09T08:13:04.772+0000] {dagbag.py:587} INFO - Filling up the DagBag from /home/airflow/.local/lib/python3.12/site-packages/airflow/example_dags/example_sla_dag.py
[2024-09-09T08:13:04.784+0000] {processor.py:925} INFO - DAG(s) 'example_sla_dag' retrieved from /home/airflow/.local/lib/python3.12/site-packages/airflow/example_dags/example_sla_dag.py
[2024-09-09T08:13:04.803+0000] {logging_mixin.py:190} INFO - [2024-09-09T08:13:04.803+0000] {dag.py:3229} INFO - Sync 1 DAGs
[2024-09-09T08:13:04.829+0000] {logging_mixin.py:190} INFO - [2024-09-09T08:13:04.829+0000] {dag.py:4156} INFO - Setting next_dagrun for example_sla_dag to 2024-09-09 08:10:00+00:00, run_after=2024-09-09 08:12:00+00:00
[2024-09-09T08:13:04.848+0000] {processor.py:208} INFO - Processing /home/airflow/.local/lib/python3.12/site-packages/airflow/example_dags/example_sla_dag.py took 0.086 seconds
[2024-09-09T08:13:35.745+0000] {processor.py:186} INFO - Started process (PID=5524) to work on /home/airflow/.local/lib/python3.12/site-packages/airflow/example_dags/example_sla_dag.py
[2024-09-09T08:13:35.749+0000] {processor.py:914} INFO - Processing file /home/airflow/.local/lib/python3.12/site-packages/airflow/example_dags/example_sla_dag.py for tasks to queue
[2024-09-09T08:13:35.752+0000] {logging_mixin.py:190} INFO - [2024-09-09T08:13:35.751+0000] {dagbag.py:587} INFO - Filling up the DagBag from /home/airflow/.local/lib/python3.12/site-packages/airflow/example_dags/example_sla_dag.py
[2024-09-09T08:13:35.760+0000] {processor.py:925} INFO - DAG(s) 'example_sla_dag' retrieved from /home/airflow/.local/lib/python3.12/site-packages/airflow/example_dags/example_sla_dag.py
[2024-09-09T08:13:35.778+0000] {logging_mixin.py:190} INFO - [2024-09-09T08:13:35.778+0000] {dag.py:3229} INFO - Sync 1 DAGs
[2024-09-09T08:13:35.804+0000] {logging_mixin.py:190} INFO - [2024-09-09T08:13:35.804+0000] {dag.py:4156} INFO - Setting next_dagrun for example_sla_dag to 2024-09-09 08:10:00+00:00, run_after=2024-09-09 08:12:00+00:00
[2024-09-09T08:13:35.820+0000] {processor.py:208} INFO - Processing /home/airflow/.local/lib/python3.12/site-packages/airflow/example_dags/example_sla_dag.py took 0.082 seconds
[2024-09-09T08:14:06.642+0000] {processor.py:186} INFO - Started process (PID=5812) to work on /home/airflow/.local/lib/python3.12/site-packages/airflow/example_dags/example_sla_dag.py
[2024-09-09T08:14:06.643+0000] {processor.py:914} INFO - Processing file /home/airflow/.local/lib/python3.12/site-packages/airflow/example_dags/example_sla_dag.py for tasks to queue
[2024-09-09T08:14:06.645+0000] {logging_mixin.py:190} INFO - [2024-09-09T08:14:06.645+0000] {dagbag.py:587} INFO - Filling up the DagBag from /home/airflow/.local/lib/python3.12/site-packages/airflow/example_dags/example_sla_dag.py
[2024-09-09T08:14:06.656+0000] {processor.py:925} INFO - DAG(s) 'example_sla_dag' retrieved from /home/airflow/.local/lib/python3.12/site-packages/airflow/example_dags/example_sla_dag.py
[2024-09-09T08:14:06.672+0000] {logging_mixin.py:190} INFO - [2024-09-09T08:14:06.672+0000] {dag.py:3229} INFO - Sync 1 DAGs
[2024-09-09T08:14:06.692+0000] {logging_mixin.py:190} INFO - [2024-09-09T08:14:06.692+0000] {dag.py:4156} INFO - Setting next_dagrun for example_sla_dag to 2024-09-09 08:12:00+00:00, run_after=2024-09-09 08:14:00+00:00
[2024-09-09T08:14:06.710+0000] {processor.py:208} INFO - Processing /home/airflow/.local/lib/python3.12/site-packages/airflow/example_dags/example_sla_dag.py took 0.074 seconds
[2024-09-09T08:14:37.506+0000] {processor.py:186} INFO - Started process (PID=6096) to work on /home/airflow/.local/lib/python3.12/site-packages/airflow/example_dags/example_sla_dag.py
[2024-09-09T08:14:37.507+0000] {processor.py:914} INFO - Processing file /home/airflow/.local/lib/python3.12/site-packages/airflow/example_dags/example_sla_dag.py for tasks to queue
[2024-09-09T08:14:37.510+0000] {logging_mixin.py:190} INFO - [2024-09-09T08:14:37.510+0000] {dagbag.py:587} INFO - Filling up the DagBag from /home/airflow/.local/lib/python3.12/site-packages/airflow/example_dags/example_sla_dag.py
[2024-09-09T08:14:37.521+0000] {processor.py:925} INFO - DAG(s) 'example_sla_dag' retrieved from /home/airflow/.local/lib/python3.12/site-packages/airflow/example_dags/example_sla_dag.py
[2024-09-09T08:14:37.538+0000] {logging_mixin.py:190} INFO - [2024-09-09T08:14:37.538+0000] {dag.py:3229} INFO - Sync 1 DAGs
[2024-09-09T08:14:37.562+0000] {logging_mixin.py:190} INFO - [2024-09-09T08:14:37.562+0000] {dag.py:4156} INFO - Setting next_dagrun for example_sla_dag to 2024-09-09 08:12:00+00:00, run_after=2024-09-09 08:14:00+00:00
[2024-09-09T08:14:37.580+0000] {processor.py:208} INFO - Processing /home/airflow/.local/lib/python3.12/site-packages/airflow/example_dags/example_sla_dag.py took 0.079 seconds
[2024-09-09T08:15:08.326+0000] {processor.py:186} INFO - Started process (PID=6382) to work on /home/airflow/.local/lib/python3.12/site-packages/airflow/example_dags/example_sla_dag.py
[2024-09-09T08:15:08.327+0000] {processor.py:914} INFO - Processing file /home/airflow/.local/lib/python3.12/site-packages/airflow/example_dags/example_sla_dag.py for tasks to queue
[2024-09-09T08:15:08.330+0000] {logging_mixin.py:190} INFO - [2024-09-09T08:15:08.330+0000] {dagbag.py:587} INFO - Filling up the DagBag from /home/airflow/.local/lib/python3.12/site-packages/airflow/example_dags/example_sla_dag.py
[2024-09-09T08:15:08.342+0000] {processor.py:925} INFO - DAG(s) 'example_sla_dag' retrieved from /home/airflow/.local/lib/python3.12/site-packages/airflow/example_dags/example_sla_dag.py
[2024-09-09T08:15:08.364+0000] {logging_mixin.py:190} INFO - [2024-09-09T08:15:08.364+0000] {dag.py:3229} INFO - Sync 1 DAGs
[2024-09-09T08:15:08.419+0000] {logging_mixin.py:190} INFO - [2024-09-09T08:15:08.419+0000] {dag.py:4156} INFO - Setting next_dagrun for example_sla_dag to 2024-09-09 08:12:00+00:00, run_after=2024-09-09 08:14:00+00:00
[2024-09-09T08:15:08.480+0000] {processor.py:208} INFO - Processing /home/airflow/.local/lib/python3.12/site-packages/airflow/example_dags/example_sla_dag.py took 0.161 seconds
[2024-09-09T08:15:38.915+0000] {processor.py:186} INFO - Started process (PID=6673) to work on /home/airflow/.local/lib/python3.12/site-packages/airflow/example_dags/example_sla_dag.py
[2024-09-09T08:15:38.916+0000] {processor.py:914} INFO - Processing file /home/airflow/.local/lib/python3.12/site-packages/airflow/example_dags/example_sla_dag.py for tasks to queue
[2024-09-09T08:15:38.919+0000] {logging_mixin.py:190} INFO - [2024-09-09T08:15:38.919+0000] {dagbag.py:587} INFO - Filling up the DagBag from /home/airflow/.local/lib/python3.12/site-packages/airflow/example_dags/example_sla_dag.py
[2024-09-09T08:15:38.931+0000] {processor.py:925} INFO - DAG(s) 'example_sla_dag' retrieved from /home/airflow/.local/lib/python3.12/site-packages/airflow/example_dags/example_sla_dag.py
[2024-09-09T08:15:38.953+0000] {logging_mixin.py:190} INFO - [2024-09-09T08:15:38.952+0000] {dag.py:3229} INFO - Sync 1 DAGs
[2024-09-09T08:15:39.015+0000] {logging_mixin.py:190} INFO - [2024-09-09T08:15:39.014+0000] {dag.py:4156} INFO - Setting next_dagrun for example_sla_dag to 2024-09-09 08:12:00+00:00, run_after=2024-09-09 08:14:00+00:00
[2024-09-09T08:15:39.058+0000] {processor.py:208} INFO - Processing /home/airflow/.local/lib/python3.12/site-packages/airflow/example_dags/example_sla_dag.py took 0.150 seconds
[2024-09-09T08:16:09.386+0000] {processor.py:186} INFO - Started process (PID=6959) to work on /home/airflow/.local/lib/python3.12/site-packages/airflow/example_dags/example_sla_dag.py
[2024-09-09T08:16:09.387+0000] {processor.py:914} INFO - Processing file /home/airflow/.local/lib/python3.12/site-packages/airflow/example_dags/example_sla_dag.py for tasks to queue
[2024-09-09T08:16:09.390+0000] {logging_mixin.py:190} INFO - [2024-09-09T08:16:09.389+0000] {dagbag.py:587} INFO - Filling up the DagBag from /home/airflow/.local/lib/python3.12/site-packages/airflow/example_dags/example_sla_dag.py
[2024-09-09T08:16:09.401+0000] {processor.py:925} INFO - DAG(s) 'example_sla_dag' retrieved from /home/airflow/.local/lib/python3.12/site-packages/airflow/example_dags/example_sla_dag.py
[2024-09-09T08:16:09.421+0000] {logging_mixin.py:190} INFO - [2024-09-09T08:16:09.421+0000] {dag.py:3229} INFO - Sync 1 DAGs
[2024-09-09T08:16:09.448+0000] {logging_mixin.py:190} INFO - [2024-09-09T08:16:09.448+0000] {dag.py:4156} INFO - Setting next_dagrun for example_sla_dag to 2024-09-09 08:14:00+00:00, run_after=2024-09-09 08:16:00+00:00
[2024-09-09T08:16:09.470+0000] {processor.py:208} INFO - Processing /home/airflow/.local/lib/python3.12/site-packages/airflow/example_dags/example_sla_dag.py took 0.091 seconds
[2024-09-09T08:16:40.230+0000] {processor.py:186} INFO - Started process (PID=7245) to work on /home/airflow/.local/lib/python3.12/site-packages/airflow/example_dags/example_sla_dag.py
[2024-09-09T08:16:40.231+0000] {processor.py:914} INFO - Processing file /home/airflow/.local/lib/python3.12/site-packages/airflow/example_dags/example_sla_dag.py for tasks to queue
[2024-09-09T08:16:40.235+0000] {logging_mixin.py:190} INFO - [2024-09-09T08:16:40.234+0000] {dagbag.py:587} INFO - Filling up the DagBag from /home/airflow/.local/lib/python3.12/site-packages/airflow/example_dags/example_sla_dag.py
[2024-09-09T08:16:40.246+0000] {processor.py:925} INFO - DAG(s) 'example_sla_dag' retrieved from /home/airflow/.local/lib/python3.12/site-packages/airflow/example_dags/example_sla_dag.py
[2024-09-09T08:16:40.269+0000] {logging_mixin.py:190} INFO - [2024-09-09T08:16:40.269+0000] {dag.py:3229} INFO - Sync 1 DAGs
[2024-09-09T08:16:40.303+0000] {logging_mixin.py:190} INFO - [2024-09-09T08:16:40.303+0000] {dag.py:4156} INFO - Setting next_dagrun for example_sla_dag to 2024-09-09 08:14:00+00:00, run_after=2024-09-09 08:16:00+00:00
[2024-09-09T08:16:40.330+0000] {processor.py:208} INFO - Processing /home/airflow/.local/lib/python3.12/site-packages/airflow/example_dags/example_sla_dag.py took 0.106 seconds
[2024-09-09T08:17:11.301+0000] {processor.py:186} INFO - Started process (PID=7531) to work on /home/airflow/.local/lib/python3.12/site-packages/airflow/example_dags/example_sla_dag.py
[2024-09-09T08:17:11.302+0000] {processor.py:914} INFO - Processing file /home/airflow/.local/lib/python3.12/site-packages/airflow/example_dags/example_sla_dag.py for tasks to queue
[2024-09-09T08:17:11.304+0000] {logging_mixin.py:190} INFO - [2024-09-09T08:17:11.304+0000] {dagbag.py:587} INFO - Filling up the DagBag from /home/airflow/.local/lib/python3.12/site-packages/airflow/example_dags/example_sla_dag.py
[2024-09-09T08:17:11.315+0000] {processor.py:925} INFO - DAG(s) 'example_sla_dag' retrieved from /home/airflow/.local/lib/python3.12/site-packages/airflow/example_dags/example_sla_dag.py
[2024-09-09T08:17:11.334+0000] {logging_mixin.py:190} INFO - [2024-09-09T08:17:11.334+0000] {dag.py:3229} INFO - Sync 1 DAGs
[2024-09-09T08:17:11.364+0000] {logging_mixin.py:190} INFO - [2024-09-09T08:17:11.364+0000] {dag.py:4156} INFO - Setting next_dagrun for example_sla_dag to 2024-09-09 08:14:00+00:00, run_after=2024-09-09 08:16:00+00:00
[2024-09-09T08:17:11.385+0000] {processor.py:208} INFO - Processing /home/airflow/.local/lib/python3.12/site-packages/airflow/example_dags/example_sla_dag.py took 0.091 seconds
[2024-09-09T08:17:41.981+0000] {processor.py:186} INFO - Started process (PID=7823) to work on /home/airflow/.local/lib/python3.12/site-packages/airflow/example_dags/example_sla_dag.py
[2024-09-09T08:17:41.983+0000] {processor.py:914} INFO - Processing file /home/airflow/.local/lib/python3.12/site-packages/airflow/example_dags/example_sla_dag.py for tasks to queue
[2024-09-09T08:17:41.987+0000] {logging_mixin.py:190} INFO - [2024-09-09T08:17:41.987+0000] {dagbag.py:587} INFO - Filling up the DagBag from /home/airflow/.local/lib/python3.12/site-packages/airflow/example_dags/example_sla_dag.py
[2024-09-09T08:17:42.006+0000] {processor.py:925} INFO - DAG(s) 'example_sla_dag' retrieved from /home/airflow/.local/lib/python3.12/site-packages/airflow/example_dags/example_sla_dag.py
[2024-09-09T08:17:42.033+0000] {logging_mixin.py:190} INFO - [2024-09-09T08:17:42.033+0000] {dag.py:3229} INFO - Sync 1 DAGs
[2024-09-09T08:17:42.088+0000] {logging_mixin.py:190} INFO - [2024-09-09T08:17:42.088+0000] {dag.py:4156} INFO - Setting next_dagrun for example_sla_dag to 2024-09-09 08:14:00+00:00, run_after=2024-09-09 08:16:00+00:00
[2024-09-09T08:17:42.116+0000] {processor.py:208} INFO - Processing /home/airflow/.local/lib/python3.12/site-packages/airflow/example_dags/example_sla_dag.py took 0.148 seconds
[2024-09-09T08:18:12.307+0000] {processor.py:186} INFO - Started process (PID=8109) to work on /home/airflow/.local/lib/python3.12/site-packages/airflow/example_dags/example_sla_dag.py
[2024-09-09T08:18:12.308+0000] {processor.py:914} INFO - Processing file /home/airflow/.local/lib/python3.12/site-packages/airflow/example_dags/example_sla_dag.py for tasks to queue
[2024-09-09T08:18:12.310+0000] {logging_mixin.py:190} INFO - [2024-09-09T08:18:12.310+0000] {dagbag.py:587} INFO - Filling up the DagBag from /home/airflow/.local/lib/python3.12/site-packages/airflow/example_dags/example_sla_dag.py
[2024-09-09T08:18:12.319+0000] {processor.py:925} INFO - DAG(s) 'example_sla_dag' retrieved from /home/airflow/.local/lib/python3.12/site-packages/airflow/example_dags/example_sla_dag.py
[2024-09-09T08:18:12.336+0000] {logging_mixin.py:190} INFO - [2024-09-09T08:18:12.336+0000] {dag.py:3229} INFO - Sync 1 DAGs
[2024-09-09T08:18:12.359+0000] {logging_mixin.py:190} INFO - [2024-09-09T08:18:12.359+0000] {dag.py:4156} INFO - Setting next_dagrun for example_sla_dag to 2024-09-09 08:16:00+00:00, run_after=2024-09-09 08:18:00+00:00
[2024-09-09T08:18:12.377+0000] {processor.py:208} INFO - Processing /home/airflow/.local/lib/python3.12/site-packages/airflow/example_dags/example_sla_dag.py took 0.079 seconds
[2024-09-09T08:18:43.384+0000] {processor.py:186} INFO - Started process (PID=8395) to work on /home/airflow/.local/lib/python3.12/site-packages/airflow/example_dags/example_sla_dag.py
[2024-09-09T08:18:43.386+0000] {processor.py:914} INFO - Processing file /home/airflow/.local/lib/python3.12/site-packages/airflow/example_dags/example_sla_dag.py for tasks to queue
[2024-09-09T08:18:43.388+0000] {logging_mixin.py:190} INFO - [2024-09-09T08:18:43.388+0000] {dagbag.py:587} INFO - Filling up the DagBag from /home/airflow/.local/lib/python3.12/site-packages/airflow/example_dags/example_sla_dag.py
[2024-09-09T08:18:43.400+0000] {processor.py:925} INFO - DAG(s) 'example_sla_dag' retrieved from /home/airflow/.local/lib/python3.12/site-packages/airflow/example_dags/example_sla_dag.py
[2024-09-09T08:18:43.421+0000] {logging_mixin.py:190} INFO - [2024-09-09T08:18:43.421+0000] {dag.py:3229} INFO - Sync 1 DAGs
[2024-09-09T08:18:43.454+0000] {logging_mixin.py:190} INFO - [2024-09-09T08:18:43.454+0000] {dag.py:4156} INFO - Setting next_dagrun for example_sla_dag to 2024-09-09 08:16:00+00:00, run_after=2024-09-09 08:18:00+00:00
[2024-09-09T08:18:43.480+0000] {processor.py:208} INFO - Processing /home/airflow/.local/lib/python3.12/site-packages/airflow/example_dags/example_sla_dag.py took 0.102 seconds
[2024-09-09T08:19:13.616+0000] {processor.py:186} INFO - Started process (PID=8681) to work on /home/airflow/.local/lib/python3.12/site-packages/airflow/example_dags/example_sla_dag.py
[2024-09-09T08:19:13.617+0000] {processor.py:914} INFO - Processing file /home/airflow/.local/lib/python3.12/site-packages/airflow/example_dags/example_sla_dag.py for tasks to queue
[2024-09-09T08:19:13.619+0000] {logging_mixin.py:190} INFO - [2024-09-09T08:19:13.619+0000] {dagbag.py:587} INFO - Filling up the DagBag from /home/airflow/.local/lib/python3.12/site-packages/airflow/example_dags/example_sla_dag.py
[2024-09-09T08:19:13.627+0000] {processor.py:925} INFO - DAG(s) 'example_sla_dag' retrieved from /home/airflow/.local/lib/python3.12/site-packages/airflow/example_dags/example_sla_dag.py
[2024-09-09T08:19:13.642+0000] {logging_mixin.py:190} INFO - [2024-09-09T08:19:13.642+0000] {dag.py:3229} INFO - Sync 1 DAGs
[2024-09-09T08:19:13.662+0000] {logging_mixin.py:190} INFO - [2024-09-09T08:19:13.662+0000] {dag.py:4156} INFO - Setting next_dagrun for example_sla_dag to 2024-09-09 08:16:00+00:00, run_after=2024-09-09 08:18:00+00:00
[2024-09-09T08:19:13.680+0000] {processor.py:208} INFO - Processing /home/airflow/.local/lib/python3.12/site-packages/airflow/example_dags/example_sla_dag.py took 0.069 seconds
[2024-09-09T08:19:43.963+0000] {processor.py:186} INFO - Started process (PID=8967) to work on /home/airflow/.local/lib/python3.12/site-packages/airflow/example_dags/example_sla_dag.py
[2024-09-09T08:19:43.964+0000] {processor.py:914} INFO - Processing file /home/airflow/.local/lib/python3.12/site-packages/airflow/example_dags/example_sla_dag.py for tasks to queue
[2024-09-09T08:19:43.968+0000] {logging_mixin.py:190} INFO - [2024-09-09T08:19:43.968+0000] {dagbag.py:587} INFO - Filling up the DagBag from /home/airflow/.local/lib/python3.12/site-packages/airflow/example_dags/example_sla_dag.py
[2024-09-09T08:19:43.983+0000] {processor.py:925} INFO - DAG(s) 'example_sla_dag' retrieved from /home/airflow/.local/lib/python3.12/site-packages/airflow/example_dags/example_sla_dag.py
[2024-09-09T08:19:44.010+0000] {logging_mixin.py:190} INFO - [2024-09-09T08:19:44.010+0000] {dag.py:3229} INFO - Sync 1 DAGs
[2024-09-09T08:19:44.048+0000] {logging_mixin.py:190} INFO - [2024-09-09T08:19:44.048+0000] {dag.py:4156} INFO - Setting next_dagrun for example_sla_dag to 2024-09-09 08:16:00+00:00, run_after=2024-09-09 08:18:00+00:00
[2024-09-09T08:19:44.071+0000] {processor.py:208} INFO - Processing /home/airflow/.local/lib/python3.12/site-packages/airflow/example_dags/example_sla_dag.py took 0.116 seconds
[2024-09-09T08:20:14.334+0000] {processor.py:186} INFO - Started process (PID=9253) to work on /home/airflow/.local/lib/python3.12/site-packages/airflow/example_dags/example_sla_dag.py
[2024-09-09T08:20:14.336+0000] {processor.py:914} INFO - Processing file /home/airflow/.local/lib/python3.12/site-packages/airflow/example_dags/example_sla_dag.py for tasks to queue
[2024-09-09T08:20:14.338+0000] {logging_mixin.py:190} INFO - [2024-09-09T08:20:14.337+0000] {dagbag.py:587} INFO - Filling up the DagBag from /home/airflow/.local/lib/python3.12/site-packages/airflow/example_dags/example_sla_dag.py
[2024-09-09T08:20:14.346+0000] {processor.py:925} INFO - DAG(s) 'example_sla_dag' retrieved from /home/airflow/.local/lib/python3.12/site-packages/airflow/example_dags/example_sla_dag.py
[2024-09-09T08:20:14.362+0000] {logging_mixin.py:190} INFO - [2024-09-09T08:20:14.362+0000] {dag.py:3229} INFO - Sync 1 DAGs
[2024-09-09T08:20:14.382+0000] {logging_mixin.py:190} INFO - [2024-09-09T08:20:14.382+0000] {dag.py:4156} INFO - Setting next_dagrun for example_sla_dag to 2024-09-09 08:18:00+00:00, run_after=2024-09-09 08:20:00+00:00
[2024-09-09T08:20:14.399+0000] {processor.py:208} INFO - Processing /home/airflow/.local/lib/python3.12/site-packages/airflow/example_dags/example_sla_dag.py took 0.070 seconds
[2024-09-09T08:20:45.300+0000] {processor.py:186} INFO - Started process (PID=9539) to work on /home/airflow/.local/lib/python3.12/site-packages/airflow/example_dags/example_sla_dag.py
[2024-09-09T08:20:45.301+0000] {processor.py:914} INFO - Processing file /home/airflow/.local/lib/python3.12/site-packages/airflow/example_dags/example_sla_dag.py for tasks to queue
[2024-09-09T08:20:45.303+0000] {logging_mixin.py:190} INFO - [2024-09-09T08:20:45.303+0000] {dagbag.py:587} INFO - Filling up the DagBag from /home/airflow/.local/lib/python3.12/site-packages/airflow/example_dags/example_sla_dag.py
[2024-09-09T08:20:45.312+0000] {processor.py:925} INFO - DAG(s) 'example_sla_dag' retrieved from /home/airflow/.local/lib/python3.12/site-packages/airflow/example_dags/example_sla_dag.py
[2024-09-09T08:20:45.328+0000] {logging_mixin.py:190} INFO - [2024-09-09T08:20:45.328+0000] {dag.py:3229} INFO - Sync 1 DAGs
[2024-09-09T08:20:45.351+0000] {logging_mixin.py:190} INFO - [2024-09-09T08:20:45.351+0000] {dag.py:4156} INFO - Setting next_dagrun for example_sla_dag to 2024-09-09 08:18:00+00:00, run_after=2024-09-09 08:20:00+00:00
[2024-09-09T08:20:45.370+0000] {processor.py:208} INFO - Processing /home/airflow/.local/lib/python3.12/site-packages/airflow/example_dags/example_sla_dag.py took 0.075 seconds
[2024-09-09T08:21:15.810+0000] {processor.py:186} INFO - Started process (PID=9825) to work on /home/airflow/.local/lib/python3.12/site-packages/airflow/example_dags/example_sla_dag.py
[2024-09-09T08:21:15.811+0000] {processor.py:914} INFO - Processing file /home/airflow/.local/lib/python3.12/site-packages/airflow/example_dags/example_sla_dag.py for tasks to queue
[2024-09-09T08:21:15.813+0000] {logging_mixin.py:190} INFO - [2024-09-09T08:21:15.813+0000] {dagbag.py:587} INFO - Filling up the DagBag from /home/airflow/.local/lib/python3.12/site-packages/airflow/example_dags/example_sla_dag.py
[2024-09-09T08:21:15.821+0000] {processor.py:925} INFO - DAG(s) 'example_sla_dag' retrieved from /home/airflow/.local/lib/python3.12/site-packages/airflow/example_dags/example_sla_dag.py
[2024-09-09T08:21:15.849+0000] {logging_mixin.py:190} INFO - [2024-09-09T08:21:15.848+0000] {dag.py:3229} INFO - Sync 1 DAGs
[2024-09-09T08:21:15.878+0000] {logging_mixin.py:190} INFO - [2024-09-09T08:21:15.878+0000] {dag.py:4156} INFO - Setting next_dagrun for example_sla_dag to 2024-09-09 08:18:00+00:00, run_after=2024-09-09 08:20:00+00:00
[2024-09-09T08:21:15.895+0000] {processor.py:208} INFO - Processing /home/airflow/.local/lib/python3.12/site-packages/airflow/example_dags/example_sla_dag.py took 0.090 seconds
[2024-09-09T08:21:46.624+0000] {processor.py:186} INFO - Started process (PID=10111) to work on /home/airflow/.local/lib/python3.12/site-packages/airflow/example_dags/example_sla_dag.py
[2024-09-09T08:21:46.625+0000] {processor.py:914} INFO - Processing file /home/airflow/.local/lib/python3.12/site-packages/airflow/example_dags/example_sla_dag.py for tasks to queue
[2024-09-09T08:21:46.627+0000] {logging_mixin.py:190} INFO - [2024-09-09T08:21:46.627+0000] {dagbag.py:587} INFO - Filling up the DagBag from /home/airflow/.local/lib/python3.12/site-packages/airflow/example_dags/example_sla_dag.py
[2024-09-09T08:21:46.636+0000] {processor.py:925} INFO - DAG(s) 'example_sla_dag' retrieved from /home/airflow/.local/lib/python3.12/site-packages/airflow/example_dags/example_sla_dag.py
[2024-09-09T08:21:46.652+0000] {logging_mixin.py:190} INFO - [2024-09-09T08:21:46.652+0000] {dag.py:3229} INFO - Sync 1 DAGs
[2024-09-09T08:21:46.676+0000] {logging_mixin.py:190} INFO - [2024-09-09T08:21:46.676+0000] {dag.py:4156} INFO - Setting next_dagrun for example_sla_dag to 2024-09-09 08:18:00+00:00, run_after=2024-09-09 08:20:00+00:00
[2024-09-09T08:21:46.693+0000] {processor.py:208} INFO - Processing /home/airflow/.local/lib/python3.12/site-packages/airflow/example_dags/example_sla_dag.py took 0.075 seconds
[2024-09-09T08:22:17.405+0000] {processor.py:186} INFO - Started process (PID=10397) to work on /home/airflow/.local/lib/python3.12/site-packages/airflow/example_dags/example_sla_dag.py
[2024-09-09T08:22:17.406+0000] {processor.py:914} INFO - Processing file /home/airflow/.local/lib/python3.12/site-packages/airflow/example_dags/example_sla_dag.py for tasks to queue
[2024-09-09T08:22:17.408+0000] {logging_mixin.py:190} INFO - [2024-09-09T08:22:17.408+0000] {dagbag.py:587} INFO - Filling up the DagBag from /home/airflow/.local/lib/python3.12/site-packages/airflow/example_dags/example_sla_dag.py
[2024-09-09T08:22:17.415+0000] {processor.py:925} INFO - DAG(s) 'example_sla_dag' retrieved from /home/airflow/.local/lib/python3.12/site-packages/airflow/example_dags/example_sla_dag.py
[2024-09-09T08:22:17.433+0000] {logging_mixin.py:190} INFO - [2024-09-09T08:22:17.433+0000] {dag.py:3229} INFO - Sync 1 DAGs
[2024-09-09T08:22:17.455+0000] {logging_mixin.py:190} INFO - [2024-09-09T08:22:17.455+0000] {dag.py:4156} INFO - Setting next_dagrun for example_sla_dag to 2024-09-09 08:20:00+00:00, run_after=2024-09-09 08:22:00+00:00
[2024-09-09T08:22:17.472+0000] {processor.py:208} INFO - Processing /home/airflow/.local/lib/python3.12/site-packages/airflow/example_dags/example_sla_dag.py took 0.072 seconds
[2024-09-09T08:22:48.162+0000] {processor.py:186} INFO - Started process (PID=10683) to work on /home/airflow/.local/lib/python3.12/site-packages/airflow/example_dags/example_sla_dag.py
[2024-09-09T08:22:48.163+0000] {processor.py:914} INFO - Processing file /home/airflow/.local/lib/python3.12/site-packages/airflow/example_dags/example_sla_dag.py for tasks to queue
[2024-09-09T08:22:48.165+0000] {logging_mixin.py:190} INFO - [2024-09-09T08:22:48.165+0000] {dagbag.py:587} INFO - Filling up the DagBag from /home/airflow/.local/lib/python3.12/site-packages/airflow/example_dags/example_sla_dag.py
[2024-09-09T08:22:48.175+0000] {processor.py:925} INFO - DAG(s) 'example_sla_dag' retrieved from /home/airflow/.local/lib/python3.12/site-packages/airflow/example_dags/example_sla_dag.py
[2024-09-09T08:22:48.194+0000] {logging_mixin.py:190} INFO - [2024-09-09T08:22:48.194+0000] {dag.py:3229} INFO - Sync 1 DAGs
[2024-09-09T08:22:48.217+0000] {logging_mixin.py:190} INFO - [2024-09-09T08:22:48.216+0000] {dag.py:4156} INFO - Setting next_dagrun for example_sla_dag to 2024-09-09 08:20:00+00:00, run_after=2024-09-09 08:22:00+00:00
[2024-09-09T08:22:48.235+0000] {processor.py:208} INFO - Processing /home/airflow/.local/lib/python3.12/site-packages/airflow/example_dags/example_sla_dag.py took 0.078 seconds
[2024-09-09T08:23:18.996+0000] {processor.py:186} INFO - Started process (PID=10969) to work on /home/airflow/.local/lib/python3.12/site-packages/airflow/example_dags/example_sla_dag.py
[2024-09-09T08:23:18.997+0000] {processor.py:914} INFO - Processing file /home/airflow/.local/lib/python3.12/site-packages/airflow/example_dags/example_sla_dag.py for tasks to queue
[2024-09-09T08:23:18.999+0000] {logging_mixin.py:190} INFO - [2024-09-09T08:23:18.999+0000] {dagbag.py:587} INFO - Filling up the DagBag from /home/airflow/.local/lib/python3.12/site-packages/airflow/example_dags/example_sla_dag.py
[2024-09-09T08:23:19.007+0000] {processor.py:925} INFO - DAG(s) 'example_sla_dag' retrieved from /home/airflow/.local/lib/python3.12/site-packages/airflow/example_dags/example_sla_dag.py
[2024-09-09T08:23:19.026+0000] {logging_mixin.py:190} INFO - [2024-09-09T08:23:19.025+0000] {dag.py:3229} INFO - Sync 1 DAGs
[2024-09-09T08:23:19.052+0000] {logging_mixin.py:190} INFO - [2024-09-09T08:23:19.052+0000] {dag.py:4156} INFO - Setting next_dagrun for example_sla_dag to 2024-09-09 08:20:00+00:00, run_after=2024-09-09 08:22:00+00:00
[2024-09-09T08:23:19.070+0000] {processor.py:208} INFO - Processing /home/airflow/.local/lib/python3.12/site-packages/airflow/example_dags/example_sla_dag.py took 0.079 seconds
[2024-09-09T08:23:49.414+0000] {processor.py:186} INFO - Started process (PID=11255) to work on /home/airflow/.local/lib/python3.12/site-packages/airflow/example_dags/example_sla_dag.py
[2024-09-09T08:23:49.420+0000] {processor.py:914} INFO - Processing file /home/airflow/.local/lib/python3.12/site-packages/airflow/example_dags/example_sla_dag.py for tasks to queue
[2024-09-09T08:23:49.424+0000] {logging_mixin.py:190} INFO - [2024-09-09T08:23:49.423+0000] {dagbag.py:587} INFO - Filling up the DagBag from /home/airflow/.local/lib/python3.12/site-packages/airflow/example_dags/example_sla_dag.py
[2024-09-09T08:23:49.443+0000] {processor.py:925} INFO - DAG(s) 'example_sla_dag' retrieved from /home/airflow/.local/lib/python3.12/site-packages/airflow/example_dags/example_sla_dag.py
[2024-09-09T08:23:49.466+0000] {logging_mixin.py:190} INFO - [2024-09-09T08:23:49.466+0000] {dag.py:3229} INFO - Sync 1 DAGs
[2024-09-09T08:23:49.487+0000] {logging_mixin.py:190} INFO - [2024-09-09T08:23:49.487+0000] {dag.py:4156} INFO - Setting next_dagrun for example_sla_dag to 2024-09-09 08:20:00+00:00, run_after=2024-09-09 08:22:00+00:00
[2024-09-09T08:23:49.505+0000] {processor.py:208} INFO - Processing /home/airflow/.local/lib/python3.12/site-packages/airflow/example_dags/example_sla_dag.py took 0.100 seconds
[2024-09-09T08:24:19.709+0000] {processor.py:186} INFO - Started process (PID=11541) to work on /home/airflow/.local/lib/python3.12/site-packages/airflow/example_dags/example_sla_dag.py
[2024-09-09T08:24:19.711+0000] {processor.py:914} INFO - Processing file /home/airflow/.local/lib/python3.12/site-packages/airflow/example_dags/example_sla_dag.py for tasks to queue
[2024-09-09T08:24:19.713+0000] {logging_mixin.py:190} INFO - [2024-09-09T08:24:19.713+0000] {dagbag.py:587} INFO - Filling up the DagBag from /home/airflow/.local/lib/python3.12/site-packages/airflow/example_dags/example_sla_dag.py
[2024-09-09T08:24:19.723+0000] {processor.py:925} INFO - DAG(s) 'example_sla_dag' retrieved from /home/airflow/.local/lib/python3.12/site-packages/airflow/example_dags/example_sla_dag.py
[2024-09-09T08:24:19.740+0000] {logging_mixin.py:190} INFO - [2024-09-09T08:24:19.740+0000] {dag.py:3229} INFO - Sync 1 DAGs
[2024-09-09T08:24:19.762+0000] {logging_mixin.py:190} INFO - [2024-09-09T08:24:19.762+0000] {dag.py:4156} INFO - Setting next_dagrun for example_sla_dag to 2024-09-09 08:22:00+00:00, run_after=2024-09-09 08:24:00+00:00
[2024-09-09T08:24:19.781+0000] {processor.py:208} INFO - Processing /home/airflow/.local/lib/python3.12/site-packages/airflow/example_dags/example_sla_dag.py took 0.077 seconds
[2024-09-09T08:24:49.837+0000] {processor.py:186} INFO - Started process (PID=11824) to work on /home/airflow/.local/lib/python3.12/site-packages/airflow/example_dags/example_sla_dag.py
[2024-09-09T08:24:49.838+0000] {processor.py:914} INFO - Processing file /home/airflow/.local/lib/python3.12/site-packages/airflow/example_dags/example_sla_dag.py for tasks to queue
[2024-09-09T08:24:49.841+0000] {logging_mixin.py:190} INFO - [2024-09-09T08:24:49.841+0000] {dagbag.py:587} INFO - Filling up the DagBag from /home/airflow/.local/lib/python3.12/site-packages/airflow/example_dags/example_sla_dag.py
[2024-09-09T08:24:49.849+0000] {processor.py:925} INFO - DAG(s) 'example_sla_dag' retrieved from /home/airflow/.local/lib/python3.12/site-packages/airflow/example_dags/example_sla_dag.py
[2024-09-09T08:24:49.866+0000] {logging_mixin.py:190} INFO - [2024-09-09T08:24:49.866+0000] {dag.py:3229} INFO - Sync 1 DAGs
[2024-09-09T08:24:49.887+0000] {logging_mixin.py:190} INFO - [2024-09-09T08:24:49.887+0000] {dag.py:4156} INFO - Setting next_dagrun for example_sla_dag to 2024-09-09 08:22:00+00:00, run_after=2024-09-09 08:24:00+00:00
[2024-09-09T08:24:49.904+0000] {processor.py:208} INFO - Processing /home/airflow/.local/lib/python3.12/site-packages/airflow/example_dags/example_sla_dag.py took 0.072 seconds
[2024-09-09T08:25:20.111+0000] {processor.py:186} INFO - Started process (PID=12108) to work on /home/airflow/.local/lib/python3.12/site-packages/airflow/example_dags/example_sla_dag.py
[2024-09-09T08:25:20.112+0000] {processor.py:914} INFO - Processing file /home/airflow/.local/lib/python3.12/site-packages/airflow/example_dags/example_sla_dag.py for tasks to queue
[2024-09-09T08:25:20.114+0000] {logging_mixin.py:190} INFO - [2024-09-09T08:25:20.114+0000] {dagbag.py:587} INFO - Filling up the DagBag from /home/airflow/.local/lib/python3.12/site-packages/airflow/example_dags/example_sla_dag.py
[2024-09-09T08:25:20.124+0000] {processor.py:925} INFO - DAG(s) 'example_sla_dag' retrieved from /home/airflow/.local/lib/python3.12/site-packages/airflow/example_dags/example_sla_dag.py
[2024-09-09T08:25:20.143+0000] {logging_mixin.py:190} INFO - [2024-09-09T08:25:20.143+0000] {dag.py:3229} INFO - Sync 1 DAGs
[2024-09-09T08:25:20.193+0000] {logging_mixin.py:190} INFO - [2024-09-09T08:25:20.192+0000] {dag.py:4156} INFO - Setting next_dagrun for example_sla_dag to 2024-09-09 08:22:00+00:00, run_after=2024-09-09 08:24:00+00:00
[2024-09-09T08:25:20.222+0000] {processor.py:208} INFO - Processing /home/airflow/.local/lib/python3.12/site-packages/airflow/example_dags/example_sla_dag.py took 0.115 seconds
[2024-09-09T08:25:50.444+0000] {processor.py:186} INFO - Started process (PID=12395) to work on /home/airflow/.local/lib/python3.12/site-packages/airflow/example_dags/example_sla_dag.py
[2024-09-09T08:25:50.445+0000] {processor.py:914} INFO - Processing file /home/airflow/.local/lib/python3.12/site-packages/airflow/example_dags/example_sla_dag.py for tasks to queue
[2024-09-09T08:25:50.447+0000] {logging_mixin.py:190} INFO - [2024-09-09T08:25:50.447+0000] {dagbag.py:587} INFO - Filling up the DagBag from /home/airflow/.local/lib/python3.12/site-packages/airflow/example_dags/example_sla_dag.py
[2024-09-09T08:25:50.455+0000] {processor.py:925} INFO - DAG(s) 'example_sla_dag' retrieved from /home/airflow/.local/lib/python3.12/site-packages/airflow/example_dags/example_sla_dag.py
[2024-09-09T08:25:50.473+0000] {logging_mixin.py:190} INFO - [2024-09-09T08:25:50.473+0000] {dag.py:3229} INFO - Sync 1 DAGs
[2024-09-09T08:25:50.494+0000] {logging_mixin.py:190} INFO - [2024-09-09T08:25:50.494+0000] {dag.py:4156} INFO - Setting next_dagrun for example_sla_dag to 2024-09-09 08:22:00+00:00, run_after=2024-09-09 08:24:00+00:00
[2024-09-09T08:25:50.512+0000] {processor.py:208} INFO - Processing /home/airflow/.local/lib/python3.12/site-packages/airflow/example_dags/example_sla_dag.py took 0.073 seconds
[2024-09-09T08:26:21.285+0000] {processor.py:186} INFO - Started process (PID=12681) to work on /home/airflow/.local/lib/python3.12/site-packages/airflow/example_dags/example_sla_dag.py
[2024-09-09T08:26:21.286+0000] {processor.py:914} INFO - Processing file /home/airflow/.local/lib/python3.12/site-packages/airflow/example_dags/example_sla_dag.py for tasks to queue
[2024-09-09T08:26:21.289+0000] {logging_mixin.py:190} INFO - [2024-09-09T08:26:21.288+0000] {dagbag.py:587} INFO - Filling up the DagBag from /home/airflow/.local/lib/python3.12/site-packages/airflow/example_dags/example_sla_dag.py
[2024-09-09T08:26:21.298+0000] {processor.py:925} INFO - DAG(s) 'example_sla_dag' retrieved from /home/airflow/.local/lib/python3.12/site-packages/airflow/example_dags/example_sla_dag.py
[2024-09-09T08:26:21.318+0000] {logging_mixin.py:190} INFO - [2024-09-09T08:26:21.317+0000] {dag.py:3229} INFO - Sync 1 DAGs
[2024-09-09T08:26:21.343+0000] {logging_mixin.py:190} INFO - [2024-09-09T08:26:21.343+0000] {dag.py:4156} INFO - Setting next_dagrun for example_sla_dag to 2024-09-09 08:24:00+00:00, run_after=2024-09-09 08:26:00+00:00
[2024-09-09T08:26:21.360+0000] {processor.py:208} INFO - Processing /home/airflow/.local/lib/python3.12/site-packages/airflow/example_dags/example_sla_dag.py took 0.081 seconds
[2024-09-09T08:26:51.950+0000] {processor.py:186} INFO - Started process (PID=12967) to work on /home/airflow/.local/lib/python3.12/site-packages/airflow/example_dags/example_sla_dag.py
[2024-09-09T08:26:51.951+0000] {processor.py:914} INFO - Processing file /home/airflow/.local/lib/python3.12/site-packages/airflow/example_dags/example_sla_dag.py for tasks to queue
[2024-09-09T08:26:51.953+0000] {logging_mixin.py:190} INFO - [2024-09-09T08:26:51.953+0000] {dagbag.py:587} INFO - Filling up the DagBag from /home/airflow/.local/lib/python3.12/site-packages/airflow/example_dags/example_sla_dag.py
[2024-09-09T08:26:51.962+0000] {processor.py:925} INFO - DAG(s) 'example_sla_dag' retrieved from /home/airflow/.local/lib/python3.12/site-packages/airflow/example_dags/example_sla_dag.py
[2024-09-09T08:26:51.979+0000] {logging_mixin.py:190} INFO - [2024-09-09T08:26:51.979+0000] {dag.py:3229} INFO - Sync 1 DAGs
[2024-09-09T08:26:51.999+0000] {logging_mixin.py:190} INFO - [2024-09-09T08:26:51.999+0000] {dag.py:4156} INFO - Setting next_dagrun for example_sla_dag to 2024-09-09 08:24:00+00:00, run_after=2024-09-09 08:26:00+00:00
[2024-09-09T08:26:52.016+0000] {processor.py:208} INFO - Processing /home/airflow/.local/lib/python3.12/site-packages/airflow/example_dags/example_sla_dag.py took 0.071 seconds
[2024-09-09T08:27:22.569+0000] {processor.py:186} INFO - Started process (PID=13253) to work on /home/airflow/.local/lib/python3.12/site-packages/airflow/example_dags/example_sla_dag.py
[2024-09-09T08:27:22.570+0000] {processor.py:914} INFO - Processing file /home/airflow/.local/lib/python3.12/site-packages/airflow/example_dags/example_sla_dag.py for tasks to queue
[2024-09-09T08:27:22.572+0000] {logging_mixin.py:190} INFO - [2024-09-09T08:27:22.572+0000] {dagbag.py:587} INFO - Filling up the DagBag from /home/airflow/.local/lib/python3.12/site-packages/airflow/example_dags/example_sla_dag.py
[2024-09-09T08:27:22.583+0000] {processor.py:925} INFO - DAG(s) 'example_sla_dag' retrieved from /home/airflow/.local/lib/python3.12/site-packages/airflow/example_dags/example_sla_dag.py
[2024-09-09T08:27:22.600+0000] {logging_mixin.py:190} INFO - [2024-09-09T08:27:22.600+0000] {dag.py:3229} INFO - Sync 1 DAGs
[2024-09-09T08:27:22.622+0000] {logging_mixin.py:190} INFO - [2024-09-09T08:27:22.622+0000] {dag.py:4156} INFO - Setting next_dagrun for example_sla_dag to 2024-09-09 08:24:00+00:00, run_after=2024-09-09 08:26:00+00:00
[2024-09-09T08:27:22.640+0000] {processor.py:208} INFO - Processing /home/airflow/.local/lib/python3.12/site-packages/airflow/example_dags/example_sla_dag.py took 0.077 seconds
[2024-09-09T08:27:52.752+0000] {processor.py:186} INFO - Started process (PID=13539) to work on /home/airflow/.local/lib/python3.12/site-packages/airflow/example_dags/example_sla_dag.py
[2024-09-09T08:27:52.753+0000] {processor.py:914} INFO - Processing file /home/airflow/.local/lib/python3.12/site-packages/airflow/example_dags/example_sla_dag.py for tasks to queue
[2024-09-09T08:27:52.755+0000] {logging_mixin.py:190} INFO - [2024-09-09T08:27:52.755+0000] {dagbag.py:587} INFO - Filling up the DagBag from /home/airflow/.local/lib/python3.12/site-packages/airflow/example_dags/example_sla_dag.py
[2024-09-09T08:27:52.763+0000] {processor.py:925} INFO - DAG(s) 'example_sla_dag' retrieved from /home/airflow/.local/lib/python3.12/site-packages/airflow/example_dags/example_sla_dag.py
[2024-09-09T08:27:52.779+0000] {logging_mixin.py:190} INFO - [2024-09-09T08:27:52.779+0000] {dag.py:3229} INFO - Sync 1 DAGs
[2024-09-09T08:27:52.802+0000] {logging_mixin.py:190} INFO - [2024-09-09T08:27:52.801+0000] {dag.py:4156} INFO - Setting next_dagrun for example_sla_dag to 2024-09-09 08:24:00+00:00, run_after=2024-09-09 08:26:00+00:00
[2024-09-09T08:27:52.821+0000] {processor.py:208} INFO - Processing /home/airflow/.local/lib/python3.12/site-packages/airflow/example_dags/example_sla_dag.py took 0.074 seconds
[2024-09-09T08:28:26.187+0000] {processor.py:186} INFO - Started process (PID=13827) to work on /home/airflow/.local/lib/python3.12/site-packages/airflow/example_dags/example_sla_dag.py
[2024-09-09T08:28:26.188+0000] {processor.py:914} INFO - Processing file /home/airflow/.local/lib/python3.12/site-packages/airflow/example_dags/example_sla_dag.py for tasks to queue
[2024-09-09T08:28:26.192+0000] {logging_mixin.py:190} INFO - [2024-09-09T08:28:26.191+0000] {dagbag.py:587} INFO - Filling up the DagBag from /home/airflow/.local/lib/python3.12/site-packages/airflow/example_dags/example_sla_dag.py
[2024-09-09T08:28:26.204+0000] {processor.py:925} INFO - DAG(s) 'example_sla_dag' retrieved from /home/airflow/.local/lib/python3.12/site-packages/airflow/example_dags/example_sla_dag.py
[2024-09-09T08:28:26.227+0000] {logging_mixin.py:190} INFO - [2024-09-09T08:28:26.227+0000] {dag.py:3229} INFO - Sync 1 DAGs
[2024-09-09T08:28:26.268+0000] {logging_mixin.py:190} INFO - [2024-09-09T08:28:26.267+0000] {dag.py:4156} INFO - Setting next_dagrun for example_sla_dag to 2024-09-09 08:26:00+00:00, run_after=2024-09-09 08:28:00+00:00
[2024-09-09T08:28:26.310+0000] {processor.py:208} INFO - Processing /home/airflow/.local/lib/python3.12/site-packages/airflow/example_dags/example_sla_dag.py took 0.130 seconds
[2024-09-09T08:28:57.753+0000] {processor.py:186} INFO - Started process (PID=14116) to work on /home/airflow/.local/lib/python3.12/site-packages/airflow/example_dags/example_sla_dag.py
[2024-09-09T08:28:57.756+0000] {processor.py:914} INFO - Processing file /home/airflow/.local/lib/python3.12/site-packages/airflow/example_dags/example_sla_dag.py for tasks to queue
[2024-09-09T08:28:57.765+0000] {logging_mixin.py:190} INFO - [2024-09-09T08:28:57.760+0000] {dagbag.py:587} INFO - Filling up the DagBag from /home/airflow/.local/lib/python3.12/site-packages/airflow/example_dags/example_sla_dag.py
[2024-09-09T08:28:57.786+0000] {processor.py:925} INFO - DAG(s) 'example_sla_dag' retrieved from /home/airflow/.local/lib/python3.12/site-packages/airflow/example_dags/example_sla_dag.py
[2024-09-09T08:28:57.823+0000] {logging_mixin.py:190} INFO - [2024-09-09T08:28:57.823+0000] {dag.py:3229} INFO - Sync 1 DAGs
[2024-09-09T08:28:57.871+0000] {logging_mixin.py:190} INFO - [2024-09-09T08:28:57.870+0000] {dag.py:4156} INFO - Setting next_dagrun for example_sla_dag to 2024-09-09 08:26:00+00:00, run_after=2024-09-09 08:28:00+00:00
[2024-09-09T08:28:57.897+0000] {processor.py:208} INFO - Processing /home/airflow/.local/lib/python3.12/site-packages/airflow/example_dags/example_sla_dag.py took 0.155 seconds
[2024-09-09T08:29:28.583+0000] {processor.py:186} INFO - Started process (PID=14397) to work on /home/airflow/.local/lib/python3.12/site-packages/airflow/example_dags/example_sla_dag.py
[2024-09-09T08:29:28.585+0000] {processor.py:914} INFO - Processing file /home/airflow/.local/lib/python3.12/site-packages/airflow/example_dags/example_sla_dag.py for tasks to queue
[2024-09-09T08:29:28.589+0000] {logging_mixin.py:190} INFO - [2024-09-09T08:29:28.588+0000] {dagbag.py:587} INFO - Filling up the DagBag from /home/airflow/.local/lib/python3.12/site-packages/airflow/example_dags/example_sla_dag.py
[2024-09-09T08:29:28.604+0000] {processor.py:925} INFO - DAG(s) 'example_sla_dag' retrieved from /home/airflow/.local/lib/python3.12/site-packages/airflow/example_dags/example_sla_dag.py
[2024-09-09T08:29:28.630+0000] {logging_mixin.py:190} INFO - [2024-09-09T08:29:28.630+0000] {dag.py:3229} INFO - Sync 1 DAGs
[2024-09-09T08:29:28.669+0000] {logging_mixin.py:190} INFO - [2024-09-09T08:29:28.669+0000] {dag.py:4156} INFO - Setting next_dagrun for example_sla_dag to 2024-09-09 08:26:00+00:00, run_after=2024-09-09 08:28:00+00:00
[2024-09-09T08:29:28.703+0000] {processor.py:208} INFO - Processing /home/airflow/.local/lib/python3.12/site-packages/airflow/example_dags/example_sla_dag.py took 0.128 seconds
[2024-09-09T08:29:58.864+0000] {processor.py:186} INFO - Started process (PID=14683) to work on /home/airflow/.local/lib/python3.12/site-packages/airflow/example_dags/example_sla_dag.py
[2024-09-09T08:29:58.865+0000] {processor.py:914} INFO - Processing file /home/airflow/.local/lib/python3.12/site-packages/airflow/example_dags/example_sla_dag.py for tasks to queue
[2024-09-09T08:29:58.869+0000] {logging_mixin.py:190} INFO - [2024-09-09T08:29:58.869+0000] {dagbag.py:587} INFO - Filling up the DagBag from /home/airflow/.local/lib/python3.12/site-packages/airflow/example_dags/example_sla_dag.py
[2024-09-09T08:29:58.884+0000] {processor.py:925} INFO - DAG(s) 'example_sla_dag' retrieved from /home/airflow/.local/lib/python3.12/site-packages/airflow/example_dags/example_sla_dag.py
[2024-09-09T08:29:58.909+0000] {logging_mixin.py:190} INFO - [2024-09-09T08:29:58.909+0000] {dag.py:3229} INFO - Sync 1 DAGs
[2024-09-09T08:29:58.940+0000] {logging_mixin.py:190} INFO - [2024-09-09T08:29:58.939+0000] {dag.py:4156} INFO - Setting next_dagrun for example_sla_dag to 2024-09-09 08:26:00+00:00, run_after=2024-09-09 08:28:00+00:00
[2024-09-09T08:29:58.966+0000] {processor.py:208} INFO - Processing /home/airflow/.local/lib/python3.12/site-packages/airflow/example_dags/example_sla_dag.py took 0.111 seconds
[2024-09-09T08:30:29.133+0000] {processor.py:186} INFO - Started process (PID=14964) to work on /home/airflow/.local/lib/python3.12/site-packages/airflow/example_dags/example_sla_dag.py
[2024-09-09T08:30:29.134+0000] {processor.py:914} INFO - Processing file /home/airflow/.local/lib/python3.12/site-packages/airflow/example_dags/example_sla_dag.py for tasks to queue
[2024-09-09T08:30:29.137+0000] {logging_mixin.py:190} INFO - [2024-09-09T08:30:29.137+0000] {dagbag.py:587} INFO - Filling up the DagBag from /home/airflow/.local/lib/python3.12/site-packages/airflow/example_dags/example_sla_dag.py
[2024-09-09T08:30:29.151+0000] {processor.py:925} INFO - DAG(s) 'example_sla_dag' retrieved from /home/airflow/.local/lib/python3.12/site-packages/airflow/example_dags/example_sla_dag.py
[2024-09-09T08:30:29.172+0000] {logging_mixin.py:190} INFO - [2024-09-09T08:30:29.171+0000] {dag.py:3229} INFO - Sync 1 DAGs
[2024-09-09T08:30:29.201+0000] {logging_mixin.py:190} INFO - [2024-09-09T08:30:29.201+0000] {dag.py:4156} INFO - Setting next_dagrun for example_sla_dag to 2024-09-09 08:28:00+00:00, run_after=2024-09-09 08:30:00+00:00
[2024-09-09T08:30:29.261+0000] {processor.py:208} INFO - Processing /home/airflow/.local/lib/python3.12/site-packages/airflow/example_dags/example_sla_dag.py took 0.133 seconds
[2024-09-09T08:31:00.470+0000] {processor.py:186} INFO - Started process (PID=15255) to work on /home/airflow/.local/lib/python3.12/site-packages/airflow/example_dags/example_sla_dag.py
[2024-09-09T08:31:00.472+0000] {processor.py:914} INFO - Processing file /home/airflow/.local/lib/python3.12/site-packages/airflow/example_dags/example_sla_dag.py for tasks to queue
[2024-09-09T08:31:00.474+0000] {logging_mixin.py:190} INFO - [2024-09-09T08:31:00.474+0000] {dagbag.py:587} INFO - Filling up the DagBag from /home/airflow/.local/lib/python3.12/site-packages/airflow/example_dags/example_sla_dag.py
[2024-09-09T08:31:00.486+0000] {processor.py:925} INFO - DAG(s) 'example_sla_dag' retrieved from /home/airflow/.local/lib/python3.12/site-packages/airflow/example_dags/example_sla_dag.py
[2024-09-09T08:31:00.507+0000] {logging_mixin.py:190} INFO - [2024-09-09T08:31:00.506+0000] {dag.py:3229} INFO - Sync 1 DAGs
[2024-09-09T08:31:00.534+0000] {logging_mixin.py:190} INFO - [2024-09-09T08:31:00.534+0000] {dag.py:4156} INFO - Setting next_dagrun for example_sla_dag to 2024-09-09 08:28:00+00:00, run_after=2024-09-09 08:30:00+00:00
[2024-09-09T08:31:00.555+0000] {processor.py:208} INFO - Processing /home/airflow/.local/lib/python3.12/site-packages/airflow/example_dags/example_sla_dag.py took 0.092 seconds
[2024-09-09T08:31:32.376+0000] {processor.py:186} INFO - Started process (PID=15538) to work on /home/airflow/.local/lib/python3.12/site-packages/airflow/example_dags/example_sla_dag.py
[2024-09-09T08:31:32.377+0000] {processor.py:914} INFO - Processing file /home/airflow/.local/lib/python3.12/site-packages/airflow/example_dags/example_sla_dag.py for tasks to queue
[2024-09-09T08:31:32.380+0000] {logging_mixin.py:190} INFO - [2024-09-09T08:31:32.380+0000] {dagbag.py:587} INFO - Filling up the DagBag from /home/airflow/.local/lib/python3.12/site-packages/airflow/example_dags/example_sla_dag.py
[2024-09-09T08:31:32.390+0000] {processor.py:925} INFO - DAG(s) 'example_sla_dag' retrieved from /home/airflow/.local/lib/python3.12/site-packages/airflow/example_dags/example_sla_dag.py
[2024-09-09T08:31:32.408+0000] {logging_mixin.py:190} INFO - [2024-09-09T08:31:32.408+0000] {dag.py:3229} INFO - Sync 1 DAGs
[2024-09-09T08:31:32.432+0000] {logging_mixin.py:190} INFO - [2024-09-09T08:31:32.432+0000] {dag.py:4156} INFO - Setting next_dagrun for example_sla_dag to 2024-09-09 08:28:00+00:00, run_after=2024-09-09 08:30:00+00:00
[2024-09-09T08:31:32.452+0000] {processor.py:208} INFO - Processing /home/airflow/.local/lib/python3.12/site-packages/airflow/example_dags/example_sla_dag.py took 0.082 seconds
[2024-09-09T08:32:03.523+0000] {processor.py:186} INFO - Started process (PID=15827) to work on /home/airflow/.local/lib/python3.12/site-packages/airflow/example_dags/example_sla_dag.py
[2024-09-09T08:32:03.525+0000] {processor.py:914} INFO - Processing file /home/airflow/.local/lib/python3.12/site-packages/airflow/example_dags/example_sla_dag.py for tasks to queue
[2024-09-09T08:32:03.527+0000] {logging_mixin.py:190} INFO - [2024-09-09T08:32:03.527+0000] {dagbag.py:587} INFO - Filling up the DagBag from /home/airflow/.local/lib/python3.12/site-packages/airflow/example_dags/example_sla_dag.py
[2024-09-09T08:32:03.547+0000] {processor.py:925} INFO - DAG(s) 'example_sla_dag' retrieved from /home/airflow/.local/lib/python3.12/site-packages/airflow/example_dags/example_sla_dag.py
[2024-09-09T08:32:03.566+0000] {logging_mixin.py:190} INFO - [2024-09-09T08:32:03.566+0000] {dag.py:3229} INFO - Sync 1 DAGs
[2024-09-09T08:32:03.589+0000] {logging_mixin.py:190} INFO - [2024-09-09T08:32:03.589+0000] {dag.py:4156} INFO - Setting next_dagrun for example_sla_dag to 2024-09-09 08:30:00+00:00, run_after=2024-09-09 08:32:00+00:00
[2024-09-09T08:32:03.758+0000] {processor.py:208} INFO - Processing /home/airflow/.local/lib/python3.12/site-packages/airflow/example_dags/example_sla_dag.py took 0.240 seconds
[2024-09-09T08:32:35.177+0000] {processor.py:186} INFO - Started process (PID=16118) to work on /home/airflow/.local/lib/python3.12/site-packages/airflow/example_dags/example_sla_dag.py
[2024-09-09T08:32:35.179+0000] {processor.py:914} INFO - Processing file /home/airflow/.local/lib/python3.12/site-packages/airflow/example_dags/example_sla_dag.py for tasks to queue
[2024-09-09T08:32:35.184+0000] {logging_mixin.py:190} INFO - [2024-09-09T08:32:35.182+0000] {dagbag.py:587} INFO - Filling up the DagBag from /home/airflow/.local/lib/python3.12/site-packages/airflow/example_dags/example_sla_dag.py
[2024-09-09T08:32:35.212+0000] {processor.py:925} INFO - DAG(s) 'example_sla_dag' retrieved from /home/airflow/.local/lib/python3.12/site-packages/airflow/example_dags/example_sla_dag.py
[2024-09-09T08:32:35.261+0000] {logging_mixin.py:190} INFO - [2024-09-09T08:32:35.261+0000] {dag.py:3229} INFO - Sync 1 DAGs
[2024-09-09T08:32:35.323+0000] {logging_mixin.py:190} INFO - [2024-09-09T08:32:35.322+0000] {dag.py:4156} INFO - Setting next_dagrun for example_sla_dag to 2024-09-09 08:30:00+00:00, run_after=2024-09-09 08:32:00+00:00
[2024-09-09T08:32:35.360+0000] {processor.py:208} INFO - Processing /home/airflow/.local/lib/python3.12/site-packages/airflow/example_dags/example_sla_dag.py took 0.193 seconds
[2024-09-09T08:33:06.183+0000] {processor.py:186} INFO - Started process (PID=16403) to work on /home/airflow/.local/lib/python3.12/site-packages/airflow/example_dags/example_sla_dag.py
[2024-09-09T08:33:06.185+0000] {processor.py:914} INFO - Processing file /home/airflow/.local/lib/python3.12/site-packages/airflow/example_dags/example_sla_dag.py for tasks to queue
[2024-09-09T08:33:06.187+0000] {logging_mixin.py:190} INFO - [2024-09-09T08:33:06.187+0000] {dagbag.py:587} INFO - Filling up the DagBag from /home/airflow/.local/lib/python3.12/site-packages/airflow/example_dags/example_sla_dag.py
[2024-09-09T08:33:06.198+0000] {processor.py:925} INFO - DAG(s) 'example_sla_dag' retrieved from /home/airflow/.local/lib/python3.12/site-packages/airflow/example_dags/example_sla_dag.py
[2024-09-09T08:33:06.220+0000] {logging_mixin.py:190} INFO - [2024-09-09T08:33:06.219+0000] {dag.py:3229} INFO - Sync 1 DAGs
[2024-09-09T08:33:06.265+0000] {logging_mixin.py:190} INFO - [2024-09-09T08:33:06.265+0000] {dag.py:4156} INFO - Setting next_dagrun for example_sla_dag to 2024-09-09 08:30:00+00:00, run_after=2024-09-09 08:32:00+00:00
[2024-09-09T08:33:06.290+0000] {processor.py:208} INFO - Processing /home/airflow/.local/lib/python3.12/site-packages/airflow/example_dags/example_sla_dag.py took 0.112 seconds
[2024-09-09T08:33:37.011+0000] {processor.py:186} INFO - Started process (PID=16689) to work on /home/airflow/.local/lib/python3.12/site-packages/airflow/example_dags/example_sla_dag.py
[2024-09-09T08:33:37.013+0000] {processor.py:914} INFO - Processing file /home/airflow/.local/lib/python3.12/site-packages/airflow/example_dags/example_sla_dag.py for tasks to queue
[2024-09-09T08:33:37.015+0000] {logging_mixin.py:190} INFO - [2024-09-09T08:33:37.015+0000] {dagbag.py:587} INFO - Filling up the DagBag from /home/airflow/.local/lib/python3.12/site-packages/airflow/example_dags/example_sla_dag.py
[2024-09-09T08:33:37.028+0000] {processor.py:925} INFO - DAG(s) 'example_sla_dag' retrieved from /home/airflow/.local/lib/python3.12/site-packages/airflow/example_dags/example_sla_dag.py
[2024-09-09T08:33:37.049+0000] {logging_mixin.py:190} INFO - [2024-09-09T08:33:37.048+0000] {dag.py:3229} INFO - Sync 1 DAGs
[2024-09-09T08:33:37.087+0000] {logging_mixin.py:190} INFO - [2024-09-09T08:33:37.087+0000] {dag.py:4156} INFO - Setting next_dagrun for example_sla_dag to 2024-09-09 08:30:00+00:00, run_after=2024-09-09 08:32:00+00:00
[2024-09-09T08:33:37.110+0000] {processor.py:208} INFO - Processing /home/airflow/.local/lib/python3.12/site-packages/airflow/example_dags/example_sla_dag.py took 0.105 seconds
[2024-09-09T08:34:08.245+0000] {processor.py:186} INFO - Started process (PID=16975) to work on /home/airflow/.local/lib/python3.12/site-packages/airflow/example_dags/example_sla_dag.py
[2024-09-09T08:34:08.246+0000] {processor.py:914} INFO - Processing file /home/airflow/.local/lib/python3.12/site-packages/airflow/example_dags/example_sla_dag.py for tasks to queue
[2024-09-09T08:34:08.257+0000] {logging_mixin.py:190} INFO - [2024-09-09T08:34:08.256+0000] {dagbag.py:587} INFO - Filling up the DagBag from /home/airflow/.local/lib/python3.12/site-packages/airflow/example_dags/example_sla_dag.py
[2024-09-09T08:34:08.466+0000] {processor.py:925} INFO - DAG(s) 'example_sla_dag' retrieved from /home/airflow/.local/lib/python3.12/site-packages/airflow/example_dags/example_sla_dag.py
[2024-09-09T08:34:08.485+0000] {logging_mixin.py:190} INFO - [2024-09-09T08:34:08.484+0000] {dag.py:3229} INFO - Sync 1 DAGs
[2024-09-09T08:34:08.528+0000] {logging_mixin.py:190} INFO - [2024-09-09T08:34:08.527+0000] {dag.py:4156} INFO - Setting next_dagrun for example_sla_dag to 2024-09-09 08:32:00+00:00, run_after=2024-09-09 08:34:00+00:00
[2024-09-09T08:34:08.551+0000] {processor.py:208} INFO - Processing /home/airflow/.local/lib/python3.12/site-packages/airflow/example_dags/example_sla_dag.py took 0.313 seconds
[2024-09-09T08:34:39.506+0000] {processor.py:186} INFO - Started process (PID=17263) to work on /home/airflow/.local/lib/python3.12/site-packages/airflow/example_dags/example_sla_dag.py
[2024-09-09T08:34:39.507+0000] {processor.py:914} INFO - Processing file /home/airflow/.local/lib/python3.12/site-packages/airflow/example_dags/example_sla_dag.py for tasks to queue
[2024-09-09T08:34:39.509+0000] {logging_mixin.py:190} INFO - [2024-09-09T08:34:39.508+0000] {dagbag.py:587} INFO - Filling up the DagBag from /home/airflow/.local/lib/python3.12/site-packages/airflow/example_dags/example_sla_dag.py
[2024-09-09T08:34:39.521+0000] {processor.py:925} INFO - DAG(s) 'example_sla_dag' retrieved from /home/airflow/.local/lib/python3.12/site-packages/airflow/example_dags/example_sla_dag.py
[2024-09-09T08:34:39.542+0000] {logging_mixin.py:190} INFO - [2024-09-09T08:34:39.541+0000] {dag.py:3229} INFO - Sync 1 DAGs
[2024-09-09T08:34:39.583+0000] {logging_mixin.py:190} INFO - [2024-09-09T08:34:39.583+0000] {dag.py:4156} INFO - Setting next_dagrun for example_sla_dag to 2024-09-09 08:32:00+00:00, run_after=2024-09-09 08:34:00+00:00
[2024-09-09T08:34:39.605+0000] {processor.py:208} INFO - Processing /home/airflow/.local/lib/python3.12/site-packages/airflow/example_dags/example_sla_dag.py took 0.104 seconds
[2024-09-09T08:35:10.271+0000] {processor.py:186} INFO - Started process (PID=17549) to work on /home/airflow/.local/lib/python3.12/site-packages/airflow/example_dags/example_sla_dag.py
[2024-09-09T08:35:10.272+0000] {processor.py:914} INFO - Processing file /home/airflow/.local/lib/python3.12/site-packages/airflow/example_dags/example_sla_dag.py for tasks to queue
[2024-09-09T08:35:10.274+0000] {logging_mixin.py:190} INFO - [2024-09-09T08:35:10.274+0000] {dagbag.py:587} INFO - Filling up the DagBag from /home/airflow/.local/lib/python3.12/site-packages/airflow/example_dags/example_sla_dag.py
[2024-09-09T08:35:10.283+0000] {processor.py:925} INFO - DAG(s) 'example_sla_dag' retrieved from /home/airflow/.local/lib/python3.12/site-packages/airflow/example_dags/example_sla_dag.py
[2024-09-09T08:35:10.304+0000] {logging_mixin.py:190} INFO - [2024-09-09T08:35:10.304+0000] {dag.py:3229} INFO - Sync 1 DAGs
[2024-09-09T08:35:10.325+0000] {logging_mixin.py:190} INFO - [2024-09-09T08:35:10.325+0000] {dag.py:4156} INFO - Setting next_dagrun for example_sla_dag to 2024-09-09 08:32:00+00:00, run_after=2024-09-09 08:34:00+00:00
[2024-09-09T08:35:10.354+0000] {processor.py:208} INFO - Processing /home/airflow/.local/lib/python3.12/site-packages/airflow/example_dags/example_sla_dag.py took 0.088 seconds
[2024-09-09T08:35:40.608+0000] {processor.py:186} INFO - Started process (PID=17835) to work on /home/airflow/.local/lib/python3.12/site-packages/airflow/example_dags/example_sla_dag.py
[2024-09-09T08:35:40.609+0000] {processor.py:914} INFO - Processing file /home/airflow/.local/lib/python3.12/site-packages/airflow/example_dags/example_sla_dag.py for tasks to queue
[2024-09-09T08:35:40.612+0000] {logging_mixin.py:190} INFO - [2024-09-09T08:35:40.612+0000] {dagbag.py:587} INFO - Filling up the DagBag from /home/airflow/.local/lib/python3.12/site-packages/airflow/example_dags/example_sla_dag.py
[2024-09-09T08:35:40.621+0000] {processor.py:925} INFO - DAG(s) 'example_sla_dag' retrieved from /home/airflow/.local/lib/python3.12/site-packages/airflow/example_dags/example_sla_dag.py
[2024-09-09T08:35:40.642+0000] {logging_mixin.py:190} INFO - [2024-09-09T08:35:40.642+0000] {dag.py:3229} INFO - Sync 1 DAGs
[2024-09-09T08:35:40.667+0000] {logging_mixin.py:190} INFO - [2024-09-09T08:35:40.666+0000] {dag.py:4156} INFO - Setting next_dagrun for example_sla_dag to 2024-09-09 08:32:00+00:00, run_after=2024-09-09 08:34:00+00:00
[2024-09-09T08:35:40.689+0000] {processor.py:208} INFO - Processing /home/airflow/.local/lib/python3.12/site-packages/airflow/example_dags/example_sla_dag.py took 0.087 seconds
[2024-09-09T08:36:11.270+0000] {processor.py:186} INFO - Started process (PID=18119) to work on /home/airflow/.local/lib/python3.12/site-packages/airflow/example_dags/example_sla_dag.py
[2024-09-09T08:36:11.272+0000] {processor.py:914} INFO - Processing file /home/airflow/.local/lib/python3.12/site-packages/airflow/example_dags/example_sla_dag.py for tasks to queue
[2024-09-09T08:36:11.276+0000] {logging_mixin.py:190} INFO - [2024-09-09T08:36:11.276+0000] {dagbag.py:587} INFO - Filling up the DagBag from /home/airflow/.local/lib/python3.12/site-packages/airflow/example_dags/example_sla_dag.py
[2024-09-09T08:36:11.296+0000] {processor.py:925} INFO - DAG(s) 'example_sla_dag' retrieved from /home/airflow/.local/lib/python3.12/site-packages/airflow/example_dags/example_sla_dag.py
[2024-09-09T08:36:11.333+0000] {logging_mixin.py:190} INFO - [2024-09-09T08:36:11.332+0000] {dag.py:3229} INFO - Sync 1 DAGs
[2024-09-09T08:36:11.378+0000] {logging_mixin.py:190} INFO - [2024-09-09T08:36:11.378+0000] {dag.py:4156} INFO - Setting next_dagrun for example_sla_dag to 2024-09-09 08:34:00+00:00, run_after=2024-09-09 08:36:00+00:00
[2024-09-09T08:36:11.406+0000] {processor.py:208} INFO - Processing /home/airflow/.local/lib/python3.12/site-packages/airflow/example_dags/example_sla_dag.py took 0.146 seconds
[2024-09-09T08:36:41.835+0000] {processor.py:186} INFO - Started process (PID=18405) to work on /home/airflow/.local/lib/python3.12/site-packages/airflow/example_dags/example_sla_dag.py
[2024-09-09T08:36:41.836+0000] {processor.py:914} INFO - Processing file /home/airflow/.local/lib/python3.12/site-packages/airflow/example_dags/example_sla_dag.py for tasks to queue
[2024-09-09T08:36:41.839+0000] {logging_mixin.py:190} INFO - [2024-09-09T08:36:41.839+0000] {dagbag.py:587} INFO - Filling up the DagBag from /home/airflow/.local/lib/python3.12/site-packages/airflow/example_dags/example_sla_dag.py
[2024-09-09T08:36:41.849+0000] {processor.py:925} INFO - DAG(s) 'example_sla_dag' retrieved from /home/airflow/.local/lib/python3.12/site-packages/airflow/example_dags/example_sla_dag.py
[2024-09-09T08:36:41.868+0000] {logging_mixin.py:190} INFO - [2024-09-09T08:36:41.867+0000] {dag.py:3229} INFO - Sync 1 DAGs
[2024-09-09T08:36:41.893+0000] {logging_mixin.py:190} INFO - [2024-09-09T08:36:41.893+0000] {dag.py:4156} INFO - Setting next_dagrun for example_sla_dag to 2024-09-09 08:34:00+00:00, run_after=2024-09-09 08:36:00+00:00
[2024-09-09T08:36:41.912+0000] {processor.py:208} INFO - Processing /home/airflow/.local/lib/python3.12/site-packages/airflow/example_dags/example_sla_dag.py took 0.082 seconds
[2024-09-09T08:37:12.880+0000] {processor.py:186} INFO - Started process (PID=18691) to work on /home/airflow/.local/lib/python3.12/site-packages/airflow/example_dags/example_sla_dag.py
[2024-09-09T08:37:12.882+0000] {processor.py:914} INFO - Processing file /home/airflow/.local/lib/python3.12/site-packages/airflow/example_dags/example_sla_dag.py for tasks to queue
[2024-09-09T08:37:12.884+0000] {logging_mixin.py:190} INFO - [2024-09-09T08:37:12.884+0000] {dagbag.py:587} INFO - Filling up the DagBag from /home/airflow/.local/lib/python3.12/site-packages/airflow/example_dags/example_sla_dag.py
[2024-09-09T08:37:12.899+0000] {processor.py:925} INFO - DAG(s) 'example_sla_dag' retrieved from /home/airflow/.local/lib/python3.12/site-packages/airflow/example_dags/example_sla_dag.py
[2024-09-09T08:37:12.926+0000] {logging_mixin.py:190} INFO - [2024-09-09T08:37:12.925+0000] {dag.py:3229} INFO - Sync 1 DAGs
[2024-09-09T08:37:12.962+0000] {logging_mixin.py:190} INFO - [2024-09-09T08:37:12.962+0000] {dag.py:4156} INFO - Setting next_dagrun for example_sla_dag to 2024-09-09 08:34:00+00:00, run_after=2024-09-09 08:36:00+00:00
[2024-09-09T08:37:12.989+0000] {processor.py:208} INFO - Processing /home/airflow/.local/lib/python3.12/site-packages/airflow/example_dags/example_sla_dag.py took 0.117 seconds
[2024-09-09T08:37:43.504+0000] {processor.py:186} INFO - Started process (PID=18983) to work on /home/airflow/.local/lib/python3.12/site-packages/airflow/example_dags/example_sla_dag.py
[2024-09-09T08:37:43.505+0000] {processor.py:914} INFO - Processing file /home/airflow/.local/lib/python3.12/site-packages/airflow/example_dags/example_sla_dag.py for tasks to queue
[2024-09-09T08:37:43.509+0000] {logging_mixin.py:190} INFO - [2024-09-09T08:37:43.509+0000] {dagbag.py:587} INFO - Filling up the DagBag from /home/airflow/.local/lib/python3.12/site-packages/airflow/example_dags/example_sla_dag.py
[2024-09-09T08:37:43.520+0000] {processor.py:925} INFO - DAG(s) 'example_sla_dag' retrieved from /home/airflow/.local/lib/python3.12/site-packages/airflow/example_dags/example_sla_dag.py
[2024-09-09T08:37:43.543+0000] {logging_mixin.py:190} INFO - [2024-09-09T08:37:43.542+0000] {dag.py:3229} INFO - Sync 1 DAGs
[2024-09-09T08:37:43.574+0000] {logging_mixin.py:190} INFO - [2024-09-09T08:37:43.574+0000] {dag.py:4156} INFO - Setting next_dagrun for example_sla_dag to 2024-09-09 08:34:00+00:00, run_after=2024-09-09 08:36:00+00:00
[2024-09-09T08:37:43.594+0000] {processor.py:208} INFO - Processing /home/airflow/.local/lib/python3.12/site-packages/airflow/example_dags/example_sla_dag.py took 0.097 seconds
[2024-09-09T08:38:14.287+0000] {processor.py:186} INFO - Started process (PID=19269) to work on /home/airflow/.local/lib/python3.12/site-packages/airflow/example_dags/example_sla_dag.py
[2024-09-09T08:38:14.289+0000] {processor.py:914} INFO - Processing file /home/airflow/.local/lib/python3.12/site-packages/airflow/example_dags/example_sla_dag.py for tasks to queue
[2024-09-09T08:38:14.292+0000] {logging_mixin.py:190} INFO - [2024-09-09T08:38:14.292+0000] {dagbag.py:587} INFO - Filling up the DagBag from /home/airflow/.local/lib/python3.12/site-packages/airflow/example_dags/example_sla_dag.py
[2024-09-09T08:38:14.305+0000] {processor.py:925} INFO - DAG(s) 'example_sla_dag' retrieved from /home/airflow/.local/lib/python3.12/site-packages/airflow/example_dags/example_sla_dag.py
[2024-09-09T08:38:14.333+0000] {logging_mixin.py:190} INFO - [2024-09-09T08:38:14.333+0000] {dag.py:3229} INFO - Sync 1 DAGs
[2024-09-09T08:38:14.370+0000] {logging_mixin.py:190} INFO - [2024-09-09T08:38:14.370+0000] {dag.py:4156} INFO - Setting next_dagrun for example_sla_dag to 2024-09-09 08:36:00+00:00, run_after=2024-09-09 08:38:00+00:00
[2024-09-09T08:38:14.396+0000] {processor.py:208} INFO - Processing /home/airflow/.local/lib/python3.12/site-packages/airflow/example_dags/example_sla_dag.py took 0.118 seconds
[2024-09-09T08:38:45.326+0000] {processor.py:186} INFO - Started process (PID=19555) to work on /home/airflow/.local/lib/python3.12/site-packages/airflow/example_dags/example_sla_dag.py
[2024-09-09T08:38:45.328+0000] {processor.py:914} INFO - Processing file /home/airflow/.local/lib/python3.12/site-packages/airflow/example_dags/example_sla_dag.py for tasks to queue
[2024-09-09T08:38:45.331+0000] {logging_mixin.py:190} INFO - [2024-09-09T08:38:45.331+0000] {dagbag.py:587} INFO - Filling up the DagBag from /home/airflow/.local/lib/python3.12/site-packages/airflow/example_dags/example_sla_dag.py
[2024-09-09T08:38:45.346+0000] {processor.py:925} INFO - DAG(s) 'example_sla_dag' retrieved from /home/airflow/.local/lib/python3.12/site-packages/airflow/example_dags/example_sla_dag.py
[2024-09-09T08:38:45.368+0000] {logging_mixin.py:190} INFO - [2024-09-09T08:38:45.368+0000] {dag.py:3229} INFO - Sync 1 DAGs
[2024-09-09T08:38:45.400+0000] {logging_mixin.py:190} INFO - [2024-09-09T08:38:45.399+0000] {dag.py:4156} INFO - Setting next_dagrun for example_sla_dag to 2024-09-09 08:36:00+00:00, run_after=2024-09-09 08:38:00+00:00
[2024-09-09T08:38:45.424+0000] {processor.py:208} INFO - Processing /home/airflow/.local/lib/python3.12/site-packages/airflow/example_dags/example_sla_dag.py took 0.110 seconds
[2024-09-09T08:39:15.555+0000] {processor.py:186} INFO - Started process (PID=19841) to work on /home/airflow/.local/lib/python3.12/site-packages/airflow/example_dags/example_sla_dag.py
[2024-09-09T08:39:15.568+0000] {processor.py:914} INFO - Processing file /home/airflow/.local/lib/python3.12/site-packages/airflow/example_dags/example_sla_dag.py for tasks to queue
[2024-09-09T08:39:15.572+0000] {logging_mixin.py:190} INFO - [2024-09-09T08:39:15.571+0000] {dagbag.py:587} INFO - Filling up the DagBag from /home/airflow/.local/lib/python3.12/site-packages/airflow/example_dags/example_sla_dag.py
[2024-09-09T08:39:15.588+0000] {processor.py:925} INFO - DAG(s) 'example_sla_dag' retrieved from /home/airflow/.local/lib/python3.12/site-packages/airflow/example_dags/example_sla_dag.py
[2024-09-09T08:39:15.610+0000] {logging_mixin.py:190} INFO - [2024-09-09T08:39:15.610+0000] {dag.py:3229} INFO - Sync 1 DAGs
[2024-09-09T08:39:15.641+0000] {logging_mixin.py:190} INFO - [2024-09-09T08:39:15.641+0000] {dag.py:4156} INFO - Setting next_dagrun for example_sla_dag to 2024-09-09 08:36:00+00:00, run_after=2024-09-09 08:38:00+00:00
[2024-09-09T08:39:15.663+0000] {processor.py:208} INFO - Processing /home/airflow/.local/lib/python3.12/site-packages/airflow/example_dags/example_sla_dag.py took 0.117 seconds
[2024-09-09T08:39:46.103+0000] {processor.py:186} INFO - Started process (PID=20127) to work on /home/airflow/.local/lib/python3.12/site-packages/airflow/example_dags/example_sla_dag.py
[2024-09-09T08:39:46.104+0000] {processor.py:914} INFO - Processing file /home/airflow/.local/lib/python3.12/site-packages/airflow/example_dags/example_sla_dag.py for tasks to queue
[2024-09-09T08:39:46.107+0000] {logging_mixin.py:190} INFO - [2024-09-09T08:39:46.107+0000] {dagbag.py:587} INFO - Filling up the DagBag from /home/airflow/.local/lib/python3.12/site-packages/airflow/example_dags/example_sla_dag.py
[2024-09-09T08:39:46.118+0000] {processor.py:925} INFO - DAG(s) 'example_sla_dag' retrieved from /home/airflow/.local/lib/python3.12/site-packages/airflow/example_dags/example_sla_dag.py
[2024-09-09T08:39:46.139+0000] {logging_mixin.py:190} INFO - [2024-09-09T08:39:46.138+0000] {dag.py:3229} INFO - Sync 1 DAGs
[2024-09-09T08:39:46.177+0000] {logging_mixin.py:190} INFO - [2024-09-09T08:39:46.177+0000] {dag.py:4156} INFO - Setting next_dagrun for example_sla_dag to 2024-09-09 08:36:00+00:00, run_after=2024-09-09 08:38:00+00:00
[2024-09-09T08:39:46.199+0000] {processor.py:208} INFO - Processing /home/airflow/.local/lib/python3.12/site-packages/airflow/example_dags/example_sla_dag.py took 0.102 seconds
[2024-09-09T08:40:16.348+0000] {processor.py:186} INFO - Started process (PID=20413) to work on /home/airflow/.local/lib/python3.12/site-packages/airflow/example_dags/example_sla_dag.py
[2024-09-09T08:40:16.349+0000] {processor.py:914} INFO - Processing file /home/airflow/.local/lib/python3.12/site-packages/airflow/example_dags/example_sla_dag.py for tasks to queue
[2024-09-09T08:40:16.351+0000] {logging_mixin.py:190} INFO - [2024-09-09T08:40:16.351+0000] {dagbag.py:587} INFO - Filling up the DagBag from /home/airflow/.local/lib/python3.12/site-packages/airflow/example_dags/example_sla_dag.py
[2024-09-09T08:40:16.361+0000] {processor.py:925} INFO - DAG(s) 'example_sla_dag' retrieved from /home/airflow/.local/lib/python3.12/site-packages/airflow/example_dags/example_sla_dag.py
[2024-09-09T08:40:16.380+0000] {logging_mixin.py:190} INFO - [2024-09-09T08:40:16.379+0000] {dag.py:3229} INFO - Sync 1 DAGs
[2024-09-09T08:40:16.404+0000] {logging_mixin.py:190} INFO - [2024-09-09T08:40:16.403+0000] {dag.py:4156} INFO - Setting next_dagrun for example_sla_dag to 2024-09-09 08:38:00+00:00, run_after=2024-09-09 08:40:00+00:00
[2024-09-09T08:40:16.423+0000] {processor.py:208} INFO - Processing /home/airflow/.local/lib/python3.12/site-packages/airflow/example_dags/example_sla_dag.py took 0.080 seconds
[2024-09-09T08:40:47.131+0000] {processor.py:186} INFO - Started process (PID=20699) to work on /home/airflow/.local/lib/python3.12/site-packages/airflow/example_dags/example_sla_dag.py
[2024-09-09T08:40:47.132+0000] {processor.py:914} INFO - Processing file /home/airflow/.local/lib/python3.12/site-packages/airflow/example_dags/example_sla_dag.py for tasks to queue
[2024-09-09T08:40:47.135+0000] {logging_mixin.py:190} INFO - [2024-09-09T08:40:47.134+0000] {dagbag.py:587} INFO - Filling up the DagBag from /home/airflow/.local/lib/python3.12/site-packages/airflow/example_dags/example_sla_dag.py
[2024-09-09T08:40:47.144+0000] {processor.py:925} INFO - DAG(s) 'example_sla_dag' retrieved from /home/airflow/.local/lib/python3.12/site-packages/airflow/example_dags/example_sla_dag.py
[2024-09-09T08:40:47.164+0000] {logging_mixin.py:190} INFO - [2024-09-09T08:40:47.164+0000] {dag.py:3229} INFO - Sync 1 DAGs
[2024-09-09T08:40:47.192+0000] {logging_mixin.py:190} INFO - [2024-09-09T08:40:47.192+0000] {dag.py:4156} INFO - Setting next_dagrun for example_sla_dag to 2024-09-09 08:38:00+00:00, run_after=2024-09-09 08:40:00+00:00
[2024-09-09T08:40:47.215+0000] {processor.py:208} INFO - Processing /home/airflow/.local/lib/python3.12/site-packages/airflow/example_dags/example_sla_dag.py took 0.091 seconds
[2024-09-09T08:41:17.593+0000] {processor.py:186} INFO - Started process (PID=20986) to work on /home/airflow/.local/lib/python3.12/site-packages/airflow/example_dags/example_sla_dag.py
[2024-09-09T08:41:17.594+0000] {processor.py:914} INFO - Processing file /home/airflow/.local/lib/python3.12/site-packages/airflow/example_dags/example_sla_dag.py for tasks to queue
[2024-09-09T08:41:17.597+0000] {logging_mixin.py:190} INFO - [2024-09-09T08:41:17.597+0000] {dagbag.py:587} INFO - Filling up the DagBag from /home/airflow/.local/lib/python3.12/site-packages/airflow/example_dags/example_sla_dag.py
[2024-09-09T08:41:17.611+0000] {processor.py:925} INFO - DAG(s) 'example_sla_dag' retrieved from /home/airflow/.local/lib/python3.12/site-packages/airflow/example_dags/example_sla_dag.py
[2024-09-09T08:41:17.636+0000] {logging_mixin.py:190} INFO - [2024-09-09T08:41:17.635+0000] {dag.py:3229} INFO - Sync 1 DAGs
[2024-09-09T08:41:17.665+0000] {logging_mixin.py:190} INFO - [2024-09-09T08:41:17.665+0000] {dag.py:4156} INFO - Setting next_dagrun for example_sla_dag to 2024-09-09 08:38:00+00:00, run_after=2024-09-09 08:40:00+00:00
[2024-09-09T08:41:17.688+0000] {processor.py:208} INFO - Processing /home/airflow/.local/lib/python3.12/site-packages/airflow/example_dags/example_sla_dag.py took 0.102 seconds
