[2024-09-09T08:04:24.963+0000] {processor.py:186} INFO - Started process (PID=400) to work on /home/airflow/.local/lib/python3.12/site-packages/airflow/example_dags/tutorial_objectstorage.py
[2024-09-09T08:04:24.964+0000] {processor.py:914} INFO - Processing file /home/airflow/.local/lib/python3.12/site-packages/airflow/example_dags/tutorial_objectstorage.py for tasks to queue
[2024-09-09T08:04:24.967+0000] {logging_mixin.py:190} INFO - [2024-09-09T08:04:24.966+0000] {dagbag.py:587} INFO - Filling up the DagBag from /home/airflow/.local/lib/python3.12/site-packages/airflow/example_dags/tutorial_objectstorage.py
[2024-09-09T08:04:24.978+0000] {processor.py:925} INFO - DAG(s) 'tutorial_objectstorage' retrieved from /home/airflow/.local/lib/python3.12/site-packages/airflow/example_dags/tutorial_objectstorage.py
[2024-09-09T08:04:25.103+0000] {logging_mixin.py:190} INFO - [2024-09-09T08:04:25.102+0000] {override.py:1900} INFO - Created Permission View: can edit on DAG:tutorial_objectstorage
[2024-09-09T08:04:25.116+0000] {logging_mixin.py:190} INFO - [2024-09-09T08:04:25.116+0000] {override.py:1900} INFO - Created Permission View: can delete on DAG:tutorial_objectstorage
[2024-09-09T08:04:25.126+0000] {logging_mixin.py:190} INFO - [2024-09-09T08:04:25.126+0000] {override.py:1900} INFO - Created Permission View: can read on DAG:tutorial_objectstorage
[2024-09-09T08:04:25.140+0000] {logging_mixin.py:190} INFO - [2024-09-09T08:04:25.140+0000] {override.py:1900} INFO - Created Permission View: can create on DAG Run:tutorial_objectstorage
[2024-09-09T08:04:25.150+0000] {logging_mixin.py:190} INFO - [2024-09-09T08:04:25.149+0000] {override.py:1900} INFO - Created Permission View: can delete on DAG Run:tutorial_objectstorage
[2024-09-09T08:04:25.234+0000] {logging_mixin.py:190} INFO - [2024-09-09T08:04:25.233+0000] {override.py:1900} INFO - Created Permission View: menu access on DAG Run:tutorial_objectstorage
[2024-09-09T08:04:25.259+0000] {logging_mixin.py:190} INFO - [2024-09-09T08:04:25.258+0000] {override.py:1900} INFO - Created Permission View: can read on DAG Run:tutorial_objectstorage
[2024-09-09T08:04:25.260+0000] {logging_mixin.py:190} INFO - [2024-09-09T08:04:25.260+0000] {dag.py:3229} INFO - Sync 1 DAGs
[2024-09-09T08:04:25.276+0000] {logging_mixin.py:190} INFO - [2024-09-09T08:04:25.276+0000] {dag.py:3252} INFO - Creating ORM DAG for tutorial_objectstorage
[2024-09-09T08:04:25.278+0000] {logging_mixin.py:190} INFO - [2024-09-09T08:04:25.277+0000] {dag.py:4156} INFO - Setting next_dagrun for tutorial_objectstorage to None, run_after=None
[2024-09-09T08:04:25.301+0000] {processor.py:208} INFO - Processing /home/airflow/.local/lib/python3.12/site-packages/airflow/example_dags/tutorial_objectstorage.py took 0.345 seconds
[2024-09-09T08:04:55.426+0000] {processor.py:186} INFO - Started process (PID=686) to work on /home/airflow/.local/lib/python3.12/site-packages/airflow/example_dags/tutorial_objectstorage.py
[2024-09-09T08:04:55.427+0000] {processor.py:914} INFO - Processing file /home/airflow/.local/lib/python3.12/site-packages/airflow/example_dags/tutorial_objectstorage.py for tasks to queue
[2024-09-09T08:04:55.429+0000] {logging_mixin.py:190} INFO - [2024-09-09T08:04:55.429+0000] {dagbag.py:587} INFO - Filling up the DagBag from /home/airflow/.local/lib/python3.12/site-packages/airflow/example_dags/tutorial_objectstorage.py
[2024-09-09T08:04:55.440+0000] {processor.py:925} INFO - DAG(s) 'tutorial_objectstorage' retrieved from /home/airflow/.local/lib/python3.12/site-packages/airflow/example_dags/tutorial_objectstorage.py
[2024-09-09T08:04:55.462+0000] {logging_mixin.py:190} INFO - [2024-09-09T08:04:55.461+0000] {dag.py:3229} INFO - Sync 1 DAGs
[2024-09-09T08:04:55.479+0000] {logging_mixin.py:190} INFO - [2024-09-09T08:04:55.479+0000] {dag.py:4156} INFO - Setting next_dagrun for tutorial_objectstorage to None, run_after=None
[2024-09-09T08:04:55.505+0000] {processor.py:208} INFO - Processing /home/airflow/.local/lib/python3.12/site-packages/airflow/example_dags/tutorial_objectstorage.py took 0.086 seconds
[2024-09-09T08:05:26.244+0000] {processor.py:186} INFO - Started process (PID=972) to work on /home/airflow/.local/lib/python3.12/site-packages/airflow/example_dags/tutorial_objectstorage.py
[2024-09-09T08:05:26.246+0000] {processor.py:914} INFO - Processing file /home/airflow/.local/lib/python3.12/site-packages/airflow/example_dags/tutorial_objectstorage.py for tasks to queue
[2024-09-09T08:05:26.250+0000] {logging_mixin.py:190} INFO - [2024-09-09T08:05:26.250+0000] {dagbag.py:587} INFO - Filling up the DagBag from /home/airflow/.local/lib/python3.12/site-packages/airflow/example_dags/tutorial_objectstorage.py
[2024-09-09T08:05:26.263+0000] {processor.py:925} INFO - DAG(s) 'tutorial_objectstorage' retrieved from /home/airflow/.local/lib/python3.12/site-packages/airflow/example_dags/tutorial_objectstorage.py
[2024-09-09T08:05:26.288+0000] {logging_mixin.py:190} INFO - [2024-09-09T08:05:26.288+0000] {dag.py:3229} INFO - Sync 1 DAGs
[2024-09-09T08:05:26.306+0000] {logging_mixin.py:190} INFO - [2024-09-09T08:05:26.305+0000] {dag.py:4156} INFO - Setting next_dagrun for tutorial_objectstorage to None, run_after=None
[2024-09-09T08:05:26.344+0000] {processor.py:208} INFO - Processing /home/airflow/.local/lib/python3.12/site-packages/airflow/example_dags/tutorial_objectstorage.py took 0.115 seconds
[2024-09-09T08:05:57.776+0000] {processor.py:186} INFO - Started process (PID=1258) to work on /home/airflow/.local/lib/python3.12/site-packages/airflow/example_dags/tutorial_objectstorage.py
[2024-09-09T08:05:57.777+0000] {processor.py:914} INFO - Processing file /home/airflow/.local/lib/python3.12/site-packages/airflow/example_dags/tutorial_objectstorage.py for tasks to queue
[2024-09-09T08:05:57.781+0000] {logging_mixin.py:190} INFO - [2024-09-09T08:05:57.780+0000] {dagbag.py:587} INFO - Filling up the DagBag from /home/airflow/.local/lib/python3.12/site-packages/airflow/example_dags/tutorial_objectstorage.py
[2024-09-09T08:05:57.794+0000] {processor.py:925} INFO - DAG(s) 'tutorial_objectstorage' retrieved from /home/airflow/.local/lib/python3.12/site-packages/airflow/example_dags/tutorial_objectstorage.py
[2024-09-09T08:05:57.819+0000] {logging_mixin.py:190} INFO - [2024-09-09T08:05:57.818+0000] {dag.py:3229} INFO - Sync 1 DAGs
[2024-09-09T08:05:57.837+0000] {logging_mixin.py:190} INFO - [2024-09-09T08:05:57.837+0000] {dag.py:4156} INFO - Setting next_dagrun for tutorial_objectstorage to None, run_after=None
[2024-09-09T08:05:57.866+0000] {processor.py:208} INFO - Processing /home/airflow/.local/lib/python3.12/site-packages/airflow/example_dags/tutorial_objectstorage.py took 0.098 seconds
[2024-09-09T08:06:28.841+0000] {processor.py:186} INFO - Started process (PID=1544) to work on /home/airflow/.local/lib/python3.12/site-packages/airflow/example_dags/tutorial_objectstorage.py
[2024-09-09T08:06:28.842+0000] {processor.py:914} INFO - Processing file /home/airflow/.local/lib/python3.12/site-packages/airflow/example_dags/tutorial_objectstorage.py for tasks to queue
[2024-09-09T08:06:28.844+0000] {logging_mixin.py:190} INFO - [2024-09-09T08:06:28.844+0000] {dagbag.py:587} INFO - Filling up the DagBag from /home/airflow/.local/lib/python3.12/site-packages/airflow/example_dags/tutorial_objectstorage.py
[2024-09-09T08:06:28.851+0000] {processor.py:925} INFO - DAG(s) 'tutorial_objectstorage' retrieved from /home/airflow/.local/lib/python3.12/site-packages/airflow/example_dags/tutorial_objectstorage.py
[2024-09-09T08:06:28.867+0000] {logging_mixin.py:190} INFO - [2024-09-09T08:06:28.867+0000] {dag.py:3229} INFO - Sync 1 DAGs
[2024-09-09T08:06:28.879+0000] {logging_mixin.py:190} INFO - [2024-09-09T08:06:28.879+0000] {dag.py:4156} INFO - Setting next_dagrun for tutorial_objectstorage to None, run_after=None
[2024-09-09T08:06:28.897+0000] {processor.py:208} INFO - Processing /home/airflow/.local/lib/python3.12/site-packages/airflow/example_dags/tutorial_objectstorage.py took 0.061 seconds
[2024-09-09T08:06:59.667+0000] {processor.py:186} INFO - Started process (PID=1830) to work on /home/airflow/.local/lib/python3.12/site-packages/airflow/example_dags/tutorial_objectstorage.py
[2024-09-09T08:06:59.669+0000] {processor.py:914} INFO - Processing file /home/airflow/.local/lib/python3.12/site-packages/airflow/example_dags/tutorial_objectstorage.py for tasks to queue
[2024-09-09T08:06:59.673+0000] {logging_mixin.py:190} INFO - [2024-09-09T08:06:59.672+0000] {dagbag.py:587} INFO - Filling up the DagBag from /home/airflow/.local/lib/python3.12/site-packages/airflow/example_dags/tutorial_objectstorage.py
[2024-09-09T08:06:59.682+0000] {processor.py:925} INFO - DAG(s) 'tutorial_objectstorage' retrieved from /home/airflow/.local/lib/python3.12/site-packages/airflow/example_dags/tutorial_objectstorage.py
[2024-09-09T08:06:59.702+0000] {logging_mixin.py:190} INFO - [2024-09-09T08:06:59.702+0000] {dag.py:3229} INFO - Sync 1 DAGs
[2024-09-09T08:06:59.720+0000] {logging_mixin.py:190} INFO - [2024-09-09T08:06:59.720+0000] {dag.py:4156} INFO - Setting next_dagrun for tutorial_objectstorage to None, run_after=None
[2024-09-09T08:06:59.742+0000] {processor.py:208} INFO - Processing /home/airflow/.local/lib/python3.12/site-packages/airflow/example_dags/tutorial_objectstorage.py took 0.083 seconds
[2024-09-09T08:07:30.229+0000] {processor.py:186} INFO - Started process (PID=2117) to work on /home/airflow/.local/lib/python3.12/site-packages/airflow/example_dags/tutorial_objectstorage.py
[2024-09-09T08:07:30.230+0000] {processor.py:914} INFO - Processing file /home/airflow/.local/lib/python3.12/site-packages/airflow/example_dags/tutorial_objectstorage.py for tasks to queue
[2024-09-09T08:07:30.234+0000] {logging_mixin.py:190} INFO - [2024-09-09T08:07:30.234+0000] {dagbag.py:587} INFO - Filling up the DagBag from /home/airflow/.local/lib/python3.12/site-packages/airflow/example_dags/tutorial_objectstorage.py
[2024-09-09T08:07:30.247+0000] {processor.py:925} INFO - DAG(s) 'tutorial_objectstorage' retrieved from /home/airflow/.local/lib/python3.12/site-packages/airflow/example_dags/tutorial_objectstorage.py
[2024-09-09T08:07:30.273+0000] {logging_mixin.py:190} INFO - [2024-09-09T08:07:30.273+0000] {dag.py:3229} INFO - Sync 1 DAGs
[2024-09-09T08:07:30.292+0000] {logging_mixin.py:190} INFO - [2024-09-09T08:07:30.292+0000] {dag.py:4156} INFO - Setting next_dagrun for tutorial_objectstorage to None, run_after=None
[2024-09-09T08:07:30.315+0000] {processor.py:208} INFO - Processing /home/airflow/.local/lib/python3.12/site-packages/airflow/example_dags/tutorial_objectstorage.py took 0.095 seconds
[2024-09-09T08:08:00.925+0000] {processor.py:186} INFO - Started process (PID=2403) to work on /home/airflow/.local/lib/python3.12/site-packages/airflow/example_dags/tutorial_objectstorage.py
[2024-09-09T08:08:00.927+0000] {processor.py:914} INFO - Processing file /home/airflow/.local/lib/python3.12/site-packages/airflow/example_dags/tutorial_objectstorage.py for tasks to queue
[2024-09-09T08:08:00.930+0000] {logging_mixin.py:190} INFO - [2024-09-09T08:08:00.929+0000] {dagbag.py:587} INFO - Filling up the DagBag from /home/airflow/.local/lib/python3.12/site-packages/airflow/example_dags/tutorial_objectstorage.py
[2024-09-09T08:08:00.941+0000] {processor.py:925} INFO - DAG(s) 'tutorial_objectstorage' retrieved from /home/airflow/.local/lib/python3.12/site-packages/airflow/example_dags/tutorial_objectstorage.py
[2024-09-09T08:08:00.970+0000] {logging_mixin.py:190} INFO - [2024-09-09T08:08:00.969+0000] {dag.py:3229} INFO - Sync 1 DAGs
[2024-09-09T08:08:00.993+0000] {logging_mixin.py:190} INFO - [2024-09-09T08:08:00.992+0000] {dag.py:4156} INFO - Setting next_dagrun for tutorial_objectstorage to None, run_after=None
[2024-09-09T08:08:01.020+0000] {processor.py:208} INFO - Processing /home/airflow/.local/lib/python3.12/site-packages/airflow/example_dags/tutorial_objectstorage.py took 0.102 seconds
[2024-09-09T08:08:31.823+0000] {processor.py:186} INFO - Started process (PID=2689) to work on /home/airflow/.local/lib/python3.12/site-packages/airflow/example_dags/tutorial_objectstorage.py
[2024-09-09T08:08:31.824+0000] {processor.py:914} INFO - Processing file /home/airflow/.local/lib/python3.12/site-packages/airflow/example_dags/tutorial_objectstorage.py for tasks to queue
[2024-09-09T08:08:31.827+0000] {logging_mixin.py:190} INFO - [2024-09-09T08:08:31.826+0000] {dagbag.py:587} INFO - Filling up the DagBag from /home/airflow/.local/lib/python3.12/site-packages/airflow/example_dags/tutorial_objectstorage.py
[2024-09-09T08:08:31.838+0000] {processor.py:925} INFO - DAG(s) 'tutorial_objectstorage' retrieved from /home/airflow/.local/lib/python3.12/site-packages/airflow/example_dags/tutorial_objectstorage.py
[2024-09-09T08:08:31.863+0000] {logging_mixin.py:190} INFO - [2024-09-09T08:08:31.863+0000] {dag.py:3229} INFO - Sync 1 DAGs
[2024-09-09T08:08:31.883+0000] {logging_mixin.py:190} INFO - [2024-09-09T08:08:31.883+0000] {dag.py:4156} INFO - Setting next_dagrun for tutorial_objectstorage to None, run_after=None
[2024-09-09T08:08:31.907+0000] {processor.py:208} INFO - Processing /home/airflow/.local/lib/python3.12/site-packages/airflow/example_dags/tutorial_objectstorage.py took 0.090 seconds
[2024-09-09T08:09:02.420+0000] {processor.py:186} INFO - Started process (PID=2975) to work on /home/airflow/.local/lib/python3.12/site-packages/airflow/example_dags/tutorial_objectstorage.py
[2024-09-09T08:09:02.422+0000] {processor.py:914} INFO - Processing file /home/airflow/.local/lib/python3.12/site-packages/airflow/example_dags/tutorial_objectstorage.py for tasks to queue
[2024-09-09T08:09:02.425+0000] {logging_mixin.py:190} INFO - [2024-09-09T08:09:02.424+0000] {dagbag.py:587} INFO - Filling up the DagBag from /home/airflow/.local/lib/python3.12/site-packages/airflow/example_dags/tutorial_objectstorage.py
[2024-09-09T08:09:02.437+0000] {processor.py:925} INFO - DAG(s) 'tutorial_objectstorage' retrieved from /home/airflow/.local/lib/python3.12/site-packages/airflow/example_dags/tutorial_objectstorage.py
[2024-09-09T08:09:02.463+0000] {logging_mixin.py:190} INFO - [2024-09-09T08:09:02.462+0000] {dag.py:3229} INFO - Sync 1 DAGs
[2024-09-09T08:09:02.478+0000] {logging_mixin.py:190} INFO - [2024-09-09T08:09:02.478+0000] {dag.py:4156} INFO - Setting next_dagrun for tutorial_objectstorage to None, run_after=None
[2024-09-09T08:09:02.500+0000] {processor.py:208} INFO - Processing /home/airflow/.local/lib/python3.12/site-packages/airflow/example_dags/tutorial_objectstorage.py took 0.089 seconds
[2024-09-09T08:09:32.680+0000] {processor.py:186} INFO - Started process (PID=3261) to work on /home/airflow/.local/lib/python3.12/site-packages/airflow/example_dags/tutorial_objectstorage.py
[2024-09-09T08:09:32.682+0000] {processor.py:914} INFO - Processing file /home/airflow/.local/lib/python3.12/site-packages/airflow/example_dags/tutorial_objectstorage.py for tasks to queue
[2024-09-09T08:09:32.684+0000] {logging_mixin.py:190} INFO - [2024-09-09T08:09:32.684+0000] {dagbag.py:587} INFO - Filling up the DagBag from /home/airflow/.local/lib/python3.12/site-packages/airflow/example_dags/tutorial_objectstorage.py
[2024-09-09T08:09:32.693+0000] {processor.py:925} INFO - DAG(s) 'tutorial_objectstorage' retrieved from /home/airflow/.local/lib/python3.12/site-packages/airflow/example_dags/tutorial_objectstorage.py
[2024-09-09T08:09:32.717+0000] {logging_mixin.py:190} INFO - [2024-09-09T08:09:32.717+0000] {dag.py:3229} INFO - Sync 1 DAGs
[2024-09-09T08:09:32.734+0000] {logging_mixin.py:190} INFO - [2024-09-09T08:09:32.734+0000] {dag.py:4156} INFO - Setting next_dagrun for tutorial_objectstorage to None, run_after=None
[2024-09-09T08:09:32.761+0000] {processor.py:208} INFO - Processing /home/airflow/.local/lib/python3.12/site-packages/airflow/example_dags/tutorial_objectstorage.py took 0.087 seconds
[2024-09-09T08:10:03.112+0000] {processor.py:186} INFO - Started process (PID=3547) to work on /home/airflow/.local/lib/python3.12/site-packages/airflow/example_dags/tutorial_objectstorage.py
[2024-09-09T08:10:03.113+0000] {processor.py:914} INFO - Processing file /home/airflow/.local/lib/python3.12/site-packages/airflow/example_dags/tutorial_objectstorage.py for tasks to queue
[2024-09-09T08:10:03.116+0000] {logging_mixin.py:190} INFO - [2024-09-09T08:10:03.115+0000] {dagbag.py:587} INFO - Filling up the DagBag from /home/airflow/.local/lib/python3.12/site-packages/airflow/example_dags/tutorial_objectstorage.py
[2024-09-09T08:10:03.125+0000] {processor.py:925} INFO - DAG(s) 'tutorial_objectstorage' retrieved from /home/airflow/.local/lib/python3.12/site-packages/airflow/example_dags/tutorial_objectstorage.py
[2024-09-09T08:10:03.152+0000] {logging_mixin.py:190} INFO - [2024-09-09T08:10:03.152+0000] {dag.py:3229} INFO - Sync 1 DAGs
[2024-09-09T08:10:03.174+0000] {logging_mixin.py:190} INFO - [2024-09-09T08:10:03.174+0000] {dag.py:4156} INFO - Setting next_dagrun for tutorial_objectstorage to None, run_after=None
[2024-09-09T08:10:03.208+0000] {processor.py:208} INFO - Processing /home/airflow/.local/lib/python3.12/site-packages/airflow/example_dags/tutorial_objectstorage.py took 0.103 seconds
[2024-09-09T08:10:33.317+0000] {processor.py:186} INFO - Started process (PID=3833) to work on /home/airflow/.local/lib/python3.12/site-packages/airflow/example_dags/tutorial_objectstorage.py
[2024-09-09T08:10:33.318+0000] {processor.py:914} INFO - Processing file /home/airflow/.local/lib/python3.12/site-packages/airflow/example_dags/tutorial_objectstorage.py for tasks to queue
[2024-09-09T08:10:33.320+0000] {logging_mixin.py:190} INFO - [2024-09-09T08:10:33.320+0000] {dagbag.py:587} INFO - Filling up the DagBag from /home/airflow/.local/lib/python3.12/site-packages/airflow/example_dags/tutorial_objectstorage.py
[2024-09-09T08:10:33.328+0000] {processor.py:925} INFO - DAG(s) 'tutorial_objectstorage' retrieved from /home/airflow/.local/lib/python3.12/site-packages/airflow/example_dags/tutorial_objectstorage.py
[2024-09-09T08:10:33.348+0000] {logging_mixin.py:190} INFO - [2024-09-09T08:10:33.347+0000] {dag.py:3229} INFO - Sync 1 DAGs
[2024-09-09T08:10:33.359+0000] {logging_mixin.py:190} INFO - [2024-09-09T08:10:33.359+0000] {dag.py:4156} INFO - Setting next_dagrun for tutorial_objectstorage to None, run_after=None
[2024-09-09T08:10:33.377+0000] {processor.py:208} INFO - Processing /home/airflow/.local/lib/python3.12/site-packages/airflow/example_dags/tutorial_objectstorage.py took 0.064 seconds
[2024-09-09T08:11:04.175+0000] {processor.py:186} INFO - Started process (PID=4119) to work on /home/airflow/.local/lib/python3.12/site-packages/airflow/example_dags/tutorial_objectstorage.py
[2024-09-09T08:11:04.176+0000] {processor.py:914} INFO - Processing file /home/airflow/.local/lib/python3.12/site-packages/airflow/example_dags/tutorial_objectstorage.py for tasks to queue
[2024-09-09T08:11:04.179+0000] {logging_mixin.py:190} INFO - [2024-09-09T08:11:04.178+0000] {dagbag.py:587} INFO - Filling up the DagBag from /home/airflow/.local/lib/python3.12/site-packages/airflow/example_dags/tutorial_objectstorage.py
[2024-09-09T08:11:04.191+0000] {processor.py:925} INFO - DAG(s) 'tutorial_objectstorage' retrieved from /home/airflow/.local/lib/python3.12/site-packages/airflow/example_dags/tutorial_objectstorage.py
[2024-09-09T08:11:04.217+0000] {logging_mixin.py:190} INFO - [2024-09-09T08:11:04.217+0000] {dag.py:3229} INFO - Sync 1 DAGs
[2024-09-09T08:11:04.238+0000] {logging_mixin.py:190} INFO - [2024-09-09T08:11:04.238+0000] {dag.py:4156} INFO - Setting next_dagrun for tutorial_objectstorage to None, run_after=None
[2024-09-09T08:11:04.263+0000] {processor.py:208} INFO - Processing /home/airflow/.local/lib/python3.12/site-packages/airflow/example_dags/tutorial_objectstorage.py took 0.095 seconds
[2024-09-09T08:11:34.364+0000] {processor.py:186} INFO - Started process (PID=4405) to work on /home/airflow/.local/lib/python3.12/site-packages/airflow/example_dags/tutorial_objectstorage.py
[2024-09-09T08:11:34.365+0000] {processor.py:914} INFO - Processing file /home/airflow/.local/lib/python3.12/site-packages/airflow/example_dags/tutorial_objectstorage.py for tasks to queue
[2024-09-09T08:11:34.367+0000] {logging_mixin.py:190} INFO - [2024-09-09T08:11:34.366+0000] {dagbag.py:587} INFO - Filling up the DagBag from /home/airflow/.local/lib/python3.12/site-packages/airflow/example_dags/tutorial_objectstorage.py
[2024-09-09T08:11:34.374+0000] {processor.py:925} INFO - DAG(s) 'tutorial_objectstorage' retrieved from /home/airflow/.local/lib/python3.12/site-packages/airflow/example_dags/tutorial_objectstorage.py
[2024-09-09T08:11:34.392+0000] {logging_mixin.py:190} INFO - [2024-09-09T08:11:34.392+0000] {dag.py:3229} INFO - Sync 1 DAGs
[2024-09-09T08:11:34.404+0000] {logging_mixin.py:190} INFO - [2024-09-09T08:11:34.404+0000] {dag.py:4156} INFO - Setting next_dagrun for tutorial_objectstorage to None, run_after=None
[2024-09-09T08:11:34.426+0000] {processor.py:208} INFO - Processing /home/airflow/.local/lib/python3.12/site-packages/airflow/example_dags/tutorial_objectstorage.py took 0.067 seconds
[2024-09-09T08:12:05.095+0000] {processor.py:186} INFO - Started process (PID=4691) to work on /home/airflow/.local/lib/python3.12/site-packages/airflow/example_dags/tutorial_objectstorage.py
[2024-09-09T08:12:05.096+0000] {processor.py:914} INFO - Processing file /home/airflow/.local/lib/python3.12/site-packages/airflow/example_dags/tutorial_objectstorage.py for tasks to queue
[2024-09-09T08:12:05.098+0000] {logging_mixin.py:190} INFO - [2024-09-09T08:12:05.097+0000] {dagbag.py:587} INFO - Filling up the DagBag from /home/airflow/.local/lib/python3.12/site-packages/airflow/example_dags/tutorial_objectstorage.py
[2024-09-09T08:12:05.104+0000] {processor.py:925} INFO - DAG(s) 'tutorial_objectstorage' retrieved from /home/airflow/.local/lib/python3.12/site-packages/airflow/example_dags/tutorial_objectstorage.py
[2024-09-09T08:12:05.121+0000] {logging_mixin.py:190} INFO - [2024-09-09T08:12:05.121+0000] {dag.py:3229} INFO - Sync 1 DAGs
[2024-09-09T08:12:05.132+0000] {logging_mixin.py:190} INFO - [2024-09-09T08:12:05.131+0000] {dag.py:4156} INFO - Setting next_dagrun for tutorial_objectstorage to None, run_after=None
[2024-09-09T08:12:05.150+0000] {processor.py:208} INFO - Processing /home/airflow/.local/lib/python3.12/site-packages/airflow/example_dags/tutorial_objectstorage.py took 0.059 seconds
[2024-09-09T08:12:35.246+0000] {processor.py:186} INFO - Started process (PID=4977) to work on /home/airflow/.local/lib/python3.12/site-packages/airflow/example_dags/tutorial_objectstorage.py
[2024-09-09T08:12:35.247+0000] {processor.py:914} INFO - Processing file /home/airflow/.local/lib/python3.12/site-packages/airflow/example_dags/tutorial_objectstorage.py for tasks to queue
[2024-09-09T08:12:35.249+0000] {logging_mixin.py:190} INFO - [2024-09-09T08:12:35.249+0000] {dagbag.py:587} INFO - Filling up the DagBag from /home/airflow/.local/lib/python3.12/site-packages/airflow/example_dags/tutorial_objectstorage.py
[2024-09-09T08:12:35.256+0000] {processor.py:925} INFO - DAG(s) 'tutorial_objectstorage' retrieved from /home/airflow/.local/lib/python3.12/site-packages/airflow/example_dags/tutorial_objectstorage.py
[2024-09-09T08:12:35.273+0000] {logging_mixin.py:190} INFO - [2024-09-09T08:12:35.273+0000] {dag.py:3229} INFO - Sync 1 DAGs
[2024-09-09T08:12:35.284+0000] {logging_mixin.py:190} INFO - [2024-09-09T08:12:35.284+0000] {dag.py:4156} INFO - Setting next_dagrun for tutorial_objectstorage to None, run_after=None
[2024-09-09T08:12:35.302+0000] {processor.py:208} INFO - Processing /home/airflow/.local/lib/python3.12/site-packages/airflow/example_dags/tutorial_objectstorage.py took 0.060 seconds
[2024-09-09T08:13:06.032+0000] {processor.py:186} INFO - Started process (PID=5263) to work on /home/airflow/.local/lib/python3.12/site-packages/airflow/example_dags/tutorial_objectstorage.py
[2024-09-09T08:13:06.033+0000] {processor.py:914} INFO - Processing file /home/airflow/.local/lib/python3.12/site-packages/airflow/example_dags/tutorial_objectstorage.py for tasks to queue
[2024-09-09T08:13:06.035+0000] {logging_mixin.py:190} INFO - [2024-09-09T08:13:06.035+0000] {dagbag.py:587} INFO - Filling up the DagBag from /home/airflow/.local/lib/python3.12/site-packages/airflow/example_dags/tutorial_objectstorage.py
[2024-09-09T08:13:06.045+0000] {processor.py:925} INFO - DAG(s) 'tutorial_objectstorage' retrieved from /home/airflow/.local/lib/python3.12/site-packages/airflow/example_dags/tutorial_objectstorage.py
[2024-09-09T08:13:06.063+0000] {logging_mixin.py:190} INFO - [2024-09-09T08:13:06.063+0000] {dag.py:3229} INFO - Sync 1 DAGs
[2024-09-09T08:13:06.076+0000] {logging_mixin.py:190} INFO - [2024-09-09T08:13:06.076+0000] {dag.py:4156} INFO - Setting next_dagrun for tutorial_objectstorage to None, run_after=None
[2024-09-09T08:13:06.097+0000] {processor.py:208} INFO - Processing /home/airflow/.local/lib/python3.12/site-packages/airflow/example_dags/tutorial_objectstorage.py took 0.071 seconds
[2024-09-09T08:13:36.987+0000] {processor.py:186} INFO - Started process (PID=5549) to work on /home/airflow/.local/lib/python3.12/site-packages/airflow/example_dags/tutorial_objectstorage.py
[2024-09-09T08:13:36.988+0000] {processor.py:914} INFO - Processing file /home/airflow/.local/lib/python3.12/site-packages/airflow/example_dags/tutorial_objectstorage.py for tasks to queue
[2024-09-09T08:13:36.991+0000] {logging_mixin.py:190} INFO - [2024-09-09T08:13:36.990+0000] {dagbag.py:587} INFO - Filling up the DagBag from /home/airflow/.local/lib/python3.12/site-packages/airflow/example_dags/tutorial_objectstorage.py
[2024-09-09T08:13:36.998+0000] {processor.py:925} INFO - DAG(s) 'tutorial_objectstorage' retrieved from /home/airflow/.local/lib/python3.12/site-packages/airflow/example_dags/tutorial_objectstorage.py
[2024-09-09T08:13:37.015+0000] {logging_mixin.py:190} INFO - [2024-09-09T08:13:37.015+0000] {dag.py:3229} INFO - Sync 1 DAGs
[2024-09-09T08:13:37.027+0000] {logging_mixin.py:190} INFO - [2024-09-09T08:13:37.027+0000] {dag.py:4156} INFO - Setting next_dagrun for tutorial_objectstorage to None, run_after=None
[2024-09-09T08:13:37.046+0000] {processor.py:208} INFO - Processing /home/airflow/.local/lib/python3.12/site-packages/airflow/example_dags/tutorial_objectstorage.py took 0.063 seconds
[2024-09-09T08:14:07.912+0000] {processor.py:186} INFO - Started process (PID=5835) to work on /home/airflow/.local/lib/python3.12/site-packages/airflow/example_dags/tutorial_objectstorage.py
[2024-09-09T08:14:07.913+0000] {processor.py:914} INFO - Processing file /home/airflow/.local/lib/python3.12/site-packages/airflow/example_dags/tutorial_objectstorage.py for tasks to queue
[2024-09-09T08:14:07.915+0000] {logging_mixin.py:190} INFO - [2024-09-09T08:14:07.915+0000] {dagbag.py:587} INFO - Filling up the DagBag from /home/airflow/.local/lib/python3.12/site-packages/airflow/example_dags/tutorial_objectstorage.py
[2024-09-09T08:14:07.922+0000] {processor.py:925} INFO - DAG(s) 'tutorial_objectstorage' retrieved from /home/airflow/.local/lib/python3.12/site-packages/airflow/example_dags/tutorial_objectstorage.py
[2024-09-09T08:14:07.939+0000] {logging_mixin.py:190} INFO - [2024-09-09T08:14:07.939+0000] {dag.py:3229} INFO - Sync 1 DAGs
[2024-09-09T08:14:07.950+0000] {logging_mixin.py:190} INFO - [2024-09-09T08:14:07.950+0000] {dag.py:4156} INFO - Setting next_dagrun for tutorial_objectstorage to None, run_after=None
[2024-09-09T08:14:07.967+0000] {processor.py:208} INFO - Processing /home/airflow/.local/lib/python3.12/site-packages/airflow/example_dags/tutorial_objectstorage.py took 0.060 seconds
[2024-09-09T08:14:38.750+0000] {processor.py:186} INFO - Started process (PID=6121) to work on /home/airflow/.local/lib/python3.12/site-packages/airflow/example_dags/tutorial_objectstorage.py
[2024-09-09T08:14:38.752+0000] {processor.py:914} INFO - Processing file /home/airflow/.local/lib/python3.12/site-packages/airflow/example_dags/tutorial_objectstorage.py for tasks to queue
[2024-09-09T08:14:38.755+0000] {logging_mixin.py:190} INFO - [2024-09-09T08:14:38.754+0000] {dagbag.py:587} INFO - Filling up the DagBag from /home/airflow/.local/lib/python3.12/site-packages/airflow/example_dags/tutorial_objectstorage.py
[2024-09-09T08:14:38.763+0000] {processor.py:925} INFO - DAG(s) 'tutorial_objectstorage' retrieved from /home/airflow/.local/lib/python3.12/site-packages/airflow/example_dags/tutorial_objectstorage.py
[2024-09-09T08:14:38.781+0000] {logging_mixin.py:190} INFO - [2024-09-09T08:14:38.781+0000] {dag.py:3229} INFO - Sync 1 DAGs
[2024-09-09T08:14:38.792+0000] {logging_mixin.py:190} INFO - [2024-09-09T08:14:38.792+0000] {dag.py:4156} INFO - Setting next_dagrun for tutorial_objectstorage to None, run_after=None
[2024-09-09T08:14:38.810+0000] {processor.py:208} INFO - Processing /home/airflow/.local/lib/python3.12/site-packages/airflow/example_dags/tutorial_objectstorage.py took 0.067 seconds
[2024-09-09T08:15:08.876+0000] {processor.py:186} INFO - Started process (PID=6407) to work on /home/airflow/.local/lib/python3.12/site-packages/airflow/example_dags/tutorial_objectstorage.py
[2024-09-09T08:15:08.877+0000] {processor.py:914} INFO - Processing file /home/airflow/.local/lib/python3.12/site-packages/airflow/example_dags/tutorial_objectstorage.py for tasks to queue
[2024-09-09T08:15:08.880+0000] {logging_mixin.py:190} INFO - [2024-09-09T08:15:08.880+0000] {dagbag.py:587} INFO - Filling up the DagBag from /home/airflow/.local/lib/python3.12/site-packages/airflow/example_dags/tutorial_objectstorage.py
[2024-09-09T08:15:08.890+0000] {processor.py:925} INFO - DAG(s) 'tutorial_objectstorage' retrieved from /home/airflow/.local/lib/python3.12/site-packages/airflow/example_dags/tutorial_objectstorage.py
[2024-09-09T08:15:08.913+0000] {logging_mixin.py:190} INFO - [2024-09-09T08:15:08.912+0000] {dag.py:3229} INFO - Sync 1 DAGs
[2024-09-09T08:15:08.932+0000] {logging_mixin.py:190} INFO - [2024-09-09T08:15:08.932+0000] {dag.py:4156} INFO - Setting next_dagrun for tutorial_objectstorage to None, run_after=None
[2024-09-09T08:15:08.957+0000] {processor.py:208} INFO - Processing /home/airflow/.local/lib/python3.12/site-packages/airflow/example_dags/tutorial_objectstorage.py took 0.087 seconds
[2024-09-09T08:15:39.441+0000] {processor.py:186} INFO - Started process (PID=6698) to work on /home/airflow/.local/lib/python3.12/site-packages/airflow/example_dags/tutorial_objectstorage.py
[2024-09-09T08:15:39.442+0000] {processor.py:914} INFO - Processing file /home/airflow/.local/lib/python3.12/site-packages/airflow/example_dags/tutorial_objectstorage.py for tasks to queue
[2024-09-09T08:15:39.444+0000] {logging_mixin.py:190} INFO - [2024-09-09T08:15:39.444+0000] {dagbag.py:587} INFO - Filling up the DagBag from /home/airflow/.local/lib/python3.12/site-packages/airflow/example_dags/tutorial_objectstorage.py
[2024-09-09T08:15:39.454+0000] {processor.py:925} INFO - DAG(s) 'tutorial_objectstorage' retrieved from /home/airflow/.local/lib/python3.12/site-packages/airflow/example_dags/tutorial_objectstorage.py
[2024-09-09T08:15:39.479+0000] {logging_mixin.py:190} INFO - [2024-09-09T08:15:39.478+0000] {dag.py:3229} INFO - Sync 1 DAGs
[2024-09-09T08:15:39.529+0000] {logging_mixin.py:190} INFO - [2024-09-09T08:15:39.528+0000] {dag.py:4156} INFO - Setting next_dagrun for tutorial_objectstorage to None, run_after=None
[2024-09-09T08:15:39.574+0000] {processor.py:208} INFO - Processing /home/airflow/.local/lib/python3.12/site-packages/airflow/example_dags/tutorial_objectstorage.py took 0.139 seconds
[2024-09-09T08:16:09.929+0000] {processor.py:186} INFO - Started process (PID=6984) to work on /home/airflow/.local/lib/python3.12/site-packages/airflow/example_dags/tutorial_objectstorage.py
[2024-09-09T08:16:09.930+0000] {processor.py:914} INFO - Processing file /home/airflow/.local/lib/python3.12/site-packages/airflow/example_dags/tutorial_objectstorage.py for tasks to queue
[2024-09-09T08:16:09.933+0000] {logging_mixin.py:190} INFO - [2024-09-09T08:16:09.933+0000] {dagbag.py:587} INFO - Filling up the DagBag from /home/airflow/.local/lib/python3.12/site-packages/airflow/example_dags/tutorial_objectstorage.py
[2024-09-09T08:16:09.943+0000] {processor.py:925} INFO - DAG(s) 'tutorial_objectstorage' retrieved from /home/airflow/.local/lib/python3.12/site-packages/airflow/example_dags/tutorial_objectstorage.py
[2024-09-09T08:16:09.963+0000] {logging_mixin.py:190} INFO - [2024-09-09T08:16:09.963+0000] {dag.py:3229} INFO - Sync 1 DAGs
[2024-09-09T08:16:09.979+0000] {logging_mixin.py:190} INFO - [2024-09-09T08:16:09.978+0000] {dag.py:4156} INFO - Setting next_dagrun for tutorial_objectstorage to None, run_after=None
[2024-09-09T08:16:10.000+0000] {processor.py:208} INFO - Processing /home/airflow/.local/lib/python3.12/site-packages/airflow/example_dags/tutorial_objectstorage.py took 0.077 seconds
[2024-09-09T08:16:40.630+0000] {processor.py:186} INFO - Started process (PID=7270) to work on /home/airflow/.local/lib/python3.12/site-packages/airflow/example_dags/tutorial_objectstorage.py
[2024-09-09T08:16:40.631+0000] {processor.py:914} INFO - Processing file /home/airflow/.local/lib/python3.12/site-packages/airflow/example_dags/tutorial_objectstorage.py for tasks to queue
[2024-09-09T08:16:40.634+0000] {logging_mixin.py:190} INFO - [2024-09-09T08:16:40.634+0000] {dagbag.py:587} INFO - Filling up the DagBag from /home/airflow/.local/lib/python3.12/site-packages/airflow/example_dags/tutorial_objectstorage.py
[2024-09-09T08:16:40.645+0000] {processor.py:925} INFO - DAG(s) 'tutorial_objectstorage' retrieved from /home/airflow/.local/lib/python3.12/site-packages/airflow/example_dags/tutorial_objectstorage.py
[2024-09-09T08:16:40.672+0000] {logging_mixin.py:190} INFO - [2024-09-09T08:16:40.672+0000] {dag.py:3229} INFO - Sync 1 DAGs
[2024-09-09T08:16:40.692+0000] {logging_mixin.py:190} INFO - [2024-09-09T08:16:40.692+0000] {dag.py:4156} INFO - Setting next_dagrun for tutorial_objectstorage to None, run_after=None
[2024-09-09T08:16:40.717+0000] {processor.py:208} INFO - Processing /home/airflow/.local/lib/python3.12/site-packages/airflow/example_dags/tutorial_objectstorage.py took 0.093 seconds
[2024-09-09T08:17:11.702+0000] {processor.py:186} INFO - Started process (PID=7562) to work on /home/airflow/.local/lib/python3.12/site-packages/airflow/example_dags/tutorial_objectstorage.py
[2024-09-09T08:17:11.703+0000] {processor.py:914} INFO - Processing file /home/airflow/.local/lib/python3.12/site-packages/airflow/example_dags/tutorial_objectstorage.py for tasks to queue
[2024-09-09T08:17:11.706+0000] {logging_mixin.py:190} INFO - [2024-09-09T08:17:11.706+0000] {dagbag.py:587} INFO - Filling up the DagBag from /home/airflow/.local/lib/python3.12/site-packages/airflow/example_dags/tutorial_objectstorage.py
[2024-09-09T08:17:11.718+0000] {processor.py:925} INFO - DAG(s) 'tutorial_objectstorage' retrieved from /home/airflow/.local/lib/python3.12/site-packages/airflow/example_dags/tutorial_objectstorage.py
[2024-09-09T08:17:11.744+0000] {logging_mixin.py:190} INFO - [2024-09-09T08:17:11.744+0000] {dag.py:3229} INFO - Sync 1 DAGs
[2024-09-09T08:17:11.763+0000] {logging_mixin.py:190} INFO - [2024-09-09T08:17:11.763+0000] {dag.py:4156} INFO - Setting next_dagrun for tutorial_objectstorage to None, run_after=None
[2024-09-09T08:17:11.804+0000] {processor.py:208} INFO - Processing /home/airflow/.local/lib/python3.12/site-packages/airflow/example_dags/tutorial_objectstorage.py took 0.108 seconds
[2024-09-09T08:17:42.564+0000] {processor.py:186} INFO - Started process (PID=7848) to work on /home/airflow/.local/lib/python3.12/site-packages/airflow/example_dags/tutorial_objectstorage.py
[2024-09-09T08:17:42.566+0000] {processor.py:914} INFO - Processing file /home/airflow/.local/lib/python3.12/site-packages/airflow/example_dags/tutorial_objectstorage.py for tasks to queue
[2024-09-09T08:17:42.575+0000] {logging_mixin.py:190} INFO - [2024-09-09T08:17:42.575+0000] {dagbag.py:587} INFO - Filling up the DagBag from /home/airflow/.local/lib/python3.12/site-packages/airflow/example_dags/tutorial_objectstorage.py
[2024-09-09T08:17:42.602+0000] {processor.py:925} INFO - DAG(s) 'tutorial_objectstorage' retrieved from /home/airflow/.local/lib/python3.12/site-packages/airflow/example_dags/tutorial_objectstorage.py
[2024-09-09T08:17:42.668+0000] {logging_mixin.py:190} INFO - [2024-09-09T08:17:42.667+0000] {dag.py:3229} INFO - Sync 1 DAGs
[2024-09-09T08:17:42.718+0000] {logging_mixin.py:190} INFO - [2024-09-09T08:17:42.717+0000] {dag.py:4156} INFO - Setting next_dagrun for tutorial_objectstorage to None, run_after=None
[2024-09-09T08:17:42.752+0000] {processor.py:208} INFO - Processing /home/airflow/.local/lib/python3.12/site-packages/airflow/example_dags/tutorial_objectstorage.py took 0.200 seconds
[2024-09-09T08:18:13.571+0000] {processor.py:186} INFO - Started process (PID=8134) to work on /home/airflow/.local/lib/python3.12/site-packages/airflow/example_dags/tutorial_objectstorage.py
[2024-09-09T08:18:13.572+0000] {processor.py:914} INFO - Processing file /home/airflow/.local/lib/python3.12/site-packages/airflow/example_dags/tutorial_objectstorage.py for tasks to queue
[2024-09-09T08:18:13.574+0000] {logging_mixin.py:190} INFO - [2024-09-09T08:18:13.574+0000] {dagbag.py:587} INFO - Filling up the DagBag from /home/airflow/.local/lib/python3.12/site-packages/airflow/example_dags/tutorial_objectstorage.py
[2024-09-09T08:18:13.581+0000] {processor.py:925} INFO - DAG(s) 'tutorial_objectstorage' retrieved from /home/airflow/.local/lib/python3.12/site-packages/airflow/example_dags/tutorial_objectstorage.py
[2024-09-09T08:18:13.601+0000] {logging_mixin.py:190} INFO - [2024-09-09T08:18:13.600+0000] {dag.py:3229} INFO - Sync 1 DAGs
[2024-09-09T08:18:13.613+0000] {logging_mixin.py:190} INFO - [2024-09-09T08:18:13.613+0000] {dag.py:4156} INFO - Setting next_dagrun for tutorial_objectstorage to None, run_after=None
[2024-09-09T08:18:13.638+0000] {processor.py:208} INFO - Processing /home/airflow/.local/lib/python3.12/site-packages/airflow/example_dags/tutorial_objectstorage.py took 0.072 seconds
[2024-09-09T08:18:43.712+0000] {processor.py:186} INFO - Started process (PID=8415) to work on /home/airflow/.local/lib/python3.12/site-packages/airflow/example_dags/tutorial_objectstorage.py
[2024-09-09T08:18:43.713+0000] {processor.py:914} INFO - Processing file /home/airflow/.local/lib/python3.12/site-packages/airflow/example_dags/tutorial_objectstorage.py for tasks to queue
[2024-09-09T08:18:43.716+0000] {logging_mixin.py:190} INFO - [2024-09-09T08:18:43.715+0000] {dagbag.py:587} INFO - Filling up the DagBag from /home/airflow/.local/lib/python3.12/site-packages/airflow/example_dags/tutorial_objectstorage.py
[2024-09-09T08:18:43.726+0000] {processor.py:925} INFO - DAG(s) 'tutorial_objectstorage' retrieved from /home/airflow/.local/lib/python3.12/site-packages/airflow/example_dags/tutorial_objectstorage.py
[2024-09-09T08:18:43.748+0000] {logging_mixin.py:190} INFO - [2024-09-09T08:18:43.747+0000] {dag.py:3229} INFO - Sync 1 DAGs
[2024-09-09T08:18:43.766+0000] {logging_mixin.py:190} INFO - [2024-09-09T08:18:43.766+0000] {dag.py:4156} INFO - Setting next_dagrun for tutorial_objectstorage to None, run_after=None
[2024-09-09T08:18:43.800+0000] {processor.py:208} INFO - Processing /home/airflow/.local/lib/python3.12/site-packages/airflow/example_dags/tutorial_objectstorage.py took 0.095 seconds
[2024-09-09T08:19:13.993+0000] {processor.py:186} INFO - Started process (PID=8701) to work on /home/airflow/.local/lib/python3.12/site-packages/airflow/example_dags/tutorial_objectstorage.py
[2024-09-09T08:19:13.996+0000] {processor.py:914} INFO - Processing file /home/airflow/.local/lib/python3.12/site-packages/airflow/example_dags/tutorial_objectstorage.py for tasks to queue
[2024-09-09T08:19:13.999+0000] {logging_mixin.py:190} INFO - [2024-09-09T08:19:13.998+0000] {dagbag.py:587} INFO - Filling up the DagBag from /home/airflow/.local/lib/python3.12/site-packages/airflow/example_dags/tutorial_objectstorage.py
[2024-09-09T08:19:14.011+0000] {processor.py:925} INFO - DAG(s) 'tutorial_objectstorage' retrieved from /home/airflow/.local/lib/python3.12/site-packages/airflow/example_dags/tutorial_objectstorage.py
[2024-09-09T08:19:14.050+0000] {logging_mixin.py:190} INFO - [2024-09-09T08:19:14.050+0000] {dag.py:3229} INFO - Sync 1 DAGs
[2024-09-09T08:19:14.069+0000] {logging_mixin.py:190} INFO - [2024-09-09T08:19:14.069+0000] {dag.py:4156} INFO - Setting next_dagrun for tutorial_objectstorage to None, run_after=None
[2024-09-09T08:19:14.092+0000] {processor.py:208} INFO - Processing /home/airflow/.local/lib/python3.12/site-packages/airflow/example_dags/tutorial_objectstorage.py took 0.106 seconds
[2024-09-09T08:19:44.500+0000] {processor.py:186} INFO - Started process (PID=8992) to work on /home/airflow/.local/lib/python3.12/site-packages/airflow/example_dags/tutorial_objectstorage.py
[2024-09-09T08:19:44.501+0000] {processor.py:914} INFO - Processing file /home/airflow/.local/lib/python3.12/site-packages/airflow/example_dags/tutorial_objectstorage.py for tasks to queue
[2024-09-09T08:19:44.505+0000] {logging_mixin.py:190} INFO - [2024-09-09T08:19:44.504+0000] {dagbag.py:587} INFO - Filling up the DagBag from /home/airflow/.local/lib/python3.12/site-packages/airflow/example_dags/tutorial_objectstorage.py
[2024-09-09T08:19:44.518+0000] {processor.py:925} INFO - DAG(s) 'tutorial_objectstorage' retrieved from /home/airflow/.local/lib/python3.12/site-packages/airflow/example_dags/tutorial_objectstorage.py
[2024-09-09T08:19:44.544+0000] {logging_mixin.py:190} INFO - [2024-09-09T08:19:44.543+0000] {dag.py:3229} INFO - Sync 1 DAGs
[2024-09-09T08:19:44.563+0000] {logging_mixin.py:190} INFO - [2024-09-09T08:19:44.562+0000] {dag.py:4156} INFO - Setting next_dagrun for tutorial_objectstorage to None, run_after=None
[2024-09-09T08:19:44.596+0000] {processor.py:208} INFO - Processing /home/airflow/.local/lib/python3.12/site-packages/airflow/example_dags/tutorial_objectstorage.py took 0.105 seconds
[2024-09-09T08:20:14.810+0000] {processor.py:186} INFO - Started process (PID=9280) to work on /home/airflow/.local/lib/python3.12/site-packages/airflow/example_dags/tutorial_objectstorage.py
[2024-09-09T08:20:14.811+0000] {processor.py:914} INFO - Processing file /home/airflow/.local/lib/python3.12/site-packages/airflow/example_dags/tutorial_objectstorage.py for tasks to queue
[2024-09-09T08:20:14.813+0000] {logging_mixin.py:190} INFO - [2024-09-09T08:20:14.813+0000] {dagbag.py:587} INFO - Filling up the DagBag from /home/airflow/.local/lib/python3.12/site-packages/airflow/example_dags/tutorial_objectstorage.py
[2024-09-09T08:20:14.821+0000] {processor.py:925} INFO - DAG(s) 'tutorial_objectstorage' retrieved from /home/airflow/.local/lib/python3.12/site-packages/airflow/example_dags/tutorial_objectstorage.py
[2024-09-09T08:20:14.837+0000] {logging_mixin.py:190} INFO - [2024-09-09T08:20:14.837+0000] {dag.py:3229} INFO - Sync 1 DAGs
[2024-09-09T08:20:14.848+0000] {logging_mixin.py:190} INFO - [2024-09-09T08:20:14.848+0000] {dag.py:4156} INFO - Setting next_dagrun for tutorial_objectstorage to None, run_after=None
[2024-09-09T08:20:14.865+0000] {processor.py:208} INFO - Processing /home/airflow/.local/lib/python3.12/site-packages/airflow/example_dags/tutorial_objectstorage.py took 0.060 seconds
[2024-09-09T08:20:45.619+0000] {processor.py:186} INFO - Started process (PID=9564) to work on /home/airflow/.local/lib/python3.12/site-packages/airflow/example_dags/tutorial_objectstorage.py
[2024-09-09T08:20:45.620+0000] {processor.py:914} INFO - Processing file /home/airflow/.local/lib/python3.12/site-packages/airflow/example_dags/tutorial_objectstorage.py for tasks to queue
[2024-09-09T08:20:45.623+0000] {logging_mixin.py:190} INFO - [2024-09-09T08:20:45.622+0000] {dagbag.py:587} INFO - Filling up the DagBag from /home/airflow/.local/lib/python3.12/site-packages/airflow/example_dags/tutorial_objectstorage.py
[2024-09-09T08:20:45.631+0000] {processor.py:925} INFO - DAG(s) 'tutorial_objectstorage' retrieved from /home/airflow/.local/lib/python3.12/site-packages/airflow/example_dags/tutorial_objectstorage.py
[2024-09-09T08:20:45.648+0000] {logging_mixin.py:190} INFO - [2024-09-09T08:20:45.648+0000] {dag.py:3229} INFO - Sync 1 DAGs
[2024-09-09T08:20:45.661+0000] {logging_mixin.py:190} INFO - [2024-09-09T08:20:45.661+0000] {dag.py:4156} INFO - Setting next_dagrun for tutorial_objectstorage to None, run_after=None
[2024-09-09T08:20:45.681+0000] {processor.py:208} INFO - Processing /home/airflow/.local/lib/python3.12/site-packages/airflow/example_dags/tutorial_objectstorage.py took 0.067 seconds
[2024-09-09T08:21:16.174+0000] {processor.py:186} INFO - Started process (PID=9850) to work on /home/airflow/.local/lib/python3.12/site-packages/airflow/example_dags/tutorial_objectstorage.py
[2024-09-09T08:21:16.175+0000] {processor.py:914} INFO - Processing file /home/airflow/.local/lib/python3.12/site-packages/airflow/example_dags/tutorial_objectstorage.py for tasks to queue
[2024-09-09T08:21:16.177+0000] {logging_mixin.py:190} INFO - [2024-09-09T08:21:16.177+0000] {dagbag.py:587} INFO - Filling up the DagBag from /home/airflow/.local/lib/python3.12/site-packages/airflow/example_dags/tutorial_objectstorage.py
[2024-09-09T08:21:16.184+0000] {processor.py:925} INFO - DAG(s) 'tutorial_objectstorage' retrieved from /home/airflow/.local/lib/python3.12/site-packages/airflow/example_dags/tutorial_objectstorage.py
[2024-09-09T08:21:16.202+0000] {logging_mixin.py:190} INFO - [2024-09-09T08:21:16.202+0000] {dag.py:3229} INFO - Sync 1 DAGs
[2024-09-09T08:21:16.215+0000] {logging_mixin.py:190} INFO - [2024-09-09T08:21:16.215+0000] {dag.py:4156} INFO - Setting next_dagrun for tutorial_objectstorage to None, run_after=None
[2024-09-09T08:21:16.234+0000] {processor.py:208} INFO - Processing /home/airflow/.local/lib/python3.12/site-packages/airflow/example_dags/tutorial_objectstorage.py took 0.065 seconds
[2024-09-09T08:21:46.936+0000] {processor.py:186} INFO - Started process (PID=10131) to work on /home/airflow/.local/lib/python3.12/site-packages/airflow/example_dags/tutorial_objectstorage.py
[2024-09-09T08:21:46.937+0000] {processor.py:914} INFO - Processing file /home/airflow/.local/lib/python3.12/site-packages/airflow/example_dags/tutorial_objectstorage.py for tasks to queue
[2024-09-09T08:21:46.939+0000] {logging_mixin.py:190} INFO - [2024-09-09T08:21:46.939+0000] {dagbag.py:587} INFO - Filling up the DagBag from /home/airflow/.local/lib/python3.12/site-packages/airflow/example_dags/tutorial_objectstorage.py
[2024-09-09T08:21:46.947+0000] {processor.py:925} INFO - DAG(s) 'tutorial_objectstorage' retrieved from /home/airflow/.local/lib/python3.12/site-packages/airflow/example_dags/tutorial_objectstorage.py
[2024-09-09T08:21:46.967+0000] {logging_mixin.py:190} INFO - [2024-09-09T08:21:46.966+0000] {dag.py:3229} INFO - Sync 1 DAGs
[2024-09-09T08:21:46.987+0000] {logging_mixin.py:190} INFO - [2024-09-09T08:21:46.987+0000] {dag.py:4156} INFO - Setting next_dagrun for tutorial_objectstorage to None, run_after=None
[2024-09-09T08:21:47.009+0000] {processor.py:208} INFO - Processing /home/airflow/.local/lib/python3.12/site-packages/airflow/example_dags/tutorial_objectstorage.py took 0.077 seconds
[2024-09-09T08:22:17.747+0000] {processor.py:186} INFO - Started process (PID=10422) to work on /home/airflow/.local/lib/python3.12/site-packages/airflow/example_dags/tutorial_objectstorage.py
[2024-09-09T08:22:17.749+0000] {processor.py:914} INFO - Processing file /home/airflow/.local/lib/python3.12/site-packages/airflow/example_dags/tutorial_objectstorage.py for tasks to queue
[2024-09-09T08:22:17.751+0000] {logging_mixin.py:190} INFO - [2024-09-09T08:22:17.751+0000] {dagbag.py:587} INFO - Filling up the DagBag from /home/airflow/.local/lib/python3.12/site-packages/airflow/example_dags/tutorial_objectstorage.py
[2024-09-09T08:22:17.758+0000] {processor.py:925} INFO - DAG(s) 'tutorial_objectstorage' retrieved from /home/airflow/.local/lib/python3.12/site-packages/airflow/example_dags/tutorial_objectstorage.py
[2024-09-09T08:22:17.777+0000] {logging_mixin.py:190} INFO - [2024-09-09T08:22:17.776+0000] {dag.py:3229} INFO - Sync 1 DAGs
[2024-09-09T08:22:17.789+0000] {logging_mixin.py:190} INFO - [2024-09-09T08:22:17.789+0000] {dag.py:4156} INFO - Setting next_dagrun for tutorial_objectstorage to None, run_after=None
[2024-09-09T08:22:17.809+0000] {processor.py:208} INFO - Processing /home/airflow/.local/lib/python3.12/site-packages/airflow/example_dags/tutorial_objectstorage.py took 0.066 seconds
[2024-09-09T08:22:48.557+0000] {processor.py:186} INFO - Started process (PID=10708) to work on /home/airflow/.local/lib/python3.12/site-packages/airflow/example_dags/tutorial_objectstorage.py
[2024-09-09T08:22:48.559+0000] {processor.py:914} INFO - Processing file /home/airflow/.local/lib/python3.12/site-packages/airflow/example_dags/tutorial_objectstorage.py for tasks to queue
[2024-09-09T08:22:48.562+0000] {logging_mixin.py:190} INFO - [2024-09-09T08:22:48.562+0000] {dagbag.py:587} INFO - Filling up the DagBag from /home/airflow/.local/lib/python3.12/site-packages/airflow/example_dags/tutorial_objectstorage.py
[2024-09-09T08:22:48.572+0000] {processor.py:925} INFO - DAG(s) 'tutorial_objectstorage' retrieved from /home/airflow/.local/lib/python3.12/site-packages/airflow/example_dags/tutorial_objectstorage.py
[2024-09-09T08:22:48.596+0000] {logging_mixin.py:190} INFO - [2024-09-09T08:22:48.596+0000] {dag.py:3229} INFO - Sync 1 DAGs
[2024-09-09T08:22:48.614+0000] {logging_mixin.py:190} INFO - [2024-09-09T08:22:48.614+0000] {dag.py:4156} INFO - Setting next_dagrun for tutorial_objectstorage to None, run_after=None
[2024-09-09T08:22:48.639+0000] {processor.py:208} INFO - Processing /home/airflow/.local/lib/python3.12/site-packages/airflow/example_dags/tutorial_objectstorage.py took 0.089 seconds
[2024-09-09T08:23:19.308+0000] {processor.py:186} INFO - Started process (PID=10994) to work on /home/airflow/.local/lib/python3.12/site-packages/airflow/example_dags/tutorial_objectstorage.py
[2024-09-09T08:23:19.309+0000] {processor.py:914} INFO - Processing file /home/airflow/.local/lib/python3.12/site-packages/airflow/example_dags/tutorial_objectstorage.py for tasks to queue
[2024-09-09T08:23:19.311+0000] {logging_mixin.py:190} INFO - [2024-09-09T08:23:19.311+0000] {dagbag.py:587} INFO - Filling up the DagBag from /home/airflow/.local/lib/python3.12/site-packages/airflow/example_dags/tutorial_objectstorage.py
[2024-09-09T08:23:19.320+0000] {processor.py:925} INFO - DAG(s) 'tutorial_objectstorage' retrieved from /home/airflow/.local/lib/python3.12/site-packages/airflow/example_dags/tutorial_objectstorage.py
[2024-09-09T08:23:19.348+0000] {logging_mixin.py:190} INFO - [2024-09-09T08:23:19.348+0000] {dag.py:3229} INFO - Sync 1 DAGs
[2024-09-09T08:23:19.369+0000] {logging_mixin.py:190} INFO - [2024-09-09T08:23:19.369+0000] {dag.py:4156} INFO - Setting next_dagrun for tutorial_objectstorage to None, run_after=None
[2024-09-09T08:23:19.387+0000] {processor.py:208} INFO - Processing /home/airflow/.local/lib/python3.12/site-packages/airflow/example_dags/tutorial_objectstorage.py took 0.084 seconds
[2024-09-09T08:23:49.933+0000] {processor.py:186} INFO - Started process (PID=11282) to work on /home/airflow/.local/lib/python3.12/site-packages/airflow/example_dags/tutorial_objectstorage.py
[2024-09-09T08:23:49.934+0000] {processor.py:914} INFO - Processing file /home/airflow/.local/lib/python3.12/site-packages/airflow/example_dags/tutorial_objectstorage.py for tasks to queue
[2024-09-09T08:23:49.938+0000] {logging_mixin.py:190} INFO - [2024-09-09T08:23:49.937+0000] {dagbag.py:587} INFO - Filling up the DagBag from /home/airflow/.local/lib/python3.12/site-packages/airflow/example_dags/tutorial_objectstorage.py
[2024-09-09T08:23:49.946+0000] {processor.py:925} INFO - DAG(s) 'tutorial_objectstorage' retrieved from /home/airflow/.local/lib/python3.12/site-packages/airflow/example_dags/tutorial_objectstorage.py
[2024-09-09T08:23:49.966+0000] {logging_mixin.py:190} INFO - [2024-09-09T08:23:49.966+0000] {dag.py:3229} INFO - Sync 1 DAGs
[2024-09-09T08:23:49.978+0000] {logging_mixin.py:190} INFO - [2024-09-09T08:23:49.978+0000] {dag.py:4156} INFO - Setting next_dagrun for tutorial_objectstorage to None, run_after=None
[2024-09-09T08:23:50.014+0000] {processor.py:208} INFO - Processing /home/airflow/.local/lib/python3.12/site-packages/airflow/example_dags/tutorial_objectstorage.py took 0.085 seconds
[2024-09-09T08:24:20.204+0000] {processor.py:186} INFO - Started process (PID=11566) to work on /home/airflow/.local/lib/python3.12/site-packages/airflow/example_dags/tutorial_objectstorage.py
[2024-09-09T08:24:20.209+0000] {processor.py:914} INFO - Processing file /home/airflow/.local/lib/python3.12/site-packages/airflow/example_dags/tutorial_objectstorage.py for tasks to queue
[2024-09-09T08:24:20.214+0000] {logging_mixin.py:190} INFO - [2024-09-09T08:24:20.214+0000] {dagbag.py:587} INFO - Filling up the DagBag from /home/airflow/.local/lib/python3.12/site-packages/airflow/example_dags/tutorial_objectstorage.py
[2024-09-09T08:24:20.231+0000] {processor.py:925} INFO - DAG(s) 'tutorial_objectstorage' retrieved from /home/airflow/.local/lib/python3.12/site-packages/airflow/example_dags/tutorial_objectstorage.py
[2024-09-09T08:24:20.269+0000] {logging_mixin.py:190} INFO - [2024-09-09T08:24:20.268+0000] {dag.py:3229} INFO - Sync 1 DAGs
[2024-09-09T08:24:20.286+0000] {logging_mixin.py:190} INFO - [2024-09-09T08:24:20.286+0000] {dag.py:4156} INFO - Setting next_dagrun for tutorial_objectstorage to None, run_after=None
[2024-09-09T08:24:20.309+0000] {processor.py:208} INFO - Processing /home/airflow/.local/lib/python3.12/site-packages/airflow/example_dags/tutorial_objectstorage.py took 0.112 seconds
[2024-09-09T08:24:51.322+0000] {processor.py:186} INFO - Started process (PID=11852) to work on /home/airflow/.local/lib/python3.12/site-packages/airflow/example_dags/tutorial_objectstorage.py
[2024-09-09T08:24:51.323+0000] {processor.py:914} INFO - Processing file /home/airflow/.local/lib/python3.12/site-packages/airflow/example_dags/tutorial_objectstorage.py for tasks to queue
[2024-09-09T08:24:51.326+0000] {logging_mixin.py:190} INFO - [2024-09-09T08:24:51.326+0000] {dagbag.py:587} INFO - Filling up the DagBag from /home/airflow/.local/lib/python3.12/site-packages/airflow/example_dags/tutorial_objectstorage.py
[2024-09-09T08:24:51.338+0000] {processor.py:925} INFO - DAG(s) 'tutorial_objectstorage' retrieved from /home/airflow/.local/lib/python3.12/site-packages/airflow/example_dags/tutorial_objectstorage.py
[2024-09-09T08:24:51.385+0000] {logging_mixin.py:190} INFO - [2024-09-09T08:24:51.385+0000] {dag.py:3229} INFO - Sync 1 DAGs
[2024-09-09T08:24:51.402+0000] {logging_mixin.py:190} INFO - [2024-09-09T08:24:51.401+0000] {dag.py:4156} INFO - Setting next_dagrun for tutorial_objectstorage to None, run_after=None
[2024-09-09T08:24:51.419+0000] {processor.py:208} INFO - Processing /home/airflow/.local/lib/python3.12/site-packages/airflow/example_dags/tutorial_objectstorage.py took 0.105 seconds
[2024-09-09T08:25:21.627+0000] {processor.py:186} INFO - Started process (PID=12138) to work on /home/airflow/.local/lib/python3.12/site-packages/airflow/example_dags/tutorial_objectstorage.py
[2024-09-09T08:25:21.628+0000] {processor.py:914} INFO - Processing file /home/airflow/.local/lib/python3.12/site-packages/airflow/example_dags/tutorial_objectstorage.py for tasks to queue
[2024-09-09T08:25:21.631+0000] {logging_mixin.py:190} INFO - [2024-09-09T08:25:21.630+0000] {dagbag.py:587} INFO - Filling up the DagBag from /home/airflow/.local/lib/python3.12/site-packages/airflow/example_dags/tutorial_objectstorage.py
[2024-09-09T08:25:21.641+0000] {processor.py:925} INFO - DAG(s) 'tutorial_objectstorage' retrieved from /home/airflow/.local/lib/python3.12/site-packages/airflow/example_dags/tutorial_objectstorage.py
[2024-09-09T08:25:21.662+0000] {logging_mixin.py:190} INFO - [2024-09-09T08:25:21.662+0000] {dag.py:3229} INFO - Sync 1 DAGs
[2024-09-09T08:25:21.677+0000] {logging_mixin.py:190} INFO - [2024-09-09T08:25:21.676+0000] {dag.py:4156} INFO - Setting next_dagrun for tutorial_objectstorage to None, run_after=None
[2024-09-09T08:25:21.697+0000] {processor.py:208} INFO - Processing /home/airflow/.local/lib/python3.12/site-packages/airflow/example_dags/tutorial_objectstorage.py took 0.075 seconds
[2024-09-09T08:25:51.742+0000] {processor.py:186} INFO - Started process (PID=12420) to work on /home/airflow/.local/lib/python3.12/site-packages/airflow/example_dags/tutorial_objectstorage.py
[2024-09-09T08:25:51.744+0000] {processor.py:914} INFO - Processing file /home/airflow/.local/lib/python3.12/site-packages/airflow/example_dags/tutorial_objectstorage.py for tasks to queue
[2024-09-09T08:25:51.746+0000] {logging_mixin.py:190} INFO - [2024-09-09T08:25:51.746+0000] {dagbag.py:587} INFO - Filling up the DagBag from /home/airflow/.local/lib/python3.12/site-packages/airflow/example_dags/tutorial_objectstorage.py
[2024-09-09T08:25:51.754+0000] {processor.py:925} INFO - DAG(s) 'tutorial_objectstorage' retrieved from /home/airflow/.local/lib/python3.12/site-packages/airflow/example_dags/tutorial_objectstorage.py
[2024-09-09T08:25:51.773+0000] {logging_mixin.py:190} INFO - [2024-09-09T08:25:51.772+0000] {dag.py:3229} INFO - Sync 1 DAGs
[2024-09-09T08:25:51.786+0000] {logging_mixin.py:190} INFO - [2024-09-09T08:25:51.785+0000] {dag.py:4156} INFO - Setting next_dagrun for tutorial_objectstorage to None, run_after=None
[2024-09-09T08:25:51.804+0000] {processor.py:208} INFO - Processing /home/airflow/.local/lib/python3.12/site-packages/airflow/example_dags/tutorial_objectstorage.py took 0.067 seconds
[2024-09-09T08:26:22.742+0000] {processor.py:186} INFO - Started process (PID=12711) to work on /home/airflow/.local/lib/python3.12/site-packages/airflow/example_dags/tutorial_objectstorage.py
[2024-09-09T08:26:22.744+0000] {processor.py:914} INFO - Processing file /home/airflow/.local/lib/python3.12/site-packages/airflow/example_dags/tutorial_objectstorage.py for tasks to queue
[2024-09-09T08:26:22.746+0000] {logging_mixin.py:190} INFO - [2024-09-09T08:26:22.746+0000] {dagbag.py:587} INFO - Filling up the DagBag from /home/airflow/.local/lib/python3.12/site-packages/airflow/example_dags/tutorial_objectstorage.py
[2024-09-09T08:26:22.754+0000] {processor.py:925} INFO - DAG(s) 'tutorial_objectstorage' retrieved from /home/airflow/.local/lib/python3.12/site-packages/airflow/example_dags/tutorial_objectstorage.py
[2024-09-09T08:26:22.770+0000] {logging_mixin.py:190} INFO - [2024-09-09T08:26:22.770+0000] {dag.py:3229} INFO - Sync 1 DAGs
[2024-09-09T08:26:22.781+0000] {logging_mixin.py:190} INFO - [2024-09-09T08:26:22.781+0000] {dag.py:4156} INFO - Setting next_dagrun for tutorial_objectstorage to None, run_after=None
[2024-09-09T08:26:22.799+0000] {processor.py:208} INFO - Processing /home/airflow/.local/lib/python3.12/site-packages/airflow/example_dags/tutorial_objectstorage.py took 0.062 seconds
[2024-09-09T08:26:53.450+0000] {processor.py:186} INFO - Started process (PID=12997) to work on /home/airflow/.local/lib/python3.12/site-packages/airflow/example_dags/tutorial_objectstorage.py
[2024-09-09T08:26:53.451+0000] {processor.py:914} INFO - Processing file /home/airflow/.local/lib/python3.12/site-packages/airflow/example_dags/tutorial_objectstorage.py for tasks to queue
[2024-09-09T08:26:53.453+0000] {logging_mixin.py:190} INFO - [2024-09-09T08:26:53.453+0000] {dagbag.py:587} INFO - Filling up the DagBag from /home/airflow/.local/lib/python3.12/site-packages/airflow/example_dags/tutorial_objectstorage.py
[2024-09-09T08:26:53.460+0000] {processor.py:925} INFO - DAG(s) 'tutorial_objectstorage' retrieved from /home/airflow/.local/lib/python3.12/site-packages/airflow/example_dags/tutorial_objectstorage.py
[2024-09-09T08:26:53.475+0000] {logging_mixin.py:190} INFO - [2024-09-09T08:26:53.475+0000] {dag.py:3229} INFO - Sync 1 DAGs
[2024-09-09T08:26:53.487+0000] {logging_mixin.py:190} INFO - [2024-09-09T08:26:53.486+0000] {dag.py:4156} INFO - Setting next_dagrun for tutorial_objectstorage to None, run_after=None
[2024-09-09T08:26:53.502+0000] {processor.py:208} INFO - Processing /home/airflow/.local/lib/python3.12/site-packages/airflow/example_dags/tutorial_objectstorage.py took 0.059 seconds
[2024-09-09T08:27:24.058+0000] {processor.py:186} INFO - Started process (PID=13283) to work on /home/airflow/.local/lib/python3.12/site-packages/airflow/example_dags/tutorial_objectstorage.py
[2024-09-09T08:27:24.060+0000] {processor.py:914} INFO - Processing file /home/airflow/.local/lib/python3.12/site-packages/airflow/example_dags/tutorial_objectstorage.py for tasks to queue
[2024-09-09T08:27:24.062+0000] {logging_mixin.py:190} INFO - [2024-09-09T08:27:24.062+0000] {dagbag.py:587} INFO - Filling up the DagBag from /home/airflow/.local/lib/python3.12/site-packages/airflow/example_dags/tutorial_objectstorage.py
[2024-09-09T08:27:24.069+0000] {processor.py:925} INFO - DAG(s) 'tutorial_objectstorage' retrieved from /home/airflow/.local/lib/python3.12/site-packages/airflow/example_dags/tutorial_objectstorage.py
[2024-09-09T08:27:24.085+0000] {logging_mixin.py:190} INFO - [2024-09-09T08:27:24.085+0000] {dag.py:3229} INFO - Sync 1 DAGs
[2024-09-09T08:27:24.096+0000] {logging_mixin.py:190} INFO - [2024-09-09T08:27:24.096+0000] {dag.py:4156} INFO - Setting next_dagrun for tutorial_objectstorage to None, run_after=None
[2024-09-09T08:27:24.118+0000] {processor.py:208} INFO - Processing /home/airflow/.local/lib/python3.12/site-packages/airflow/example_dags/tutorial_objectstorage.py took 0.065 seconds
[2024-09-09T08:27:54.358+0000] {processor.py:186} INFO - Started process (PID=13569) to work on /home/airflow/.local/lib/python3.12/site-packages/airflow/example_dags/tutorial_objectstorage.py
[2024-09-09T08:27:54.359+0000] {processor.py:914} INFO - Processing file /home/airflow/.local/lib/python3.12/site-packages/airflow/example_dags/tutorial_objectstorage.py for tasks to queue
[2024-09-09T08:27:54.362+0000] {logging_mixin.py:190} INFO - [2024-09-09T08:27:54.361+0000] {dagbag.py:587} INFO - Filling up the DagBag from /home/airflow/.local/lib/python3.12/site-packages/airflow/example_dags/tutorial_objectstorage.py
[2024-09-09T08:27:54.369+0000] {processor.py:925} INFO - DAG(s) 'tutorial_objectstorage' retrieved from /home/airflow/.local/lib/python3.12/site-packages/airflow/example_dags/tutorial_objectstorage.py
[2024-09-09T08:27:54.387+0000] {logging_mixin.py:190} INFO - [2024-09-09T08:27:54.387+0000] {dag.py:3229} INFO - Sync 1 DAGs
[2024-09-09T08:27:54.400+0000] {logging_mixin.py:190} INFO - [2024-09-09T08:27:54.400+0000] {dag.py:4156} INFO - Setting next_dagrun for tutorial_objectstorage to None, run_after=None
[2024-09-09T08:27:54.423+0000] {processor.py:208} INFO - Processing /home/airflow/.local/lib/python3.12/site-packages/airflow/example_dags/tutorial_objectstorage.py took 0.072 seconds
[2024-09-09T08:28:27.068+0000] {processor.py:186} INFO - Started process (PID=13855) to work on /home/airflow/.local/lib/python3.12/site-packages/airflow/example_dags/tutorial_objectstorage.py
[2024-09-09T08:28:27.069+0000] {processor.py:914} INFO - Processing file /home/airflow/.local/lib/python3.12/site-packages/airflow/example_dags/tutorial_objectstorage.py for tasks to queue
[2024-09-09T08:28:27.075+0000] {logging_mixin.py:190} INFO - [2024-09-09T08:28:27.074+0000] {dagbag.py:587} INFO - Filling up the DagBag from /home/airflow/.local/lib/python3.12/site-packages/airflow/example_dags/tutorial_objectstorage.py
[2024-09-09T08:28:27.090+0000] {processor.py:925} INFO - DAG(s) 'tutorial_objectstorage' retrieved from /home/airflow/.local/lib/python3.12/site-packages/airflow/example_dags/tutorial_objectstorage.py
[2024-09-09T08:28:27.120+0000] {logging_mixin.py:190} INFO - [2024-09-09T08:28:27.119+0000] {dag.py:3229} INFO - Sync 1 DAGs
[2024-09-09T08:28:27.142+0000] {logging_mixin.py:190} INFO - [2024-09-09T08:28:27.142+0000] {dag.py:4156} INFO - Setting next_dagrun for tutorial_objectstorage to None, run_after=None
[2024-09-09T08:28:27.166+0000] {processor.py:208} INFO - Processing /home/airflow/.local/lib/python3.12/site-packages/airflow/example_dags/tutorial_objectstorage.py took 0.111 seconds
[2024-09-09T08:28:58.401+0000] {processor.py:186} INFO - Started process (PID=14141) to work on /home/airflow/.local/lib/python3.12/site-packages/airflow/example_dags/tutorial_objectstorage.py
[2024-09-09T08:28:58.403+0000] {processor.py:914} INFO - Processing file /home/airflow/.local/lib/python3.12/site-packages/airflow/example_dags/tutorial_objectstorage.py for tasks to queue
[2024-09-09T08:28:58.406+0000] {logging_mixin.py:190} INFO - [2024-09-09T08:28:58.406+0000] {dagbag.py:587} INFO - Filling up the DagBag from /home/airflow/.local/lib/python3.12/site-packages/airflow/example_dags/tutorial_objectstorage.py
[2024-09-09T08:28:58.420+0000] {processor.py:925} INFO - DAG(s) 'tutorial_objectstorage' retrieved from /home/airflow/.local/lib/python3.12/site-packages/airflow/example_dags/tutorial_objectstorage.py
[2024-09-09T08:28:58.449+0000] {logging_mixin.py:190} INFO - [2024-09-09T08:28:58.448+0000] {dag.py:3229} INFO - Sync 1 DAGs
[2024-09-09T08:28:58.470+0000] {logging_mixin.py:190} INFO - [2024-09-09T08:28:58.470+0000] {dag.py:4156} INFO - Setting next_dagrun for tutorial_objectstorage to None, run_after=None
[2024-09-09T08:28:58.502+0000] {processor.py:208} INFO - Processing /home/airflow/.local/lib/python3.12/site-packages/airflow/example_dags/tutorial_objectstorage.py took 0.110 seconds
[2024-09-09T08:29:29.386+0000] {processor.py:186} INFO - Started process (PID=14427) to work on /home/airflow/.local/lib/python3.12/site-packages/airflow/example_dags/tutorial_objectstorage.py
[2024-09-09T08:29:29.388+0000] {processor.py:914} INFO - Processing file /home/airflow/.local/lib/python3.12/site-packages/airflow/example_dags/tutorial_objectstorage.py for tasks to queue
[2024-09-09T08:29:29.392+0000] {logging_mixin.py:190} INFO - [2024-09-09T08:29:29.391+0000] {dagbag.py:587} INFO - Filling up the DagBag from /home/airflow/.local/lib/python3.12/site-packages/airflow/example_dags/tutorial_objectstorage.py
[2024-09-09T08:29:29.408+0000] {processor.py:925} INFO - DAG(s) 'tutorial_objectstorage' retrieved from /home/airflow/.local/lib/python3.12/site-packages/airflow/example_dags/tutorial_objectstorage.py
[2024-09-09T08:29:29.432+0000] {logging_mixin.py:190} INFO - [2024-09-09T08:29:29.432+0000] {dag.py:3229} INFO - Sync 1 DAGs
[2024-09-09T08:29:29.451+0000] {logging_mixin.py:190} INFO - [2024-09-09T08:29:29.450+0000] {dag.py:4156} INFO - Setting next_dagrun for tutorial_objectstorage to None, run_after=None
[2024-09-09T08:29:29.485+0000] {processor.py:208} INFO - Processing /home/airflow/.local/lib/python3.12/site-packages/airflow/example_dags/tutorial_objectstorage.py took 0.110 seconds
[2024-09-09T08:29:59.852+0000] {processor.py:186} INFO - Started process (PID=14713) to work on /home/airflow/.local/lib/python3.12/site-packages/airflow/example_dags/tutorial_objectstorage.py
[2024-09-09T08:29:59.854+0000] {processor.py:914} INFO - Processing file /home/airflow/.local/lib/python3.12/site-packages/airflow/example_dags/tutorial_objectstorage.py for tasks to queue
[2024-09-09T08:29:59.859+0000] {logging_mixin.py:190} INFO - [2024-09-09T08:29:59.858+0000] {dagbag.py:587} INFO - Filling up the DagBag from /home/airflow/.local/lib/python3.12/site-packages/airflow/example_dags/tutorial_objectstorage.py
[2024-09-09T08:29:59.875+0000] {processor.py:925} INFO - DAG(s) 'tutorial_objectstorage' retrieved from /home/airflow/.local/lib/python3.12/site-packages/airflow/example_dags/tutorial_objectstorage.py
[2024-09-09T08:29:59.917+0000] {logging_mixin.py:190} INFO - [2024-09-09T08:29:59.917+0000] {dag.py:3229} INFO - Sync 1 DAGs
[2024-09-09T08:29:59.940+0000] {logging_mixin.py:190} INFO - [2024-09-09T08:29:59.939+0000] {dag.py:4156} INFO - Setting next_dagrun for tutorial_objectstorage to None, run_after=None
[2024-09-09T08:29:59.969+0000] {processor.py:208} INFO - Processing /home/airflow/.local/lib/python3.12/site-packages/airflow/example_dags/tutorial_objectstorage.py took 0.125 seconds
[2024-09-09T08:30:30.033+0000] {processor.py:186} INFO - Started process (PID=14994) to work on /home/airflow/.local/lib/python3.12/site-packages/airflow/example_dags/tutorial_objectstorage.py
[2024-09-09T08:30:30.034+0000] {processor.py:914} INFO - Processing file /home/airflow/.local/lib/python3.12/site-packages/airflow/example_dags/tutorial_objectstorage.py for tasks to queue
[2024-09-09T08:30:30.037+0000] {logging_mixin.py:190} INFO - [2024-09-09T08:30:30.036+0000] {dagbag.py:587} INFO - Filling up the DagBag from /home/airflow/.local/lib/python3.12/site-packages/airflow/example_dags/tutorial_objectstorage.py
[2024-09-09T08:30:30.049+0000] {processor.py:925} INFO - DAG(s) 'tutorial_objectstorage' retrieved from /home/airflow/.local/lib/python3.12/site-packages/airflow/example_dags/tutorial_objectstorage.py
[2024-09-09T08:30:30.072+0000] {logging_mixin.py:190} INFO - [2024-09-09T08:30:30.071+0000] {dag.py:3229} INFO - Sync 1 DAGs
[2024-09-09T08:30:30.088+0000] {logging_mixin.py:190} INFO - [2024-09-09T08:30:30.088+0000] {dag.py:4156} INFO - Setting next_dagrun for tutorial_objectstorage to None, run_after=None
[2024-09-09T08:30:30.112+0000] {processor.py:208} INFO - Processing /home/airflow/.local/lib/python3.12/site-packages/airflow/example_dags/tutorial_objectstorage.py took 0.087 seconds
[2024-09-09T08:31:01.068+0000] {processor.py:186} INFO - Started process (PID=15280) to work on /home/airflow/.local/lib/python3.12/site-packages/airflow/example_dags/tutorial_objectstorage.py
[2024-09-09T08:31:01.070+0000] {processor.py:914} INFO - Processing file /home/airflow/.local/lib/python3.12/site-packages/airflow/example_dags/tutorial_objectstorage.py for tasks to queue
[2024-09-09T08:31:01.073+0000] {logging_mixin.py:190} INFO - [2024-09-09T08:31:01.072+0000] {dagbag.py:587} INFO - Filling up the DagBag from /home/airflow/.local/lib/python3.12/site-packages/airflow/example_dags/tutorial_objectstorage.py
[2024-09-09T08:31:01.083+0000] {processor.py:925} INFO - DAG(s) 'tutorial_objectstorage' retrieved from /home/airflow/.local/lib/python3.12/site-packages/airflow/example_dags/tutorial_objectstorage.py
[2024-09-09T08:31:01.106+0000] {logging_mixin.py:190} INFO - [2024-09-09T08:31:01.106+0000] {dag.py:3229} INFO - Sync 1 DAGs
[2024-09-09T08:31:01.124+0000] {logging_mixin.py:190} INFO - [2024-09-09T08:31:01.123+0000] {dag.py:4156} INFO - Setting next_dagrun for tutorial_objectstorage to None, run_after=None
[2024-09-09T08:31:01.144+0000] {processor.py:208} INFO - Processing /home/airflow/.local/lib/python3.12/site-packages/airflow/example_dags/tutorial_objectstorage.py took 0.083 seconds
[2024-09-09T08:31:33.288+0000] {processor.py:186} INFO - Started process (PID=15571) to work on /home/airflow/.local/lib/python3.12/site-packages/airflow/example_dags/tutorial_objectstorage.py
[2024-09-09T08:31:33.289+0000] {processor.py:914} INFO - Processing file /home/airflow/.local/lib/python3.12/site-packages/airflow/example_dags/tutorial_objectstorage.py for tasks to queue
[2024-09-09T08:31:33.292+0000] {logging_mixin.py:190} INFO - [2024-09-09T08:31:33.292+0000] {dagbag.py:587} INFO - Filling up the DagBag from /home/airflow/.local/lib/python3.12/site-packages/airflow/example_dags/tutorial_objectstorage.py
[2024-09-09T08:31:33.302+0000] {processor.py:925} INFO - DAG(s) 'tutorial_objectstorage' retrieved from /home/airflow/.local/lib/python3.12/site-packages/airflow/example_dags/tutorial_objectstorage.py
[2024-09-09T08:31:33.325+0000] {logging_mixin.py:190} INFO - [2024-09-09T08:31:33.325+0000] {dag.py:3229} INFO - Sync 1 DAGs
[2024-09-09T08:31:33.342+0000] {logging_mixin.py:190} INFO - [2024-09-09T08:31:33.342+0000] {dag.py:4156} INFO - Setting next_dagrun for tutorial_objectstorage to None, run_after=None
[2024-09-09T08:31:33.364+0000] {processor.py:208} INFO - Processing /home/airflow/.local/lib/python3.12/site-packages/airflow/example_dags/tutorial_objectstorage.py took 0.083 seconds
[2024-09-09T08:32:04.549+0000] {processor.py:186} INFO - Started process (PID=15857) to work on /home/airflow/.local/lib/python3.12/site-packages/airflow/example_dags/tutorial_objectstorage.py
[2024-09-09T08:32:04.550+0000] {processor.py:914} INFO - Processing file /home/airflow/.local/lib/python3.12/site-packages/airflow/example_dags/tutorial_objectstorage.py for tasks to queue
[2024-09-09T08:32:04.552+0000] {logging_mixin.py:190} INFO - [2024-09-09T08:32:04.552+0000] {dagbag.py:587} INFO - Filling up the DagBag from /home/airflow/.local/lib/python3.12/site-packages/airflow/example_dags/tutorial_objectstorage.py
[2024-09-09T08:32:04.561+0000] {processor.py:925} INFO - DAG(s) 'tutorial_objectstorage' retrieved from /home/airflow/.local/lib/python3.12/site-packages/airflow/example_dags/tutorial_objectstorage.py
[2024-09-09T08:32:04.583+0000] {logging_mixin.py:190} INFO - [2024-09-09T08:32:04.583+0000] {dag.py:3229} INFO - Sync 1 DAGs
[2024-09-09T08:32:04.806+0000] {logging_mixin.py:190} INFO - [2024-09-09T08:32:04.805+0000] {dag.py:4156} INFO - Setting next_dagrun for tutorial_objectstorage to None, run_after=None
[2024-09-09T08:32:04.829+0000] {processor.py:208} INFO - Processing /home/airflow/.local/lib/python3.12/site-packages/airflow/example_dags/tutorial_objectstorage.py took 0.286 seconds
[2024-09-09T08:32:36.297+0000] {processor.py:186} INFO - Started process (PID=16143) to work on /home/airflow/.local/lib/python3.12/site-packages/airflow/example_dags/tutorial_objectstorage.py
[2024-09-09T08:32:36.299+0000] {processor.py:914} INFO - Processing file /home/airflow/.local/lib/python3.12/site-packages/airflow/example_dags/tutorial_objectstorage.py for tasks to queue
[2024-09-09T08:32:36.303+0000] {logging_mixin.py:190} INFO - [2024-09-09T08:32:36.302+0000] {dagbag.py:587} INFO - Filling up the DagBag from /home/airflow/.local/lib/python3.12/site-packages/airflow/example_dags/tutorial_objectstorage.py
[2024-09-09T08:32:36.314+0000] {processor.py:925} INFO - DAG(s) 'tutorial_objectstorage' retrieved from /home/airflow/.local/lib/python3.12/site-packages/airflow/example_dags/tutorial_objectstorage.py
[2024-09-09T08:32:36.344+0000] {logging_mixin.py:190} INFO - [2024-09-09T08:32:36.344+0000] {dag.py:3229} INFO - Sync 1 DAGs
[2024-09-09T08:32:36.388+0000] {logging_mixin.py:190} INFO - [2024-09-09T08:32:36.387+0000] {dag.py:4156} INFO - Setting next_dagrun for tutorial_objectstorage to None, run_after=None
[2024-09-09T08:32:37.029+0000] {processor.py:208} INFO - Processing /home/airflow/.local/lib/python3.12/site-packages/airflow/example_dags/tutorial_objectstorage.py took 0.739 seconds
[2024-09-09T08:33:07.674+0000] {processor.py:186} INFO - Started process (PID=16430) to work on /home/airflow/.local/lib/python3.12/site-packages/airflow/example_dags/tutorial_objectstorage.py
[2024-09-09T08:33:07.676+0000] {processor.py:914} INFO - Processing file /home/airflow/.local/lib/python3.12/site-packages/airflow/example_dags/tutorial_objectstorage.py for tasks to queue
[2024-09-09T08:33:07.679+0000] {logging_mixin.py:190} INFO - [2024-09-09T08:33:07.679+0000] {dagbag.py:587} INFO - Filling up the DagBag from /home/airflow/.local/lib/python3.12/site-packages/airflow/example_dags/tutorial_objectstorage.py
[2024-09-09T08:33:07.687+0000] {processor.py:925} INFO - DAG(s) 'tutorial_objectstorage' retrieved from /home/airflow/.local/lib/python3.12/site-packages/airflow/example_dags/tutorial_objectstorage.py
[2024-09-09T08:33:07.709+0000] {logging_mixin.py:190} INFO - [2024-09-09T08:33:07.709+0000] {dag.py:3229} INFO - Sync 1 DAGs
[2024-09-09T08:33:07.727+0000] {logging_mixin.py:190} INFO - [2024-09-09T08:33:07.727+0000] {dag.py:4156} INFO - Setting next_dagrun for tutorial_objectstorage to None, run_after=None
[2024-09-09T08:33:07.823+0000] {processor.py:208} INFO - Processing /home/airflow/.local/lib/python3.12/site-packages/airflow/example_dags/tutorial_objectstorage.py took 0.155 seconds
[2024-09-09T08:33:38.320+0000] {processor.py:186} INFO - Started process (PID=16716) to work on /home/airflow/.local/lib/python3.12/site-packages/airflow/example_dags/tutorial_objectstorage.py
[2024-09-09T08:33:38.321+0000] {processor.py:914} INFO - Processing file /home/airflow/.local/lib/python3.12/site-packages/airflow/example_dags/tutorial_objectstorage.py for tasks to queue
[2024-09-09T08:33:38.324+0000] {logging_mixin.py:190} INFO - [2024-09-09T08:33:38.323+0000] {dagbag.py:587} INFO - Filling up the DagBag from /home/airflow/.local/lib/python3.12/site-packages/airflow/example_dags/tutorial_objectstorage.py
[2024-09-09T08:33:38.331+0000] {processor.py:925} INFO - DAG(s) 'tutorial_objectstorage' retrieved from /home/airflow/.local/lib/python3.12/site-packages/airflow/example_dags/tutorial_objectstorage.py
[2024-09-09T08:33:38.349+0000] {logging_mixin.py:190} INFO - [2024-09-09T08:33:38.349+0000] {dag.py:3229} INFO - Sync 1 DAGs
[2024-09-09T08:33:38.362+0000] {logging_mixin.py:190} INFO - [2024-09-09T08:33:38.361+0000] {dag.py:4156} INFO - Setting next_dagrun for tutorial_objectstorage to None, run_after=None
[2024-09-09T08:33:38.381+0000] {processor.py:208} INFO - Processing /home/airflow/.local/lib/python3.12/site-packages/airflow/example_dags/tutorial_objectstorage.py took 0.065 seconds
[2024-09-09T08:34:08.942+0000] {processor.py:186} INFO - Started process (PID=17000) to work on /home/airflow/.local/lib/python3.12/site-packages/airflow/example_dags/tutorial_objectstorage.py
[2024-09-09T08:34:08.943+0000] {processor.py:914} INFO - Processing file /home/airflow/.local/lib/python3.12/site-packages/airflow/example_dags/tutorial_objectstorage.py for tasks to queue
[2024-09-09T08:34:08.948+0000] {logging_mixin.py:190} INFO - [2024-09-09T08:34:08.947+0000] {dagbag.py:587} INFO - Filling up the DagBag from /home/airflow/.local/lib/python3.12/site-packages/airflow/example_dags/tutorial_objectstorage.py
[2024-09-09T08:34:08.962+0000] {processor.py:925} INFO - DAG(s) 'tutorial_objectstorage' retrieved from /home/airflow/.local/lib/python3.12/site-packages/airflow/example_dags/tutorial_objectstorage.py
[2024-09-09T08:34:08.991+0000] {logging_mixin.py:190} INFO - [2024-09-09T08:34:08.991+0000] {dag.py:3229} INFO - Sync 1 DAGs
[2024-09-09T08:34:09.032+0000] {logging_mixin.py:190} INFO - [2024-09-09T08:34:09.031+0000] {dag.py:4156} INFO - Setting next_dagrun for tutorial_objectstorage to None, run_after=None
[2024-09-09T08:34:09.059+0000] {processor.py:208} INFO - Processing /home/airflow/.local/lib/python3.12/site-packages/airflow/example_dags/tutorial_objectstorage.py took 0.125 seconds
[2024-09-09T08:34:39.783+0000] {processor.py:186} INFO - Started process (PID=17286) to work on /home/airflow/.local/lib/python3.12/site-packages/airflow/example_dags/tutorial_objectstorage.py
[2024-09-09T08:34:39.784+0000] {processor.py:914} INFO - Processing file /home/airflow/.local/lib/python3.12/site-packages/airflow/example_dags/tutorial_objectstorage.py for tasks to queue
[2024-09-09T08:34:39.787+0000] {logging_mixin.py:190} INFO - [2024-09-09T08:34:39.786+0000] {dagbag.py:587} INFO - Filling up the DagBag from /home/airflow/.local/lib/python3.12/site-packages/airflow/example_dags/tutorial_objectstorage.py
[2024-09-09T08:34:39.797+0000] {processor.py:925} INFO - DAG(s) 'tutorial_objectstorage' retrieved from /home/airflow/.local/lib/python3.12/site-packages/airflow/example_dags/tutorial_objectstorage.py
[2024-09-09T08:34:39.814+0000] {logging_mixin.py:190} INFO - [2024-09-09T08:34:39.814+0000] {dag.py:3229} INFO - Sync 1 DAGs
[2024-09-09T08:34:39.827+0000] {logging_mixin.py:190} INFO - [2024-09-09T08:34:39.827+0000] {dag.py:4156} INFO - Setting next_dagrun for tutorial_objectstorage to None, run_after=None
[2024-09-09T08:34:39.850+0000] {processor.py:208} INFO - Processing /home/airflow/.local/lib/python3.12/site-packages/airflow/example_dags/tutorial_objectstorage.py took 0.072 seconds
[2024-09-09T08:35:10.543+0000] {processor.py:186} INFO - Started process (PID=17572) to work on /home/airflow/.local/lib/python3.12/site-packages/airflow/example_dags/tutorial_objectstorage.py
[2024-09-09T08:35:10.544+0000] {processor.py:914} INFO - Processing file /home/airflow/.local/lib/python3.12/site-packages/airflow/example_dags/tutorial_objectstorage.py for tasks to queue
[2024-09-09T08:35:10.547+0000] {logging_mixin.py:190} INFO - [2024-09-09T08:35:10.547+0000] {dagbag.py:587} INFO - Filling up the DagBag from /home/airflow/.local/lib/python3.12/site-packages/airflow/example_dags/tutorial_objectstorage.py
[2024-09-09T08:35:10.555+0000] {processor.py:925} INFO - DAG(s) 'tutorial_objectstorage' retrieved from /home/airflow/.local/lib/python3.12/site-packages/airflow/example_dags/tutorial_objectstorage.py
[2024-09-09T08:35:10.574+0000] {logging_mixin.py:190} INFO - [2024-09-09T08:35:10.573+0000] {dag.py:3229} INFO - Sync 1 DAGs
[2024-09-09T08:35:10.588+0000] {logging_mixin.py:190} INFO - [2024-09-09T08:35:10.587+0000] {dag.py:4156} INFO - Setting next_dagrun for tutorial_objectstorage to None, run_after=None
[2024-09-09T08:35:10.606+0000] {processor.py:208} INFO - Processing /home/airflow/.local/lib/python3.12/site-packages/airflow/example_dags/tutorial_objectstorage.py took 0.069 seconds
[2024-09-09T08:35:40.899+0000] {processor.py:186} INFO - Started process (PID=17858) to work on /home/airflow/.local/lib/python3.12/site-packages/airflow/example_dags/tutorial_objectstorage.py
[2024-09-09T08:35:40.900+0000] {processor.py:914} INFO - Processing file /home/airflow/.local/lib/python3.12/site-packages/airflow/example_dags/tutorial_objectstorage.py for tasks to queue
[2024-09-09T08:35:40.903+0000] {logging_mixin.py:190} INFO - [2024-09-09T08:35:40.903+0000] {dagbag.py:587} INFO - Filling up the DagBag from /home/airflow/.local/lib/python3.12/site-packages/airflow/example_dags/tutorial_objectstorage.py
[2024-09-09T08:35:40.913+0000] {processor.py:925} INFO - DAG(s) 'tutorial_objectstorage' retrieved from /home/airflow/.local/lib/python3.12/site-packages/airflow/example_dags/tutorial_objectstorage.py
[2024-09-09T08:35:40.933+0000] {logging_mixin.py:190} INFO - [2024-09-09T08:35:40.933+0000] {dag.py:3229} INFO - Sync 1 DAGs
[2024-09-09T08:35:40.949+0000] {logging_mixin.py:190} INFO - [2024-09-09T08:35:40.949+0000] {dag.py:4156} INFO - Setting next_dagrun for tutorial_objectstorage to None, run_after=None
[2024-09-09T08:35:40.972+0000] {processor.py:208} INFO - Processing /home/airflow/.local/lib/python3.12/site-packages/airflow/example_dags/tutorial_objectstorage.py took 0.079 seconds
[2024-09-09T08:36:11.775+0000] {processor.py:186} INFO - Started process (PID=18144) to work on /home/airflow/.local/lib/python3.12/site-packages/airflow/example_dags/tutorial_objectstorage.py
[2024-09-09T08:36:11.777+0000] {processor.py:914} INFO - Processing file /home/airflow/.local/lib/python3.12/site-packages/airflow/example_dags/tutorial_objectstorage.py for tasks to queue
[2024-09-09T08:36:11.781+0000] {logging_mixin.py:190} INFO - [2024-09-09T08:36:11.780+0000] {dagbag.py:587} INFO - Filling up the DagBag from /home/airflow/.local/lib/python3.12/site-packages/airflow/example_dags/tutorial_objectstorage.py
[2024-09-09T08:36:11.795+0000] {processor.py:925} INFO - DAG(s) 'tutorial_objectstorage' retrieved from /home/airflow/.local/lib/python3.12/site-packages/airflow/example_dags/tutorial_objectstorage.py
[2024-09-09T08:36:11.828+0000] {logging_mixin.py:190} INFO - [2024-09-09T08:36:11.828+0000] {dag.py:3229} INFO - Sync 1 DAGs
[2024-09-09T08:36:11.856+0000] {logging_mixin.py:190} INFO - [2024-09-09T08:36:11.855+0000] {dag.py:4156} INFO - Setting next_dagrun for tutorial_objectstorage to None, run_after=None
[2024-09-09T08:36:11.891+0000] {processor.py:208} INFO - Processing /home/airflow/.local/lib/python3.12/site-packages/airflow/example_dags/tutorial_objectstorage.py took 0.127 seconds
[2024-09-09T08:36:42.167+0000] {processor.py:186} INFO - Started process (PID=18430) to work on /home/airflow/.local/lib/python3.12/site-packages/airflow/example_dags/tutorial_objectstorage.py
[2024-09-09T08:36:42.168+0000] {processor.py:914} INFO - Processing file /home/airflow/.local/lib/python3.12/site-packages/airflow/example_dags/tutorial_objectstorage.py for tasks to queue
[2024-09-09T08:36:42.171+0000] {logging_mixin.py:190} INFO - [2024-09-09T08:36:42.170+0000] {dagbag.py:587} INFO - Filling up the DagBag from /home/airflow/.local/lib/python3.12/site-packages/airflow/example_dags/tutorial_objectstorage.py
[2024-09-09T08:36:42.180+0000] {processor.py:925} INFO - DAG(s) 'tutorial_objectstorage' retrieved from /home/airflow/.local/lib/python3.12/site-packages/airflow/example_dags/tutorial_objectstorage.py
[2024-09-09T08:36:42.200+0000] {logging_mixin.py:190} INFO - [2024-09-09T08:36:42.200+0000] {dag.py:3229} INFO - Sync 1 DAGs
[2024-09-09T08:36:42.216+0000] {logging_mixin.py:190} INFO - [2024-09-09T08:36:42.216+0000] {dag.py:4156} INFO - Setting next_dagrun for tutorial_objectstorage to None, run_after=None
[2024-09-09T08:36:42.238+0000] {processor.py:208} INFO - Processing /home/airflow/.local/lib/python3.12/site-packages/airflow/example_dags/tutorial_objectstorage.py took 0.077 seconds
[2024-09-09T08:37:13.368+0000] {processor.py:186} INFO - Started process (PID=18722) to work on /home/airflow/.local/lib/python3.12/site-packages/airflow/example_dags/tutorial_objectstorage.py
[2024-09-09T08:37:13.371+0000] {processor.py:914} INFO - Processing file /home/airflow/.local/lib/python3.12/site-packages/airflow/example_dags/tutorial_objectstorage.py for tasks to queue
[2024-09-09T08:37:13.374+0000] {logging_mixin.py:190} INFO - [2024-09-09T08:37:13.373+0000] {dagbag.py:587} INFO - Filling up the DagBag from /home/airflow/.local/lib/python3.12/site-packages/airflow/example_dags/tutorial_objectstorage.py
[2024-09-09T08:37:13.384+0000] {processor.py:925} INFO - DAG(s) 'tutorial_objectstorage' retrieved from /home/airflow/.local/lib/python3.12/site-packages/airflow/example_dags/tutorial_objectstorage.py
[2024-09-09T08:37:13.406+0000] {logging_mixin.py:190} INFO - [2024-09-09T08:37:13.405+0000] {dag.py:3229} INFO - Sync 1 DAGs
[2024-09-09T08:37:13.427+0000] {logging_mixin.py:190} INFO - [2024-09-09T08:37:13.426+0000] {dag.py:4156} INFO - Setting next_dagrun for tutorial_objectstorage to None, run_after=None
[2024-09-09T08:37:13.452+0000] {processor.py:208} INFO - Processing /home/airflow/.local/lib/python3.12/site-packages/airflow/example_dags/tutorial_objectstorage.py took 0.090 seconds
[2024-09-09T08:37:43.934+0000] {processor.py:186} INFO - Started process (PID=19008) to work on /home/airflow/.local/lib/python3.12/site-packages/airflow/example_dags/tutorial_objectstorage.py
[2024-09-09T08:37:43.936+0000] {processor.py:914} INFO - Processing file /home/airflow/.local/lib/python3.12/site-packages/airflow/example_dags/tutorial_objectstorage.py for tasks to queue
[2024-09-09T08:37:43.939+0000] {logging_mixin.py:190} INFO - [2024-09-09T08:37:43.939+0000] {dagbag.py:587} INFO - Filling up the DagBag from /home/airflow/.local/lib/python3.12/site-packages/airflow/example_dags/tutorial_objectstorage.py
[2024-09-09T08:37:43.951+0000] {processor.py:925} INFO - DAG(s) 'tutorial_objectstorage' retrieved from /home/airflow/.local/lib/python3.12/site-packages/airflow/example_dags/tutorial_objectstorage.py
[2024-09-09T08:37:43.980+0000] {logging_mixin.py:190} INFO - [2024-09-09T08:37:43.980+0000] {dag.py:3229} INFO - Sync 1 DAGs
[2024-09-09T08:37:43.997+0000] {logging_mixin.py:190} INFO - [2024-09-09T08:37:43.997+0000] {dag.py:4156} INFO - Setting next_dagrun for tutorial_objectstorage to None, run_after=None
[2024-09-09T08:37:44.020+0000] {processor.py:208} INFO - Processing /home/airflow/.local/lib/python3.12/site-packages/airflow/example_dags/tutorial_objectstorage.py took 0.094 seconds
[2024-09-09T08:38:14.665+0000] {processor.py:186} INFO - Started process (PID=19294) to work on /home/airflow/.local/lib/python3.12/site-packages/airflow/example_dags/tutorial_objectstorage.py
[2024-09-09T08:38:14.667+0000] {processor.py:914} INFO - Processing file /home/airflow/.local/lib/python3.12/site-packages/airflow/example_dags/tutorial_objectstorage.py for tasks to queue
[2024-09-09T08:38:14.670+0000] {logging_mixin.py:190} INFO - [2024-09-09T08:38:14.670+0000] {dagbag.py:587} INFO - Filling up the DagBag from /home/airflow/.local/lib/python3.12/site-packages/airflow/example_dags/tutorial_objectstorage.py
[2024-09-09T08:38:14.681+0000] {processor.py:925} INFO - DAG(s) 'tutorial_objectstorage' retrieved from /home/airflow/.local/lib/python3.12/site-packages/airflow/example_dags/tutorial_objectstorage.py
[2024-09-09T08:38:14.703+0000] {logging_mixin.py:190} INFO - [2024-09-09T08:38:14.702+0000] {dag.py:3229} INFO - Sync 1 DAGs
[2024-09-09T08:38:14.719+0000] {logging_mixin.py:190} INFO - [2024-09-09T08:38:14.719+0000] {dag.py:4156} INFO - Setting next_dagrun for tutorial_objectstorage to None, run_after=None
[2024-09-09T08:38:14.743+0000] {processor.py:208} INFO - Processing /home/airflow/.local/lib/python3.12/site-packages/airflow/example_dags/tutorial_objectstorage.py took 0.086 seconds
[2024-09-09T08:38:45.782+0000] {processor.py:186} INFO - Started process (PID=19580) to work on /home/airflow/.local/lib/python3.12/site-packages/airflow/example_dags/tutorial_objectstorage.py
[2024-09-09T08:38:45.783+0000] {processor.py:914} INFO - Processing file /home/airflow/.local/lib/python3.12/site-packages/airflow/example_dags/tutorial_objectstorage.py for tasks to queue
[2024-09-09T08:38:45.787+0000] {logging_mixin.py:190} INFO - [2024-09-09T08:38:45.786+0000] {dagbag.py:587} INFO - Filling up the DagBag from /home/airflow/.local/lib/python3.12/site-packages/airflow/example_dags/tutorial_objectstorage.py
[2024-09-09T08:38:45.797+0000] {processor.py:925} INFO - DAG(s) 'tutorial_objectstorage' retrieved from /home/airflow/.local/lib/python3.12/site-packages/airflow/example_dags/tutorial_objectstorage.py
[2024-09-09T08:38:45.819+0000] {logging_mixin.py:190} INFO - [2024-09-09T08:38:45.818+0000] {dag.py:3229} INFO - Sync 1 DAGs
[2024-09-09T08:38:45.834+0000] {logging_mixin.py:190} INFO - [2024-09-09T08:38:45.834+0000] {dag.py:4156} INFO - Setting next_dagrun for tutorial_objectstorage to None, run_after=None
[2024-09-09T08:38:45.858+0000] {processor.py:208} INFO - Processing /home/airflow/.local/lib/python3.12/site-packages/airflow/example_dags/tutorial_objectstorage.py took 0.084 seconds
[2024-09-09T08:39:15.909+0000] {processor.py:186} INFO - Started process (PID=19861) to work on /home/airflow/.local/lib/python3.12/site-packages/airflow/example_dags/tutorial_objectstorage.py
[2024-09-09T08:39:15.916+0000] {processor.py:914} INFO - Processing file /home/airflow/.local/lib/python3.12/site-packages/airflow/example_dags/tutorial_objectstorage.py for tasks to queue
[2024-09-09T08:39:15.921+0000] {logging_mixin.py:190} INFO - [2024-09-09T08:39:15.920+0000] {dagbag.py:587} INFO - Filling up the DagBag from /home/airflow/.local/lib/python3.12/site-packages/airflow/example_dags/tutorial_objectstorage.py
[2024-09-09T08:39:15.936+0000] {processor.py:925} INFO - DAG(s) 'tutorial_objectstorage' retrieved from /home/airflow/.local/lib/python3.12/site-packages/airflow/example_dags/tutorial_objectstorage.py
[2024-09-09T08:39:15.961+0000] {logging_mixin.py:190} INFO - [2024-09-09T08:39:15.961+0000] {dag.py:3229} INFO - Sync 1 DAGs
[2024-09-09T08:39:15.984+0000] {logging_mixin.py:190} INFO - [2024-09-09T08:39:15.984+0000] {dag.py:4156} INFO - Setting next_dagrun for tutorial_objectstorage to None, run_after=None
[2024-09-09T08:39:16.012+0000] {processor.py:208} INFO - Processing /home/airflow/.local/lib/python3.12/site-packages/airflow/example_dags/tutorial_objectstorage.py took 0.117 seconds
[2024-09-09T08:39:46.369+0000] {processor.py:186} INFO - Started process (PID=20147) to work on /home/airflow/.local/lib/python3.12/site-packages/airflow/example_dags/tutorial_objectstorage.py
[2024-09-09T08:39:46.370+0000] {processor.py:914} INFO - Processing file /home/airflow/.local/lib/python3.12/site-packages/airflow/example_dags/tutorial_objectstorage.py for tasks to queue
[2024-09-09T08:39:46.372+0000] {logging_mixin.py:190} INFO - [2024-09-09T08:39:46.372+0000] {dagbag.py:587} INFO - Filling up the DagBag from /home/airflow/.local/lib/python3.12/site-packages/airflow/example_dags/tutorial_objectstorage.py
[2024-09-09T08:39:46.383+0000] {processor.py:925} INFO - DAG(s) 'tutorial_objectstorage' retrieved from /home/airflow/.local/lib/python3.12/site-packages/airflow/example_dags/tutorial_objectstorage.py
[2024-09-09T08:39:46.403+0000] {logging_mixin.py:190} INFO - [2024-09-09T08:39:46.403+0000] {dag.py:3229} INFO - Sync 1 DAGs
[2024-09-09T08:39:46.419+0000] {logging_mixin.py:190} INFO - [2024-09-09T08:39:46.419+0000] {dag.py:4156} INFO - Setting next_dagrun for tutorial_objectstorage to None, run_after=None
[2024-09-09T08:39:46.442+0000] {processor.py:208} INFO - Processing /home/airflow/.local/lib/python3.12/site-packages/airflow/example_dags/tutorial_objectstorage.py took 0.080 seconds
[2024-09-09T08:40:16.582+0000] {processor.py:186} INFO - Started process (PID=20433) to work on /home/airflow/.local/lib/python3.12/site-packages/airflow/example_dags/tutorial_objectstorage.py
[2024-09-09T08:40:16.583+0000] {processor.py:914} INFO - Processing file /home/airflow/.local/lib/python3.12/site-packages/airflow/example_dags/tutorial_objectstorage.py for tasks to queue
[2024-09-09T08:40:16.585+0000] {logging_mixin.py:190} INFO - [2024-09-09T08:40:16.585+0000] {dagbag.py:587} INFO - Filling up the DagBag from /home/airflow/.local/lib/python3.12/site-packages/airflow/example_dags/tutorial_objectstorage.py
[2024-09-09T08:40:16.593+0000] {processor.py:925} INFO - DAG(s) 'tutorial_objectstorage' retrieved from /home/airflow/.local/lib/python3.12/site-packages/airflow/example_dags/tutorial_objectstorage.py
[2024-09-09T08:40:16.611+0000] {logging_mixin.py:190} INFO - [2024-09-09T08:40:16.611+0000] {dag.py:3229} INFO - Sync 1 DAGs
[2024-09-09T08:40:16.627+0000] {logging_mixin.py:190} INFO - [2024-09-09T08:40:16.627+0000] {dag.py:4156} INFO - Setting next_dagrun for tutorial_objectstorage to None, run_after=None
[2024-09-09T08:40:16.651+0000] {processor.py:208} INFO - Processing /home/airflow/.local/lib/python3.12/site-packages/airflow/example_dags/tutorial_objectstorage.py took 0.075 seconds
[2024-09-09T08:40:47.677+0000] {processor.py:186} INFO - Started process (PID=20726) to work on /home/airflow/.local/lib/python3.12/site-packages/airflow/example_dags/tutorial_objectstorage.py
[2024-09-09T08:40:47.678+0000] {processor.py:914} INFO - Processing file /home/airflow/.local/lib/python3.12/site-packages/airflow/example_dags/tutorial_objectstorage.py for tasks to queue
[2024-09-09T08:40:47.681+0000] {logging_mixin.py:190} INFO - [2024-09-09T08:40:47.681+0000] {dagbag.py:587} INFO - Filling up the DagBag from /home/airflow/.local/lib/python3.12/site-packages/airflow/example_dags/tutorial_objectstorage.py
[2024-09-09T08:40:47.691+0000] {processor.py:925} INFO - DAG(s) 'tutorial_objectstorage' retrieved from /home/airflow/.local/lib/python3.12/site-packages/airflow/example_dags/tutorial_objectstorage.py
[2024-09-09T08:40:47.712+0000] {logging_mixin.py:190} INFO - [2024-09-09T08:40:47.712+0000] {dag.py:3229} INFO - Sync 1 DAGs
[2024-09-09T08:40:47.728+0000] {logging_mixin.py:190} INFO - [2024-09-09T08:40:47.727+0000] {dag.py:4156} INFO - Setting next_dagrun for tutorial_objectstorage to None, run_after=None
[2024-09-09T08:40:47.750+0000] {processor.py:208} INFO - Processing /home/airflow/.local/lib/python3.12/site-packages/airflow/example_dags/tutorial_objectstorage.py took 0.078 seconds
[2024-09-09T08:41:17.994+0000] {processor.py:186} INFO - Started process (PID=21011) to work on /home/airflow/.local/lib/python3.12/site-packages/airflow/example_dags/tutorial_objectstorage.py
[2024-09-09T08:41:17.996+0000] {processor.py:914} INFO - Processing file /home/airflow/.local/lib/python3.12/site-packages/airflow/example_dags/tutorial_objectstorage.py for tasks to queue
[2024-09-09T08:41:18.000+0000] {logging_mixin.py:190} INFO - [2024-09-09T08:41:17.999+0000] {dagbag.py:587} INFO - Filling up the DagBag from /home/airflow/.local/lib/python3.12/site-packages/airflow/example_dags/tutorial_objectstorage.py
[2024-09-09T08:41:18.012+0000] {processor.py:925} INFO - DAG(s) 'tutorial_objectstorage' retrieved from /home/airflow/.local/lib/python3.12/site-packages/airflow/example_dags/tutorial_objectstorage.py
[2024-09-09T08:41:18.035+0000] {logging_mixin.py:190} INFO - [2024-09-09T08:41:18.035+0000] {dag.py:3229} INFO - Sync 1 DAGs
[2024-09-09T08:41:18.052+0000] {logging_mixin.py:190} INFO - [2024-09-09T08:41:18.052+0000] {dag.py:4156} INFO - Setting next_dagrun for tutorial_objectstorage to None, run_after=None
[2024-09-09T08:41:18.074+0000] {processor.py:208} INFO - Processing /home/airflow/.local/lib/python3.12/site-packages/airflow/example_dags/tutorial_objectstorage.py took 0.089 seconds
