[2024-09-09T08:04:17.695+0000] {processor.py:186} INFO - Started process (PID=237) to work on /home/airflow/.local/lib/python3.12/site-packages/airflow/example_dags/tutorial_dag.py
[2024-09-09T08:04:17.696+0000] {processor.py:914} INFO - Processing file /home/airflow/.local/lib/python3.12/site-packages/airflow/example_dags/tutorial_dag.py for tasks to queue
[2024-09-09T08:04:17.700+0000] {logging_mixin.py:190} INFO - [2024-09-09T08:04:17.699+0000] {dagbag.py:587} INFO - Filling up the DagBag from /home/airflow/.local/lib/python3.12/site-packages/airflow/example_dags/tutorial_dag.py
[2024-09-09T08:04:17.714+0000] {processor.py:925} INFO - DAG(s) 'tutorial_dag' retrieved from /home/airflow/.local/lib/python3.12/site-packages/airflow/example_dags/tutorial_dag.py
[2024-09-09T08:04:17.888+0000] {logging_mixin.py:190} INFO - [2024-09-09T08:04:17.887+0000] {override.py:1900} INFO - Created Permission View: can edit on DAG:tutorial_dag
[2024-09-09T08:04:17.906+0000] {logging_mixin.py:190} INFO - [2024-09-09T08:04:17.905+0000] {override.py:1900} INFO - Created Permission View: can delete on DAG:tutorial_dag
[2024-09-09T08:04:17.919+0000] {logging_mixin.py:190} INFO - [2024-09-09T08:04:17.919+0000] {override.py:1900} INFO - Created Permission View: can read on DAG:tutorial_dag
[2024-09-09T08:04:17.937+0000] {logging_mixin.py:190} INFO - [2024-09-09T08:04:17.936+0000] {override.py:1900} INFO - Created Permission View: can create on DAG Run:tutorial_dag
[2024-09-09T08:04:17.949+0000] {logging_mixin.py:190} INFO - [2024-09-09T08:04:17.948+0000] {override.py:1900} INFO - Created Permission View: can delete on DAG Run:tutorial_dag
[2024-09-09T08:04:17.961+0000] {logging_mixin.py:190} INFO - [2024-09-09T08:04:17.960+0000] {override.py:1900} INFO - Created Permission View: menu access on DAG Run:tutorial_dag
[2024-09-09T08:04:17.971+0000] {logging_mixin.py:190} INFO - [2024-09-09T08:04:17.971+0000] {override.py:1900} INFO - Created Permission View: can read on DAG Run:tutorial_dag
[2024-09-09T08:04:17.972+0000] {logging_mixin.py:190} INFO - [2024-09-09T08:04:17.972+0000] {dag.py:3229} INFO - Sync 1 DAGs
[2024-09-09T08:04:17.991+0000] {logging_mixin.py:190} INFO - [2024-09-09T08:04:17.991+0000] {dag.py:3252} INFO - Creating ORM DAG for tutorial_dag
[2024-09-09T08:04:17.993+0000] {logging_mixin.py:190} INFO - [2024-09-09T08:04:17.992+0000] {dag.py:4156} INFO - Setting next_dagrun for tutorial_dag to None, run_after=None
[2024-09-09T08:04:18.022+0000] {processor.py:208} INFO - Processing /home/airflow/.local/lib/python3.12/site-packages/airflow/example_dags/tutorial_dag.py took 0.335 seconds
[2024-09-09T08:04:48.221+0000] {processor.py:186} INFO - Started process (PID=523) to work on /home/airflow/.local/lib/python3.12/site-packages/airflow/example_dags/tutorial_dag.py
[2024-09-09T08:04:48.226+0000] {processor.py:914} INFO - Processing file /home/airflow/.local/lib/python3.12/site-packages/airflow/example_dags/tutorial_dag.py for tasks to queue
[2024-09-09T08:04:48.229+0000] {logging_mixin.py:190} INFO - [2024-09-09T08:04:48.228+0000] {dagbag.py:587} INFO - Filling up the DagBag from /home/airflow/.local/lib/python3.12/site-packages/airflow/example_dags/tutorial_dag.py
[2024-09-09T08:04:48.238+0000] {processor.py:925} INFO - DAG(s) 'tutorial_dag' retrieved from /home/airflow/.local/lib/python3.12/site-packages/airflow/example_dags/tutorial_dag.py
[2024-09-09T08:04:48.260+0000] {logging_mixin.py:190} INFO - [2024-09-09T08:04:48.260+0000] {dag.py:3229} INFO - Sync 1 DAGs
[2024-09-09T08:04:48.279+0000] {logging_mixin.py:190} INFO - [2024-09-09T08:04:48.278+0000] {dag.py:4156} INFO - Setting next_dagrun for tutorial_dag to None, run_after=None
[2024-09-09T08:04:48.302+0000] {processor.py:208} INFO - Processing /home/airflow/.local/lib/python3.12/site-packages/airflow/example_dags/tutorial_dag.py took 0.092 seconds
[2024-09-09T08:05:18.551+0000] {processor.py:186} INFO - Started process (PID=809) to work on /home/airflow/.local/lib/python3.12/site-packages/airflow/example_dags/tutorial_dag.py
[2024-09-09T08:05:18.552+0000] {processor.py:914} INFO - Processing file /home/airflow/.local/lib/python3.12/site-packages/airflow/example_dags/tutorial_dag.py for tasks to queue
[2024-09-09T08:05:18.554+0000] {logging_mixin.py:190} INFO - [2024-09-09T08:05:18.554+0000] {dagbag.py:587} INFO - Filling up the DagBag from /home/airflow/.local/lib/python3.12/site-packages/airflow/example_dags/tutorial_dag.py
[2024-09-09T08:05:18.560+0000] {processor.py:925} INFO - DAG(s) 'tutorial_dag' retrieved from /home/airflow/.local/lib/python3.12/site-packages/airflow/example_dags/tutorial_dag.py
[2024-09-09T08:05:18.590+0000] {logging_mixin.py:190} INFO - [2024-09-09T08:05:18.590+0000] {dag.py:3229} INFO - Sync 1 DAGs
[2024-09-09T08:05:18.628+0000] {logging_mixin.py:190} INFO - [2024-09-09T08:05:18.628+0000] {dag.py:4156} INFO - Setting next_dagrun for tutorial_dag to None, run_after=None
[2024-09-09T08:05:18.678+0000] {processor.py:208} INFO - Processing /home/airflow/.local/lib/python3.12/site-packages/airflow/example_dags/tutorial_dag.py took 0.133 seconds
[2024-09-09T08:05:49.325+0000] {processor.py:186} INFO - Started process (PID=1093) to work on /home/airflow/.local/lib/python3.12/site-packages/airflow/example_dags/tutorial_dag.py
[2024-09-09T08:05:49.327+0000] {processor.py:914} INFO - Processing file /home/airflow/.local/lib/python3.12/site-packages/airflow/example_dags/tutorial_dag.py for tasks to queue
[2024-09-09T08:05:49.330+0000] {logging_mixin.py:190} INFO - [2024-09-09T08:05:49.329+0000] {dagbag.py:587} INFO - Filling up the DagBag from /home/airflow/.local/lib/python3.12/site-packages/airflow/example_dags/tutorial_dag.py
[2024-09-09T08:05:49.339+0000] {processor.py:925} INFO - DAG(s) 'tutorial_dag' retrieved from /home/airflow/.local/lib/python3.12/site-packages/airflow/example_dags/tutorial_dag.py
[2024-09-09T08:05:49.365+0000] {logging_mixin.py:190} INFO - [2024-09-09T08:05:49.365+0000] {dag.py:3229} INFO - Sync 1 DAGs
[2024-09-09T08:05:49.400+0000] {logging_mixin.py:190} INFO - [2024-09-09T08:05:49.400+0000] {dag.py:4156} INFO - Setting next_dagrun for tutorial_dag to None, run_after=None
[2024-09-09T08:05:49.444+0000] {processor.py:208} INFO - Processing /home/airflow/.local/lib/python3.12/site-packages/airflow/example_dags/tutorial_dag.py took 0.128 seconds
[2024-09-09T08:06:19.614+0000] {processor.py:186} INFO - Started process (PID=1379) to work on /home/airflow/.local/lib/python3.12/site-packages/airflow/example_dags/tutorial_dag.py
[2024-09-09T08:06:19.615+0000] {processor.py:914} INFO - Processing file /home/airflow/.local/lib/python3.12/site-packages/airflow/example_dags/tutorial_dag.py for tasks to queue
[2024-09-09T08:06:19.618+0000] {logging_mixin.py:190} INFO - [2024-09-09T08:06:19.617+0000] {dagbag.py:587} INFO - Filling up the DagBag from /home/airflow/.local/lib/python3.12/site-packages/airflow/example_dags/tutorial_dag.py
[2024-09-09T08:06:19.623+0000] {processor.py:925} INFO - DAG(s) 'tutorial_dag' retrieved from /home/airflow/.local/lib/python3.12/site-packages/airflow/example_dags/tutorial_dag.py
[2024-09-09T08:06:19.639+0000] {logging_mixin.py:190} INFO - [2024-09-09T08:06:19.639+0000] {dag.py:3229} INFO - Sync 1 DAGs
[2024-09-09T08:06:19.651+0000] {logging_mixin.py:190} INFO - [2024-09-09T08:06:19.651+0000] {dag.py:4156} INFO - Setting next_dagrun for tutorial_dag to None, run_after=None
[2024-09-09T08:06:19.670+0000] {processor.py:208} INFO - Processing /home/airflow/.local/lib/python3.12/site-packages/airflow/example_dags/tutorial_dag.py took 0.060 seconds
[2024-09-09T08:06:50.446+0000] {processor.py:186} INFO - Started process (PID=1665) to work on /home/airflow/.local/lib/python3.12/site-packages/airflow/example_dags/tutorial_dag.py
[2024-09-09T08:06:50.448+0000] {processor.py:914} INFO - Processing file /home/airflow/.local/lib/python3.12/site-packages/airflow/example_dags/tutorial_dag.py for tasks to queue
[2024-09-09T08:06:50.452+0000] {logging_mixin.py:190} INFO - [2024-09-09T08:06:50.451+0000] {dagbag.py:587} INFO - Filling up the DagBag from /home/airflow/.local/lib/python3.12/site-packages/airflow/example_dags/tutorial_dag.py
[2024-09-09T08:06:50.463+0000] {processor.py:925} INFO - DAG(s) 'tutorial_dag' retrieved from /home/airflow/.local/lib/python3.12/site-packages/airflow/example_dags/tutorial_dag.py
[2024-09-09T08:06:50.501+0000] {logging_mixin.py:190} INFO - [2024-09-09T08:06:50.501+0000] {dag.py:3229} INFO - Sync 1 DAGs
[2024-09-09T08:06:50.543+0000] {logging_mixin.py:190} INFO - [2024-09-09T08:06:50.542+0000] {dag.py:4156} INFO - Setting next_dagrun for tutorial_dag to None, run_after=None
[2024-09-09T08:06:50.583+0000] {processor.py:208} INFO - Processing /home/airflow/.local/lib/python3.12/site-packages/airflow/example_dags/tutorial_dag.py took 0.145 seconds
[2024-09-09T08:07:20.817+0000] {processor.py:186} INFO - Started process (PID=1947) to work on /home/airflow/.local/lib/python3.12/site-packages/airflow/example_dags/tutorial_dag.py
[2024-09-09T08:07:20.818+0000] {processor.py:914} INFO - Processing file /home/airflow/.local/lib/python3.12/site-packages/airflow/example_dags/tutorial_dag.py for tasks to queue
[2024-09-09T08:07:20.821+0000] {logging_mixin.py:190} INFO - [2024-09-09T08:07:20.821+0000] {dagbag.py:587} INFO - Filling up the DagBag from /home/airflow/.local/lib/python3.12/site-packages/airflow/example_dags/tutorial_dag.py
[2024-09-09T08:07:20.830+0000] {processor.py:925} INFO - DAG(s) 'tutorial_dag' retrieved from /home/airflow/.local/lib/python3.12/site-packages/airflow/example_dags/tutorial_dag.py
[2024-09-09T08:07:20.854+0000] {logging_mixin.py:190} INFO - [2024-09-09T08:07:20.854+0000] {dag.py:3229} INFO - Sync 1 DAGs
[2024-09-09T08:07:20.874+0000] {logging_mixin.py:190} INFO - [2024-09-09T08:07:20.874+0000] {dag.py:4156} INFO - Setting next_dagrun for tutorial_dag to None, run_after=None
[2024-09-09T08:07:20.902+0000] {processor.py:208} INFO - Processing /home/airflow/.local/lib/python3.12/site-packages/airflow/example_dags/tutorial_dag.py took 0.094 seconds
[2024-09-09T08:07:51.292+0000] {processor.py:186} INFO - Started process (PID=2233) to work on /home/airflow/.local/lib/python3.12/site-packages/airflow/example_dags/tutorial_dag.py
[2024-09-09T08:07:51.294+0000] {processor.py:914} INFO - Processing file /home/airflow/.local/lib/python3.12/site-packages/airflow/example_dags/tutorial_dag.py for tasks to queue
[2024-09-09T08:07:51.300+0000] {logging_mixin.py:190} INFO - [2024-09-09T08:07:51.299+0000] {dagbag.py:587} INFO - Filling up the DagBag from /home/airflow/.local/lib/python3.12/site-packages/airflow/example_dags/tutorial_dag.py
[2024-09-09T08:07:51.327+0000] {processor.py:925} INFO - DAG(s) 'tutorial_dag' retrieved from /home/airflow/.local/lib/python3.12/site-packages/airflow/example_dags/tutorial_dag.py
[2024-09-09T08:07:51.371+0000] {logging_mixin.py:190} INFO - [2024-09-09T08:07:51.370+0000] {dag.py:3229} INFO - Sync 1 DAGs
[2024-09-09T08:07:51.398+0000] {logging_mixin.py:190} INFO - [2024-09-09T08:07:51.397+0000] {dag.py:4156} INFO - Setting next_dagrun for tutorial_dag to None, run_after=None
[2024-09-09T08:07:51.480+0000] {processor.py:208} INFO - Processing /home/airflow/.local/lib/python3.12/site-packages/airflow/example_dags/tutorial_dag.py took 0.196 seconds
[2024-09-09T08:08:21.863+0000] {processor.py:186} INFO - Started process (PID=2519) to work on /home/airflow/.local/lib/python3.12/site-packages/airflow/example_dags/tutorial_dag.py
[2024-09-09T08:08:21.864+0000] {processor.py:914} INFO - Processing file /home/airflow/.local/lib/python3.12/site-packages/airflow/example_dags/tutorial_dag.py for tasks to queue
[2024-09-09T08:08:21.866+0000] {logging_mixin.py:190} INFO - [2024-09-09T08:08:21.866+0000] {dagbag.py:587} INFO - Filling up the DagBag from /home/airflow/.local/lib/python3.12/site-packages/airflow/example_dags/tutorial_dag.py
[2024-09-09T08:08:21.874+0000] {processor.py:925} INFO - DAG(s) 'tutorial_dag' retrieved from /home/airflow/.local/lib/python3.12/site-packages/airflow/example_dags/tutorial_dag.py
[2024-09-09T08:08:21.893+0000] {logging_mixin.py:190} INFO - [2024-09-09T08:08:21.893+0000] {dag.py:3229} INFO - Sync 1 DAGs
[2024-09-09T08:08:21.913+0000] {logging_mixin.py:190} INFO - [2024-09-09T08:08:21.912+0000] {dag.py:4156} INFO - Setting next_dagrun for tutorial_dag to None, run_after=None
[2024-09-09T08:08:21.945+0000] {processor.py:208} INFO - Processing /home/airflow/.local/lib/python3.12/site-packages/airflow/example_dags/tutorial_dag.py took 0.088 seconds
[2024-09-09T08:08:52.757+0000] {processor.py:186} INFO - Started process (PID=2807) to work on /home/airflow/.local/lib/python3.12/site-packages/airflow/example_dags/tutorial_dag.py
[2024-09-09T08:08:52.759+0000] {processor.py:914} INFO - Processing file /home/airflow/.local/lib/python3.12/site-packages/airflow/example_dags/tutorial_dag.py for tasks to queue
[2024-09-09T08:08:52.763+0000] {logging_mixin.py:190} INFO - [2024-09-09T08:08:52.762+0000] {dagbag.py:587} INFO - Filling up the DagBag from /home/airflow/.local/lib/python3.12/site-packages/airflow/example_dags/tutorial_dag.py
[2024-09-09T08:08:52.772+0000] {processor.py:925} INFO - DAG(s) 'tutorial_dag' retrieved from /home/airflow/.local/lib/python3.12/site-packages/airflow/example_dags/tutorial_dag.py
[2024-09-09T08:08:52.798+0000] {logging_mixin.py:190} INFO - [2024-09-09T08:08:52.797+0000] {dag.py:3229} INFO - Sync 1 DAGs
[2024-09-09T08:08:52.821+0000] {logging_mixin.py:190} INFO - [2024-09-09T08:08:52.820+0000] {dag.py:4156} INFO - Setting next_dagrun for tutorial_dag to None, run_after=None
[2024-09-09T08:08:52.855+0000] {processor.py:208} INFO - Processing /home/airflow/.local/lib/python3.12/site-packages/airflow/example_dags/tutorial_dag.py took 0.104 seconds
[2024-09-09T08:09:23.474+0000] {processor.py:186} INFO - Started process (PID=3091) to work on /home/airflow/.local/lib/python3.12/site-packages/airflow/example_dags/tutorial_dag.py
[2024-09-09T08:09:23.476+0000] {processor.py:914} INFO - Processing file /home/airflow/.local/lib/python3.12/site-packages/airflow/example_dags/tutorial_dag.py for tasks to queue
[2024-09-09T08:09:23.479+0000] {logging_mixin.py:190} INFO - [2024-09-09T08:09:23.479+0000] {dagbag.py:587} INFO - Filling up the DagBag from /home/airflow/.local/lib/python3.12/site-packages/airflow/example_dags/tutorial_dag.py
[2024-09-09T08:09:23.490+0000] {processor.py:925} INFO - DAG(s) 'tutorial_dag' retrieved from /home/airflow/.local/lib/python3.12/site-packages/airflow/example_dags/tutorial_dag.py
[2024-09-09T08:09:23.512+0000] {logging_mixin.py:190} INFO - [2024-09-09T08:09:23.512+0000] {dag.py:3229} INFO - Sync 1 DAGs
[2024-09-09T08:09:23.530+0000] {logging_mixin.py:190} INFO - [2024-09-09T08:09:23.530+0000] {dag.py:4156} INFO - Setting next_dagrun for tutorial_dag to None, run_after=None
[2024-09-09T08:09:23.558+0000] {processor.py:208} INFO - Processing /home/airflow/.local/lib/python3.12/site-packages/airflow/example_dags/tutorial_dag.py took 0.094 seconds
[2024-09-09T08:09:53.670+0000] {processor.py:186} INFO - Started process (PID=3377) to work on /home/airflow/.local/lib/python3.12/site-packages/airflow/example_dags/tutorial_dag.py
[2024-09-09T08:09:53.672+0000] {processor.py:914} INFO - Processing file /home/airflow/.local/lib/python3.12/site-packages/airflow/example_dags/tutorial_dag.py for tasks to queue
[2024-09-09T08:09:53.675+0000] {logging_mixin.py:190} INFO - [2024-09-09T08:09:53.674+0000] {dagbag.py:587} INFO - Filling up the DagBag from /home/airflow/.local/lib/python3.12/site-packages/airflow/example_dags/tutorial_dag.py
[2024-09-09T08:09:53.684+0000] {processor.py:925} INFO - DAG(s) 'tutorial_dag' retrieved from /home/airflow/.local/lib/python3.12/site-packages/airflow/example_dags/tutorial_dag.py
[2024-09-09T08:09:53.716+0000] {logging_mixin.py:190} INFO - [2024-09-09T08:09:53.716+0000] {dag.py:3229} INFO - Sync 1 DAGs
[2024-09-09T08:09:53.742+0000] {logging_mixin.py:190} INFO - [2024-09-09T08:09:53.742+0000] {dag.py:4156} INFO - Setting next_dagrun for tutorial_dag to None, run_after=None
[2024-09-09T08:09:53.777+0000] {processor.py:208} INFO - Processing /home/airflow/.local/lib/python3.12/site-packages/airflow/example_dags/tutorial_dag.py took 0.113 seconds
[2024-09-09T08:10:24.846+0000] {processor.py:186} INFO - Started process (PID=3668) to work on /home/airflow/.local/lib/python3.12/site-packages/airflow/example_dags/tutorial_dag.py
[2024-09-09T08:10:24.847+0000] {processor.py:914} INFO - Processing file /home/airflow/.local/lib/python3.12/site-packages/airflow/example_dags/tutorial_dag.py for tasks to queue
[2024-09-09T08:10:24.850+0000] {logging_mixin.py:190} INFO - [2024-09-09T08:10:24.850+0000] {dagbag.py:587} INFO - Filling up the DagBag from /home/airflow/.local/lib/python3.12/site-packages/airflow/example_dags/tutorial_dag.py
[2024-09-09T08:10:24.858+0000] {processor.py:925} INFO - DAG(s) 'tutorial_dag' retrieved from /home/airflow/.local/lib/python3.12/site-packages/airflow/example_dags/tutorial_dag.py
[2024-09-09T08:10:24.876+0000] {logging_mixin.py:190} INFO - [2024-09-09T08:10:24.876+0000] {dag.py:3229} INFO - Sync 1 DAGs
[2024-09-09T08:10:24.892+0000] {logging_mixin.py:190} INFO - [2024-09-09T08:10:24.892+0000] {dag.py:4156} INFO - Setting next_dagrun for tutorial_dag to None, run_after=None
[2024-09-09T08:10:24.916+0000] {processor.py:208} INFO - Processing /home/airflow/.local/lib/python3.12/site-packages/airflow/example_dags/tutorial_dag.py took 0.075 seconds
[2024-09-09T08:10:55.900+0000] {processor.py:186} INFO - Started process (PID=3954) to work on /home/airflow/.local/lib/python3.12/site-packages/airflow/example_dags/tutorial_dag.py
[2024-09-09T08:10:55.901+0000] {processor.py:914} INFO - Processing file /home/airflow/.local/lib/python3.12/site-packages/airflow/example_dags/tutorial_dag.py for tasks to queue
[2024-09-09T08:10:55.903+0000] {logging_mixin.py:190} INFO - [2024-09-09T08:10:55.903+0000] {dagbag.py:587} INFO - Filling up the DagBag from /home/airflow/.local/lib/python3.12/site-packages/airflow/example_dags/tutorial_dag.py
[2024-09-09T08:10:55.909+0000] {processor.py:925} INFO - DAG(s) 'tutorial_dag' retrieved from /home/airflow/.local/lib/python3.12/site-packages/airflow/example_dags/tutorial_dag.py
[2024-09-09T08:10:55.933+0000] {logging_mixin.py:190} INFO - [2024-09-09T08:10:55.933+0000] {dag.py:3229} INFO - Sync 1 DAGs
[2024-09-09T08:10:55.955+0000] {logging_mixin.py:190} INFO - [2024-09-09T08:10:55.954+0000] {dag.py:4156} INFO - Setting next_dagrun for tutorial_dag to None, run_after=None
[2024-09-09T08:10:55.988+0000] {processor.py:208} INFO - Processing /home/airflow/.local/lib/python3.12/site-packages/airflow/example_dags/tutorial_dag.py took 0.093 seconds
[2024-09-09T08:11:27.078+0000] {processor.py:186} INFO - Started process (PID=4240) to work on /home/airflow/.local/lib/python3.12/site-packages/airflow/example_dags/tutorial_dag.py
[2024-09-09T08:11:27.079+0000] {processor.py:914} INFO - Processing file /home/airflow/.local/lib/python3.12/site-packages/airflow/example_dags/tutorial_dag.py for tasks to queue
[2024-09-09T08:11:27.082+0000] {logging_mixin.py:190} INFO - [2024-09-09T08:11:27.081+0000] {dagbag.py:587} INFO - Filling up the DagBag from /home/airflow/.local/lib/python3.12/site-packages/airflow/example_dags/tutorial_dag.py
[2024-09-09T08:11:27.090+0000] {processor.py:925} INFO - DAG(s) 'tutorial_dag' retrieved from /home/airflow/.local/lib/python3.12/site-packages/airflow/example_dags/tutorial_dag.py
[2024-09-09T08:11:27.112+0000] {logging_mixin.py:190} INFO - [2024-09-09T08:11:27.112+0000] {dag.py:3229} INFO - Sync 1 DAGs
[2024-09-09T08:11:27.127+0000] {logging_mixin.py:190} INFO - [2024-09-09T08:11:27.127+0000] {dag.py:4156} INFO - Setting next_dagrun for tutorial_dag to None, run_after=None
[2024-09-09T08:11:27.146+0000] {processor.py:208} INFO - Processing /home/airflow/.local/lib/python3.12/site-packages/airflow/example_dags/tutorial_dag.py took 0.074 seconds
[2024-09-09T08:11:58.443+0000] {processor.py:186} INFO - Started process (PID=4528) to work on /home/airflow/.local/lib/python3.12/site-packages/airflow/example_dags/tutorial_dag.py
[2024-09-09T08:11:58.444+0000] {processor.py:914} INFO - Processing file /home/airflow/.local/lib/python3.12/site-packages/airflow/example_dags/tutorial_dag.py for tasks to queue
[2024-09-09T08:11:58.446+0000] {logging_mixin.py:190} INFO - [2024-09-09T08:11:58.446+0000] {dagbag.py:587} INFO - Filling up the DagBag from /home/airflow/.local/lib/python3.12/site-packages/airflow/example_dags/tutorial_dag.py
[2024-09-09T08:11:58.452+0000] {processor.py:925} INFO - DAG(s) 'tutorial_dag' retrieved from /home/airflow/.local/lib/python3.12/site-packages/airflow/example_dags/tutorial_dag.py
[2024-09-09T08:11:58.472+0000] {logging_mixin.py:190} INFO - [2024-09-09T08:11:58.471+0000] {dag.py:3229} INFO - Sync 1 DAGs
[2024-09-09T08:11:58.488+0000] {logging_mixin.py:190} INFO - [2024-09-09T08:11:58.488+0000] {dag.py:4156} INFO - Setting next_dagrun for tutorial_dag to None, run_after=None
[2024-09-09T08:11:58.534+0000] {processor.py:208} INFO - Processing /home/airflow/.local/lib/python3.12/site-packages/airflow/example_dags/tutorial_dag.py took 0.097 seconds
[2024-09-09T08:12:28.995+0000] {processor.py:186} INFO - Started process (PID=4812) to work on /home/airflow/.local/lib/python3.12/site-packages/airflow/example_dags/tutorial_dag.py
[2024-09-09T08:12:28.996+0000] {processor.py:914} INFO - Processing file /home/airflow/.local/lib/python3.12/site-packages/airflow/example_dags/tutorial_dag.py for tasks to queue
[2024-09-09T08:12:28.998+0000] {logging_mixin.py:190} INFO - [2024-09-09T08:12:28.998+0000] {dagbag.py:587} INFO - Filling up the DagBag from /home/airflow/.local/lib/python3.12/site-packages/airflow/example_dags/tutorial_dag.py
[2024-09-09T08:12:29.005+0000] {processor.py:925} INFO - DAG(s) 'tutorial_dag' retrieved from /home/airflow/.local/lib/python3.12/site-packages/airflow/example_dags/tutorial_dag.py
[2024-09-09T08:12:29.025+0000] {logging_mixin.py:190} INFO - [2024-09-09T08:12:29.024+0000] {dag.py:3229} INFO - Sync 1 DAGs
[2024-09-09T08:12:29.037+0000] {logging_mixin.py:190} INFO - [2024-09-09T08:12:29.037+0000] {dag.py:4156} INFO - Setting next_dagrun for tutorial_dag to None, run_after=None
[2024-09-09T08:12:29.074+0000] {processor.py:208} INFO - Processing /home/airflow/.local/lib/python3.12/site-packages/airflow/example_dags/tutorial_dag.py took 0.083 seconds
[2024-09-09T08:12:59.850+0000] {processor.py:186} INFO - Started process (PID=5098) to work on /home/airflow/.local/lib/python3.12/site-packages/airflow/example_dags/tutorial_dag.py
[2024-09-09T08:12:59.851+0000] {processor.py:914} INFO - Processing file /home/airflow/.local/lib/python3.12/site-packages/airflow/example_dags/tutorial_dag.py for tasks to queue
[2024-09-09T08:12:59.853+0000] {logging_mixin.py:190} INFO - [2024-09-09T08:12:59.853+0000] {dagbag.py:587} INFO - Filling up the DagBag from /home/airflow/.local/lib/python3.12/site-packages/airflow/example_dags/tutorial_dag.py
[2024-09-09T08:12:59.860+0000] {processor.py:925} INFO - DAG(s) 'tutorial_dag' retrieved from /home/airflow/.local/lib/python3.12/site-packages/airflow/example_dags/tutorial_dag.py
[2024-09-09T08:12:59.878+0000] {logging_mixin.py:190} INFO - [2024-09-09T08:12:59.878+0000] {dag.py:3229} INFO - Sync 1 DAGs
[2024-09-09T08:12:59.892+0000] {logging_mixin.py:190} INFO - [2024-09-09T08:12:59.891+0000] {dag.py:4156} INFO - Setting next_dagrun for tutorial_dag to None, run_after=None
[2024-09-09T08:12:59.915+0000] {processor.py:208} INFO - Processing /home/airflow/.local/lib/python3.12/site-packages/airflow/example_dags/tutorial_dag.py took 0.070 seconds
[2024-09-09T08:13:30.786+0000] {processor.py:186} INFO - Started process (PID=5384) to work on /home/airflow/.local/lib/python3.12/site-packages/airflow/example_dags/tutorial_dag.py
[2024-09-09T08:13:30.788+0000] {processor.py:914} INFO - Processing file /home/airflow/.local/lib/python3.12/site-packages/airflow/example_dags/tutorial_dag.py for tasks to queue
[2024-09-09T08:13:30.790+0000] {logging_mixin.py:190} INFO - [2024-09-09T08:13:30.790+0000] {dagbag.py:587} INFO - Filling up the DagBag from /home/airflow/.local/lib/python3.12/site-packages/airflow/example_dags/tutorial_dag.py
[2024-09-09T08:13:30.796+0000] {processor.py:925} INFO - DAG(s) 'tutorial_dag' retrieved from /home/airflow/.local/lib/python3.12/site-packages/airflow/example_dags/tutorial_dag.py
[2024-09-09T08:13:30.813+0000] {logging_mixin.py:190} INFO - [2024-09-09T08:13:30.813+0000] {dag.py:3229} INFO - Sync 1 DAGs
[2024-09-09T08:13:30.827+0000] {logging_mixin.py:190} INFO - [2024-09-09T08:13:30.826+0000] {dag.py:4156} INFO - Setting next_dagrun for tutorial_dag to None, run_after=None
[2024-09-09T08:13:30.848+0000] {processor.py:208} INFO - Processing /home/airflow/.local/lib/python3.12/site-packages/airflow/example_dags/tutorial_dag.py took 0.068 seconds
[2024-09-09T08:14:01.637+0000] {processor.py:186} INFO - Started process (PID=5670) to work on /home/airflow/.local/lib/python3.12/site-packages/airflow/example_dags/tutorial_dag.py
[2024-09-09T08:14:01.638+0000] {processor.py:914} INFO - Processing file /home/airflow/.local/lib/python3.12/site-packages/airflow/example_dags/tutorial_dag.py for tasks to queue
[2024-09-09T08:14:01.641+0000] {logging_mixin.py:190} INFO - [2024-09-09T08:14:01.640+0000] {dagbag.py:587} INFO - Filling up the DagBag from /home/airflow/.local/lib/python3.12/site-packages/airflow/example_dags/tutorial_dag.py
[2024-09-09T08:14:01.647+0000] {processor.py:925} INFO - DAG(s) 'tutorial_dag' retrieved from /home/airflow/.local/lib/python3.12/site-packages/airflow/example_dags/tutorial_dag.py
[2024-09-09T08:14:01.665+0000] {logging_mixin.py:190} INFO - [2024-09-09T08:14:01.665+0000] {dag.py:3229} INFO - Sync 1 DAGs
[2024-09-09T08:14:01.678+0000] {logging_mixin.py:190} INFO - [2024-09-09T08:14:01.678+0000] {dag.py:4156} INFO - Setting next_dagrun for tutorial_dag to None, run_after=None
[2024-09-09T08:14:01.698+0000] {processor.py:208} INFO - Processing /home/airflow/.local/lib/python3.12/site-packages/airflow/example_dags/tutorial_dag.py took 0.065 seconds
[2024-09-09T08:14:32.513+0000] {processor.py:186} INFO - Started process (PID=5956) to work on /home/airflow/.local/lib/python3.12/site-packages/airflow/example_dags/tutorial_dag.py
[2024-09-09T08:14:32.514+0000] {processor.py:914} INFO - Processing file /home/airflow/.local/lib/python3.12/site-packages/airflow/example_dags/tutorial_dag.py for tasks to queue
[2024-09-09T08:14:32.516+0000] {logging_mixin.py:190} INFO - [2024-09-09T08:14:32.516+0000] {dagbag.py:587} INFO - Filling up the DagBag from /home/airflow/.local/lib/python3.12/site-packages/airflow/example_dags/tutorial_dag.py
[2024-09-09T08:14:32.522+0000] {processor.py:925} INFO - DAG(s) 'tutorial_dag' retrieved from /home/airflow/.local/lib/python3.12/site-packages/airflow/example_dags/tutorial_dag.py
[2024-09-09T08:14:32.541+0000] {logging_mixin.py:190} INFO - [2024-09-09T08:14:32.541+0000] {dag.py:3229} INFO - Sync 1 DAGs
[2024-09-09T08:14:32.555+0000] {logging_mixin.py:190} INFO - [2024-09-09T08:14:32.555+0000] {dag.py:4156} INFO - Setting next_dagrun for tutorial_dag to None, run_after=None
[2024-09-09T08:14:32.577+0000] {processor.py:208} INFO - Processing /home/airflow/.local/lib/python3.12/site-packages/airflow/example_dags/tutorial_dag.py took 0.069 seconds
[2024-09-09T08:15:03.840+0000] {processor.py:186} INFO - Started process (PID=6242) to work on /home/airflow/.local/lib/python3.12/site-packages/airflow/example_dags/tutorial_dag.py
[2024-09-09T08:15:03.842+0000] {processor.py:914} INFO - Processing file /home/airflow/.local/lib/python3.12/site-packages/airflow/example_dags/tutorial_dag.py for tasks to queue
[2024-09-09T08:15:03.846+0000] {logging_mixin.py:190} INFO - [2024-09-09T08:15:03.845+0000] {dagbag.py:587} INFO - Filling up the DagBag from /home/airflow/.local/lib/python3.12/site-packages/airflow/example_dags/tutorial_dag.py
[2024-09-09T08:15:03.861+0000] {processor.py:925} INFO - DAG(s) 'tutorial_dag' retrieved from /home/airflow/.local/lib/python3.12/site-packages/airflow/example_dags/tutorial_dag.py
[2024-09-09T08:15:03.900+0000] {logging_mixin.py:190} INFO - [2024-09-09T08:15:03.899+0000] {dag.py:3229} INFO - Sync 1 DAGs
[2024-09-09T08:15:03.955+0000] {logging_mixin.py:190} INFO - [2024-09-09T08:15:03.954+0000] {dag.py:4156} INFO - Setting next_dagrun for tutorial_dag to None, run_after=None
[2024-09-09T08:15:04.015+0000] {processor.py:208} INFO - Processing /home/airflow/.local/lib/python3.12/site-packages/airflow/example_dags/tutorial_dag.py took 0.185 seconds
[2024-09-09T08:15:34.229+0000] {processor.py:186} INFO - Started process (PID=6533) to work on /home/airflow/.local/lib/python3.12/site-packages/airflow/example_dags/tutorial_dag.py
[2024-09-09T08:15:34.230+0000] {processor.py:914} INFO - Processing file /home/airflow/.local/lib/python3.12/site-packages/airflow/example_dags/tutorial_dag.py for tasks to queue
[2024-09-09T08:15:34.233+0000] {logging_mixin.py:190} INFO - [2024-09-09T08:15:34.233+0000] {dagbag.py:587} INFO - Filling up the DagBag from /home/airflow/.local/lib/python3.12/site-packages/airflow/example_dags/tutorial_dag.py
[2024-09-09T08:15:34.241+0000] {processor.py:925} INFO - DAG(s) 'tutorial_dag' retrieved from /home/airflow/.local/lib/python3.12/site-packages/airflow/example_dags/tutorial_dag.py
[2024-09-09T08:15:34.262+0000] {logging_mixin.py:190} INFO - [2024-09-09T08:15:34.262+0000] {dag.py:3229} INFO - Sync 1 DAGs
[2024-09-09T08:15:34.278+0000] {logging_mixin.py:190} INFO - [2024-09-09T08:15:34.278+0000] {dag.py:4156} INFO - Setting next_dagrun for tutorial_dag to None, run_after=None
[2024-09-09T08:15:34.301+0000] {processor.py:208} INFO - Processing /home/airflow/.local/lib/python3.12/site-packages/airflow/example_dags/tutorial_dag.py took 0.080 seconds
[2024-09-09T08:16:04.559+0000] {processor.py:186} INFO - Started process (PID=6819) to work on /home/airflow/.local/lib/python3.12/site-packages/airflow/example_dags/tutorial_dag.py
[2024-09-09T08:16:04.560+0000] {processor.py:914} INFO - Processing file /home/airflow/.local/lib/python3.12/site-packages/airflow/example_dags/tutorial_dag.py for tasks to queue
[2024-09-09T08:16:04.562+0000] {logging_mixin.py:190} INFO - [2024-09-09T08:16:04.562+0000] {dagbag.py:587} INFO - Filling up the DagBag from /home/airflow/.local/lib/python3.12/site-packages/airflow/example_dags/tutorial_dag.py
[2024-09-09T08:16:04.568+0000] {processor.py:925} INFO - DAG(s) 'tutorial_dag' retrieved from /home/airflow/.local/lib/python3.12/site-packages/airflow/example_dags/tutorial_dag.py
[2024-09-09T08:16:04.584+0000] {logging_mixin.py:190} INFO - [2024-09-09T08:16:04.584+0000] {dag.py:3229} INFO - Sync 1 DAGs
[2024-09-09T08:16:04.596+0000] {logging_mixin.py:190} INFO - [2024-09-09T08:16:04.596+0000] {dag.py:4156} INFO - Setting next_dagrun for tutorial_dag to None, run_after=None
[2024-09-09T08:16:04.615+0000] {processor.py:208} INFO - Processing /home/airflow/.local/lib/python3.12/site-packages/airflow/example_dags/tutorial_dag.py took 0.061 seconds
[2024-09-09T08:16:35.612+0000] {processor.py:186} INFO - Started process (PID=7105) to work on /home/airflow/.local/lib/python3.12/site-packages/airflow/example_dags/tutorial_dag.py
[2024-09-09T08:16:35.614+0000] {processor.py:914} INFO - Processing file /home/airflow/.local/lib/python3.12/site-packages/airflow/example_dags/tutorial_dag.py for tasks to queue
[2024-09-09T08:16:35.618+0000] {logging_mixin.py:190} INFO - [2024-09-09T08:16:35.617+0000] {dagbag.py:587} INFO - Filling up the DagBag from /home/airflow/.local/lib/python3.12/site-packages/airflow/example_dags/tutorial_dag.py
[2024-09-09T08:16:35.630+0000] {processor.py:925} INFO - DAG(s) 'tutorial_dag' retrieved from /home/airflow/.local/lib/python3.12/site-packages/airflow/example_dags/tutorial_dag.py
[2024-09-09T08:16:35.655+0000] {logging_mixin.py:190} INFO - [2024-09-09T08:16:35.655+0000] {dag.py:3229} INFO - Sync 1 DAGs
[2024-09-09T08:16:35.675+0000] {logging_mixin.py:190} INFO - [2024-09-09T08:16:35.675+0000] {dag.py:4156} INFO - Setting next_dagrun for tutorial_dag to None, run_after=None
[2024-09-09T08:16:35.697+0000] {processor.py:208} INFO - Processing /home/airflow/.local/lib/python3.12/site-packages/airflow/example_dags/tutorial_dag.py took 0.097 seconds
[2024-09-09T08:17:06.741+0000] {processor.py:186} INFO - Started process (PID=7391) to work on /home/airflow/.local/lib/python3.12/site-packages/airflow/example_dags/tutorial_dag.py
[2024-09-09T08:17:06.743+0000] {processor.py:914} INFO - Processing file /home/airflow/.local/lib/python3.12/site-packages/airflow/example_dags/tutorial_dag.py for tasks to queue
[2024-09-09T08:17:06.746+0000] {logging_mixin.py:190} INFO - [2024-09-09T08:17:06.746+0000] {dagbag.py:587} INFO - Filling up the DagBag from /home/airflow/.local/lib/python3.12/site-packages/airflow/example_dags/tutorial_dag.py
[2024-09-09T08:17:06.759+0000] {processor.py:925} INFO - DAG(s) 'tutorial_dag' retrieved from /home/airflow/.local/lib/python3.12/site-packages/airflow/example_dags/tutorial_dag.py
[2024-09-09T08:17:06.784+0000] {logging_mixin.py:190} INFO - [2024-09-09T08:17:06.784+0000] {dag.py:3229} INFO - Sync 1 DAGs
[2024-09-09T08:17:06.804+0000] {logging_mixin.py:190} INFO - [2024-09-09T08:17:06.804+0000] {dag.py:4156} INFO - Setting next_dagrun for tutorial_dag to None, run_after=None
[2024-09-09T08:17:06.828+0000] {processor.py:208} INFO - Processing /home/airflow/.local/lib/python3.12/site-packages/airflow/example_dags/tutorial_dag.py took 0.094 seconds
[2024-09-09T08:17:37.567+0000] {processor.py:186} INFO - Started process (PID=7677) to work on /home/airflow/.local/lib/python3.12/site-packages/airflow/example_dags/tutorial_dag.py
[2024-09-09T08:17:37.568+0000] {processor.py:914} INFO - Processing file /home/airflow/.local/lib/python3.12/site-packages/airflow/example_dags/tutorial_dag.py for tasks to queue
[2024-09-09T08:17:37.571+0000] {logging_mixin.py:190} INFO - [2024-09-09T08:17:37.571+0000] {dagbag.py:587} INFO - Filling up the DagBag from /home/airflow/.local/lib/python3.12/site-packages/airflow/example_dags/tutorial_dag.py
[2024-09-09T08:17:37.579+0000] {processor.py:925} INFO - DAG(s) 'tutorial_dag' retrieved from /home/airflow/.local/lib/python3.12/site-packages/airflow/example_dags/tutorial_dag.py
[2024-09-09T08:17:37.599+0000] {logging_mixin.py:190} INFO - [2024-09-09T08:17:37.599+0000] {dag.py:3229} INFO - Sync 1 DAGs
[2024-09-09T08:17:37.615+0000] {logging_mixin.py:190} INFO - [2024-09-09T08:17:37.614+0000] {dag.py:4156} INFO - Setting next_dagrun for tutorial_dag to None, run_after=None
[2024-09-09T08:17:37.634+0000] {processor.py:208} INFO - Processing /home/airflow/.local/lib/python3.12/site-packages/airflow/example_dags/tutorial_dag.py took 0.075 seconds
[2024-09-09T08:18:08.266+0000] {processor.py:186} INFO - Started process (PID=7963) to work on /home/airflow/.local/lib/python3.12/site-packages/airflow/example_dags/tutorial_dag.py
[2024-09-09T08:18:08.267+0000] {processor.py:914} INFO - Processing file /home/airflow/.local/lib/python3.12/site-packages/airflow/example_dags/tutorial_dag.py for tasks to queue
[2024-09-09T08:18:08.269+0000] {logging_mixin.py:190} INFO - [2024-09-09T08:18:08.269+0000] {dagbag.py:587} INFO - Filling up the DagBag from /home/airflow/.local/lib/python3.12/site-packages/airflow/example_dags/tutorial_dag.py
[2024-09-09T08:18:08.278+0000] {processor.py:925} INFO - DAG(s) 'tutorial_dag' retrieved from /home/airflow/.local/lib/python3.12/site-packages/airflow/example_dags/tutorial_dag.py
[2024-09-09T08:18:08.296+0000] {logging_mixin.py:190} INFO - [2024-09-09T08:18:08.295+0000] {dag.py:3229} INFO - Sync 1 DAGs
[2024-09-09T08:18:08.311+0000] {logging_mixin.py:190} INFO - [2024-09-09T08:18:08.311+0000] {dag.py:4156} INFO - Setting next_dagrun for tutorial_dag to None, run_after=None
[2024-09-09T08:18:08.342+0000] {processor.py:208} INFO - Processing /home/airflow/.local/lib/python3.12/site-packages/airflow/example_dags/tutorial_dag.py took 0.081 seconds
[2024-09-09T08:18:38.646+0000] {processor.py:186} INFO - Started process (PID=8249) to work on /home/airflow/.local/lib/python3.12/site-packages/airflow/example_dags/tutorial_dag.py
[2024-09-09T08:18:38.649+0000] {processor.py:914} INFO - Processing file /home/airflow/.local/lib/python3.12/site-packages/airflow/example_dags/tutorial_dag.py for tasks to queue
[2024-09-09T08:18:38.652+0000] {logging_mixin.py:190} INFO - [2024-09-09T08:18:38.651+0000] {dagbag.py:587} INFO - Filling up the DagBag from /home/airflow/.local/lib/python3.12/site-packages/airflow/example_dags/tutorial_dag.py
[2024-09-09T08:18:38.660+0000] {processor.py:925} INFO - DAG(s) 'tutorial_dag' retrieved from /home/airflow/.local/lib/python3.12/site-packages/airflow/example_dags/tutorial_dag.py
[2024-09-09T08:18:38.681+0000] {logging_mixin.py:190} INFO - [2024-09-09T08:18:38.680+0000] {dag.py:3229} INFO - Sync 1 DAGs
[2024-09-09T08:18:38.698+0000] {logging_mixin.py:190} INFO - [2024-09-09T08:18:38.698+0000] {dag.py:4156} INFO - Setting next_dagrun for tutorial_dag to None, run_after=None
[2024-09-09T08:18:38.720+0000] {processor.py:208} INFO - Processing /home/airflow/.local/lib/python3.12/site-packages/airflow/example_dags/tutorial_dag.py took 0.080 seconds
[2024-09-09T08:19:08.896+0000] {processor.py:186} INFO - Started process (PID=8535) to work on /home/airflow/.local/lib/python3.12/site-packages/airflow/example_dags/tutorial_dag.py
[2024-09-09T08:19:08.897+0000] {processor.py:914} INFO - Processing file /home/airflow/.local/lib/python3.12/site-packages/airflow/example_dags/tutorial_dag.py for tasks to queue
[2024-09-09T08:19:08.899+0000] {logging_mixin.py:190} INFO - [2024-09-09T08:19:08.899+0000] {dagbag.py:587} INFO - Filling up the DagBag from /home/airflow/.local/lib/python3.12/site-packages/airflow/example_dags/tutorial_dag.py
[2024-09-09T08:19:08.905+0000] {processor.py:925} INFO - DAG(s) 'tutorial_dag' retrieved from /home/airflow/.local/lib/python3.12/site-packages/airflow/example_dags/tutorial_dag.py
[2024-09-09T08:19:08.922+0000] {logging_mixin.py:190} INFO - [2024-09-09T08:19:08.921+0000] {dag.py:3229} INFO - Sync 1 DAGs
[2024-09-09T08:19:08.933+0000] {logging_mixin.py:190} INFO - [2024-09-09T08:19:08.933+0000] {dag.py:4156} INFO - Setting next_dagrun for tutorial_dag to None, run_after=None
[2024-09-09T08:19:08.951+0000] {processor.py:208} INFO - Processing /home/airflow/.local/lib/python3.12/site-packages/airflow/example_dags/tutorial_dag.py took 0.060 seconds
[2024-09-09T08:19:40.047+0000] {processor.py:186} INFO - Started process (PID=8821) to work on /home/airflow/.local/lib/python3.12/site-packages/airflow/example_dags/tutorial_dag.py
[2024-09-09T08:19:40.048+0000] {processor.py:914} INFO - Processing file /home/airflow/.local/lib/python3.12/site-packages/airflow/example_dags/tutorial_dag.py for tasks to queue
[2024-09-09T08:19:40.051+0000] {logging_mixin.py:190} INFO - [2024-09-09T08:19:40.051+0000] {dagbag.py:587} INFO - Filling up the DagBag from /home/airflow/.local/lib/python3.12/site-packages/airflow/example_dags/tutorial_dag.py
[2024-09-09T08:19:40.060+0000] {processor.py:925} INFO - DAG(s) 'tutorial_dag' retrieved from /home/airflow/.local/lib/python3.12/site-packages/airflow/example_dags/tutorial_dag.py
[2024-09-09T08:19:40.082+0000] {logging_mixin.py:190} INFO - [2024-09-09T08:19:40.082+0000] {dag.py:3229} INFO - Sync 1 DAGs
[2024-09-09T08:19:40.098+0000] {logging_mixin.py:190} INFO - [2024-09-09T08:19:40.098+0000] {dag.py:4156} INFO - Setting next_dagrun for tutorial_dag to None, run_after=None
[2024-09-09T08:19:40.121+0000] {processor.py:208} INFO - Processing /home/airflow/.local/lib/python3.12/site-packages/airflow/example_dags/tutorial_dag.py took 0.083 seconds
[2024-09-09T08:20:11.134+0000] {processor.py:186} INFO - Started process (PID=9107) to work on /home/airflow/.local/lib/python3.12/site-packages/airflow/example_dags/tutorial_dag.py
[2024-09-09T08:20:11.135+0000] {processor.py:914} INFO - Processing file /home/airflow/.local/lib/python3.12/site-packages/airflow/example_dags/tutorial_dag.py for tasks to queue
[2024-09-09T08:20:11.136+0000] {logging_mixin.py:190} INFO - [2024-09-09T08:20:11.136+0000] {dagbag.py:587} INFO - Filling up the DagBag from /home/airflow/.local/lib/python3.12/site-packages/airflow/example_dags/tutorial_dag.py
[2024-09-09T08:20:11.143+0000] {processor.py:925} INFO - DAG(s) 'tutorial_dag' retrieved from /home/airflow/.local/lib/python3.12/site-packages/airflow/example_dags/tutorial_dag.py
[2024-09-09T08:20:11.164+0000] {logging_mixin.py:190} INFO - [2024-09-09T08:20:11.164+0000] {dag.py:3229} INFO - Sync 1 DAGs
[2024-09-09T08:20:11.180+0000] {logging_mixin.py:190} INFO - [2024-09-09T08:20:11.180+0000] {dag.py:4156} INFO - Setting next_dagrun for tutorial_dag to None, run_after=None
[2024-09-09T08:20:11.202+0000] {processor.py:208} INFO - Processing /home/airflow/.local/lib/python3.12/site-packages/airflow/example_dags/tutorial_dag.py took 0.073 seconds
[2024-09-09T08:20:41.475+0000] {processor.py:186} INFO - Started process (PID=9393) to work on /home/airflow/.local/lib/python3.12/site-packages/airflow/example_dags/tutorial_dag.py
[2024-09-09T08:20:41.477+0000] {processor.py:914} INFO - Processing file /home/airflow/.local/lib/python3.12/site-packages/airflow/example_dags/tutorial_dag.py for tasks to queue
[2024-09-09T08:20:41.480+0000] {logging_mixin.py:190} INFO - [2024-09-09T08:20:41.480+0000] {dagbag.py:587} INFO - Filling up the DagBag from /home/airflow/.local/lib/python3.12/site-packages/airflow/example_dags/tutorial_dag.py
[2024-09-09T08:20:41.490+0000] {processor.py:925} INFO - DAG(s) 'tutorial_dag' retrieved from /home/airflow/.local/lib/python3.12/site-packages/airflow/example_dags/tutorial_dag.py
[2024-09-09T08:20:41.514+0000] {logging_mixin.py:190} INFO - [2024-09-09T08:20:41.514+0000] {dag.py:3229} INFO - Sync 1 DAGs
[2024-09-09T08:20:41.533+0000] {logging_mixin.py:190} INFO - [2024-09-09T08:20:41.533+0000] {dag.py:4156} INFO - Setting next_dagrun for tutorial_dag to None, run_after=None
[2024-09-09T08:20:41.559+0000] {processor.py:208} INFO - Processing /home/airflow/.local/lib/python3.12/site-packages/airflow/example_dags/tutorial_dag.py took 0.092 seconds
[2024-09-09T08:21:11.970+0000] {processor.py:186} INFO - Started process (PID=9679) to work on /home/airflow/.local/lib/python3.12/site-packages/airflow/example_dags/tutorial_dag.py
[2024-09-09T08:21:11.972+0000] {processor.py:914} INFO - Processing file /home/airflow/.local/lib/python3.12/site-packages/airflow/example_dags/tutorial_dag.py for tasks to queue
[2024-09-09T08:21:11.975+0000] {logging_mixin.py:190} INFO - [2024-09-09T08:21:11.974+0000] {dagbag.py:587} INFO - Filling up the DagBag from /home/airflow/.local/lib/python3.12/site-packages/airflow/example_dags/tutorial_dag.py
[2024-09-09T08:21:11.981+0000] {processor.py:925} INFO - DAG(s) 'tutorial_dag' retrieved from /home/airflow/.local/lib/python3.12/site-packages/airflow/example_dags/tutorial_dag.py
[2024-09-09T08:21:12.006+0000] {logging_mixin.py:190} INFO - [2024-09-09T08:21:12.005+0000] {dag.py:3229} INFO - Sync 1 DAGs
[2024-09-09T08:21:12.021+0000] {logging_mixin.py:190} INFO - [2024-09-09T08:21:12.021+0000] {dag.py:4156} INFO - Setting next_dagrun for tutorial_dag to None, run_after=None
[2024-09-09T08:21:12.049+0000] {processor.py:208} INFO - Processing /home/airflow/.local/lib/python3.12/site-packages/airflow/example_dags/tutorial_dag.py took 0.084 seconds
[2024-09-09T08:21:42.726+0000] {processor.py:186} INFO - Started process (PID=9971) to work on /home/airflow/.local/lib/python3.12/site-packages/airflow/example_dags/tutorial_dag.py
[2024-09-09T08:21:42.727+0000] {processor.py:914} INFO - Processing file /home/airflow/.local/lib/python3.12/site-packages/airflow/example_dags/tutorial_dag.py for tasks to queue
[2024-09-09T08:21:42.730+0000] {logging_mixin.py:190} INFO - [2024-09-09T08:21:42.729+0000] {dagbag.py:587} INFO - Filling up the DagBag from /home/airflow/.local/lib/python3.12/site-packages/airflow/example_dags/tutorial_dag.py
[2024-09-09T08:21:42.738+0000] {processor.py:925} INFO - DAG(s) 'tutorial_dag' retrieved from /home/airflow/.local/lib/python3.12/site-packages/airflow/example_dags/tutorial_dag.py
[2024-09-09T08:21:42.759+0000] {logging_mixin.py:190} INFO - [2024-09-09T08:21:42.759+0000] {dag.py:3229} INFO - Sync 1 DAGs
[2024-09-09T08:21:42.776+0000] {logging_mixin.py:190} INFO - [2024-09-09T08:21:42.776+0000] {dag.py:4156} INFO - Setting next_dagrun for tutorial_dag to None, run_after=None
[2024-09-09T08:21:42.794+0000] {processor.py:208} INFO - Processing /home/airflow/.local/lib/python3.12/site-packages/airflow/example_dags/tutorial_dag.py took 0.076 seconds
[2024-09-09T08:22:13.590+0000] {processor.py:186} INFO - Started process (PID=10257) to work on /home/airflow/.local/lib/python3.12/site-packages/airflow/example_dags/tutorial_dag.py
[2024-09-09T08:22:13.591+0000] {processor.py:914} INFO - Processing file /home/airflow/.local/lib/python3.12/site-packages/airflow/example_dags/tutorial_dag.py for tasks to queue
[2024-09-09T08:22:13.594+0000] {logging_mixin.py:190} INFO - [2024-09-09T08:22:13.594+0000] {dagbag.py:587} INFO - Filling up the DagBag from /home/airflow/.local/lib/python3.12/site-packages/airflow/example_dags/tutorial_dag.py
[2024-09-09T08:22:13.601+0000] {processor.py:925} INFO - DAG(s) 'tutorial_dag' retrieved from /home/airflow/.local/lib/python3.12/site-packages/airflow/example_dags/tutorial_dag.py
[2024-09-09T08:22:13.620+0000] {logging_mixin.py:190} INFO - [2024-09-09T08:22:13.619+0000] {dag.py:3229} INFO - Sync 1 DAGs
[2024-09-09T08:22:13.633+0000] {logging_mixin.py:190} INFO - [2024-09-09T08:22:13.632+0000] {dag.py:4156} INFO - Setting next_dagrun for tutorial_dag to None, run_after=None
[2024-09-09T08:22:13.654+0000] {processor.py:208} INFO - Processing /home/airflow/.local/lib/python3.12/site-packages/airflow/example_dags/tutorial_dag.py took 0.070 seconds
[2024-09-09T08:22:44.183+0000] {processor.py:186} INFO - Started process (PID=10543) to work on /home/airflow/.local/lib/python3.12/site-packages/airflow/example_dags/tutorial_dag.py
[2024-09-09T08:22:44.184+0000] {processor.py:914} INFO - Processing file /home/airflow/.local/lib/python3.12/site-packages/airflow/example_dags/tutorial_dag.py for tasks to queue
[2024-09-09T08:22:44.186+0000] {logging_mixin.py:190} INFO - [2024-09-09T08:22:44.185+0000] {dagbag.py:587} INFO - Filling up the DagBag from /home/airflow/.local/lib/python3.12/site-packages/airflow/example_dags/tutorial_dag.py
[2024-09-09T08:22:44.192+0000] {processor.py:925} INFO - DAG(s) 'tutorial_dag' retrieved from /home/airflow/.local/lib/python3.12/site-packages/airflow/example_dags/tutorial_dag.py
[2024-09-09T08:22:44.208+0000] {logging_mixin.py:190} INFO - [2024-09-09T08:22:44.208+0000] {dag.py:3229} INFO - Sync 1 DAGs
[2024-09-09T08:22:44.222+0000] {logging_mixin.py:190} INFO - [2024-09-09T08:22:44.222+0000] {dag.py:4156} INFO - Setting next_dagrun for tutorial_dag to None, run_after=None
[2024-09-09T08:22:44.242+0000] {processor.py:208} INFO - Processing /home/airflow/.local/lib/python3.12/site-packages/airflow/example_dags/tutorial_dag.py took 0.064 seconds
[2024-09-09T08:23:14.761+0000] {processor.py:186} INFO - Started process (PID=10829) to work on /home/airflow/.local/lib/python3.12/site-packages/airflow/example_dags/tutorial_dag.py
[2024-09-09T08:23:14.762+0000] {processor.py:914} INFO - Processing file /home/airflow/.local/lib/python3.12/site-packages/airflow/example_dags/tutorial_dag.py for tasks to queue
[2024-09-09T08:23:14.765+0000] {logging_mixin.py:190} INFO - [2024-09-09T08:23:14.765+0000] {dagbag.py:587} INFO - Filling up the DagBag from /home/airflow/.local/lib/python3.12/site-packages/airflow/example_dags/tutorial_dag.py
[2024-09-09T08:23:14.771+0000] {processor.py:925} INFO - DAG(s) 'tutorial_dag' retrieved from /home/airflow/.local/lib/python3.12/site-packages/airflow/example_dags/tutorial_dag.py
[2024-09-09T08:23:14.788+0000] {logging_mixin.py:190} INFO - [2024-09-09T08:23:14.788+0000] {dag.py:3229} INFO - Sync 1 DAGs
[2024-09-09T08:23:14.802+0000] {logging_mixin.py:190} INFO - [2024-09-09T08:23:14.802+0000] {dag.py:4156} INFO - Setting next_dagrun for tutorial_dag to None, run_after=None
[2024-09-09T08:23:14.820+0000] {processor.py:208} INFO - Processing /home/airflow/.local/lib/python3.12/site-packages/airflow/example_dags/tutorial_dag.py took 0.063 seconds
[2024-09-09T08:23:45.953+0000] {processor.py:186} INFO - Started process (PID=11115) to work on /home/airflow/.local/lib/python3.12/site-packages/airflow/example_dags/tutorial_dag.py
[2024-09-09T08:23:45.954+0000] {processor.py:914} INFO - Processing file /home/airflow/.local/lib/python3.12/site-packages/airflow/example_dags/tutorial_dag.py for tasks to queue
[2024-09-09T08:23:45.957+0000] {logging_mixin.py:190} INFO - [2024-09-09T08:23:45.957+0000] {dagbag.py:587} INFO - Filling up the DagBag from /home/airflow/.local/lib/python3.12/site-packages/airflow/example_dags/tutorial_dag.py
[2024-09-09T08:23:45.965+0000] {processor.py:925} INFO - DAG(s) 'tutorial_dag' retrieved from /home/airflow/.local/lib/python3.12/site-packages/airflow/example_dags/tutorial_dag.py
[2024-09-09T08:23:45.984+0000] {logging_mixin.py:190} INFO - [2024-09-09T08:23:45.984+0000] {dag.py:3229} INFO - Sync 1 DAGs
[2024-09-09T08:23:45.997+0000] {logging_mixin.py:190} INFO - [2024-09-09T08:23:45.996+0000] {dag.py:4156} INFO - Setting next_dagrun for tutorial_dag to None, run_after=None
[2024-09-09T08:23:46.017+0000] {processor.py:208} INFO - Processing /home/airflow/.local/lib/python3.12/site-packages/airflow/example_dags/tutorial_dag.py took 0.070 seconds
[2024-09-09T08:24:16.339+0000] {processor.py:186} INFO - Started process (PID=11401) to work on /home/airflow/.local/lib/python3.12/site-packages/airflow/example_dags/tutorial_dag.py
[2024-09-09T08:24:16.340+0000] {processor.py:914} INFO - Processing file /home/airflow/.local/lib/python3.12/site-packages/airflow/example_dags/tutorial_dag.py for tasks to queue
[2024-09-09T08:24:16.342+0000] {logging_mixin.py:190} INFO - [2024-09-09T08:24:16.342+0000] {dagbag.py:587} INFO - Filling up the DagBag from /home/airflow/.local/lib/python3.12/site-packages/airflow/example_dags/tutorial_dag.py
[2024-09-09T08:24:16.350+0000] {processor.py:925} INFO - DAG(s) 'tutorial_dag' retrieved from /home/airflow/.local/lib/python3.12/site-packages/airflow/example_dags/tutorial_dag.py
[2024-09-09T08:24:16.366+0000] {logging_mixin.py:190} INFO - [2024-09-09T08:24:16.366+0000] {dag.py:3229} INFO - Sync 1 DAGs
[2024-09-09T08:24:16.378+0000] {logging_mixin.py:190} INFO - [2024-09-09T08:24:16.378+0000] {dag.py:4156} INFO - Setting next_dagrun for tutorial_dag to None, run_after=None
[2024-09-09T08:24:16.396+0000] {processor.py:208} INFO - Processing /home/airflow/.local/lib/python3.12/site-packages/airflow/example_dags/tutorial_dag.py took 0.062 seconds
[2024-09-09T08:24:46.499+0000] {processor.py:186} INFO - Started process (PID=11682) to work on /home/airflow/.local/lib/python3.12/site-packages/airflow/example_dags/tutorial_dag.py
[2024-09-09T08:24:46.500+0000] {processor.py:914} INFO - Processing file /home/airflow/.local/lib/python3.12/site-packages/airflow/example_dags/tutorial_dag.py for tasks to queue
[2024-09-09T08:24:46.502+0000] {logging_mixin.py:190} INFO - [2024-09-09T08:24:46.501+0000] {dagbag.py:587} INFO - Filling up the DagBag from /home/airflow/.local/lib/python3.12/site-packages/airflow/example_dags/tutorial_dag.py
[2024-09-09T08:24:46.508+0000] {processor.py:925} INFO - DAG(s) 'tutorial_dag' retrieved from /home/airflow/.local/lib/python3.12/site-packages/airflow/example_dags/tutorial_dag.py
[2024-09-09T08:24:46.524+0000] {logging_mixin.py:190} INFO - [2024-09-09T08:24:46.524+0000] {dag.py:3229} INFO - Sync 1 DAGs
[2024-09-09T08:24:46.535+0000] {logging_mixin.py:190} INFO - [2024-09-09T08:24:46.535+0000] {dag.py:4156} INFO - Setting next_dagrun for tutorial_dag to None, run_after=None
[2024-09-09T08:24:46.554+0000] {processor.py:208} INFO - Processing /home/airflow/.local/lib/python3.12/site-packages/airflow/example_dags/tutorial_dag.py took 0.060 seconds
[2024-09-09T08:25:16.938+0000] {processor.py:186} INFO - Started process (PID=11968) to work on /home/airflow/.local/lib/python3.12/site-packages/airflow/example_dags/tutorial_dag.py
[2024-09-09T08:25:16.939+0000] {processor.py:914} INFO - Processing file /home/airflow/.local/lib/python3.12/site-packages/airflow/example_dags/tutorial_dag.py for tasks to queue
[2024-09-09T08:25:16.941+0000] {logging_mixin.py:190} INFO - [2024-09-09T08:25:16.941+0000] {dagbag.py:587} INFO - Filling up the DagBag from /home/airflow/.local/lib/python3.12/site-packages/airflow/example_dags/tutorial_dag.py
[2024-09-09T08:25:16.947+0000] {processor.py:925} INFO - DAG(s) 'tutorial_dag' retrieved from /home/airflow/.local/lib/python3.12/site-packages/airflow/example_dags/tutorial_dag.py
[2024-09-09T08:25:16.965+0000] {logging_mixin.py:190} INFO - [2024-09-09T08:25:16.964+0000] {dag.py:3229} INFO - Sync 1 DAGs
[2024-09-09T08:25:16.978+0000] {logging_mixin.py:190} INFO - [2024-09-09T08:25:16.977+0000] {dag.py:4156} INFO - Setting next_dagrun for tutorial_dag to None, run_after=None
[2024-09-09T08:25:17.011+0000] {processor.py:208} INFO - Processing /home/airflow/.local/lib/python3.12/site-packages/airflow/example_dags/tutorial_dag.py took 0.077 seconds
[2024-09-09T08:25:47.160+0000] {processor.py:186} INFO - Started process (PID=12250) to work on /home/airflow/.local/lib/python3.12/site-packages/airflow/example_dags/tutorial_dag.py
[2024-09-09T08:25:47.161+0000] {processor.py:914} INFO - Processing file /home/airflow/.local/lib/python3.12/site-packages/airflow/example_dags/tutorial_dag.py for tasks to queue
[2024-09-09T08:25:47.163+0000] {logging_mixin.py:190} INFO - [2024-09-09T08:25:47.163+0000] {dagbag.py:587} INFO - Filling up the DagBag from /home/airflow/.local/lib/python3.12/site-packages/airflow/example_dags/tutorial_dag.py
[2024-09-09T08:25:47.169+0000] {processor.py:925} INFO - DAG(s) 'tutorial_dag' retrieved from /home/airflow/.local/lib/python3.12/site-packages/airflow/example_dags/tutorial_dag.py
[2024-09-09T08:25:47.192+0000] {logging_mixin.py:190} INFO - [2024-09-09T08:25:47.192+0000] {dag.py:3229} INFO - Sync 1 DAGs
[2024-09-09T08:25:47.204+0000] {logging_mixin.py:190} INFO - [2024-09-09T08:25:47.204+0000] {dag.py:4156} INFO - Setting next_dagrun for tutorial_dag to None, run_after=None
[2024-09-09T08:25:47.222+0000] {processor.py:208} INFO - Processing /home/airflow/.local/lib/python3.12/site-packages/airflow/example_dags/tutorial_dag.py took 0.066 seconds
[2024-09-09T08:26:17.329+0000] {processor.py:186} INFO - Started process (PID=12536) to work on /home/airflow/.local/lib/python3.12/site-packages/airflow/example_dags/tutorial_dag.py
[2024-09-09T08:26:17.329+0000] {processor.py:914} INFO - Processing file /home/airflow/.local/lib/python3.12/site-packages/airflow/example_dags/tutorial_dag.py for tasks to queue
[2024-09-09T08:26:17.331+0000] {logging_mixin.py:190} INFO - [2024-09-09T08:26:17.331+0000] {dagbag.py:587} INFO - Filling up the DagBag from /home/airflow/.local/lib/python3.12/site-packages/airflow/example_dags/tutorial_dag.py
[2024-09-09T08:26:17.337+0000] {processor.py:925} INFO - DAG(s) 'tutorial_dag' retrieved from /home/airflow/.local/lib/python3.12/site-packages/airflow/example_dags/tutorial_dag.py
[2024-09-09T08:26:17.354+0000] {logging_mixin.py:190} INFO - [2024-09-09T08:26:17.353+0000] {dag.py:3229} INFO - Sync 1 DAGs
[2024-09-09T08:26:17.365+0000] {logging_mixin.py:190} INFO - [2024-09-09T08:26:17.365+0000] {dag.py:4156} INFO - Setting next_dagrun for tutorial_dag to None, run_after=None
[2024-09-09T08:26:17.384+0000] {processor.py:208} INFO - Processing /home/airflow/.local/lib/python3.12/site-packages/airflow/example_dags/tutorial_dag.py took 0.061 seconds
[2024-09-09T08:26:47.823+0000] {processor.py:186} INFO - Started process (PID=12822) to work on /home/airflow/.local/lib/python3.12/site-packages/airflow/example_dags/tutorial_dag.py
[2024-09-09T08:26:47.824+0000] {processor.py:914} INFO - Processing file /home/airflow/.local/lib/python3.12/site-packages/airflow/example_dags/tutorial_dag.py for tasks to queue
[2024-09-09T08:26:47.827+0000] {logging_mixin.py:190} INFO - [2024-09-09T08:26:47.826+0000] {dagbag.py:587} INFO - Filling up the DagBag from /home/airflow/.local/lib/python3.12/site-packages/airflow/example_dags/tutorial_dag.py
[2024-09-09T08:26:47.832+0000] {processor.py:925} INFO - DAG(s) 'tutorial_dag' retrieved from /home/airflow/.local/lib/python3.12/site-packages/airflow/example_dags/tutorial_dag.py
[2024-09-09T08:26:47.852+0000] {logging_mixin.py:190} INFO - [2024-09-09T08:26:47.852+0000] {dag.py:3229} INFO - Sync 1 DAGs
[2024-09-09T08:26:47.869+0000] {logging_mixin.py:190} INFO - [2024-09-09T08:26:47.869+0000] {dag.py:4156} INFO - Setting next_dagrun for tutorial_dag to None, run_after=None
[2024-09-09T08:26:47.888+0000] {processor.py:208} INFO - Processing /home/airflow/.local/lib/python3.12/site-packages/airflow/example_dags/tutorial_dag.py took 0.069 seconds
[2024-09-09T08:27:18.559+0000] {processor.py:186} INFO - Started process (PID=13108) to work on /home/airflow/.local/lib/python3.12/site-packages/airflow/example_dags/tutorial_dag.py
[2024-09-09T08:27:18.560+0000] {processor.py:914} INFO - Processing file /home/airflow/.local/lib/python3.12/site-packages/airflow/example_dags/tutorial_dag.py for tasks to queue
[2024-09-09T08:27:18.563+0000] {logging_mixin.py:190} INFO - [2024-09-09T08:27:18.563+0000] {dagbag.py:587} INFO - Filling up the DagBag from /home/airflow/.local/lib/python3.12/site-packages/airflow/example_dags/tutorial_dag.py
[2024-09-09T08:27:18.570+0000] {processor.py:925} INFO - DAG(s) 'tutorial_dag' retrieved from /home/airflow/.local/lib/python3.12/site-packages/airflow/example_dags/tutorial_dag.py
[2024-09-09T08:27:18.590+0000] {logging_mixin.py:190} INFO - [2024-09-09T08:27:18.590+0000] {dag.py:3229} INFO - Sync 1 DAGs
[2024-09-09T08:27:18.603+0000] {logging_mixin.py:190} INFO - [2024-09-09T08:27:18.603+0000] {dag.py:4156} INFO - Setting next_dagrun for tutorial_dag to None, run_after=None
[2024-09-09T08:27:18.623+0000] {processor.py:208} INFO - Processing /home/airflow/.local/lib/python3.12/site-packages/airflow/example_dags/tutorial_dag.py took 0.069 seconds
[2024-09-09T08:27:49.362+0000] {processor.py:186} INFO - Started process (PID=13394) to work on /home/airflow/.local/lib/python3.12/site-packages/airflow/example_dags/tutorial_dag.py
[2024-09-09T08:27:49.363+0000] {processor.py:914} INFO - Processing file /home/airflow/.local/lib/python3.12/site-packages/airflow/example_dags/tutorial_dag.py for tasks to queue
[2024-09-09T08:27:49.366+0000] {logging_mixin.py:190} INFO - [2024-09-09T08:27:49.366+0000] {dagbag.py:587} INFO - Filling up the DagBag from /home/airflow/.local/lib/python3.12/site-packages/airflow/example_dags/tutorial_dag.py
[2024-09-09T08:27:49.373+0000] {processor.py:925} INFO - DAG(s) 'tutorial_dag' retrieved from /home/airflow/.local/lib/python3.12/site-packages/airflow/example_dags/tutorial_dag.py
[2024-09-09T08:27:49.394+0000] {logging_mixin.py:190} INFO - [2024-09-09T08:27:49.394+0000] {dag.py:3229} INFO - Sync 1 DAGs
[2024-09-09T08:27:49.409+0000] {logging_mixin.py:190} INFO - [2024-09-09T08:27:49.409+0000] {dag.py:4156} INFO - Setting next_dagrun for tutorial_dag to None, run_after=None
[2024-09-09T08:27:49.433+0000] {processor.py:208} INFO - Processing /home/airflow/.local/lib/python3.12/site-packages/airflow/example_dags/tutorial_dag.py took 0.077 seconds
[2024-09-09T08:28:19.658+0000] {processor.py:186} INFO - Started process (PID=13680) to work on /home/airflow/.local/lib/python3.12/site-packages/airflow/example_dags/tutorial_dag.py
[2024-09-09T08:28:19.659+0000] {processor.py:914} INFO - Processing file /home/airflow/.local/lib/python3.12/site-packages/airflow/example_dags/tutorial_dag.py for tasks to queue
[2024-09-09T08:28:19.661+0000] {logging_mixin.py:190} INFO - [2024-09-09T08:28:19.661+0000] {dagbag.py:587} INFO - Filling up the DagBag from /home/airflow/.local/lib/python3.12/site-packages/airflow/example_dags/tutorial_dag.py
[2024-09-09T08:28:19.668+0000] {processor.py:925} INFO - DAG(s) 'tutorial_dag' retrieved from /home/airflow/.local/lib/python3.12/site-packages/airflow/example_dags/tutorial_dag.py
[2024-09-09T08:28:19.688+0000] {logging_mixin.py:190} INFO - [2024-09-09T08:28:19.687+0000] {dag.py:3229} INFO - Sync 1 DAGs
[2024-09-09T08:28:19.703+0000] {logging_mixin.py:190} INFO - [2024-09-09T08:28:19.703+0000] {dag.py:4156} INFO - Setting next_dagrun for tutorial_dag to None, run_after=None
[2024-09-09T08:28:19.725+0000] {processor.py:208} INFO - Processing /home/airflow/.local/lib/python3.12/site-packages/airflow/example_dags/tutorial_dag.py took 0.072 seconds
[2024-09-09T08:28:50.250+0000] {processor.py:186} INFO - Started process (PID=13966) to work on /home/airflow/.local/lib/python3.12/site-packages/airflow/example_dags/tutorial_dag.py
[2024-09-09T08:28:50.257+0000] {processor.py:914} INFO - Processing file /home/airflow/.local/lib/python3.12/site-packages/airflow/example_dags/tutorial_dag.py for tasks to queue
[2024-09-09T08:28:50.262+0000] {logging_mixin.py:190} INFO - [2024-09-09T08:28:50.261+0000] {dagbag.py:587} INFO - Filling up the DagBag from /home/airflow/.local/lib/python3.12/site-packages/airflow/example_dags/tutorial_dag.py
[2024-09-09T08:28:50.274+0000] {processor.py:925} INFO - DAG(s) 'tutorial_dag' retrieved from /home/airflow/.local/lib/python3.12/site-packages/airflow/example_dags/tutorial_dag.py
[2024-09-09T08:28:50.316+0000] {logging_mixin.py:190} INFO - [2024-09-09T08:28:50.315+0000] {dag.py:3229} INFO - Sync 1 DAGs
[2024-09-09T08:28:50.349+0000] {logging_mixin.py:190} INFO - [2024-09-09T08:28:50.348+0000] {dag.py:4156} INFO - Setting next_dagrun for tutorial_dag to None, run_after=None
[2024-09-09T08:28:50.381+0000] {processor.py:208} INFO - Processing /home/airflow/.local/lib/python3.12/site-packages/airflow/example_dags/tutorial_dag.py took 0.138 seconds
[2024-09-09T08:29:20.572+0000] {processor.py:186} INFO - Started process (PID=14252) to work on /home/airflow/.local/lib/python3.12/site-packages/airflow/example_dags/tutorial_dag.py
[2024-09-09T08:29:20.576+0000] {processor.py:914} INFO - Processing file /home/airflow/.local/lib/python3.12/site-packages/airflow/example_dags/tutorial_dag.py for tasks to queue
[2024-09-09T08:29:20.579+0000] {logging_mixin.py:190} INFO - [2024-09-09T08:29:20.579+0000] {dagbag.py:587} INFO - Filling up the DagBag from /home/airflow/.local/lib/python3.12/site-packages/airflow/example_dags/tutorial_dag.py
[2024-09-09T08:29:20.593+0000] {processor.py:925} INFO - DAG(s) 'tutorial_dag' retrieved from /home/airflow/.local/lib/python3.12/site-packages/airflow/example_dags/tutorial_dag.py
[2024-09-09T08:29:20.622+0000] {logging_mixin.py:190} INFO - [2024-09-09T08:29:20.622+0000] {dag.py:3229} INFO - Sync 1 DAGs
[2024-09-09T08:29:20.647+0000] {logging_mixin.py:190} INFO - [2024-09-09T08:29:20.647+0000] {dag.py:4156} INFO - Setting next_dagrun for tutorial_dag to None, run_after=None
[2024-09-09T08:29:20.825+0000] {processor.py:208} INFO - Processing /home/airflow/.local/lib/python3.12/site-packages/airflow/example_dags/tutorial_dag.py took 0.261 seconds
[2024-09-09T08:29:50.974+0000] {processor.py:186} INFO - Started process (PID=14535) to work on /home/airflow/.local/lib/python3.12/site-packages/airflow/example_dags/tutorial_dag.py
[2024-09-09T08:29:50.976+0000] {processor.py:914} INFO - Processing file /home/airflow/.local/lib/python3.12/site-packages/airflow/example_dags/tutorial_dag.py for tasks to queue
[2024-09-09T08:29:50.984+0000] {logging_mixin.py:190} INFO - [2024-09-09T08:29:50.982+0000] {dagbag.py:587} INFO - Filling up the DagBag from /home/airflow/.local/lib/python3.12/site-packages/airflow/example_dags/tutorial_dag.py
[2024-09-09T08:29:50.996+0000] {processor.py:925} INFO - DAG(s) 'tutorial_dag' retrieved from /home/airflow/.local/lib/python3.12/site-packages/airflow/example_dags/tutorial_dag.py
[2024-09-09T08:29:51.033+0000] {logging_mixin.py:190} INFO - [2024-09-09T08:29:51.032+0000] {dag.py:3229} INFO - Sync 1 DAGs
[2024-09-09T08:29:51.072+0000] {logging_mixin.py:190} INFO - [2024-09-09T08:29:51.072+0000] {dag.py:4156} INFO - Setting next_dagrun for tutorial_dag to None, run_after=None
[2024-09-09T08:29:51.102+0000] {processor.py:208} INFO - Processing /home/airflow/.local/lib/python3.12/site-packages/airflow/example_dags/tutorial_dag.py took 0.135 seconds
[2024-09-09T08:30:21.341+0000] {processor.py:186} INFO - Started process (PID=14821) to work on /home/airflow/.local/lib/python3.12/site-packages/airflow/example_dags/tutorial_dag.py
[2024-09-09T08:30:21.342+0000] {processor.py:914} INFO - Processing file /home/airflow/.local/lib/python3.12/site-packages/airflow/example_dags/tutorial_dag.py for tasks to queue
[2024-09-09T08:30:21.346+0000] {logging_mixin.py:190} INFO - [2024-09-09T08:30:21.345+0000] {dagbag.py:587} INFO - Filling up the DagBag from /home/airflow/.local/lib/python3.12/site-packages/airflow/example_dags/tutorial_dag.py
[2024-09-09T08:30:21.353+0000] {processor.py:925} INFO - DAG(s) 'tutorial_dag' retrieved from /home/airflow/.local/lib/python3.12/site-packages/airflow/example_dags/tutorial_dag.py
[2024-09-09T08:30:21.375+0000] {logging_mixin.py:190} INFO - [2024-09-09T08:30:21.375+0000] {dag.py:3229} INFO - Sync 1 DAGs
[2024-09-09T08:30:21.392+0000] {logging_mixin.py:190} INFO - [2024-09-09T08:30:21.392+0000] {dag.py:4156} INFO - Setting next_dagrun for tutorial_dag to None, run_after=None
[2024-09-09T08:30:21.414+0000] {processor.py:208} INFO - Processing /home/airflow/.local/lib/python3.12/site-packages/airflow/example_dags/tutorial_dag.py took 0.080 seconds
[2024-09-09T08:30:52.328+0000] {processor.py:186} INFO - Started process (PID=15110) to work on /home/airflow/.local/lib/python3.12/site-packages/airflow/example_dags/tutorial_dag.py
[2024-09-09T08:30:52.356+0000] {processor.py:914} INFO - Processing file /home/airflow/.local/lib/python3.12/site-packages/airflow/example_dags/tutorial_dag.py for tasks to queue
[2024-09-09T08:30:52.370+0000] {logging_mixin.py:190} INFO - [2024-09-09T08:30:52.370+0000] {dagbag.py:587} INFO - Filling up the DagBag from /home/airflow/.local/lib/python3.12/site-packages/airflow/example_dags/tutorial_dag.py
[2024-09-09T08:30:52.386+0000] {processor.py:925} INFO - DAG(s) 'tutorial_dag' retrieved from /home/airflow/.local/lib/python3.12/site-packages/airflow/example_dags/tutorial_dag.py
[2024-09-09T08:30:52.408+0000] {logging_mixin.py:190} INFO - [2024-09-09T08:30:52.408+0000] {dag.py:3229} INFO - Sync 1 DAGs
[2024-09-09T08:30:52.425+0000] {logging_mixin.py:190} INFO - [2024-09-09T08:30:52.425+0000] {dag.py:4156} INFO - Setting next_dagrun for tutorial_dag to None, run_after=None
[2024-09-09T08:30:52.446+0000] {processor.py:208} INFO - Processing /home/airflow/.local/lib/python3.12/site-packages/airflow/example_dags/tutorial_dag.py took 0.126 seconds
[2024-09-09T08:31:22.652+0000] {processor.py:186} INFO - Started process (PID=15396) to work on /home/airflow/.local/lib/python3.12/site-packages/airflow/example_dags/tutorial_dag.py
[2024-09-09T08:31:22.653+0000] {processor.py:914} INFO - Processing file /home/airflow/.local/lib/python3.12/site-packages/airflow/example_dags/tutorial_dag.py for tasks to queue
[2024-09-09T08:31:22.655+0000] {logging_mixin.py:190} INFO - [2024-09-09T08:31:22.654+0000] {dagbag.py:587} INFO - Filling up the DagBag from /home/airflow/.local/lib/python3.12/site-packages/airflow/example_dags/tutorial_dag.py
[2024-09-09T08:31:22.661+0000] {processor.py:925} INFO - DAG(s) 'tutorial_dag' retrieved from /home/airflow/.local/lib/python3.12/site-packages/airflow/example_dags/tutorial_dag.py
[2024-09-09T08:31:22.682+0000] {logging_mixin.py:190} INFO - [2024-09-09T08:31:22.681+0000] {dag.py:3229} INFO - Sync 1 DAGs
[2024-09-09T08:31:22.698+0000] {logging_mixin.py:190} INFO - [2024-09-09T08:31:22.698+0000] {dag.py:4156} INFO - Setting next_dagrun for tutorial_dag to None, run_after=None
[2024-09-09T08:31:22.722+0000] {processor.py:208} INFO - Processing /home/airflow/.local/lib/python3.12/site-packages/airflow/example_dags/tutorial_dag.py took 0.076 seconds
[2024-09-09T08:31:52.931+0000] {processor.py:186} INFO - Started process (PID=15682) to work on /home/airflow/.local/lib/python3.12/site-packages/airflow/example_dags/tutorial_dag.py
[2024-09-09T08:31:52.932+0000] {processor.py:914} INFO - Processing file /home/airflow/.local/lib/python3.12/site-packages/airflow/example_dags/tutorial_dag.py for tasks to queue
[2024-09-09T08:31:52.935+0000] {logging_mixin.py:190} INFO - [2024-09-09T08:31:52.935+0000] {dagbag.py:587} INFO - Filling up the DagBag from /home/airflow/.local/lib/python3.12/site-packages/airflow/example_dags/tutorial_dag.py
[2024-09-09T08:31:52.943+0000] {processor.py:925} INFO - DAG(s) 'tutorial_dag' retrieved from /home/airflow/.local/lib/python3.12/site-packages/airflow/example_dags/tutorial_dag.py
[2024-09-09T08:31:52.970+0000] {logging_mixin.py:190} INFO - [2024-09-09T08:31:52.970+0000] {dag.py:3229} INFO - Sync 1 DAGs
[2024-09-09T08:31:53.007+0000] {logging_mixin.py:190} INFO - [2024-09-09T08:31:53.006+0000] {dag.py:4156} INFO - Setting next_dagrun for tutorial_dag to None, run_after=None
[2024-09-09T08:31:53.026+0000] {processor.py:208} INFO - Processing /home/airflow/.local/lib/python3.12/site-packages/airflow/example_dags/tutorial_dag.py took 0.102 seconds
[2024-09-09T08:32:23.107+0000] {processor.py:186} INFO - Started process (PID=15968) to work on /home/airflow/.local/lib/python3.12/site-packages/airflow/example_dags/tutorial_dag.py
[2024-09-09T08:32:23.108+0000] {processor.py:914} INFO - Processing file /home/airflow/.local/lib/python3.12/site-packages/airflow/example_dags/tutorial_dag.py for tasks to queue
[2024-09-09T08:32:23.111+0000] {logging_mixin.py:190} INFO - [2024-09-09T08:32:23.111+0000] {dagbag.py:587} INFO - Filling up the DagBag from /home/airflow/.local/lib/python3.12/site-packages/airflow/example_dags/tutorial_dag.py
[2024-09-09T08:32:23.120+0000] {processor.py:925} INFO - DAG(s) 'tutorial_dag' retrieved from /home/airflow/.local/lib/python3.12/site-packages/airflow/example_dags/tutorial_dag.py
[2024-09-09T08:32:23.141+0000] {logging_mixin.py:190} INFO - [2024-09-09T08:32:23.140+0000] {dag.py:3229} INFO - Sync 1 DAGs
[2024-09-09T08:32:23.155+0000] {logging_mixin.py:190} INFO - [2024-09-09T08:32:23.155+0000] {dag.py:4156} INFO - Setting next_dagrun for tutorial_dag to None, run_after=None
[2024-09-09T08:32:23.178+0000] {processor.py:208} INFO - Processing /home/airflow/.local/lib/python3.12/site-packages/airflow/example_dags/tutorial_dag.py took 0.076 seconds
[2024-09-09T08:32:54.074+0000] {processor.py:186} INFO - Started process (PID=16253) to work on /home/airflow/.local/lib/python3.12/site-packages/airflow/example_dags/tutorial_dag.py
[2024-09-09T08:32:54.075+0000] {processor.py:914} INFO - Processing file /home/airflow/.local/lib/python3.12/site-packages/airflow/example_dags/tutorial_dag.py for tasks to queue
[2024-09-09T08:32:54.077+0000] {logging_mixin.py:190} INFO - [2024-09-09T08:32:54.077+0000] {dagbag.py:587} INFO - Filling up the DagBag from /home/airflow/.local/lib/python3.12/site-packages/airflow/example_dags/tutorial_dag.py
[2024-09-09T08:32:54.083+0000] {processor.py:925} INFO - DAG(s) 'tutorial_dag' retrieved from /home/airflow/.local/lib/python3.12/site-packages/airflow/example_dags/tutorial_dag.py
[2024-09-09T08:32:54.100+0000] {logging_mixin.py:190} INFO - [2024-09-09T08:32:54.100+0000] {dag.py:3229} INFO - Sync 1 DAGs
[2024-09-09T08:32:54.114+0000] {logging_mixin.py:190} INFO - [2024-09-09T08:32:54.113+0000] {dag.py:4156} INFO - Setting next_dagrun for tutorial_dag to None, run_after=None
[2024-09-09T08:32:54.138+0000] {processor.py:208} INFO - Processing /home/airflow/.local/lib/python3.12/site-packages/airflow/example_dags/tutorial_dag.py took 0.068 seconds
[2024-09-09T08:33:24.199+0000] {processor.py:186} INFO - Started process (PID=16539) to work on /home/airflow/.local/lib/python3.12/site-packages/airflow/example_dags/tutorial_dag.py
[2024-09-09T08:33:24.201+0000] {processor.py:914} INFO - Processing file /home/airflow/.local/lib/python3.12/site-packages/airflow/example_dags/tutorial_dag.py for tasks to queue
[2024-09-09T08:33:24.203+0000] {logging_mixin.py:190} INFO - [2024-09-09T08:33:24.203+0000] {dagbag.py:587} INFO - Filling up the DagBag from /home/airflow/.local/lib/python3.12/site-packages/airflow/example_dags/tutorial_dag.py
[2024-09-09T08:33:24.210+0000] {processor.py:925} INFO - DAG(s) 'tutorial_dag' retrieved from /home/airflow/.local/lib/python3.12/site-packages/airflow/example_dags/tutorial_dag.py
[2024-09-09T08:33:24.234+0000] {logging_mixin.py:190} INFO - [2024-09-09T08:33:24.233+0000] {dag.py:3229} INFO - Sync 1 DAGs
[2024-09-09T08:33:24.469+0000] {logging_mixin.py:190} INFO - [2024-09-09T08:33:24.469+0000] {dag.py:4156} INFO - Setting next_dagrun for tutorial_dag to None, run_after=None
[2024-09-09T08:33:24.491+0000] {processor.py:208} INFO - Processing /home/airflow/.local/lib/python3.12/site-packages/airflow/example_dags/tutorial_dag.py took 0.297 seconds
[2024-09-09T08:33:54.619+0000] {processor.py:186} INFO - Started process (PID=16825) to work on /home/airflow/.local/lib/python3.12/site-packages/airflow/example_dags/tutorial_dag.py
[2024-09-09T08:33:54.620+0000] {processor.py:914} INFO - Processing file /home/airflow/.local/lib/python3.12/site-packages/airflow/example_dags/tutorial_dag.py for tasks to queue
[2024-09-09T08:33:54.622+0000] {logging_mixin.py:190} INFO - [2024-09-09T08:33:54.622+0000] {dagbag.py:587} INFO - Filling up the DagBag from /home/airflow/.local/lib/python3.12/site-packages/airflow/example_dags/tutorial_dag.py
[2024-09-09T08:33:54.628+0000] {processor.py:925} INFO - DAG(s) 'tutorial_dag' retrieved from /home/airflow/.local/lib/python3.12/site-packages/airflow/example_dags/tutorial_dag.py
[2024-09-09T08:33:54.649+0000] {logging_mixin.py:190} INFO - [2024-09-09T08:33:54.648+0000] {dag.py:3229} INFO - Sync 1 DAGs
[2024-09-09T08:33:54.661+0000] {logging_mixin.py:190} INFO - [2024-09-09T08:33:54.661+0000] {dag.py:4156} INFO - Setting next_dagrun for tutorial_dag to None, run_after=None
[2024-09-09T08:33:54.681+0000] {processor.py:208} INFO - Processing /home/airflow/.local/lib/python3.12/site-packages/airflow/example_dags/tutorial_dag.py took 0.068 seconds
[2024-09-09T08:34:25.039+0000] {processor.py:186} INFO - Started process (PID=17111) to work on /home/airflow/.local/lib/python3.12/site-packages/airflow/example_dags/tutorial_dag.py
[2024-09-09T08:34:25.040+0000] {processor.py:914} INFO - Processing file /home/airflow/.local/lib/python3.12/site-packages/airflow/example_dags/tutorial_dag.py for tasks to queue
[2024-09-09T08:34:25.042+0000] {logging_mixin.py:190} INFO - [2024-09-09T08:34:25.042+0000] {dagbag.py:587} INFO - Filling up the DagBag from /home/airflow/.local/lib/python3.12/site-packages/airflow/example_dags/tutorial_dag.py
[2024-09-09T08:34:25.050+0000] {processor.py:925} INFO - DAG(s) 'tutorial_dag' retrieved from /home/airflow/.local/lib/python3.12/site-packages/airflow/example_dags/tutorial_dag.py
[2024-09-09T08:34:25.069+0000] {logging_mixin.py:190} INFO - [2024-09-09T08:34:25.068+0000] {dag.py:3229} INFO - Sync 1 DAGs
[2024-09-09T08:34:25.082+0000] {logging_mixin.py:190} INFO - [2024-09-09T08:34:25.082+0000] {dag.py:4156} INFO - Setting next_dagrun for tutorial_dag to None, run_after=None
[2024-09-09T08:34:25.102+0000] {processor.py:208} INFO - Processing /home/airflow/.local/lib/python3.12/site-packages/airflow/example_dags/tutorial_dag.py took 0.068 seconds
[2024-09-09T08:34:55.869+0000] {processor.py:186} INFO - Started process (PID=17397) to work on /home/airflow/.local/lib/python3.12/site-packages/airflow/example_dags/tutorial_dag.py
[2024-09-09T08:34:55.870+0000] {processor.py:914} INFO - Processing file /home/airflow/.local/lib/python3.12/site-packages/airflow/example_dags/tutorial_dag.py for tasks to queue
[2024-09-09T08:34:55.873+0000] {logging_mixin.py:190} INFO - [2024-09-09T08:34:55.873+0000] {dagbag.py:587} INFO - Filling up the DagBag from /home/airflow/.local/lib/python3.12/site-packages/airflow/example_dags/tutorial_dag.py
[2024-09-09T08:34:55.880+0000] {processor.py:925} INFO - DAG(s) 'tutorial_dag' retrieved from /home/airflow/.local/lib/python3.12/site-packages/airflow/example_dags/tutorial_dag.py
[2024-09-09T08:34:55.911+0000] {logging_mixin.py:190} INFO - [2024-09-09T08:34:55.910+0000] {dag.py:3229} INFO - Sync 1 DAGs
[2024-09-09T08:34:55.924+0000] {logging_mixin.py:190} INFO - [2024-09-09T08:34:55.924+0000] {dag.py:4156} INFO - Setting next_dagrun for tutorial_dag to None, run_after=None
[2024-09-09T08:34:55.945+0000] {processor.py:208} INFO - Processing /home/airflow/.local/lib/python3.12/site-packages/airflow/example_dags/tutorial_dag.py took 0.082 seconds
[2024-09-09T08:35:26.145+0000] {processor.py:186} INFO - Started process (PID=17683) to work on /home/airflow/.local/lib/python3.12/site-packages/airflow/example_dags/tutorial_dag.py
[2024-09-09T08:35:26.146+0000] {processor.py:914} INFO - Processing file /home/airflow/.local/lib/python3.12/site-packages/airflow/example_dags/tutorial_dag.py for tasks to queue
[2024-09-09T08:35:26.148+0000] {logging_mixin.py:190} INFO - [2024-09-09T08:35:26.148+0000] {dagbag.py:587} INFO - Filling up the DagBag from /home/airflow/.local/lib/python3.12/site-packages/airflow/example_dags/tutorial_dag.py
[2024-09-09T08:35:26.156+0000] {processor.py:925} INFO - DAG(s) 'tutorial_dag' retrieved from /home/airflow/.local/lib/python3.12/site-packages/airflow/example_dags/tutorial_dag.py
[2024-09-09T08:35:26.174+0000] {logging_mixin.py:190} INFO - [2024-09-09T08:35:26.174+0000] {dag.py:3229} INFO - Sync 1 DAGs
[2024-09-09T08:35:26.187+0000] {logging_mixin.py:190} INFO - [2024-09-09T08:35:26.187+0000] {dag.py:4156} INFO - Setting next_dagrun for tutorial_dag to None, run_after=None
[2024-09-09T08:35:26.207+0000] {processor.py:208} INFO - Processing /home/airflow/.local/lib/python3.12/site-packages/airflow/example_dags/tutorial_dag.py took 0.066 seconds
[2024-09-09T08:35:56.361+0000] {processor.py:186} INFO - Started process (PID=17969) to work on /home/airflow/.local/lib/python3.12/site-packages/airflow/example_dags/tutorial_dag.py
[2024-09-09T08:35:56.362+0000] {processor.py:914} INFO - Processing file /home/airflow/.local/lib/python3.12/site-packages/airflow/example_dags/tutorial_dag.py for tasks to queue
[2024-09-09T08:35:56.366+0000] {logging_mixin.py:190} INFO - [2024-09-09T08:35:56.366+0000] {dagbag.py:587} INFO - Filling up the DagBag from /home/airflow/.local/lib/python3.12/site-packages/airflow/example_dags/tutorial_dag.py
[2024-09-09T08:35:56.378+0000] {processor.py:925} INFO - DAG(s) 'tutorial_dag' retrieved from /home/airflow/.local/lib/python3.12/site-packages/airflow/example_dags/tutorial_dag.py
[2024-09-09T08:35:56.407+0000] {logging_mixin.py:190} INFO - [2024-09-09T08:35:56.407+0000] {dag.py:3229} INFO - Sync 1 DAGs
[2024-09-09T08:35:56.424+0000] {logging_mixin.py:190} INFO - [2024-09-09T08:35:56.424+0000] {dag.py:4156} INFO - Setting next_dagrun for tutorial_dag to None, run_after=None
[2024-09-09T08:35:56.448+0000] {processor.py:208} INFO - Processing /home/airflow/.local/lib/python3.12/site-packages/airflow/example_dags/tutorial_dag.py took 0.098 seconds
[2024-09-09T08:36:26.523+0000] {processor.py:186} INFO - Started process (PID=18255) to work on /home/airflow/.local/lib/python3.12/site-packages/airflow/example_dags/tutorial_dag.py
[2024-09-09T08:36:26.524+0000] {processor.py:914} INFO - Processing file /home/airflow/.local/lib/python3.12/site-packages/airflow/example_dags/tutorial_dag.py for tasks to queue
[2024-09-09T08:36:26.526+0000] {logging_mixin.py:190} INFO - [2024-09-09T08:36:26.526+0000] {dagbag.py:587} INFO - Filling up the DagBag from /home/airflow/.local/lib/python3.12/site-packages/airflow/example_dags/tutorial_dag.py
[2024-09-09T08:36:26.539+0000] {processor.py:925} INFO - DAG(s) 'tutorial_dag' retrieved from /home/airflow/.local/lib/python3.12/site-packages/airflow/example_dags/tutorial_dag.py
[2024-09-09T08:36:26.559+0000] {logging_mixin.py:190} INFO - [2024-09-09T08:36:26.559+0000] {dag.py:3229} INFO - Sync 1 DAGs
[2024-09-09T08:36:26.572+0000] {logging_mixin.py:190} INFO - [2024-09-09T08:36:26.572+0000] {dag.py:4156} INFO - Setting next_dagrun for tutorial_dag to None, run_after=None
[2024-09-09T08:36:26.593+0000] {processor.py:208} INFO - Processing /home/airflow/.local/lib/python3.12/site-packages/airflow/example_dags/tutorial_dag.py took 0.075 seconds
[2024-09-09T08:36:57.384+0000] {processor.py:186} INFO - Started process (PID=18541) to work on /home/airflow/.local/lib/python3.12/site-packages/airflow/example_dags/tutorial_dag.py
[2024-09-09T08:36:57.386+0000] {processor.py:914} INFO - Processing file /home/airflow/.local/lib/python3.12/site-packages/airflow/example_dags/tutorial_dag.py for tasks to queue
[2024-09-09T08:36:57.390+0000] {logging_mixin.py:190} INFO - [2024-09-09T08:36:57.389+0000] {dagbag.py:587} INFO - Filling up the DagBag from /home/airflow/.local/lib/python3.12/site-packages/airflow/example_dags/tutorial_dag.py
[2024-09-09T08:36:57.400+0000] {processor.py:925} INFO - DAG(s) 'tutorial_dag' retrieved from /home/airflow/.local/lib/python3.12/site-packages/airflow/example_dags/tutorial_dag.py
[2024-09-09T08:36:57.420+0000] {logging_mixin.py:190} INFO - [2024-09-09T08:36:57.420+0000] {dag.py:3229} INFO - Sync 1 DAGs
[2024-09-09T08:36:57.433+0000] {logging_mixin.py:190} INFO - [2024-09-09T08:36:57.433+0000] {dag.py:4156} INFO - Setting next_dagrun for tutorial_dag to None, run_after=None
[2024-09-09T08:36:57.453+0000] {processor.py:208} INFO - Processing /home/airflow/.local/lib/python3.12/site-packages/airflow/example_dags/tutorial_dag.py took 0.077 seconds
[2024-09-09T08:37:27.614+0000] {processor.py:186} INFO - Started process (PID=18827) to work on /home/airflow/.local/lib/python3.12/site-packages/airflow/example_dags/tutorial_dag.py
[2024-09-09T08:37:27.615+0000] {processor.py:914} INFO - Processing file /home/airflow/.local/lib/python3.12/site-packages/airflow/example_dags/tutorial_dag.py for tasks to queue
[2024-09-09T08:37:27.617+0000] {logging_mixin.py:190} INFO - [2024-09-09T08:37:27.617+0000] {dagbag.py:587} INFO - Filling up the DagBag from /home/airflow/.local/lib/python3.12/site-packages/airflow/example_dags/tutorial_dag.py
[2024-09-09T08:37:27.623+0000] {processor.py:925} INFO - DAG(s) 'tutorial_dag' retrieved from /home/airflow/.local/lib/python3.12/site-packages/airflow/example_dags/tutorial_dag.py
[2024-09-09T08:37:27.644+0000] {logging_mixin.py:190} INFO - [2024-09-09T08:37:27.644+0000] {dag.py:3229} INFO - Sync 1 DAGs
[2024-09-09T08:37:27.657+0000] {logging_mixin.py:190} INFO - [2024-09-09T08:37:27.657+0000] {dag.py:4156} INFO - Setting next_dagrun for tutorial_dag to None, run_after=None
[2024-09-09T08:37:27.676+0000] {processor.py:208} INFO - Processing /home/airflow/.local/lib/python3.12/site-packages/airflow/example_dags/tutorial_dag.py took 0.067 seconds
[2024-09-09T08:37:58.386+0000] {processor.py:186} INFO - Started process (PID=19113) to work on /home/airflow/.local/lib/python3.12/site-packages/airflow/example_dags/tutorial_dag.py
[2024-09-09T08:37:58.387+0000] {processor.py:914} INFO - Processing file /home/airflow/.local/lib/python3.12/site-packages/airflow/example_dags/tutorial_dag.py for tasks to queue
[2024-09-09T08:37:58.390+0000] {logging_mixin.py:190} INFO - [2024-09-09T08:37:58.389+0000] {dagbag.py:587} INFO - Filling up the DagBag from /home/airflow/.local/lib/python3.12/site-packages/airflow/example_dags/tutorial_dag.py
[2024-09-09T08:37:58.397+0000] {processor.py:925} INFO - DAG(s) 'tutorial_dag' retrieved from /home/airflow/.local/lib/python3.12/site-packages/airflow/example_dags/tutorial_dag.py
[2024-09-09T08:37:58.417+0000] {logging_mixin.py:190} INFO - [2024-09-09T08:37:58.417+0000] {dag.py:3229} INFO - Sync 1 DAGs
[2024-09-09T08:37:58.430+0000] {logging_mixin.py:190} INFO - [2024-09-09T08:37:58.430+0000] {dag.py:4156} INFO - Setting next_dagrun for tutorial_dag to None, run_after=None
[2024-09-09T08:37:58.450+0000] {processor.py:208} INFO - Processing /home/airflow/.local/lib/python3.12/site-packages/airflow/example_dags/tutorial_dag.py took 0.069 seconds
[2024-09-09T08:38:28.988+0000] {processor.py:186} INFO - Started process (PID=19399) to work on /home/airflow/.local/lib/python3.12/site-packages/airflow/example_dags/tutorial_dag.py
[2024-09-09T08:38:28.989+0000] {processor.py:914} INFO - Processing file /home/airflow/.local/lib/python3.12/site-packages/airflow/example_dags/tutorial_dag.py for tasks to queue
[2024-09-09T08:38:28.992+0000] {logging_mixin.py:190} INFO - [2024-09-09T08:38:28.991+0000] {dagbag.py:587} INFO - Filling up the DagBag from /home/airflow/.local/lib/python3.12/site-packages/airflow/example_dags/tutorial_dag.py
[2024-09-09T08:38:28.998+0000] {processor.py:925} INFO - DAG(s) 'tutorial_dag' retrieved from /home/airflow/.local/lib/python3.12/site-packages/airflow/example_dags/tutorial_dag.py
[2024-09-09T08:38:29.017+0000] {logging_mixin.py:190} INFO - [2024-09-09T08:38:29.017+0000] {dag.py:3229} INFO - Sync 1 DAGs
[2024-09-09T08:38:29.034+0000] {logging_mixin.py:190} INFO - [2024-09-09T08:38:29.033+0000] {dag.py:4156} INFO - Setting next_dagrun for tutorial_dag to None, run_after=None
[2024-09-09T08:38:29.056+0000] {processor.py:208} INFO - Processing /home/airflow/.local/lib/python3.12/site-packages/airflow/example_dags/tutorial_dag.py took 0.076 seconds
[2024-09-09T08:38:59.521+0000] {processor.py:186} INFO - Started process (PID=19685) to work on /home/airflow/.local/lib/python3.12/site-packages/airflow/example_dags/tutorial_dag.py
[2024-09-09T08:38:59.522+0000] {processor.py:914} INFO - Processing file /home/airflow/.local/lib/python3.12/site-packages/airflow/example_dags/tutorial_dag.py for tasks to queue
[2024-09-09T08:38:59.525+0000] {logging_mixin.py:190} INFO - [2024-09-09T08:38:59.524+0000] {dagbag.py:587} INFO - Filling up the DagBag from /home/airflow/.local/lib/python3.12/site-packages/airflow/example_dags/tutorial_dag.py
[2024-09-09T08:38:59.532+0000] {processor.py:925} INFO - DAG(s) 'tutorial_dag' retrieved from /home/airflow/.local/lib/python3.12/site-packages/airflow/example_dags/tutorial_dag.py
[2024-09-09T08:38:59.555+0000] {logging_mixin.py:190} INFO - [2024-09-09T08:38:59.554+0000] {dag.py:3229} INFO - Sync 1 DAGs
[2024-09-09T08:38:59.569+0000] {logging_mixin.py:190} INFO - [2024-09-09T08:38:59.569+0000] {dag.py:4156} INFO - Setting next_dagrun for tutorial_dag to None, run_after=None
[2024-09-09T08:38:59.591+0000] {processor.py:208} INFO - Processing /home/airflow/.local/lib/python3.12/site-packages/airflow/example_dags/tutorial_dag.py took 0.076 seconds
[2024-09-09T08:39:29.721+0000] {processor.py:186} INFO - Started process (PID=19971) to work on /home/airflow/.local/lib/python3.12/site-packages/airflow/example_dags/tutorial_dag.py
[2024-09-09T08:39:29.722+0000] {processor.py:914} INFO - Processing file /home/airflow/.local/lib/python3.12/site-packages/airflow/example_dags/tutorial_dag.py for tasks to queue
[2024-09-09T08:39:29.725+0000] {logging_mixin.py:190} INFO - [2024-09-09T08:39:29.725+0000] {dagbag.py:587} INFO - Filling up the DagBag from /home/airflow/.local/lib/python3.12/site-packages/airflow/example_dags/tutorial_dag.py
[2024-09-09T08:39:29.731+0000] {processor.py:925} INFO - DAG(s) 'tutorial_dag' retrieved from /home/airflow/.local/lib/python3.12/site-packages/airflow/example_dags/tutorial_dag.py
[2024-09-09T08:39:29.750+0000] {logging_mixin.py:190} INFO - [2024-09-09T08:39:29.750+0000] {dag.py:3229} INFO - Sync 1 DAGs
[2024-09-09T08:39:29.763+0000] {logging_mixin.py:190} INFO - [2024-09-09T08:39:29.763+0000] {dag.py:4156} INFO - Setting next_dagrun for tutorial_dag to None, run_after=None
[2024-09-09T08:39:29.783+0000] {processor.py:208} INFO - Processing /home/airflow/.local/lib/python3.12/site-packages/airflow/example_dags/tutorial_dag.py took 0.067 seconds
[2024-09-09T08:39:59.941+0000] {processor.py:186} INFO - Started process (PID=20257) to work on /home/airflow/.local/lib/python3.12/site-packages/airflow/example_dags/tutorial_dag.py
[2024-09-09T08:39:59.942+0000] {processor.py:914} INFO - Processing file /home/airflow/.local/lib/python3.12/site-packages/airflow/example_dags/tutorial_dag.py for tasks to queue
[2024-09-09T08:39:59.945+0000] {logging_mixin.py:190} INFO - [2024-09-09T08:39:59.944+0000] {dagbag.py:587} INFO - Filling up the DagBag from /home/airflow/.local/lib/python3.12/site-packages/airflow/example_dags/tutorial_dag.py
[2024-09-09T08:39:59.951+0000] {processor.py:925} INFO - DAG(s) 'tutorial_dag' retrieved from /home/airflow/.local/lib/python3.12/site-packages/airflow/example_dags/tutorial_dag.py
[2024-09-09T08:39:59.969+0000] {logging_mixin.py:190} INFO - [2024-09-09T08:39:59.968+0000] {dag.py:3229} INFO - Sync 1 DAGs
[2024-09-09T08:39:59.982+0000] {logging_mixin.py:190} INFO - [2024-09-09T08:39:59.982+0000] {dag.py:4156} INFO - Setting next_dagrun for tutorial_dag to None, run_after=None
[2024-09-09T08:40:00.004+0000] {processor.py:208} INFO - Processing /home/airflow/.local/lib/python3.12/site-packages/airflow/example_dags/tutorial_dag.py took 0.069 seconds
[2024-09-09T08:40:30.811+0000] {processor.py:186} INFO - Started process (PID=20543) to work on /home/airflow/.local/lib/python3.12/site-packages/airflow/example_dags/tutorial_dag.py
[2024-09-09T08:40:30.812+0000] {processor.py:914} INFO - Processing file /home/airflow/.local/lib/python3.12/site-packages/airflow/example_dags/tutorial_dag.py for tasks to queue
[2024-09-09T08:40:30.814+0000] {logging_mixin.py:190} INFO - [2024-09-09T08:40:30.813+0000] {dagbag.py:587} INFO - Filling up the DagBag from /home/airflow/.local/lib/python3.12/site-packages/airflow/example_dags/tutorial_dag.py
[2024-09-09T08:40:30.823+0000] {processor.py:925} INFO - DAG(s) 'tutorial_dag' retrieved from /home/airflow/.local/lib/python3.12/site-packages/airflow/example_dags/tutorial_dag.py
[2024-09-09T08:40:30.845+0000] {logging_mixin.py:190} INFO - [2024-09-09T08:40:30.845+0000] {dag.py:3229} INFO - Sync 1 DAGs
[2024-09-09T08:40:30.858+0000] {logging_mixin.py:190} INFO - [2024-09-09T08:40:30.858+0000] {dag.py:4156} INFO - Setting next_dagrun for tutorial_dag to None, run_after=None
[2024-09-09T08:40:30.877+0000] {processor.py:208} INFO - Processing /home/airflow/.local/lib/python3.12/site-packages/airflow/example_dags/tutorial_dag.py took 0.071 seconds
[2024-09-09T08:41:01.084+0000] {processor.py:186} INFO - Started process (PID=20829) to work on /home/airflow/.local/lib/python3.12/site-packages/airflow/example_dags/tutorial_dag.py
[2024-09-09T08:41:01.085+0000] {processor.py:914} INFO - Processing file /home/airflow/.local/lib/python3.12/site-packages/airflow/example_dags/tutorial_dag.py for tasks to queue
[2024-09-09T08:41:01.087+0000] {logging_mixin.py:190} INFO - [2024-09-09T08:41:01.086+0000] {dagbag.py:587} INFO - Filling up the DagBag from /home/airflow/.local/lib/python3.12/site-packages/airflow/example_dags/tutorial_dag.py
[2024-09-09T08:41:01.095+0000] {processor.py:925} INFO - DAG(s) 'tutorial_dag' retrieved from /home/airflow/.local/lib/python3.12/site-packages/airflow/example_dags/tutorial_dag.py
[2024-09-09T08:41:01.114+0000] {logging_mixin.py:190} INFO - [2024-09-09T08:41:01.113+0000] {dag.py:3229} INFO - Sync 1 DAGs
[2024-09-09T08:41:01.126+0000] {logging_mixin.py:190} INFO - [2024-09-09T08:41:01.126+0000] {dag.py:4156} INFO - Setting next_dagrun for tutorial_dag to None, run_after=None
[2024-09-09T08:41:01.146+0000] {processor.py:208} INFO - Processing /home/airflow/.local/lib/python3.12/site-packages/airflow/example_dags/tutorial_dag.py took 0.068 seconds
[2024-09-09T08:41:31.281+0000] {processor.py:186} INFO - Started process (PID=21116) to work on /home/airflow/.local/lib/python3.12/site-packages/airflow/example_dags/tutorial_dag.py
[2024-09-09T08:41:31.282+0000] {processor.py:914} INFO - Processing file /home/airflow/.local/lib/python3.12/site-packages/airflow/example_dags/tutorial_dag.py for tasks to queue
[2024-09-09T08:41:31.284+0000] {logging_mixin.py:190} INFO - [2024-09-09T08:41:31.284+0000] {dagbag.py:587} INFO - Filling up the DagBag from /home/airflow/.local/lib/python3.12/site-packages/airflow/example_dags/tutorial_dag.py
[2024-09-09T08:41:31.291+0000] {processor.py:925} INFO - DAG(s) 'tutorial_dag' retrieved from /home/airflow/.local/lib/python3.12/site-packages/airflow/example_dags/tutorial_dag.py
[2024-09-09T08:41:31.308+0000] {logging_mixin.py:190} INFO - [2024-09-09T08:41:31.308+0000] {dag.py:3229} INFO - Sync 1 DAGs
[2024-09-09T08:41:31.322+0000] {logging_mixin.py:190} INFO - [2024-09-09T08:41:31.322+0000] {dag.py:4156} INFO - Setting next_dagrun for tutorial_dag to None, run_after=None
[2024-09-09T08:41:31.341+0000] {processor.py:208} INFO - Processing /home/airflow/.local/lib/python3.12/site-packages/airflow/example_dags/tutorial_dag.py took 0.065 seconds
