[2024-09-09T08:04:13.260+0000] {processor.py:186} INFO - Started process (PID=185) to work on /home/airflow/.local/lib/python3.12/site-packages/airflow/example_dags/tutorial.py
[2024-09-09T08:04:13.262+0000] {processor.py:914} INFO - Processing file /home/airflow/.local/lib/python3.12/site-packages/airflow/example_dags/tutorial.py for tasks to queue
[2024-09-09T08:04:13.269+0000] {logging_mixin.py:190} INFO - [2024-09-09T08:04:13.268+0000] {dagbag.py:587} INFO - Filling up the DagBag from /home/airflow/.local/lib/python3.12/site-packages/airflow/example_dags/tutorial.py
[2024-09-09T08:04:13.288+0000] {processor.py:925} INFO - DAG(s) 'tutorial' retrieved from /home/airflow/.local/lib/python3.12/site-packages/airflow/example_dags/tutorial.py
[2024-09-09T08:04:13.491+0000] {logging_mixin.py:190} INFO - [2024-09-09T08:04:13.489+0000] {override.py:1900} INFO - Created Permission View: can edit on DAG:tutorial
[2024-09-09T08:04:13.515+0000] {logging_mixin.py:190} INFO - [2024-09-09T08:04:13.514+0000] {override.py:1900} INFO - Created Permission View: can delete on DAG:tutorial
[2024-09-09T08:04:13.527+0000] {logging_mixin.py:190} INFO - [2024-09-09T08:04:13.527+0000] {override.py:1900} INFO - Created Permission View: can read on DAG:tutorial
[2024-09-09T08:04:13.545+0000] {logging_mixin.py:190} INFO - [2024-09-09T08:04:13.545+0000] {override.py:1900} INFO - Created Permission View: can create on DAG Run:tutorial
[2024-09-09T08:04:13.558+0000] {logging_mixin.py:190} INFO - [2024-09-09T08:04:13.557+0000] {override.py:1900} INFO - Created Permission View: can delete on DAG Run:tutorial
[2024-09-09T08:04:13.573+0000] {logging_mixin.py:190} INFO - [2024-09-09T08:04:13.573+0000] {override.py:1900} INFO - Created Permission View: menu access on DAG Run:tutorial
[2024-09-09T08:04:13.586+0000] {logging_mixin.py:190} INFO - [2024-09-09T08:04:13.586+0000] {override.py:1900} INFO - Created Permission View: can read on DAG Run:tutorial
[2024-09-09T08:04:13.587+0000] {logging_mixin.py:190} INFO - [2024-09-09T08:04:13.587+0000] {dag.py:3229} INFO - Sync 1 DAGs
[2024-09-09T08:04:13.609+0000] {logging_mixin.py:190} INFO - [2024-09-09T08:04:13.608+0000] {dag.py:3252} INFO - Creating ORM DAG for tutorial
[2024-09-09T08:04:13.628+0000] {logging_mixin.py:190} INFO - [2024-09-09T08:04:13.627+0000] {dag.py:4156} INFO - Setting next_dagrun for tutorial to 2024-09-08 00:00:00+00:00, run_after=2024-09-09 00:00:00+00:00
[2024-09-09T08:04:13.651+0000] {processor.py:208} INFO - Processing /home/airflow/.local/lib/python3.12/site-packages/airflow/example_dags/tutorial.py took 0.400 seconds
[2024-09-09T08:04:44.138+0000] {processor.py:186} INFO - Started process (PID=473) to work on /home/airflow/.local/lib/python3.12/site-packages/airflow/example_dags/tutorial.py
[2024-09-09T08:04:44.141+0000] {processor.py:914} INFO - Processing file /home/airflow/.local/lib/python3.12/site-packages/airflow/example_dags/tutorial.py for tasks to queue
[2024-09-09T08:04:44.145+0000] {logging_mixin.py:190} INFO - [2024-09-09T08:04:44.144+0000] {dagbag.py:587} INFO - Filling up the DagBag from /home/airflow/.local/lib/python3.12/site-packages/airflow/example_dags/tutorial.py
[2024-09-09T08:04:44.156+0000] {processor.py:925} INFO - DAG(s) 'tutorial' retrieved from /home/airflow/.local/lib/python3.12/site-packages/airflow/example_dags/tutorial.py
[2024-09-09T08:04:44.176+0000] {logging_mixin.py:190} INFO - [2024-09-09T08:04:44.175+0000] {dag.py:3229} INFO - Sync 1 DAGs
[2024-09-09T08:04:44.196+0000] {logging_mixin.py:190} INFO - [2024-09-09T08:04:44.196+0000] {dag.py:4156} INFO - Setting next_dagrun for tutorial to 2024-09-08 00:00:00+00:00, run_after=2024-09-09 00:00:00+00:00
[2024-09-09T08:04:44.213+0000] {processor.py:208} INFO - Processing /home/airflow/.local/lib/python3.12/site-packages/airflow/example_dags/tutorial.py took 0.089 seconds
[2024-09-09T08:05:14.644+0000] {processor.py:186} INFO - Started process (PID=759) to work on /home/airflow/.local/lib/python3.12/site-packages/airflow/example_dags/tutorial.py
[2024-09-09T08:05:14.645+0000] {processor.py:914} INFO - Processing file /home/airflow/.local/lib/python3.12/site-packages/airflow/example_dags/tutorial.py for tasks to queue
[2024-09-09T08:05:14.647+0000] {logging_mixin.py:190} INFO - [2024-09-09T08:05:14.647+0000] {dagbag.py:587} INFO - Filling up the DagBag from /home/airflow/.local/lib/python3.12/site-packages/airflow/example_dags/tutorial.py
[2024-09-09T08:05:14.656+0000] {processor.py:925} INFO - DAG(s) 'tutorial' retrieved from /home/airflow/.local/lib/python3.12/site-packages/airflow/example_dags/tutorial.py
[2024-09-09T08:05:14.683+0000] {logging_mixin.py:190} INFO - [2024-09-09T08:05:14.683+0000] {dag.py:3229} INFO - Sync 1 DAGs
[2024-09-09T08:05:14.730+0000] {logging_mixin.py:190} INFO - [2024-09-09T08:05:14.729+0000] {dag.py:4156} INFO - Setting next_dagrun for tutorial to 2024-09-08 00:00:00+00:00, run_after=2024-09-09 00:00:00+00:00
[2024-09-09T08:05:14.747+0000] {processor.py:208} INFO - Processing /home/airflow/.local/lib/python3.12/site-packages/airflow/example_dags/tutorial.py took 0.109 seconds
[2024-09-09T08:05:45.166+0000] {processor.py:186} INFO - Started process (PID=1045) to work on /home/airflow/.local/lib/python3.12/site-packages/airflow/example_dags/tutorial.py
[2024-09-09T08:05:45.167+0000] {processor.py:914} INFO - Processing file /home/airflow/.local/lib/python3.12/site-packages/airflow/example_dags/tutorial.py for tasks to queue
[2024-09-09T08:05:45.169+0000] {logging_mixin.py:190} INFO - [2024-09-09T08:05:45.169+0000] {dagbag.py:587} INFO - Filling up the DagBag from /home/airflow/.local/lib/python3.12/site-packages/airflow/example_dags/tutorial.py
[2024-09-09T08:05:45.176+0000] {processor.py:925} INFO - DAG(s) 'tutorial' retrieved from /home/airflow/.local/lib/python3.12/site-packages/airflow/example_dags/tutorial.py
[2024-09-09T08:05:45.195+0000] {logging_mixin.py:190} INFO - [2024-09-09T08:05:45.195+0000] {dag.py:3229} INFO - Sync 1 DAGs
[2024-09-09T08:05:45.213+0000] {logging_mixin.py:190} INFO - [2024-09-09T08:05:45.213+0000] {dag.py:4156} INFO - Setting next_dagrun for tutorial to 2024-09-08 00:00:00+00:00, run_after=2024-09-09 00:00:00+00:00
[2024-09-09T08:05:45.236+0000] {processor.py:208} INFO - Processing /home/airflow/.local/lib/python3.12/site-packages/airflow/example_dags/tutorial.py took 0.075 seconds
[2024-09-09T08:06:15.880+0000] {processor.py:186} INFO - Started process (PID=1331) to work on /home/airflow/.local/lib/python3.12/site-packages/airflow/example_dags/tutorial.py
[2024-09-09T08:06:15.882+0000] {processor.py:914} INFO - Processing file /home/airflow/.local/lib/python3.12/site-packages/airflow/example_dags/tutorial.py for tasks to queue
[2024-09-09T08:06:15.885+0000] {logging_mixin.py:190} INFO - [2024-09-09T08:06:15.884+0000] {dagbag.py:587} INFO - Filling up the DagBag from /home/airflow/.local/lib/python3.12/site-packages/airflow/example_dags/tutorial.py
[2024-09-09T08:06:15.892+0000] {processor.py:925} INFO - DAG(s) 'tutorial' retrieved from /home/airflow/.local/lib/python3.12/site-packages/airflow/example_dags/tutorial.py
[2024-09-09T08:06:15.912+0000] {logging_mixin.py:190} INFO - [2024-09-09T08:06:15.912+0000] {dag.py:3229} INFO - Sync 1 DAGs
[2024-09-09T08:06:15.935+0000] {logging_mixin.py:190} INFO - [2024-09-09T08:06:15.935+0000] {dag.py:4156} INFO - Setting next_dagrun for tutorial to 2024-09-08 00:00:00+00:00, run_after=2024-09-09 00:00:00+00:00
[2024-09-09T08:06:15.960+0000] {processor.py:208} INFO - Processing /home/airflow/.local/lib/python3.12/site-packages/airflow/example_dags/tutorial.py took 0.085 seconds
[2024-09-09T08:06:46.693+0000] {processor.py:186} INFO - Started process (PID=1617) to work on /home/airflow/.local/lib/python3.12/site-packages/airflow/example_dags/tutorial.py
[2024-09-09T08:06:46.694+0000] {processor.py:914} INFO - Processing file /home/airflow/.local/lib/python3.12/site-packages/airflow/example_dags/tutorial.py for tasks to queue
[2024-09-09T08:06:46.697+0000] {logging_mixin.py:190} INFO - [2024-09-09T08:06:46.697+0000] {dagbag.py:587} INFO - Filling up the DagBag from /home/airflow/.local/lib/python3.12/site-packages/airflow/example_dags/tutorial.py
[2024-09-09T08:06:46.713+0000] {processor.py:925} INFO - DAG(s) 'tutorial' retrieved from /home/airflow/.local/lib/python3.12/site-packages/airflow/example_dags/tutorial.py
[2024-09-09T08:06:46.738+0000] {logging_mixin.py:190} INFO - [2024-09-09T08:06:46.738+0000] {dag.py:3229} INFO - Sync 1 DAGs
[2024-09-09T08:06:46.769+0000] {logging_mixin.py:190} INFO - [2024-09-09T08:06:46.769+0000] {dag.py:4156} INFO - Setting next_dagrun for tutorial to 2024-09-08 00:00:00+00:00, run_after=2024-09-09 00:00:00+00:00
[2024-09-09T08:06:46.804+0000] {processor.py:208} INFO - Processing /home/airflow/.local/lib/python3.12/site-packages/airflow/example_dags/tutorial.py took 0.119 seconds
[2024-09-09T08:07:17.058+0000] {processor.py:186} INFO - Started process (PID=1904) to work on /home/airflow/.local/lib/python3.12/site-packages/airflow/example_dags/tutorial.py
[2024-09-09T08:07:17.060+0000] {processor.py:914} INFO - Processing file /home/airflow/.local/lib/python3.12/site-packages/airflow/example_dags/tutorial.py for tasks to queue
[2024-09-09T08:07:17.063+0000] {logging_mixin.py:190} INFO - [2024-09-09T08:07:17.062+0000] {dagbag.py:587} INFO - Filling up the DagBag from /home/airflow/.local/lib/python3.12/site-packages/airflow/example_dags/tutorial.py
[2024-09-09T08:07:17.072+0000] {processor.py:925} INFO - DAG(s) 'tutorial' retrieved from /home/airflow/.local/lib/python3.12/site-packages/airflow/example_dags/tutorial.py
[2024-09-09T08:07:17.100+0000] {logging_mixin.py:190} INFO - [2024-09-09T08:07:17.100+0000] {dag.py:3229} INFO - Sync 1 DAGs
[2024-09-09T08:07:17.131+0000] {logging_mixin.py:190} INFO - [2024-09-09T08:07:17.130+0000] {dag.py:4156} INFO - Setting next_dagrun for tutorial to 2024-09-08 00:00:00+00:00, run_after=2024-09-09 00:00:00+00:00
[2024-09-09T08:07:17.159+0000] {processor.py:208} INFO - Processing /home/airflow/.local/lib/python3.12/site-packages/airflow/example_dags/tutorial.py took 0.109 seconds
[2024-09-09T08:07:47.422+0000] {processor.py:186} INFO - Started process (PID=2190) to work on /home/airflow/.local/lib/python3.12/site-packages/airflow/example_dags/tutorial.py
[2024-09-09T08:07:47.423+0000] {processor.py:914} INFO - Processing file /home/airflow/.local/lib/python3.12/site-packages/airflow/example_dags/tutorial.py for tasks to queue
[2024-09-09T08:07:47.426+0000] {logging_mixin.py:190} INFO - [2024-09-09T08:07:47.426+0000] {dagbag.py:587} INFO - Filling up the DagBag from /home/airflow/.local/lib/python3.12/site-packages/airflow/example_dags/tutorial.py
[2024-09-09T08:07:47.435+0000] {processor.py:925} INFO - DAG(s) 'tutorial' retrieved from /home/airflow/.local/lib/python3.12/site-packages/airflow/example_dags/tutorial.py
[2024-09-09T08:07:47.460+0000] {logging_mixin.py:190} INFO - [2024-09-09T08:07:47.460+0000] {dag.py:3229} INFO - Sync 1 DAGs
[2024-09-09T08:07:47.494+0000] {logging_mixin.py:190} INFO - [2024-09-09T08:07:47.494+0000] {dag.py:4156} INFO - Setting next_dagrun for tutorial to 2024-09-08 00:00:00+00:00, run_after=2024-09-09 00:00:00+00:00
[2024-09-09T08:07:47.523+0000] {processor.py:208} INFO - Processing /home/airflow/.local/lib/python3.12/site-packages/airflow/example_dags/tutorial.py took 0.107 seconds
[2024-09-09T08:08:18.303+0000] {processor.py:186} INFO - Started process (PID=2476) to work on /home/airflow/.local/lib/python3.12/site-packages/airflow/example_dags/tutorial.py
[2024-09-09T08:08:18.304+0000] {processor.py:914} INFO - Processing file /home/airflow/.local/lib/python3.12/site-packages/airflow/example_dags/tutorial.py for tasks to queue
[2024-09-09T08:08:18.307+0000] {logging_mixin.py:190} INFO - [2024-09-09T08:08:18.306+0000] {dagbag.py:587} INFO - Filling up the DagBag from /home/airflow/.local/lib/python3.12/site-packages/airflow/example_dags/tutorial.py
[2024-09-09T08:08:18.318+0000] {processor.py:925} INFO - DAG(s) 'tutorial' retrieved from /home/airflow/.local/lib/python3.12/site-packages/airflow/example_dags/tutorial.py
[2024-09-09T08:08:18.342+0000] {logging_mixin.py:190} INFO - [2024-09-09T08:08:18.341+0000] {dag.py:3229} INFO - Sync 1 DAGs
[2024-09-09T08:08:18.377+0000] {logging_mixin.py:190} INFO - [2024-09-09T08:08:18.377+0000] {dag.py:4156} INFO - Setting next_dagrun for tutorial to 2024-09-08 00:00:00+00:00, run_after=2024-09-09 00:00:00+00:00
[2024-09-09T08:08:18.410+0000] {processor.py:208} INFO - Processing /home/airflow/.local/lib/python3.12/site-packages/airflow/example_dags/tutorial.py took 0.116 seconds
[2024-09-09T08:08:49.018+0000] {processor.py:186} INFO - Started process (PID=2762) to work on /home/airflow/.local/lib/python3.12/site-packages/airflow/example_dags/tutorial.py
[2024-09-09T08:08:49.020+0000] {processor.py:914} INFO - Processing file /home/airflow/.local/lib/python3.12/site-packages/airflow/example_dags/tutorial.py for tasks to queue
[2024-09-09T08:08:49.024+0000] {logging_mixin.py:190} INFO - [2024-09-09T08:08:49.023+0000] {dagbag.py:587} INFO - Filling up the DagBag from /home/airflow/.local/lib/python3.12/site-packages/airflow/example_dags/tutorial.py
[2024-09-09T08:08:49.034+0000] {processor.py:925} INFO - DAG(s) 'tutorial' retrieved from /home/airflow/.local/lib/python3.12/site-packages/airflow/example_dags/tutorial.py
[2024-09-09T08:08:49.064+0000] {logging_mixin.py:190} INFO - [2024-09-09T08:08:49.063+0000] {dag.py:3229} INFO - Sync 1 DAGs
[2024-09-09T08:08:49.100+0000] {logging_mixin.py:190} INFO - [2024-09-09T08:08:49.100+0000] {dag.py:4156} INFO - Setting next_dagrun for tutorial to 2024-09-08 00:00:00+00:00, run_after=2024-09-09 00:00:00+00:00
[2024-09-09T08:08:49.126+0000] {processor.py:208} INFO - Processing /home/airflow/.local/lib/python3.12/site-packages/airflow/example_dags/tutorial.py took 0.117 seconds
[2024-09-09T08:09:19.759+0000] {processor.py:186} INFO - Started process (PID=3048) to work on /home/airflow/.local/lib/python3.12/site-packages/airflow/example_dags/tutorial.py
[2024-09-09T08:09:19.761+0000] {processor.py:914} INFO - Processing file /home/airflow/.local/lib/python3.12/site-packages/airflow/example_dags/tutorial.py for tasks to queue
[2024-09-09T08:09:19.765+0000] {logging_mixin.py:190} INFO - [2024-09-09T08:09:19.764+0000] {dagbag.py:587} INFO - Filling up the DagBag from /home/airflow/.local/lib/python3.12/site-packages/airflow/example_dags/tutorial.py
[2024-09-09T08:09:19.777+0000] {processor.py:925} INFO - DAG(s) 'tutorial' retrieved from /home/airflow/.local/lib/python3.12/site-packages/airflow/example_dags/tutorial.py
[2024-09-09T08:09:19.806+0000] {logging_mixin.py:190} INFO - [2024-09-09T08:09:19.806+0000] {dag.py:3229} INFO - Sync 1 DAGs
[2024-09-09T08:09:19.836+0000] {logging_mixin.py:190} INFO - [2024-09-09T08:09:19.836+0000] {dag.py:4156} INFO - Setting next_dagrun for tutorial to 2024-09-08 00:00:00+00:00, run_after=2024-09-09 00:00:00+00:00
[2024-09-09T08:09:19.863+0000] {processor.py:208} INFO - Processing /home/airflow/.local/lib/python3.12/site-packages/airflow/example_dags/tutorial.py took 0.114 seconds
[2024-09-09T08:09:50.869+0000] {processor.py:186} INFO - Started process (PID=3334) to work on /home/airflow/.local/lib/python3.12/site-packages/airflow/example_dags/tutorial.py
[2024-09-09T08:09:50.870+0000] {processor.py:914} INFO - Processing file /home/airflow/.local/lib/python3.12/site-packages/airflow/example_dags/tutorial.py for tasks to queue
[2024-09-09T08:09:50.872+0000] {logging_mixin.py:190} INFO - [2024-09-09T08:09:50.872+0000] {dagbag.py:587} INFO - Filling up the DagBag from /home/airflow/.local/lib/python3.12/site-packages/airflow/example_dags/tutorial.py
[2024-09-09T08:09:50.881+0000] {processor.py:925} INFO - DAG(s) 'tutorial' retrieved from /home/airflow/.local/lib/python3.12/site-packages/airflow/example_dags/tutorial.py
[2024-09-09T08:09:50.905+0000] {logging_mixin.py:190} INFO - [2024-09-09T08:09:50.904+0000] {dag.py:3229} INFO - Sync 1 DAGs
[2024-09-09T08:09:50.936+0000] {logging_mixin.py:190} INFO - [2024-09-09T08:09:50.936+0000] {dag.py:4156} INFO - Setting next_dagrun for tutorial to 2024-09-08 00:00:00+00:00, run_after=2024-09-09 00:00:00+00:00
[2024-09-09T08:09:50.964+0000] {processor.py:208} INFO - Processing /home/airflow/.local/lib/python3.12/site-packages/airflow/example_dags/tutorial.py took 0.102 seconds
[2024-09-09T08:10:21.184+0000] {processor.py:186} INFO - Started process (PID=3620) to work on /home/airflow/.local/lib/python3.12/site-packages/airflow/example_dags/tutorial.py
[2024-09-09T08:10:21.185+0000] {processor.py:914} INFO - Processing file /home/airflow/.local/lib/python3.12/site-packages/airflow/example_dags/tutorial.py for tasks to queue
[2024-09-09T08:10:21.187+0000] {logging_mixin.py:190} INFO - [2024-09-09T08:10:21.187+0000] {dagbag.py:587} INFO - Filling up the DagBag from /home/airflow/.local/lib/python3.12/site-packages/airflow/example_dags/tutorial.py
[2024-09-09T08:10:21.193+0000] {processor.py:925} INFO - DAG(s) 'tutorial' retrieved from /home/airflow/.local/lib/python3.12/site-packages/airflow/example_dags/tutorial.py
[2024-09-09T08:10:21.211+0000] {logging_mixin.py:190} INFO - [2024-09-09T08:10:21.211+0000] {dag.py:3229} INFO - Sync 1 DAGs
[2024-09-09T08:10:21.229+0000] {logging_mixin.py:190} INFO - [2024-09-09T08:10:21.229+0000] {dag.py:4156} INFO - Setting next_dagrun for tutorial to 2024-09-08 00:00:00+00:00, run_after=2024-09-09 00:00:00+00:00
[2024-09-09T08:10:21.249+0000] {processor.py:208} INFO - Processing /home/airflow/.local/lib/python3.12/site-packages/airflow/example_dags/tutorial.py took 0.070 seconds
[2024-09-09T08:10:52.106+0000] {processor.py:186} INFO - Started process (PID=3906) to work on /home/airflow/.local/lib/python3.12/site-packages/airflow/example_dags/tutorial.py
[2024-09-09T08:10:52.108+0000] {processor.py:914} INFO - Processing file /home/airflow/.local/lib/python3.12/site-packages/airflow/example_dags/tutorial.py for tasks to queue
[2024-09-09T08:10:52.110+0000] {logging_mixin.py:190} INFO - [2024-09-09T08:10:52.110+0000] {dagbag.py:587} INFO - Filling up the DagBag from /home/airflow/.local/lib/python3.12/site-packages/airflow/example_dags/tutorial.py
[2024-09-09T08:10:52.117+0000] {processor.py:925} INFO - DAG(s) 'tutorial' retrieved from /home/airflow/.local/lib/python3.12/site-packages/airflow/example_dags/tutorial.py
[2024-09-09T08:10:52.135+0000] {logging_mixin.py:190} INFO - [2024-09-09T08:10:52.135+0000] {dag.py:3229} INFO - Sync 1 DAGs
[2024-09-09T08:10:52.158+0000] {logging_mixin.py:190} INFO - [2024-09-09T08:10:52.158+0000] {dag.py:4156} INFO - Setting next_dagrun for tutorial to 2024-09-08 00:00:00+00:00, run_after=2024-09-09 00:00:00+00:00
[2024-09-09T08:10:52.179+0000] {processor.py:208} INFO - Processing /home/airflow/.local/lib/python3.12/site-packages/airflow/example_dags/tutorial.py took 0.078 seconds
[2024-09-09T08:11:22.357+0000] {processor.py:186} INFO - Started process (PID=4192) to work on /home/airflow/.local/lib/python3.12/site-packages/airflow/example_dags/tutorial.py
[2024-09-09T08:11:22.358+0000] {processor.py:914} INFO - Processing file /home/airflow/.local/lib/python3.12/site-packages/airflow/example_dags/tutorial.py for tasks to queue
[2024-09-09T08:11:22.360+0000] {logging_mixin.py:190} INFO - [2024-09-09T08:11:22.360+0000] {dagbag.py:587} INFO - Filling up the DagBag from /home/airflow/.local/lib/python3.12/site-packages/airflow/example_dags/tutorial.py
[2024-09-09T08:11:22.366+0000] {processor.py:925} INFO - DAG(s) 'tutorial' retrieved from /home/airflow/.local/lib/python3.12/site-packages/airflow/example_dags/tutorial.py
[2024-09-09T08:11:22.385+0000] {logging_mixin.py:190} INFO - [2024-09-09T08:11:22.385+0000] {dag.py:3229} INFO - Sync 1 DAGs
[2024-09-09T08:11:22.409+0000] {logging_mixin.py:190} INFO - [2024-09-09T08:11:22.408+0000] {dag.py:4156} INFO - Setting next_dagrun for tutorial to 2024-09-08 00:00:00+00:00, run_after=2024-09-09 00:00:00+00:00
[2024-09-09T08:11:22.428+0000] {processor.py:208} INFO - Processing /home/airflow/.local/lib/python3.12/site-packages/airflow/example_dags/tutorial.py took 0.075 seconds
[2024-09-09T08:11:55.381+0000] {processor.py:186} INFO - Started process (PID=4478) to work on /home/airflow/.local/lib/python3.12/site-packages/airflow/example_dags/tutorial.py
[2024-09-09T08:11:55.382+0000] {processor.py:914} INFO - Processing file /home/airflow/.local/lib/python3.12/site-packages/airflow/example_dags/tutorial.py for tasks to queue
[2024-09-09T08:11:55.387+0000] {logging_mixin.py:190} INFO - [2024-09-09T08:11:55.387+0000] {dagbag.py:587} INFO - Filling up the DagBag from /home/airflow/.local/lib/python3.12/site-packages/airflow/example_dags/tutorial.py
[2024-09-09T08:11:55.396+0000] {processor.py:925} INFO - DAG(s) 'tutorial' retrieved from /home/airflow/.local/lib/python3.12/site-packages/airflow/example_dags/tutorial.py
[2024-09-09T08:11:55.424+0000] {logging_mixin.py:190} INFO - [2024-09-09T08:11:55.424+0000] {dag.py:3229} INFO - Sync 1 DAGs
[2024-09-09T08:11:55.447+0000] {logging_mixin.py:190} INFO - [2024-09-09T08:11:55.446+0000] {dag.py:4156} INFO - Setting next_dagrun for tutorial to 2024-09-08 00:00:00+00:00, run_after=2024-09-09 00:00:00+00:00
[2024-09-09T08:11:55.471+0000] {processor.py:208} INFO - Processing /home/airflow/.local/lib/python3.12/site-packages/airflow/example_dags/tutorial.py took 0.098 seconds
[2024-09-09T08:12:26.240+0000] {processor.py:186} INFO - Started process (PID=4764) to work on /home/airflow/.local/lib/python3.12/site-packages/airflow/example_dags/tutorial.py
[2024-09-09T08:12:26.242+0000] {processor.py:914} INFO - Processing file /home/airflow/.local/lib/python3.12/site-packages/airflow/example_dags/tutorial.py for tasks to queue
[2024-09-09T08:12:26.245+0000] {logging_mixin.py:190} INFO - [2024-09-09T08:12:26.245+0000] {dagbag.py:587} INFO - Filling up the DagBag from /home/airflow/.local/lib/python3.12/site-packages/airflow/example_dags/tutorial.py
[2024-09-09T08:12:26.253+0000] {processor.py:925} INFO - DAG(s) 'tutorial' retrieved from /home/airflow/.local/lib/python3.12/site-packages/airflow/example_dags/tutorial.py
[2024-09-09T08:12:26.277+0000] {logging_mixin.py:190} INFO - [2024-09-09T08:12:26.277+0000] {dag.py:3229} INFO - Sync 1 DAGs
[2024-09-09T08:12:26.306+0000] {logging_mixin.py:190} INFO - [2024-09-09T08:12:26.305+0000] {dag.py:4156} INFO - Setting next_dagrun for tutorial to 2024-09-08 00:00:00+00:00, run_after=2024-09-09 00:00:00+00:00
[2024-09-09T08:12:26.333+0000] {processor.py:208} INFO - Processing /home/airflow/.local/lib/python3.12/site-packages/airflow/example_dags/tutorial.py took 0.098 seconds
[2024-09-09T08:12:57.159+0000] {processor.py:186} INFO - Started process (PID=5050) to work on /home/airflow/.local/lib/python3.12/site-packages/airflow/example_dags/tutorial.py
[2024-09-09T08:12:57.160+0000] {processor.py:914} INFO - Processing file /home/airflow/.local/lib/python3.12/site-packages/airflow/example_dags/tutorial.py for tasks to queue
[2024-09-09T08:12:57.163+0000] {logging_mixin.py:190} INFO - [2024-09-09T08:12:57.162+0000] {dagbag.py:587} INFO - Filling up the DagBag from /home/airflow/.local/lib/python3.12/site-packages/airflow/example_dags/tutorial.py
[2024-09-09T08:12:57.171+0000] {processor.py:925} INFO - DAG(s) 'tutorial' retrieved from /home/airflow/.local/lib/python3.12/site-packages/airflow/example_dags/tutorial.py
[2024-09-09T08:12:57.192+0000] {logging_mixin.py:190} INFO - [2024-09-09T08:12:57.192+0000] {dag.py:3229} INFO - Sync 1 DAGs
[2024-09-09T08:12:57.215+0000] {logging_mixin.py:190} INFO - [2024-09-09T08:12:57.214+0000] {dag.py:4156} INFO - Setting next_dagrun for tutorial to 2024-09-08 00:00:00+00:00, run_after=2024-09-09 00:00:00+00:00
[2024-09-09T08:12:57.233+0000] {processor.py:208} INFO - Processing /home/airflow/.local/lib/python3.12/site-packages/airflow/example_dags/tutorial.py took 0.082 seconds
[2024-09-09T08:13:28.045+0000] {processor.py:186} INFO - Started process (PID=5336) to work on /home/airflow/.local/lib/python3.12/site-packages/airflow/example_dags/tutorial.py
[2024-09-09T08:13:28.046+0000] {processor.py:914} INFO - Processing file /home/airflow/.local/lib/python3.12/site-packages/airflow/example_dags/tutorial.py for tasks to queue
[2024-09-09T08:13:28.048+0000] {logging_mixin.py:190} INFO - [2024-09-09T08:13:28.048+0000] {dagbag.py:587} INFO - Filling up the DagBag from /home/airflow/.local/lib/python3.12/site-packages/airflow/example_dags/tutorial.py
[2024-09-09T08:13:28.055+0000] {processor.py:925} INFO - DAG(s) 'tutorial' retrieved from /home/airflow/.local/lib/python3.12/site-packages/airflow/example_dags/tutorial.py
[2024-09-09T08:13:28.073+0000] {logging_mixin.py:190} INFO - [2024-09-09T08:13:28.073+0000] {dag.py:3229} INFO - Sync 1 DAGs
[2024-09-09T08:13:28.092+0000] {logging_mixin.py:190} INFO - [2024-09-09T08:13:28.092+0000] {dag.py:4156} INFO - Setting next_dagrun for tutorial to 2024-09-08 00:00:00+00:00, run_after=2024-09-09 00:00:00+00:00
[2024-09-09T08:13:28.113+0000] {processor.py:208} INFO - Processing /home/airflow/.local/lib/python3.12/site-packages/airflow/example_dags/tutorial.py took 0.072 seconds
[2024-09-09T08:13:58.980+0000] {processor.py:186} INFO - Started process (PID=5622) to work on /home/airflow/.local/lib/python3.12/site-packages/airflow/example_dags/tutorial.py
[2024-09-09T08:13:58.981+0000] {processor.py:914} INFO - Processing file /home/airflow/.local/lib/python3.12/site-packages/airflow/example_dags/tutorial.py for tasks to queue
[2024-09-09T08:13:58.984+0000] {logging_mixin.py:190} INFO - [2024-09-09T08:13:58.984+0000] {dagbag.py:587} INFO - Filling up the DagBag from /home/airflow/.local/lib/python3.12/site-packages/airflow/example_dags/tutorial.py
[2024-09-09T08:13:58.991+0000] {processor.py:925} INFO - DAG(s) 'tutorial' retrieved from /home/airflow/.local/lib/python3.12/site-packages/airflow/example_dags/tutorial.py
[2024-09-09T08:13:59.013+0000] {logging_mixin.py:190} INFO - [2024-09-09T08:13:59.013+0000] {dag.py:3229} INFO - Sync 1 DAGs
[2024-09-09T08:13:59.032+0000] {logging_mixin.py:190} INFO - [2024-09-09T08:13:59.032+0000] {dag.py:4156} INFO - Setting next_dagrun for tutorial to 2024-09-08 00:00:00+00:00, run_after=2024-09-09 00:00:00+00:00
[2024-09-09T08:13:59.052+0000] {processor.py:208} INFO - Processing /home/airflow/.local/lib/python3.12/site-packages/airflow/example_dags/tutorial.py took 0.087 seconds
[2024-09-09T08:14:29.876+0000] {processor.py:186} INFO - Started process (PID=5908) to work on /home/airflow/.local/lib/python3.12/site-packages/airflow/example_dags/tutorial.py
[2024-09-09T08:14:29.877+0000] {processor.py:914} INFO - Processing file /home/airflow/.local/lib/python3.12/site-packages/airflow/example_dags/tutorial.py for tasks to queue
[2024-09-09T08:14:29.879+0000] {logging_mixin.py:190} INFO - [2024-09-09T08:14:29.879+0000] {dagbag.py:587} INFO - Filling up the DagBag from /home/airflow/.local/lib/python3.12/site-packages/airflow/example_dags/tutorial.py
[2024-09-09T08:14:29.888+0000] {processor.py:925} INFO - DAG(s) 'tutorial' retrieved from /home/airflow/.local/lib/python3.12/site-packages/airflow/example_dags/tutorial.py
[2024-09-09T08:14:29.907+0000] {logging_mixin.py:190} INFO - [2024-09-09T08:14:29.907+0000] {dag.py:3229} INFO - Sync 1 DAGs
[2024-09-09T08:14:29.926+0000] {logging_mixin.py:190} INFO - [2024-09-09T08:14:29.926+0000] {dag.py:4156} INFO - Setting next_dagrun for tutorial to 2024-09-08 00:00:00+00:00, run_after=2024-09-09 00:00:00+00:00
[2024-09-09T08:14:29.943+0000] {processor.py:208} INFO - Processing /home/airflow/.local/lib/python3.12/site-packages/airflow/example_dags/tutorial.py took 0.072 seconds
[2024-09-09T08:15:00.735+0000] {processor.py:186} INFO - Started process (PID=6194) to work on /home/airflow/.local/lib/python3.12/site-packages/airflow/example_dags/tutorial.py
[2024-09-09T08:15:00.736+0000] {processor.py:914} INFO - Processing file /home/airflow/.local/lib/python3.12/site-packages/airflow/example_dags/tutorial.py for tasks to queue
[2024-09-09T08:15:00.739+0000] {logging_mixin.py:190} INFO - [2024-09-09T08:15:00.739+0000] {dagbag.py:587} INFO - Filling up the DagBag from /home/airflow/.local/lib/python3.12/site-packages/airflow/example_dags/tutorial.py
[2024-09-09T08:15:00.746+0000] {processor.py:925} INFO - DAG(s) 'tutorial' retrieved from /home/airflow/.local/lib/python3.12/site-packages/airflow/example_dags/tutorial.py
[2024-09-09T08:15:00.764+0000] {logging_mixin.py:190} INFO - [2024-09-09T08:15:00.763+0000] {dag.py:3229} INFO - Sync 1 DAGs
[2024-09-09T08:15:00.783+0000] {logging_mixin.py:190} INFO - [2024-09-09T08:15:00.783+0000] {dag.py:4156} INFO - Setting next_dagrun for tutorial to 2024-09-08 00:00:00+00:00, run_after=2024-09-09 00:00:00+00:00
[2024-09-09T08:15:00.802+0000] {processor.py:208} INFO - Processing /home/airflow/.local/lib/python3.12/site-packages/airflow/example_dags/tutorial.py took 0.071 seconds
[2024-09-09T08:15:31.121+0000] {processor.py:186} INFO - Started process (PID=6485) to work on /home/airflow/.local/lib/python3.12/site-packages/airflow/example_dags/tutorial.py
[2024-09-09T08:15:31.123+0000] {processor.py:914} INFO - Processing file /home/airflow/.local/lib/python3.12/site-packages/airflow/example_dags/tutorial.py for tasks to queue
[2024-09-09T08:15:31.126+0000] {logging_mixin.py:190} INFO - [2024-09-09T08:15:31.125+0000] {dagbag.py:587} INFO - Filling up the DagBag from /home/airflow/.local/lib/python3.12/site-packages/airflow/example_dags/tutorial.py
[2024-09-09T08:15:31.138+0000] {processor.py:925} INFO - DAG(s) 'tutorial' retrieved from /home/airflow/.local/lib/python3.12/site-packages/airflow/example_dags/tutorial.py
[2024-09-09T08:15:31.174+0000] {logging_mixin.py:190} INFO - [2024-09-09T08:15:31.173+0000] {dag.py:3229} INFO - Sync 1 DAGs
[2024-09-09T08:15:31.245+0000] {logging_mixin.py:190} INFO - [2024-09-09T08:15:31.244+0000] {dag.py:4156} INFO - Setting next_dagrun for tutorial to 2024-09-08 00:00:00+00:00, run_after=2024-09-09 00:00:00+00:00
[2024-09-09T08:15:31.291+0000] {processor.py:208} INFO - Processing /home/airflow/.local/lib/python3.12/site-packages/airflow/example_dags/tutorial.py took 0.176 seconds
[2024-09-09T08:16:01.531+0000] {processor.py:186} INFO - Started process (PID=6771) to work on /home/airflow/.local/lib/python3.12/site-packages/airflow/example_dags/tutorial.py
[2024-09-09T08:16:01.532+0000] {processor.py:914} INFO - Processing file /home/airflow/.local/lib/python3.12/site-packages/airflow/example_dags/tutorial.py for tasks to queue
[2024-09-09T08:16:01.534+0000] {logging_mixin.py:190} INFO - [2024-09-09T08:16:01.533+0000] {dagbag.py:587} INFO - Filling up the DagBag from /home/airflow/.local/lib/python3.12/site-packages/airflow/example_dags/tutorial.py
[2024-09-09T08:16:01.540+0000] {processor.py:925} INFO - DAG(s) 'tutorial' retrieved from /home/airflow/.local/lib/python3.12/site-packages/airflow/example_dags/tutorial.py
[2024-09-09T08:16:01.558+0000] {logging_mixin.py:190} INFO - [2024-09-09T08:16:01.558+0000] {dag.py:3229} INFO - Sync 1 DAGs
[2024-09-09T08:16:01.577+0000] {logging_mixin.py:190} INFO - [2024-09-09T08:16:01.577+0000] {dag.py:4156} INFO - Setting next_dagrun for tutorial to 2024-09-08 00:00:00+00:00, run_after=2024-09-09 00:00:00+00:00
[2024-09-09T08:16:01.597+0000] {processor.py:208} INFO - Processing /home/airflow/.local/lib/python3.12/site-packages/airflow/example_dags/tutorial.py took 0.071 seconds
[2024-09-09T08:16:32.167+0000] {processor.py:186} INFO - Started process (PID=7057) to work on /home/airflow/.local/lib/python3.12/site-packages/airflow/example_dags/tutorial.py
[2024-09-09T08:16:32.168+0000] {processor.py:914} INFO - Processing file /home/airflow/.local/lib/python3.12/site-packages/airflow/example_dags/tutorial.py for tasks to queue
[2024-09-09T08:16:32.170+0000] {logging_mixin.py:190} INFO - [2024-09-09T08:16:32.170+0000] {dagbag.py:587} INFO - Filling up the DagBag from /home/airflow/.local/lib/python3.12/site-packages/airflow/example_dags/tutorial.py
[2024-09-09T08:16:32.180+0000] {processor.py:925} INFO - DAG(s) 'tutorial' retrieved from /home/airflow/.local/lib/python3.12/site-packages/airflow/example_dags/tutorial.py
[2024-09-09T08:16:32.206+0000] {logging_mixin.py:190} INFO - [2024-09-09T08:16:32.206+0000] {dag.py:3229} INFO - Sync 1 DAGs
[2024-09-09T08:16:32.236+0000] {logging_mixin.py:190} INFO - [2024-09-09T08:16:32.236+0000] {dag.py:4156} INFO - Setting next_dagrun for tutorial to 2024-09-08 00:00:00+00:00, run_after=2024-09-09 00:00:00+00:00
[2024-09-09T08:16:32.265+0000] {processor.py:208} INFO - Processing /home/airflow/.local/lib/python3.12/site-packages/airflow/example_dags/tutorial.py took 0.103 seconds
[2024-09-09T08:17:03.378+0000] {processor.py:186} INFO - Started process (PID=7343) to work on /home/airflow/.local/lib/python3.12/site-packages/airflow/example_dags/tutorial.py
[2024-09-09T08:17:03.404+0000] {processor.py:914} INFO - Processing file /home/airflow/.local/lib/python3.12/site-packages/airflow/example_dags/tutorial.py for tasks to queue
[2024-09-09T08:17:03.416+0000] {logging_mixin.py:190} INFO - [2024-09-09T08:17:03.415+0000] {dagbag.py:587} INFO - Filling up the DagBag from /home/airflow/.local/lib/python3.12/site-packages/airflow/example_dags/tutorial.py
[2024-09-09T08:17:03.448+0000] {processor.py:925} INFO - DAG(s) 'tutorial' retrieved from /home/airflow/.local/lib/python3.12/site-packages/airflow/example_dags/tutorial.py
[2024-09-09T08:17:03.488+0000] {logging_mixin.py:190} INFO - [2024-09-09T08:17:03.487+0000] {dag.py:3229} INFO - Sync 1 DAGs
[2024-09-09T08:17:03.527+0000] {logging_mixin.py:190} INFO - [2024-09-09T08:17:03.527+0000] {dag.py:4156} INFO - Setting next_dagrun for tutorial to 2024-09-08 00:00:00+00:00, run_after=2024-09-09 00:00:00+00:00
[2024-09-09T08:17:03.564+0000] {processor.py:208} INFO - Processing /home/airflow/.local/lib/python3.12/site-packages/airflow/example_dags/tutorial.py took 0.200 seconds
[2024-09-09T08:17:33.677+0000] {processor.py:186} INFO - Started process (PID=7629) to work on /home/airflow/.local/lib/python3.12/site-packages/airflow/example_dags/tutorial.py
[2024-09-09T08:17:33.679+0000] {processor.py:914} INFO - Processing file /home/airflow/.local/lib/python3.12/site-packages/airflow/example_dags/tutorial.py for tasks to queue
[2024-09-09T08:17:33.688+0000] {logging_mixin.py:190} INFO - [2024-09-09T08:17:33.688+0000] {dagbag.py:587} INFO - Filling up the DagBag from /home/airflow/.local/lib/python3.12/site-packages/airflow/example_dags/tutorial.py
[2024-09-09T08:17:33.705+0000] {processor.py:925} INFO - DAG(s) 'tutorial' retrieved from /home/airflow/.local/lib/python3.12/site-packages/airflow/example_dags/tutorial.py
[2024-09-09T08:17:33.739+0000] {logging_mixin.py:190} INFO - [2024-09-09T08:17:33.738+0000] {dag.py:3229} INFO - Sync 1 DAGs
[2024-09-09T08:17:33.784+0000] {logging_mixin.py:190} INFO - [2024-09-09T08:17:33.783+0000] {dag.py:4156} INFO - Setting next_dagrun for tutorial to 2024-09-08 00:00:00+00:00, run_after=2024-09-09 00:00:00+00:00
[2024-09-09T08:17:33.805+0000] {processor.py:208} INFO - Processing /home/airflow/.local/lib/python3.12/site-packages/airflow/example_dags/tutorial.py took 0.135 seconds
[2024-09-09T08:18:04.592+0000] {processor.py:186} INFO - Started process (PID=7915) to work on /home/airflow/.local/lib/python3.12/site-packages/airflow/example_dags/tutorial.py
[2024-09-09T08:18:04.593+0000] {processor.py:914} INFO - Processing file /home/airflow/.local/lib/python3.12/site-packages/airflow/example_dags/tutorial.py for tasks to queue
[2024-09-09T08:18:04.596+0000] {logging_mixin.py:190} INFO - [2024-09-09T08:18:04.595+0000] {dagbag.py:587} INFO - Filling up the DagBag from /home/airflow/.local/lib/python3.12/site-packages/airflow/example_dags/tutorial.py
[2024-09-09T08:18:04.603+0000] {processor.py:925} INFO - DAG(s) 'tutorial' retrieved from /home/airflow/.local/lib/python3.12/site-packages/airflow/example_dags/tutorial.py
[2024-09-09T08:18:04.621+0000] {logging_mixin.py:190} INFO - [2024-09-09T08:18:04.621+0000] {dag.py:3229} INFO - Sync 1 DAGs
[2024-09-09T08:18:04.639+0000] {logging_mixin.py:190} INFO - [2024-09-09T08:18:04.638+0000] {dag.py:4156} INFO - Setting next_dagrun for tutorial to 2024-09-08 00:00:00+00:00, run_after=2024-09-09 00:00:00+00:00
[2024-09-09T08:18:04.657+0000] {processor.py:208} INFO - Processing /home/airflow/.local/lib/python3.12/site-packages/airflow/example_dags/tutorial.py took 0.070 seconds
[2024-09-09T08:18:34.818+0000] {processor.py:186} INFO - Started process (PID=8201) to work on /home/airflow/.local/lib/python3.12/site-packages/airflow/example_dags/tutorial.py
[2024-09-09T08:18:34.819+0000] {processor.py:914} INFO - Processing file /home/airflow/.local/lib/python3.12/site-packages/airflow/example_dags/tutorial.py for tasks to queue
[2024-09-09T08:18:34.821+0000] {logging_mixin.py:190} INFO - [2024-09-09T08:18:34.821+0000] {dagbag.py:587} INFO - Filling up the DagBag from /home/airflow/.local/lib/python3.12/site-packages/airflow/example_dags/tutorial.py
[2024-09-09T08:18:34.828+0000] {processor.py:925} INFO - DAG(s) 'tutorial' retrieved from /home/airflow/.local/lib/python3.12/site-packages/airflow/example_dags/tutorial.py
[2024-09-09T08:18:34.844+0000] {logging_mixin.py:190} INFO - [2024-09-09T08:18:34.844+0000] {dag.py:3229} INFO - Sync 1 DAGs
[2024-09-09T08:18:34.863+0000] {logging_mixin.py:190} INFO - [2024-09-09T08:18:34.863+0000] {dag.py:4156} INFO - Setting next_dagrun for tutorial to 2024-09-08 00:00:00+00:00, run_after=2024-09-09 00:00:00+00:00
[2024-09-09T08:18:34.879+0000] {processor.py:208} INFO - Processing /home/airflow/.local/lib/python3.12/site-packages/airflow/example_dags/tutorial.py took 0.066 seconds
[2024-09-09T08:19:05.093+0000] {processor.py:186} INFO - Started process (PID=8487) to work on /home/airflow/.local/lib/python3.12/site-packages/airflow/example_dags/tutorial.py
[2024-09-09T08:19:05.094+0000] {processor.py:914} INFO - Processing file /home/airflow/.local/lib/python3.12/site-packages/airflow/example_dags/tutorial.py for tasks to queue
[2024-09-09T08:19:05.097+0000] {logging_mixin.py:190} INFO - [2024-09-09T08:19:05.096+0000] {dagbag.py:587} INFO - Filling up the DagBag from /home/airflow/.local/lib/python3.12/site-packages/airflow/example_dags/tutorial.py
[2024-09-09T08:19:05.104+0000] {processor.py:925} INFO - DAG(s) 'tutorial' retrieved from /home/airflow/.local/lib/python3.12/site-packages/airflow/example_dags/tutorial.py
[2024-09-09T08:19:05.124+0000] {logging_mixin.py:190} INFO - [2024-09-09T08:19:05.124+0000] {dag.py:3229} INFO - Sync 1 DAGs
[2024-09-09T08:19:05.147+0000] {logging_mixin.py:190} INFO - [2024-09-09T08:19:05.146+0000] {dag.py:4156} INFO - Setting next_dagrun for tutorial to 2024-09-08 00:00:00+00:00, run_after=2024-09-09 00:00:00+00:00
[2024-09-09T08:19:05.168+0000] {processor.py:208} INFO - Processing /home/airflow/.local/lib/python3.12/site-packages/airflow/example_dags/tutorial.py took 0.080 seconds
[2024-09-09T08:19:35.961+0000] {processor.py:186} INFO - Started process (PID=8773) to work on /home/airflow/.local/lib/python3.12/site-packages/airflow/example_dags/tutorial.py
[2024-09-09T08:19:35.964+0000] {processor.py:914} INFO - Processing file /home/airflow/.local/lib/python3.12/site-packages/airflow/example_dags/tutorial.py for tasks to queue
[2024-09-09T08:19:35.969+0000] {logging_mixin.py:190} INFO - [2024-09-09T08:19:35.968+0000] {dagbag.py:587} INFO - Filling up the DagBag from /home/airflow/.local/lib/python3.12/site-packages/airflow/example_dags/tutorial.py
[2024-09-09T08:19:35.980+0000] {processor.py:925} INFO - DAG(s) 'tutorial' retrieved from /home/airflow/.local/lib/python3.12/site-packages/airflow/example_dags/tutorial.py
[2024-09-09T08:19:36.006+0000] {logging_mixin.py:190} INFO - [2024-09-09T08:19:36.006+0000] {dag.py:3229} INFO - Sync 1 DAGs
[2024-09-09T08:19:36.030+0000] {logging_mixin.py:190} INFO - [2024-09-09T08:19:36.029+0000] {dag.py:4156} INFO - Setting next_dagrun for tutorial to 2024-09-08 00:00:00+00:00, run_after=2024-09-09 00:00:00+00:00
[2024-09-09T08:19:36.051+0000] {processor.py:208} INFO - Processing /home/airflow/.local/lib/python3.12/site-packages/airflow/example_dags/tutorial.py took 0.099 seconds
[2024-09-09T08:20:06.271+0000] {processor.py:186} INFO - Started process (PID=9059) to work on /home/airflow/.local/lib/python3.12/site-packages/airflow/example_dags/tutorial.py
[2024-09-09T08:20:06.272+0000] {processor.py:914} INFO - Processing file /home/airflow/.local/lib/python3.12/site-packages/airflow/example_dags/tutorial.py for tasks to queue
[2024-09-09T08:20:06.274+0000] {logging_mixin.py:190} INFO - [2024-09-09T08:20:06.274+0000] {dagbag.py:587} INFO - Filling up the DagBag from /home/airflow/.local/lib/python3.12/site-packages/airflow/example_dags/tutorial.py
[2024-09-09T08:20:06.281+0000] {processor.py:925} INFO - DAG(s) 'tutorial' retrieved from /home/airflow/.local/lib/python3.12/site-packages/airflow/example_dags/tutorial.py
[2024-09-09T08:20:06.298+0000] {logging_mixin.py:190} INFO - [2024-09-09T08:20:06.297+0000] {dag.py:3229} INFO - Sync 1 DAGs
[2024-09-09T08:20:06.316+0000] {logging_mixin.py:190} INFO - [2024-09-09T08:20:06.316+0000] {dag.py:4156} INFO - Setting next_dagrun for tutorial to 2024-09-08 00:00:00+00:00, run_after=2024-09-09 00:00:00+00:00
[2024-09-09T08:20:06.334+0000] {processor.py:208} INFO - Processing /home/airflow/.local/lib/python3.12/site-packages/airflow/example_dags/tutorial.py took 0.067 seconds
[2024-09-09T08:20:36.587+0000] {processor.py:186} INFO - Started process (PID=9345) to work on /home/airflow/.local/lib/python3.12/site-packages/airflow/example_dags/tutorial.py
[2024-09-09T08:20:36.588+0000] {processor.py:914} INFO - Processing file /home/airflow/.local/lib/python3.12/site-packages/airflow/example_dags/tutorial.py for tasks to queue
[2024-09-09T08:20:36.590+0000] {logging_mixin.py:190} INFO - [2024-09-09T08:20:36.590+0000] {dagbag.py:587} INFO - Filling up the DagBag from /home/airflow/.local/lib/python3.12/site-packages/airflow/example_dags/tutorial.py
[2024-09-09T08:20:36.596+0000] {processor.py:925} INFO - DAG(s) 'tutorial' retrieved from /home/airflow/.local/lib/python3.12/site-packages/airflow/example_dags/tutorial.py
[2024-09-09T08:20:36.613+0000] {logging_mixin.py:190} INFO - [2024-09-09T08:20:36.613+0000] {dag.py:3229} INFO - Sync 1 DAGs
[2024-09-09T08:20:36.632+0000] {logging_mixin.py:190} INFO - [2024-09-09T08:20:36.631+0000] {dag.py:4156} INFO - Setting next_dagrun for tutorial to 2024-09-08 00:00:00+00:00, run_after=2024-09-09 00:00:00+00:00
[2024-09-09T08:20:36.648+0000] {processor.py:208} INFO - Processing /home/airflow/.local/lib/python3.12/site-packages/airflow/example_dags/tutorial.py took 0.066 seconds
[2024-09-09T08:21:07.324+0000] {processor.py:186} INFO - Started process (PID=9631) to work on /home/airflow/.local/lib/python3.12/site-packages/airflow/example_dags/tutorial.py
[2024-09-09T08:21:07.326+0000] {processor.py:914} INFO - Processing file /home/airflow/.local/lib/python3.12/site-packages/airflow/example_dags/tutorial.py for tasks to queue
[2024-09-09T08:21:07.329+0000] {logging_mixin.py:190} INFO - [2024-09-09T08:21:07.328+0000] {dagbag.py:587} INFO - Filling up the DagBag from /home/airflow/.local/lib/python3.12/site-packages/airflow/example_dags/tutorial.py
[2024-09-09T08:21:07.339+0000] {processor.py:925} INFO - DAG(s) 'tutorial' retrieved from /home/airflow/.local/lib/python3.12/site-packages/airflow/example_dags/tutorial.py
[2024-09-09T08:21:07.357+0000] {logging_mixin.py:190} INFO - [2024-09-09T08:21:07.356+0000] {dag.py:3229} INFO - Sync 1 DAGs
[2024-09-09T08:21:07.374+0000] {logging_mixin.py:190} INFO - [2024-09-09T08:21:07.374+0000] {dag.py:4156} INFO - Setting next_dagrun for tutorial to 2024-09-08 00:00:00+00:00, run_after=2024-09-09 00:00:00+00:00
[2024-09-09T08:21:07.391+0000] {processor.py:208} INFO - Processing /home/airflow/.local/lib/python3.12/site-packages/airflow/example_dags/tutorial.py took 0.074 seconds
[2024-09-09T08:21:37.992+0000] {processor.py:186} INFO - Started process (PID=9917) to work on /home/airflow/.local/lib/python3.12/site-packages/airflow/example_dags/tutorial.py
[2024-09-09T08:21:37.993+0000] {processor.py:914} INFO - Processing file /home/airflow/.local/lib/python3.12/site-packages/airflow/example_dags/tutorial.py for tasks to queue
[2024-09-09T08:21:37.996+0000] {logging_mixin.py:190} INFO - [2024-09-09T08:21:37.996+0000] {dagbag.py:587} INFO - Filling up the DagBag from /home/airflow/.local/lib/python3.12/site-packages/airflow/example_dags/tutorial.py
[2024-09-09T08:21:38.004+0000] {processor.py:925} INFO - DAG(s) 'tutorial' retrieved from /home/airflow/.local/lib/python3.12/site-packages/airflow/example_dags/tutorial.py
[2024-09-09T08:21:38.024+0000] {logging_mixin.py:190} INFO - [2024-09-09T08:21:38.024+0000] {dag.py:3229} INFO - Sync 1 DAGs
[2024-09-09T08:21:38.043+0000] {logging_mixin.py:190} INFO - [2024-09-09T08:21:38.043+0000] {dag.py:4156} INFO - Setting next_dagrun for tutorial to 2024-09-08 00:00:00+00:00, run_after=2024-09-09 00:00:00+00:00
[2024-09-09T08:21:38.059+0000] {processor.py:208} INFO - Processing /home/airflow/.local/lib/python3.12/site-packages/airflow/example_dags/tutorial.py took 0.074 seconds
[2024-09-09T08:22:08.821+0000] {processor.py:186} INFO - Started process (PID=10203) to work on /home/airflow/.local/lib/python3.12/site-packages/airflow/example_dags/tutorial.py
[2024-09-09T08:22:08.822+0000] {processor.py:914} INFO - Processing file /home/airflow/.local/lib/python3.12/site-packages/airflow/example_dags/tutorial.py for tasks to queue
[2024-09-09T08:22:08.825+0000] {logging_mixin.py:190} INFO - [2024-09-09T08:22:08.825+0000] {dagbag.py:587} INFO - Filling up the DagBag from /home/airflow/.local/lib/python3.12/site-packages/airflow/example_dags/tutorial.py
[2024-09-09T08:22:08.835+0000] {processor.py:925} INFO - DAG(s) 'tutorial' retrieved from /home/airflow/.local/lib/python3.12/site-packages/airflow/example_dags/tutorial.py
[2024-09-09T08:22:08.857+0000] {logging_mixin.py:190} INFO - [2024-09-09T08:22:08.856+0000] {dag.py:3229} INFO - Sync 1 DAGs
[2024-09-09T08:22:08.880+0000] {logging_mixin.py:190} INFO - [2024-09-09T08:22:08.880+0000] {dag.py:4156} INFO - Setting next_dagrun for tutorial to 2024-09-08 00:00:00+00:00, run_after=2024-09-09 00:00:00+00:00
[2024-09-09T08:22:08.902+0000] {processor.py:208} INFO - Processing /home/airflow/.local/lib/python3.12/site-packages/airflow/example_dags/tutorial.py took 0.090 seconds
[2024-09-09T08:22:39.391+0000] {processor.py:186} INFO - Started process (PID=10489) to work on /home/airflow/.local/lib/python3.12/site-packages/airflow/example_dags/tutorial.py
[2024-09-09T08:22:39.392+0000] {processor.py:914} INFO - Processing file /home/airflow/.local/lib/python3.12/site-packages/airflow/example_dags/tutorial.py for tasks to queue
[2024-09-09T08:22:39.394+0000] {logging_mixin.py:190} INFO - [2024-09-09T08:22:39.394+0000] {dagbag.py:587} INFO - Filling up the DagBag from /home/airflow/.local/lib/python3.12/site-packages/airflow/example_dags/tutorial.py
[2024-09-09T08:22:39.400+0000] {processor.py:925} INFO - DAG(s) 'tutorial' retrieved from /home/airflow/.local/lib/python3.12/site-packages/airflow/example_dags/tutorial.py
[2024-09-09T08:22:39.418+0000] {logging_mixin.py:190} INFO - [2024-09-09T08:22:39.418+0000] {dag.py:3229} INFO - Sync 1 DAGs
[2024-09-09T08:22:39.435+0000] {logging_mixin.py:190} INFO - [2024-09-09T08:22:39.435+0000] {dag.py:4156} INFO - Setting next_dagrun for tutorial to 2024-09-08 00:00:00+00:00, run_after=2024-09-09 00:00:00+00:00
[2024-09-09T08:22:39.453+0000] {processor.py:208} INFO - Processing /home/airflow/.local/lib/python3.12/site-packages/airflow/example_dags/tutorial.py took 0.066 seconds
[2024-09-09T08:23:09.673+0000] {processor.py:186} INFO - Started process (PID=10775) to work on /home/airflow/.local/lib/python3.12/site-packages/airflow/example_dags/tutorial.py
[2024-09-09T08:23:09.674+0000] {processor.py:914} INFO - Processing file /home/airflow/.local/lib/python3.12/site-packages/airflow/example_dags/tutorial.py for tasks to queue
[2024-09-09T08:23:09.676+0000] {logging_mixin.py:190} INFO - [2024-09-09T08:23:09.676+0000] {dagbag.py:587} INFO - Filling up the DagBag from /home/airflow/.local/lib/python3.12/site-packages/airflow/example_dags/tutorial.py
[2024-09-09T08:23:09.682+0000] {processor.py:925} INFO - DAG(s) 'tutorial' retrieved from /home/airflow/.local/lib/python3.12/site-packages/airflow/example_dags/tutorial.py
[2024-09-09T08:23:09.702+0000] {logging_mixin.py:190} INFO - [2024-09-09T08:23:09.702+0000] {dag.py:3229} INFO - Sync 1 DAGs
[2024-09-09T08:23:09.720+0000] {logging_mixin.py:190} INFO - [2024-09-09T08:23:09.720+0000] {dag.py:4156} INFO - Setting next_dagrun for tutorial to 2024-09-08 00:00:00+00:00, run_after=2024-09-09 00:00:00+00:00
[2024-09-09T08:23:09.737+0000] {processor.py:208} INFO - Processing /home/airflow/.local/lib/python3.12/site-packages/airflow/example_dags/tutorial.py took 0.069 seconds
[2024-09-09T08:23:40.050+0000] {processor.py:186} INFO - Started process (PID=11061) to work on /home/airflow/.local/lib/python3.12/site-packages/airflow/example_dags/tutorial.py
[2024-09-09T08:23:40.051+0000] {processor.py:914} INFO - Processing file /home/airflow/.local/lib/python3.12/site-packages/airflow/example_dags/tutorial.py for tasks to queue
[2024-09-09T08:23:40.053+0000] {logging_mixin.py:190} INFO - [2024-09-09T08:23:40.052+0000] {dagbag.py:587} INFO - Filling up the DagBag from /home/airflow/.local/lib/python3.12/site-packages/airflow/example_dags/tutorial.py
[2024-09-09T08:23:40.059+0000] {processor.py:925} INFO - DAG(s) 'tutorial' retrieved from /home/airflow/.local/lib/python3.12/site-packages/airflow/example_dags/tutorial.py
[2024-09-09T08:23:40.077+0000] {logging_mixin.py:190} INFO - [2024-09-09T08:23:40.077+0000] {dag.py:3229} INFO - Sync 1 DAGs
[2024-09-09T08:23:40.095+0000] {logging_mixin.py:190} INFO - [2024-09-09T08:23:40.095+0000] {dag.py:4156} INFO - Setting next_dagrun for tutorial to 2024-09-08 00:00:00+00:00, run_after=2024-09-09 00:00:00+00:00
[2024-09-09T08:23:40.112+0000] {processor.py:208} INFO - Processing /home/airflow/.local/lib/python3.12/site-packages/airflow/example_dags/tutorial.py took 0.068 seconds
[2024-09-09T08:24:10.488+0000] {processor.py:186} INFO - Started process (PID=11347) to work on /home/airflow/.local/lib/python3.12/site-packages/airflow/example_dags/tutorial.py
[2024-09-09T08:24:10.489+0000] {processor.py:914} INFO - Processing file /home/airflow/.local/lib/python3.12/site-packages/airflow/example_dags/tutorial.py for tasks to queue
[2024-09-09T08:24:10.491+0000] {logging_mixin.py:190} INFO - [2024-09-09T08:24:10.490+0000] {dagbag.py:587} INFO - Filling up the DagBag from /home/airflow/.local/lib/python3.12/site-packages/airflow/example_dags/tutorial.py
[2024-09-09T08:24:10.497+0000] {processor.py:925} INFO - DAG(s) 'tutorial' retrieved from /home/airflow/.local/lib/python3.12/site-packages/airflow/example_dags/tutorial.py
[2024-09-09T08:24:10.513+0000] {logging_mixin.py:190} INFO - [2024-09-09T08:24:10.513+0000] {dag.py:3229} INFO - Sync 1 DAGs
[2024-09-09T08:24:10.537+0000] {logging_mixin.py:190} INFO - [2024-09-09T08:24:10.536+0000] {dag.py:4156} INFO - Setting next_dagrun for tutorial to 2024-09-08 00:00:00+00:00, run_after=2024-09-09 00:00:00+00:00
[2024-09-09T08:24:10.555+0000] {processor.py:208} INFO - Processing /home/airflow/.local/lib/python3.12/site-packages/airflow/example_dags/tutorial.py took 0.072 seconds
[2024-09-09T08:24:40.989+0000] {processor.py:186} INFO - Started process (PID=11633) to work on /home/airflow/.local/lib/python3.12/site-packages/airflow/example_dags/tutorial.py
[2024-09-09T08:24:40.990+0000] {processor.py:914} INFO - Processing file /home/airflow/.local/lib/python3.12/site-packages/airflow/example_dags/tutorial.py for tasks to queue
[2024-09-09T08:24:40.992+0000] {logging_mixin.py:190} INFO - [2024-09-09T08:24:40.992+0000] {dagbag.py:587} INFO - Filling up the DagBag from /home/airflow/.local/lib/python3.12/site-packages/airflow/example_dags/tutorial.py
[2024-09-09T08:24:41.000+0000] {processor.py:925} INFO - DAG(s) 'tutorial' retrieved from /home/airflow/.local/lib/python3.12/site-packages/airflow/example_dags/tutorial.py
[2024-09-09T08:24:41.017+0000] {logging_mixin.py:190} INFO - [2024-09-09T08:24:41.017+0000] {dag.py:3229} INFO - Sync 1 DAGs
[2024-09-09T08:24:41.036+0000] {logging_mixin.py:190} INFO - [2024-09-09T08:24:41.036+0000] {dag.py:4156} INFO - Setting next_dagrun for tutorial to 2024-09-08 00:00:00+00:00, run_after=2024-09-09 00:00:00+00:00
[2024-09-09T08:24:41.054+0000] {processor.py:208} INFO - Processing /home/airflow/.local/lib/python3.12/site-packages/airflow/example_dags/tutorial.py took 0.069 seconds
[2024-09-09T08:25:11.412+0000] {processor.py:186} INFO - Started process (PID=11919) to work on /home/airflow/.local/lib/python3.12/site-packages/airflow/example_dags/tutorial.py
[2024-09-09T08:25:11.413+0000] {processor.py:914} INFO - Processing file /home/airflow/.local/lib/python3.12/site-packages/airflow/example_dags/tutorial.py for tasks to queue
[2024-09-09T08:25:11.416+0000] {logging_mixin.py:190} INFO - [2024-09-09T08:25:11.416+0000] {dagbag.py:587} INFO - Filling up the DagBag from /home/airflow/.local/lib/python3.12/site-packages/airflow/example_dags/tutorial.py
[2024-09-09T08:25:11.423+0000] {processor.py:925} INFO - DAG(s) 'tutorial' retrieved from /home/airflow/.local/lib/python3.12/site-packages/airflow/example_dags/tutorial.py
[2024-09-09T08:25:11.442+0000] {logging_mixin.py:190} INFO - [2024-09-09T08:25:11.442+0000] {dag.py:3229} INFO - Sync 1 DAGs
[2024-09-09T08:25:11.464+0000] {logging_mixin.py:190} INFO - [2024-09-09T08:25:11.464+0000] {dag.py:4156} INFO - Setting next_dagrun for tutorial to 2024-09-08 00:00:00+00:00, run_after=2024-09-09 00:00:00+00:00
[2024-09-09T08:25:11.488+0000] {processor.py:208} INFO - Processing /home/airflow/.local/lib/python3.12/site-packages/airflow/example_dags/tutorial.py took 0.081 seconds
[2024-09-09T08:25:41.673+0000] {processor.py:186} INFO - Started process (PID=12205) to work on /home/airflow/.local/lib/python3.12/site-packages/airflow/example_dags/tutorial.py
[2024-09-09T08:25:41.674+0000] {processor.py:914} INFO - Processing file /home/airflow/.local/lib/python3.12/site-packages/airflow/example_dags/tutorial.py for tasks to queue
[2024-09-09T08:25:41.676+0000] {logging_mixin.py:190} INFO - [2024-09-09T08:25:41.676+0000] {dagbag.py:587} INFO - Filling up the DagBag from /home/airflow/.local/lib/python3.12/site-packages/airflow/example_dags/tutorial.py
[2024-09-09T08:25:41.683+0000] {processor.py:925} INFO - DAG(s) 'tutorial' retrieved from /home/airflow/.local/lib/python3.12/site-packages/airflow/example_dags/tutorial.py
[2024-09-09T08:25:41.700+0000] {logging_mixin.py:190} INFO - [2024-09-09T08:25:41.700+0000] {dag.py:3229} INFO - Sync 1 DAGs
[2024-09-09T08:25:41.719+0000] {logging_mixin.py:190} INFO - [2024-09-09T08:25:41.719+0000] {dag.py:4156} INFO - Setting next_dagrun for tutorial to 2024-09-08 00:00:00+00:00, run_after=2024-09-09 00:00:00+00:00
[2024-09-09T08:25:41.738+0000] {processor.py:208} INFO - Processing /home/airflow/.local/lib/python3.12/site-packages/airflow/example_dags/tutorial.py took 0.069 seconds
[2024-09-09T08:26:11.867+0000] {processor.py:186} INFO - Started process (PID=12492) to work on /home/airflow/.local/lib/python3.12/site-packages/airflow/example_dags/tutorial.py
[2024-09-09T08:26:11.868+0000] {processor.py:914} INFO - Processing file /home/airflow/.local/lib/python3.12/site-packages/airflow/example_dags/tutorial.py for tasks to queue
[2024-09-09T08:26:11.869+0000] {logging_mixin.py:190} INFO - [2024-09-09T08:26:11.869+0000] {dagbag.py:587} INFO - Filling up the DagBag from /home/airflow/.local/lib/python3.12/site-packages/airflow/example_dags/tutorial.py
[2024-09-09T08:26:11.876+0000] {processor.py:925} INFO - DAG(s) 'tutorial' retrieved from /home/airflow/.local/lib/python3.12/site-packages/airflow/example_dags/tutorial.py
[2024-09-09T08:26:11.893+0000] {logging_mixin.py:190} INFO - [2024-09-09T08:26:11.893+0000] {dag.py:3229} INFO - Sync 1 DAGs
[2024-09-09T08:26:11.911+0000] {logging_mixin.py:190} INFO - [2024-09-09T08:26:11.911+0000] {dag.py:4156} INFO - Setting next_dagrun for tutorial to 2024-09-08 00:00:00+00:00, run_after=2024-09-09 00:00:00+00:00
[2024-09-09T08:26:11.929+0000] {processor.py:208} INFO - Processing /home/airflow/.local/lib/python3.12/site-packages/airflow/example_dags/tutorial.py took 0.067 seconds
[2024-09-09T08:26:42.441+0000] {processor.py:186} INFO - Started process (PID=12784) to work on /home/airflow/.local/lib/python3.12/site-packages/airflow/example_dags/tutorial.py
[2024-09-09T08:26:42.442+0000] {processor.py:914} INFO - Processing file /home/airflow/.local/lib/python3.12/site-packages/airflow/example_dags/tutorial.py for tasks to queue
[2024-09-09T08:26:42.444+0000] {logging_mixin.py:190} INFO - [2024-09-09T08:26:42.444+0000] {dagbag.py:587} INFO - Filling up the DagBag from /home/airflow/.local/lib/python3.12/site-packages/airflow/example_dags/tutorial.py
[2024-09-09T08:26:42.450+0000] {processor.py:925} INFO - DAG(s) 'tutorial' retrieved from /home/airflow/.local/lib/python3.12/site-packages/airflow/example_dags/tutorial.py
[2024-09-09T08:26:42.468+0000] {logging_mixin.py:190} INFO - [2024-09-09T08:26:42.468+0000] {dag.py:3229} INFO - Sync 1 DAGs
[2024-09-09T08:26:42.485+0000] {logging_mixin.py:190} INFO - [2024-09-09T08:26:42.485+0000] {dag.py:4156} INFO - Setting next_dagrun for tutorial to 2024-09-08 00:00:00+00:00, run_after=2024-09-09 00:00:00+00:00
[2024-09-09T08:26:42.503+0000] {processor.py:208} INFO - Processing /home/airflow/.local/lib/python3.12/site-packages/airflow/example_dags/tutorial.py took 0.066 seconds
[2024-09-09T08:27:13.159+0000] {processor.py:186} INFO - Started process (PID=13070) to work on /home/airflow/.local/lib/python3.12/site-packages/airflow/example_dags/tutorial.py
[2024-09-09T08:27:13.160+0000] {processor.py:914} INFO - Processing file /home/airflow/.local/lib/python3.12/site-packages/airflow/example_dags/tutorial.py for tasks to queue
[2024-09-09T08:27:13.162+0000] {logging_mixin.py:190} INFO - [2024-09-09T08:27:13.161+0000] {dagbag.py:587} INFO - Filling up the DagBag from /home/airflow/.local/lib/python3.12/site-packages/airflow/example_dags/tutorial.py
[2024-09-09T08:27:13.168+0000] {processor.py:925} INFO - DAG(s) 'tutorial' retrieved from /home/airflow/.local/lib/python3.12/site-packages/airflow/example_dags/tutorial.py
[2024-09-09T08:27:13.186+0000] {logging_mixin.py:190} INFO - [2024-09-09T08:27:13.186+0000] {dag.py:3229} INFO - Sync 1 DAGs
[2024-09-09T08:27:13.205+0000] {logging_mixin.py:190} INFO - [2024-09-09T08:27:13.204+0000] {dag.py:4156} INFO - Setting next_dagrun for tutorial to 2024-09-08 00:00:00+00:00, run_after=2024-09-09 00:00:00+00:00
[2024-09-09T08:27:13.224+0000] {processor.py:208} INFO - Processing /home/airflow/.local/lib/python3.12/site-packages/airflow/example_dags/tutorial.py took 0.070 seconds
[2024-09-09T08:27:43.717+0000] {processor.py:186} INFO - Started process (PID=13354) to work on /home/airflow/.local/lib/python3.12/site-packages/airflow/example_dags/tutorial.py
[2024-09-09T08:27:43.720+0000] {processor.py:914} INFO - Processing file /home/airflow/.local/lib/python3.12/site-packages/airflow/example_dags/tutorial.py for tasks to queue
[2024-09-09T08:27:43.728+0000] {logging_mixin.py:190} INFO - [2024-09-09T08:27:43.726+0000] {dagbag.py:587} INFO - Filling up the DagBag from /home/airflow/.local/lib/python3.12/site-packages/airflow/example_dags/tutorial.py
[2024-09-09T08:27:43.738+0000] {processor.py:925} INFO - DAG(s) 'tutorial' retrieved from /home/airflow/.local/lib/python3.12/site-packages/airflow/example_dags/tutorial.py
[2024-09-09T08:27:43.765+0000] {logging_mixin.py:190} INFO - [2024-09-09T08:27:43.764+0000] {dag.py:3229} INFO - Sync 1 DAGs
[2024-09-09T08:27:43.791+0000] {logging_mixin.py:190} INFO - [2024-09-09T08:27:43.791+0000] {dag.py:4156} INFO - Setting next_dagrun for tutorial to 2024-09-08 00:00:00+00:00, run_after=2024-09-09 00:00:00+00:00
[2024-09-09T08:27:43.813+0000] {processor.py:208} INFO - Processing /home/airflow/.local/lib/python3.12/site-packages/airflow/example_dags/tutorial.py took 0.103 seconds
[2024-09-09T08:28:14.204+0000] {processor.py:186} INFO - Started process (PID=13642) to work on /home/airflow/.local/lib/python3.12/site-packages/airflow/example_dags/tutorial.py
[2024-09-09T08:28:14.206+0000] {processor.py:914} INFO - Processing file /home/airflow/.local/lib/python3.12/site-packages/airflow/example_dags/tutorial.py for tasks to queue
[2024-09-09T08:28:14.208+0000] {logging_mixin.py:190} INFO - [2024-09-09T08:28:14.208+0000] {dagbag.py:587} INFO - Filling up the DagBag from /home/airflow/.local/lib/python3.12/site-packages/airflow/example_dags/tutorial.py
[2024-09-09T08:28:14.215+0000] {processor.py:925} INFO - DAG(s) 'tutorial' retrieved from /home/airflow/.local/lib/python3.12/site-packages/airflow/example_dags/tutorial.py
[2024-09-09T08:28:14.233+0000] {logging_mixin.py:190} INFO - [2024-09-09T08:28:14.233+0000] {dag.py:3229} INFO - Sync 1 DAGs
[2024-09-09T08:28:14.256+0000] {logging_mixin.py:190} INFO - [2024-09-09T08:28:14.256+0000] {dag.py:4156} INFO - Setting next_dagrun for tutorial to 2024-09-08 00:00:00+00:00, run_after=2024-09-09 00:00:00+00:00
[2024-09-09T08:28:14.272+0000] {processor.py:208} INFO - Processing /home/airflow/.local/lib/python3.12/site-packages/airflow/example_dags/tutorial.py took 0.076 seconds
[2024-09-09T08:28:44.633+0000] {processor.py:186} INFO - Started process (PID=13928) to work on /home/airflow/.local/lib/python3.12/site-packages/airflow/example_dags/tutorial.py
[2024-09-09T08:28:44.634+0000] {processor.py:914} INFO - Processing file /home/airflow/.local/lib/python3.12/site-packages/airflow/example_dags/tutorial.py for tasks to queue
[2024-09-09T08:28:44.637+0000] {logging_mixin.py:190} INFO - [2024-09-09T08:28:44.637+0000] {dagbag.py:587} INFO - Filling up the DagBag from /home/airflow/.local/lib/python3.12/site-packages/airflow/example_dags/tutorial.py
[2024-09-09T08:28:44.647+0000] {processor.py:925} INFO - DAG(s) 'tutorial' retrieved from /home/airflow/.local/lib/python3.12/site-packages/airflow/example_dags/tutorial.py
[2024-09-09T08:28:44.674+0000] {logging_mixin.py:190} INFO - [2024-09-09T08:28:44.674+0000] {dag.py:3229} INFO - Sync 1 DAGs
[2024-09-09T08:28:44.705+0000] {logging_mixin.py:190} INFO - [2024-09-09T08:28:44.705+0000] {dag.py:4156} INFO - Setting next_dagrun for tutorial to 2024-09-08 00:00:00+00:00, run_after=2024-09-09 00:00:00+00:00
[2024-09-09T08:28:44.731+0000] {processor.py:208} INFO - Processing /home/airflow/.local/lib/python3.12/site-packages/airflow/example_dags/tutorial.py took 0.106 seconds
[2024-09-09T08:29:14.781+0000] {processor.py:186} INFO - Started process (PID=14214) to work on /home/airflow/.local/lib/python3.12/site-packages/airflow/example_dags/tutorial.py
[2024-09-09T08:29:14.782+0000] {processor.py:914} INFO - Processing file /home/airflow/.local/lib/python3.12/site-packages/airflow/example_dags/tutorial.py for tasks to queue
[2024-09-09T08:29:14.783+0000] {logging_mixin.py:190} INFO - [2024-09-09T08:29:14.783+0000] {dagbag.py:587} INFO - Filling up the DagBag from /home/airflow/.local/lib/python3.12/site-packages/airflow/example_dags/tutorial.py
[2024-09-09T08:29:14.790+0000] {processor.py:925} INFO - DAG(s) 'tutorial' retrieved from /home/airflow/.local/lib/python3.12/site-packages/airflow/example_dags/tutorial.py
[2024-09-09T08:29:14.809+0000] {logging_mixin.py:190} INFO - [2024-09-09T08:29:14.809+0000] {dag.py:3229} INFO - Sync 1 DAGs
[2024-09-09T08:29:14.828+0000] {logging_mixin.py:190} INFO - [2024-09-09T08:29:14.828+0000] {dag.py:4156} INFO - Setting next_dagrun for tutorial to 2024-09-08 00:00:00+00:00, run_after=2024-09-09 00:00:00+00:00
[2024-09-09T08:29:14.846+0000] {processor.py:208} INFO - Processing /home/airflow/.local/lib/python3.12/site-packages/airflow/example_dags/tutorial.py took 0.070 seconds
[2024-09-09T08:29:44.919+0000] {processor.py:186} INFO - Started process (PID=14498) to work on /home/airflow/.local/lib/python3.12/site-packages/airflow/example_dags/tutorial.py
[2024-09-09T08:29:44.921+0000] {processor.py:914} INFO - Processing file /home/airflow/.local/lib/python3.12/site-packages/airflow/example_dags/tutorial.py for tasks to queue
[2024-09-09T08:29:44.924+0000] {logging_mixin.py:190} INFO - [2024-09-09T08:29:44.923+0000] {dagbag.py:587} INFO - Filling up the DagBag from /home/airflow/.local/lib/python3.12/site-packages/airflow/example_dags/tutorial.py
[2024-09-09T08:29:44.936+0000] {processor.py:925} INFO - DAG(s) 'tutorial' retrieved from /home/airflow/.local/lib/python3.12/site-packages/airflow/example_dags/tutorial.py
[2024-09-09T08:29:44.966+0000] {logging_mixin.py:190} INFO - [2024-09-09T08:29:44.966+0000] {dag.py:3229} INFO - Sync 1 DAGs
[2024-09-09T08:29:45.009+0000] {logging_mixin.py:190} INFO - [2024-09-09T08:29:45.009+0000] {dag.py:4156} INFO - Setting next_dagrun for tutorial to 2024-09-08 00:00:00+00:00, run_after=2024-09-09 00:00:00+00:00
[2024-09-09T08:29:45.059+0000] {processor.py:208} INFO - Processing /home/airflow/.local/lib/python3.12/site-packages/airflow/example_dags/tutorial.py took 0.147 seconds
[2024-09-09T08:30:15.236+0000] {processor.py:186} INFO - Started process (PID=14784) to work on /home/airflow/.local/lib/python3.12/site-packages/airflow/example_dags/tutorial.py
[2024-09-09T08:30:15.238+0000] {processor.py:914} INFO - Processing file /home/airflow/.local/lib/python3.12/site-packages/airflow/example_dags/tutorial.py for tasks to queue
[2024-09-09T08:30:15.241+0000] {logging_mixin.py:190} INFO - [2024-09-09T08:30:15.241+0000] {dagbag.py:587} INFO - Filling up the DagBag from /home/airflow/.local/lib/python3.12/site-packages/airflow/example_dags/tutorial.py
[2024-09-09T08:30:15.252+0000] {processor.py:925} INFO - DAG(s) 'tutorial' retrieved from /home/airflow/.local/lib/python3.12/site-packages/airflow/example_dags/tutorial.py
[2024-09-09T08:30:15.278+0000] {logging_mixin.py:190} INFO - [2024-09-09T08:30:15.278+0000] {dag.py:3229} INFO - Sync 1 DAGs
[2024-09-09T08:30:15.305+0000] {logging_mixin.py:190} INFO - [2024-09-09T08:30:15.305+0000] {dag.py:4156} INFO - Setting next_dagrun for tutorial to 2024-09-08 00:00:00+00:00, run_after=2024-09-09 00:00:00+00:00
[2024-09-09T08:30:15.327+0000] {processor.py:208} INFO - Processing /home/airflow/.local/lib/python3.12/site-packages/airflow/example_dags/tutorial.py took 0.100 seconds
[2024-09-09T08:30:45.537+0000] {processor.py:186} INFO - Started process (PID=15070) to work on /home/airflow/.local/lib/python3.12/site-packages/airflow/example_dags/tutorial.py
[2024-09-09T08:30:45.538+0000] {processor.py:914} INFO - Processing file /home/airflow/.local/lib/python3.12/site-packages/airflow/example_dags/tutorial.py for tasks to queue
[2024-09-09T08:30:45.541+0000] {logging_mixin.py:190} INFO - [2024-09-09T08:30:45.541+0000] {dagbag.py:587} INFO - Filling up the DagBag from /home/airflow/.local/lib/python3.12/site-packages/airflow/example_dags/tutorial.py
[2024-09-09T08:30:45.549+0000] {processor.py:925} INFO - DAG(s) 'tutorial' retrieved from /home/airflow/.local/lib/python3.12/site-packages/airflow/example_dags/tutorial.py
[2024-09-09T08:30:45.570+0000] {logging_mixin.py:190} INFO - [2024-09-09T08:30:45.570+0000] {dag.py:3229} INFO - Sync 1 DAGs
[2024-09-09T08:30:45.594+0000] {logging_mixin.py:190} INFO - [2024-09-09T08:30:45.594+0000] {dag.py:4156} INFO - Setting next_dagrun for tutorial to 2024-09-08 00:00:00+00:00, run_after=2024-09-09 00:00:00+00:00
[2024-09-09T08:30:45.615+0000] {processor.py:208} INFO - Processing /home/airflow/.local/lib/python3.12/site-packages/airflow/example_dags/tutorial.py took 0.084 seconds
[2024-09-09T08:31:16.223+0000] {processor.py:186} INFO - Started process (PID=15358) to work on /home/airflow/.local/lib/python3.12/site-packages/airflow/example_dags/tutorial.py
[2024-09-09T08:31:16.224+0000] {processor.py:914} INFO - Processing file /home/airflow/.local/lib/python3.12/site-packages/airflow/example_dags/tutorial.py for tasks to queue
[2024-09-09T08:31:16.226+0000] {logging_mixin.py:190} INFO - [2024-09-09T08:31:16.225+0000] {dagbag.py:587} INFO - Filling up the DagBag from /home/airflow/.local/lib/python3.12/site-packages/airflow/example_dags/tutorial.py
[2024-09-09T08:31:16.232+0000] {processor.py:925} INFO - DAG(s) 'tutorial' retrieved from /home/airflow/.local/lib/python3.12/site-packages/airflow/example_dags/tutorial.py
[2024-09-09T08:31:16.250+0000] {logging_mixin.py:190} INFO - [2024-09-09T08:31:16.250+0000] {dag.py:3229} INFO - Sync 1 DAGs
[2024-09-09T08:31:16.269+0000] {logging_mixin.py:190} INFO - [2024-09-09T08:31:16.269+0000] {dag.py:4156} INFO - Setting next_dagrun for tutorial to 2024-09-08 00:00:00+00:00, run_after=2024-09-09 00:00:00+00:00
[2024-09-09T08:31:16.288+0000] {processor.py:208} INFO - Processing /home/airflow/.local/lib/python3.12/site-packages/airflow/example_dags/tutorial.py took 0.071 seconds
[2024-09-09T08:31:46.426+0000] {processor.py:186} INFO - Started process (PID=15644) to work on /home/airflow/.local/lib/python3.12/site-packages/airflow/example_dags/tutorial.py
[2024-09-09T08:31:46.428+0000] {processor.py:914} INFO - Processing file /home/airflow/.local/lib/python3.12/site-packages/airflow/example_dags/tutorial.py for tasks to queue
[2024-09-09T08:31:46.430+0000] {logging_mixin.py:190} INFO - [2024-09-09T08:31:46.430+0000] {dagbag.py:587} INFO - Filling up the DagBag from /home/airflow/.local/lib/python3.12/site-packages/airflow/example_dags/tutorial.py
[2024-09-09T08:31:46.436+0000] {processor.py:925} INFO - DAG(s) 'tutorial' retrieved from /home/airflow/.local/lib/python3.12/site-packages/airflow/example_dags/tutorial.py
[2024-09-09T08:31:46.455+0000] {logging_mixin.py:190} INFO - [2024-09-09T08:31:46.455+0000] {dag.py:3229} INFO - Sync 1 DAGs
[2024-09-09T08:31:46.474+0000] {logging_mixin.py:190} INFO - [2024-09-09T08:31:46.474+0000] {dag.py:4156} INFO - Setting next_dagrun for tutorial to 2024-09-08 00:00:00+00:00, run_after=2024-09-09 00:00:00+00:00
[2024-09-09T08:31:46.493+0000] {processor.py:208} INFO - Processing /home/airflow/.local/lib/python3.12/site-packages/airflow/example_dags/tutorial.py took 0.072 seconds
[2024-09-09T08:32:16.656+0000] {processor.py:186} INFO - Started process (PID=15930) to work on /home/airflow/.local/lib/python3.12/site-packages/airflow/example_dags/tutorial.py
[2024-09-09T08:32:16.657+0000] {processor.py:914} INFO - Processing file /home/airflow/.local/lib/python3.12/site-packages/airflow/example_dags/tutorial.py for tasks to queue
[2024-09-09T08:32:16.659+0000] {logging_mixin.py:190} INFO - [2024-09-09T08:32:16.659+0000] {dagbag.py:587} INFO - Filling up the DagBag from /home/airflow/.local/lib/python3.12/site-packages/airflow/example_dags/tutorial.py
[2024-09-09T08:32:16.666+0000] {processor.py:925} INFO - DAG(s) 'tutorial' retrieved from /home/airflow/.local/lib/python3.12/site-packages/airflow/example_dags/tutorial.py
[2024-09-09T08:32:16.684+0000] {logging_mixin.py:190} INFO - [2024-09-09T08:32:16.684+0000] {dag.py:3229} INFO - Sync 1 DAGs
[2024-09-09T08:32:16.703+0000] {logging_mixin.py:190} INFO - [2024-09-09T08:32:16.703+0000] {dag.py:4156} INFO - Setting next_dagrun for tutorial to 2024-09-08 00:00:00+00:00, run_after=2024-09-09 00:00:00+00:00
[2024-09-09T08:32:16.722+0000] {processor.py:208} INFO - Processing /home/airflow/.local/lib/python3.12/site-packages/airflow/example_dags/tutorial.py took 0.071 seconds
[2024-09-09T08:32:47.556+0000] {processor.py:186} INFO - Started process (PID=16215) to work on /home/airflow/.local/lib/python3.12/site-packages/airflow/example_dags/tutorial.py
[2024-09-09T08:32:47.558+0000] {processor.py:914} INFO - Processing file /home/airflow/.local/lib/python3.12/site-packages/airflow/example_dags/tutorial.py for tasks to queue
[2024-09-09T08:32:47.560+0000] {logging_mixin.py:190} INFO - [2024-09-09T08:32:47.559+0000] {dagbag.py:587} INFO - Filling up the DagBag from /home/airflow/.local/lib/python3.12/site-packages/airflow/example_dags/tutorial.py
[2024-09-09T08:32:47.567+0000] {processor.py:925} INFO - DAG(s) 'tutorial' retrieved from /home/airflow/.local/lib/python3.12/site-packages/airflow/example_dags/tutorial.py
[2024-09-09T08:32:47.587+0000] {logging_mixin.py:190} INFO - [2024-09-09T08:32:47.586+0000] {dag.py:3229} INFO - Sync 1 DAGs
[2024-09-09T08:32:47.767+0000] {logging_mixin.py:190} INFO - [2024-09-09T08:32:47.767+0000] {dag.py:4156} INFO - Setting next_dagrun for tutorial to 2024-09-08 00:00:00+00:00, run_after=2024-09-09 00:00:00+00:00
[2024-09-09T08:32:47.786+0000] {processor.py:208} INFO - Processing /home/airflow/.local/lib/python3.12/site-packages/airflow/example_dags/tutorial.py took 0.235 seconds
[2024-09-09T08:33:18.416+0000] {processor.py:186} INFO - Started process (PID=16506) to work on /home/airflow/.local/lib/python3.12/site-packages/airflow/example_dags/tutorial.py
[2024-09-09T08:33:18.417+0000] {processor.py:914} INFO - Processing file /home/airflow/.local/lib/python3.12/site-packages/airflow/example_dags/tutorial.py for tasks to queue
[2024-09-09T08:33:18.420+0000] {logging_mixin.py:190} INFO - [2024-09-09T08:33:18.419+0000] {dagbag.py:587} INFO - Filling up the DagBag from /home/airflow/.local/lib/python3.12/site-packages/airflow/example_dags/tutorial.py
[2024-09-09T08:33:18.427+0000] {processor.py:925} INFO - DAG(s) 'tutorial' retrieved from /home/airflow/.local/lib/python3.12/site-packages/airflow/example_dags/tutorial.py
[2024-09-09T08:33:18.450+0000] {logging_mixin.py:190} INFO - [2024-09-09T08:33:18.449+0000] {dag.py:3229} INFO - Sync 1 DAGs
[2024-09-09T08:33:18.722+0000] {logging_mixin.py:190} INFO - [2024-09-09T08:33:18.722+0000] {dag.py:4156} INFO - Setting next_dagrun for tutorial to 2024-09-08 00:00:00+00:00, run_after=2024-09-09 00:00:00+00:00
[2024-09-09T08:33:18.746+0000] {processor.py:208} INFO - Processing /home/airflow/.local/lib/python3.12/site-packages/airflow/example_dags/tutorial.py took 0.337 seconds
[2024-09-09T08:33:48.872+0000] {processor.py:186} INFO - Started process (PID=16785) to work on /home/airflow/.local/lib/python3.12/site-packages/airflow/example_dags/tutorial.py
[2024-09-09T08:33:48.873+0000] {processor.py:914} INFO - Processing file /home/airflow/.local/lib/python3.12/site-packages/airflow/example_dags/tutorial.py for tasks to queue
[2024-09-09T08:33:48.875+0000] {logging_mixin.py:190} INFO - [2024-09-09T08:33:48.875+0000] {dagbag.py:587} INFO - Filling up the DagBag from /home/airflow/.local/lib/python3.12/site-packages/airflow/example_dags/tutorial.py
[2024-09-09T08:33:48.882+0000] {processor.py:925} INFO - DAG(s) 'tutorial' retrieved from /home/airflow/.local/lib/python3.12/site-packages/airflow/example_dags/tutorial.py
[2024-09-09T08:33:48.901+0000] {logging_mixin.py:190} INFO - [2024-09-09T08:33:48.901+0000] {dag.py:3229} INFO - Sync 1 DAGs
[2024-09-09T08:33:48.921+0000] {logging_mixin.py:190} INFO - [2024-09-09T08:33:48.920+0000] {dag.py:4156} INFO - Setting next_dagrun for tutorial to 2024-09-08 00:00:00+00:00, run_after=2024-09-09 00:00:00+00:00
[2024-09-09T08:33:48.941+0000] {processor.py:208} INFO - Processing /home/airflow/.local/lib/python3.12/site-packages/airflow/example_dags/tutorial.py took 0.074 seconds
[2024-09-09T08:34:19.588+0000] {processor.py:186} INFO - Started process (PID=17071) to work on /home/airflow/.local/lib/python3.12/site-packages/airflow/example_dags/tutorial.py
[2024-09-09T08:34:19.589+0000] {processor.py:914} INFO - Processing file /home/airflow/.local/lib/python3.12/site-packages/airflow/example_dags/tutorial.py for tasks to queue
[2024-09-09T08:34:19.591+0000] {logging_mixin.py:190} INFO - [2024-09-09T08:34:19.591+0000] {dagbag.py:587} INFO - Filling up the DagBag from /home/airflow/.local/lib/python3.12/site-packages/airflow/example_dags/tutorial.py
[2024-09-09T08:34:19.598+0000] {processor.py:925} INFO - DAG(s) 'tutorial' retrieved from /home/airflow/.local/lib/python3.12/site-packages/airflow/example_dags/tutorial.py
[2024-09-09T08:34:19.617+0000] {logging_mixin.py:190} INFO - [2024-09-09T08:34:19.617+0000] {dag.py:3229} INFO - Sync 1 DAGs
[2024-09-09T08:34:19.641+0000] {logging_mixin.py:190} INFO - [2024-09-09T08:34:19.641+0000] {dag.py:4156} INFO - Setting next_dagrun for tutorial to 2024-09-08 00:00:00+00:00, run_after=2024-09-09 00:00:00+00:00
[2024-09-09T08:34:19.662+0000] {processor.py:208} INFO - Processing /home/airflow/.local/lib/python3.12/site-packages/airflow/example_dags/tutorial.py took 0.079 seconds
[2024-09-09T08:34:50.349+0000] {processor.py:186} INFO - Started process (PID=17357) to work on /home/airflow/.local/lib/python3.12/site-packages/airflow/example_dags/tutorial.py
[2024-09-09T08:34:50.351+0000] {processor.py:914} INFO - Processing file /home/airflow/.local/lib/python3.12/site-packages/airflow/example_dags/tutorial.py for tasks to queue
[2024-09-09T08:34:50.353+0000] {logging_mixin.py:190} INFO - [2024-09-09T08:34:50.353+0000] {dagbag.py:587} INFO - Filling up the DagBag from /home/airflow/.local/lib/python3.12/site-packages/airflow/example_dags/tutorial.py
[2024-09-09T08:34:50.363+0000] {processor.py:925} INFO - DAG(s) 'tutorial' retrieved from /home/airflow/.local/lib/python3.12/site-packages/airflow/example_dags/tutorial.py
[2024-09-09T08:34:50.389+0000] {logging_mixin.py:190} INFO - [2024-09-09T08:34:50.389+0000] {dag.py:3229} INFO - Sync 1 DAGs
[2024-09-09T08:34:50.420+0000] {logging_mixin.py:190} INFO - [2024-09-09T08:34:50.420+0000] {dag.py:4156} INFO - Setting next_dagrun for tutorial to 2024-09-08 00:00:00+00:00, run_after=2024-09-09 00:00:00+00:00
[2024-09-09T08:34:50.444+0000] {processor.py:208} INFO - Processing /home/airflow/.local/lib/python3.12/site-packages/airflow/example_dags/tutorial.py took 0.103 seconds
[2024-09-09T08:35:21.398+0000] {processor.py:186} INFO - Started process (PID=17643) to work on /home/airflow/.local/lib/python3.12/site-packages/airflow/example_dags/tutorial.py
[2024-09-09T08:35:21.401+0000] {processor.py:914} INFO - Processing file /home/airflow/.local/lib/python3.12/site-packages/airflow/example_dags/tutorial.py for tasks to queue
[2024-09-09T08:35:21.405+0000] {logging_mixin.py:190} INFO - [2024-09-09T08:35:21.404+0000] {dagbag.py:587} INFO - Filling up the DagBag from /home/airflow/.local/lib/python3.12/site-packages/airflow/example_dags/tutorial.py
[2024-09-09T08:35:21.415+0000] {processor.py:925} INFO - DAG(s) 'tutorial' retrieved from /home/airflow/.local/lib/python3.12/site-packages/airflow/example_dags/tutorial.py
[2024-09-09T08:35:21.436+0000] {logging_mixin.py:190} INFO - [2024-09-09T08:35:21.436+0000] {dag.py:3229} INFO - Sync 1 DAGs
[2024-09-09T08:35:21.455+0000] {logging_mixin.py:190} INFO - [2024-09-09T08:35:21.455+0000] {dag.py:4156} INFO - Setting next_dagrun for tutorial to 2024-09-08 00:00:00+00:00, run_after=2024-09-09 00:00:00+00:00
[2024-09-09T08:35:21.474+0000] {processor.py:208} INFO - Processing /home/airflow/.local/lib/python3.12/site-packages/airflow/example_dags/tutorial.py took 0.083 seconds
[2024-09-09T08:35:51.602+0000] {processor.py:186} INFO - Started process (PID=17929) to work on /home/airflow/.local/lib/python3.12/site-packages/airflow/example_dags/tutorial.py
[2024-09-09T08:35:51.603+0000] {processor.py:914} INFO - Processing file /home/airflow/.local/lib/python3.12/site-packages/airflow/example_dags/tutorial.py for tasks to queue
[2024-09-09T08:35:51.605+0000] {logging_mixin.py:190} INFO - [2024-09-09T08:35:51.605+0000] {dagbag.py:587} INFO - Filling up the DagBag from /home/airflow/.local/lib/python3.12/site-packages/airflow/example_dags/tutorial.py
[2024-09-09T08:35:51.613+0000] {processor.py:925} INFO - DAG(s) 'tutorial' retrieved from /home/airflow/.local/lib/python3.12/site-packages/airflow/example_dags/tutorial.py
[2024-09-09T08:35:51.632+0000] {logging_mixin.py:190} INFO - [2024-09-09T08:35:51.631+0000] {dag.py:3229} INFO - Sync 1 DAGs
[2024-09-09T08:35:51.651+0000] {logging_mixin.py:190} INFO - [2024-09-09T08:35:51.651+0000] {dag.py:4156} INFO - Setting next_dagrun for tutorial to 2024-09-08 00:00:00+00:00, run_after=2024-09-09 00:00:00+00:00
[2024-09-09T08:35:51.687+0000] {processor.py:208} INFO - Processing /home/airflow/.local/lib/python3.12/site-packages/airflow/example_dags/tutorial.py took 0.090 seconds
[2024-09-09T08:36:22.025+0000] {processor.py:186} INFO - Started process (PID=18215) to work on /home/airflow/.local/lib/python3.12/site-packages/airflow/example_dags/tutorial.py
[2024-09-09T08:36:22.026+0000] {processor.py:914} INFO - Processing file /home/airflow/.local/lib/python3.12/site-packages/airflow/example_dags/tutorial.py for tasks to queue
[2024-09-09T08:36:22.028+0000] {logging_mixin.py:190} INFO - [2024-09-09T08:36:22.027+0000] {dagbag.py:587} INFO - Filling up the DagBag from /home/airflow/.local/lib/python3.12/site-packages/airflow/example_dags/tutorial.py
[2024-09-09T08:36:22.035+0000] {processor.py:925} INFO - DAG(s) 'tutorial' retrieved from /home/airflow/.local/lib/python3.12/site-packages/airflow/example_dags/tutorial.py
[2024-09-09T08:36:22.054+0000] {logging_mixin.py:190} INFO - [2024-09-09T08:36:22.053+0000] {dag.py:3229} INFO - Sync 1 DAGs
[2024-09-09T08:36:22.075+0000] {logging_mixin.py:190} INFO - [2024-09-09T08:36:22.075+0000] {dag.py:4156} INFO - Setting next_dagrun for tutorial to 2024-09-08 00:00:00+00:00, run_after=2024-09-09 00:00:00+00:00
[2024-09-09T08:36:22.095+0000] {processor.py:208} INFO - Processing /home/airflow/.local/lib/python3.12/site-packages/airflow/example_dags/tutorial.py took 0.076 seconds
[2024-09-09T08:36:52.848+0000] {processor.py:186} INFO - Started process (PID=18501) to work on /home/airflow/.local/lib/python3.12/site-packages/airflow/example_dags/tutorial.py
[2024-09-09T08:36:52.849+0000] {processor.py:914} INFO - Processing file /home/airflow/.local/lib/python3.12/site-packages/airflow/example_dags/tutorial.py for tasks to queue
[2024-09-09T08:36:52.851+0000] {logging_mixin.py:190} INFO - [2024-09-09T08:36:52.851+0000] {dagbag.py:587} INFO - Filling up the DagBag from /home/airflow/.local/lib/python3.12/site-packages/airflow/example_dags/tutorial.py
[2024-09-09T08:36:52.860+0000] {processor.py:925} INFO - DAG(s) 'tutorial' retrieved from /home/airflow/.local/lib/python3.12/site-packages/airflow/example_dags/tutorial.py
[2024-09-09T08:36:52.880+0000] {logging_mixin.py:190} INFO - [2024-09-09T08:36:52.880+0000] {dag.py:3229} INFO - Sync 1 DAGs
[2024-09-09T08:36:52.901+0000] {logging_mixin.py:190} INFO - [2024-09-09T08:36:52.900+0000] {dag.py:4156} INFO - Setting next_dagrun for tutorial to 2024-09-08 00:00:00+00:00, run_after=2024-09-09 00:00:00+00:00
[2024-09-09T08:36:52.922+0000] {processor.py:208} INFO - Processing /home/airflow/.local/lib/python3.12/site-packages/airflow/example_dags/tutorial.py took 0.081 seconds
[2024-09-09T08:37:23.023+0000] {processor.py:186} INFO - Started process (PID=18787) to work on /home/airflow/.local/lib/python3.12/site-packages/airflow/example_dags/tutorial.py
[2024-09-09T08:37:23.025+0000] {processor.py:914} INFO - Processing file /home/airflow/.local/lib/python3.12/site-packages/airflow/example_dags/tutorial.py for tasks to queue
[2024-09-09T08:37:23.027+0000] {logging_mixin.py:190} INFO - [2024-09-09T08:37:23.027+0000] {dagbag.py:587} INFO - Filling up the DagBag from /home/airflow/.local/lib/python3.12/site-packages/airflow/example_dags/tutorial.py
[2024-09-09T08:37:23.035+0000] {processor.py:925} INFO - DAG(s) 'tutorial' retrieved from /home/airflow/.local/lib/python3.12/site-packages/airflow/example_dags/tutorial.py
[2024-09-09T08:37:23.056+0000] {logging_mixin.py:190} INFO - [2024-09-09T08:37:23.056+0000] {dag.py:3229} INFO - Sync 1 DAGs
[2024-09-09T08:37:23.080+0000] {logging_mixin.py:190} INFO - [2024-09-09T08:37:23.080+0000] {dag.py:4156} INFO - Setting next_dagrun for tutorial to 2024-09-08 00:00:00+00:00, run_after=2024-09-09 00:00:00+00:00
[2024-09-09T08:37:23.102+0000] {processor.py:208} INFO - Processing /home/airflow/.local/lib/python3.12/site-packages/airflow/example_dags/tutorial.py took 0.083 seconds
[2024-09-09T08:37:53.595+0000] {processor.py:186} INFO - Started process (PID=19073) to work on /home/airflow/.local/lib/python3.12/site-packages/airflow/example_dags/tutorial.py
[2024-09-09T08:37:53.596+0000] {processor.py:914} INFO - Processing file /home/airflow/.local/lib/python3.12/site-packages/airflow/example_dags/tutorial.py for tasks to queue
[2024-09-09T08:37:53.600+0000] {logging_mixin.py:190} INFO - [2024-09-09T08:37:53.599+0000] {dagbag.py:587} INFO - Filling up the DagBag from /home/airflow/.local/lib/python3.12/site-packages/airflow/example_dags/tutorial.py
[2024-09-09T08:37:53.613+0000] {processor.py:925} INFO - DAG(s) 'tutorial' retrieved from /home/airflow/.local/lib/python3.12/site-packages/airflow/example_dags/tutorial.py
[2024-09-09T08:37:53.639+0000] {logging_mixin.py:190} INFO - [2024-09-09T08:37:53.639+0000] {dag.py:3229} INFO - Sync 1 DAGs
[2024-09-09T08:37:53.664+0000] {logging_mixin.py:190} INFO - [2024-09-09T08:37:53.664+0000] {dag.py:4156} INFO - Setting next_dagrun for tutorial to 2024-09-08 00:00:00+00:00, run_after=2024-09-09 00:00:00+00:00
[2024-09-09T08:37:53.685+0000] {processor.py:208} INFO - Processing /home/airflow/.local/lib/python3.12/site-packages/airflow/example_dags/tutorial.py took 0.098 seconds
[2024-09-09T08:38:24.313+0000] {processor.py:186} INFO - Started process (PID=19359) to work on /home/airflow/.local/lib/python3.12/site-packages/airflow/example_dags/tutorial.py
[2024-09-09T08:38:24.315+0000] {processor.py:914} INFO - Processing file /home/airflow/.local/lib/python3.12/site-packages/airflow/example_dags/tutorial.py for tasks to queue
[2024-09-09T08:38:24.318+0000] {logging_mixin.py:190} INFO - [2024-09-09T08:38:24.318+0000] {dagbag.py:587} INFO - Filling up the DagBag from /home/airflow/.local/lib/python3.12/site-packages/airflow/example_dags/tutorial.py
[2024-09-09T08:38:24.330+0000] {processor.py:925} INFO - DAG(s) 'tutorial' retrieved from /home/airflow/.local/lib/python3.12/site-packages/airflow/example_dags/tutorial.py
[2024-09-09T08:38:24.357+0000] {logging_mixin.py:190} INFO - [2024-09-09T08:38:24.357+0000] {dag.py:3229} INFO - Sync 1 DAGs
[2024-09-09T08:38:24.417+0000] {logging_mixin.py:190} INFO - [2024-09-09T08:38:24.416+0000] {dag.py:4156} INFO - Setting next_dagrun for tutorial to 2024-09-08 00:00:00+00:00, run_after=2024-09-09 00:00:00+00:00
[2024-09-09T08:38:24.449+0000] {processor.py:208} INFO - Processing /home/airflow/.local/lib/python3.12/site-packages/airflow/example_dags/tutorial.py took 0.143 seconds
[2024-09-09T08:38:54.847+0000] {processor.py:186} INFO - Started process (PID=19645) to work on /home/airflow/.local/lib/python3.12/site-packages/airflow/example_dags/tutorial.py
[2024-09-09T08:38:54.848+0000] {processor.py:914} INFO - Processing file /home/airflow/.local/lib/python3.12/site-packages/airflow/example_dags/tutorial.py for tasks to queue
[2024-09-09T08:38:54.851+0000] {logging_mixin.py:190} INFO - [2024-09-09T08:38:54.851+0000] {dagbag.py:587} INFO - Filling up the DagBag from /home/airflow/.local/lib/python3.12/site-packages/airflow/example_dags/tutorial.py
[2024-09-09T08:38:54.859+0000] {processor.py:925} INFO - DAG(s) 'tutorial' retrieved from /home/airflow/.local/lib/python3.12/site-packages/airflow/example_dags/tutorial.py
[2024-09-09T08:38:54.881+0000] {logging_mixin.py:190} INFO - [2024-09-09T08:38:54.881+0000] {dag.py:3229} INFO - Sync 1 DAGs
[2024-09-09T08:38:54.909+0000] {logging_mixin.py:190} INFO - [2024-09-09T08:38:54.909+0000] {dag.py:4156} INFO - Setting next_dagrun for tutorial to 2024-09-08 00:00:00+00:00, run_after=2024-09-09 00:00:00+00:00
[2024-09-09T08:38:54.933+0000] {processor.py:208} INFO - Processing /home/airflow/.local/lib/python3.12/site-packages/airflow/example_dags/tutorial.py took 0.092 seconds
[2024-09-09T08:39:25.119+0000] {processor.py:186} INFO - Started process (PID=19931) to work on /home/airflow/.local/lib/python3.12/site-packages/airflow/example_dags/tutorial.py
[2024-09-09T08:39:25.120+0000] {processor.py:914} INFO - Processing file /home/airflow/.local/lib/python3.12/site-packages/airflow/example_dags/tutorial.py for tasks to queue
[2024-09-09T08:39:25.123+0000] {logging_mixin.py:190} INFO - [2024-09-09T08:39:25.122+0000] {dagbag.py:587} INFO - Filling up the DagBag from /home/airflow/.local/lib/python3.12/site-packages/airflow/example_dags/tutorial.py
[2024-09-09T08:39:25.131+0000] {processor.py:925} INFO - DAG(s) 'tutorial' retrieved from /home/airflow/.local/lib/python3.12/site-packages/airflow/example_dags/tutorial.py
[2024-09-09T08:39:25.152+0000] {logging_mixin.py:190} INFO - [2024-09-09T08:39:25.152+0000] {dag.py:3229} INFO - Sync 1 DAGs
[2024-09-09T08:39:25.173+0000] {logging_mixin.py:190} INFO - [2024-09-09T08:39:25.173+0000] {dag.py:4156} INFO - Setting next_dagrun for tutorial to 2024-09-08 00:00:00+00:00, run_after=2024-09-09 00:00:00+00:00
[2024-09-09T08:39:25.196+0000] {processor.py:208} INFO - Processing /home/airflow/.local/lib/python3.12/site-packages/airflow/example_dags/tutorial.py took 0.082 seconds
[2024-09-09T08:39:55.418+0000] {processor.py:186} INFO - Started process (PID=20217) to work on /home/airflow/.local/lib/python3.12/site-packages/airflow/example_dags/tutorial.py
[2024-09-09T08:39:55.420+0000] {processor.py:914} INFO - Processing file /home/airflow/.local/lib/python3.12/site-packages/airflow/example_dags/tutorial.py for tasks to queue
[2024-09-09T08:39:55.422+0000] {logging_mixin.py:190} INFO - [2024-09-09T08:39:55.421+0000] {dagbag.py:587} INFO - Filling up the DagBag from /home/airflow/.local/lib/python3.12/site-packages/airflow/example_dags/tutorial.py
[2024-09-09T08:39:55.429+0000] {processor.py:925} INFO - DAG(s) 'tutorial' retrieved from /home/airflow/.local/lib/python3.12/site-packages/airflow/example_dags/tutorial.py
[2024-09-09T08:39:55.449+0000] {logging_mixin.py:190} INFO - [2024-09-09T08:39:55.449+0000] {dag.py:3229} INFO - Sync 1 DAGs
[2024-09-09T08:39:55.470+0000] {logging_mixin.py:190} INFO - [2024-09-09T08:39:55.469+0000] {dag.py:4156} INFO - Setting next_dagrun for tutorial to 2024-09-08 00:00:00+00:00, run_after=2024-09-09 00:00:00+00:00
[2024-09-09T08:39:55.491+0000] {processor.py:208} INFO - Processing /home/airflow/.local/lib/python3.12/site-packages/airflow/example_dags/tutorial.py took 0.078 seconds
[2024-09-09T08:40:26.324+0000] {processor.py:186} INFO - Started process (PID=20503) to work on /home/airflow/.local/lib/python3.12/site-packages/airflow/example_dags/tutorial.py
[2024-09-09T08:40:26.325+0000] {processor.py:914} INFO - Processing file /home/airflow/.local/lib/python3.12/site-packages/airflow/example_dags/tutorial.py for tasks to queue
[2024-09-09T08:40:26.327+0000] {logging_mixin.py:190} INFO - [2024-09-09T08:40:26.327+0000] {dagbag.py:587} INFO - Filling up the DagBag from /home/airflow/.local/lib/python3.12/site-packages/airflow/example_dags/tutorial.py
[2024-09-09T08:40:26.334+0000] {processor.py:925} INFO - DAG(s) 'tutorial' retrieved from /home/airflow/.local/lib/python3.12/site-packages/airflow/example_dags/tutorial.py
[2024-09-09T08:40:26.353+0000] {logging_mixin.py:190} INFO - [2024-09-09T08:40:26.353+0000] {dag.py:3229} INFO - Sync 1 DAGs
[2024-09-09T08:40:26.378+0000] {logging_mixin.py:190} INFO - [2024-09-09T08:40:26.377+0000] {dag.py:4156} INFO - Setting next_dagrun for tutorial to 2024-09-08 00:00:00+00:00, run_after=2024-09-09 00:00:00+00:00
[2024-09-09T08:40:26.399+0000] {processor.py:208} INFO - Processing /home/airflow/.local/lib/python3.12/site-packages/airflow/example_dags/tutorial.py took 0.080 seconds
[2024-09-09T08:40:57.240+0000] {processor.py:186} INFO - Started process (PID=20789) to work on /home/airflow/.local/lib/python3.12/site-packages/airflow/example_dags/tutorial.py
[2024-09-09T08:40:57.241+0000] {processor.py:914} INFO - Processing file /home/airflow/.local/lib/python3.12/site-packages/airflow/example_dags/tutorial.py for tasks to queue
[2024-09-09T08:40:57.243+0000] {logging_mixin.py:190} INFO - [2024-09-09T08:40:57.243+0000] {dagbag.py:587} INFO - Filling up the DagBag from /home/airflow/.local/lib/python3.12/site-packages/airflow/example_dags/tutorial.py
[2024-09-09T08:40:57.250+0000] {processor.py:925} INFO - DAG(s) 'tutorial' retrieved from /home/airflow/.local/lib/python3.12/site-packages/airflow/example_dags/tutorial.py
[2024-09-09T08:40:57.270+0000] {logging_mixin.py:190} INFO - [2024-09-09T08:40:57.269+0000] {dag.py:3229} INFO - Sync 1 DAGs
[2024-09-09T08:40:57.294+0000] {logging_mixin.py:190} INFO - [2024-09-09T08:40:57.294+0000] {dag.py:4156} INFO - Setting next_dagrun for tutorial to 2024-09-08 00:00:00+00:00, run_after=2024-09-09 00:00:00+00:00
[2024-09-09T08:40:57.314+0000] {processor.py:208} INFO - Processing /home/airflow/.local/lib/python3.12/site-packages/airflow/example_dags/tutorial.py took 0.080 seconds
[2024-09-09T08:41:27.681+0000] {processor.py:186} INFO - Started process (PID=21076) to work on /home/airflow/.local/lib/python3.12/site-packages/airflow/example_dags/tutorial.py
[2024-09-09T08:41:27.682+0000] {processor.py:914} INFO - Processing file /home/airflow/.local/lib/python3.12/site-packages/airflow/example_dags/tutorial.py for tasks to queue
[2024-09-09T08:41:27.685+0000] {logging_mixin.py:190} INFO - [2024-09-09T08:41:27.684+0000] {dagbag.py:587} INFO - Filling up the DagBag from /home/airflow/.local/lib/python3.12/site-packages/airflow/example_dags/tutorial.py
[2024-09-09T08:41:27.692+0000] {processor.py:925} INFO - DAG(s) 'tutorial' retrieved from /home/airflow/.local/lib/python3.12/site-packages/airflow/example_dags/tutorial.py
[2024-09-09T08:41:27.712+0000] {logging_mixin.py:190} INFO - [2024-09-09T08:41:27.711+0000] {dag.py:3229} INFO - Sync 1 DAGs
[2024-09-09T08:41:27.733+0000] {logging_mixin.py:190} INFO - [2024-09-09T08:41:27.733+0000] {dag.py:4156} INFO - Setting next_dagrun for tutorial to 2024-09-08 00:00:00+00:00, run_after=2024-09-09 00:00:00+00:00
[2024-09-09T08:41:27.755+0000] {processor.py:208} INFO - Processing /home/airflow/.local/lib/python3.12/site-packages/airflow/example_dags/tutorial.py took 0.079 seconds
