[2024-09-18T02:25:57.459+0000] {local_task_job_runner.py:123} INFO - ::group::Pre task execution logs
[2024-09-18T02:25:57.497+0000] {taskinstance.py:2612} INFO - Dependencies all met for dep_context=non-requeueable deps ti=<TaskInstance: dag_with_postgres_operator_v03.create_postgres_table scheduled__2024-09-07T00:00:00+00:00 [queued]>
[2024-09-18T02:25:57.511+0000] {taskinstance.py:2612} INFO - Dependencies all met for dep_context=requeueable deps ti=<TaskInstance: dag_with_postgres_operator_v03.create_postgres_table scheduled__2024-09-07T00:00:00+00:00 [queued]>
[2024-09-18T02:25:57.512+0000] {taskinstance.py:2865} INFO - Starting attempt 1 of 6
[2024-09-18T02:25:57.632+0000] {taskinstance.py:2888} INFO - Executing <Task(PostgresOperator): create_postgres_table> on 2024-09-07 00:00:00+00:00
[2024-09-18T02:25:57.647+0000] {logging_mixin.py:190} WARNING - /home/***/.local/lib/python3.12/site-packages/***/task/task_runner/standard_task_runner.py:70 DeprecationWarning: This process (pid=1291) is multi-threaded, use of fork() may lead to deadlocks in the child.
[2024-09-18T02:25:57.649+0000] {standard_task_runner.py:72} INFO - Started process 1300 to run task
[2024-09-18T02:25:57.647+0000] {standard_task_runner.py:104} INFO - Running: ['***', 'tasks', 'run', 'dag_with_postgres_operator_v03', 'create_postgres_table', 'scheduled__2024-09-07T00:00:00+00:00', '--job-id', '22069', '--raw', '--subdir', 'DAGS_FOLDER/dag_with_postgres_operator.py', '--cfg-path', '/tmp/tmpd8y7n7p_']
[2024-09-18T02:25:57.650+0000] {standard_task_runner.py:105} INFO - Job 22069: Subtask create_postgres_table
[2024-09-18T02:25:57.731+0000] {task_command.py:467} INFO - Running <TaskInstance: dag_with_postgres_operator_v03.create_postgres_table scheduled__2024-09-07T00:00:00+00:00 [running]> on host 5508ea9ebfaf
[2024-09-18T02:25:57.867+0000] {taskinstance.py:3131} INFO - Exporting env vars: AIRFLOW_CTX_DAG_OWNER='coder2j' AIRFLOW_CTX_DAG_ID='dag_with_postgres_operator_v03' AIRFLOW_CTX_TASK_ID='create_postgres_table' AIRFLOW_CTX_EXECUTION_DATE='2024-09-07T00:00:00+00:00' AIRFLOW_CTX_TRY_NUMBER='1' AIRFLOW_CTX_DAG_RUN_ID='scheduled__2024-09-07T00:00:00+00:00'
[2024-09-18T02:25:57.868+0000] {taskinstance.py:731} INFO - ::endgroup::
[2024-09-18T02:25:57.888+0000] {sql.py:266} INFO - Executing: 
            create table if not exists dag_runs (
                dt date,
                dag_id character varying,
                primary key (dt, dag_id)
            )
        
[2024-09-18T02:25:57.926+0000] {base.py:84} INFO - Retrieving connection 'postgres_localhost'
[2024-09-18T02:25:57.955+0000] {base.py:84} INFO - Retrieving connection 'postgres_localhost'
[2024-09-18T02:25:58.003+0000] {sql.py:509} INFO - Running statement: 
            create table if not exists dag_runs (
                dt date,
                dag_id character varying,
                primary key (dt, dag_id)
            )
        , parameters: None
[2024-09-18T02:25:58.028+0000] {taskinstance.py:340} INFO - ::group::Post task execution logs
[2024-09-18T02:25:58.029+0000] {taskinstance.py:352} INFO - Marking task as SUCCESS. dag_id=dag_with_postgres_operator_v03, task_id=create_postgres_table, run_id=scheduled__2024-09-07T00:00:00+00:00, execution_date=20240907T000000, start_date=20240918T022557, end_date=20240918T022558
[2024-09-18T02:25:58.088+0000] {local_task_job_runner.py:266} INFO - Task exited with return code 0
[2024-09-18T02:25:58.119+0000] {local_task_job_runner.py:245} INFO - ::endgroup::
[2024-09-18T02:31:48.899+0000] {local_task_job_runner.py:123} INFO - ::group::Pre task execution logs
[2024-09-18T02:31:48.931+0000] {taskinstance.py:2612} INFO - Dependencies all met for dep_context=non-requeueable deps ti=<TaskInstance: dag_with_postgres_operator_v03.create_postgres_table scheduled__2024-09-07T00:00:00+00:00 [queued]>
[2024-09-18T02:31:48.953+0000] {taskinstance.py:2612} INFO - Dependencies all met for dep_context=requeueable deps ti=<TaskInstance: dag_with_postgres_operator_v03.create_postgres_table scheduled__2024-09-07T00:00:00+00:00 [queued]>
[2024-09-18T02:31:48.959+0000] {taskinstance.py:2865} INFO - Starting attempt 1 of 6
[2024-09-18T02:31:49.132+0000] {taskinstance.py:2888} INFO - Executing <Task(PostgresOperator): create_postgres_table> on 2024-09-07 00:00:00+00:00
[2024-09-18T02:31:49.153+0000] {logging_mixin.py:190} WARNING - /home/***/.local/lib/python3.12/site-packages/***/task/task_runner/standard_task_runner.py:70 DeprecationWarning: This process (pid=1856) is multi-threaded, use of fork() may lead to deadlocks in the child.
[2024-09-18T02:31:49.154+0000] {standard_task_runner.py:104} INFO - Running: ['***', 'tasks', 'run', 'dag_with_postgres_operator_v03', 'create_postgres_table', 'scheduled__2024-09-07T00:00:00+00:00', '--job-id', '22115', '--raw', '--subdir', 'DAGS_FOLDER/dag_with_postgres_operator.py', '--cfg-path', '/tmp/tmputw5n0n1']
[2024-09-18T02:31:49.154+0000] {standard_task_runner.py:72} INFO - Started process 1863 to run task
[2024-09-18T02:31:49.158+0000] {standard_task_runner.py:105} INFO - Job 22115: Subtask create_postgres_table
[2024-09-18T02:31:49.285+0000] {task_command.py:467} INFO - Running <TaskInstance: dag_with_postgres_operator_v03.create_postgres_table scheduled__2024-09-07T00:00:00+00:00 [running]> on host 5508ea9ebfaf
[2024-09-18T02:31:49.422+0000] {taskinstance.py:3131} INFO - Exporting env vars: AIRFLOW_CTX_DAG_OWNER='coder2j' AIRFLOW_CTX_DAG_ID='dag_with_postgres_operator_v03' AIRFLOW_CTX_TASK_ID='create_postgres_table' AIRFLOW_CTX_EXECUTION_DATE='2024-09-07T00:00:00+00:00' AIRFLOW_CTX_TRY_NUMBER='1' AIRFLOW_CTX_DAG_RUN_ID='scheduled__2024-09-07T00:00:00+00:00'
[2024-09-18T02:31:49.424+0000] {taskinstance.py:731} INFO - ::endgroup::
[2024-09-18T02:31:49.462+0000] {sql.py:266} INFO - Executing: 
            create table if not exists dag_runs (
                dt date,
                dag_id character varying,
                primary key (dt, dag_id)
            )
        
[2024-09-18T02:31:49.478+0000] {base.py:84} INFO - Retrieving connection 'postgres_localhost'
[2024-09-18T02:31:49.505+0000] {base.py:84} INFO - Retrieving connection 'postgres_localhost'
[2024-09-18T02:31:49.543+0000] {sql.py:509} INFO - Running statement: 
            create table if not exists dag_runs (
                dt date,
                dag_id character varying,
                primary key (dt, dag_id)
            )
        , parameters: None
[2024-09-18T02:31:49.598+0000] {taskinstance.py:340} INFO - ::group::Post task execution logs
[2024-09-18T02:31:49.608+0000] {taskinstance.py:352} INFO - Marking task as SUCCESS. dag_id=dag_with_postgres_operator_v03, task_id=create_postgres_table, run_id=scheduled__2024-09-07T00:00:00+00:00, execution_date=20240907T000000, start_date=20240918T023148, end_date=20240918T023149
[2024-09-18T02:31:49.861+0000] {local_task_job_runner.py:266} INFO - Task exited with return code 0
[2024-09-18T02:31:49.899+0000] {logging_mixin.py:190} WARNING - /home/***/.local/lib/python3.12/site-packages/***/models/baseoperator.py:1378 AirflowProviderDeprecationWarning: Call to deprecated class PostgresOperator. (Please use `***.providers.common.sql.operators.sql.SQLExecuteQueryOperator`.Also, you can provide `hook_params={'schema': <database>}`.)
[2024-09-18T02:31:49.991+0000] {taskinstance.py:3900} INFO - 1 downstream tasks scheduled from follow-on schedule check
[2024-09-18T02:31:50.000+0000] {local_task_job_runner.py:245} INFO - ::endgroup::
