[2024-09-18T00:30:15.115+0000] {local_task_job_runner.py:123} INFO - ::group::Pre task execution logs
[2024-09-18T00:30:15.176+0000] {taskinstance.py:2612} INFO - Dependencies all met for dep_context=non-requeueable deps ti=<TaskInstance: our_first_dag_V6.third_task scheduled__2024-09-16T00:00:00+00:00 [queued]>
[2024-09-18T00:30:15.206+0000] {taskinstance.py:2612} INFO - Dependencies all met for dep_context=requeueable deps ti=<TaskInstance: our_first_dag_V6.third_task scheduled__2024-09-16T00:00:00+00:00 [queued]>
[2024-09-18T00:30:15.211+0000] {taskinstance.py:2865} INFO - Starting attempt 1 of 6
[2024-09-18T00:30:15.559+0000] {taskinstance.py:2888} INFO - Executing <Task(BashOperator): third_task> on 2024-09-16 00:00:00+00:00
[2024-09-18T00:30:15.597+0000] {logging_mixin.py:190} WARNING - /home/***/.local/lib/python3.12/site-packages/***/task/task_runner/standard_task_runner.py:70 DeprecationWarning: This process (pid=312) is multi-threaded, use of fork() may lead to deadlocks in the child.
[2024-09-18T00:30:15.602+0000] {standard_task_runner.py:72} INFO - Started process 326 to run task
[2024-09-18T00:30:15.634+0000] {standard_task_runner.py:104} INFO - Running: ['***', 'tasks', 'run', 'our_first_dag_V6', 'third_task', 'scheduled__2024-09-16T00:00:00+00:00', '--job-id', '21969', '--raw', '--subdir', 'DAGS_FOLDER/our_first_dag.py', '--cfg-path', '/tmp/tmpwl8f5p2a']
[2024-09-18T00:30:15.687+0000] {standard_task_runner.py:105} INFO - Job 21969: Subtask third_task
[2024-09-18T00:30:16.233+0000] {task_command.py:467} INFO - Running <TaskInstance: our_first_dag_V6.third_task scheduled__2024-09-16T00:00:00+00:00 [running]> on host 5508ea9ebfaf
[2024-09-18T00:30:17.498+0000] {taskinstance.py:3131} INFO - Exporting env vars: AIRFLOW_CTX_DAG_OWNER='acap' AIRFLOW_CTX_DAG_ID='our_first_dag_V6' AIRFLOW_CTX_TASK_ID='third_task' AIRFLOW_CTX_EXECUTION_DATE='2024-09-16T00:00:00+00:00' AIRFLOW_CTX_TRY_NUMBER='1' AIRFLOW_CTX_DAG_RUN_ID='scheduled__2024-09-16T00:00:00+00:00'
[2024-09-18T00:30:17.521+0000] {taskinstance.py:731} INFO - ::endgroup::
[2024-09-18T00:30:17.701+0000] {subprocess.py:63} INFO - Tmp dir root location: /tmp
[2024-09-18T00:30:17.734+0000] {subprocess.py:75} INFO - Running command: ['/usr/bin/bash', '-c', 'echo hey, this is the third task!']
[2024-09-18T00:30:17.784+0000] {subprocess.py:86} INFO - Output:
[2024-09-18T00:30:17.804+0000] {subprocess.py:93} INFO - hey, this is the third task!
[2024-09-18T00:30:17.813+0000] {subprocess.py:97} INFO - Command exited with return code 0
[2024-09-18T00:30:18.032+0000] {taskinstance.py:340} INFO - ::group::Post task execution logs
[2024-09-18T00:30:18.043+0000] {taskinstance.py:352} INFO - Marking task as SUCCESS. dag_id=our_first_dag_V6, task_id=third_task, run_id=scheduled__2024-09-16T00:00:00+00:00, execution_date=20240916T000000, start_date=20240918T003015, end_date=20240918T003018
[2024-09-18T00:30:18.926+0000] {local_task_job_runner.py:266} INFO - Task exited with return code 0
[2024-09-18T00:30:18.997+0000] {taskinstance.py:3900} INFO - 0 downstream tasks scheduled from follow-on schedule check
[2024-09-18T00:30:19.181+0000] {local_task_job_runner.py:245} INFO - ::endgroup::
