[2024-09-12T02:26:12.204+0000] {local_task_job_runner.py:123} INFO - ::group::Pre task execution logs
[2024-09-12T02:26:12.297+0000] {taskinstance.py:2612} INFO - Dependencies all met for dep_context=non-requeueable deps ti=<TaskInstance: our_first_dag_V6.first_task scheduled__2024-04-19T00:00:00+00:00 [queued]>
[2024-09-12T02:26:12.346+0000] {taskinstance.py:2612} INFO - Dependencies all met for dep_context=requeueable deps ti=<TaskInstance: our_first_dag_V6.first_task scheduled__2024-04-19T00:00:00+00:00 [queued]>
[2024-09-12T02:26:12.349+0000] {taskinstance.py:2865} INFO - Starting attempt 1 of 6
[2024-09-12T02:26:12.431+0000] {taskinstance.py:2888} INFO - Executing <Task(BashOperator): first_task> on 2024-04-19 00:00:00+00:00
[2024-09-12T02:26:12.454+0000] {logging_mixin.py:190} WARNING - /home/***/.local/lib/python3.12/site-packages/***/task/task_runner/standard_task_runner.py:70 DeprecationWarning: This process (pid=13366) is multi-threaded, use of fork() may lead to deadlocks in the child.
[2024-09-12T02:26:12.466+0000] {standard_task_runner.py:72} INFO - Started process 13395 to run task
[2024-09-12T02:26:12.464+0000] {standard_task_runner.py:104} INFO - Running: ['***', 'tasks', 'run', 'our_first_dag_V6', 'first_task', 'scheduled__2024-04-19T00:00:00+00:00', '--job-id', '21413', '--raw', '--subdir', 'DAGS_FOLDER/our_first_dag.py', '--cfg-path', '/tmp/tmpa0_rrpi5']
[2024-09-12T02:26:12.472+0000] {standard_task_runner.py:105} INFO - Job 21413: Subtask first_task
[2024-09-12T02:26:12.639+0000] {task_command.py:467} INFO - Running <TaskInstance: our_first_dag_V6.first_task scheduled__2024-04-19T00:00:00+00:00 [running]> on host 5508ea9ebfaf
[2024-09-12T02:26:12.889+0000] {taskinstance.py:3131} INFO - Exporting env vars: AIRFLOW_CTX_DAG_OWNER='acap' AIRFLOW_CTX_DAG_ID='our_first_dag_V6' AIRFLOW_CTX_TASK_ID='first_task' AIRFLOW_CTX_EXECUTION_DATE='2024-04-19T00:00:00+00:00' AIRFLOW_CTX_TRY_NUMBER='1' AIRFLOW_CTX_DAG_RUN_ID='scheduled__2024-04-19T00:00:00+00:00'
[2024-09-12T02:26:12.894+0000] {taskinstance.py:731} INFO - ::endgroup::
[2024-09-12T02:26:12.929+0000] {subprocess.py:63} INFO - Tmp dir root location: /tmp
[2024-09-12T02:26:12.930+0000] {subprocess.py:75} INFO - Running command: ['/usr/bin/bash', '-c', 'echo hello world, this is the first task!']
[2024-09-12T02:26:12.953+0000] {subprocess.py:86} INFO - Output:
[2024-09-12T02:26:12.960+0000] {subprocess.py:93} INFO - hello world, this is the first task!
[2024-09-12T02:26:12.965+0000] {subprocess.py:97} INFO - Command exited with return code 0
[2024-09-12T02:26:13.075+0000] {taskinstance.py:340} INFO - ::group::Post task execution logs
[2024-09-12T02:26:13.077+0000] {taskinstance.py:352} INFO - Marking task as SUCCESS. dag_id=our_first_dag_V6, task_id=first_task, run_id=scheduled__2024-04-19T00:00:00+00:00, execution_date=20240419T000000, start_date=20240912T022612, end_date=20240912T022613
[2024-09-12T02:26:13.192+0000] {local_task_job_runner.py:266} INFO - Task exited with return code 0
[2024-09-12T02:26:13.328+0000] {taskinstance.py:3900} INFO - 2 downstream tasks scheduled from follow-on schedule check
[2024-09-12T02:26:13.349+0000] {local_task_job_runner.py:245} INFO - ::endgroup::
