[2024-09-10T07:28:04.039+0000] {local_task_job_runner.py:123} INFO - ::group::Pre task execution logs
[2024-09-10T07:28:04.061+0000] {taskinstance.py:2612} INFO - Dependencies all met for dep_context=non-requeueable deps ti=<TaskInstance: our_first_dag_V3.first_task scheduled__2022-06-04T00:00:00+00:00 [queued]>
[2024-09-10T07:28:04.074+0000] {taskinstance.py:2612} INFO - Dependencies all met for dep_context=requeueable deps ti=<TaskInstance: our_first_dag_V3.first_task scheduled__2022-06-04T00:00:00+00:00 [queued]>
[2024-09-10T07:28:04.076+0000] {taskinstance.py:2865} INFO - Starting attempt 1 of 6
[2024-09-10T07:28:04.111+0000] {taskinstance.py:2888} INFO - Executing <Task(BashOperator): first_task> on 2022-06-04 00:00:00+00:00
[2024-09-10T07:28:04.121+0000] {logging_mixin.py:190} WARNING - /home/***/.local/lib/python3.12/site-packages/***/task/task_runner/standard_task_runner.py:70 DeprecationWarning: This process (pid=15362) is multi-threaded, use of fork() may lead to deadlocks in the child.
[2024-09-10T07:28:04.122+0000] {standard_task_runner.py:72} INFO - Started process 15375 to run task
[2024-09-10T07:28:04.129+0000] {standard_task_runner.py:104} INFO - Running: ['***', 'tasks', 'run', 'our_first_dag_V3', 'first_task', 'scheduled__2022-06-04T00:00:00+00:00', '--job-id', '3379', '--raw', '--subdir', 'DAGS_FOLDER/our_first_dag.py', '--cfg-path', '/tmp/tmpe2xzwxfn']
[2024-09-10T07:28:04.133+0000] {standard_task_runner.py:105} INFO - Job 3379: Subtask first_task
[2024-09-10T07:28:04.241+0000] {task_command.py:467} INFO - Running <TaskInstance: our_first_dag_V3.first_task scheduled__2022-06-04T00:00:00+00:00 [running]> on host 5508ea9ebfaf
[2024-09-10T07:28:04.403+0000] {taskinstance.py:3131} INFO - Exporting env vars: AIRFLOW_CTX_DAG_OWNER='coder2j' AIRFLOW_CTX_DAG_ID='our_first_dag_V3' AIRFLOW_CTX_TASK_ID='first_task' AIRFLOW_CTX_EXECUTION_DATE='2022-06-04T00:00:00+00:00' AIRFLOW_CTX_TRY_NUMBER='1' AIRFLOW_CTX_DAG_RUN_ID='scheduled__2022-06-04T00:00:00+00:00'
[2024-09-10T07:28:04.404+0000] {taskinstance.py:731} INFO - ::endgroup::
[2024-09-10T07:28:04.436+0000] {subprocess.py:63} INFO - Tmp dir root location: /tmp
[2024-09-10T07:28:04.437+0000] {subprocess.py:75} INFO - Running command: ['/usr/bin/bash', '-c', 'echo hello world, this is the first task!']
[2024-09-10T07:28:04.451+0000] {subprocess.py:86} INFO - Output:
[2024-09-10T07:28:04.454+0000] {subprocess.py:93} INFO - hello world, this is the first task!
[2024-09-10T07:28:04.455+0000] {subprocess.py:97} INFO - Command exited with return code 0
[2024-09-10T07:28:04.507+0000] {taskinstance.py:340} INFO - ::group::Post task execution logs
[2024-09-10T07:28:04.509+0000] {taskinstance.py:352} INFO - Marking task as SUCCESS. dag_id=our_first_dag_V3, task_id=first_task, run_id=scheduled__2022-06-04T00:00:00+00:00, execution_date=20220604T000000, start_date=20240910T072804, end_date=20240910T072804
[2024-09-10T07:28:04.590+0000] {local_task_job_runner.py:266} INFO - Task exited with return code 0
[2024-09-10T07:28:04.680+0000] {local_task_job_runner.py:245} INFO - ::endgroup::
