[2024-09-10T08:17:16.341+0000] {local_task_job_runner.py:123} INFO - ::group::Pre task execution logs
[2024-09-10T08:17:16.434+0000] {taskinstance.py:2612} INFO - Dependencies all met for dep_context=non-requeueable deps ti=<TaskInstance: our_first_dag_V5.third_task scheduled__2022-12-07T00:00:00+00:00 [queued]>
[2024-09-10T08:17:16.456+0000] {taskinstance.py:2612} INFO - Dependencies all met for dep_context=requeueable deps ti=<TaskInstance: our_first_dag_V5.third_task scheduled__2022-12-07T00:00:00+00:00 [queued]>
[2024-09-10T08:17:16.458+0000] {taskinstance.py:2865} INFO - Starting attempt 1 of 6
[2024-09-10T08:17:16.712+0000] {taskinstance.py:2888} INFO - Executing <Task(BashOperator): third_task> on 2022-12-07 00:00:00+00:00
[2024-09-10T08:17:16.725+0000] {logging_mixin.py:190} WARNING - /home/***/.local/lib/python3.12/site-packages/***/task/task_runner/standard_task_runner.py:70 DeprecationWarning: This process (pid=34503) is multi-threaded, use of fork() may lead to deadlocks in the child.
[2024-09-10T08:17:16.727+0000] {standard_task_runner.py:72} INFO - Started process 34536 to run task
[2024-09-10T08:17:16.735+0000] {standard_task_runner.py:104} INFO - Running: ['***', 'tasks', 'run', 'our_first_dag_V5', 'third_task', 'scheduled__2022-12-07T00:00:00+00:00', '--job-id', '7893', '--raw', '--subdir', 'DAGS_FOLDER/our_first_dag.py', '--cfg-path', '/tmp/tmpws5oxq_v']
[2024-09-10T08:17:16.742+0000] {standard_task_runner.py:105} INFO - Job 7893: Subtask third_task
[2024-09-10T08:17:16.939+0000] {task_command.py:467} INFO - Running <TaskInstance: our_first_dag_V5.third_task scheduled__2022-12-07T00:00:00+00:00 [running]> on host 5508ea9ebfaf
[2024-09-10T08:17:17.309+0000] {taskinstance.py:3131} INFO - Exporting env vars: AIRFLOW_CTX_DAG_OWNER='coder2j' AIRFLOW_CTX_DAG_ID='our_first_dag_V5' AIRFLOW_CTX_TASK_ID='third_task' AIRFLOW_CTX_EXECUTION_DATE='2022-12-07T00:00:00+00:00' AIRFLOW_CTX_TRY_NUMBER='1' AIRFLOW_CTX_DAG_RUN_ID='scheduled__2022-12-07T00:00:00+00:00'
[2024-09-10T08:17:17.321+0000] {taskinstance.py:731} INFO - ::endgroup::
[2024-09-10T08:17:17.377+0000] {subprocess.py:63} INFO - Tmp dir root location: /tmp
[2024-09-10T08:17:17.388+0000] {subprocess.py:75} INFO - Running command: ['/usr/bin/bash', '-c', 'echo hey, this is the third task!']
[2024-09-10T08:17:17.430+0000] {subprocess.py:86} INFO - Output:
[2024-09-10T08:17:17.431+0000] {subprocess.py:93} INFO - hey, this is the third task!
[2024-09-10T08:17:17.432+0000] {subprocess.py:97} INFO - Command exited with return code 0
[2024-09-10T08:17:17.508+0000] {taskinstance.py:340} INFO - ::group::Post task execution logs
[2024-09-10T08:17:17.509+0000] {taskinstance.py:352} INFO - Marking task as SUCCESS. dag_id=our_first_dag_V5, task_id=third_task, run_id=scheduled__2022-12-07T00:00:00+00:00, execution_date=20221207T000000, start_date=20240910T081716, end_date=20240910T081717
[2024-09-10T08:17:17.655+0000] {local_task_job_runner.py:266} INFO - Task exited with return code 0
[2024-09-10T08:17:17.687+0000] {local_task_job_runner.py:245} INFO - ::endgroup::
