[2024-09-10T08:21:58.771+0000] {local_task_job_runner.py:123} INFO - ::group::Pre task execution logs
[2024-09-10T08:21:58.809+0000] {taskinstance.py:2612} INFO - Dependencies all met for dep_context=non-requeueable deps ti=<TaskInstance: our_first_dag_V5.first_task scheduled__2023-12-21T00:00:00+00:00 [queued]>
[2024-09-10T08:21:58.834+0000] {taskinstance.py:2612} INFO - Dependencies all met for dep_context=requeueable deps ti=<TaskInstance: our_first_dag_V5.first_task scheduled__2023-12-21T00:00:00+00:00 [queued]>
[2024-09-10T08:21:58.836+0000] {taskinstance.py:2865} INFO - Starting attempt 1 of 6
[2024-09-10T08:21:58.876+0000] {taskinstance.py:2888} INFO - Executing <Task(BashOperator): first_task> on 2023-12-21 00:00:00+00:00
[2024-09-10T08:21:58.891+0000] {logging_mixin.py:190} WARNING - /home/***/.local/lib/python3.12/site-packages/***/task/task_runner/standard_task_runner.py:70 DeprecationWarning: This process (pid=39131) is multi-threaded, use of fork() may lead to deadlocks in the child.
[2024-09-10T08:21:58.897+0000] {standard_task_runner.py:72} INFO - Started process 39140 to run task
[2024-09-10T08:21:58.890+0000] {standard_task_runner.py:104} INFO - Running: ['***', 'tasks', 'run', 'our_first_dag_V5', 'first_task', 'scheduled__2023-12-21T00:00:00+00:00', '--job-id', '9019', '--raw', '--subdir', 'DAGS_FOLDER/our_first_dag.py', '--cfg-path', '/tmp/tmpd_c2l93r']
[2024-09-10T08:21:58.898+0000] {standard_task_runner.py:105} INFO - Job 9019: Subtask first_task
[2024-09-10T08:21:58.989+0000] {task_command.py:467} INFO - Running <TaskInstance: our_first_dag_V5.first_task scheduled__2023-12-21T00:00:00+00:00 [running]> on host 5508ea9ebfaf
[2024-09-10T08:21:59.170+0000] {taskinstance.py:3131} INFO - Exporting env vars: AIRFLOW_CTX_DAG_OWNER='coder2j' AIRFLOW_CTX_DAG_ID='our_first_dag_V5' AIRFLOW_CTX_TASK_ID='first_task' AIRFLOW_CTX_EXECUTION_DATE='2023-12-21T00:00:00+00:00' AIRFLOW_CTX_TRY_NUMBER='1' AIRFLOW_CTX_DAG_RUN_ID='scheduled__2023-12-21T00:00:00+00:00'
[2024-09-10T08:21:59.175+0000] {taskinstance.py:731} INFO - ::endgroup::
[2024-09-10T08:21:59.211+0000] {subprocess.py:63} INFO - Tmp dir root location: /tmp
[2024-09-10T08:21:59.212+0000] {subprocess.py:75} INFO - Running command: ['/usr/bin/bash', '-c', 'echo hello world, this is the first task!']
[2024-09-10T08:21:59.224+0000] {subprocess.py:86} INFO - Output:
[2024-09-10T08:21:59.226+0000] {subprocess.py:93} INFO - hello world, this is the first task!
[2024-09-10T08:21:59.228+0000] {subprocess.py:97} INFO - Command exited with return code 0
[2024-09-10T08:21:59.282+0000] {taskinstance.py:340} INFO - ::group::Post task execution logs
[2024-09-10T08:21:59.283+0000] {taskinstance.py:352} INFO - Marking task as SUCCESS. dag_id=our_first_dag_V5, task_id=first_task, run_id=scheduled__2023-12-21T00:00:00+00:00, execution_date=20231221T000000, start_date=20240910T082158, end_date=20240910T082159
[2024-09-10T08:21:59.357+0000] {local_task_job_runner.py:266} INFO - Task exited with return code 0
[2024-09-10T08:21:59.373+0000] {local_task_job_runner.py:245} INFO - ::endgroup::
