[2024-09-10T08:23:04.870+0000] {local_task_job_runner.py:123} INFO - ::group::Pre task execution logs
[2024-09-10T08:23:04.894+0000] {taskinstance.py:2612} INFO - Dependencies all met for dep_context=non-requeueable deps ti=<TaskInstance: our_first_dag_V5.first_task scheduled__2024-03-20T00:00:00+00:00 [queued]>
[2024-09-10T08:23:04.905+0000] {taskinstance.py:2612} INFO - Dependencies all met for dep_context=requeueable deps ti=<TaskInstance: our_first_dag_V5.first_task scheduled__2024-03-20T00:00:00+00:00 [queued]>
[2024-09-10T08:23:04.906+0000] {taskinstance.py:2865} INFO - Starting attempt 1 of 6
[2024-09-10T08:23:04.932+0000] {taskinstance.py:2888} INFO - Executing <Task(BashOperator): first_task> on 2024-03-20 00:00:00+00:00
[2024-09-10T08:23:04.940+0000] {logging_mixin.py:190} WARNING - /home/***/.local/lib/python3.12/site-packages/***/task/task_runner/standard_task_runner.py:70 DeprecationWarning: This process (pid=40220) is multi-threaded, use of fork() may lead to deadlocks in the child.
[2024-09-10T08:23:04.942+0000] {standard_task_runner.py:72} INFO - Started process 40228 to run task
[2024-09-10T08:23:04.941+0000] {standard_task_runner.py:104} INFO - Running: ['***', 'tasks', 'run', 'our_first_dag_V5', 'first_task', 'scheduled__2024-03-20T00:00:00+00:00', '--job-id', '9285', '--raw', '--subdir', 'DAGS_FOLDER/our_first_dag.py', '--cfg-path', '/tmp/tmpo51o7_xl']
[2024-09-10T08:23:04.945+0000] {standard_task_runner.py:105} INFO - Job 9285: Subtask first_task
[2024-09-10T08:23:05.025+0000] {task_command.py:467} INFO - Running <TaskInstance: our_first_dag_V5.first_task scheduled__2024-03-20T00:00:00+00:00 [running]> on host 5508ea9ebfaf
[2024-09-10T08:23:05.220+0000] {taskinstance.py:3131} INFO - Exporting env vars: AIRFLOW_CTX_DAG_OWNER='coder2j' AIRFLOW_CTX_DAG_ID='our_first_dag_V5' AIRFLOW_CTX_TASK_ID='first_task' AIRFLOW_CTX_EXECUTION_DATE='2024-03-20T00:00:00+00:00' AIRFLOW_CTX_TRY_NUMBER='1' AIRFLOW_CTX_DAG_RUN_ID='scheduled__2024-03-20T00:00:00+00:00'
[2024-09-10T08:23:05.221+0000] {taskinstance.py:731} INFO - ::endgroup::
[2024-09-10T08:23:05.263+0000] {subprocess.py:63} INFO - Tmp dir root location: /tmp
[2024-09-10T08:23:05.264+0000] {subprocess.py:75} INFO - Running command: ['/usr/bin/bash', '-c', 'echo hello world, this is the first task!']
[2024-09-10T08:23:05.280+0000] {subprocess.py:86} INFO - Output:
[2024-09-10T08:23:05.282+0000] {subprocess.py:93} INFO - hello world, this is the first task!
[2024-09-10T08:23:05.283+0000] {subprocess.py:97} INFO - Command exited with return code 0
[2024-09-10T08:23:05.346+0000] {taskinstance.py:340} INFO - ::group::Post task execution logs
[2024-09-10T08:23:05.347+0000] {taskinstance.py:352} INFO - Marking task as SUCCESS. dag_id=our_first_dag_V5, task_id=first_task, run_id=scheduled__2024-03-20T00:00:00+00:00, execution_date=20240320T000000, start_date=20240910T082304, end_date=20240910T082305
[2024-09-10T08:23:05.485+0000] {local_task_job_runner.py:266} INFO - Task exited with return code 0
[2024-09-10T08:23:05.560+0000] {taskinstance.py:3900} INFO - 2 downstream tasks scheduled from follow-on schedule check
[2024-09-10T08:23:05.569+0000] {local_task_job_runner.py:245} INFO - ::endgroup::
