[2024-09-12T02:19:38.150+0000] {local_task_job_runner.py:123} INFO - ::group::Pre task execution logs
[2024-09-12T02:19:38.176+0000] {taskinstance.py:2612} INFO - Dependencies all met for dep_context=non-requeueable deps ti=<TaskInstance: our_first_dag_V6.third_task scheduled__2022-09-12T00:00:00+00:00 [queued]>
[2024-09-12T02:19:38.194+0000] {taskinstance.py:2612} INFO - Dependencies all met for dep_context=requeueable deps ti=<TaskInstance: our_first_dag_V6.third_task scheduled__2022-09-12T00:00:00+00:00 [queued]>
[2024-09-12T02:19:38.195+0000] {taskinstance.py:2865} INFO - Starting attempt 1 of 6
[2024-09-12T02:19:38.222+0000] {taskinstance.py:2888} INFO - Executing <Task(BashOperator): third_task> on 2022-09-12 00:00:00+00:00
[2024-09-12T02:19:38.236+0000] {logging_mixin.py:190} WARNING - /home/***/.local/lib/python3.12/site-packages/***/task/task_runner/standard_task_runner.py:70 DeprecationWarning: This process (pid=6052) is multi-threaded, use of fork() may lead to deadlocks in the child.
[2024-09-12T02:19:38.239+0000] {standard_task_runner.py:72} INFO - Started process 6053 to run task
[2024-09-12T02:19:38.237+0000] {standard_task_runner.py:104} INFO - Running: ['***', 'tasks', 'run', 'our_first_dag_V6', 'third_task', 'scheduled__2022-09-12T00:00:00+00:00', '--job-id', '19668', '--raw', '--subdir', 'DAGS_FOLDER/our_first_dag.py', '--cfg-path', '/tmp/tmpmxow895q']
[2024-09-12T02:19:38.244+0000] {standard_task_runner.py:105} INFO - Job 19668: Subtask third_task
[2024-09-12T02:19:38.334+0000] {task_command.py:467} INFO - Running <TaskInstance: our_first_dag_V6.third_task scheduled__2022-09-12T00:00:00+00:00 [running]> on host 5508ea9ebfaf
[2024-09-12T02:19:38.481+0000] {taskinstance.py:3131} INFO - Exporting env vars: AIRFLOW_CTX_DAG_OWNER='acap' AIRFLOW_CTX_DAG_ID='our_first_dag_V6' AIRFLOW_CTX_TASK_ID='third_task' AIRFLOW_CTX_EXECUTION_DATE='2022-09-12T00:00:00+00:00' AIRFLOW_CTX_TRY_NUMBER='1' AIRFLOW_CTX_DAG_RUN_ID='scheduled__2022-09-12T00:00:00+00:00'
[2024-09-12T02:19:38.485+0000] {taskinstance.py:731} INFO - ::endgroup::
[2024-09-12T02:19:38.518+0000] {subprocess.py:63} INFO - Tmp dir root location: /tmp
[2024-09-12T02:19:38.520+0000] {subprocess.py:75} INFO - Running command: ['/usr/bin/bash', '-c', 'echo hey, this is the third task!']
[2024-09-12T02:19:38.536+0000] {subprocess.py:86} INFO - Output:
[2024-09-12T02:19:38.539+0000] {subprocess.py:93} INFO - hey, this is the third task!
[2024-09-12T02:19:38.540+0000] {subprocess.py:97} INFO - Command exited with return code 0
[2024-09-12T02:19:38.574+0000] {taskinstance.py:340} INFO - ::group::Post task execution logs
[2024-09-12T02:19:38.575+0000] {taskinstance.py:352} INFO - Marking task as SUCCESS. dag_id=our_first_dag_V6, task_id=third_task, run_id=scheduled__2022-09-12T00:00:00+00:00, execution_date=20220912T000000, start_date=20240912T021938, end_date=20240912T021938
[2024-09-12T02:19:38.624+0000] {local_task_job_runner.py:266} INFO - Task exited with return code 0
[2024-09-12T02:19:38.653+0000] {taskinstance.py:3900} INFO - 0 downstream tasks scheduled from follow-on schedule check
[2024-09-12T02:19:38.657+0000] {local_task_job_runner.py:245} INFO - ::endgroup::
