[2024-09-25T07:39:48.000+0000] {local_task_job_runner.py:123} INFO - ::group::Pre task execution logs
[2024-09-25T07:39:48.028+0000] {taskinstance.py:2612} INFO - Dependencies all met for dep_context=non-requeueable deps ti=<TaskInstance: dag_with_postgres_operator_v03.insert_into_table scheduled__2024-09-24T00:00:00+00:00 [queued]>
[2024-09-25T07:39:48.051+0000] {taskinstance.py:2612} INFO - Dependencies all met for dep_context=requeueable deps ti=<TaskInstance: dag_with_postgres_operator_v03.insert_into_table scheduled__2024-09-24T00:00:00+00:00 [queued]>
[2024-09-25T07:39:48.061+0000] {taskinstance.py:2865} INFO - Starting attempt 1 of 6
[2024-09-25T07:39:48.086+0000] {taskinstance.py:2888} INFO - Executing <Task(PostgresOperator): insert_into_table> on 2024-09-24 00:00:00+00:00
[2024-09-25T07:39:48.097+0000] {standard_task_runner.py:104} INFO - Running: ['***', 'tasks', 'run', 'dag_with_postgres_operator_v03', 'insert_into_table', 'scheduled__2024-09-24T00:00:00+00:00', '--job-id', '22716', '--raw', '--subdir', 'DAGS_FOLDER/dag_with_postgres_operator.py', '--cfg-path', '/tmp/tmpw8b5a2v3']
[2024-09-25T07:39:48.099+0000] {standard_task_runner.py:105} INFO - Job 22716: Subtask insert_into_table
[2024-09-25T07:39:48.104+0000] {logging_mixin.py:190} WARNING - /home/***/.local/lib/python3.12/site-packages/***/task/task_runner/standard_task_runner.py:70 DeprecationWarning: This process (pid=339) is multi-threaded, use of fork() may lead to deadlocks in the child.
[2024-09-25T07:39:48.106+0000] {standard_task_runner.py:72} INFO - Started process 340 to run task
[2024-09-25T07:39:48.180+0000] {task_command.py:467} INFO - Running <TaskInstance: dag_with_postgres_operator_v03.insert_into_table scheduled__2024-09-24T00:00:00+00:00 [running]> on host ced43fa3e256
[2024-09-25T07:39:48.368+0000] {taskinstance.py:3131} INFO - Exporting env vars: AIRFLOW_CTX_DAG_OWNER='coder2j' AIRFLOW_CTX_DAG_ID='dag_with_postgres_operator_v03' AIRFLOW_CTX_TASK_ID='insert_into_table' AIRFLOW_CTX_EXECUTION_DATE='2024-09-24T00:00:00+00:00' AIRFLOW_CTX_TRY_NUMBER='1' AIRFLOW_CTX_DAG_RUN_ID='scheduled__2024-09-24T00:00:00+00:00'
[2024-09-25T07:39:48.371+0000] {taskinstance.py:731} INFO - ::endgroup::
[2024-09-25T07:39:48.403+0000] {sql.py:266} INFO - Executing: 
                insert into dag_runs (dt, dag_id) values ('2024-09-24', 'dag_with_postgres_operator_v03')
            
[2024-09-25T07:39:48.421+0000] {base.py:84} INFO - Retrieving connection 'postgres_localhost'
[2024-09-25T07:39:48.445+0000] {base.py:84} INFO - Retrieving connection 'postgres_localhost'
[2024-09-25T07:39:48.460+0000] {sql.py:509} INFO - Running statement: 
                insert into dag_runs (dt, dag_id) values ('2024-09-24', 'dag_with_postgres_operator_v03')
            , parameters: None
[2024-09-25T07:39:48.465+0000] {sql.py:518} INFO - Rows affected: 1
[2024-09-25T07:39:48.483+0000] {taskinstance.py:340} INFO - ::group::Post task execution logs
[2024-09-25T07:39:48.484+0000] {taskinstance.py:352} INFO - Marking task as SUCCESS. dag_id=dag_with_postgres_operator_v03, task_id=insert_into_table, run_id=scheduled__2024-09-24T00:00:00+00:00, execution_date=20240924T000000, start_date=20240925T073948, end_date=20240925T073948
[2024-09-25T07:39:48.529+0000] {local_task_job_runner.py:266} INFO - Task exited with return code 0
[2024-09-25T07:39:48.549+0000] {taskinstance.py:3900} INFO - 0 downstream tasks scheduled from follow-on schedule check
[2024-09-25T07:39:48.554+0000] {local_task_job_runner.py:245} INFO - ::endgroup::
