[2024-09-10T07:22:50.556+0000] {local_task_job_runner.py:123} INFO - ::group::Pre task execution logs
[2024-09-10T07:22:50.587+0000] {taskinstance.py:2612} INFO - Dependencies all met for dep_context=non-requeueable deps ti=<TaskInstance: our_first_dag_V2.first_task scheduled__2023-05-18T00:00:00+00:00 [queued]>
[2024-09-10T07:22:50.613+0000] {taskinstance.py:2612} INFO - Dependencies all met for dep_context=requeueable deps ti=<TaskInstance: our_first_dag_V2.first_task scheduled__2023-05-18T00:00:00+00:00 [queued]>
[2024-09-10T07:22:50.614+0000] {taskinstance.py:2865} INFO - Starting attempt 1 of 6
[2024-09-10T07:22:50.636+0000] {taskinstance.py:2888} INFO - Executing <Task(BashOperator): first_task> on 2023-05-18 00:00:00+00:00
[2024-09-10T07:22:50.644+0000] {logging_mixin.py:190} WARNING - /home/***/.local/lib/python3.12/site-packages/***/task/task_runner/standard_task_runner.py:70 DeprecationWarning: This process (pid=10390) is multi-threaded, use of fork() may lead to deadlocks in the child.
[2024-09-10T07:22:50.645+0000] {standard_task_runner.py:72} INFO - Started process 10399 to run task
[2024-09-10T07:22:50.644+0000] {standard_task_runner.py:104} INFO - Running: ['***', 'tasks', 'run', 'our_first_dag_V2', 'first_task', 'scheduled__2023-05-18T00:00:00+00:00', '--job-id', '2169', '--raw', '--subdir', 'DAGS_FOLDER/our_first_dag.py', '--cfg-path', '/tmp/tmp52b8hfyn']
[2024-09-10T07:22:50.646+0000] {standard_task_runner.py:105} INFO - Job 2169: Subtask first_task
[2024-09-10T07:22:50.708+0000] {task_command.py:467} INFO - Running <TaskInstance: our_first_dag_V2.first_task scheduled__2023-05-18T00:00:00+00:00 [running]> on host 5508ea9ebfaf
[2024-09-10T07:22:50.845+0000] {taskinstance.py:3131} INFO - Exporting env vars: AIRFLOW_CTX_DAG_OWNER='coder2j' AIRFLOW_CTX_DAG_ID='our_first_dag_V2' AIRFLOW_CTX_TASK_ID='first_task' AIRFLOW_CTX_EXECUTION_DATE='2023-05-18T00:00:00+00:00' AIRFLOW_CTX_TRY_NUMBER='1' AIRFLOW_CTX_DAG_RUN_ID='scheduled__2023-05-18T00:00:00+00:00'
[2024-09-10T07:22:50.846+0000] {taskinstance.py:731} INFO - ::endgroup::
[2024-09-10T07:22:50.863+0000] {subprocess.py:63} INFO - Tmp dir root location: /tmp
[2024-09-10T07:22:50.864+0000] {subprocess.py:75} INFO - Running command: ['/usr/bin/bash', '-c', 'echo hello world, this is the first task!']
[2024-09-10T07:22:50.875+0000] {subprocess.py:86} INFO - Output:
[2024-09-10T07:22:50.878+0000] {subprocess.py:93} INFO - hello world, this is the first task!
[2024-09-10T07:22:50.879+0000] {subprocess.py:97} INFO - Command exited with return code 0
[2024-09-10T07:22:50.925+0000] {taskinstance.py:340} INFO - ::group::Post task execution logs
[2024-09-10T07:22:50.926+0000] {taskinstance.py:352} INFO - Marking task as SUCCESS. dag_id=our_first_dag_V2, task_id=first_task, run_id=scheduled__2023-05-18T00:00:00+00:00, execution_date=20230518T000000, start_date=20240910T072250, end_date=20240910T072250
[2024-09-10T07:22:50.989+0000] {local_task_job_runner.py:266} INFO - Task exited with return code 0
[2024-09-10T07:22:51.011+0000] {local_task_job_runner.py:245} INFO - ::endgroup::
