[2024-09-18T02:20:15.038+0000] {local_task_job_runner.py:123} INFO - ::group::Pre task execution logs
[2024-09-18T02:20:15.052+0000] {taskinstance.py:2612} INFO - Dependencies all met for dep_context=non-requeueable deps ti=<TaskInstance: dag_with_postgres_operator_v02.insert_into_table manual__2024-09-18T02:18:58.026921+00:00 [queued]>
[2024-09-18T02:20:15.064+0000] {taskinstance.py:2612} INFO - Dependencies all met for dep_context=requeueable deps ti=<TaskInstance: dag_with_postgres_operator_v02.insert_into_table manual__2024-09-18T02:18:58.026921+00:00 [queued]>
[2024-09-18T02:20:15.065+0000] {taskinstance.py:2865} INFO - Starting attempt 2 of 7
[2024-09-18T02:20:15.079+0000] {taskinstance.py:2888} INFO - Executing <Task(PostgresOperator): insert_into_table> on 2024-09-18 02:18:58.026921+00:00
[2024-09-18T02:20:15.086+0000] {standard_task_runner.py:104} INFO - Running: ['***', 'tasks', 'run', 'dag_with_postgres_operator_v02', 'insert_into_table', 'manual__2024-09-18T02:18:58.026921+00:00', '--job-id', '22057', '--raw', '--subdir', 'DAGS_FOLDER/dag_with_postgres_operator.py', '--cfg-path', '/tmp/tmpp0ech2lo']
[2024-09-18T02:20:15.088+0000] {standard_task_runner.py:105} INFO - Job 22057: Subtask insert_into_table
[2024-09-18T02:20:15.088+0000] {logging_mixin.py:190} WARNING - /home/***/.local/lib/python3.12/site-packages/***/task/task_runner/standard_task_runner.py:70 DeprecationWarning: This process (pid=830) is multi-threaded, use of fork() may lead to deadlocks in the child.
[2024-09-18T02:20:15.089+0000] {standard_task_runner.py:72} INFO - Started process 831 to run task
[2024-09-18T02:20:15.130+0000] {task_command.py:467} INFO - Running <TaskInstance: dag_with_postgres_operator_v02.insert_into_table manual__2024-09-18T02:18:58.026921+00:00 [running]> on host 5508ea9ebfaf
[2024-09-18T02:20:15.200+0000] {taskinstance.py:3131} INFO - Exporting env vars: AIRFLOW_CTX_DAG_OWNER='coder2j' AIRFLOW_CTX_DAG_ID='dag_with_postgres_operator_v02' AIRFLOW_CTX_TASK_ID='insert_into_table' AIRFLOW_CTX_EXECUTION_DATE='2024-09-18T02:18:58.026921+00:00' AIRFLOW_CTX_TRY_NUMBER='2' AIRFLOW_CTX_DAG_RUN_ID='manual__2024-09-18T02:18:58.026921+00:00'
[2024-09-18T02:20:15.201+0000] {taskinstance.py:731} INFO - ::endgroup::
[2024-09-18T02:20:15.214+0000] {sql.py:266} INFO - Executing: 
                insert into dag_runs (dt, dag_id) values ('2024-09-18', 'dag_with_postgres_operator_v02')
            
[2024-09-18T02:20:15.222+0000] {base.py:84} INFO - Retrieving connection 'postgres_localhost'
[2024-09-18T02:20:15.231+0000] {base.py:84} INFO - Retrieving connection 'postgres_localhost'
[2024-09-18T02:20:15.240+0000] {sql.py:509} INFO - Running statement: 
                insert into dag_runs (dt, dag_id) values ('2024-09-18', 'dag_with_postgres_operator_v02')
            , parameters: None
[2024-09-18T02:20:15.243+0000] {sql.py:518} INFO - Rows affected: 1
[2024-09-18T02:20:15.253+0000] {taskinstance.py:340} INFO - ::group::Post task execution logs
[2024-09-18T02:20:15.253+0000] {taskinstance.py:352} INFO - Marking task as SUCCESS. dag_id=dag_with_postgres_operator_v02, task_id=insert_into_table, run_id=manual__2024-09-18T02:18:58.026921+00:00, execution_date=20240918T021858, start_date=20240918T022015, end_date=20240918T022015
[2024-09-18T02:20:15.306+0000] {local_task_job_runner.py:266} INFO - Task exited with return code 0
[2024-09-18T02:20:15.322+0000] {taskinstance.py:3900} INFO - 0 downstream tasks scheduled from follow-on schedule check
[2024-09-18T02:20:15.327+0000] {local_task_job_runner.py:245} INFO - ::endgroup::
