[2024-09-10T08:12:53.550+0000] {local_task_job_runner.py:123} INFO - ::group::Pre task execution logs
[2024-09-10T08:12:53.663+0000] {taskinstance.py:2612} INFO - Dependencies all met for dep_context=non-requeueable deps ti=<TaskInstance: our_first_dag_V5.first_task scheduled__2022-02-13T00:00:00+00:00 [queued]>
[2024-09-10T08:12:53.727+0000] {taskinstance.py:2612} INFO - Dependencies all met for dep_context=requeueable deps ti=<TaskInstance: our_first_dag_V5.first_task scheduled__2022-02-13T00:00:00+00:00 [queued]>
[2024-09-10T08:12:53.737+0000] {taskinstance.py:2865} INFO - Starting attempt 1 of 6
[2024-09-10T08:12:53.835+0000] {taskinstance.py:2888} INFO - Executing <Task(BashOperator): first_task> on 2022-02-13 00:00:00+00:00
[2024-09-10T08:12:53.869+0000] {logging_mixin.py:190} WARNING - /home/***/.local/lib/python3.12/site-packages/***/task/task_runner/standard_task_runner.py:70 DeprecationWarning: This process (pid=30784) is multi-threaded, use of fork() may lead to deadlocks in the child.
[2024-09-10T08:12:53.883+0000] {standard_task_runner.py:72} INFO - Started process 30802 to run task
[2024-09-10T08:12:53.909+0000] {standard_task_runner.py:104} INFO - Running: ['***', 'tasks', 'run', 'our_first_dag_V5', 'first_task', 'scheduled__2022-02-13T00:00:00+00:00', '--job-id', '6983', '--raw', '--subdir', 'DAGS_FOLDER/our_first_dag.py', '--cfg-path', '/tmp/tmpf3kh0345']
[2024-09-10T08:12:53.934+0000] {standard_task_runner.py:105} INFO - Job 6983: Subtask first_task
[2024-09-10T08:12:54.223+0000] {task_command.py:467} INFO - Running <TaskInstance: our_first_dag_V5.first_task scheduled__2022-02-13T00:00:00+00:00 [running]> on host 5508ea9ebfaf
[2024-09-10T08:12:54.616+0000] {taskinstance.py:3131} INFO - Exporting env vars: AIRFLOW_CTX_DAG_OWNER='coder2j' AIRFLOW_CTX_DAG_ID='our_first_dag_V5' AIRFLOW_CTX_TASK_ID='first_task' AIRFLOW_CTX_EXECUTION_DATE='2022-02-13T00:00:00+00:00' AIRFLOW_CTX_TRY_NUMBER='1' AIRFLOW_CTX_DAG_RUN_ID='scheduled__2022-02-13T00:00:00+00:00'
[2024-09-10T08:12:54.641+0000] {taskinstance.py:731} INFO - ::endgroup::
[2024-09-10T08:12:54.686+0000] {subprocess.py:63} INFO - Tmp dir root location: /tmp
[2024-09-10T08:12:54.688+0000] {subprocess.py:75} INFO - Running command: ['/usr/bin/bash', '-c', 'echo hello world, this is the first task!']
[2024-09-10T08:12:54.727+0000] {subprocess.py:86} INFO - Output:
[2024-09-10T08:12:54.759+0000] {subprocess.py:93} INFO - hello world, this is the first task!
[2024-09-10T08:12:54.770+0000] {subprocess.py:97} INFO - Command exited with return code 0
[2024-09-10T08:12:54.936+0000] {taskinstance.py:340} INFO - ::group::Post task execution logs
[2024-09-10T08:12:54.949+0000] {taskinstance.py:352} INFO - Marking task as SUCCESS. dag_id=our_first_dag_V5, task_id=first_task, run_id=scheduled__2022-02-13T00:00:00+00:00, execution_date=20220213T000000, start_date=20240910T081253, end_date=20240910T081254
[2024-09-10T08:12:55.201+0000] {local_task_job_runner.py:266} INFO - Task exited with return code 0
[2024-09-10T08:12:55.323+0000] {local_task_job_runner.py:245} INFO - ::endgroup::
