[2024-09-18T01:59:01.300+0000] {local_task_job_runner.py:123} INFO - ::group::Pre task execution logs
[2024-09-18T01:59:01.358+0000] {taskinstance.py:2612} INFO - Dependencies all met for dep_context=non-requeueable deps ti=<TaskInstance: dag_with_postgres_operator_v02.create_postgres_table scheduled__2024-09-06T00:00:00+00:00 [queued]>
[2024-09-18T01:59:01.379+0000] {taskinstance.py:2612} INFO - Dependencies all met for dep_context=requeueable deps ti=<TaskInstance: dag_with_postgres_operator_v02.create_postgres_table scheduled__2024-09-06T00:00:00+00:00 [queued]>
[2024-09-18T01:59:01.385+0000] {taskinstance.py:2865} INFO - Starting attempt 1 of 6
[2024-09-18T01:59:01.460+0000] {taskinstance.py:2888} INFO - Executing <Task(PostgresOperator): create_postgres_table> on 2024-09-06 00:00:00+00:00
[2024-09-18T01:59:01.473+0000] {logging_mixin.py:190} WARNING - /home/***/.local/lib/python3.12/site-packages/***/task/task_runner/standard_task_runner.py:70 DeprecationWarning: This process (pid=6668) is multi-threaded, use of fork() may lead to deadlocks in the child.
[2024-09-18T01:59:01.476+0000] {standard_task_runner.py:72} INFO - Started process 6677 to run task
[2024-09-18T01:59:01.480+0000] {standard_task_runner.py:104} INFO - Running: ['***', 'tasks', 'run', 'dag_with_postgres_operator_v02', 'create_postgres_table', 'scheduled__2024-09-06T00:00:00+00:00', '--job-id', '21989', '--raw', '--subdir', 'DAGS_FOLDER/dag_with_postgres_operator.py', '--cfg-path', '/tmp/tmpvr3pp8wu']
[2024-09-18T01:59:01.483+0000] {standard_task_runner.py:105} INFO - Job 21989: Subtask create_postgres_table
[2024-09-18T01:59:01.563+0000] {task_command.py:467} INFO - Running <TaskInstance: dag_with_postgres_operator_v02.create_postgres_table scheduled__2024-09-06T00:00:00+00:00 [running]> on host 5508ea9ebfaf
[2024-09-18T01:59:01.717+0000] {taskinstance.py:3131} INFO - Exporting env vars: AIRFLOW_CTX_DAG_OWNER='coder2j' AIRFLOW_CTX_DAG_ID='dag_with_postgres_operator_v02' AIRFLOW_CTX_TASK_ID='create_postgres_table' AIRFLOW_CTX_EXECUTION_DATE='2024-09-06T00:00:00+00:00' AIRFLOW_CTX_TRY_NUMBER='1' AIRFLOW_CTX_DAG_RUN_ID='scheduled__2024-09-06T00:00:00+00:00'
[2024-09-18T01:59:01.718+0000] {taskinstance.py:731} INFO - ::endgroup::
[2024-09-18T01:59:01.741+0000] {sql.py:266} INFO - Executing: 
            create table if not exists dag_runs (
                dt date,
                dag_id character varying,
                primary key (dt, dag_id)
            )
        
[2024-09-18T01:59:01.750+0000] {base.py:84} INFO - Retrieving connection 'postgres_localhost'
[2024-09-18T01:59:01.763+0000] {base.py:84} INFO - Retrieving connection 'postgres_localhost'
[2024-09-18T01:59:01.793+0000] {sql.py:509} INFO - Running statement: 
            create table if not exists dag_runs (
                dt date,
                dag_id character varying,
                primary key (dt, dag_id)
            )
        , parameters: None
[2024-09-18T01:59:01.820+0000] {taskinstance.py:340} INFO - ::group::Post task execution logs
[2024-09-18T01:59:01.821+0000] {taskinstance.py:352} INFO - Marking task as SUCCESS. dag_id=dag_with_postgres_operator_v02, task_id=create_postgres_table, run_id=scheduled__2024-09-06T00:00:00+00:00, execution_date=20240906T000000, start_date=20240918T015901, end_date=20240918T015901
[2024-09-18T01:59:01.943+0000] {local_task_job_runner.py:266} INFO - Task exited with return code 0
[2024-09-18T01:59:01.962+0000] {logging_mixin.py:190} WARNING - /home/***/.local/lib/python3.12/site-packages/***/models/baseoperator.py:1378 AirflowProviderDeprecationWarning: Call to deprecated class PostgresOperator. (Please use `***.providers.common.sql.operators.sql.SQLExecuteQueryOperator`.Also, you can provide `hook_params={'schema': <database>}`.)
[2024-09-18T01:59:01.982+0000] {taskinstance.py:3900} INFO - 1 downstream tasks scheduled from follow-on schedule check
[2024-09-18T01:59:01.996+0000] {local_task_job_runner.py:245} INFO - ::endgroup::
