[2024-09-10T07:28:59.127+0000] {local_task_job_runner.py:123} INFO - ::group::Pre task execution logs
[2024-09-10T07:28:59.143+0000] {taskinstance.py:2612} INFO - Dependencies all met for dep_context=non-requeueable deps ti=<TaskInstance: our_first_dag_V3.second_task scheduled__2022-08-24T00:00:00+00:00 [queued]>
[2024-09-10T07:28:59.152+0000] {taskinstance.py:2612} INFO - Dependencies all met for dep_context=requeueable deps ti=<TaskInstance: our_first_dag_V3.second_task scheduled__2022-08-24T00:00:00+00:00 [queued]>
[2024-09-10T07:28:59.153+0000] {taskinstance.py:2865} INFO - Starting attempt 1 of 6
[2024-09-10T07:28:59.183+0000] {taskinstance.py:2888} INFO - Executing <Task(BashOperator): second_task> on 2022-08-24 00:00:00+00:00
[2024-09-10T07:28:59.191+0000] {logging_mixin.py:190} WARNING - /home/***/.local/lib/python3.12/site-packages/***/task/task_runner/standard_task_runner.py:70 DeprecationWarning: This process (pid=16390) is multi-threaded, use of fork() may lead to deadlocks in the child.
[2024-09-10T07:28:59.193+0000] {standard_task_runner.py:72} INFO - Started process 16397 to run task
[2024-09-10T07:28:59.191+0000] {standard_task_runner.py:104} INFO - Running: ['***', 'tasks', 'run', 'our_first_dag_V3', 'second_task', 'scheduled__2022-08-24T00:00:00+00:00', '--job-id', '3628', '--raw', '--subdir', 'DAGS_FOLDER/our_first_dag.py', '--cfg-path', '/tmp/tmpd_zuchup']
[2024-09-10T07:28:59.194+0000] {standard_task_runner.py:105} INFO - Job 3628: Subtask second_task
[2024-09-10T07:28:59.254+0000] {task_command.py:467} INFO - Running <TaskInstance: our_first_dag_V3.second_task scheduled__2022-08-24T00:00:00+00:00 [running]> on host 5508ea9ebfaf
[2024-09-10T07:28:59.373+0000] {taskinstance.py:3131} INFO - Exporting env vars: AIRFLOW_CTX_DAG_OWNER='coder2j' AIRFLOW_CTX_DAG_ID='our_first_dag_V3' AIRFLOW_CTX_TASK_ID='second_task' AIRFLOW_CTX_EXECUTION_DATE='2022-08-24T00:00:00+00:00' AIRFLOW_CTX_TRY_NUMBER='1' AIRFLOW_CTX_DAG_RUN_ID='scheduled__2022-08-24T00:00:00+00:00'
[2024-09-10T07:28:59.377+0000] {taskinstance.py:731} INFO - ::endgroup::
[2024-09-10T07:28:59.401+0000] {subprocess.py:63} INFO - Tmp dir root location: /tmp
[2024-09-10T07:28:59.402+0000] {subprocess.py:75} INFO - Running command: ['/usr/bin/bash', '-c', 'echo hey, this is the second task!']
[2024-09-10T07:28:59.415+0000] {subprocess.py:86} INFO - Output:
[2024-09-10T07:28:59.416+0000] {subprocess.py:93} INFO - hey, this is the second task!
[2024-09-10T07:28:59.417+0000] {subprocess.py:97} INFO - Command exited with return code 0
[2024-09-10T07:28:59.460+0000] {taskinstance.py:340} INFO - ::group::Post task execution logs
[2024-09-10T07:28:59.461+0000] {taskinstance.py:352} INFO - Marking task as SUCCESS. dag_id=our_first_dag_V3, task_id=second_task, run_id=scheduled__2022-08-24T00:00:00+00:00, execution_date=20220824T000000, start_date=20240910T072859, end_date=20240910T072859
[2024-09-10T07:28:59.531+0000] {local_task_job_runner.py:266} INFO - Task exited with return code 0
[2024-09-10T07:28:59.557+0000] {local_task_job_runner.py:245} INFO - ::endgroup::
