[2024-09-10T07:22:47.565+0000] {local_task_job_runner.py:123} INFO - ::group::Pre task execution logs
[2024-09-10T07:22:47.583+0000] {taskinstance.py:2612} INFO - Dependencies all met for dep_context=non-requeueable deps ti=<TaskInstance: our_first_dag_V2.second_task scheduled__2023-05-11T00:00:00+00:00 [queued]>
[2024-09-10T07:22:47.590+0000] {taskinstance.py:2612} INFO - Dependencies all met for dep_context=requeueable deps ti=<TaskInstance: our_first_dag_V2.second_task scheduled__2023-05-11T00:00:00+00:00 [queued]>
[2024-09-10T07:22:47.592+0000] {taskinstance.py:2865} INFO - Starting attempt 1 of 6
[2024-09-10T07:22:47.605+0000] {taskinstance.py:2888} INFO - Executing <Task(BashOperator): second_task> on 2023-05-11 00:00:00+00:00
[2024-09-10T07:22:47.611+0000] {logging_mixin.py:190} WARNING - /home/***/.local/lib/python3.12/site-packages/***/task/task_runner/standard_task_runner.py:70 DeprecationWarning: This process (pid=10365) is multi-threaded, use of fork() may lead to deadlocks in the child.
[2024-09-10T07:22:47.612+0000] {standard_task_runner.py:72} INFO - Started process 10366 to run task
[2024-09-10T07:22:47.611+0000] {standard_task_runner.py:104} INFO - Running: ['***', 'tasks', 'run', 'our_first_dag_V2', 'second_task', 'scheduled__2023-05-11T00:00:00+00:00', '--job-id', '2161', '--raw', '--subdir', 'DAGS_FOLDER/our_first_dag.py', '--cfg-path', '/tmp/tmpqo8vk3sq']
[2024-09-10T07:22:47.613+0000] {standard_task_runner.py:105} INFO - Job 2161: Subtask second_task
[2024-09-10T07:22:47.660+0000] {task_command.py:467} INFO - Running <TaskInstance: our_first_dag_V2.second_task scheduled__2023-05-11T00:00:00+00:00 [running]> on host 5508ea9ebfaf
[2024-09-10T07:22:47.734+0000] {taskinstance.py:3131} INFO - Exporting env vars: AIRFLOW_CTX_DAG_OWNER='coder2j' AIRFLOW_CTX_DAG_ID='our_first_dag_V2' AIRFLOW_CTX_TASK_ID='second_task' AIRFLOW_CTX_EXECUTION_DATE='2023-05-11T00:00:00+00:00' AIRFLOW_CTX_TRY_NUMBER='1' AIRFLOW_CTX_DAG_RUN_ID='scheduled__2023-05-11T00:00:00+00:00'
[2024-09-10T07:22:47.735+0000] {taskinstance.py:731} INFO - ::endgroup::
[2024-09-10T07:22:47.747+0000] {subprocess.py:63} INFO - Tmp dir root location: /tmp
[2024-09-10T07:22:47.748+0000] {subprocess.py:75} INFO - Running command: ['/usr/bin/bash', '-c', 'echo hey, this is the second task!']
[2024-09-10T07:22:47.754+0000] {subprocess.py:86} INFO - Output:
[2024-09-10T07:22:47.755+0000] {subprocess.py:93} INFO - hey, this is the second task!
[2024-09-10T07:22:47.756+0000] {subprocess.py:97} INFO - Command exited with return code 0
[2024-09-10T07:22:47.778+0000] {taskinstance.py:340} INFO - ::group::Post task execution logs
[2024-09-10T07:22:47.779+0000] {taskinstance.py:352} INFO - Marking task as SUCCESS. dag_id=our_first_dag_V2, task_id=second_task, run_id=scheduled__2023-05-11T00:00:00+00:00, execution_date=20230511T000000, start_date=20240910T072247, end_date=20240910T072247
[2024-09-10T07:22:47.828+0000] {local_task_job_runner.py:266} INFO - Task exited with return code 0
[2024-09-10T07:22:47.841+0000] {taskinstance.py:3900} INFO - 0 downstream tasks scheduled from follow-on schedule check
[2024-09-10T07:22:47.845+0000] {local_task_job_runner.py:245} INFO - ::endgroup::
