[2024-09-10T08:17:00.553+0000] {local_task_job_runner.py:123} INFO - ::group::Pre task execution logs
[2024-09-10T08:17:00.672+0000] {taskinstance.py:2612} INFO - Dependencies all met for dep_context=non-requeueable deps ti=<TaskInstance: our_first_dag_V5.first_task scheduled__2022-11-18T00:00:00+00:00 [queued]>
[2024-09-10T08:17:00.693+0000] {taskinstance.py:2612} INFO - Dependencies all met for dep_context=requeueable deps ti=<TaskInstance: our_first_dag_V5.first_task scheduled__2022-11-18T00:00:00+00:00 [queued]>
[2024-09-10T08:17:00.695+0000] {taskinstance.py:2865} INFO - Starting attempt 1 of 6
[2024-09-10T08:17:00.927+0000] {taskinstance.py:2888} INFO - Executing <Task(BashOperator): first_task> on 2022-11-18 00:00:00+00:00
[2024-09-10T08:17:00.960+0000] {logging_mixin.py:190} WARNING - /home/***/.local/lib/python3.12/site-packages/***/task/task_runner/standard_task_runner.py:70 DeprecationWarning: This process (pid=34204) is multi-threaded, use of fork() may lead to deadlocks in the child.
[2024-09-10T08:17:00.975+0000] {standard_task_runner.py:72} INFO - Started process 34225 to run task
[2024-09-10T08:17:00.976+0000] {standard_task_runner.py:104} INFO - Running: ['***', 'tasks', 'run', 'our_first_dag_V5', 'first_task', 'scheduled__2022-11-18T00:00:00+00:00', '--job-id', '7818', '--raw', '--subdir', 'DAGS_FOLDER/our_first_dag.py', '--cfg-path', '/tmp/tmpcqe7vlsf']
[2024-09-10T08:17:00.994+0000] {standard_task_runner.py:105} INFO - Job 7818: Subtask first_task
[2024-09-10T08:17:01.257+0000] {task_command.py:467} INFO - Running <TaskInstance: our_first_dag_V5.first_task scheduled__2022-11-18T00:00:00+00:00 [running]> on host 5508ea9ebfaf
[2024-09-10T08:17:01.533+0000] {taskinstance.py:3131} INFO - Exporting env vars: AIRFLOW_CTX_DAG_OWNER='coder2j' AIRFLOW_CTX_DAG_ID='our_first_dag_V5' AIRFLOW_CTX_TASK_ID='first_task' AIRFLOW_CTX_EXECUTION_DATE='2022-11-18T00:00:00+00:00' AIRFLOW_CTX_TRY_NUMBER='1' AIRFLOW_CTX_DAG_RUN_ID='scheduled__2022-11-18T00:00:00+00:00'
[2024-09-10T08:17:01.537+0000] {taskinstance.py:731} INFO - ::endgroup::
[2024-09-10T08:17:01.591+0000] {subprocess.py:63} INFO - Tmp dir root location: /tmp
[2024-09-10T08:17:01.606+0000] {subprocess.py:75} INFO - Running command: ['/usr/bin/bash', '-c', 'echo hello world, this is the first task!']
[2024-09-10T08:17:01.656+0000] {subprocess.py:86} INFO - Output:
[2024-09-10T08:17:01.664+0000] {subprocess.py:93} INFO - hello world, this is the first task!
[2024-09-10T08:17:01.667+0000] {subprocess.py:97} INFO - Command exited with return code 0
[2024-09-10T08:17:01.783+0000] {taskinstance.py:340} INFO - ::group::Post task execution logs
[2024-09-10T08:17:01.785+0000] {taskinstance.py:352} INFO - Marking task as SUCCESS. dag_id=our_first_dag_V5, task_id=first_task, run_id=scheduled__2022-11-18T00:00:00+00:00, execution_date=20221118T000000, start_date=20240910T081700, end_date=20240910T081701
[2024-09-10T08:17:02.014+0000] {local_task_job_runner.py:266} INFO - Task exited with return code 0
[2024-09-10T08:17:02.112+0000] {taskinstance.py:3900} INFO - 2 downstream tasks scheduled from follow-on schedule check
[2024-09-10T08:17:02.141+0000] {local_task_job_runner.py:245} INFO - ::endgroup::
