[2024-09-12T02:20:54.390+0000] {local_task_job_runner.py:123} INFO - ::group::Pre task execution logs
[2024-09-12T02:20:54.447+0000] {taskinstance.py:2612} INFO - Dependencies all met for dep_context=non-requeueable deps ti=<TaskInstance: our_first_dag_V6.second_task scheduled__2023-01-05T00:00:00+00:00 [queued]>
[2024-09-12T02:20:54.508+0000] {taskinstance.py:2612} INFO - Dependencies all met for dep_context=requeueable deps ti=<TaskInstance: our_first_dag_V6.second_task scheduled__2023-01-05T00:00:00+00:00 [queued]>
[2024-09-12T02:20:54.509+0000] {taskinstance.py:2865} INFO - Starting attempt 1 of 6
[2024-09-12T02:20:54.634+0000] {taskinstance.py:2888} INFO - Executing <Task(BashOperator): second_task> on 2023-01-05 00:00:00+00:00
[2024-09-12T02:20:54.652+0000] {logging_mixin.py:190} WARNING - /home/***/.local/lib/python3.12/site-packages/***/task/task_runner/standard_task_runner.py:70 DeprecationWarning: This process (pid=7511) is multi-threaded, use of fork() may lead to deadlocks in the child.
[2024-09-12T02:20:54.670+0000] {standard_task_runner.py:72} INFO - Started process 7525 to run task
[2024-09-12T02:20:54.653+0000] {standard_task_runner.py:104} INFO - Running: ['***', 'tasks', 'run', 'our_first_dag_V6', 'second_task', 'scheduled__2023-01-05T00:00:00+00:00', '--job-id', '20019', '--raw', '--subdir', 'DAGS_FOLDER/our_first_dag.py', '--cfg-path', '/tmp/tmp2bcqw4uw']
[2024-09-12T02:20:54.682+0000] {standard_task_runner.py:105} INFO - Job 20019: Subtask second_task
[2024-09-12T02:20:54.920+0000] {task_command.py:467} INFO - Running <TaskInstance: our_first_dag_V6.second_task scheduled__2023-01-05T00:00:00+00:00 [running]> on host 5508ea9ebfaf
[2024-09-12T02:20:55.438+0000] {taskinstance.py:3131} INFO - Exporting env vars: AIRFLOW_CTX_DAG_OWNER='acap' AIRFLOW_CTX_DAG_ID='our_first_dag_V6' AIRFLOW_CTX_TASK_ID='second_task' AIRFLOW_CTX_EXECUTION_DATE='2023-01-05T00:00:00+00:00' AIRFLOW_CTX_TRY_NUMBER='1' AIRFLOW_CTX_DAG_RUN_ID='scheduled__2023-01-05T00:00:00+00:00'
[2024-09-12T02:20:55.451+0000] {taskinstance.py:731} INFO - ::endgroup::
[2024-09-12T02:20:55.602+0000] {subprocess.py:63} INFO - Tmp dir root location: /tmp
[2024-09-12T02:20:55.605+0000] {subprocess.py:75} INFO - Running command: ['/usr/bin/bash', '-c', 'echo hey, this is the second task!']
[2024-09-12T02:20:55.644+0000] {subprocess.py:86} INFO - Output:
[2024-09-12T02:20:55.654+0000] {subprocess.py:93} INFO - hey, this is the second task!
[2024-09-12T02:20:55.655+0000] {subprocess.py:97} INFO - Command exited with return code 0
[2024-09-12T02:20:55.777+0000] {taskinstance.py:340} INFO - ::group::Post task execution logs
[2024-09-12T02:20:55.779+0000] {taskinstance.py:352} INFO - Marking task as SUCCESS. dag_id=our_first_dag_V6, task_id=second_task, run_id=scheduled__2023-01-05T00:00:00+00:00, execution_date=20230105T000000, start_date=20240912T022054, end_date=20240912T022055
[2024-09-12T02:20:56.100+0000] {local_task_job_runner.py:266} INFO - Task exited with return code 0
[2024-09-12T02:20:56.145+0000] {local_task_job_runner.py:245} INFO - ::endgroup::
