[2024-09-10T08:14:00.897+0000] {local_task_job_runner.py:123} INFO - ::group::Pre task execution logs
[2024-09-10T08:14:00.921+0000] {taskinstance.py:2612} INFO - Dependencies all met for dep_context=non-requeueable deps ti=<TaskInstance: our_first_dag_V5.first_task scheduled__2022-04-22T00:00:00+00:00 [queued]>
[2024-09-10T08:14:00.934+0000] {taskinstance.py:2612} INFO - Dependencies all met for dep_context=requeueable deps ti=<TaskInstance: our_first_dag_V5.first_task scheduled__2022-04-22T00:00:00+00:00 [queued]>
[2024-09-10T08:14:00.935+0000] {taskinstance.py:2865} INFO - Starting attempt 1 of 6
[2024-09-10T08:14:00.992+0000] {taskinstance.py:2888} INFO - Executing <Task(BashOperator): first_task> on 2022-04-22 00:00:00+00:00
[2024-09-10T08:14:01.002+0000] {logging_mixin.py:190} WARNING - /home/***/.local/lib/python3.12/site-packages/***/task/task_runner/standard_task_runner.py:70 DeprecationWarning: This process (pid=31676) is multi-threaded, use of fork() may lead to deadlocks in the child.
[2024-09-10T08:14:01.003+0000] {standard_task_runner.py:72} INFO - Started process 31679 to run task
[2024-09-10T08:14:01.001+0000] {standard_task_runner.py:104} INFO - Running: ['***', 'tasks', 'run', 'our_first_dag_V5', 'first_task', 'scheduled__2022-04-22T00:00:00+00:00', '--job-id', '7197', '--raw', '--subdir', 'DAGS_FOLDER/our_first_dag.py', '--cfg-path', '/tmp/tmp35zmkzyi']
[2024-09-10T08:14:01.004+0000] {standard_task_runner.py:105} INFO - Job 7197: Subtask first_task
[2024-09-10T08:14:01.088+0000] {task_command.py:467} INFO - Running <TaskInstance: our_first_dag_V5.first_task scheduled__2022-04-22T00:00:00+00:00 [running]> on host 5508ea9ebfaf
[2024-09-10T08:14:01.242+0000] {taskinstance.py:3131} INFO - Exporting env vars: AIRFLOW_CTX_DAG_OWNER='coder2j' AIRFLOW_CTX_DAG_ID='our_first_dag_V5' AIRFLOW_CTX_TASK_ID='first_task' AIRFLOW_CTX_EXECUTION_DATE='2022-04-22T00:00:00+00:00' AIRFLOW_CTX_TRY_NUMBER='1' AIRFLOW_CTX_DAG_RUN_ID='scheduled__2022-04-22T00:00:00+00:00'
[2024-09-10T08:14:01.243+0000] {taskinstance.py:731} INFO - ::endgroup::
[2024-09-10T08:14:01.272+0000] {subprocess.py:63} INFO - Tmp dir root location: /tmp
[2024-09-10T08:14:01.273+0000] {subprocess.py:75} INFO - Running command: ['/usr/bin/bash', '-c', 'echo hello world, this is the first task!']
[2024-09-10T08:14:01.289+0000] {subprocess.py:86} INFO - Output:
[2024-09-10T08:14:01.291+0000] {subprocess.py:93} INFO - hello world, this is the first task!
[2024-09-10T08:14:01.292+0000] {subprocess.py:97} INFO - Command exited with return code 0
[2024-09-10T08:14:01.334+0000] {taskinstance.py:340} INFO - ::group::Post task execution logs
[2024-09-10T08:14:01.335+0000] {taskinstance.py:352} INFO - Marking task as SUCCESS. dag_id=our_first_dag_V5, task_id=first_task, run_id=scheduled__2022-04-22T00:00:00+00:00, execution_date=20220422T000000, start_date=20240910T081400, end_date=20240910T081401
[2024-09-10T08:14:01.421+0000] {local_task_job_runner.py:266} INFO - Task exited with return code 0
[2024-09-10T08:14:01.463+0000] {taskinstance.py:3900} INFO - 2 downstream tasks scheduled from follow-on schedule check
[2024-09-10T08:14:01.471+0000] {local_task_job_runner.py:245} INFO - ::endgroup::
