[2024-09-10T08:25:01.678+0000] {local_task_job_runner.py:123} INFO - ::group::Pre task execution logs
[2024-09-10T08:25:01.722+0000] {taskinstance.py:2612} INFO - Dependencies all met for dep_context=non-requeueable deps ti=<TaskInstance: our_first_dag_V5.third_task scheduled__2024-08-21T00:00:00+00:00 [queued]>
[2024-09-10T08:25:01.739+0000] {taskinstance.py:2612} INFO - Dependencies all met for dep_context=requeueable deps ti=<TaskInstance: our_first_dag_V5.third_task scheduled__2024-08-21T00:00:00+00:00 [queued]>
[2024-09-10T08:25:01.742+0000] {taskinstance.py:2865} INFO - Starting attempt 1 of 6
[2024-09-10T08:25:01.880+0000] {taskinstance.py:2888} INFO - Executing <Task(BashOperator): third_task> on 2024-08-21 00:00:00+00:00
[2024-09-10T08:25:01.891+0000] {logging_mixin.py:190} WARNING - /home/***/.local/lib/python3.12/site-packages/***/task/task_runner/standard_task_runner.py:70 DeprecationWarning: This process (pid=42152) is multi-threaded, use of fork() may lead to deadlocks in the child.
[2024-09-10T08:25:01.893+0000] {standard_task_runner.py:72} INFO - Started process 42164 to run task
[2024-09-10T08:25:01.895+0000] {standard_task_runner.py:104} INFO - Running: ['***', 'tasks', 'run', 'our_first_dag_V5', 'third_task', 'scheduled__2024-08-21T00:00:00+00:00', '--job-id', '9760', '--raw', '--subdir', 'DAGS_FOLDER/our_first_dag.py', '--cfg-path', '/tmp/tmpm77uwpa0']
[2024-09-10T08:25:01.925+0000] {standard_task_runner.py:105} INFO - Job 9760: Subtask third_task
[2024-09-10T08:25:02.096+0000] {task_command.py:467} INFO - Running <TaskInstance: our_first_dag_V5.third_task scheduled__2024-08-21T00:00:00+00:00 [running]> on host 5508ea9ebfaf
[2024-09-10T08:25:02.469+0000] {taskinstance.py:3131} INFO - Exporting env vars: AIRFLOW_CTX_DAG_OWNER='coder2j' AIRFLOW_CTX_DAG_ID='our_first_dag_V5' AIRFLOW_CTX_TASK_ID='third_task' AIRFLOW_CTX_EXECUTION_DATE='2024-08-21T00:00:00+00:00' AIRFLOW_CTX_TRY_NUMBER='1' AIRFLOW_CTX_DAG_RUN_ID='scheduled__2024-08-21T00:00:00+00:00'
[2024-09-10T08:25:02.483+0000] {taskinstance.py:731} INFO - ::endgroup::
[2024-09-10T08:25:02.566+0000] {subprocess.py:63} INFO - Tmp dir root location: /tmp
[2024-09-10T08:25:02.568+0000] {subprocess.py:75} INFO - Running command: ['/usr/bin/bash', '-c', 'echo hey, this is the third task!']
[2024-09-10T08:25:02.619+0000] {subprocess.py:86} INFO - Output:
[2024-09-10T08:25:02.621+0000] {subprocess.py:93} INFO - hey, this is the third task!
[2024-09-10T08:25:02.626+0000] {subprocess.py:97} INFO - Command exited with return code 0
[2024-09-10T08:25:02.761+0000] {taskinstance.py:340} INFO - ::group::Post task execution logs
[2024-09-10T08:25:02.763+0000] {taskinstance.py:352} INFO - Marking task as SUCCESS. dag_id=our_first_dag_V5, task_id=third_task, run_id=scheduled__2024-08-21T00:00:00+00:00, execution_date=20240821T000000, start_date=20240910T082501, end_date=20240910T082502
[2024-09-10T08:25:02.986+0000] {local_task_job_runner.py:266} INFO - Task exited with return code 0
[2024-09-10T08:25:03.057+0000] {local_task_job_runner.py:245} INFO - ::endgroup::
