[2024-09-10T08:16:12.066+0000] {local_task_job_runner.py:123} INFO - ::group::Pre task execution logs
[2024-09-10T08:16:12.173+0000] {taskinstance.py:2612} INFO - Dependencies all met for dep_context=non-requeueable deps ti=<TaskInstance: our_first_dag_V5.third_task scheduled__2022-09-08T00:00:00+00:00 [queued]>
[2024-09-10T08:16:12.198+0000] {taskinstance.py:2612} INFO - Dependencies all met for dep_context=requeueable deps ti=<TaskInstance: our_first_dag_V5.third_task scheduled__2022-09-08T00:00:00+00:00 [queued]>
[2024-09-10T08:16:12.202+0000] {taskinstance.py:2865} INFO - Starting attempt 1 of 6
[2024-09-10T08:16:12.479+0000] {taskinstance.py:2888} INFO - Executing <Task(BashOperator): third_task> on 2022-09-08 00:00:00+00:00
[2024-09-10T08:16:12.518+0000] {logging_mixin.py:190} WARNING - /home/***/.local/lib/python3.12/site-packages/***/task/task_runner/standard_task_runner.py:70 DeprecationWarning: This process (pid=33396) is multi-threaded, use of fork() may lead to deadlocks in the child.
[2024-09-10T08:16:12.497+0000] {standard_task_runner.py:104} INFO - Running: ['***', 'tasks', 'run', 'our_first_dag_V5', 'third_task', 'scheduled__2022-09-08T00:00:00+00:00', '--job-id', '7620', '--raw', '--subdir', 'DAGS_FOLDER/our_first_dag.py', '--cfg-path', '/tmp/tmp5129xhsu']
[2024-09-10T08:16:12.532+0000] {standard_task_runner.py:105} INFO - Job 7620: Subtask third_task
[2024-09-10T08:16:12.528+0000] {standard_task_runner.py:72} INFO - Started process 33425 to run task
[2024-09-10T08:16:12.821+0000] {task_command.py:467} INFO - Running <TaskInstance: our_first_dag_V5.third_task scheduled__2022-09-08T00:00:00+00:00 [running]> on host 5508ea9ebfaf
[2024-09-10T08:16:13.268+0000] {taskinstance.py:3131} INFO - Exporting env vars: AIRFLOW_CTX_DAG_OWNER='coder2j' AIRFLOW_CTX_DAG_ID='our_first_dag_V5' AIRFLOW_CTX_TASK_ID='third_task' AIRFLOW_CTX_EXECUTION_DATE='2022-09-08T00:00:00+00:00' AIRFLOW_CTX_TRY_NUMBER='1' AIRFLOW_CTX_DAG_RUN_ID='scheduled__2022-09-08T00:00:00+00:00'
[2024-09-10T08:16:13.286+0000] {taskinstance.py:731} INFO - ::endgroup::
[2024-09-10T08:16:13.365+0000] {subprocess.py:63} INFO - Tmp dir root location: /tmp
[2024-09-10T08:16:13.375+0000] {subprocess.py:75} INFO - Running command: ['/usr/bin/bash', '-c', 'echo hey, this is the third task!']
[2024-09-10T08:16:13.396+0000] {subprocess.py:86} INFO - Output:
[2024-09-10T08:16:13.398+0000] {subprocess.py:93} INFO - hey, this is the third task!
[2024-09-10T08:16:13.399+0000] {subprocess.py:97} INFO - Command exited with return code 0
[2024-09-10T08:16:13.473+0000] {taskinstance.py:340} INFO - ::group::Post task execution logs
[2024-09-10T08:16:13.477+0000] {taskinstance.py:352} INFO - Marking task as SUCCESS. dag_id=our_first_dag_V5, task_id=third_task, run_id=scheduled__2022-09-08T00:00:00+00:00, execution_date=20220908T000000, start_date=20240910T081612, end_date=20240910T081613
[2024-09-10T08:16:13.600+0000] {local_task_job_runner.py:266} INFO - Task exited with return code 0
[2024-09-10T08:16:13.635+0000] {local_task_job_runner.py:245} INFO - ::endgroup::
