[2024-09-12T02:18:15.736+0000] {local_task_job_runner.py:123} INFO - ::group::Pre task execution logs
[2024-09-12T02:18:15.796+0000] {taskinstance.py:2612} INFO - Dependencies all met for dep_context=non-requeueable deps ti=<TaskInstance: our_first_dag_V6.second_task scheduled__2022-05-22T00:00:00+00:00 [queued]>
[2024-09-12T02:18:15.826+0000] {taskinstance.py:2612} INFO - Dependencies all met for dep_context=requeueable deps ti=<TaskInstance: our_first_dag_V6.second_task scheduled__2022-05-22T00:00:00+00:00 [queued]>
[2024-09-12T02:18:15.852+0000] {taskinstance.py:2865} INFO - Starting attempt 1 of 6
[2024-09-12T02:18:15.910+0000] {taskinstance.py:2888} INFO - Executing <Task(BashOperator): second_task> on 2022-05-22 00:00:00+00:00
[2024-09-12T02:18:15.944+0000] {logging_mixin.py:190} WARNING - /home/***/.local/lib/python3.12/site-packages/***/task/task_runner/standard_task_runner.py:70 DeprecationWarning: This process (pid=4320) is multi-threaded, use of fork() may lead to deadlocks in the child.
[2024-09-12T02:18:15.946+0000] {standard_task_runner.py:72} INFO - Started process 4337 to run task
[2024-09-12T02:18:15.974+0000] {standard_task_runner.py:104} INFO - Running: ['***', 'tasks', 'run', 'our_first_dag_V6', 'second_task', 'scheduled__2022-05-22T00:00:00+00:00', '--job-id', '19255', '--raw', '--subdir', 'DAGS_FOLDER/our_first_dag.py', '--cfg-path', '/tmp/tmpt89ksmzo']
[2024-09-12T02:18:15.981+0000] {standard_task_runner.py:105} INFO - Job 19255: Subtask second_task
[2024-09-12T02:18:16.151+0000] {task_command.py:467} INFO - Running <TaskInstance: our_first_dag_V6.second_task scheduled__2022-05-22T00:00:00+00:00 [running]> on host 5508ea9ebfaf
[2024-09-12T02:18:16.449+0000] {taskinstance.py:3131} INFO - Exporting env vars: AIRFLOW_CTX_DAG_OWNER='acap' AIRFLOW_CTX_DAG_ID='our_first_dag_V6' AIRFLOW_CTX_TASK_ID='second_task' AIRFLOW_CTX_EXECUTION_DATE='2022-05-22T00:00:00+00:00' AIRFLOW_CTX_TRY_NUMBER='1' AIRFLOW_CTX_DAG_RUN_ID='scheduled__2022-05-22T00:00:00+00:00'
[2024-09-12T02:18:16.453+0000] {taskinstance.py:731} INFO - ::endgroup::
[2024-09-12T02:18:16.495+0000] {subprocess.py:63} INFO - Tmp dir root location: /tmp
[2024-09-12T02:18:16.496+0000] {subprocess.py:75} INFO - Running command: ['/usr/bin/bash', '-c', 'echo hey, this is the second task!']
[2024-09-12T02:18:16.520+0000] {subprocess.py:86} INFO - Output:
[2024-09-12T02:18:16.527+0000] {subprocess.py:93} INFO - hey, this is the second task!
[2024-09-12T02:18:16.528+0000] {subprocess.py:97} INFO - Command exited with return code 0
[2024-09-12T02:18:16.620+0000] {taskinstance.py:340} INFO - ::group::Post task execution logs
[2024-09-12T02:18:16.621+0000] {taskinstance.py:352} INFO - Marking task as SUCCESS. dag_id=our_first_dag_V6, task_id=second_task, run_id=scheduled__2022-05-22T00:00:00+00:00, execution_date=20220522T000000, start_date=20240912T021815, end_date=20240912T021816
[2024-09-12T02:18:16.844+0000] {local_task_job_runner.py:266} INFO - Task exited with return code 0
[2024-09-12T02:18:16.860+0000] {local_task_job_runner.py:245} INFO - ::endgroup::
