[2024-09-12T02:25:37.607+0000] {local_task_job_runner.py:123} INFO - ::group::Pre task execution logs
[2024-09-12T02:25:37.626+0000] {taskinstance.py:2612} INFO - Dependencies all met for dep_context=non-requeueable deps ti=<TaskInstance: our_first_dag_V6.first_task scheduled__2024-02-26T00:00:00+00:00 [queued]>
[2024-09-12T02:25:37.636+0000] {taskinstance.py:2612} INFO - Dependencies all met for dep_context=requeueable deps ti=<TaskInstance: our_first_dag_V6.first_task scheduled__2024-02-26T00:00:00+00:00 [queued]>
[2024-09-12T02:25:37.639+0000] {taskinstance.py:2865} INFO - Starting attempt 1 of 6
[2024-09-12T02:25:37.680+0000] {taskinstance.py:2888} INFO - Executing <Task(BashOperator): first_task> on 2024-02-26 00:00:00+00:00
[2024-09-12T02:25:37.688+0000] {logging_mixin.py:190} WARNING - /home/***/.local/lib/python3.12/site-packages/***/task/task_runner/standard_task_runner.py:70 DeprecationWarning: This process (pid=12747) is multi-threaded, use of fork() may lead to deadlocks in the child.
[2024-09-12T02:25:37.688+0000] {standard_task_runner.py:104} INFO - Running: ['***', 'tasks', 'run', 'our_first_dag_V6', 'first_task', 'scheduled__2024-02-26T00:00:00+00:00', '--job-id', '21265', '--raw', '--subdir', 'DAGS_FOLDER/our_first_dag.py', '--cfg-path', '/tmp/tmpo39lu6hj']
[2024-09-12T02:25:37.690+0000] {standard_task_runner.py:72} INFO - Started process 12750 to run task
[2024-09-12T02:25:37.691+0000] {standard_task_runner.py:105} INFO - Job 21265: Subtask first_task
[2024-09-12T02:25:37.742+0000] {task_command.py:467} INFO - Running <TaskInstance: our_first_dag_V6.first_task scheduled__2024-02-26T00:00:00+00:00 [running]> on host 5508ea9ebfaf
[2024-09-12T02:25:37.866+0000] {taskinstance.py:3131} INFO - Exporting env vars: AIRFLOW_CTX_DAG_OWNER='acap' AIRFLOW_CTX_DAG_ID='our_first_dag_V6' AIRFLOW_CTX_TASK_ID='first_task' AIRFLOW_CTX_EXECUTION_DATE='2024-02-26T00:00:00+00:00' AIRFLOW_CTX_TRY_NUMBER='1' AIRFLOW_CTX_DAG_RUN_ID='scheduled__2024-02-26T00:00:00+00:00'
[2024-09-12T02:25:37.869+0000] {taskinstance.py:731} INFO - ::endgroup::
[2024-09-12T02:25:37.892+0000] {subprocess.py:63} INFO - Tmp dir root location: /tmp
[2024-09-12T02:25:37.895+0000] {subprocess.py:75} INFO - Running command: ['/usr/bin/bash', '-c', 'echo hello world, this is the first task!']
[2024-09-12T02:25:37.906+0000] {subprocess.py:86} INFO - Output:
[2024-09-12T02:25:37.908+0000] {subprocess.py:93} INFO - hello world, this is the first task!
[2024-09-12T02:25:37.908+0000] {subprocess.py:97} INFO - Command exited with return code 0
[2024-09-12T02:25:37.944+0000] {taskinstance.py:340} INFO - ::group::Post task execution logs
[2024-09-12T02:25:37.945+0000] {taskinstance.py:352} INFO - Marking task as SUCCESS. dag_id=our_first_dag_V6, task_id=first_task, run_id=scheduled__2024-02-26T00:00:00+00:00, execution_date=20240226T000000, start_date=20240912T022537, end_date=20240912T022537
[2024-09-12T02:25:38.028+0000] {local_task_job_runner.py:266} INFO - Task exited with return code 0
[2024-09-12T02:25:38.078+0000] {taskinstance.py:3900} INFO - 2 downstream tasks scheduled from follow-on schedule check
[2024-09-12T02:25:38.086+0000] {local_task_job_runner.py:245} INFO - ::endgroup::
