[2024-09-10T08:24:53.601+0000] {local_task_job_runner.py:123} INFO - ::group::Pre task execution logs
[2024-09-10T08:24:53.622+0000] {taskinstance.py:2612} INFO - Dependencies all met for dep_context=non-requeueable deps ti=<TaskInstance: our_first_dag_V5.first_task scheduled__2024-08-10T00:00:00+00:00 [queued]>
[2024-09-10T08:24:53.635+0000] {taskinstance.py:2612} INFO - Dependencies all met for dep_context=requeueable deps ti=<TaskInstance: our_first_dag_V5.first_task scheduled__2024-08-10T00:00:00+00:00 [queued]>
[2024-09-10T08:24:53.636+0000] {taskinstance.py:2865} INFO - Starting attempt 1 of 6
[2024-09-10T08:24:53.654+0000] {taskinstance.py:2888} INFO - Executing <Task(BashOperator): first_task> on 2024-08-10 00:00:00+00:00
[2024-09-10T08:24:53.662+0000] {logging_mixin.py:190} WARNING - /home/***/.local/lib/python3.12/site-packages/***/task/task_runner/standard_task_runner.py:70 DeprecationWarning: This process (pid=41984) is multi-threaded, use of fork() may lead to deadlocks in the child.
[2024-09-10T08:24:53.663+0000] {standard_task_runner.py:72} INFO - Started process 41991 to run task
[2024-09-10T08:24:53.662+0000] {standard_task_runner.py:104} INFO - Running: ['***', 'tasks', 'run', 'our_first_dag_V5', 'first_task', 'scheduled__2024-08-10T00:00:00+00:00', '--job-id', '9716', '--raw', '--subdir', 'DAGS_FOLDER/our_first_dag.py', '--cfg-path', '/tmp/tmphleod5g7']
[2024-09-10T08:24:53.664+0000] {standard_task_runner.py:105} INFO - Job 9716: Subtask first_task
[2024-09-10T08:24:53.718+0000] {task_command.py:467} INFO - Running <TaskInstance: our_first_dag_V5.first_task scheduled__2024-08-10T00:00:00+00:00 [running]> on host 5508ea9ebfaf
[2024-09-10T08:24:53.840+0000] {taskinstance.py:3131} INFO - Exporting env vars: AIRFLOW_CTX_DAG_OWNER='coder2j' AIRFLOW_CTX_DAG_ID='our_first_dag_V5' AIRFLOW_CTX_TASK_ID='first_task' AIRFLOW_CTX_EXECUTION_DATE='2024-08-10T00:00:00+00:00' AIRFLOW_CTX_TRY_NUMBER='1' AIRFLOW_CTX_DAG_RUN_ID='scheduled__2024-08-10T00:00:00+00:00'
[2024-09-10T08:24:53.847+0000] {taskinstance.py:731} INFO - ::endgroup::
[2024-09-10T08:24:53.879+0000] {subprocess.py:63} INFO - Tmp dir root location: /tmp
[2024-09-10T08:24:53.881+0000] {subprocess.py:75} INFO - Running command: ['/usr/bin/bash', '-c', 'echo hello world, this is the first task!']
[2024-09-10T08:24:53.895+0000] {subprocess.py:86} INFO - Output:
[2024-09-10T08:24:53.897+0000] {subprocess.py:93} INFO - hello world, this is the first task!
[2024-09-10T08:24:53.898+0000] {subprocess.py:97} INFO - Command exited with return code 0
[2024-09-10T08:24:53.928+0000] {taskinstance.py:340} INFO - ::group::Post task execution logs
[2024-09-10T08:24:53.929+0000] {taskinstance.py:352} INFO - Marking task as SUCCESS. dag_id=our_first_dag_V5, task_id=first_task, run_id=scheduled__2024-08-10T00:00:00+00:00, execution_date=20240810T000000, start_date=20240910T082453, end_date=20240910T082453
[2024-09-10T08:24:53.999+0000] {local_task_job_runner.py:266} INFO - Task exited with return code 0
[2024-09-10T08:24:54.050+0000] {taskinstance.py:3900} INFO - 2 downstream tasks scheduled from follow-on schedule check
[2024-09-10T08:24:54.054+0000] {local_task_job_runner.py:245} INFO - ::endgroup::
