[2024-09-10T07:19:14.828+0000] {local_task_job_runner.py:123} INFO - ::group::Pre task execution logs
[2024-09-10T07:19:14.844+0000] {taskinstance.py:2612} INFO - Dependencies all met for dep_context=non-requeueable deps ti=<TaskInstance: our_first_dag_V2.second_task scheduled__2022-04-29T00:00:00+00:00 [queued]>
[2024-09-10T07:19:14.852+0000] {taskinstance.py:2612} INFO - Dependencies all met for dep_context=requeueable deps ti=<TaskInstance: our_first_dag_V2.second_task scheduled__2022-04-29T00:00:00+00:00 [queued]>
[2024-09-10T07:19:14.854+0000] {taskinstance.py:2865} INFO - Starting attempt 1 of 6
[2024-09-10T07:19:14.869+0000] {taskinstance.py:2888} INFO - Executing <Task(BashOperator): second_task> on 2022-04-29 00:00:00+00:00
[2024-09-10T07:19:14.875+0000] {logging_mixin.py:190} WARNING - /home/***/.local/lib/python3.12/site-packages/***/task/task_runner/standard_task_runner.py:70 DeprecationWarning: This process (pid=7257) is multi-threaded, use of fork() may lead to deadlocks in the child.
[2024-09-10T07:19:14.876+0000] {standard_task_runner.py:72} INFO - Started process 7258 to run task
[2024-09-10T07:19:14.875+0000] {standard_task_runner.py:104} INFO - Running: ['***', 'tasks', 'run', 'our_first_dag_V2', 'second_task', 'scheduled__2022-04-29T00:00:00+00:00', '--job-id', '1404', '--raw', '--subdir', 'DAGS_FOLDER/our_first_dag.py', '--cfg-path', '/tmp/tmpcykh3_cj']
[2024-09-10T07:19:14.878+0000] {standard_task_runner.py:105} INFO - Job 1404: Subtask second_task
[2024-09-10T07:19:14.923+0000] {task_command.py:467} INFO - Running <TaskInstance: our_first_dag_V2.second_task scheduled__2022-04-29T00:00:00+00:00 [running]> on host 5508ea9ebfaf
[2024-09-10T07:19:15.004+0000] {taskinstance.py:3131} INFO - Exporting env vars: AIRFLOW_CTX_DAG_OWNER='coder2j' AIRFLOW_CTX_DAG_ID='our_first_dag_V2' AIRFLOW_CTX_TASK_ID='second_task' AIRFLOW_CTX_EXECUTION_DATE='2022-04-29T00:00:00+00:00' AIRFLOW_CTX_TRY_NUMBER='1' AIRFLOW_CTX_DAG_RUN_ID='scheduled__2022-04-29T00:00:00+00:00'
[2024-09-10T07:19:15.005+0000] {taskinstance.py:731} INFO - ::endgroup::
[2024-09-10T07:19:15.019+0000] {subprocess.py:63} INFO - Tmp dir root location: /tmp
[2024-09-10T07:19:15.020+0000] {subprocess.py:75} INFO - Running command: ['/usr/bin/bash', '-c', 'echo hey, this is the second task!']
[2024-09-10T07:19:15.027+0000] {subprocess.py:86} INFO - Output:
[2024-09-10T07:19:15.029+0000] {subprocess.py:93} INFO - hey, this is the second task!
[2024-09-10T07:19:15.029+0000] {subprocess.py:97} INFO - Command exited with return code 0
[2024-09-10T07:19:15.052+0000] {taskinstance.py:340} INFO - ::group::Post task execution logs
[2024-09-10T07:19:15.053+0000] {taskinstance.py:352} INFO - Marking task as SUCCESS. dag_id=our_first_dag_V2, task_id=second_task, run_id=scheduled__2022-04-29T00:00:00+00:00, execution_date=20220429T000000, start_date=20240910T071914, end_date=20240910T071915
[2024-09-10T07:19:15.093+0000] {local_task_job_runner.py:266} INFO - Task exited with return code 0
[2024-09-10T07:19:15.106+0000] {taskinstance.py:3900} INFO - 0 downstream tasks scheduled from follow-on schedule check
[2024-09-10T07:19:15.110+0000] {local_task_job_runner.py:245} INFO - ::endgroup::
