[2024-09-18T02:25:56.841+0000] {local_task_job_runner.py:123} INFO - ::group::Pre task execution logs
[2024-09-18T02:25:56.859+0000] {taskinstance.py:2612} INFO - Dependencies all met for dep_context=non-requeueable deps ti=<TaskInstance: dag_with_postgres_operator_v03.create_postgres_table scheduled__2024-09-03T00:00:00+00:00 [queued]>
[2024-09-18T02:25:56.868+0000] {taskinstance.py:2612} INFO - Dependencies all met for dep_context=requeueable deps ti=<TaskInstance: dag_with_postgres_operator_v03.create_postgres_table scheduled__2024-09-03T00:00:00+00:00 [queued]>
[2024-09-18T02:25:56.868+0000] {taskinstance.py:2865} INFO - Starting attempt 1 of 6
[2024-09-18T02:25:56.892+0000] {taskinstance.py:2888} INFO - Executing <Task(PostgresOperator): create_postgres_table> on 2024-09-03 00:00:00+00:00
[2024-09-18T02:25:56.906+0000] {logging_mixin.py:190} WARNING - /home/***/.local/lib/python3.12/site-packages/***/task/task_runner/standard_task_runner.py:70 DeprecationWarning: This process (pid=1276) is multi-threaded, use of fork() may lead to deadlocks in the child.
[2024-09-18T02:25:56.907+0000] {standard_task_runner.py:72} INFO - Started process 1283 to run task
[2024-09-18T02:25:56.904+0000] {standard_task_runner.py:104} INFO - Running: ['***', 'tasks', 'run', 'dag_with_postgres_operator_v03', 'create_postgres_table', 'scheduled__2024-09-03T00:00:00+00:00', '--job-id', '22063', '--raw', '--subdir', 'DAGS_FOLDER/dag_with_postgres_operator.py', '--cfg-path', '/tmp/tmpty9orupj']
[2024-09-18T02:25:56.909+0000] {standard_task_runner.py:105} INFO - Job 22063: Subtask create_postgres_table
[2024-09-18T02:25:56.984+0000] {task_command.py:467} INFO - Running <TaskInstance: dag_with_postgres_operator_v03.create_postgres_table scheduled__2024-09-03T00:00:00+00:00 [running]> on host 5508ea9ebfaf
[2024-09-18T02:25:57.098+0000] {taskinstance.py:3131} INFO - Exporting env vars: AIRFLOW_CTX_DAG_OWNER='coder2j' AIRFLOW_CTX_DAG_ID='dag_with_postgres_operator_v03' AIRFLOW_CTX_TASK_ID='create_postgres_table' AIRFLOW_CTX_EXECUTION_DATE='2024-09-03T00:00:00+00:00' AIRFLOW_CTX_TRY_NUMBER='1' AIRFLOW_CTX_DAG_RUN_ID='scheduled__2024-09-03T00:00:00+00:00'
[2024-09-18T02:25:57.100+0000] {taskinstance.py:731} INFO - ::endgroup::
[2024-09-18T02:25:57.121+0000] {sql.py:266} INFO - Executing: 
            create table if not exists dag_runs (
                dt date,
                dag_id character varying,
                primary key (dt, dag_id)
            )
        
[2024-09-18T02:25:57.134+0000] {base.py:84} INFO - Retrieving connection 'postgres_localhost'
[2024-09-18T02:25:57.150+0000] {base.py:84} INFO - Retrieving connection 'postgres_localhost'
[2024-09-18T02:25:57.161+0000] {sql.py:509} INFO - Running statement: 
            create table if not exists dag_runs (
                dt date,
                dag_id character varying,
                primary key (dt, dag_id)
            )
        , parameters: None
[2024-09-18T02:25:57.190+0000] {taskinstance.py:340} INFO - ::group::Post task execution logs
[2024-09-18T02:25:57.191+0000] {taskinstance.py:352} INFO - Marking task as SUCCESS. dag_id=dag_with_postgres_operator_v03, task_id=create_postgres_table, run_id=scheduled__2024-09-03T00:00:00+00:00, execution_date=20240903T000000, start_date=20240918T022556, end_date=20240918T022557
[2024-09-18T02:25:57.244+0000] {local_task_job_runner.py:266} INFO - Task exited with return code 0
[2024-09-18T02:25:57.263+0000] {logging_mixin.py:190} WARNING - /home/***/.local/lib/python3.12/site-packages/***/models/baseoperator.py:1378 AirflowProviderDeprecationWarning: Call to deprecated class PostgresOperator. (Please use `***.providers.common.sql.operators.sql.SQLExecuteQueryOperator`.Also, you can provide `hook_params={'schema': <database>}`.)
[2024-09-18T02:25:57.286+0000] {taskinstance.py:3900} INFO - 1 downstream tasks scheduled from follow-on schedule check
[2024-09-18T02:25:57.294+0000] {local_task_job_runner.py:245} INFO - ::endgroup::
[2024-09-18T02:31:48.279+0000] {local_task_job_runner.py:123} INFO - ::group::Pre task execution logs
[2024-09-18T02:31:48.302+0000] {taskinstance.py:2612} INFO - Dependencies all met for dep_context=non-requeueable deps ti=<TaskInstance: dag_with_postgres_operator_v03.create_postgres_table scheduled__2024-09-03T00:00:00+00:00 [queued]>
[2024-09-18T02:31:48.313+0000] {taskinstance.py:2612} INFO - Dependencies all met for dep_context=requeueable deps ti=<TaskInstance: dag_with_postgres_operator_v03.create_postgres_table scheduled__2024-09-03T00:00:00+00:00 [queued]>
[2024-09-18T02:31:48.314+0000] {taskinstance.py:2865} INFO - Starting attempt 1 of 6
[2024-09-18T02:31:48.344+0000] {taskinstance.py:2888} INFO - Executing <Task(PostgresOperator): create_postgres_table> on 2024-09-03 00:00:00+00:00
[2024-09-18T02:31:48.355+0000] {logging_mixin.py:190} WARNING - /home/***/.local/lib/python3.12/site-packages/***/task/task_runner/standard_task_runner.py:70 DeprecationWarning: This process (pid=1842) is multi-threaded, use of fork() may lead to deadlocks in the child.
[2024-09-18T02:31:48.356+0000] {standard_task_runner.py:72} INFO - Started process 1849 to run task
[2024-09-18T02:31:48.356+0000] {standard_task_runner.py:104} INFO - Running: ['***', 'tasks', 'run', 'dag_with_postgres_operator_v03', 'create_postgres_table', 'scheduled__2024-09-03T00:00:00+00:00', '--job-id', '22111', '--raw', '--subdir', 'DAGS_FOLDER/dag_with_postgres_operator.py', '--cfg-path', '/tmp/tmpnxz349j6']
[2024-09-18T02:31:48.358+0000] {standard_task_runner.py:105} INFO - Job 22111: Subtask create_postgres_table
[2024-09-18T02:31:48.415+0000] {task_command.py:467} INFO - Running <TaskInstance: dag_with_postgres_operator_v03.create_postgres_table scheduled__2024-09-03T00:00:00+00:00 [running]> on host 5508ea9ebfaf
[2024-09-18T02:31:48.523+0000] {taskinstance.py:3131} INFO - Exporting env vars: AIRFLOW_CTX_DAG_OWNER='coder2j' AIRFLOW_CTX_DAG_ID='dag_with_postgres_operator_v03' AIRFLOW_CTX_TASK_ID='create_postgres_table' AIRFLOW_CTX_EXECUTION_DATE='2024-09-03T00:00:00+00:00' AIRFLOW_CTX_TRY_NUMBER='1' AIRFLOW_CTX_DAG_RUN_ID='scheduled__2024-09-03T00:00:00+00:00'
[2024-09-18T02:31:48.524+0000] {taskinstance.py:731} INFO - ::endgroup::
[2024-09-18T02:31:48.548+0000] {sql.py:266} INFO - Executing: 
            create table if not exists dag_runs (
                dt date,
                dag_id character varying,
                primary key (dt, dag_id)
            )
        
[2024-09-18T02:31:48.558+0000] {base.py:84} INFO - Retrieving connection 'postgres_localhost'
[2024-09-18T02:31:48.570+0000] {base.py:84} INFO - Retrieving connection 'postgres_localhost'
[2024-09-18T02:31:48.580+0000] {sql.py:509} INFO - Running statement: 
            create table if not exists dag_runs (
                dt date,
                dag_id character varying,
                primary key (dt, dag_id)
            )
        , parameters: None
[2024-09-18T02:31:48.607+0000] {taskinstance.py:340} INFO - ::group::Post task execution logs
[2024-09-18T02:31:48.608+0000] {taskinstance.py:352} INFO - Marking task as SUCCESS. dag_id=dag_with_postgres_operator_v03, task_id=create_postgres_table, run_id=scheduled__2024-09-03T00:00:00+00:00, execution_date=20240903T000000, start_date=20240918T023148, end_date=20240918T023148
[2024-09-18T02:31:48.695+0000] {local_task_job_runner.py:266} INFO - Task exited with return code 0
[2024-09-18T02:31:48.711+0000] {local_task_job_runner.py:245} INFO - ::endgroup::
