[2024-09-10T07:11:16.835+0000] {local_task_job_runner.py:123} INFO - ::group::Pre task execution logs
[2024-09-10T07:11:16.857+0000] {taskinstance.py:2612} INFO - Dependencies all met for dep_context=non-requeueable deps ti=<TaskInstance: our_first_dag.first_task scheduled__2021-12-15T00:00:00+00:00 [queued]>
[2024-09-10T07:11:16.871+0000] {taskinstance.py:2612} INFO - Dependencies all met for dep_context=requeueable deps ti=<TaskInstance: our_first_dag.first_task scheduled__2021-12-15T00:00:00+00:00 [queued]>
[2024-09-10T07:11:16.872+0000] {taskinstance.py:2865} INFO - Starting attempt 1 of 6
[2024-09-10T07:11:16.977+0000] {taskinstance.py:2888} INFO - Executing <Task(BashOperator): first_task> on 2021-12-15 00:00:00+00:00
[2024-09-10T07:11:16.990+0000] {logging_mixin.py:190} WARNING - /home/***/.local/lib/python3.12/site-packages/***/task/task_runner/standard_task_runner.py:70 DeprecationWarning: This process (pid=2026) is multi-threaded, use of fork() may lead to deadlocks in the child.
[2024-09-10T07:11:16.990+0000] {standard_task_runner.py:104} INFO - Running: ['***', 'tasks', 'run', 'our_first_dag', 'first_task', 'scheduled__2021-12-15T00:00:00+00:00', '--job-id', '143', '--raw', '--subdir', 'DAGS_FOLDER/our_first_dag.py', '--cfg-path', '/tmp/tmpwmp8d08c']
[2024-09-10T07:11:16.992+0000] {standard_task_runner.py:72} INFO - Started process 2029 to run task
[2024-09-10T07:11:16.993+0000] {standard_task_runner.py:105} INFO - Job 143: Subtask first_task
[2024-09-10T07:11:17.109+0000] {task_command.py:467} INFO - Running <TaskInstance: our_first_dag.first_task scheduled__2021-12-15T00:00:00+00:00 [running]> on host 5508ea9ebfaf
[2024-09-10T07:11:17.279+0000] {taskinstance.py:3131} INFO - Exporting env vars: AIRFLOW_CTX_DAG_OWNER='coder2j' AIRFLOW_CTX_DAG_ID='our_first_dag' AIRFLOW_CTX_TASK_ID='first_task' AIRFLOW_CTX_EXECUTION_DATE='2021-12-15T00:00:00+00:00' AIRFLOW_CTX_TRY_NUMBER='1' AIRFLOW_CTX_DAG_RUN_ID='scheduled__2021-12-15T00:00:00+00:00'
[2024-09-10T07:11:17.280+0000] {taskinstance.py:731} INFO - ::endgroup::
[2024-09-10T07:11:17.316+0000] {subprocess.py:63} INFO - Tmp dir root location: /tmp
[2024-09-10T07:11:17.319+0000] {subprocess.py:75} INFO - Running command: ['/usr/bin/bash', '-c', 'echo hello world, this is the first task!']
[2024-09-10T07:11:17.336+0000] {subprocess.py:86} INFO - Output:
[2024-09-10T07:11:17.338+0000] {subprocess.py:93} INFO - hello world, this is the first task!
[2024-09-10T07:11:17.339+0000] {subprocess.py:97} INFO - Command exited with return code 0
[2024-09-10T07:11:17.406+0000] {taskinstance.py:340} INFO - ::group::Post task execution logs
[2024-09-10T07:11:17.407+0000] {taskinstance.py:352} INFO - Marking task as SUCCESS. dag_id=our_first_dag, task_id=first_task, run_id=scheduled__2021-12-15T00:00:00+00:00, execution_date=20211215T000000, start_date=20240910T071116, end_date=20240910T071117
[2024-09-10T07:11:17.535+0000] {local_task_job_runner.py:266} INFO - Task exited with return code 0
[2024-09-10T07:11:17.551+0000] {local_task_job_runner.py:245} INFO - ::endgroup::
