[2024-09-10T07:21:48.615+0000] {local_task_job_runner.py:123} INFO - ::group::Pre task execution logs
[2024-09-10T07:21:48.670+0000] {taskinstance.py:2612} INFO - Dependencies all met for dep_context=non-requeueable deps ti=<TaskInstance: our_first_dag_V2.second_task scheduled__2023-01-12T00:00:00+00:00 [queued]>
[2024-09-10T07:21:48.691+0000] {taskinstance.py:2612} INFO - Dependencies all met for dep_context=requeueable deps ti=<TaskInstance: our_first_dag_V2.second_task scheduled__2023-01-12T00:00:00+00:00 [queued]>
[2024-09-10T07:21:48.692+0000] {taskinstance.py:2865} INFO - Starting attempt 1 of 6
[2024-09-10T07:21:48.745+0000] {taskinstance.py:2888} INFO - Executing <Task(BashOperator): second_task> on 2023-01-12 00:00:00+00:00
[2024-09-10T07:21:48.755+0000] {logging_mixin.py:190} WARNING - /home/***/.local/lib/python3.12/site-packages/***/task/task_runner/standard_task_runner.py:70 DeprecationWarning: This process (pid=9405) is multi-threaded, use of fork() may lead to deadlocks in the child.
[2024-09-10T07:21:48.757+0000] {standard_task_runner.py:72} INFO - Started process 9415 to run task
[2024-09-10T07:21:48.765+0000] {standard_task_runner.py:104} INFO - Running: ['***', 'tasks', 'run', 'our_first_dag_V2', 'second_task', 'scheduled__2023-01-12T00:00:00+00:00', '--job-id', '1930', '--raw', '--subdir', 'DAGS_FOLDER/our_first_dag.py', '--cfg-path', '/tmp/tmpmhc1c4kh']
[2024-09-10T07:21:48.769+0000] {standard_task_runner.py:105} INFO - Job 1930: Subtask second_task
[2024-09-10T07:21:48.871+0000] {task_command.py:467} INFO - Running <TaskInstance: our_first_dag_V2.second_task scheduled__2023-01-12T00:00:00+00:00 [running]> on host 5508ea9ebfaf
[2024-09-10T07:21:49.010+0000] {taskinstance.py:3131} INFO - Exporting env vars: AIRFLOW_CTX_DAG_OWNER='coder2j' AIRFLOW_CTX_DAG_ID='our_first_dag_V2' AIRFLOW_CTX_TASK_ID='second_task' AIRFLOW_CTX_EXECUTION_DATE='2023-01-12T00:00:00+00:00' AIRFLOW_CTX_TRY_NUMBER='1' AIRFLOW_CTX_DAG_RUN_ID='scheduled__2023-01-12T00:00:00+00:00'
[2024-09-10T07:21:49.013+0000] {taskinstance.py:731} INFO - ::endgroup::
[2024-09-10T07:21:49.053+0000] {subprocess.py:63} INFO - Tmp dir root location: /tmp
[2024-09-10T07:21:49.055+0000] {subprocess.py:75} INFO - Running command: ['/usr/bin/bash', '-c', 'echo hey, this is the second task!']
[2024-09-10T07:21:49.067+0000] {subprocess.py:86} INFO - Output:
[2024-09-10T07:21:49.070+0000] {subprocess.py:93} INFO - hey, this is the second task!
[2024-09-10T07:21:49.071+0000] {subprocess.py:97} INFO - Command exited with return code 0
[2024-09-10T07:21:49.123+0000] {taskinstance.py:340} INFO - ::group::Post task execution logs
[2024-09-10T07:21:49.125+0000] {taskinstance.py:352} INFO - Marking task as SUCCESS. dag_id=our_first_dag_V2, task_id=second_task, run_id=scheduled__2023-01-12T00:00:00+00:00, execution_date=20230112T000000, start_date=20240910T072148, end_date=20240910T072149
[2024-09-10T07:21:49.308+0000] {local_task_job_runner.py:266} INFO - Task exited with return code 0
[2024-09-10T07:21:49.343+0000] {taskinstance.py:3900} INFO - 0 downstream tasks scheduled from follow-on schedule check
[2024-09-10T07:21:49.352+0000] {local_task_job_runner.py:245} INFO - ::endgroup::
