[2024-09-10T07:15:44.763+0000] {local_task_job_runner.py:123} INFO - ::group::Pre task execution logs
[2024-09-10T07:15:44.796+0000] {taskinstance.py:2612} INFO - Dependencies all met for dep_context=non-requeueable deps ti=<TaskInstance: our_first_dag.first_task scheduled__2023-11-10T00:00:00+00:00 [queued]>
[2024-09-10T07:15:44.814+0000] {taskinstance.py:2612} INFO - Dependencies all met for dep_context=requeueable deps ti=<TaskInstance: our_first_dag.first_task scheduled__2023-11-10T00:00:00+00:00 [queued]>
[2024-09-10T07:15:44.815+0000] {taskinstance.py:2865} INFO - Starting attempt 1 of 6
[2024-09-10T07:15:44.886+0000] {taskinstance.py:2888} INFO - Executing <Task(BashOperator): first_task> on 2023-11-10 00:00:00+00:00
[2024-09-10T07:15:44.896+0000] {logging_mixin.py:190} WARNING - /home/***/.local/lib/python3.12/site-packages/***/task/task_runner/standard_task_runner.py:70 DeprecationWarning: This process (pid=4899) is multi-threaded, use of fork() may lead to deadlocks in the child.
[2024-09-10T07:15:44.897+0000] {standard_task_runner.py:72} INFO - Started process 4907 to run task
[2024-09-10T07:15:44.896+0000] {standard_task_runner.py:104} INFO - Running: ['***', 'tasks', 'run', 'our_first_dag', 'first_task', 'scheduled__2023-11-10T00:00:00+00:00', '--job-id', '838', '--raw', '--subdir', 'DAGS_FOLDER/our_first_dag.py', '--cfg-path', '/tmp/tmp56v445d7']
[2024-09-10T07:15:44.900+0000] {standard_task_runner.py:105} INFO - Job 838: Subtask first_task
[2024-09-10T07:15:44.981+0000] {task_command.py:467} INFO - Running <TaskInstance: our_first_dag.first_task scheduled__2023-11-10T00:00:00+00:00 [running]> on host 5508ea9ebfaf
[2024-09-10T07:15:45.153+0000] {taskinstance.py:3131} INFO - Exporting env vars: AIRFLOW_CTX_DAG_OWNER='coder2j' AIRFLOW_CTX_DAG_ID='our_first_dag' AIRFLOW_CTX_TASK_ID='first_task' AIRFLOW_CTX_EXECUTION_DATE='2023-11-10T00:00:00+00:00' AIRFLOW_CTX_TRY_NUMBER='1' AIRFLOW_CTX_DAG_RUN_ID='scheduled__2023-11-10T00:00:00+00:00'
[2024-09-10T07:15:45.155+0000] {taskinstance.py:731} INFO - ::endgroup::
[2024-09-10T07:15:45.184+0000] {subprocess.py:63} INFO - Tmp dir root location: /tmp
[2024-09-10T07:15:45.186+0000] {subprocess.py:75} INFO - Running command: ['/usr/bin/bash', '-c', 'echo hello world, this is the first task!']
[2024-09-10T07:15:45.205+0000] {subprocess.py:86} INFO - Output:
[2024-09-10T07:15:45.206+0000] {subprocess.py:93} INFO - hello world, this is the first task!
[2024-09-10T07:15:45.207+0000] {subprocess.py:97} INFO - Command exited with return code 0
[2024-09-10T07:15:45.249+0000] {taskinstance.py:340} INFO - ::group::Post task execution logs
[2024-09-10T07:15:45.250+0000] {taskinstance.py:352} INFO - Marking task as SUCCESS. dag_id=our_first_dag, task_id=first_task, run_id=scheduled__2023-11-10T00:00:00+00:00, execution_date=20231110T000000, start_date=20240910T071544, end_date=20240910T071545
[2024-09-10T07:15:45.316+0000] {local_task_job_runner.py:266} INFO - Task exited with return code 0
[2024-09-10T07:15:45.339+0000] {taskinstance.py:3900} INFO - 0 downstream tasks scheduled from follow-on schedule check
[2024-09-10T07:15:45.344+0000] {local_task_job_runner.py:245} INFO - ::endgroup::
