[2024-09-10T08:23:09.652+0000] {local_task_job_runner.py:123} INFO - ::group::Pre task execution logs
[2024-09-10T08:23:09.723+0000] {taskinstance.py:2612} INFO - Dependencies all met for dep_context=non-requeueable deps ti=<TaskInstance: our_first_dag_V5.third_task scheduled__2024-03-26T00:00:00+00:00 [queued]>
[2024-09-10T08:23:09.775+0000] {taskinstance.py:2612} INFO - Dependencies all met for dep_context=requeueable deps ti=<TaskInstance: our_first_dag_V5.third_task scheduled__2024-03-26T00:00:00+00:00 [queued]>
[2024-09-10T08:23:09.780+0000] {taskinstance.py:2865} INFO - Starting attempt 1 of 6
[2024-09-10T08:23:09.910+0000] {taskinstance.py:2888} INFO - Executing <Task(BashOperator): third_task> on 2024-03-26 00:00:00+00:00
[2024-09-10T08:23:09.948+0000] {logging_mixin.py:190} WARNING - /home/***/.local/lib/python3.12/site-packages/***/task/task_runner/standard_task_runner.py:70 DeprecationWarning: This process (pid=40322) is multi-threaded, use of fork() may lead to deadlocks in the child.
[2024-09-10T08:23:09.974+0000] {standard_task_runner.py:72} INFO - Started process 40335 to run task
[2024-09-10T08:23:09.966+0000] {standard_task_runner.py:104} INFO - Running: ['***', 'tasks', 'run', 'our_first_dag_V5', 'third_task', 'scheduled__2024-03-26T00:00:00+00:00', '--job-id', '9313', '--raw', '--subdir', 'DAGS_FOLDER/our_first_dag.py', '--cfg-path', '/tmp/tmp7daq076t']
[2024-09-10T08:23:09.997+0000] {standard_task_runner.py:105} INFO - Job 9313: Subtask third_task
[2024-09-10T08:23:10.159+0000] {task_command.py:467} INFO - Running <TaskInstance: our_first_dag_V5.third_task scheduled__2024-03-26T00:00:00+00:00 [running]> on host 5508ea9ebfaf
[2024-09-10T08:23:10.411+0000] {taskinstance.py:3131} INFO - Exporting env vars: AIRFLOW_CTX_DAG_OWNER='coder2j' AIRFLOW_CTX_DAG_ID='our_first_dag_V5' AIRFLOW_CTX_TASK_ID='third_task' AIRFLOW_CTX_EXECUTION_DATE='2024-03-26T00:00:00+00:00' AIRFLOW_CTX_TRY_NUMBER='1' AIRFLOW_CTX_DAG_RUN_ID='scheduled__2024-03-26T00:00:00+00:00'
[2024-09-10T08:23:10.417+0000] {taskinstance.py:731} INFO - ::endgroup::
[2024-09-10T08:23:10.456+0000] {subprocess.py:63} INFO - Tmp dir root location: /tmp
[2024-09-10T08:23:10.459+0000] {subprocess.py:75} INFO - Running command: ['/usr/bin/bash', '-c', 'echo hey, this is the third task!']
[2024-09-10T08:23:10.484+0000] {subprocess.py:86} INFO - Output:
[2024-09-10T08:23:10.485+0000] {subprocess.py:93} INFO - hey, this is the third task!
[2024-09-10T08:23:10.488+0000] {subprocess.py:97} INFO - Command exited with return code 0
[2024-09-10T08:23:10.550+0000] {taskinstance.py:340} INFO - ::group::Post task execution logs
[2024-09-10T08:23:10.558+0000] {taskinstance.py:352} INFO - Marking task as SUCCESS. dag_id=our_first_dag_V5, task_id=third_task, run_id=scheduled__2024-03-26T00:00:00+00:00, execution_date=20240326T000000, start_date=20240910T082309, end_date=20240910T082310
[2024-09-10T08:23:10.645+0000] {local_task_job_runner.py:266} INFO - Task exited with return code 0
[2024-09-10T08:23:10.665+0000] {taskinstance.py:3900} INFO - 0 downstream tasks scheduled from follow-on schedule check
[2024-09-10T08:23:10.669+0000] {local_task_job_runner.py:245} INFO - ::endgroup::
