[2024-09-10T07:21:04.846+0000] {local_task_job_runner.py:123} INFO - ::group::Pre task execution logs
[2024-09-10T07:21:04.883+0000] {taskinstance.py:2612} INFO - Dependencies all met for dep_context=non-requeueable deps ti=<TaskInstance: our_first_dag_V2.first_task scheduled__2022-10-30T00:00:00+00:00 [queued]>
[2024-09-10T07:21:04.894+0000] {taskinstance.py:2612} INFO - Dependencies all met for dep_context=requeueable deps ti=<TaskInstance: our_first_dag_V2.first_task scheduled__2022-10-30T00:00:00+00:00 [queued]>
[2024-09-10T07:21:04.896+0000] {taskinstance.py:2865} INFO - Starting attempt 1 of 6
[2024-09-10T07:21:04.930+0000] {taskinstance.py:2888} INFO - Executing <Task(BashOperator): first_task> on 2022-10-30 00:00:00+00:00
[2024-09-10T07:21:04.939+0000] {logging_mixin.py:190} WARNING - /home/***/.local/lib/python3.12/site-packages/***/task/task_runner/standard_task_runner.py:70 DeprecationWarning: This process (pid=8760) is multi-threaded, use of fork() may lead to deadlocks in the child.
[2024-09-10T07:21:04.940+0000] {standard_task_runner.py:72} INFO - Started process 8769 to run task
[2024-09-10T07:21:04.938+0000] {standard_task_runner.py:104} INFO - Running: ['***', 'tasks', 'run', 'our_first_dag_V2', 'first_task', 'scheduled__2022-10-30T00:00:00+00:00', '--job-id', '1770', '--raw', '--subdir', 'DAGS_FOLDER/our_first_dag.py', '--cfg-path', '/tmp/tmpadsfeyyx']
[2024-09-10T07:21:04.941+0000] {standard_task_runner.py:105} INFO - Job 1770: Subtask first_task
[2024-09-10T07:21:05.008+0000] {task_command.py:467} INFO - Running <TaskInstance: our_first_dag_V2.first_task scheduled__2022-10-30T00:00:00+00:00 [running]> on host 5508ea9ebfaf
[2024-09-10T07:21:05.177+0000] {taskinstance.py:3131} INFO - Exporting env vars: AIRFLOW_CTX_DAG_OWNER='coder2j' AIRFLOW_CTX_DAG_ID='our_first_dag_V2' AIRFLOW_CTX_TASK_ID='first_task' AIRFLOW_CTX_EXECUTION_DATE='2022-10-30T00:00:00+00:00' AIRFLOW_CTX_TRY_NUMBER='1' AIRFLOW_CTX_DAG_RUN_ID='scheduled__2022-10-30T00:00:00+00:00'
[2024-09-10T07:21:05.178+0000] {taskinstance.py:731} INFO - ::endgroup::
[2024-09-10T07:21:05.207+0000] {subprocess.py:63} INFO - Tmp dir root location: /tmp
[2024-09-10T07:21:05.209+0000] {subprocess.py:75} INFO - Running command: ['/usr/bin/bash', '-c', 'echo hello world, this is the first task!']
[2024-09-10T07:21:05.229+0000] {subprocess.py:86} INFO - Output:
[2024-09-10T07:21:05.233+0000] {subprocess.py:93} INFO - hello world, this is the first task!
[2024-09-10T07:21:05.234+0000] {subprocess.py:97} INFO - Command exited with return code 0
[2024-09-10T07:21:05.287+0000] {taskinstance.py:340} INFO - ::group::Post task execution logs
[2024-09-10T07:21:05.289+0000] {taskinstance.py:352} INFO - Marking task as SUCCESS. dag_id=our_first_dag_V2, task_id=first_task, run_id=scheduled__2022-10-30T00:00:00+00:00, execution_date=20221030T000000, start_date=20240910T072104, end_date=20240910T072105
[2024-09-10T07:21:05.359+0000] {local_task_job_runner.py:266} INFO - Task exited with return code 0
[2024-09-10T07:21:05.390+0000] {taskinstance.py:3900} INFO - 1 downstream tasks scheduled from follow-on schedule check
[2024-09-10T07:21:05.400+0000] {local_task_job_runner.py:245} INFO - ::endgroup::
