[2024-09-10T08:30:05.861+0000] {processor.py:186} INFO - Started process (PID=165) to work on /opt/airflow/dags/create_dag_with_python_operator.py
[2024-09-10T08:30:05.862+0000] {processor.py:914} INFO - Processing file /opt/airflow/dags/create_dag_with_python_operator.py for tasks to queue
[2024-09-10T08:30:05.865+0000] {logging_mixin.py:190} INFO - [2024-09-10T08:30:05.865+0000] {dagbag.py:587} INFO - Filling up the DagBag from /opt/airflow/dags/create_dag_with_python_operator.py
[2024-09-10T08:30:05.912+0000] {processor.py:925} INFO - DAG(s) 'our_dag_with_python_operator_v01' retrieved from /opt/airflow/dags/create_dag_with_python_operator.py
[2024-09-10T08:30:06.036+0000] {logging_mixin.py:190} INFO - [2024-09-10T08:30:06.036+0000] {override.py:1900} INFO - Created Permission View: can read on DAG:our_dag_with_python_operator_v01
[2024-09-10T08:30:06.049+0000] {logging_mixin.py:190} INFO - [2024-09-10T08:30:06.048+0000] {override.py:1900} INFO - Created Permission View: can delete on DAG:our_dag_with_python_operator_v01
[2024-09-10T08:30:06.058+0000] {logging_mixin.py:190} INFO - [2024-09-10T08:30:06.058+0000] {override.py:1900} INFO - Created Permission View: can edit on DAG:our_dag_with_python_operator_v01
[2024-09-10T08:30:06.069+0000] {logging_mixin.py:190} INFO - [2024-09-10T08:30:06.069+0000] {override.py:1900} INFO - Created Permission View: can read on DAG Run:our_dag_with_python_operator_v01
[2024-09-10T08:30:06.078+0000] {logging_mixin.py:190} INFO - [2024-09-10T08:30:06.078+0000] {override.py:1900} INFO - Created Permission View: can delete on DAG Run:our_dag_with_python_operator_v01
[2024-09-10T08:30:06.087+0000] {logging_mixin.py:190} INFO - [2024-09-10T08:30:06.087+0000] {override.py:1900} INFO - Created Permission View: menu access on DAG Run:our_dag_with_python_operator_v01
[2024-09-10T08:30:06.096+0000] {logging_mixin.py:190} INFO - [2024-09-10T08:30:06.096+0000] {override.py:1900} INFO - Created Permission View: can create on DAG Run:our_dag_with_python_operator_v01
[2024-09-10T08:30:06.097+0000] {logging_mixin.py:190} INFO - [2024-09-10T08:30:06.097+0000] {dag.py:3229} INFO - Sync 1 DAGs
[2024-09-10T08:30:06.110+0000] {logging_mixin.py:190} INFO - [2024-09-10T08:30:06.110+0000] {dag.py:3252} INFO - Creating ORM DAG for our_dag_with_python_operator_v01
[2024-09-10T08:30:06.121+0000] {logging_mixin.py:190} INFO - [2024-09-10T08:30:06.121+0000] {dag.py:4156} INFO - Setting next_dagrun for our_dag_with_python_operator_v01 to 2024-09-06 00:00:00+00:00, run_after=2024-09-07 00:00:00+00:00
[2024-09-10T08:30:06.145+0000] {processor.py:208} INFO - Processing /opt/airflow/dags/create_dag_with_python_operator.py took 0.291 seconds
[2024-09-10T08:30:26.244+0000] {processor.py:186} INFO - Started process (PID=181) to work on /opt/airflow/dags/create_dag_with_python_operator.py
[2024-09-10T08:30:26.245+0000] {processor.py:914} INFO - Processing file /opt/airflow/dags/create_dag_with_python_operator.py for tasks to queue
[2024-09-10T08:30:26.246+0000] {logging_mixin.py:190} INFO - [2024-09-10T08:30:26.246+0000] {dagbag.py:587} INFO - Filling up the DagBag from /opt/airflow/dags/create_dag_with_python_operator.py
[2024-09-10T08:30:26.262+0000] {processor.py:925} INFO - DAG(s) 'our_dag_with_python_operator_v01' retrieved from /opt/airflow/dags/create_dag_with_python_operator.py
[2024-09-10T08:30:26.272+0000] {logging_mixin.py:190} INFO - [2024-09-10T08:30:26.271+0000] {dag.py:3229} INFO - Sync 1 DAGs
[2024-09-10T08:30:26.294+0000] {logging_mixin.py:190} INFO - [2024-09-10T08:30:26.293+0000] {dag.py:4156} INFO - Setting next_dagrun for our_dag_with_python_operator_v01 to 2024-09-06 00:00:00+00:00, run_after=2024-09-07 00:00:00+00:00
[2024-09-10T08:30:26.314+0000] {processor.py:208} INFO - Processing /opt/airflow/dags/create_dag_with_python_operator.py took 0.075 seconds
[2024-09-10T08:30:56.689+0000] {processor.py:186} INFO - Started process (PID=197) to work on /opt/airflow/dags/create_dag_with_python_operator.py
[2024-09-10T08:30:56.690+0000] {processor.py:914} INFO - Processing file /opt/airflow/dags/create_dag_with_python_operator.py for tasks to queue
[2024-09-10T08:30:56.692+0000] {logging_mixin.py:190} INFO - [2024-09-10T08:30:56.692+0000] {dagbag.py:587} INFO - Filling up the DagBag from /opt/airflow/dags/create_dag_with_python_operator.py
[2024-09-10T08:30:56.709+0000] {processor.py:925} INFO - DAG(s) 'our_dag_with_python_operator_v01' retrieved from /opt/airflow/dags/create_dag_with_python_operator.py
[2024-09-10T08:30:56.729+0000] {logging_mixin.py:190} INFO - [2024-09-10T08:30:56.729+0000] {dag.py:3229} INFO - Sync 1 DAGs
[2024-09-10T08:30:56.748+0000] {logging_mixin.py:190} INFO - [2024-09-10T08:30:56.748+0000] {dag.py:4156} INFO - Setting next_dagrun for our_dag_with_python_operator_v01 to 2024-09-06 00:00:00+00:00, run_after=2024-09-07 00:00:00+00:00
[2024-09-10T08:30:56.766+0000] {processor.py:208} INFO - Processing /opt/airflow/dags/create_dag_with_python_operator.py took 0.082 seconds
[2024-09-10T08:31:10.944+0000] {processor.py:186} INFO - Started process (PID=207) to work on /opt/airflow/dags/create_dag_with_python_operator.py
[2024-09-10T08:31:10.945+0000] {processor.py:914} INFO - Processing file /opt/airflow/dags/create_dag_with_python_operator.py for tasks to queue
[2024-09-10T08:31:10.948+0000] {logging_mixin.py:190} INFO - [2024-09-10T08:31:10.947+0000] {dagbag.py:587} INFO - Filling up the DagBag from /opt/airflow/dags/create_dag_with_python_operator.py
[2024-09-10T08:31:10.970+0000] {processor.py:925} INFO - DAG(s) 'our_dag_with_python_operator_v01' retrieved from /opt/airflow/dags/create_dag_with_python_operator.py
[2024-09-10T08:31:10.993+0000] {logging_mixin.py:190} INFO - [2024-09-10T08:31:10.993+0000] {dag.py:3229} INFO - Sync 1 DAGs
[2024-09-10T08:31:11.022+0000] {logging_mixin.py:190} INFO - [2024-09-10T08:31:11.022+0000] {dag.py:4156} INFO - Setting next_dagrun for our_dag_with_python_operator_v01 to 2024-09-06 00:00:00+00:00, run_after=2024-09-07 00:00:00+00:00
[2024-09-10T08:31:11.053+0000] {processor.py:208} INFO - Processing /opt/airflow/dags/create_dag_with_python_operator.py took 0.114 seconds
[2024-09-10T08:31:20.063+0000] {processor.py:186} INFO - Started process (PID=224) to work on /opt/airflow/dags/create_dag_with_python_operator.py
[2024-09-10T08:31:20.064+0000] {processor.py:914} INFO - Processing file /opt/airflow/dags/create_dag_with_python_operator.py for tasks to queue
[2024-09-10T08:31:20.066+0000] {logging_mixin.py:190} INFO - [2024-09-10T08:31:20.065+0000] {dagbag.py:587} INFO - Filling up the DagBag from /opt/airflow/dags/create_dag_with_python_operator.py
[2024-09-10T08:31:20.088+0000] {processor.py:925} INFO - DAG(s) 'our_dag_with_python_operator_v01' retrieved from /opt/airflow/dags/create_dag_with_python_operator.py
[2024-09-10T08:31:20.111+0000] {logging_mixin.py:190} INFO - [2024-09-10T08:31:20.111+0000] {dag.py:3229} INFO - Sync 1 DAGs
[2024-09-10T08:31:20.140+0000] {logging_mixin.py:190} INFO - [2024-09-10T08:31:20.139+0000] {dag.py:4156} INFO - Setting next_dagrun for our_dag_with_python_operator_v01 to 2024-09-10 00:00:00+00:00, run_after=2024-09-11 00:00:00+00:00
[2024-09-10T08:31:20.169+0000] {processor.py:208} INFO - Processing /opt/airflow/dags/create_dag_with_python_operator.py took 0.112 seconds
[2024-09-10T08:31:50.552+0000] {processor.py:186} INFO - Started process (PID=240) to work on /opt/airflow/dags/create_dag_with_python_operator.py
[2024-09-10T08:31:50.553+0000] {processor.py:914} INFO - Processing file /opt/airflow/dags/create_dag_with_python_operator.py for tasks to queue
[2024-09-10T08:31:50.555+0000] {logging_mixin.py:190} INFO - [2024-09-10T08:31:50.555+0000] {dagbag.py:587} INFO - Filling up the DagBag from /opt/airflow/dags/create_dag_with_python_operator.py
[2024-09-10T08:31:50.572+0000] {processor.py:925} INFO - DAG(s) 'our_dag_with_python_operator_v01' retrieved from /opt/airflow/dags/create_dag_with_python_operator.py
[2024-09-10T08:31:50.592+0000] {logging_mixin.py:190} INFO - [2024-09-10T08:31:50.591+0000] {dag.py:3229} INFO - Sync 1 DAGs
[2024-09-10T08:31:50.612+0000] {logging_mixin.py:190} INFO - [2024-09-10T08:31:50.612+0000] {dag.py:4156} INFO - Setting next_dagrun for our_dag_with_python_operator_v01 to 2024-09-10 00:00:00+00:00, run_after=2024-09-11 00:00:00+00:00
[2024-09-10T08:31:50.643+0000] {processor.py:208} INFO - Processing /opt/airflow/dags/create_dag_with_python_operator.py took 0.096 seconds
[2024-09-10T08:32:20.970+0000] {processor.py:186} INFO - Started process (PID=256) to work on /opt/airflow/dags/create_dag_with_python_operator.py
[2024-09-10T08:32:20.971+0000] {processor.py:914} INFO - Processing file /opt/airflow/dags/create_dag_with_python_operator.py for tasks to queue
[2024-09-10T08:32:20.973+0000] {logging_mixin.py:190} INFO - [2024-09-10T08:32:20.973+0000] {dagbag.py:587} INFO - Filling up the DagBag from /opt/airflow/dags/create_dag_with_python_operator.py
[2024-09-10T08:32:20.993+0000] {processor.py:925} INFO - DAG(s) 'our_dag_with_python_operator_v01' retrieved from /opt/airflow/dags/create_dag_with_python_operator.py
[2024-09-10T08:32:21.015+0000] {logging_mixin.py:190} INFO - [2024-09-10T08:32:21.015+0000] {dag.py:3229} INFO - Sync 1 DAGs
[2024-09-10T08:32:21.035+0000] {logging_mixin.py:190} INFO - [2024-09-10T08:32:21.035+0000] {dag.py:4156} INFO - Setting next_dagrun for our_dag_with_python_operator_v01 to 2024-09-10 00:00:00+00:00, run_after=2024-09-11 00:00:00+00:00
[2024-09-10T08:32:21.054+0000] {processor.py:208} INFO - Processing /opt/airflow/dags/create_dag_with_python_operator.py took 0.088 seconds
[2024-09-10T08:32:51.353+0000] {processor.py:186} INFO - Started process (PID=273) to work on /opt/airflow/dags/create_dag_with_python_operator.py
[2024-09-10T08:32:51.354+0000] {processor.py:914} INFO - Processing file /opt/airflow/dags/create_dag_with_python_operator.py for tasks to queue
[2024-09-10T08:32:51.356+0000] {logging_mixin.py:190} INFO - [2024-09-10T08:32:51.356+0000] {dagbag.py:587} INFO - Filling up the DagBag from /opt/airflow/dags/create_dag_with_python_operator.py
[2024-09-10T08:32:51.375+0000] {processor.py:925} INFO - DAG(s) 'our_dag_with_python_operator_v01' retrieved from /opt/airflow/dags/create_dag_with_python_operator.py
[2024-09-10T08:32:51.402+0000] {logging_mixin.py:190} INFO - [2024-09-10T08:32:51.401+0000] {dag.py:3229} INFO - Sync 1 DAGs
[2024-09-10T08:32:51.423+0000] {logging_mixin.py:190} INFO - [2024-09-10T08:32:51.423+0000] {dag.py:4156} INFO - Setting next_dagrun for our_dag_with_python_operator_v01 to 2024-09-10 00:00:00+00:00, run_after=2024-09-11 00:00:00+00:00
[2024-09-10T08:32:51.444+0000] {processor.py:208} INFO - Processing /opt/airflow/dags/create_dag_with_python_operator.py took 0.096 seconds
[2024-09-10T08:33:21.745+0000] {processor.py:186} INFO - Started process (PID=289) to work on /opt/airflow/dags/create_dag_with_python_operator.py
[2024-09-10T08:33:21.746+0000] {processor.py:914} INFO - Processing file /opt/airflow/dags/create_dag_with_python_operator.py for tasks to queue
[2024-09-10T08:33:21.748+0000] {logging_mixin.py:190} INFO - [2024-09-10T08:33:21.748+0000] {dagbag.py:587} INFO - Filling up the DagBag from /opt/airflow/dags/create_dag_with_python_operator.py
[2024-09-10T08:33:21.764+0000] {processor.py:925} INFO - DAG(s) 'our_dag_with_python_operator_v01' retrieved from /opt/airflow/dags/create_dag_with_python_operator.py
[2024-09-10T08:33:21.785+0000] {logging_mixin.py:190} INFO - [2024-09-10T08:33:21.785+0000] {dag.py:3229} INFO - Sync 1 DAGs
[2024-09-10T08:33:21.804+0000] {logging_mixin.py:190} INFO - [2024-09-10T08:33:21.804+0000] {dag.py:4156} INFO - Setting next_dagrun for our_dag_with_python_operator_v01 to 2024-09-10 00:00:00+00:00, run_after=2024-09-11 00:00:00+00:00
[2024-09-10T08:33:21.825+0000] {processor.py:208} INFO - Processing /opt/airflow/dags/create_dag_with_python_operator.py took 0.084 seconds
[2024-09-10T08:33:52.129+0000] {processor.py:186} INFO - Started process (PID=305) to work on /opt/airflow/dags/create_dag_with_python_operator.py
[2024-09-10T08:33:52.130+0000] {processor.py:914} INFO - Processing file /opt/airflow/dags/create_dag_with_python_operator.py for tasks to queue
[2024-09-10T08:33:52.132+0000] {logging_mixin.py:190} INFO - [2024-09-10T08:33:52.132+0000] {dagbag.py:587} INFO - Filling up the DagBag from /opt/airflow/dags/create_dag_with_python_operator.py
[2024-09-10T08:33:52.149+0000] {processor.py:925} INFO - DAG(s) 'our_dag_with_python_operator_v01' retrieved from /opt/airflow/dags/create_dag_with_python_operator.py
[2024-09-10T08:33:52.168+0000] {logging_mixin.py:190} INFO - [2024-09-10T08:33:52.168+0000] {dag.py:3229} INFO - Sync 1 DAGs
[2024-09-10T08:33:52.189+0000] {logging_mixin.py:190} INFO - [2024-09-10T08:33:52.189+0000] {dag.py:4156} INFO - Setting next_dagrun for our_dag_with_python_operator_v01 to 2024-09-10 00:00:00+00:00, run_after=2024-09-11 00:00:00+00:00
[2024-09-10T08:33:52.209+0000] {processor.py:208} INFO - Processing /opt/airflow/dags/create_dag_with_python_operator.py took 0.086 seconds
[2024-09-10T08:34:22.621+0000] {processor.py:186} INFO - Started process (PID=321) to work on /opt/airflow/dags/create_dag_with_python_operator.py
[2024-09-10T08:34:22.622+0000] {processor.py:914} INFO - Processing file /opt/airflow/dags/create_dag_with_python_operator.py for tasks to queue
[2024-09-10T08:34:22.625+0000] {logging_mixin.py:190} INFO - [2024-09-10T08:34:22.624+0000] {dagbag.py:587} INFO - Filling up the DagBag from /opt/airflow/dags/create_dag_with_python_operator.py
[2024-09-10T08:34:22.641+0000] {processor.py:925} INFO - DAG(s) 'our_dag_with_python_operator_v01' retrieved from /opt/airflow/dags/create_dag_with_python_operator.py
[2024-09-10T08:34:22.662+0000] {logging_mixin.py:190} INFO - [2024-09-10T08:34:22.662+0000] {dag.py:3229} INFO - Sync 1 DAGs
[2024-09-10T08:34:22.680+0000] {logging_mixin.py:190} INFO - [2024-09-10T08:34:22.680+0000] {dag.py:4156} INFO - Setting next_dagrun for our_dag_with_python_operator_v01 to 2024-09-10 00:00:00+00:00, run_after=2024-09-11 00:00:00+00:00
[2024-09-10T08:34:22.711+0000] {processor.py:208} INFO - Processing /opt/airflow/dags/create_dag_with_python_operator.py took 0.095 seconds
[2024-09-10T08:34:53.127+0000] {processor.py:186} INFO - Started process (PID=337) to work on /opt/airflow/dags/create_dag_with_python_operator.py
[2024-09-10T08:34:53.128+0000] {processor.py:914} INFO - Processing file /opt/airflow/dags/create_dag_with_python_operator.py for tasks to queue
[2024-09-10T08:34:53.130+0000] {logging_mixin.py:190} INFO - [2024-09-10T08:34:53.129+0000] {dagbag.py:587} INFO - Filling up the DagBag from /opt/airflow/dags/create_dag_with_python_operator.py
[2024-09-10T08:34:53.146+0000] {processor.py:925} INFO - DAG(s) 'our_dag_with_python_operator_v01' retrieved from /opt/airflow/dags/create_dag_with_python_operator.py
[2024-09-10T08:34:53.164+0000] {logging_mixin.py:190} INFO - [2024-09-10T08:34:53.164+0000] {dag.py:3229} INFO - Sync 1 DAGs
[2024-09-10T08:34:53.186+0000] {logging_mixin.py:190} INFO - [2024-09-10T08:34:53.186+0000] {dag.py:4156} INFO - Setting next_dagrun for our_dag_with_python_operator_v01 to 2024-09-10 00:00:00+00:00, run_after=2024-09-11 00:00:00+00:00
[2024-09-10T08:34:53.205+0000] {processor.py:208} INFO - Processing /opt/airflow/dags/create_dag_with_python_operator.py took 0.083 seconds
[2024-09-10T08:35:23.593+0000] {processor.py:186} INFO - Started process (PID=353) to work on /opt/airflow/dags/create_dag_with_python_operator.py
[2024-09-10T08:35:23.594+0000] {processor.py:914} INFO - Processing file /opt/airflow/dags/create_dag_with_python_operator.py for tasks to queue
[2024-09-10T08:35:23.596+0000] {logging_mixin.py:190} INFO - [2024-09-10T08:35:23.596+0000] {dagbag.py:587} INFO - Filling up the DagBag from /opt/airflow/dags/create_dag_with_python_operator.py
[2024-09-10T08:35:23.618+0000] {processor.py:925} INFO - DAG(s) 'our_dag_with_python_operator_v01' retrieved from /opt/airflow/dags/create_dag_with_python_operator.py
[2024-09-10T08:35:23.640+0000] {logging_mixin.py:190} INFO - [2024-09-10T08:35:23.640+0000] {dag.py:3229} INFO - Sync 1 DAGs
[2024-09-10T08:35:23.663+0000] {logging_mixin.py:190} INFO - [2024-09-10T08:35:23.662+0000] {dag.py:4156} INFO - Setting next_dagrun for our_dag_with_python_operator_v01 to 2024-09-10 00:00:00+00:00, run_after=2024-09-11 00:00:00+00:00
[2024-09-10T08:35:23.682+0000] {processor.py:208} INFO - Processing /opt/airflow/dags/create_dag_with_python_operator.py took 0.095 seconds
[2024-09-10T08:35:50.060+0000] {processor.py:186} INFO - Started process (PID=369) to work on /opt/airflow/dags/create_dag_with_python_operator.py
[2024-09-10T08:35:50.061+0000] {processor.py:914} INFO - Processing file /opt/airflow/dags/create_dag_with_python_operator.py for tasks to queue
[2024-09-10T08:35:50.064+0000] {logging_mixin.py:190} INFO - [2024-09-10T08:35:50.063+0000] {dagbag.py:587} INFO - Filling up the DagBag from /opt/airflow/dags/create_dag_with_python_operator.py
[2024-09-10T08:35:50.098+0000] {processor.py:925} INFO - DAG(s) 'our_dag_with_python_operator_v02' retrieved from /opt/airflow/dags/create_dag_with_python_operator.py
[2024-09-10T08:35:50.189+0000] {logging_mixin.py:190} INFO - [2024-09-10T08:35:50.189+0000] {override.py:1900} INFO - Created Permission View: can read on DAG:our_dag_with_python_operator_v02
[2024-09-10T08:35:50.200+0000] {logging_mixin.py:190} INFO - [2024-09-10T08:35:50.200+0000] {override.py:1900} INFO - Created Permission View: can delete on DAG:our_dag_with_python_operator_v02
[2024-09-10T08:35:50.209+0000] {logging_mixin.py:190} INFO - [2024-09-10T08:35:50.209+0000] {override.py:1900} INFO - Created Permission View: can edit on DAG:our_dag_with_python_operator_v02
[2024-09-10T08:35:50.221+0000] {logging_mixin.py:190} INFO - [2024-09-10T08:35:50.221+0000] {override.py:1900} INFO - Created Permission View: can read on DAG Run:our_dag_with_python_operator_v02
[2024-09-10T08:35:50.230+0000] {logging_mixin.py:190} INFO - [2024-09-10T08:35:50.230+0000] {override.py:1900} INFO - Created Permission View: can delete on DAG Run:our_dag_with_python_operator_v02
[2024-09-10T08:35:50.239+0000] {logging_mixin.py:190} INFO - [2024-09-10T08:35:50.239+0000] {override.py:1900} INFO - Created Permission View: menu access on DAG Run:our_dag_with_python_operator_v02
[2024-09-10T08:35:50.248+0000] {logging_mixin.py:190} INFO - [2024-09-10T08:35:50.248+0000] {override.py:1900} INFO - Created Permission View: can create on DAG Run:our_dag_with_python_operator_v02
[2024-09-10T08:35:50.249+0000] {logging_mixin.py:190} INFO - [2024-09-10T08:35:50.249+0000] {dag.py:3229} INFO - Sync 1 DAGs
[2024-09-10T08:35:50.260+0000] {logging_mixin.py:190} INFO - [2024-09-10T08:35:50.260+0000] {dag.py:3252} INFO - Creating ORM DAG for our_dag_with_python_operator_v02
[2024-09-10T08:35:50.269+0000] {logging_mixin.py:190} INFO - [2024-09-10T08:35:50.269+0000] {dag.py:4156} INFO - Setting next_dagrun for our_dag_with_python_operator_v02 to 2024-09-06 00:00:00+00:00, run_after=2024-09-07 00:00:00+00:00
[2024-09-10T08:35:50.291+0000] {processor.py:208} INFO - Processing /opt/airflow/dags/create_dag_with_python_operator.py took 0.236 seconds
[2024-09-10T08:36:01.243+0000] {processor.py:186} INFO - Started process (PID=392) to work on /opt/airflow/dags/create_dag_with_python_operator.py
[2024-09-10T08:36:01.245+0000] {processor.py:914} INFO - Processing file /opt/airflow/dags/create_dag_with_python_operator.py for tasks to queue
[2024-09-10T08:36:01.248+0000] {logging_mixin.py:190} INFO - [2024-09-10T08:36:01.248+0000] {dagbag.py:587} INFO - Filling up the DagBag from /opt/airflow/dags/create_dag_with_python_operator.py
[2024-09-10T08:36:01.270+0000] {processor.py:925} INFO - DAG(s) 'our_dag_with_python_operator_v02' retrieved from /opt/airflow/dags/create_dag_with_python_operator.py
[2024-09-10T08:36:01.281+0000] {logging_mixin.py:190} INFO - [2024-09-10T08:36:01.281+0000] {dag.py:3229} INFO - Sync 1 DAGs
[2024-09-10T08:36:01.317+0000] {logging_mixin.py:190} INFO - [2024-09-10T08:36:01.317+0000] {dag.py:4156} INFO - Setting next_dagrun for our_dag_with_python_operator_v02 to 2024-09-10 00:00:00+00:00, run_after=2024-09-11 00:00:00+00:00
[2024-09-10T08:36:01.341+0000] {processor.py:208} INFO - Processing /opt/airflow/dags/create_dag_with_python_operator.py took 0.105 seconds
[2024-09-10T08:36:31.528+0000] {processor.py:186} INFO - Started process (PID=408) to work on /opt/airflow/dags/create_dag_with_python_operator.py
[2024-09-10T08:36:31.529+0000] {processor.py:914} INFO - Processing file /opt/airflow/dags/create_dag_with_python_operator.py for tasks to queue
[2024-09-10T08:36:31.531+0000] {logging_mixin.py:190} INFO - [2024-09-10T08:36:31.531+0000] {dagbag.py:587} INFO - Filling up the DagBag from /opt/airflow/dags/create_dag_with_python_operator.py
[2024-09-10T08:36:31.547+0000] {processor.py:925} INFO - DAG(s) 'our_dag_with_python_operator_v02' retrieved from /opt/airflow/dags/create_dag_with_python_operator.py
[2024-09-10T08:36:31.569+0000] {logging_mixin.py:190} INFO - [2024-09-10T08:36:31.569+0000] {dag.py:3229} INFO - Sync 1 DAGs
[2024-09-10T08:36:31.592+0000] {logging_mixin.py:190} INFO - [2024-09-10T08:36:31.592+0000] {dag.py:4156} INFO - Setting next_dagrun for our_dag_with_python_operator_v02 to 2024-09-10 00:00:00+00:00, run_after=2024-09-11 00:00:00+00:00
[2024-09-10T08:36:31.613+0000] {processor.py:208} INFO - Processing /opt/airflow/dags/create_dag_with_python_operator.py took 0.090 seconds
[2024-09-10T08:37:01.940+0000] {processor.py:186} INFO - Started process (PID=424) to work on /opt/airflow/dags/create_dag_with_python_operator.py
[2024-09-10T08:37:01.941+0000] {processor.py:914} INFO - Processing file /opt/airflow/dags/create_dag_with_python_operator.py for tasks to queue
[2024-09-10T08:37:01.943+0000] {logging_mixin.py:190} INFO - [2024-09-10T08:37:01.943+0000] {dagbag.py:587} INFO - Filling up the DagBag from /opt/airflow/dags/create_dag_with_python_operator.py
[2024-09-10T08:37:01.959+0000] {processor.py:925} INFO - DAG(s) 'our_dag_with_python_operator_v02' retrieved from /opt/airflow/dags/create_dag_with_python_operator.py
[2024-09-10T08:37:01.979+0000] {logging_mixin.py:190} INFO - [2024-09-10T08:37:01.979+0000] {dag.py:3229} INFO - Sync 1 DAGs
[2024-09-10T08:37:01.999+0000] {logging_mixin.py:190} INFO - [2024-09-10T08:37:01.999+0000] {dag.py:4156} INFO - Setting next_dagrun for our_dag_with_python_operator_v02 to 2024-09-10 00:00:00+00:00, run_after=2024-09-11 00:00:00+00:00
[2024-09-10T08:37:02.035+0000] {processor.py:208} INFO - Processing /opt/airflow/dags/create_dag_with_python_operator.py took 0.100 seconds
[2024-09-10T08:37:32.361+0000] {processor.py:186} INFO - Started process (PID=440) to work on /opt/airflow/dags/create_dag_with_python_operator.py
[2024-09-10T08:37:32.362+0000] {processor.py:914} INFO - Processing file /opt/airflow/dags/create_dag_with_python_operator.py for tasks to queue
[2024-09-10T08:37:32.363+0000] {logging_mixin.py:190} INFO - [2024-09-10T08:37:32.363+0000] {dagbag.py:587} INFO - Filling up the DagBag from /opt/airflow/dags/create_dag_with_python_operator.py
[2024-09-10T08:37:32.378+0000] {processor.py:925} INFO - DAG(s) 'our_dag_with_python_operator_v02' retrieved from /opt/airflow/dags/create_dag_with_python_operator.py
[2024-09-10T08:37:32.398+0000] {logging_mixin.py:190} INFO - [2024-09-10T08:37:32.398+0000] {dag.py:3229} INFO - Sync 1 DAGs
[2024-09-10T08:37:32.418+0000] {logging_mixin.py:190} INFO - [2024-09-10T08:37:32.418+0000] {dag.py:4156} INFO - Setting next_dagrun for our_dag_with_python_operator_v02 to 2024-09-10 00:00:00+00:00, run_after=2024-09-11 00:00:00+00:00
[2024-09-10T08:37:32.449+0000] {processor.py:208} INFO - Processing /opt/airflow/dags/create_dag_with_python_operator.py took 0.092 seconds
[2024-09-10T08:38:02.754+0000] {processor.py:186} INFO - Started process (PID=456) to work on /opt/airflow/dags/create_dag_with_python_operator.py
[2024-09-10T08:38:02.755+0000] {processor.py:914} INFO - Processing file /opt/airflow/dags/create_dag_with_python_operator.py for tasks to queue
[2024-09-10T08:38:02.757+0000] {logging_mixin.py:190} INFO - [2024-09-10T08:38:02.756+0000] {dagbag.py:587} INFO - Filling up the DagBag from /opt/airflow/dags/create_dag_with_python_operator.py
[2024-09-10T08:38:02.772+0000] {processor.py:925} INFO - DAG(s) 'our_dag_with_python_operator_v02' retrieved from /opt/airflow/dags/create_dag_with_python_operator.py
[2024-09-10T08:38:02.791+0000] {logging_mixin.py:190} INFO - [2024-09-10T08:38:02.791+0000] {dag.py:3229} INFO - Sync 1 DAGs
[2024-09-10T08:38:02.812+0000] {logging_mixin.py:190} INFO - [2024-09-10T08:38:02.812+0000] {dag.py:4156} INFO - Setting next_dagrun for our_dag_with_python_operator_v02 to 2024-09-10 00:00:00+00:00, run_after=2024-09-11 00:00:00+00:00
[2024-09-10T08:38:02.842+0000] {processor.py:208} INFO - Processing /opt/airflow/dags/create_dag_with_python_operator.py took 0.092 seconds
[2024-09-10T08:38:33.137+0000] {processor.py:186} INFO - Started process (PID=473) to work on /opt/airflow/dags/create_dag_with_python_operator.py
[2024-09-10T08:38:33.138+0000] {processor.py:914} INFO - Processing file /opt/airflow/dags/create_dag_with_python_operator.py for tasks to queue
[2024-09-10T08:38:33.139+0000] {logging_mixin.py:190} INFO - [2024-09-10T08:38:33.139+0000] {dagbag.py:587} INFO - Filling up the DagBag from /opt/airflow/dags/create_dag_with_python_operator.py
[2024-09-10T08:38:33.155+0000] {processor.py:925} INFO - DAG(s) 'our_dag_with_python_operator_v02' retrieved from /opt/airflow/dags/create_dag_with_python_operator.py
[2024-09-10T08:38:33.175+0000] {logging_mixin.py:190} INFO - [2024-09-10T08:38:33.174+0000] {dag.py:3229} INFO - Sync 1 DAGs
[2024-09-10T08:38:33.195+0000] {logging_mixin.py:190} INFO - [2024-09-10T08:38:33.195+0000] {dag.py:4156} INFO - Setting next_dagrun for our_dag_with_python_operator_v02 to 2024-09-10 00:00:00+00:00, run_after=2024-09-11 00:00:00+00:00
[2024-09-10T08:38:33.225+0000] {processor.py:208} INFO - Processing /opt/airflow/dags/create_dag_with_python_operator.py took 0.093 seconds
[2024-09-10T08:39:03.532+0000] {processor.py:186} INFO - Started process (PID=489) to work on /opt/airflow/dags/create_dag_with_python_operator.py
[2024-09-10T08:39:03.533+0000] {processor.py:914} INFO - Processing file /opt/airflow/dags/create_dag_with_python_operator.py for tasks to queue
[2024-09-10T08:39:03.534+0000] {logging_mixin.py:190} INFO - [2024-09-10T08:39:03.534+0000] {dagbag.py:587} INFO - Filling up the DagBag from /opt/airflow/dags/create_dag_with_python_operator.py
[2024-09-10T08:39:03.551+0000] {processor.py:925} INFO - DAG(s) 'our_dag_with_python_operator_v02' retrieved from /opt/airflow/dags/create_dag_with_python_operator.py
[2024-09-10T08:39:03.571+0000] {logging_mixin.py:190} INFO - [2024-09-10T08:39:03.571+0000] {dag.py:3229} INFO - Sync 1 DAGs
[2024-09-10T08:39:03.592+0000] {logging_mixin.py:190} INFO - [2024-09-10T08:39:03.592+0000] {dag.py:4156} INFO - Setting next_dagrun for our_dag_with_python_operator_v02 to 2024-09-10 00:00:00+00:00, run_after=2024-09-11 00:00:00+00:00
[2024-09-10T08:39:03.623+0000] {processor.py:208} INFO - Processing /opt/airflow/dags/create_dag_with_python_operator.py took 0.096 seconds
[2024-09-10T08:39:33.970+0000] {processor.py:186} INFO - Started process (PID=505) to work on /opt/airflow/dags/create_dag_with_python_operator.py
[2024-09-10T08:39:33.970+0000] {processor.py:914} INFO - Processing file /opt/airflow/dags/create_dag_with_python_operator.py for tasks to queue
[2024-09-10T08:39:33.972+0000] {logging_mixin.py:190} INFO - [2024-09-10T08:39:33.971+0000] {dagbag.py:587} INFO - Filling up the DagBag from /opt/airflow/dags/create_dag_with_python_operator.py
[2024-09-10T08:39:33.989+0000] {processor.py:925} INFO - DAG(s) 'our_dag_with_python_operator_v02' retrieved from /opt/airflow/dags/create_dag_with_python_operator.py
[2024-09-10T08:39:34.008+0000] {logging_mixin.py:190} INFO - [2024-09-10T08:39:34.008+0000] {dag.py:3229} INFO - Sync 1 DAGs
[2024-09-10T08:39:34.028+0000] {logging_mixin.py:190} INFO - [2024-09-10T08:39:34.028+0000] {dag.py:4156} INFO - Setting next_dagrun for our_dag_with_python_operator_v02 to 2024-09-10 00:00:00+00:00, run_after=2024-09-11 00:00:00+00:00
[2024-09-10T08:39:34.048+0000] {processor.py:208} INFO - Processing /opt/airflow/dags/create_dag_with_python_operator.py took 0.083 seconds
[2024-09-10T08:40:04.500+0000] {processor.py:186} INFO - Started process (PID=521) to work on /opt/airflow/dags/create_dag_with_python_operator.py
[2024-09-10T08:40:04.501+0000] {processor.py:914} INFO - Processing file /opt/airflow/dags/create_dag_with_python_operator.py for tasks to queue
[2024-09-10T08:40:04.502+0000] {logging_mixin.py:190} INFO - [2024-09-10T08:40:04.502+0000] {dagbag.py:587} INFO - Filling up the DagBag from /opt/airflow/dags/create_dag_with_python_operator.py
[2024-09-10T08:40:04.517+0000] {processor.py:925} INFO - DAG(s) 'our_dag_with_python_operator_v02' retrieved from /opt/airflow/dags/create_dag_with_python_operator.py
[2024-09-10T08:40:04.537+0000] {logging_mixin.py:190} INFO - [2024-09-10T08:40:04.537+0000] {dag.py:3229} INFO - Sync 1 DAGs
[2024-09-10T08:40:04.558+0000] {logging_mixin.py:190} INFO - [2024-09-10T08:40:04.557+0000] {dag.py:4156} INFO - Setting next_dagrun for our_dag_with_python_operator_v02 to 2024-09-10 00:00:00+00:00, run_after=2024-09-11 00:00:00+00:00
[2024-09-10T08:40:04.577+0000] {processor.py:208} INFO - Processing /opt/airflow/dags/create_dag_with_python_operator.py took 0.081 seconds
[2024-09-10T08:40:35.031+0000] {processor.py:186} INFO - Started process (PID=537) to work on /opt/airflow/dags/create_dag_with_python_operator.py
[2024-09-10T08:40:35.032+0000] {processor.py:914} INFO - Processing file /opt/airflow/dags/create_dag_with_python_operator.py for tasks to queue
[2024-09-10T08:40:35.033+0000] {logging_mixin.py:190} INFO - [2024-09-10T08:40:35.032+0000] {dagbag.py:587} INFO - Filling up the DagBag from /opt/airflow/dags/create_dag_with_python_operator.py
[2024-09-10T08:40:35.048+0000] {processor.py:925} INFO - DAG(s) 'our_dag_with_python_operator_v02' retrieved from /opt/airflow/dags/create_dag_with_python_operator.py
[2024-09-10T08:40:35.066+0000] {logging_mixin.py:190} INFO - [2024-09-10T08:40:35.066+0000] {dag.py:3229} INFO - Sync 1 DAGs
[2024-09-10T08:40:35.085+0000] {logging_mixin.py:190} INFO - [2024-09-10T08:40:35.085+0000] {dag.py:4156} INFO - Setting next_dagrun for our_dag_with_python_operator_v02 to 2024-09-10 00:00:00+00:00, run_after=2024-09-11 00:00:00+00:00
[2024-09-10T08:40:35.104+0000] {processor.py:208} INFO - Processing /opt/airflow/dags/create_dag_with_python_operator.py took 0.078 seconds
[2024-09-10T08:41:05.472+0000] {processor.py:186} INFO - Started process (PID=553) to work on /opt/airflow/dags/create_dag_with_python_operator.py
[2024-09-10T08:41:05.472+0000] {processor.py:914} INFO - Processing file /opt/airflow/dags/create_dag_with_python_operator.py for tasks to queue
[2024-09-10T08:41:05.474+0000] {logging_mixin.py:190} INFO - [2024-09-10T08:41:05.474+0000] {dagbag.py:587} INFO - Filling up the DagBag from /opt/airflow/dags/create_dag_with_python_operator.py
[2024-09-10T08:41:05.489+0000] {processor.py:925} INFO - DAG(s) 'our_dag_with_python_operator_v02' retrieved from /opt/airflow/dags/create_dag_with_python_operator.py
[2024-09-10T08:41:05.507+0000] {logging_mixin.py:190} INFO - [2024-09-10T08:41:05.507+0000] {dag.py:3229} INFO - Sync 1 DAGs
[2024-09-10T08:41:05.526+0000] {logging_mixin.py:190} INFO - [2024-09-10T08:41:05.525+0000] {dag.py:4156} INFO - Setting next_dagrun for our_dag_with_python_operator_v02 to 2024-09-10 00:00:00+00:00, run_after=2024-09-11 00:00:00+00:00
[2024-09-10T08:41:05.545+0000] {processor.py:208} INFO - Processing /opt/airflow/dags/create_dag_with_python_operator.py took 0.078 seconds
[2024-09-10T08:41:35.939+0000] {processor.py:186} INFO - Started process (PID=569) to work on /opt/airflow/dags/create_dag_with_python_operator.py
[2024-09-10T08:41:35.940+0000] {processor.py:914} INFO - Processing file /opt/airflow/dags/create_dag_with_python_operator.py for tasks to queue
[2024-09-10T08:41:35.941+0000] {logging_mixin.py:190} INFO - [2024-09-10T08:41:35.941+0000] {dagbag.py:587} INFO - Filling up the DagBag from /opt/airflow/dags/create_dag_with_python_operator.py
[2024-09-10T08:41:35.970+0000] {processor.py:925} INFO - DAG(s) 'our_dag_with_python_operator_v02' retrieved from /opt/airflow/dags/create_dag_with_python_operator.py
[2024-09-10T08:41:35.995+0000] {logging_mixin.py:190} INFO - [2024-09-10T08:41:35.995+0000] {dag.py:3229} INFO - Sync 1 DAGs
[2024-09-10T08:41:36.043+0000] {logging_mixin.py:190} INFO - [2024-09-10T08:41:36.043+0000] {dag.py:4156} INFO - Setting next_dagrun for our_dag_with_python_operator_v02 to 2024-09-10 00:00:00+00:00, run_after=2024-09-11 00:00:00+00:00
[2024-09-10T08:41:36.073+0000] {processor.py:208} INFO - Processing /opt/airflow/dags/create_dag_with_python_operator.py took 0.144 seconds
[2024-09-10T08:42:06.306+0000] {processor.py:186} INFO - Started process (PID=585) to work on /opt/airflow/dags/create_dag_with_python_operator.py
[2024-09-10T08:42:06.307+0000] {processor.py:914} INFO - Processing file /opt/airflow/dags/create_dag_with_python_operator.py for tasks to queue
[2024-09-10T08:42:06.308+0000] {logging_mixin.py:190} INFO - [2024-09-10T08:42:06.308+0000] {dagbag.py:587} INFO - Filling up the DagBag from /opt/airflow/dags/create_dag_with_python_operator.py
[2024-09-10T08:42:06.324+0000] {processor.py:925} INFO - DAG(s) 'our_dag_with_python_operator_v02' retrieved from /opt/airflow/dags/create_dag_with_python_operator.py
[2024-09-10T08:42:06.344+0000] {logging_mixin.py:190} INFO - [2024-09-10T08:42:06.344+0000] {dag.py:3229} INFO - Sync 1 DAGs
[2024-09-10T08:42:06.364+0000] {logging_mixin.py:190} INFO - [2024-09-10T08:42:06.364+0000] {dag.py:4156} INFO - Setting next_dagrun for our_dag_with_python_operator_v02 to 2024-09-10 00:00:00+00:00, run_after=2024-09-11 00:00:00+00:00
[2024-09-10T08:42:06.384+0000] {processor.py:208} INFO - Processing /opt/airflow/dags/create_dag_with_python_operator.py took 0.084 seconds
[2024-09-10T08:42:36.786+0000] {processor.py:186} INFO - Started process (PID=601) to work on /opt/airflow/dags/create_dag_with_python_operator.py
[2024-09-10T08:42:36.787+0000] {processor.py:914} INFO - Processing file /opt/airflow/dags/create_dag_with_python_operator.py for tasks to queue
[2024-09-10T08:42:36.788+0000] {logging_mixin.py:190} INFO - [2024-09-10T08:42:36.788+0000] {dagbag.py:587} INFO - Filling up the DagBag from /opt/airflow/dags/create_dag_with_python_operator.py
[2024-09-10T08:42:36.806+0000] {processor.py:925} INFO - DAG(s) 'our_dag_with_python_operator_v02' retrieved from /opt/airflow/dags/create_dag_with_python_operator.py
[2024-09-10T08:42:36.826+0000] {logging_mixin.py:190} INFO - [2024-09-10T08:42:36.825+0000] {dag.py:3229} INFO - Sync 1 DAGs
[2024-09-10T08:42:36.846+0000] {logging_mixin.py:190} INFO - [2024-09-10T08:42:36.846+0000] {dag.py:4156} INFO - Setting next_dagrun for our_dag_with_python_operator_v02 to 2024-09-10 00:00:00+00:00, run_after=2024-09-11 00:00:00+00:00
[2024-09-10T08:42:36.871+0000] {processor.py:208} INFO - Processing /opt/airflow/dags/create_dag_with_python_operator.py took 0.091 seconds
[2024-09-10T08:43:07.258+0000] {processor.py:186} INFO - Started process (PID=617) to work on /opt/airflow/dags/create_dag_with_python_operator.py
[2024-09-10T08:43:07.259+0000] {processor.py:914} INFO - Processing file /opt/airflow/dags/create_dag_with_python_operator.py for tasks to queue
[2024-09-10T08:43:07.260+0000] {logging_mixin.py:190} INFO - [2024-09-10T08:43:07.260+0000] {dagbag.py:587} INFO - Filling up the DagBag from /opt/airflow/dags/create_dag_with_python_operator.py
[2024-09-10T08:43:07.275+0000] {processor.py:925} INFO - DAG(s) 'our_dag_with_python_operator_v02' retrieved from /opt/airflow/dags/create_dag_with_python_operator.py
[2024-09-10T08:43:07.294+0000] {logging_mixin.py:190} INFO - [2024-09-10T08:43:07.294+0000] {dag.py:3229} INFO - Sync 1 DAGs
[2024-09-10T08:43:07.314+0000] {logging_mixin.py:190} INFO - [2024-09-10T08:43:07.314+0000] {dag.py:4156} INFO - Setting next_dagrun for our_dag_with_python_operator_v02 to 2024-09-10 00:00:00+00:00, run_after=2024-09-11 00:00:00+00:00
[2024-09-10T08:43:07.334+0000] {processor.py:208} INFO - Processing /opt/airflow/dags/create_dag_with_python_operator.py took 0.080 seconds
[2024-09-10T08:43:37.728+0000] {processor.py:186} INFO - Started process (PID=633) to work on /opt/airflow/dags/create_dag_with_python_operator.py
[2024-09-10T08:43:37.729+0000] {processor.py:914} INFO - Processing file /opt/airflow/dags/create_dag_with_python_operator.py for tasks to queue
[2024-09-10T08:43:37.730+0000] {logging_mixin.py:190} INFO - [2024-09-10T08:43:37.730+0000] {dagbag.py:587} INFO - Filling up the DagBag from /opt/airflow/dags/create_dag_with_python_operator.py
[2024-09-10T08:43:37.746+0000] {processor.py:925} INFO - DAG(s) 'our_dag_with_python_operator_v02' retrieved from /opt/airflow/dags/create_dag_with_python_operator.py
[2024-09-10T08:43:37.764+0000] {logging_mixin.py:190} INFO - [2024-09-10T08:43:37.764+0000] {dag.py:3229} INFO - Sync 1 DAGs
[2024-09-10T08:43:37.783+0000] {logging_mixin.py:190} INFO - [2024-09-10T08:43:37.783+0000] {dag.py:4156} INFO - Setting next_dagrun for our_dag_with_python_operator_v02 to 2024-09-10 00:00:00+00:00, run_after=2024-09-11 00:00:00+00:00
[2024-09-10T08:43:37.802+0000] {processor.py:208} INFO - Processing /opt/airflow/dags/create_dag_with_python_operator.py took 0.078 seconds
[2024-09-10T08:44:08.213+0000] {processor.py:186} INFO - Started process (PID=650) to work on /opt/airflow/dags/create_dag_with_python_operator.py
[2024-09-10T08:44:08.214+0000] {processor.py:914} INFO - Processing file /opt/airflow/dags/create_dag_with_python_operator.py for tasks to queue
[2024-09-10T08:44:08.215+0000] {logging_mixin.py:190} INFO - [2024-09-10T08:44:08.215+0000] {dagbag.py:587} INFO - Filling up the DagBag from /opt/airflow/dags/create_dag_with_python_operator.py
[2024-09-10T08:44:08.230+0000] {processor.py:925} INFO - DAG(s) 'our_dag_with_python_operator_v02' retrieved from /opt/airflow/dags/create_dag_with_python_operator.py
[2024-09-10T08:44:08.249+0000] {logging_mixin.py:190} INFO - [2024-09-10T08:44:08.249+0000] {dag.py:3229} INFO - Sync 1 DAGs
[2024-09-10T08:44:08.267+0000] {logging_mixin.py:190} INFO - [2024-09-10T08:44:08.267+0000] {dag.py:4156} INFO - Setting next_dagrun for our_dag_with_python_operator_v02 to 2024-09-10 00:00:00+00:00, run_after=2024-09-11 00:00:00+00:00
[2024-09-10T08:44:08.287+0000] {processor.py:208} INFO - Processing /opt/airflow/dags/create_dag_with_python_operator.py took 0.078 seconds
[2024-09-10T08:44:38.632+0000] {processor.py:186} INFO - Started process (PID=666) to work on /opt/airflow/dags/create_dag_with_python_operator.py
[2024-09-10T08:44:38.633+0000] {processor.py:914} INFO - Processing file /opt/airflow/dags/create_dag_with_python_operator.py for tasks to queue
[2024-09-10T08:44:38.634+0000] {logging_mixin.py:190} INFO - [2024-09-10T08:44:38.634+0000] {dagbag.py:587} INFO - Filling up the DagBag from /opt/airflow/dags/create_dag_with_python_operator.py
[2024-09-10T08:44:38.652+0000] {processor.py:925} INFO - DAG(s) 'our_dag_with_python_operator_v02' retrieved from /opt/airflow/dags/create_dag_with_python_operator.py
[2024-09-10T08:44:38.671+0000] {logging_mixin.py:190} INFO - [2024-09-10T08:44:38.671+0000] {dag.py:3229} INFO - Sync 1 DAGs
[2024-09-10T08:44:38.691+0000] {logging_mixin.py:190} INFO - [2024-09-10T08:44:38.690+0000] {dag.py:4156} INFO - Setting next_dagrun for our_dag_with_python_operator_v02 to 2024-09-10 00:00:00+00:00, run_after=2024-09-11 00:00:00+00:00
[2024-09-10T08:44:38.709+0000] {processor.py:208} INFO - Processing /opt/airflow/dags/create_dag_with_python_operator.py took 0.082 seconds
[2024-09-10T08:45:09.067+0000] {processor.py:186} INFO - Started process (PID=682) to work on /opt/airflow/dags/create_dag_with_python_operator.py
[2024-09-10T08:45:09.068+0000] {processor.py:914} INFO - Processing file /opt/airflow/dags/create_dag_with_python_operator.py for tasks to queue
[2024-09-10T08:45:09.069+0000] {logging_mixin.py:190} INFO - [2024-09-10T08:45:09.069+0000] {dagbag.py:587} INFO - Filling up the DagBag from /opt/airflow/dags/create_dag_with_python_operator.py
[2024-09-10T08:45:09.088+0000] {processor.py:925} INFO - DAG(s) 'our_dag_with_python_operator_v02' retrieved from /opt/airflow/dags/create_dag_with_python_operator.py
[2024-09-10T08:45:09.108+0000] {logging_mixin.py:190} INFO - [2024-09-10T08:45:09.108+0000] {dag.py:3229} INFO - Sync 1 DAGs
[2024-09-10T08:45:09.129+0000] {logging_mixin.py:190} INFO - [2024-09-10T08:45:09.129+0000] {dag.py:4156} INFO - Setting next_dagrun for our_dag_with_python_operator_v02 to 2024-09-10 00:00:00+00:00, run_after=2024-09-11 00:00:00+00:00
[2024-09-10T08:45:09.148+0000] {processor.py:208} INFO - Processing /opt/airflow/dags/create_dag_with_python_operator.py took 0.087 seconds
[2024-09-10T08:45:39.547+0000] {processor.py:186} INFO - Started process (PID=698) to work on /opt/airflow/dags/create_dag_with_python_operator.py
[2024-09-10T08:45:39.548+0000] {processor.py:914} INFO - Processing file /opt/airflow/dags/create_dag_with_python_operator.py for tasks to queue
[2024-09-10T08:45:39.549+0000] {logging_mixin.py:190} INFO - [2024-09-10T08:45:39.549+0000] {dagbag.py:587} INFO - Filling up the DagBag from /opt/airflow/dags/create_dag_with_python_operator.py
[2024-09-10T08:45:39.568+0000] {processor.py:925} INFO - DAG(s) 'our_dag_with_python_operator_v02' retrieved from /opt/airflow/dags/create_dag_with_python_operator.py
[2024-09-10T08:45:39.593+0000] {logging_mixin.py:190} INFO - [2024-09-10T08:45:39.592+0000] {dag.py:3229} INFO - Sync 1 DAGs
[2024-09-10T08:45:39.621+0000] {logging_mixin.py:190} INFO - [2024-09-10T08:45:39.621+0000] {dag.py:4156} INFO - Setting next_dagrun for our_dag_with_python_operator_v02 to 2024-09-10 00:00:00+00:00, run_after=2024-09-11 00:00:00+00:00
[2024-09-10T08:45:39.641+0000] {processor.py:208} INFO - Processing /opt/airflow/dags/create_dag_with_python_operator.py took 0.101 seconds
[2024-09-10T08:46:09.885+0000] {processor.py:186} INFO - Started process (PID=714) to work on /opt/airflow/dags/create_dag_with_python_operator.py
[2024-09-10T08:46:09.886+0000] {processor.py:914} INFO - Processing file /opt/airflow/dags/create_dag_with_python_operator.py for tasks to queue
[2024-09-10T08:46:09.888+0000] {logging_mixin.py:190} INFO - [2024-09-10T08:46:09.887+0000] {dagbag.py:587} INFO - Filling up the DagBag from /opt/airflow/dags/create_dag_with_python_operator.py
[2024-09-10T08:46:09.905+0000] {processor.py:925} INFO - DAG(s) 'our_dag_with_python_operator_v02' retrieved from /opt/airflow/dags/create_dag_with_python_operator.py
[2024-09-10T08:46:09.928+0000] {logging_mixin.py:190} INFO - [2024-09-10T08:46:09.928+0000] {dag.py:3229} INFO - Sync 1 DAGs
[2024-09-10T08:46:09.949+0000] {logging_mixin.py:190} INFO - [2024-09-10T08:46:09.949+0000] {dag.py:4156} INFO - Setting next_dagrun for our_dag_with_python_operator_v02 to 2024-09-10 00:00:00+00:00, run_after=2024-09-11 00:00:00+00:00
[2024-09-10T08:46:09.971+0000] {processor.py:208} INFO - Processing /opt/airflow/dags/create_dag_with_python_operator.py took 0.091 seconds
[2024-09-10T08:46:40.399+0000] {processor.py:186} INFO - Started process (PID=730) to work on /opt/airflow/dags/create_dag_with_python_operator.py
[2024-09-10T08:46:40.400+0000] {processor.py:914} INFO - Processing file /opt/airflow/dags/create_dag_with_python_operator.py for tasks to queue
[2024-09-10T08:46:40.401+0000] {logging_mixin.py:190} INFO - [2024-09-10T08:46:40.401+0000] {dagbag.py:587} INFO - Filling up the DagBag from /opt/airflow/dags/create_dag_with_python_operator.py
[2024-09-10T08:46:40.419+0000] {processor.py:925} INFO - DAG(s) 'our_dag_with_python_operator_v02' retrieved from /opt/airflow/dags/create_dag_with_python_operator.py
[2024-09-10T08:46:40.439+0000] {logging_mixin.py:190} INFO - [2024-09-10T08:46:40.439+0000] {dag.py:3229} INFO - Sync 1 DAGs
[2024-09-10T08:46:40.460+0000] {logging_mixin.py:190} INFO - [2024-09-10T08:46:40.460+0000] {dag.py:4156} INFO - Setting next_dagrun for our_dag_with_python_operator_v02 to 2024-09-10 00:00:00+00:00, run_after=2024-09-11 00:00:00+00:00
[2024-09-10T08:46:40.481+0000] {processor.py:208} INFO - Processing /opt/airflow/dags/create_dag_with_python_operator.py took 0.088 seconds
[2024-09-10T08:47:10.864+0000] {processor.py:186} INFO - Started process (PID=746) to work on /opt/airflow/dags/create_dag_with_python_operator.py
[2024-09-10T08:47:10.865+0000] {processor.py:914} INFO - Processing file /opt/airflow/dags/create_dag_with_python_operator.py for tasks to queue
[2024-09-10T08:47:10.866+0000] {logging_mixin.py:190} INFO - [2024-09-10T08:47:10.866+0000] {dagbag.py:587} INFO - Filling up the DagBag from /opt/airflow/dags/create_dag_with_python_operator.py
[2024-09-10T08:47:10.889+0000] {processor.py:925} INFO - DAG(s) 'our_dag_with_python_operator_v02' retrieved from /opt/airflow/dags/create_dag_with_python_operator.py
[2024-09-10T08:47:10.914+0000] {logging_mixin.py:190} INFO - [2024-09-10T08:47:10.914+0000] {dag.py:3229} INFO - Sync 1 DAGs
[2024-09-10T08:47:10.939+0000] {logging_mixin.py:190} INFO - [2024-09-10T08:47:10.939+0000] {dag.py:4156} INFO - Setting next_dagrun for our_dag_with_python_operator_v02 to 2024-09-10 00:00:00+00:00, run_after=2024-09-11 00:00:00+00:00
[2024-09-10T08:47:10.962+0000] {processor.py:208} INFO - Processing /opt/airflow/dags/create_dag_with_python_operator.py took 0.103 seconds
[2024-09-10T08:47:41.332+0000] {processor.py:186} INFO - Started process (PID=762) to work on /opt/airflow/dags/create_dag_with_python_operator.py
[2024-09-10T08:47:41.333+0000] {processor.py:914} INFO - Processing file /opt/airflow/dags/create_dag_with_python_operator.py for tasks to queue
[2024-09-10T08:47:41.334+0000] {logging_mixin.py:190} INFO - [2024-09-10T08:47:41.334+0000] {dagbag.py:587} INFO - Filling up the DagBag from /opt/airflow/dags/create_dag_with_python_operator.py
[2024-09-10T08:47:41.351+0000] {processor.py:925} INFO - DAG(s) 'our_dag_with_python_operator_v02' retrieved from /opt/airflow/dags/create_dag_with_python_operator.py
[2024-09-10T08:47:41.370+0000] {logging_mixin.py:190} INFO - [2024-09-10T08:47:41.370+0000] {dag.py:3229} INFO - Sync 1 DAGs
[2024-09-10T08:47:41.392+0000] {logging_mixin.py:190} INFO - [2024-09-10T08:47:41.391+0000] {dag.py:4156} INFO - Setting next_dagrun for our_dag_with_python_operator_v02 to 2024-09-10 00:00:00+00:00, run_after=2024-09-11 00:00:00+00:00
[2024-09-10T08:47:41.414+0000] {processor.py:208} INFO - Processing /opt/airflow/dags/create_dag_with_python_operator.py took 0.087 seconds
[2024-09-10T08:48:11.748+0000] {processor.py:186} INFO - Started process (PID=778) to work on /opt/airflow/dags/create_dag_with_python_operator.py
[2024-09-10T08:48:11.749+0000] {processor.py:914} INFO - Processing file /opt/airflow/dags/create_dag_with_python_operator.py for tasks to queue
[2024-09-10T08:48:11.750+0000] {logging_mixin.py:190} INFO - [2024-09-10T08:48:11.750+0000] {dagbag.py:587} INFO - Filling up the DagBag from /opt/airflow/dags/create_dag_with_python_operator.py
[2024-09-10T08:48:11.765+0000] {processor.py:925} INFO - DAG(s) 'our_dag_with_python_operator_v02' retrieved from /opt/airflow/dags/create_dag_with_python_operator.py
[2024-09-10T08:48:11.783+0000] {logging_mixin.py:190} INFO - [2024-09-10T08:48:11.783+0000] {dag.py:3229} INFO - Sync 1 DAGs
[2024-09-10T08:48:11.804+0000] {logging_mixin.py:190} INFO - [2024-09-10T08:48:11.804+0000] {dag.py:4156} INFO - Setting next_dagrun for our_dag_with_python_operator_v02 to 2024-09-10 00:00:00+00:00, run_after=2024-09-11 00:00:00+00:00
[2024-09-10T08:48:11.826+0000] {processor.py:208} INFO - Processing /opt/airflow/dags/create_dag_with_python_operator.py took 0.083 seconds
[2024-09-10T08:48:42.233+0000] {processor.py:186} INFO - Started process (PID=794) to work on /opt/airflow/dags/create_dag_with_python_operator.py
[2024-09-10T08:48:42.234+0000] {processor.py:914} INFO - Processing file /opt/airflow/dags/create_dag_with_python_operator.py for tasks to queue
[2024-09-10T08:48:42.235+0000] {logging_mixin.py:190} INFO - [2024-09-10T08:48:42.235+0000] {dagbag.py:587} INFO - Filling up the DagBag from /opt/airflow/dags/create_dag_with_python_operator.py
[2024-09-10T08:48:42.258+0000] {processor.py:925} INFO - DAG(s) 'our_dag_with_python_operator_v02' retrieved from /opt/airflow/dags/create_dag_with_python_operator.py
[2024-09-10T08:48:42.280+0000] {logging_mixin.py:190} INFO - [2024-09-10T08:48:42.279+0000] {dag.py:3229} INFO - Sync 1 DAGs
[2024-09-10T08:48:42.314+0000] {logging_mixin.py:190} INFO - [2024-09-10T08:48:42.314+0000] {dag.py:4156} INFO - Setting next_dagrun for our_dag_with_python_operator_v02 to 2024-09-10 00:00:00+00:00, run_after=2024-09-11 00:00:00+00:00
[2024-09-10T08:48:42.336+0000] {processor.py:208} INFO - Processing /opt/airflow/dags/create_dag_with_python_operator.py took 0.107 seconds
[2024-09-10T08:49:12.743+0000] {processor.py:186} INFO - Started process (PID=810) to work on /opt/airflow/dags/create_dag_with_python_operator.py
[2024-09-10T08:49:12.744+0000] {processor.py:914} INFO - Processing file /opt/airflow/dags/create_dag_with_python_operator.py for tasks to queue
[2024-09-10T08:49:12.745+0000] {logging_mixin.py:190} INFO - [2024-09-10T08:49:12.745+0000] {dagbag.py:587} INFO - Filling up the DagBag from /opt/airflow/dags/create_dag_with_python_operator.py
[2024-09-10T08:49:12.763+0000] {processor.py:925} INFO - DAG(s) 'our_dag_with_python_operator_v02' retrieved from /opt/airflow/dags/create_dag_with_python_operator.py
[2024-09-10T08:49:12.781+0000] {logging_mixin.py:190} INFO - [2024-09-10T08:49:12.781+0000] {dag.py:3229} INFO - Sync 1 DAGs
[2024-09-10T08:49:12.799+0000] {logging_mixin.py:190} INFO - [2024-09-10T08:49:12.799+0000] {dag.py:4156} INFO - Setting next_dagrun for our_dag_with_python_operator_v02 to 2024-09-10 00:00:00+00:00, run_after=2024-09-11 00:00:00+00:00
[2024-09-10T08:49:12.820+0000] {processor.py:208} INFO - Processing /opt/airflow/dags/create_dag_with_python_operator.py took 0.081 seconds
[2024-09-10T08:49:43.318+0000] {processor.py:186} INFO - Started process (PID=826) to work on /opt/airflow/dags/create_dag_with_python_operator.py
[2024-09-10T08:49:43.318+0000] {processor.py:914} INFO - Processing file /opt/airflow/dags/create_dag_with_python_operator.py for tasks to queue
[2024-09-10T08:49:43.319+0000] {logging_mixin.py:190} INFO - [2024-09-10T08:49:43.319+0000] {dagbag.py:587} INFO - Filling up the DagBag from /opt/airflow/dags/create_dag_with_python_operator.py
[2024-09-10T08:49:43.334+0000] {processor.py:925} INFO - DAG(s) 'our_dag_with_python_operator_v02' retrieved from /opt/airflow/dags/create_dag_with_python_operator.py
[2024-09-10T08:49:43.352+0000] {logging_mixin.py:190} INFO - [2024-09-10T08:49:43.352+0000] {dag.py:3229} INFO - Sync 1 DAGs
[2024-09-10T08:49:43.373+0000] {logging_mixin.py:190} INFO - [2024-09-10T08:49:43.372+0000] {dag.py:4156} INFO - Setting next_dagrun for our_dag_with_python_operator_v02 to 2024-09-10 00:00:00+00:00, run_after=2024-09-11 00:00:00+00:00
[2024-09-10T08:49:43.391+0000] {processor.py:208} INFO - Processing /opt/airflow/dags/create_dag_with_python_operator.py took 0.078 seconds
[2024-09-10T08:50:13.907+0000] {processor.py:186} INFO - Started process (PID=842) to work on /opt/airflow/dags/create_dag_with_python_operator.py
[2024-09-10T08:50:13.908+0000] {processor.py:914} INFO - Processing file /opt/airflow/dags/create_dag_with_python_operator.py for tasks to queue
[2024-09-10T08:50:13.909+0000] {logging_mixin.py:190} INFO - [2024-09-10T08:50:13.909+0000] {dagbag.py:587} INFO - Filling up the DagBag from /opt/airflow/dags/create_dag_with_python_operator.py
[2024-09-10T08:50:13.923+0000] {processor.py:925} INFO - DAG(s) 'our_dag_with_python_operator_v02' retrieved from /opt/airflow/dags/create_dag_with_python_operator.py
[2024-09-10T08:50:13.941+0000] {logging_mixin.py:190} INFO - [2024-09-10T08:50:13.941+0000] {dag.py:3229} INFO - Sync 1 DAGs
[2024-09-10T08:50:13.960+0000] {logging_mixin.py:190} INFO - [2024-09-10T08:50:13.959+0000] {dag.py:4156} INFO - Setting next_dagrun for our_dag_with_python_operator_v02 to 2024-09-10 00:00:00+00:00, run_after=2024-09-11 00:00:00+00:00
[2024-09-10T08:50:13.978+0000] {processor.py:208} INFO - Processing /opt/airflow/dags/create_dag_with_python_operator.py took 0.076 seconds
[2024-09-10T08:50:44.491+0000] {processor.py:186} INFO - Started process (PID=859) to work on /opt/airflow/dags/create_dag_with_python_operator.py
[2024-09-10T08:50:44.492+0000] {processor.py:914} INFO - Processing file /opt/airflow/dags/create_dag_with_python_operator.py for tasks to queue
[2024-09-10T08:50:44.493+0000] {logging_mixin.py:190} INFO - [2024-09-10T08:50:44.492+0000] {dagbag.py:587} INFO - Filling up the DagBag from /opt/airflow/dags/create_dag_with_python_operator.py
[2024-09-10T08:50:44.508+0000] {processor.py:925} INFO - DAG(s) 'our_dag_with_python_operator_v02' retrieved from /opt/airflow/dags/create_dag_with_python_operator.py
[2024-09-10T08:50:44.526+0000] {logging_mixin.py:190} INFO - [2024-09-10T08:50:44.526+0000] {dag.py:3229} INFO - Sync 1 DAGs
[2024-09-10T08:50:44.544+0000] {logging_mixin.py:190} INFO - [2024-09-10T08:50:44.544+0000] {dag.py:4156} INFO - Setting next_dagrun for our_dag_with_python_operator_v02 to 2024-09-10 00:00:00+00:00, run_after=2024-09-11 00:00:00+00:00
[2024-09-10T08:50:44.563+0000] {processor.py:208} INFO - Processing /opt/airflow/dags/create_dag_with_python_operator.py took 0.077 seconds
[2024-09-10T08:51:15.072+0000] {processor.py:186} INFO - Started process (PID=876) to work on /opt/airflow/dags/create_dag_with_python_operator.py
[2024-09-10T08:51:15.073+0000] {processor.py:914} INFO - Processing file /opt/airflow/dags/create_dag_with_python_operator.py for tasks to queue
[2024-09-10T08:51:15.074+0000] {logging_mixin.py:190} INFO - [2024-09-10T08:51:15.074+0000] {dagbag.py:587} INFO - Filling up the DagBag from /opt/airflow/dags/create_dag_with_python_operator.py
[2024-09-10T08:51:15.091+0000] {processor.py:925} INFO - DAG(s) 'our_dag_with_python_operator_v02' retrieved from /opt/airflow/dags/create_dag_with_python_operator.py
[2024-09-10T08:51:15.110+0000] {logging_mixin.py:190} INFO - [2024-09-10T08:51:15.110+0000] {dag.py:3229} INFO - Sync 1 DAGs
[2024-09-10T08:51:15.129+0000] {logging_mixin.py:190} INFO - [2024-09-10T08:51:15.129+0000] {dag.py:4156} INFO - Setting next_dagrun for our_dag_with_python_operator_v02 to 2024-09-10 00:00:00+00:00, run_after=2024-09-11 00:00:00+00:00
[2024-09-10T08:51:15.150+0000] {processor.py:208} INFO - Processing /opt/airflow/dags/create_dag_with_python_operator.py took 0.082 seconds
[2024-09-10T08:51:45.652+0000] {processor.py:186} INFO - Started process (PID=892) to work on /opt/airflow/dags/create_dag_with_python_operator.py
[2024-09-10T08:51:45.653+0000] {processor.py:914} INFO - Processing file /opt/airflow/dags/create_dag_with_python_operator.py for tasks to queue
[2024-09-10T08:51:45.654+0000] {logging_mixin.py:190} INFO - [2024-09-10T08:51:45.654+0000] {dagbag.py:587} INFO - Filling up the DagBag from /opt/airflow/dags/create_dag_with_python_operator.py
[2024-09-10T08:51:45.669+0000] {processor.py:925} INFO - DAG(s) 'our_dag_with_python_operator_v02' retrieved from /opt/airflow/dags/create_dag_with_python_operator.py
[2024-09-10T08:51:45.688+0000] {logging_mixin.py:190} INFO - [2024-09-10T08:51:45.688+0000] {dag.py:3229} INFO - Sync 1 DAGs
[2024-09-10T08:51:45.707+0000] {logging_mixin.py:190} INFO - [2024-09-10T08:51:45.707+0000] {dag.py:4156} INFO - Setting next_dagrun for our_dag_with_python_operator_v02 to 2024-09-10 00:00:00+00:00, run_after=2024-09-11 00:00:00+00:00
[2024-09-10T08:51:45.725+0000] {processor.py:208} INFO - Processing /opt/airflow/dags/create_dag_with_python_operator.py took 0.078 seconds
[2024-09-10T08:52:16.183+0000] {processor.py:186} INFO - Started process (PID=909) to work on /opt/airflow/dags/create_dag_with_python_operator.py
[2024-09-10T08:52:16.184+0000] {processor.py:914} INFO - Processing file /opt/airflow/dags/create_dag_with_python_operator.py for tasks to queue
[2024-09-10T08:52:16.185+0000] {logging_mixin.py:190} INFO - [2024-09-10T08:52:16.185+0000] {dagbag.py:587} INFO - Filling up the DagBag from /opt/airflow/dags/create_dag_with_python_operator.py
[2024-09-10T08:52:16.200+0000] {processor.py:925} INFO - DAG(s) 'our_dag_with_python_operator_v02' retrieved from /opt/airflow/dags/create_dag_with_python_operator.py
[2024-09-10T08:52:16.218+0000] {logging_mixin.py:190} INFO - [2024-09-10T08:52:16.217+0000] {dag.py:3229} INFO - Sync 1 DAGs
[2024-09-10T08:52:16.236+0000] {logging_mixin.py:190} INFO - [2024-09-10T08:52:16.236+0000] {dag.py:4156} INFO - Setting next_dagrun for our_dag_with_python_operator_v02 to 2024-09-10 00:00:00+00:00, run_after=2024-09-11 00:00:00+00:00
[2024-09-10T08:52:16.256+0000] {processor.py:208} INFO - Processing /opt/airflow/dags/create_dag_with_python_operator.py took 0.078 seconds
[2024-09-10T08:52:46.726+0000] {processor.py:186} INFO - Started process (PID=925) to work on /opt/airflow/dags/create_dag_with_python_operator.py
[2024-09-10T08:52:46.727+0000] {processor.py:914} INFO - Processing file /opt/airflow/dags/create_dag_with_python_operator.py for tasks to queue
[2024-09-10T08:52:46.728+0000] {logging_mixin.py:190} INFO - [2024-09-10T08:52:46.728+0000] {dagbag.py:587} INFO - Filling up the DagBag from /opt/airflow/dags/create_dag_with_python_operator.py
[2024-09-10T08:52:46.743+0000] {processor.py:925} INFO - DAG(s) 'our_dag_with_python_operator_v02' retrieved from /opt/airflow/dags/create_dag_with_python_operator.py
[2024-09-10T08:52:46.761+0000] {logging_mixin.py:190} INFO - [2024-09-10T08:52:46.761+0000] {dag.py:3229} INFO - Sync 1 DAGs
[2024-09-10T08:52:46.780+0000] {logging_mixin.py:190} INFO - [2024-09-10T08:52:46.780+0000] {dag.py:4156} INFO - Setting next_dagrun for our_dag_with_python_operator_v02 to 2024-09-10 00:00:00+00:00, run_after=2024-09-11 00:00:00+00:00
[2024-09-10T08:52:46.799+0000] {processor.py:208} INFO - Processing /opt/airflow/dags/create_dag_with_python_operator.py took 0.077 seconds
[2024-09-10T08:53:17.273+0000] {processor.py:186} INFO - Started process (PID=941) to work on /opt/airflow/dags/create_dag_with_python_operator.py
[2024-09-10T08:53:17.274+0000] {processor.py:914} INFO - Processing file /opt/airflow/dags/create_dag_with_python_operator.py for tasks to queue
[2024-09-10T08:53:17.275+0000] {logging_mixin.py:190} INFO - [2024-09-10T08:53:17.275+0000] {dagbag.py:587} INFO - Filling up the DagBag from /opt/airflow/dags/create_dag_with_python_operator.py
[2024-09-10T08:53:17.290+0000] {processor.py:925} INFO - DAG(s) 'our_dag_with_python_operator_v02' retrieved from /opt/airflow/dags/create_dag_with_python_operator.py
[2024-09-10T08:53:17.308+0000] {logging_mixin.py:190} INFO - [2024-09-10T08:53:17.307+0000] {dag.py:3229} INFO - Sync 1 DAGs
[2024-09-10T08:53:17.326+0000] {logging_mixin.py:190} INFO - [2024-09-10T08:53:17.326+0000] {dag.py:4156} INFO - Setting next_dagrun for our_dag_with_python_operator_v02 to 2024-09-10 00:00:00+00:00, run_after=2024-09-11 00:00:00+00:00
[2024-09-10T08:53:17.345+0000] {processor.py:208} INFO - Processing /opt/airflow/dags/create_dag_with_python_operator.py took 0.076 seconds
[2024-09-10T08:53:47.770+0000] {processor.py:186} INFO - Started process (PID=957) to work on /opt/airflow/dags/create_dag_with_python_operator.py
[2024-09-10T08:53:47.771+0000] {processor.py:914} INFO - Processing file /opt/airflow/dags/create_dag_with_python_operator.py for tasks to queue
[2024-09-10T08:53:47.772+0000] {logging_mixin.py:190} INFO - [2024-09-10T08:53:47.772+0000] {dagbag.py:587} INFO - Filling up the DagBag from /opt/airflow/dags/create_dag_with_python_operator.py
[2024-09-10T08:53:47.787+0000] {processor.py:925} INFO - DAG(s) 'our_dag_with_python_operator_v02' retrieved from /opt/airflow/dags/create_dag_with_python_operator.py
[2024-09-10T08:53:47.807+0000] {logging_mixin.py:190} INFO - [2024-09-10T08:53:47.807+0000] {dag.py:3229} INFO - Sync 1 DAGs
[2024-09-10T08:53:47.828+0000] {logging_mixin.py:190} INFO - [2024-09-10T08:53:47.828+0000] {dag.py:4156} INFO - Setting next_dagrun for our_dag_with_python_operator_v02 to 2024-09-10 00:00:00+00:00, run_after=2024-09-11 00:00:00+00:00
[2024-09-10T08:53:47.853+0000] {processor.py:208} INFO - Processing /opt/airflow/dags/create_dag_with_python_operator.py took 0.087 seconds
[2024-09-10T08:54:18.201+0000] {processor.py:186} INFO - Started process (PID=973) to work on /opt/airflow/dags/create_dag_with_python_operator.py
[2024-09-10T08:54:18.202+0000] {processor.py:914} INFO - Processing file /opt/airflow/dags/create_dag_with_python_operator.py for tasks to queue
[2024-09-10T08:54:18.204+0000] {logging_mixin.py:190} INFO - [2024-09-10T08:54:18.204+0000] {dagbag.py:587} INFO - Filling up the DagBag from /opt/airflow/dags/create_dag_with_python_operator.py
[2024-09-10T08:54:18.219+0000] {processor.py:925} INFO - DAG(s) 'our_dag_with_python_operator_v02' retrieved from /opt/airflow/dags/create_dag_with_python_operator.py
[2024-09-10T08:54:18.238+0000] {logging_mixin.py:190} INFO - [2024-09-10T08:54:18.237+0000] {dag.py:3229} INFO - Sync 1 DAGs
[2024-09-10T08:54:18.256+0000] {logging_mixin.py:190} INFO - [2024-09-10T08:54:18.256+0000] {dag.py:4156} INFO - Setting next_dagrun for our_dag_with_python_operator_v02 to 2024-09-10 00:00:00+00:00, run_after=2024-09-11 00:00:00+00:00
[2024-09-10T08:54:18.277+0000] {processor.py:208} INFO - Processing /opt/airflow/dags/create_dag_with_python_operator.py took 0.081 seconds
[2024-09-10T08:54:48.675+0000] {processor.py:186} INFO - Started process (PID=989) to work on /opt/airflow/dags/create_dag_with_python_operator.py
[2024-09-10T08:54:48.676+0000] {processor.py:914} INFO - Processing file /opt/airflow/dags/create_dag_with_python_operator.py for tasks to queue
[2024-09-10T08:54:48.677+0000] {logging_mixin.py:190} INFO - [2024-09-10T08:54:48.677+0000] {dagbag.py:587} INFO - Filling up the DagBag from /opt/airflow/dags/create_dag_with_python_operator.py
[2024-09-10T08:54:48.694+0000] {processor.py:925} INFO - DAG(s) 'our_dag_with_python_operator_v02' retrieved from /opt/airflow/dags/create_dag_with_python_operator.py
[2024-09-10T08:54:48.714+0000] {logging_mixin.py:190} INFO - [2024-09-10T08:54:48.714+0000] {dag.py:3229} INFO - Sync 1 DAGs
[2024-09-10T08:54:48.733+0000] {logging_mixin.py:190} INFO - [2024-09-10T08:54:48.733+0000] {dag.py:4156} INFO - Setting next_dagrun for our_dag_with_python_operator_v02 to 2024-09-10 00:00:00+00:00, run_after=2024-09-11 00:00:00+00:00
[2024-09-10T08:54:48.752+0000] {processor.py:208} INFO - Processing /opt/airflow/dags/create_dag_with_python_operator.py took 0.082 seconds
[2024-09-10T08:55:19.159+0000] {processor.py:186} INFO - Started process (PID=1005) to work on /opt/airflow/dags/create_dag_with_python_operator.py
[2024-09-10T08:55:19.160+0000] {processor.py:914} INFO - Processing file /opt/airflow/dags/create_dag_with_python_operator.py for tasks to queue
[2024-09-10T08:55:19.161+0000] {logging_mixin.py:190} INFO - [2024-09-10T08:55:19.160+0000] {dagbag.py:587} INFO - Filling up the DagBag from /opt/airflow/dags/create_dag_with_python_operator.py
[2024-09-10T08:55:19.175+0000] {processor.py:925} INFO - DAG(s) 'our_dag_with_python_operator_v02' retrieved from /opt/airflow/dags/create_dag_with_python_operator.py
[2024-09-10T08:55:19.194+0000] {logging_mixin.py:190} INFO - [2024-09-10T08:55:19.194+0000] {dag.py:3229} INFO - Sync 1 DAGs
[2024-09-10T08:55:19.212+0000] {logging_mixin.py:190} INFO - [2024-09-10T08:55:19.212+0000] {dag.py:4156} INFO - Setting next_dagrun for our_dag_with_python_operator_v02 to 2024-09-10 00:00:00+00:00, run_after=2024-09-11 00:00:00+00:00
[2024-09-10T08:55:19.231+0000] {processor.py:208} INFO - Processing /opt/airflow/dags/create_dag_with_python_operator.py took 0.077 seconds
[2024-09-10T08:55:49.702+0000] {processor.py:186} INFO - Started process (PID=1021) to work on /opt/airflow/dags/create_dag_with_python_operator.py
[2024-09-10T08:55:49.703+0000] {processor.py:914} INFO - Processing file /opt/airflow/dags/create_dag_with_python_operator.py for tasks to queue
[2024-09-10T08:55:49.704+0000] {logging_mixin.py:190} INFO - [2024-09-10T08:55:49.704+0000] {dagbag.py:587} INFO - Filling up the DagBag from /opt/airflow/dags/create_dag_with_python_operator.py
[2024-09-10T08:55:49.721+0000] {processor.py:925} INFO - DAG(s) 'our_dag_with_python_operator_v02' retrieved from /opt/airflow/dags/create_dag_with_python_operator.py
[2024-09-10T08:55:49.742+0000] {logging_mixin.py:190} INFO - [2024-09-10T08:55:49.742+0000] {dag.py:3229} INFO - Sync 1 DAGs
[2024-09-10T08:55:49.767+0000] {logging_mixin.py:190} INFO - [2024-09-10T08:55:49.766+0000] {dag.py:4156} INFO - Setting next_dagrun for our_dag_with_python_operator_v02 to 2024-09-10 00:00:00+00:00, run_after=2024-09-11 00:00:00+00:00
[2024-09-10T08:55:49.791+0000] {processor.py:208} INFO - Processing /opt/airflow/dags/create_dag_with_python_operator.py took 0.095 seconds
[2024-09-10T08:56:20.113+0000] {processor.py:186} INFO - Started process (PID=1037) to work on /opt/airflow/dags/create_dag_with_python_operator.py
[2024-09-10T08:56:20.114+0000] {processor.py:914} INFO - Processing file /opt/airflow/dags/create_dag_with_python_operator.py for tasks to queue
[2024-09-10T08:56:20.115+0000] {logging_mixin.py:190} INFO - [2024-09-10T08:56:20.114+0000] {dagbag.py:587} INFO - Filling up the DagBag from /opt/airflow/dags/create_dag_with_python_operator.py
[2024-09-10T08:56:20.130+0000] {processor.py:925} INFO - DAG(s) 'our_dag_with_python_operator_v02' retrieved from /opt/airflow/dags/create_dag_with_python_operator.py
[2024-09-10T08:56:20.150+0000] {logging_mixin.py:190} INFO - [2024-09-10T08:56:20.150+0000] {dag.py:3229} INFO - Sync 1 DAGs
[2024-09-10T08:56:20.170+0000] {logging_mixin.py:190} INFO - [2024-09-10T08:56:20.170+0000] {dag.py:4156} INFO - Setting next_dagrun for our_dag_with_python_operator_v02 to 2024-09-10 00:00:00+00:00, run_after=2024-09-11 00:00:00+00:00
[2024-09-10T08:56:20.200+0000] {processor.py:208} INFO - Processing /opt/airflow/dags/create_dag_with_python_operator.py took 0.092 seconds
[2024-09-10T08:56:50.701+0000] {processor.py:186} INFO - Started process (PID=1053) to work on /opt/airflow/dags/create_dag_with_python_operator.py
[2024-09-10T08:56:50.702+0000] {processor.py:914} INFO - Processing file /opt/airflow/dags/create_dag_with_python_operator.py for tasks to queue
[2024-09-10T08:56:50.703+0000] {logging_mixin.py:190} INFO - [2024-09-10T08:56:50.703+0000] {dagbag.py:587} INFO - Filling up the DagBag from /opt/airflow/dags/create_dag_with_python_operator.py
[2024-09-10T08:56:50.718+0000] {processor.py:925} INFO - DAG(s) 'our_dag_with_python_operator_v02' retrieved from /opt/airflow/dags/create_dag_with_python_operator.py
[2024-09-10T08:56:50.737+0000] {logging_mixin.py:190} INFO - [2024-09-10T08:56:50.736+0000] {dag.py:3229} INFO - Sync 1 DAGs
[2024-09-10T08:56:50.756+0000] {logging_mixin.py:190} INFO - [2024-09-10T08:56:50.756+0000] {dag.py:4156} INFO - Setting next_dagrun for our_dag_with_python_operator_v02 to 2024-09-10 00:00:00+00:00, run_after=2024-09-11 00:00:00+00:00
[2024-09-10T08:56:50.786+0000] {processor.py:208} INFO - Processing /opt/airflow/dags/create_dag_with_python_operator.py took 0.090 seconds
[2024-09-10T08:57:21.227+0000] {processor.py:186} INFO - Started process (PID=1069) to work on /opt/airflow/dags/create_dag_with_python_operator.py
[2024-09-10T08:57:21.227+0000] {processor.py:914} INFO - Processing file /opt/airflow/dags/create_dag_with_python_operator.py for tasks to queue
[2024-09-10T08:57:21.229+0000] {logging_mixin.py:190} INFO - [2024-09-10T08:57:21.229+0000] {dagbag.py:587} INFO - Filling up the DagBag from /opt/airflow/dags/create_dag_with_python_operator.py
[2024-09-10T08:57:21.245+0000] {processor.py:925} INFO - DAG(s) 'our_dag_with_python_operator_v02' retrieved from /opt/airflow/dags/create_dag_with_python_operator.py
[2024-09-10T08:57:21.265+0000] {logging_mixin.py:190} INFO - [2024-09-10T08:57:21.265+0000] {dag.py:3229} INFO - Sync 1 DAGs
[2024-09-10T08:57:21.286+0000] {logging_mixin.py:190} INFO - [2024-09-10T08:57:21.285+0000] {dag.py:4156} INFO - Setting next_dagrun for our_dag_with_python_operator_v02 to 2024-09-10 00:00:00+00:00, run_after=2024-09-11 00:00:00+00:00
[2024-09-10T08:57:21.316+0000] {processor.py:208} INFO - Processing /opt/airflow/dags/create_dag_with_python_operator.py took 0.094 seconds
[2024-09-10T08:57:51.573+0000] {processor.py:186} INFO - Started process (PID=1085) to work on /opt/airflow/dags/create_dag_with_python_operator.py
[2024-09-10T08:57:51.574+0000] {processor.py:914} INFO - Processing file /opt/airflow/dags/create_dag_with_python_operator.py for tasks to queue
[2024-09-10T08:57:51.575+0000] {logging_mixin.py:190} INFO - [2024-09-10T08:57:51.575+0000] {dagbag.py:587} INFO - Filling up the DagBag from /opt/airflow/dags/create_dag_with_python_operator.py
[2024-09-10T08:57:51.597+0000] {processor.py:925} INFO - DAG(s) 'our_dag_with_python_operator_v02' retrieved from /opt/airflow/dags/create_dag_with_python_operator.py
[2024-09-10T08:57:51.627+0000] {logging_mixin.py:190} INFO - [2024-09-10T08:57:51.626+0000] {dag.py:3229} INFO - Sync 1 DAGs
[2024-09-10T08:57:51.679+0000] {logging_mixin.py:190} INFO - [2024-09-10T08:57:51.679+0000] {dag.py:4156} INFO - Setting next_dagrun for our_dag_with_python_operator_v02 to 2024-09-10 00:00:00+00:00, run_after=2024-09-11 00:00:00+00:00
[2024-09-10T08:57:51.709+0000] {processor.py:208} INFO - Processing /opt/airflow/dags/create_dag_with_python_operator.py took 0.141 seconds
[2024-09-10T08:58:22.081+0000] {processor.py:186} INFO - Started process (PID=1101) to work on /opt/airflow/dags/create_dag_with_python_operator.py
[2024-09-10T08:58:22.082+0000] {processor.py:914} INFO - Processing file /opt/airflow/dags/create_dag_with_python_operator.py for tasks to queue
[2024-09-10T08:58:22.084+0000] {logging_mixin.py:190} INFO - [2024-09-10T08:58:22.084+0000] {dagbag.py:587} INFO - Filling up the DagBag from /opt/airflow/dags/create_dag_with_python_operator.py
[2024-09-10T08:58:22.104+0000] {processor.py:925} INFO - DAG(s) 'our_dag_with_python_operator_v02' retrieved from /opt/airflow/dags/create_dag_with_python_operator.py
[2024-09-10T08:58:22.132+0000] {logging_mixin.py:190} INFO - [2024-09-10T08:58:22.132+0000] {dag.py:3229} INFO - Sync 1 DAGs
[2024-09-10T08:58:22.155+0000] {logging_mixin.py:190} INFO - [2024-09-10T08:58:22.155+0000] {dag.py:4156} INFO - Setting next_dagrun for our_dag_with_python_operator_v02 to 2024-09-10 00:00:00+00:00, run_after=2024-09-11 00:00:00+00:00
[2024-09-10T08:58:22.185+0000] {processor.py:208} INFO - Processing /opt/airflow/dags/create_dag_with_python_operator.py took 0.110 seconds
[2024-09-10T08:58:52.573+0000] {processor.py:186} INFO - Started process (PID=1117) to work on /opt/airflow/dags/create_dag_with_python_operator.py
[2024-09-10T08:58:52.574+0000] {processor.py:914} INFO - Processing file /opt/airflow/dags/create_dag_with_python_operator.py for tasks to queue
[2024-09-10T08:58:52.575+0000] {logging_mixin.py:190} INFO - [2024-09-10T08:58:52.574+0000] {dagbag.py:587} INFO - Filling up the DagBag from /opt/airflow/dags/create_dag_with_python_operator.py
[2024-09-10T08:58:52.592+0000] {processor.py:925} INFO - DAG(s) 'our_dag_with_python_operator_v02' retrieved from /opt/airflow/dags/create_dag_with_python_operator.py
[2024-09-10T08:58:52.612+0000] {logging_mixin.py:190} INFO - [2024-09-10T08:58:52.612+0000] {dag.py:3229} INFO - Sync 1 DAGs
[2024-09-10T08:58:52.641+0000] {logging_mixin.py:190} INFO - [2024-09-10T08:58:52.641+0000] {dag.py:4156} INFO - Setting next_dagrun for our_dag_with_python_operator_v02 to 2024-09-10 00:00:00+00:00, run_after=2024-09-11 00:00:00+00:00
[2024-09-10T08:58:52.667+0000] {processor.py:208} INFO - Processing /opt/airflow/dags/create_dag_with_python_operator.py took 0.099 seconds
[2024-09-10T08:59:23.073+0000] {processor.py:186} INFO - Started process (PID=1134) to work on /opt/airflow/dags/create_dag_with_python_operator.py
[2024-09-10T08:59:23.075+0000] {processor.py:914} INFO - Processing file /opt/airflow/dags/create_dag_with_python_operator.py for tasks to queue
[2024-09-10T08:59:23.078+0000] {logging_mixin.py:190} INFO - [2024-09-10T08:59:23.077+0000] {dagbag.py:587} INFO - Filling up the DagBag from /opt/airflow/dags/create_dag_with_python_operator.py
[2024-09-10T08:59:23.098+0000] {processor.py:925} INFO - DAG(s) 'our_dag_with_python_operator_v02' retrieved from /opt/airflow/dags/create_dag_with_python_operator.py
[2024-09-10T08:59:23.123+0000] {logging_mixin.py:190} INFO - [2024-09-10T08:59:23.123+0000] {dag.py:3229} INFO - Sync 1 DAGs
[2024-09-10T08:59:23.147+0000] {logging_mixin.py:190} INFO - [2024-09-10T08:59:23.147+0000] {dag.py:4156} INFO - Setting next_dagrun for our_dag_with_python_operator_v02 to 2024-09-10 00:00:00+00:00, run_after=2024-09-11 00:00:00+00:00
[2024-09-10T08:59:23.170+0000] {processor.py:208} INFO - Processing /opt/airflow/dags/create_dag_with_python_operator.py took 0.104 seconds
