[2024-09-10T08:17:22.924+0000] {local_task_job_runner.py:123} INFO - ::group::Pre task execution logs
[2024-09-10T08:17:22.984+0000] {taskinstance.py:2612} INFO - Dependencies all met for dep_context=non-requeueable deps ti=<TaskInstance: our_first_dag_V5.third_task scheduled__2022-12-17T00:00:00+00:00 [queued]>
[2024-09-10T08:17:23.014+0000] {taskinstance.py:2612} INFO - Dependencies all met for dep_context=requeueable deps ti=<TaskInstance: our_first_dag_V5.third_task scheduled__2022-12-17T00:00:00+00:00 [queued]>
[2024-09-10T08:17:23.019+0000] {taskinstance.py:2865} INFO - Starting attempt 1 of 6
[2024-09-10T08:17:23.061+0000] {taskinstance.py:2888} INFO - Executing <Task(BashOperator): third_task> on 2022-12-17 00:00:00+00:00
[2024-09-10T08:17:23.072+0000] {logging_mixin.py:190} WARNING - /home/***/.local/lib/python3.12/site-packages/***/task/task_runner/standard_task_runner.py:70 DeprecationWarning: This process (pid=34627) is multi-threaded, use of fork() may lead to deadlocks in the child.
[2024-09-10T08:17:23.077+0000] {standard_task_runner.py:72} INFO - Started process 34640 to run task
[2024-09-10T08:17:23.076+0000] {standard_task_runner.py:104} INFO - Running: ['***', 'tasks', 'run', 'our_first_dag_V5', 'third_task', 'scheduled__2022-12-17T00:00:00+00:00', '--job-id', '7917', '--raw', '--subdir', 'DAGS_FOLDER/our_first_dag.py', '--cfg-path', '/tmp/tmpvuepiehe']
[2024-09-10T08:17:23.093+0000] {standard_task_runner.py:105} INFO - Job 7917: Subtask third_task
[2024-09-10T08:17:23.334+0000] {task_command.py:467} INFO - Running <TaskInstance: our_first_dag_V5.third_task scheduled__2022-12-17T00:00:00+00:00 [running]> on host 5508ea9ebfaf
[2024-09-10T08:17:23.746+0000] {taskinstance.py:3131} INFO - Exporting env vars: AIRFLOW_CTX_DAG_OWNER='coder2j' AIRFLOW_CTX_DAG_ID='our_first_dag_V5' AIRFLOW_CTX_TASK_ID='third_task' AIRFLOW_CTX_EXECUTION_DATE='2022-12-17T00:00:00+00:00' AIRFLOW_CTX_TRY_NUMBER='1' AIRFLOW_CTX_DAG_RUN_ID='scheduled__2022-12-17T00:00:00+00:00'
[2024-09-10T08:17:23.752+0000] {taskinstance.py:731} INFO - ::endgroup::
[2024-09-10T08:17:23.804+0000] {subprocess.py:63} INFO - Tmp dir root location: /tmp
[2024-09-10T08:17:23.806+0000] {subprocess.py:75} INFO - Running command: ['/usr/bin/bash', '-c', 'echo hey, this is the third task!']
[2024-09-10T08:17:23.832+0000] {subprocess.py:86} INFO - Output:
[2024-09-10T08:17:23.836+0000] {subprocess.py:93} INFO - hey, this is the third task!
[2024-09-10T08:17:23.837+0000] {subprocess.py:97} INFO - Command exited with return code 0
[2024-09-10T08:17:23.901+0000] {taskinstance.py:340} INFO - ::group::Post task execution logs
[2024-09-10T08:17:23.902+0000] {taskinstance.py:352} INFO - Marking task as SUCCESS. dag_id=our_first_dag_V5, task_id=third_task, run_id=scheduled__2022-12-17T00:00:00+00:00, execution_date=20221217T000000, start_date=20240910T081722, end_date=20240910T081723
[2024-09-10T08:17:23.987+0000] {local_task_job_runner.py:266} INFO - Task exited with return code 0
[2024-09-10T08:17:24.008+0000] {local_task_job_runner.py:245} INFO - ::endgroup::
