[2024-09-10T08:09:32.358+0000] {local_task_job_runner.py:123} INFO - ::group::Pre task execution logs
[2024-09-10T08:09:32.384+0000] {taskinstance.py:2612} INFO - Dependencies all met for dep_context=non-requeueable deps ti=<TaskInstance: our_first_dag_V4.first_task scheduled__2021-12-30T00:00:00+00:00 [queued]>
[2024-09-10T08:09:32.409+0000] {taskinstance.py:2612} INFO - Dependencies all met for dep_context=requeueable deps ti=<TaskInstance: our_first_dag_V4.first_task scheduled__2021-12-30T00:00:00+00:00 [queued]>
[2024-09-10T08:09:32.410+0000] {taskinstance.py:2865} INFO - Starting attempt 1 of 6
[2024-09-10T08:09:32.455+0000] {taskinstance.py:2888} INFO - Executing <Task(BashOperator): first_task> on 2021-12-30 00:00:00+00:00
[2024-09-10T08:09:32.469+0000] {logging_mixin.py:190} WARNING - /home/***/.local/lib/python3.12/site-packages/***/task/task_runner/standard_task_runner.py:70 DeprecationWarning: This process (pid=28045) is multi-threaded, use of fork() may lead to deadlocks in the child.
[2024-09-10T08:09:32.475+0000] {standard_task_runner.py:104} INFO - Running: ['***', 'tasks', 'run', 'our_first_dag_V4', 'first_task', 'scheduled__2021-12-30T00:00:00+00:00', '--job-id', '6321', '--raw', '--subdir', 'DAGS_FOLDER/our_first_dag.py', '--cfg-path', '/tmp/tmpfjx6lrir']
[2024-09-10T08:09:32.479+0000] {standard_task_runner.py:105} INFO - Job 6321: Subtask first_task
[2024-09-10T08:09:32.478+0000] {standard_task_runner.py:72} INFO - Started process 28054 to run task
[2024-09-10T08:09:32.632+0000] {task_command.py:467} INFO - Running <TaskInstance: our_first_dag_V4.first_task scheduled__2021-12-30T00:00:00+00:00 [running]> on host 5508ea9ebfaf
[2024-09-10T08:09:32.801+0000] {taskinstance.py:3131} INFO - Exporting env vars: AIRFLOW_CTX_DAG_OWNER='coder2j' AIRFLOW_CTX_DAG_ID='our_first_dag_V4' AIRFLOW_CTX_TASK_ID='first_task' AIRFLOW_CTX_EXECUTION_DATE='2021-12-30T00:00:00+00:00' AIRFLOW_CTX_TRY_NUMBER='1' AIRFLOW_CTX_DAG_RUN_ID='scheduled__2021-12-30T00:00:00+00:00'
[2024-09-10T08:09:32.803+0000] {taskinstance.py:731} INFO - ::endgroup::
[2024-09-10T08:09:32.830+0000] {subprocess.py:63} INFO - Tmp dir root location: /tmp
[2024-09-10T08:09:32.832+0000] {subprocess.py:75} INFO - Running command: ['/usr/bin/bash', '-c', 'echo hello world, this is the first task!']
[2024-09-10T08:09:32.861+0000] {subprocess.py:86} INFO - Output:
[2024-09-10T08:09:32.870+0000] {subprocess.py:93} INFO - hello world, this is the first task!
[2024-09-10T08:09:32.870+0000] {subprocess.py:97} INFO - Command exited with return code 0
[2024-09-10T08:09:32.926+0000] {taskinstance.py:340} INFO - ::group::Post task execution logs
[2024-09-10T08:09:32.927+0000] {taskinstance.py:352} INFO - Marking task as SUCCESS. dag_id=our_first_dag_V4, task_id=first_task, run_id=scheduled__2021-12-30T00:00:00+00:00, execution_date=20211230T000000, start_date=20240910T080932, end_date=20240910T080932
[2024-09-10T08:09:33.025+0000] {local_task_job_runner.py:266} INFO - Task exited with return code 0
[2024-09-10T08:09:33.048+0000] {local_task_job_runner.py:245} INFO - ::endgroup::
