[2024-09-12T02:22:41.227+0000] {local_task_job_runner.py:123} INFO - ::group::Pre task execution logs
[2024-09-12T02:22:41.266+0000] {taskinstance.py:2612} INFO - Dependencies all met for dep_context=non-requeueable deps ti=<TaskInstance: our_first_dag_V6.third_task scheduled__2023-06-11T00:00:00+00:00 [queued]>
[2024-09-12T02:22:41.282+0000] {taskinstance.py:2612} INFO - Dependencies all met for dep_context=requeueable deps ti=<TaskInstance: our_first_dag_V6.third_task scheduled__2023-06-11T00:00:00+00:00 [queued]>
[2024-09-12T02:22:41.284+0000] {taskinstance.py:2865} INFO - Starting attempt 1 of 6
[2024-09-12T02:22:41.316+0000] {taskinstance.py:2888} INFO - Executing <Task(BashOperator): third_task> on 2023-06-11 00:00:00+00:00
[2024-09-12T02:22:41.332+0000] {logging_mixin.py:190} WARNING - /home/***/.local/lib/python3.12/site-packages/***/task/task_runner/standard_task_runner.py:70 DeprecationWarning: This process (pid=9475) is multi-threaded, use of fork() may lead to deadlocks in the child.
[2024-09-12T02:22:41.334+0000] {standard_task_runner.py:72} INFO - Started process 9489 to run task
[2024-09-12T02:22:41.333+0000] {standard_task_runner.py:104} INFO - Running: ['***', 'tasks', 'run', 'our_first_dag_V6', 'third_task', 'scheduled__2023-06-11T00:00:00+00:00', '--job-id', '20486', '--raw', '--subdir', 'DAGS_FOLDER/our_first_dag.py', '--cfg-path', '/tmp/tmp5xwobojs']
[2024-09-12T02:22:41.342+0000] {standard_task_runner.py:105} INFO - Job 20486: Subtask third_task
[2024-09-12T02:22:41.440+0000] {task_command.py:467} INFO - Running <TaskInstance: our_first_dag_V6.third_task scheduled__2023-06-11T00:00:00+00:00 [running]> on host 5508ea9ebfaf
[2024-09-12T02:22:41.626+0000] {taskinstance.py:3131} INFO - Exporting env vars: AIRFLOW_CTX_DAG_OWNER='acap' AIRFLOW_CTX_DAG_ID='our_first_dag_V6' AIRFLOW_CTX_TASK_ID='third_task' AIRFLOW_CTX_EXECUTION_DATE='2023-06-11T00:00:00+00:00' AIRFLOW_CTX_TRY_NUMBER='1' AIRFLOW_CTX_DAG_RUN_ID='scheduled__2023-06-11T00:00:00+00:00'
[2024-09-12T02:22:41.627+0000] {taskinstance.py:731} INFO - ::endgroup::
[2024-09-12T02:22:41.663+0000] {subprocess.py:63} INFO - Tmp dir root location: /tmp
[2024-09-12T02:22:41.665+0000] {subprocess.py:75} INFO - Running command: ['/usr/bin/bash', '-c', 'echo hey, this is the third task!']
[2024-09-12T02:22:41.676+0000] {subprocess.py:86} INFO - Output:
[2024-09-12T02:22:41.679+0000] {subprocess.py:93} INFO - hey, this is the third task!
[2024-09-12T02:22:41.679+0000] {subprocess.py:97} INFO - Command exited with return code 0
[2024-09-12T02:22:41.724+0000] {taskinstance.py:340} INFO - ::group::Post task execution logs
[2024-09-12T02:22:41.725+0000] {taskinstance.py:352} INFO - Marking task as SUCCESS. dag_id=our_first_dag_V6, task_id=third_task, run_id=scheduled__2023-06-11T00:00:00+00:00, execution_date=20230611T000000, start_date=20240912T022241, end_date=20240912T022241
[2024-09-12T02:22:41.799+0000] {local_task_job_runner.py:266} INFO - Task exited with return code 0
[2024-09-12T02:22:41.824+0000] {taskinstance.py:3900} INFO - 0 downstream tasks scheduled from follow-on schedule check
[2024-09-12T02:22:41.830+0000] {local_task_job_runner.py:245} INFO - ::endgroup::
