[2024-09-10T08:19:47.932+0000] {local_task_job_runner.py:123} INFO - ::group::Pre task execution logs
[2024-09-10T08:19:48.027+0000] {taskinstance.py:2612} INFO - Dependencies all met for dep_context=non-requeueable deps ti=<TaskInstance: our_first_dag_V5.first_task scheduled__2023-07-18T00:00:00+00:00 [queued]>
[2024-09-10T08:19:48.092+0000] {taskinstance.py:2612} INFO - Dependencies all met for dep_context=requeueable deps ti=<TaskInstance: our_first_dag_V5.first_task scheduled__2023-07-18T00:00:00+00:00 [queued]>
[2024-09-10T08:19:48.101+0000] {taskinstance.py:2865} INFO - Starting attempt 1 of 6
[2024-09-10T08:19:48.410+0000] {taskinstance.py:2888} INFO - Executing <Task(BashOperator): first_task> on 2023-07-18 00:00:00+00:00
[2024-09-10T08:19:48.441+0000] {standard_task_runner.py:104} INFO - Running: ['***', 'tasks', 'run', 'our_first_dag_V5', 'first_task', 'scheduled__2023-07-18T00:00:00+00:00', '--job-id', '8543', '--raw', '--subdir', 'DAGS_FOLDER/our_first_dag.py', '--cfg-path', '/tmp/tmp0rju4g0x']
[2024-09-10T08:19:48.460+0000] {standard_task_runner.py:105} INFO - Job 8543: Subtask first_task
[2024-09-10T08:19:48.458+0000] {logging_mixin.py:190} WARNING - /home/***/.local/lib/python3.12/site-packages/***/task/task_runner/standard_task_runner.py:70 DeprecationWarning: This process (pid=37170) is multi-threaded, use of fork() may lead to deadlocks in the child.
[2024-09-10T08:19:48.477+0000] {standard_task_runner.py:72} INFO - Started process 37195 to run task
[2024-09-10T08:19:48.765+0000] {task_command.py:467} INFO - Running <TaskInstance: our_first_dag_V5.first_task scheduled__2023-07-18T00:00:00+00:00 [running]> on host 5508ea9ebfaf
[2024-09-10T08:19:49.220+0000] {taskinstance.py:3131} INFO - Exporting env vars: AIRFLOW_CTX_DAG_OWNER='coder2j' AIRFLOW_CTX_DAG_ID='our_first_dag_V5' AIRFLOW_CTX_TASK_ID='first_task' AIRFLOW_CTX_EXECUTION_DATE='2023-07-18T00:00:00+00:00' AIRFLOW_CTX_TRY_NUMBER='1' AIRFLOW_CTX_DAG_RUN_ID='scheduled__2023-07-18T00:00:00+00:00'
[2024-09-10T08:19:49.227+0000] {taskinstance.py:731} INFO - ::endgroup::
[2024-09-10T08:19:49.285+0000] {subprocess.py:63} INFO - Tmp dir root location: /tmp
[2024-09-10T08:19:49.288+0000] {subprocess.py:75} INFO - Running command: ['/usr/bin/bash', '-c', 'echo hello world, this is the first task!']
[2024-09-10T08:19:49.310+0000] {subprocess.py:86} INFO - Output:
[2024-09-10T08:19:49.311+0000] {subprocess.py:93} INFO - hello world, this is the first task!
[2024-09-10T08:19:49.312+0000] {subprocess.py:97} INFO - Command exited with return code 0
[2024-09-10T08:19:49.386+0000] {taskinstance.py:340} INFO - ::group::Post task execution logs
[2024-09-10T08:19:49.388+0000] {taskinstance.py:352} INFO - Marking task as SUCCESS. dag_id=our_first_dag_V5, task_id=first_task, run_id=scheduled__2023-07-18T00:00:00+00:00, execution_date=20230718T000000, start_date=20240910T081948, end_date=20240910T081949
[2024-09-10T08:19:49.620+0000] {local_task_job_runner.py:266} INFO - Task exited with return code 0
[2024-09-10T08:19:49.713+0000] {taskinstance.py:3900} INFO - 2 downstream tasks scheduled from follow-on schedule check
[2024-09-10T08:19:49.734+0000] {local_task_job_runner.py:245} INFO - ::endgroup::
