[2024-09-10T08:15:45.842+0000] {local_task_job_runner.py:123} INFO - ::group::Pre task execution logs
[2024-09-10T08:15:45.895+0000] {taskinstance.py:2612} INFO - Dependencies all met for dep_context=non-requeueable deps ti=<TaskInstance: our_first_dag_V5.second_task scheduled__2022-08-08T00:00:00+00:00 [queued]>
[2024-09-10T08:15:45.918+0000] {taskinstance.py:2612} INFO - Dependencies all met for dep_context=requeueable deps ti=<TaskInstance: our_first_dag_V5.second_task scheduled__2022-08-08T00:00:00+00:00 [queued]>
[2024-09-10T08:15:45.925+0000] {taskinstance.py:2865} INFO - Starting attempt 1 of 6
[2024-09-10T08:15:45.993+0000] {taskinstance.py:2888} INFO - Executing <Task(BashOperator): second_task> on 2022-08-08 00:00:00+00:00
[2024-09-10T08:15:46.013+0000] {logging_mixin.py:190} WARNING - /home/***/.local/lib/python3.12/site-packages/***/task/task_runner/standard_task_runner.py:70 DeprecationWarning: This process (pid=33027) is multi-threaded, use of fork() may lead to deadlocks in the child.
[2024-09-10T08:15:46.013+0000] {standard_task_runner.py:104} INFO - Running: ['***', 'tasks', 'run', 'our_first_dag_V5', 'second_task', 'scheduled__2022-08-08T00:00:00+00:00', '--job-id', '7528', '--raw', '--subdir', 'DAGS_FOLDER/our_first_dag.py', '--cfg-path', '/tmp/tmp045uwhd5']
[2024-09-10T08:15:46.027+0000] {standard_task_runner.py:72} INFO - Started process 33047 to run task
[2024-09-10T08:15:46.028+0000] {standard_task_runner.py:105} INFO - Job 7528: Subtask second_task
[2024-09-10T08:15:46.211+0000] {task_command.py:467} INFO - Running <TaskInstance: our_first_dag_V5.second_task scheduled__2022-08-08T00:00:00+00:00 [running]> on host 5508ea9ebfaf
[2024-09-10T08:15:46.524+0000] {taskinstance.py:3131} INFO - Exporting env vars: AIRFLOW_CTX_DAG_OWNER='coder2j' AIRFLOW_CTX_DAG_ID='our_first_dag_V5' AIRFLOW_CTX_TASK_ID='second_task' AIRFLOW_CTX_EXECUTION_DATE='2022-08-08T00:00:00+00:00' AIRFLOW_CTX_TRY_NUMBER='1' AIRFLOW_CTX_DAG_RUN_ID='scheduled__2022-08-08T00:00:00+00:00'
[2024-09-10T08:15:46.526+0000] {taskinstance.py:731} INFO - ::endgroup::
[2024-09-10T08:15:46.589+0000] {subprocess.py:63} INFO - Tmp dir root location: /tmp
[2024-09-10T08:15:46.591+0000] {subprocess.py:75} INFO - Running command: ['/usr/bin/bash', '-c', 'echo hey, this is the second task!']
[2024-09-10T08:15:46.608+0000] {subprocess.py:86} INFO - Output:
[2024-09-10T08:15:46.611+0000] {subprocess.py:93} INFO - hey, this is the second task!
[2024-09-10T08:15:46.612+0000] {subprocess.py:97} INFO - Command exited with return code 0
[2024-09-10T08:15:46.680+0000] {taskinstance.py:340} INFO - ::group::Post task execution logs
[2024-09-10T08:15:46.682+0000] {taskinstance.py:352} INFO - Marking task as SUCCESS. dag_id=our_first_dag_V5, task_id=second_task, run_id=scheduled__2022-08-08T00:00:00+00:00, execution_date=20220808T000000, start_date=20240910T081545, end_date=20240910T081546
[2024-09-10T08:15:46.774+0000] {local_task_job_runner.py:266} INFO - Task exited with return code 0
[2024-09-10T08:15:46.815+0000] {taskinstance.py:3900} INFO - 0 downstream tasks scheduled from follow-on schedule check
[2024-09-10T08:15:46.823+0000] {local_task_job_runner.py:245} INFO - ::endgroup::
