[2024-09-10T07:12:41.118+0000] {local_task_job_runner.py:123} INFO - ::group::Pre task execution logs
[2024-09-10T07:12:41.139+0000] {taskinstance.py:2612} INFO - Dependencies all met for dep_context=non-requeueable deps ti=<TaskInstance: our_first_dag.first_task scheduled__2022-07-10T00:00:00+00:00 [queued]>
[2024-09-10T07:12:41.150+0000] {taskinstance.py:2612} INFO - Dependencies all met for dep_context=requeueable deps ti=<TaskInstance: our_first_dag.first_task scheduled__2022-07-10T00:00:00+00:00 [queued]>
[2024-09-10T07:12:41.151+0000] {taskinstance.py:2865} INFO - Starting attempt 1 of 6
[2024-09-10T07:12:41.201+0000] {taskinstance.py:2888} INFO - Executing <Task(BashOperator): first_task> on 2022-07-10 00:00:00+00:00
[2024-09-10T07:12:41.208+0000] {logging_mixin.py:190} WARNING - /home/***/.local/lib/python3.12/site-packages/***/task/task_runner/standard_task_runner.py:70 DeprecationWarning: This process (pid=2884) is multi-threaded, use of fork() may lead to deadlocks in the child.
[2024-09-10T07:12:41.210+0000] {standard_task_runner.py:72} INFO - Started process 2889 to run task
[2024-09-10T07:12:41.209+0000] {standard_task_runner.py:104} INFO - Running: ['***', 'tasks', 'run', 'our_first_dag', 'first_task', 'scheduled__2022-07-10T00:00:00+00:00', '--job-id', '350', '--raw', '--subdir', 'DAGS_FOLDER/our_first_dag.py', '--cfg-path', '/tmp/tmpjybpn48n']
[2024-09-10T07:12:41.213+0000] {standard_task_runner.py:105} INFO - Job 350: Subtask first_task
[2024-09-10T07:12:41.282+0000] {task_command.py:467} INFO - Running <TaskInstance: our_first_dag.first_task scheduled__2022-07-10T00:00:00+00:00 [running]> on host 5508ea9ebfaf
[2024-09-10T07:12:41.428+0000] {taskinstance.py:3131} INFO - Exporting env vars: AIRFLOW_CTX_DAG_OWNER='coder2j' AIRFLOW_CTX_DAG_ID='our_first_dag' AIRFLOW_CTX_TASK_ID='first_task' AIRFLOW_CTX_EXECUTION_DATE='2022-07-10T00:00:00+00:00' AIRFLOW_CTX_TRY_NUMBER='1' AIRFLOW_CTX_DAG_RUN_ID='scheduled__2022-07-10T00:00:00+00:00'
[2024-09-10T07:12:41.429+0000] {taskinstance.py:731} INFO - ::endgroup::
[2024-09-10T07:12:41.456+0000] {subprocess.py:63} INFO - Tmp dir root location: /tmp
[2024-09-10T07:12:41.457+0000] {subprocess.py:75} INFO - Running command: ['/usr/bin/bash', '-c', 'echo hello world, this is the first task!']
[2024-09-10T07:12:41.470+0000] {subprocess.py:86} INFO - Output:
[2024-09-10T07:12:41.473+0000] {subprocess.py:93} INFO - hello world, this is the first task!
[2024-09-10T07:12:41.474+0000] {subprocess.py:97} INFO - Command exited with return code 0
[2024-09-10T07:12:41.520+0000] {taskinstance.py:340} INFO - ::group::Post task execution logs
[2024-09-10T07:12:41.521+0000] {taskinstance.py:352} INFO - Marking task as SUCCESS. dag_id=our_first_dag, task_id=first_task, run_id=scheduled__2022-07-10T00:00:00+00:00, execution_date=20220710T000000, start_date=20240910T071241, end_date=20240910T071241
[2024-09-10T07:12:41.587+0000] {local_task_job_runner.py:266} INFO - Task exited with return code 0
[2024-09-10T07:12:41.606+0000] {local_task_job_runner.py:245} INFO - ::endgroup::
