[2024-09-10T07:19:01.387+0000] {local_task_job_runner.py:123} INFO - ::group::Pre task execution logs
[2024-09-10T07:19:01.425+0000] {taskinstance.py:2612} INFO - Dependencies all met for dep_context=non-requeueable deps ti=<TaskInstance: our_first_dag_V2.second_task scheduled__2022-04-05T00:00:00+00:00 [queued]>
[2024-09-10T07:19:01.443+0000] {taskinstance.py:2612} INFO - Dependencies all met for dep_context=requeueable deps ti=<TaskInstance: our_first_dag_V2.second_task scheduled__2022-04-05T00:00:00+00:00 [queued]>
[2024-09-10T07:19:01.444+0000] {taskinstance.py:2865} INFO - Starting attempt 1 of 6
[2024-09-10T07:19:01.577+0000] {taskinstance.py:2888} INFO - Executing <Task(BashOperator): second_task> on 2022-04-05 00:00:00+00:00
[2024-09-10T07:19:01.601+0000] {logging_mixin.py:190} WARNING - /home/***/.local/lib/python3.12/site-packages/***/task/task_runner/standard_task_runner.py:70 DeprecationWarning: This process (pid=7060) is multi-threaded, use of fork() may lead to deadlocks in the child.
[2024-09-10T07:19:01.605+0000] {standard_task_runner.py:72} INFO - Started process 7075 to run task
[2024-09-10T07:19:01.601+0000] {standard_task_runner.py:104} INFO - Running: ['***', 'tasks', 'run', 'our_first_dag_V2', 'second_task', 'scheduled__2022-04-05T00:00:00+00:00', '--job-id', '1360', '--raw', '--subdir', 'DAGS_FOLDER/our_first_dag.py', '--cfg-path', '/tmp/tmp0kr8k135']
[2024-09-10T07:19:01.607+0000] {standard_task_runner.py:105} INFO - Job 1360: Subtask second_task
[2024-09-10T07:19:01.706+0000] {task_command.py:467} INFO - Running <TaskInstance: our_first_dag_V2.second_task scheduled__2022-04-05T00:00:00+00:00 [running]> on host 5508ea9ebfaf
[2024-09-10T07:19:01.878+0000] {taskinstance.py:3131} INFO - Exporting env vars: AIRFLOW_CTX_DAG_OWNER='coder2j' AIRFLOW_CTX_DAG_ID='our_first_dag_V2' AIRFLOW_CTX_TASK_ID='second_task' AIRFLOW_CTX_EXECUTION_DATE='2022-04-05T00:00:00+00:00' AIRFLOW_CTX_TRY_NUMBER='1' AIRFLOW_CTX_DAG_RUN_ID='scheduled__2022-04-05T00:00:00+00:00'
[2024-09-10T07:19:01.881+0000] {taskinstance.py:731} INFO - ::endgroup::
[2024-09-10T07:19:01.917+0000] {subprocess.py:63} INFO - Tmp dir root location: /tmp
[2024-09-10T07:19:01.919+0000] {subprocess.py:75} INFO - Running command: ['/usr/bin/bash', '-c', 'echo hey, this is the second task!']
[2024-09-10T07:19:01.934+0000] {subprocess.py:86} INFO - Output:
[2024-09-10T07:19:01.936+0000] {subprocess.py:93} INFO - hey, this is the second task!
[2024-09-10T07:19:01.937+0000] {subprocess.py:97} INFO - Command exited with return code 0
[2024-09-10T07:19:01.983+0000] {taskinstance.py:340} INFO - ::group::Post task execution logs
[2024-09-10T07:19:01.984+0000] {taskinstance.py:352} INFO - Marking task as SUCCESS. dag_id=our_first_dag_V2, task_id=second_task, run_id=scheduled__2022-04-05T00:00:00+00:00, execution_date=20220405T000000, start_date=20240910T071901, end_date=20240910T071901
[2024-09-10T07:19:02.105+0000] {local_task_job_runner.py:266} INFO - Task exited with return code 0
[2024-09-10T07:19:02.139+0000] {taskinstance.py:3900} INFO - 0 downstream tasks scheduled from follow-on schedule check
[2024-09-10T07:19:02.143+0000] {local_task_job_runner.py:245} INFO - ::endgroup::
