[2024-09-23T01:35:35.555+0000] {local_task_job_runner.py:123} INFO - ::group::Pre task execution logs
[2024-09-23T01:35:35.628+0000] {taskinstance.py:2612} INFO - Dependencies all met for dep_context=non-requeueable deps ti=<TaskInstance: dag_with_catchup_backfill_v02.task1 scheduled__2024-09-20T00:00:00+00:00 [queued]>
[2024-09-23T01:35:35.707+0000] {taskinstance.py:2612} INFO - Dependencies all met for dep_context=requeueable deps ti=<TaskInstance: dag_with_catchup_backfill_v02.task1 scheduled__2024-09-20T00:00:00+00:00 [queued]>
[2024-09-23T01:35:35.714+0000] {taskinstance.py:2865} INFO - Starting attempt 1 of 6
[2024-09-23T01:35:35.978+0000] {taskinstance.py:2888} INFO - Executing <Task(BashOperator): task1> on 2024-09-20 00:00:00+00:00
[2024-09-23T01:35:36.025+0000] {standard_task_runner.py:104} INFO - Running: ['***', 'tasks', 'run', 'dag_with_catchup_backfill_v02', 'task1', 'scheduled__2024-09-20T00:00:00+00:00', '--job-id', '22622', '--raw', '--subdir', 'DAGS_FOLDER/dag_with_catchup_and_backfill.py', '--cfg-path', '/tmp/tmp3_88xavk']
[2024-09-23T01:35:36.040+0000] {standard_task_runner.py:105} INFO - Job 22622: Subtask task1
[2024-09-23T01:35:36.041+0000] {logging_mixin.py:190} WARNING - /home/***/.local/lib/python3.12/site-packages/***/task/task_runner/standard_task_runner.py:70 DeprecationWarning: This process (pid=193) is multi-threaded, use of fork() may lead to deadlocks in the child.
[2024-09-23T01:35:36.072+0000] {standard_task_runner.py:72} INFO - Started process 203 to run task
[2024-09-23T01:35:36.524+0000] {task_command.py:467} INFO - Running <TaskInstance: dag_with_catchup_backfill_v02.task1 scheduled__2024-09-20T00:00:00+00:00 [running]> on host ced43fa3e256
[2024-09-23T01:35:41.723+0000] {taskinstance.py:3131} INFO - Exporting env vars: AIRFLOW_CTX_DAG_OWNER='coder2j' AIRFLOW_CTX_DAG_ID='dag_with_catchup_backfill_v02' AIRFLOW_CTX_TASK_ID='task1' AIRFLOW_CTX_EXECUTION_DATE='2024-09-20T00:00:00+00:00' AIRFLOW_CTX_TRY_NUMBER='1' AIRFLOW_CTX_DAG_RUN_ID='scheduled__2024-09-20T00:00:00+00:00'
[2024-09-23T01:35:41.766+0000] {taskinstance.py:731} INFO - ::endgroup::
[2024-09-23T01:35:42.871+0000] {subprocess.py:63} INFO - Tmp dir root location: /tmp
[2024-09-23T01:35:43.045+0000] {subprocess.py:75} INFO - Running command: ['/usr/bin/bash', '-c', 'echo This is a simple bash command!']
[2024-09-23T01:35:43.211+0000] {subprocess.py:86} INFO - Output:
[2024-09-23T01:35:43.221+0000] {subprocess.py:93} INFO - This is a simple bash command!
[2024-09-23T01:35:43.223+0000] {subprocess.py:97} INFO - Command exited with return code 0
[2024-09-23T01:35:43.930+0000] {taskinstance.py:340} INFO - ::group::Post task execution logs
[2024-09-23T01:35:43.934+0000] {taskinstance.py:352} INFO - Marking task as SUCCESS. dag_id=dag_with_catchup_backfill_v02, task_id=task1, run_id=scheduled__2024-09-20T00:00:00+00:00, execution_date=20240920T000000, start_date=20240923T013535, end_date=20240923T013543
[2024-09-23T01:35:45.137+0000] {local_task_job_runner.py:266} INFO - Task exited with return code 0
[2024-09-23T01:35:45.374+0000] {taskinstance.py:3900} INFO - 0 downstream tasks scheduled from follow-on schedule check
[2024-09-23T01:35:46.370+0000] {local_task_job_runner.py:245} INFO - ::endgroup::
