[2024-09-10T07:18:24.064+0000] {local_task_job_runner.py:123} INFO - ::group::Pre task execution logs
[2024-09-10T07:18:24.091+0000] {taskinstance.py:2612} INFO - Dependencies all met for dep_context=non-requeueable deps ti=<TaskInstance: our_first_dag_V2.first_task scheduled__2022-02-06T00:00:00+00:00 [queued]>
[2024-09-10T07:18:24.105+0000] {taskinstance.py:2612} INFO - Dependencies all met for dep_context=requeueable deps ti=<TaskInstance: our_first_dag_V2.first_task scheduled__2022-02-06T00:00:00+00:00 [queued]>
[2024-09-10T07:18:24.107+0000] {taskinstance.py:2865} INFO - Starting attempt 1 of 6
[2024-09-10T07:18:24.204+0000] {taskinstance.py:2888} INFO - Executing <Task(BashOperator): first_task> on 2022-02-06 00:00:00+00:00
[2024-09-10T07:18:24.216+0000] {logging_mixin.py:190} WARNING - /home/***/.local/lib/python3.12/site-packages/***/task/task_runner/standard_task_runner.py:70 DeprecationWarning: This process (pid=6560) is multi-threaded, use of fork() may lead to deadlocks in the child.
[2024-09-10T07:18:24.218+0000] {standard_task_runner.py:72} INFO - Started process 6568 to run task
[2024-09-10T07:18:24.218+0000] {standard_task_runner.py:104} INFO - Running: ['***', 'tasks', 'run', 'our_first_dag_V2', 'first_task', 'scheduled__2022-02-06T00:00:00+00:00', '--job-id', '1235', '--raw', '--subdir', 'DAGS_FOLDER/our_first_dag.py', '--cfg-path', '/tmp/tmpvnsebmki']
[2024-09-10T07:18:24.221+0000] {standard_task_runner.py:105} INFO - Job 1235: Subtask first_task
[2024-09-10T07:18:24.296+0000] {task_command.py:467} INFO - Running <TaskInstance: our_first_dag_V2.first_task scheduled__2022-02-06T00:00:00+00:00 [running]> on host 5508ea9ebfaf
[2024-09-10T07:18:24.438+0000] {taskinstance.py:3131} INFO - Exporting env vars: AIRFLOW_CTX_DAG_OWNER='coder2j' AIRFLOW_CTX_DAG_ID='our_first_dag_V2' AIRFLOW_CTX_TASK_ID='first_task' AIRFLOW_CTX_EXECUTION_DATE='2022-02-06T00:00:00+00:00' AIRFLOW_CTX_TRY_NUMBER='1' AIRFLOW_CTX_DAG_RUN_ID='scheduled__2022-02-06T00:00:00+00:00'
[2024-09-10T07:18:24.440+0000] {taskinstance.py:731} INFO - ::endgroup::
[2024-09-10T07:18:24.471+0000] {subprocess.py:63} INFO - Tmp dir root location: /tmp
[2024-09-10T07:18:24.472+0000] {subprocess.py:75} INFO - Running command: ['/usr/bin/bash', '-c', 'echo hello world, this is the first task!']
[2024-09-10T07:18:24.483+0000] {subprocess.py:86} INFO - Output:
[2024-09-10T07:18:24.485+0000] {subprocess.py:93} INFO - hello world, this is the first task!
[2024-09-10T07:18:24.485+0000] {subprocess.py:97} INFO - Command exited with return code 0
[2024-09-10T07:18:24.517+0000] {taskinstance.py:340} INFO - ::group::Post task execution logs
[2024-09-10T07:18:24.518+0000] {taskinstance.py:352} INFO - Marking task as SUCCESS. dag_id=our_first_dag_V2, task_id=first_task, run_id=scheduled__2022-02-06T00:00:00+00:00, execution_date=20220206T000000, start_date=20240910T071824, end_date=20240910T071824
[2024-09-10T07:18:24.555+0000] {local_task_job_runner.py:266} INFO - Task exited with return code 0
[2024-09-10T07:18:24.581+0000] {taskinstance.py:3900} INFO - 1 downstream tasks scheduled from follow-on schedule check
[2024-09-10T07:18:24.587+0000] {local_task_job_runner.py:245} INFO - ::endgroup::
