[2024-09-10T07:22:59.256+0000] {local_task_job_runner.py:123} INFO - ::group::Pre task execution logs
[2024-09-10T07:22:59.278+0000] {taskinstance.py:2612} INFO - Dependencies all met for dep_context=non-requeueable deps ti=<TaskInstance: our_first_dag_V2.first_task scheduled__2023-06-03T00:00:00+00:00 [queued]>
[2024-09-10T07:22:59.295+0000] {taskinstance.py:2612} INFO - Dependencies all met for dep_context=requeueable deps ti=<TaskInstance: our_first_dag_V2.first_task scheduled__2023-06-03T00:00:00+00:00 [queued]>
[2024-09-10T07:22:59.297+0000] {taskinstance.py:2865} INFO - Starting attempt 1 of 6
[2024-09-10T07:22:59.318+0000] {taskinstance.py:2888} INFO - Executing <Task(BashOperator): first_task> on 2023-06-03 00:00:00+00:00
[2024-09-10T07:22:59.329+0000] {logging_mixin.py:190} WARNING - /home/***/.local/lib/python3.12/site-packages/***/task/task_runner/standard_task_runner.py:70 DeprecationWarning: This process (pid=10530) is multi-threaded, use of fork() may lead to deadlocks in the child.
[2024-09-10T07:22:59.331+0000] {standard_task_runner.py:72} INFO - Started process 10538 to run task
[2024-09-10T07:22:59.329+0000] {standard_task_runner.py:104} INFO - Running: ['***', 'tasks', 'run', 'our_first_dag_V2', 'first_task', 'scheduled__2023-06-03T00:00:00+00:00', '--job-id', '2202', '--raw', '--subdir', 'DAGS_FOLDER/our_first_dag.py', '--cfg-path', '/tmp/tmpyec5gt36']
[2024-09-10T07:22:59.332+0000] {standard_task_runner.py:105} INFO - Job 2202: Subtask first_task
[2024-09-10T07:22:59.393+0000] {task_command.py:467} INFO - Running <TaskInstance: our_first_dag_V2.first_task scheduled__2023-06-03T00:00:00+00:00 [running]> on host 5508ea9ebfaf
[2024-09-10T07:22:59.527+0000] {taskinstance.py:3131} INFO - Exporting env vars: AIRFLOW_CTX_DAG_OWNER='coder2j' AIRFLOW_CTX_DAG_ID='our_first_dag_V2' AIRFLOW_CTX_TASK_ID='first_task' AIRFLOW_CTX_EXECUTION_DATE='2023-06-03T00:00:00+00:00' AIRFLOW_CTX_TRY_NUMBER='1' AIRFLOW_CTX_DAG_RUN_ID='scheduled__2023-06-03T00:00:00+00:00'
[2024-09-10T07:22:59.529+0000] {taskinstance.py:731} INFO - ::endgroup::
[2024-09-10T07:22:59.551+0000] {subprocess.py:63} INFO - Tmp dir root location: /tmp
[2024-09-10T07:22:59.554+0000] {subprocess.py:75} INFO - Running command: ['/usr/bin/bash', '-c', 'echo hello world, this is the first task!']
[2024-09-10T07:22:59.573+0000] {subprocess.py:86} INFO - Output:
[2024-09-10T07:22:59.576+0000] {subprocess.py:93} INFO - hello world, this is the first task!
[2024-09-10T07:22:59.578+0000] {subprocess.py:97} INFO - Command exited with return code 0
[2024-09-10T07:22:59.612+0000] {taskinstance.py:340} INFO - ::group::Post task execution logs
[2024-09-10T07:22:59.613+0000] {taskinstance.py:352} INFO - Marking task as SUCCESS. dag_id=our_first_dag_V2, task_id=first_task, run_id=scheduled__2023-06-03T00:00:00+00:00, execution_date=20230603T000000, start_date=20240910T072259, end_date=20240910T072259
[2024-09-10T07:22:59.708+0000] {local_task_job_runner.py:266} INFO - Task exited with return code 0
[2024-09-10T07:22:59.733+0000] {taskinstance.py:3900} INFO - 1 downstream tasks scheduled from follow-on schedule check
[2024-09-10T07:22:59.740+0000] {local_task_job_runner.py:245} INFO - ::endgroup::
