[2024-09-10T08:20:46.494+0000] {local_task_job_runner.py:123} INFO - ::group::Pre task execution logs
[2024-09-10T08:20:46.510+0000] {taskinstance.py:2612} INFO - Dependencies all met for dep_context=non-requeueable deps ti=<TaskInstance: our_first_dag_V5.first_task scheduled__2023-09-20T00:00:00+00:00 [queued]>
[2024-09-10T08:20:46.522+0000] {taskinstance.py:2612} INFO - Dependencies all met for dep_context=requeueable deps ti=<TaskInstance: our_first_dag_V5.first_task scheduled__2023-09-20T00:00:00+00:00 [queued]>
[2024-09-10T08:20:46.524+0000] {taskinstance.py:2865} INFO - Starting attempt 1 of 6
[2024-09-10T08:20:46.546+0000] {taskinstance.py:2888} INFO - Executing <Task(BashOperator): first_task> on 2023-09-20 00:00:00+00:00
[2024-09-10T08:20:46.553+0000] {logging_mixin.py:190} WARNING - /home/***/.local/lib/python3.12/site-packages/***/task/task_runner/standard_task_runner.py:70 DeprecationWarning: This process (pid=38005) is multi-threaded, use of fork() may lead to deadlocks in the child.
[2024-09-10T08:20:46.554+0000] {standard_task_runner.py:72} INFO - Started process 38010 to run task
[2024-09-10T08:20:46.553+0000] {standard_task_runner.py:104} INFO - Running: ['***', 'tasks', 'run', 'our_first_dag_V5', 'first_task', 'scheduled__2023-09-20T00:00:00+00:00', '--job-id', '8743', '--raw', '--subdir', 'DAGS_FOLDER/our_first_dag.py', '--cfg-path', '/tmp/tmpige5ggdq']
[2024-09-10T08:20:46.555+0000] {standard_task_runner.py:105} INFO - Job 8743: Subtask first_task
[2024-09-10T08:20:46.602+0000] {task_command.py:467} INFO - Running <TaskInstance: our_first_dag_V5.first_task scheduled__2023-09-20T00:00:00+00:00 [running]> on host 5508ea9ebfaf
[2024-09-10T08:20:46.704+0000] {taskinstance.py:3131} INFO - Exporting env vars: AIRFLOW_CTX_DAG_OWNER='coder2j' AIRFLOW_CTX_DAG_ID='our_first_dag_V5' AIRFLOW_CTX_TASK_ID='first_task' AIRFLOW_CTX_EXECUTION_DATE='2023-09-20T00:00:00+00:00' AIRFLOW_CTX_TRY_NUMBER='1' AIRFLOW_CTX_DAG_RUN_ID='scheduled__2023-09-20T00:00:00+00:00'
[2024-09-10T08:20:46.705+0000] {taskinstance.py:731} INFO - ::endgroup::
[2024-09-10T08:20:46.723+0000] {subprocess.py:63} INFO - Tmp dir root location: /tmp
[2024-09-10T08:20:46.725+0000] {subprocess.py:75} INFO - Running command: ['/usr/bin/bash', '-c', 'echo hello world, this is the first task!']
[2024-09-10T08:20:46.739+0000] {subprocess.py:86} INFO - Output:
[2024-09-10T08:20:46.741+0000] {subprocess.py:93} INFO - hello world, this is the first task!
[2024-09-10T08:20:46.741+0000] {subprocess.py:97} INFO - Command exited with return code 0
[2024-09-10T08:20:46.771+0000] {taskinstance.py:340} INFO - ::group::Post task execution logs
[2024-09-10T08:20:46.772+0000] {taskinstance.py:352} INFO - Marking task as SUCCESS. dag_id=our_first_dag_V5, task_id=first_task, run_id=scheduled__2023-09-20T00:00:00+00:00, execution_date=20230920T000000, start_date=20240910T082046, end_date=20240910T082046
[2024-09-10T08:20:46.850+0000] {local_task_job_runner.py:266} INFO - Task exited with return code 0
[2024-09-10T08:20:46.860+0000] {local_task_job_runner.py:245} INFO - ::endgroup::
