[2024-09-10T08:24:20.007+0000] {local_task_job_runner.py:123} INFO - ::group::Pre task execution logs
[2024-09-10T08:24:20.099+0000] {taskinstance.py:2612} INFO - Dependencies all met for dep_context=non-requeueable deps ti=<TaskInstance: our_first_dag_V5.third_task scheduled__2024-06-29T00:00:00+00:00 [queued]>
[2024-09-10T08:24:20.150+0000] {taskinstance.py:2612} INFO - Dependencies all met for dep_context=requeueable deps ti=<TaskInstance: our_first_dag_V5.third_task scheduled__2024-06-29T00:00:00+00:00 [queued]>
[2024-09-10T08:24:20.164+0000] {taskinstance.py:2865} INFO - Starting attempt 1 of 6
[2024-09-10T08:24:20.467+0000] {taskinstance.py:2888} INFO - Executing <Task(BashOperator): third_task> on 2024-06-29 00:00:00+00:00
[2024-09-10T08:24:20.493+0000] {standard_task_runner.py:104} INFO - Running: ['***', 'tasks', 'run', 'our_first_dag_V5', 'third_task', 'scheduled__2024-06-29T00:00:00+00:00', '--job-id', '9596', '--raw', '--subdir', 'DAGS_FOLDER/our_first_dag.py', '--cfg-path', '/tmp/tmptjz7oltg']
[2024-09-10T08:24:20.505+0000] {logging_mixin.py:190} WARNING - /home/***/.local/lib/python3.12/site-packages/***/task/task_runner/standard_task_runner.py:70 DeprecationWarning: This process (pid=41489) is multi-threaded, use of fork() may lead to deadlocks in the child.
[2024-09-10T08:24:20.534+0000] {standard_task_runner.py:105} INFO - Job 9596: Subtask third_task
[2024-09-10T08:24:20.547+0000] {standard_task_runner.py:72} INFO - Started process 41511 to run task
[2024-09-10T08:24:20.770+0000] {task_command.py:467} INFO - Running <TaskInstance: our_first_dag_V5.third_task scheduled__2024-06-29T00:00:00+00:00 [running]> on host 5508ea9ebfaf
[2024-09-10T08:24:21.095+0000] {taskinstance.py:3131} INFO - Exporting env vars: AIRFLOW_CTX_DAG_OWNER='coder2j' AIRFLOW_CTX_DAG_ID='our_first_dag_V5' AIRFLOW_CTX_TASK_ID='third_task' AIRFLOW_CTX_EXECUTION_DATE='2024-06-29T00:00:00+00:00' AIRFLOW_CTX_TRY_NUMBER='1' AIRFLOW_CTX_DAG_RUN_ID='scheduled__2024-06-29T00:00:00+00:00'
[2024-09-10T08:24:21.099+0000] {taskinstance.py:731} INFO - ::endgroup::
[2024-09-10T08:24:21.145+0000] {subprocess.py:63} INFO - Tmp dir root location: /tmp
[2024-09-10T08:24:21.151+0000] {subprocess.py:75} INFO - Running command: ['/usr/bin/bash', '-c', 'echo hey, this is the third task!']
[2024-09-10T08:24:21.167+0000] {subprocess.py:86} INFO - Output:
[2024-09-10T08:24:21.176+0000] {subprocess.py:93} INFO - hey, this is the third task!
[2024-09-10T08:24:21.177+0000] {subprocess.py:97} INFO - Command exited with return code 0
[2024-09-10T08:24:21.242+0000] {taskinstance.py:340} INFO - ::group::Post task execution logs
[2024-09-10T08:24:21.245+0000] {taskinstance.py:352} INFO - Marking task as SUCCESS. dag_id=our_first_dag_V5, task_id=third_task, run_id=scheduled__2024-06-29T00:00:00+00:00, execution_date=20240629T000000, start_date=20240910T082420, end_date=20240910T082421
[2024-09-10T08:24:21.321+0000] {local_task_job_runner.py:266} INFO - Task exited with return code 0
[2024-09-10T08:24:21.352+0000] {taskinstance.py:3900} INFO - 0 downstream tasks scheduled from follow-on schedule check
[2024-09-10T08:24:21.360+0000] {local_task_job_runner.py:245} INFO - ::endgroup::
