[2024-09-25T07:39:47.994+0000] {local_task_job_runner.py:123} INFO - ::group::Pre task execution logs
[2024-09-25T07:39:48.027+0000] {taskinstance.py:2612} INFO - Dependencies all met for dep_context=non-requeueable deps ti=<TaskInstance: dag_with_postgres_operator_v03.insert_into_table scheduled__2024-09-23T00:00:00+00:00 [queued]>
[2024-09-25T07:39:48.053+0000] {taskinstance.py:2612} INFO - Dependencies all met for dep_context=requeueable deps ti=<TaskInstance: dag_with_postgres_operator_v03.insert_into_table scheduled__2024-09-23T00:00:00+00:00 [queued]>
[2024-09-25T07:39:48.061+0000] {taskinstance.py:2865} INFO - Starting attempt 1 of 6
[2024-09-25T07:39:48.100+0000] {taskinstance.py:2888} INFO - Executing <Task(PostgresOperator): insert_into_table> on 2024-09-23 00:00:00+00:00
[2024-09-25T07:39:48.110+0000] {standard_task_runner.py:104} INFO - Running: ['***', 'tasks', 'run', 'dag_with_postgres_operator_v03', 'insert_into_table', 'scheduled__2024-09-23T00:00:00+00:00', '--job-id', '22715', '--raw', '--subdir', 'DAGS_FOLDER/dag_with_postgres_operator.py', '--cfg-path', '/tmp/tmphfsd30h4']
[2024-09-25T07:39:48.112+0000] {standard_task_runner.py:105} INFO - Job 22715: Subtask insert_into_table
[2024-09-25T07:39:48.116+0000] {logging_mixin.py:190} WARNING - /home/***/.local/lib/python3.12/site-packages/***/task/task_runner/standard_task_runner.py:70 DeprecationWarning: This process (pid=338) is multi-threaded, use of fork() may lead to deadlocks in the child.
[2024-09-25T07:39:48.117+0000] {standard_task_runner.py:72} INFO - Started process 341 to run task
[2024-09-25T07:39:48.195+0000] {task_command.py:467} INFO - Running <TaskInstance: dag_with_postgres_operator_v03.insert_into_table scheduled__2024-09-23T00:00:00+00:00 [running]> on host ced43fa3e256
[2024-09-25T07:39:48.380+0000] {taskinstance.py:3131} INFO - Exporting env vars: AIRFLOW_CTX_DAG_OWNER='coder2j' AIRFLOW_CTX_DAG_ID='dag_with_postgres_operator_v03' AIRFLOW_CTX_TASK_ID='insert_into_table' AIRFLOW_CTX_EXECUTION_DATE='2024-09-23T00:00:00+00:00' AIRFLOW_CTX_TRY_NUMBER='1' AIRFLOW_CTX_DAG_RUN_ID='scheduled__2024-09-23T00:00:00+00:00'
[2024-09-25T07:39:48.384+0000] {taskinstance.py:731} INFO - ::endgroup::
[2024-09-25T07:39:48.410+0000] {sql.py:266} INFO - Executing: 
                insert into dag_runs (dt, dag_id) values ('2024-09-23', 'dag_with_postgres_operator_v03')
            
[2024-09-25T07:39:48.434+0000] {base.py:84} INFO - Retrieving connection 'postgres_localhost'
[2024-09-25T07:39:48.456+0000] {base.py:84} INFO - Retrieving connection 'postgres_localhost'
[2024-09-25T07:39:48.469+0000] {sql.py:509} INFO - Running statement: 
                insert into dag_runs (dt, dag_id) values ('2024-09-23', 'dag_with_postgres_operator_v03')
            , parameters: None
[2024-09-25T07:39:48.475+0000] {sql.py:518} INFO - Rows affected: 1
[2024-09-25T07:39:48.495+0000] {taskinstance.py:340} INFO - ::group::Post task execution logs
[2024-09-25T07:39:48.495+0000] {taskinstance.py:352} INFO - Marking task as SUCCESS. dag_id=dag_with_postgres_operator_v03, task_id=insert_into_table, run_id=scheduled__2024-09-23T00:00:00+00:00, execution_date=20240923T000000, start_date=20240925T073948, end_date=20240925T073948
[2024-09-25T07:39:48.539+0000] {local_task_job_runner.py:266} INFO - Task exited with return code 0
[2024-09-25T07:39:48.562+0000] {taskinstance.py:3900} INFO - 0 downstream tasks scheduled from follow-on schedule check
[2024-09-25T07:39:48.571+0000] {local_task_job_runner.py:245} INFO - ::endgroup::
