[2024-09-20T02:55:02.588+0000] {local_task_job_runner.py:123} INFO - ::group::Pre task execution logs
[2024-09-20T02:55:02.669+0000] {taskinstance.py:2612} INFO - Dependencies all met for dep_context=non-requeueable deps ti=<TaskInstance: dag_with_python_dependencies_v02.get_matplotlib scheduled__2024-09-03T00:00:00+00:00 [queued]>
[2024-09-20T02:55:02.735+0000] {taskinstance.py:2612} INFO - Dependencies all met for dep_context=requeueable deps ti=<TaskInstance: dag_with_python_dependencies_v02.get_matplotlib scheduled__2024-09-03T00:00:00+00:00 [queued]>
[2024-09-20T02:55:02.736+0000] {taskinstance.py:2865} INFO - Starting attempt 1 of 6
[2024-09-20T02:55:02.798+0000] {taskinstance.py:2888} INFO - Executing <Task(PythonOperator): get_matplotlib> on 2024-09-03 00:00:00+00:00
[2024-09-20T02:55:02.829+0000] {standard_task_runner.py:104} INFO - Running: ['***', 'tasks', 'run', 'dag_with_python_dependencies_v02', 'get_matplotlib', 'scheduled__2024-09-03T00:00:00+00:00', '--job-id', '22427', '--raw', '--subdir', 'DAGS_FOLDER/dag_with_python_dependencies.py', '--cfg-path', '/tmp/tmpn_2ckz5j']
[2024-09-20T02:55:02.868+0000] {standard_task_runner.py:105} INFO - Job 22427: Subtask get_matplotlib
[2024-09-20T02:55:02.905+0000] {logging_mixin.py:190} WARNING - /home/***/.local/lib/python3.12/site-packages/***/task/task_runner/standard_task_runner.py:70 DeprecationWarning: This process (pid=818) is multi-threaded, use of fork() may lead to deadlocks in the child.
[2024-09-20T02:55:02.908+0000] {standard_task_runner.py:72} INFO - Started process 843 to run task
[2024-09-20T02:55:03.096+0000] {task_command.py:467} INFO - Running <TaskInstance: dag_with_python_dependencies_v02.get_matplotlib scheduled__2024-09-03T00:00:00+00:00 [running]> on host ced43fa3e256
[2024-09-20T02:55:04.135+0000] {taskinstance.py:3131} INFO - Exporting env vars: AIRFLOW_CTX_DAG_OWNER='coder2j' AIRFLOW_CTX_DAG_ID='dag_with_python_dependencies_v02' AIRFLOW_CTX_TASK_ID='get_matplotlib' AIRFLOW_CTX_EXECUTION_DATE='2024-09-03T00:00:00+00:00' AIRFLOW_CTX_TRY_NUMBER='1' AIRFLOW_CTX_DAG_RUN_ID='scheduled__2024-09-03T00:00:00+00:00'
[2024-09-20T02:55:04.141+0000] {taskinstance.py:731} INFO - ::endgroup::
[2024-09-20T02:55:07.493+0000] {logging_mixin.py:190} INFO - matplotlib hok version: 3.9.2 , kemah keming
[2024-09-20T02:55:07.516+0000] {python.py:240} INFO - Done. Returned value was: None
[2024-09-20T02:55:07.550+0000] {taskinstance.py:340} INFO - ::group::Post task execution logs
[2024-09-20T02:55:07.576+0000] {taskinstance.py:352} INFO - Marking task as SUCCESS. dag_id=dag_with_python_dependencies_v02, task_id=get_matplotlib, run_id=scheduled__2024-09-03T00:00:00+00:00, execution_date=20240903T000000, start_date=20240920T025502, end_date=20240920T025507
[2024-09-20T02:55:07.909+0000] {local_task_job_runner.py:266} INFO - Task exited with return code 0
[2024-09-20T02:55:07.920+0000] {standard_task_runner.py:217} INFO - Process not found (most likely exited), stop collecting metrics
[2024-09-20T02:55:07.989+0000] {taskinstance.py:3900} INFO - 0 downstream tasks scheduled from follow-on schedule check
[2024-09-20T02:55:08.031+0000] {local_task_job_runner.py:245} INFO - ::endgroup::
