[2024-09-10T08:18:17.858+0000] {local_task_job_runner.py:123} INFO - ::group::Pre task execution logs
[2024-09-10T08:18:17.967+0000] {taskinstance.py:2612} INFO - Dependencies all met for dep_context=non-requeueable deps ti=<TaskInstance: our_first_dag_V5.second_task scheduled__2023-03-07T00:00:00+00:00 [queued]>
[2024-09-10T08:18:18.018+0000] {taskinstance.py:2612} INFO - Dependencies all met for dep_context=requeueable deps ti=<TaskInstance: our_first_dag_V5.second_task scheduled__2023-03-07T00:00:00+00:00 [queued]>
[2024-09-10T08:18:18.053+0000] {taskinstance.py:2865} INFO - Starting attempt 1 of 6
[2024-09-10T08:18:18.158+0000] {taskinstance.py:2888} INFO - Executing <Task(BashOperator): second_task> on 2023-03-07 00:00:00+00:00
[2024-09-10T08:18:18.193+0000] {logging_mixin.py:190} WARNING - /home/***/.local/lib/python3.12/site-packages/***/task/task_runner/standard_task_runner.py:70 DeprecationWarning: This process (pid=35604) is multi-threaded, use of fork() may lead to deadlocks in the child.
[2024-09-10T08:18:18.212+0000] {standard_task_runner.py:72} INFO - Started process 35634 to run task
[2024-09-10T08:18:18.207+0000] {standard_task_runner.py:104} INFO - Running: ['***', 'tasks', 'run', 'our_first_dag_V5', 'second_task', 'scheduled__2023-03-07T00:00:00+00:00', '--job-id', '8162', '--raw', '--subdir', 'DAGS_FOLDER/our_first_dag.py', '--cfg-path', '/tmp/tmp7gckyb8_']
[2024-09-10T08:18:18.225+0000] {standard_task_runner.py:105} INFO - Job 8162: Subtask second_task
[2024-09-10T08:18:18.535+0000] {task_command.py:467} INFO - Running <TaskInstance: our_first_dag_V5.second_task scheduled__2023-03-07T00:00:00+00:00 [running]> on host 5508ea9ebfaf
[2024-09-10T08:18:18.816+0000] {taskinstance.py:3131} INFO - Exporting env vars: AIRFLOW_CTX_DAG_OWNER='coder2j' AIRFLOW_CTX_DAG_ID='our_first_dag_V5' AIRFLOW_CTX_TASK_ID='second_task' AIRFLOW_CTX_EXECUTION_DATE='2023-03-07T00:00:00+00:00' AIRFLOW_CTX_TRY_NUMBER='1' AIRFLOW_CTX_DAG_RUN_ID='scheduled__2023-03-07T00:00:00+00:00'
[2024-09-10T08:18:18.824+0000] {taskinstance.py:731} INFO - ::endgroup::
[2024-09-10T08:18:18.879+0000] {subprocess.py:63} INFO - Tmp dir root location: /tmp
[2024-09-10T08:18:18.890+0000] {subprocess.py:75} INFO - Running command: ['/usr/bin/bash', '-c', 'echo hey, this is the second task!']
[2024-09-10T08:18:18.912+0000] {subprocess.py:86} INFO - Output:
[2024-09-10T08:18:18.915+0000] {subprocess.py:93} INFO - hey, this is the second task!
[2024-09-10T08:18:18.916+0000] {subprocess.py:97} INFO - Command exited with return code 0
[2024-09-10T08:18:19.025+0000] {taskinstance.py:340} INFO - ::group::Post task execution logs
[2024-09-10T08:18:19.047+0000] {taskinstance.py:352} INFO - Marking task as SUCCESS. dag_id=our_first_dag_V5, task_id=second_task, run_id=scheduled__2023-03-07T00:00:00+00:00, execution_date=20230307T000000, start_date=20240910T081817, end_date=20240910T081819
[2024-09-10T08:18:19.118+0000] {local_task_job_runner.py:266} INFO - Task exited with return code 0
[2024-09-10T08:18:19.155+0000] {taskinstance.py:3900} INFO - 0 downstream tasks scheduled from follow-on schedule check
[2024-09-10T08:18:19.161+0000] {local_task_job_runner.py:245} INFO - ::endgroup::
