[2024-09-10T08:22:39.397+0000] {local_task_job_runner.py:123} INFO - ::group::Pre task execution logs
[2024-09-10T08:22:39.443+0000] {taskinstance.py:2612} INFO - Dependencies all met for dep_context=non-requeueable deps ti=<TaskInstance: our_first_dag_V5.first_task scheduled__2024-02-15T00:00:00+00:00 [queued]>
[2024-09-10T08:22:39.469+0000] {taskinstance.py:2612} INFO - Dependencies all met for dep_context=requeueable deps ti=<TaskInstance: our_first_dag_V5.first_task scheduled__2024-02-15T00:00:00+00:00 [queued]>
[2024-09-10T08:22:39.471+0000] {taskinstance.py:2865} INFO - Starting attempt 1 of 6
[2024-09-10T08:22:39.505+0000] {taskinstance.py:2888} INFO - Executing <Task(BashOperator): first_task> on 2024-02-15 00:00:00+00:00
[2024-09-10T08:22:39.521+0000] {logging_mixin.py:190} WARNING - /home/***/.local/lib/python3.12/site-packages/***/task/task_runner/standard_task_runner.py:70 DeprecationWarning: This process (pid=39792) is multi-threaded, use of fork() may lead to deadlocks in the child.
[2024-09-10T08:22:39.523+0000] {standard_task_runner.py:72} INFO - Started process 39803 to run task
[2024-09-10T08:22:39.522+0000] {standard_task_runner.py:104} INFO - Running: ['***', 'tasks', 'run', 'our_first_dag_V5', 'first_task', 'scheduled__2024-02-15T00:00:00+00:00', '--job-id', '9181', '--raw', '--subdir', 'DAGS_FOLDER/our_first_dag.py', '--cfg-path', '/tmp/tmpck9o0yax']
[2024-09-10T08:22:39.527+0000] {standard_task_runner.py:105} INFO - Job 9181: Subtask first_task
[2024-09-10T08:22:39.671+0000] {task_command.py:467} INFO - Running <TaskInstance: our_first_dag_V5.first_task scheduled__2024-02-15T00:00:00+00:00 [running]> on host 5508ea9ebfaf
[2024-09-10T08:22:39.902+0000] {taskinstance.py:3131} INFO - Exporting env vars: AIRFLOW_CTX_DAG_OWNER='coder2j' AIRFLOW_CTX_DAG_ID='our_first_dag_V5' AIRFLOW_CTX_TASK_ID='first_task' AIRFLOW_CTX_EXECUTION_DATE='2024-02-15T00:00:00+00:00' AIRFLOW_CTX_TRY_NUMBER='1' AIRFLOW_CTX_DAG_RUN_ID='scheduled__2024-02-15T00:00:00+00:00'
[2024-09-10T08:22:39.905+0000] {taskinstance.py:731} INFO - ::endgroup::
[2024-09-10T08:22:39.942+0000] {subprocess.py:63} INFO - Tmp dir root location: /tmp
[2024-09-10T08:22:39.947+0000] {subprocess.py:75} INFO - Running command: ['/usr/bin/bash', '-c', 'echo hello world, this is the first task!']
[2024-09-10T08:22:39.997+0000] {subprocess.py:86} INFO - Output:
[2024-09-10T08:22:40.011+0000] {subprocess.py:93} INFO - hello world, this is the first task!
[2024-09-10T08:22:40.012+0000] {subprocess.py:97} INFO - Command exited with return code 0
[2024-09-10T08:22:40.071+0000] {taskinstance.py:340} INFO - ::group::Post task execution logs
[2024-09-10T08:22:40.073+0000] {taskinstance.py:352} INFO - Marking task as SUCCESS. dag_id=our_first_dag_V5, task_id=first_task, run_id=scheduled__2024-02-15T00:00:00+00:00, execution_date=20240215T000000, start_date=20240910T082239, end_date=20240910T082240
[2024-09-10T08:22:40.194+0000] {local_task_job_runner.py:266} INFO - Task exited with return code 0
[2024-09-10T08:22:40.274+0000] {taskinstance.py:3900} INFO - 2 downstream tasks scheduled from follow-on schedule check
[2024-09-10T08:22:40.298+0000] {local_task_job_runner.py:245} INFO - ::endgroup::
