[2024-09-10T08:21:22.095+0000] {local_task_job_runner.py:123} INFO - ::group::Pre task execution logs
[2024-09-10T08:21:22.121+0000] {taskinstance.py:2612} INFO - Dependencies all met for dep_context=non-requeueable deps ti=<TaskInstance: our_first_dag_V5.first_task scheduled__2023-11-05T00:00:00+00:00 [queued]>
[2024-09-10T08:21:22.136+0000] {taskinstance.py:2612} INFO - Dependencies all met for dep_context=requeueable deps ti=<TaskInstance: our_first_dag_V5.first_task scheduled__2023-11-05T00:00:00+00:00 [queued]>
[2024-09-10T08:21:22.138+0000] {taskinstance.py:2865} INFO - Starting attempt 1 of 6
[2024-09-10T08:21:22.171+0000] {taskinstance.py:2888} INFO - Executing <Task(BashOperator): first_task> on 2023-11-05 00:00:00+00:00
[2024-09-10T08:21:22.181+0000] {logging_mixin.py:190} WARNING - /home/***/.local/lib/python3.12/site-packages/***/task/task_runner/standard_task_runner.py:70 DeprecationWarning: This process (pid=38558) is multi-threaded, use of fork() may lead to deadlocks in the child.
[2024-09-10T08:21:22.183+0000] {standard_task_runner.py:72} INFO - Started process 38565 to run task
[2024-09-10T08:21:22.181+0000] {standard_task_runner.py:104} INFO - Running: ['***', 'tasks', 'run', 'our_first_dag_V5', 'first_task', 'scheduled__2023-11-05T00:00:00+00:00', '--job-id', '8879', '--raw', '--subdir', 'DAGS_FOLDER/our_first_dag.py', '--cfg-path', '/tmp/tmpq7rrk0zf']
[2024-09-10T08:21:22.185+0000] {standard_task_runner.py:105} INFO - Job 8879: Subtask first_task
[2024-09-10T08:21:22.267+0000] {task_command.py:467} INFO - Running <TaskInstance: our_first_dag_V5.first_task scheduled__2023-11-05T00:00:00+00:00 [running]> on host 5508ea9ebfaf
[2024-09-10T08:21:22.504+0000] {taskinstance.py:3131} INFO - Exporting env vars: AIRFLOW_CTX_DAG_OWNER='coder2j' AIRFLOW_CTX_DAG_ID='our_first_dag_V5' AIRFLOW_CTX_TASK_ID='first_task' AIRFLOW_CTX_EXECUTION_DATE='2023-11-05T00:00:00+00:00' AIRFLOW_CTX_TRY_NUMBER='1' AIRFLOW_CTX_DAG_RUN_ID='scheduled__2023-11-05T00:00:00+00:00'
[2024-09-10T08:21:22.506+0000] {taskinstance.py:731} INFO - ::endgroup::
[2024-09-10T08:21:22.540+0000] {subprocess.py:63} INFO - Tmp dir root location: /tmp
[2024-09-10T08:21:22.544+0000] {subprocess.py:75} INFO - Running command: ['/usr/bin/bash', '-c', 'echo hello world, this is the first task!']
[2024-09-10T08:21:22.565+0000] {subprocess.py:86} INFO - Output:
[2024-09-10T08:21:22.568+0000] {subprocess.py:93} INFO - hello world, this is the first task!
[2024-09-10T08:21:22.569+0000] {subprocess.py:97} INFO - Command exited with return code 0
[2024-09-10T08:21:22.618+0000] {taskinstance.py:340} INFO - ::group::Post task execution logs
[2024-09-10T08:21:22.624+0000] {taskinstance.py:352} INFO - Marking task as SUCCESS. dag_id=our_first_dag_V5, task_id=first_task, run_id=scheduled__2023-11-05T00:00:00+00:00, execution_date=20231105T000000, start_date=20240910T082122, end_date=20240910T082122
[2024-09-10T08:21:22.683+0000] {local_task_job_runner.py:266} INFO - Task exited with return code 0
[2024-09-10T08:21:22.727+0000] {taskinstance.py:3900} INFO - 2 downstream tasks scheduled from follow-on schedule check
[2024-09-10T08:21:22.731+0000] {local_task_job_runner.py:245} INFO - ::endgroup::
