[2024-09-12T02:18:30.031+0000] {local_task_job_runner.py:123} INFO - ::group::Pre task execution logs
[2024-09-12T02:18:30.050+0000] {taskinstance.py:2612} INFO - Dependencies all met for dep_context=non-requeueable deps ti=<TaskInstance: dag_with_catchup_backfill_v01.task1 scheduled__2021-11-11T00:00:00+00:00 [queued]>
[2024-09-12T02:18:30.065+0000] {taskinstance.py:2612} INFO - Dependencies all met for dep_context=requeueable deps ti=<TaskInstance: dag_with_catchup_backfill_v01.task1 scheduled__2021-11-11T00:00:00+00:00 [queued]>
[2024-09-12T02:18:30.066+0000] {taskinstance.py:2865} INFO - Starting attempt 1 of 6
[2024-09-12T02:18:30.092+0000] {taskinstance.py:2888} INFO - Executing <Task(BashOperator): task1> on 2021-11-11 00:00:00+00:00
[2024-09-12T02:18:30.099+0000] {logging_mixin.py:190} WARNING - /home/***/.local/lib/python3.12/site-packages/***/task/task_runner/standard_task_runner.py:70 DeprecationWarning: This process (pid=4597) is multi-threaded, use of fork() may lead to deadlocks in the child.
[2024-09-12T02:18:30.099+0000] {standard_task_runner.py:104} INFO - Running: ['***', 'tasks', 'run', 'dag_with_catchup_backfill_v01', 'task1', 'scheduled__2021-11-11T00:00:00+00:00', '--job-id', '19322', '--raw', '--subdir', 'DAGS_FOLDER/dag_with_catchup_and_backfill.py', '--cfg-path', '/tmp/tmp2ujc3wv5']
[2024-09-12T02:18:30.101+0000] {standard_task_runner.py:72} INFO - Started process 4602 to run task
[2024-09-12T02:18:30.101+0000] {standard_task_runner.py:105} INFO - Job 19322: Subtask task1
[2024-09-12T02:18:30.171+0000] {task_command.py:467} INFO - Running <TaskInstance: dag_with_catchup_backfill_v01.task1 scheduled__2021-11-11T00:00:00+00:00 [running]> on host 5508ea9ebfaf
[2024-09-12T02:18:30.307+0000] {taskinstance.py:3131} INFO - Exporting env vars: AIRFLOW_CTX_DAG_OWNER='coder2j' AIRFLOW_CTX_DAG_ID='dag_with_catchup_backfill_v01' AIRFLOW_CTX_TASK_ID='task1' AIRFLOW_CTX_EXECUTION_DATE='2021-11-11T00:00:00+00:00' AIRFLOW_CTX_TRY_NUMBER='1' AIRFLOW_CTX_DAG_RUN_ID='scheduled__2021-11-11T00:00:00+00:00'
[2024-09-12T02:18:30.308+0000] {taskinstance.py:731} INFO - ::endgroup::
[2024-09-12T02:18:30.331+0000] {subprocess.py:63} INFO - Tmp dir root location: /tmp
[2024-09-12T02:18:30.333+0000] {subprocess.py:75} INFO - Running command: ['/usr/bin/bash', '-c', 'echo This is a simple bash command!']
[2024-09-12T02:18:30.350+0000] {subprocess.py:86} INFO - Output:
[2024-09-12T02:18:30.351+0000] {subprocess.py:93} INFO - This is a simple bash command!
[2024-09-12T02:18:30.364+0000] {subprocess.py:97} INFO - Command exited with return code 0
[2024-09-12T02:18:30.408+0000] {taskinstance.py:340} INFO - ::group::Post task execution logs
[2024-09-12T02:18:30.408+0000] {taskinstance.py:352} INFO - Marking task as SUCCESS. dag_id=dag_with_catchup_backfill_v01, task_id=task1, run_id=scheduled__2021-11-11T00:00:00+00:00, execution_date=20211111T000000, start_date=20240912T021830, end_date=20240912T021830
[2024-09-12T02:18:30.524+0000] {local_task_job_runner.py:266} INFO - Task exited with return code 0
[2024-09-12T02:18:30.547+0000] {taskinstance.py:3900} INFO - 0 downstream tasks scheduled from follow-on schedule check
[2024-09-12T02:18:30.568+0000] {local_task_job_runner.py:245} INFO - ::endgroup::
