[2024-09-10T08:17:50.261+0000] {local_task_job_runner.py:123} INFO - ::group::Pre task execution logs
[2024-09-10T08:17:50.312+0000] {taskinstance.py:2612} INFO - Dependencies all met for dep_context=non-requeueable deps ti=<TaskInstance: our_first_dag_V5.second_task scheduled__2023-01-27T00:00:00+00:00 [queued]>
[2024-09-10T08:17:50.336+0000] {taskinstance.py:2612} INFO - Dependencies all met for dep_context=requeueable deps ti=<TaskInstance: our_first_dag_V5.second_task scheduled__2023-01-27T00:00:00+00:00 [queued]>
[2024-09-10T08:17:50.338+0000] {taskinstance.py:2865} INFO - Starting attempt 1 of 6
[2024-09-10T08:17:50.372+0000] {taskinstance.py:2888} INFO - Executing <Task(BashOperator): second_task> on 2023-01-27 00:00:00+00:00
[2024-09-10T08:17:50.388+0000] {logging_mixin.py:190} WARNING - /home/***/.local/lib/python3.12/site-packages/***/task/task_runner/standard_task_runner.py:70 DeprecationWarning: This process (pid=35118) is multi-threaded, use of fork() may lead to deadlocks in the child.
[2024-09-10T08:17:50.390+0000] {standard_task_runner.py:72} INFO - Started process 35131 to run task
[2024-09-10T08:17:50.399+0000] {standard_task_runner.py:104} INFO - Running: ['***', 'tasks', 'run', 'our_first_dag_V5', 'second_task', 'scheduled__2023-01-27T00:00:00+00:00', '--job-id', '8040', '--raw', '--subdir', 'DAGS_FOLDER/our_first_dag.py', '--cfg-path', '/tmp/tmp4t_fjqh7']
[2024-09-10T08:17:50.404+0000] {standard_task_runner.py:105} INFO - Job 8040: Subtask second_task
[2024-09-10T08:17:50.521+0000] {task_command.py:467} INFO - Running <TaskInstance: our_first_dag_V5.second_task scheduled__2023-01-27T00:00:00+00:00 [running]> on host 5508ea9ebfaf
[2024-09-10T08:17:50.760+0000] {taskinstance.py:3131} INFO - Exporting env vars: AIRFLOW_CTX_DAG_OWNER='coder2j' AIRFLOW_CTX_DAG_ID='our_first_dag_V5' AIRFLOW_CTX_TASK_ID='second_task' AIRFLOW_CTX_EXECUTION_DATE='2023-01-27T00:00:00+00:00' AIRFLOW_CTX_TRY_NUMBER='1' AIRFLOW_CTX_DAG_RUN_ID='scheduled__2023-01-27T00:00:00+00:00'
[2024-09-10T08:17:50.767+0000] {taskinstance.py:731} INFO - ::endgroup::
[2024-09-10T08:17:50.804+0000] {subprocess.py:63} INFO - Tmp dir root location: /tmp
[2024-09-10T08:17:50.813+0000] {subprocess.py:75} INFO - Running command: ['/usr/bin/bash', '-c', 'echo hey, this is the second task!']
[2024-09-10T08:17:50.832+0000] {subprocess.py:86} INFO - Output:
[2024-09-10T08:17:50.835+0000] {subprocess.py:93} INFO - hey, this is the second task!
[2024-09-10T08:17:50.836+0000] {subprocess.py:97} INFO - Command exited with return code 0
[2024-09-10T08:17:50.890+0000] {taskinstance.py:340} INFO - ::group::Post task execution logs
[2024-09-10T08:17:50.895+0000] {taskinstance.py:352} INFO - Marking task as SUCCESS. dag_id=our_first_dag_V5, task_id=second_task, run_id=scheduled__2023-01-27T00:00:00+00:00, execution_date=20230127T000000, start_date=20240910T081750, end_date=20240910T081750
[2024-09-10T08:17:51.020+0000] {local_task_job_runner.py:266} INFO - Task exited with return code 0
[2024-09-10T08:17:51.045+0000] {local_task_job_runner.py:245} INFO - ::endgroup::
