[2024-09-12T02:17:52.384+0000] {local_task_job_runner.py:123} INFO - ::group::Pre task execution logs
[2024-09-12T02:17:52.446+0000] {taskinstance.py:2612} INFO - Dependencies all met for dep_context=non-requeueable deps ti=<TaskInstance: dag_with_catchup_backfill_v01.task1 scheduled__2021-09-21T00:00:00+00:00 [queued]>
[2024-09-12T02:17:52.488+0000] {taskinstance.py:2612} INFO - Dependencies all met for dep_context=requeueable deps ti=<TaskInstance: dag_with_catchup_backfill_v01.task1 scheduled__2021-09-21T00:00:00+00:00 [queued]>
[2024-09-12T02:17:52.489+0000] {taskinstance.py:2865} INFO - Starting attempt 1 of 6
[2024-09-12T02:17:52.536+0000] {taskinstance.py:2888} INFO - Executing <Task(BashOperator): task1> on 2021-09-21 00:00:00+00:00
[2024-09-12T02:17:52.556+0000] {logging_mixin.py:190} WARNING - /home/***/.local/lib/python3.12/site-packages/***/task/task_runner/standard_task_runner.py:70 DeprecationWarning: This process (pid=3812) is multi-threaded, use of fork() may lead to deadlocks in the child.
[2024-09-12T02:17:52.559+0000] {standard_task_runner.py:72} INFO - Started process 3826 to run task
[2024-09-12T02:17:52.558+0000] {standard_task_runner.py:104} INFO - Running: ['***', 'tasks', 'run', 'dag_with_catchup_backfill_v01', 'task1', 'scheduled__2021-09-21T00:00:00+00:00', '--job-id', '19134', '--raw', '--subdir', 'DAGS_FOLDER/dag_with_catchup_and_backfill.py', '--cfg-path', '/tmp/tmpc6gyxexw']
[2024-09-12T02:17:52.564+0000] {standard_task_runner.py:105} INFO - Job 19134: Subtask task1
[2024-09-12T02:17:52.703+0000] {task_command.py:467} INFO - Running <TaskInstance: dag_with_catchup_backfill_v01.task1 scheduled__2021-09-21T00:00:00+00:00 [running]> on host 5508ea9ebfaf
[2024-09-12T02:17:52.985+0000] {taskinstance.py:3131} INFO - Exporting env vars: AIRFLOW_CTX_DAG_OWNER='coder2j' AIRFLOW_CTX_DAG_ID='dag_with_catchup_backfill_v01' AIRFLOW_CTX_TASK_ID='task1' AIRFLOW_CTX_EXECUTION_DATE='2021-09-21T00:00:00+00:00' AIRFLOW_CTX_TRY_NUMBER='1' AIRFLOW_CTX_DAG_RUN_ID='scheduled__2021-09-21T00:00:00+00:00'
[2024-09-12T02:17:52.986+0000] {taskinstance.py:731} INFO - ::endgroup::
[2024-09-12T02:17:53.114+0000] {subprocess.py:63} INFO - Tmp dir root location: /tmp
[2024-09-12T02:17:53.121+0000] {subprocess.py:75} INFO - Running command: ['/usr/bin/bash', '-c', 'echo This is a simple bash command!']
[2024-09-12T02:17:53.163+0000] {subprocess.py:86} INFO - Output:
[2024-09-12T02:17:53.165+0000] {subprocess.py:93} INFO - This is a simple bash command!
[2024-09-12T02:17:53.165+0000] {subprocess.py:97} INFO - Command exited with return code 0
[2024-09-12T02:17:53.239+0000] {taskinstance.py:340} INFO - ::group::Post task execution logs
[2024-09-12T02:17:53.241+0000] {taskinstance.py:352} INFO - Marking task as SUCCESS. dag_id=dag_with_catchup_backfill_v01, task_id=task1, run_id=scheduled__2021-09-21T00:00:00+00:00, execution_date=20210921T000000, start_date=20240912T021752, end_date=20240912T021753
[2024-09-12T02:17:53.314+0000] {local_task_job_runner.py:266} INFO - Task exited with return code 0
[2024-09-12T02:17:53.358+0000] {taskinstance.py:3900} INFO - 0 downstream tasks scheduled from follow-on schedule check
[2024-09-12T02:17:53.362+0000] {local_task_job_runner.py:245} INFO - ::endgroup::
