[2024-09-10T07:30:06.819+0000] {local_task_job_runner.py:123} INFO - ::group::Pre task execution logs
[2024-09-10T07:30:06.834+0000] {taskinstance.py:2612} INFO - Dependencies all met for dep_context=non-requeueable deps ti=<TaskInstance: our_first_dag_V3.third_task scheduled__2022-12-09T00:00:00+00:00 [queued]>
[2024-09-10T07:30:06.846+0000] {taskinstance.py:2612} INFO - Dependencies all met for dep_context=requeueable deps ti=<TaskInstance: our_first_dag_V3.third_task scheduled__2022-12-09T00:00:00+00:00 [queued]>
[2024-09-10T07:30:06.847+0000] {taskinstance.py:2865} INFO - Starting attempt 1 of 6
[2024-09-10T07:30:06.866+0000] {taskinstance.py:2888} INFO - Executing <Task(BashOperator): third_task> on 2022-12-09 00:00:00+00:00
[2024-09-10T07:30:06.872+0000] {logging_mixin.py:190} WARNING - /home/***/.local/lib/python3.12/site-packages/***/task/task_runner/standard_task_runner.py:70 DeprecationWarning: This process (pid=17700) is multi-threaded, use of fork() may lead to deadlocks in the child.
[2024-09-10T07:30:06.874+0000] {standard_task_runner.py:72} INFO - Started process 17704 to run task
[2024-09-10T07:30:06.873+0000] {standard_task_runner.py:104} INFO - Running: ['***', 'tasks', 'run', 'our_first_dag_V3', 'third_task', 'scheduled__2022-12-09T00:00:00+00:00', '--job-id', '3948', '--raw', '--subdir', 'DAGS_FOLDER/our_first_dag.py', '--cfg-path', '/tmp/tmpwt3_u2cm']
[2024-09-10T07:30:06.876+0000] {standard_task_runner.py:105} INFO - Job 3948: Subtask third_task
[2024-09-10T07:30:06.937+0000] {task_command.py:467} INFO - Running <TaskInstance: our_first_dag_V3.third_task scheduled__2022-12-09T00:00:00+00:00 [running]> on host 5508ea9ebfaf
[2024-09-10T07:30:07.053+0000] {taskinstance.py:3131} INFO - Exporting env vars: AIRFLOW_CTX_DAG_OWNER='coder2j' AIRFLOW_CTX_DAG_ID='our_first_dag_V3' AIRFLOW_CTX_TASK_ID='third_task' AIRFLOW_CTX_EXECUTION_DATE='2022-12-09T00:00:00+00:00' AIRFLOW_CTX_TRY_NUMBER='1' AIRFLOW_CTX_DAG_RUN_ID='scheduled__2022-12-09T00:00:00+00:00'
[2024-09-10T07:30:07.054+0000] {taskinstance.py:731} INFO - ::endgroup::
[2024-09-10T07:30:07.073+0000] {subprocess.py:63} INFO - Tmp dir root location: /tmp
[2024-09-10T07:30:07.074+0000] {subprocess.py:75} INFO - Running command: ['/usr/bin/bash', '-c', 'echo hey, this is the third task!']
[2024-09-10T07:30:07.096+0000] {subprocess.py:86} INFO - Output:
[2024-09-10T07:30:07.097+0000] {subprocess.py:93} INFO - hey, this is the third task!
[2024-09-10T07:30:07.098+0000] {subprocess.py:97} INFO - Command exited with return code 0
[2024-09-10T07:30:07.130+0000] {taskinstance.py:340} INFO - ::group::Post task execution logs
[2024-09-10T07:30:07.130+0000] {taskinstance.py:352} INFO - Marking task as SUCCESS. dag_id=our_first_dag_V3, task_id=third_task, run_id=scheduled__2022-12-09T00:00:00+00:00, execution_date=20221209T000000, start_date=20240910T073006, end_date=20240910T073007
[2024-09-10T07:30:07.170+0000] {local_task_job_runner.py:266} INFO - Task exited with return code 0
[2024-09-10T07:30:07.190+0000] {taskinstance.py:3900} INFO - 0 downstream tasks scheduled from follow-on schedule check
[2024-09-10T07:30:07.198+0000] {local_task_job_runner.py:245} INFO - ::endgroup::
