[2024-09-26T06:41:24.626+0000] {local_task_job_runner.py:123} INFO - ::group::Pre task execution logs
[2024-09-26T06:41:24.646+0000] {taskinstance.py:2612} INFO - Dependencies all met for dep_context=non-requeueable deps ti=<TaskInstance: dag_with_postgres_hooks_v01.postgres_to_s3 manual__2024-09-26T06:39:54.293939+00:00 [queued]>
[2024-09-26T06:41:24.653+0000] {taskinstance.py:2612} INFO - Dependencies all met for dep_context=requeueable deps ti=<TaskInstance: dag_with_postgres_hooks_v01.postgres_to_s3 manual__2024-09-26T06:39:54.293939+00:00 [queued]>
[2024-09-26T06:41:24.654+0000] {taskinstance.py:2865} INFO - Starting attempt 2 of 7
[2024-09-26T06:41:24.670+0000] {taskinstance.py:2888} INFO - Executing <Task(PythonOperator): postgres_to_s3> on 2024-09-26 06:39:54.293939+00:00
[2024-09-26T06:41:24.680+0000] {standard_task_runner.py:104} INFO - Running: ['***', 'tasks', 'run', 'dag_with_postgres_hooks_v01', 'postgres_to_s3', 'manual__2024-09-26T06:39:54.293939+00:00', '--job-id', '22747', '--raw', '--subdir', 'DAGS_FOLDER/dag_with_postgres_hooks.py', '--cfg-path', '/tmp/tmpwzyr56lc']
[2024-09-26T06:41:24.682+0000] {standard_task_runner.py:105} INFO - Job 22747: Subtask postgres_to_s3
[2024-09-26T06:41:24.685+0000] {logging_mixin.py:190} WARNING - /home/***/.local/lib/python3.12/site-packages/***/task/task_runner/standard_task_runner.py:70 DeprecationWarning: This process (pid=2358) is multi-threaded, use of fork() may lead to deadlocks in the child.
[2024-09-26T06:41:24.686+0000] {standard_task_runner.py:72} INFO - Started process 2359 to run task
[2024-09-26T06:41:24.738+0000] {task_command.py:467} INFO - Running <TaskInstance: dag_with_postgres_hooks_v01.postgres_to_s3 manual__2024-09-26T06:39:54.293939+00:00 [running]> on host ced43fa3e256
[2024-09-26T06:41:24.831+0000] {taskinstance.py:3131} INFO - Exporting env vars: AIRFLOW_CTX_DAG_OWNER='coder2j' AIRFLOW_CTX_DAG_ID='dag_with_postgres_hooks_v01' AIRFLOW_CTX_TASK_ID='postgres_to_s3' AIRFLOW_CTX_EXECUTION_DATE='2024-09-26T06:39:54.293939+00:00' AIRFLOW_CTX_TRY_NUMBER='2' AIRFLOW_CTX_DAG_RUN_ID='manual__2024-09-26T06:39:54.293939+00:00'
[2024-09-26T06:41:24.833+0000] {taskinstance.py:731} INFO - ::endgroup::
[2024-09-26T06:41:24.850+0000] {base.py:84} INFO - Retrieving connection 'postgres_localhost'
[2024-09-26T06:41:24.917+0000] {dag_with_postgres_hooks.py:26} INFO - Saved orders data in text file get_orders.txt
[2024-09-26T06:41:24.917+0000] {python.py:240} INFO - Done. Returned value was: None
[2024-09-26T06:41:24.925+0000] {taskinstance.py:340} INFO - ::group::Post task execution logs
[2024-09-26T06:41:24.926+0000] {taskinstance.py:352} INFO - Marking task as SUCCESS. dag_id=dag_with_postgres_hooks_v01, task_id=postgres_to_s3, run_id=manual__2024-09-26T06:39:54.293939+00:00, execution_date=20240926T063954, start_date=20240926T064124, end_date=20240926T064124
[2024-09-26T06:41:24.983+0000] {local_task_job_runner.py:266} INFO - Task exited with return code 0
[2024-09-26T06:41:24.996+0000] {taskinstance.py:3900} INFO - 0 downstream tasks scheduled from follow-on schedule check
[2024-09-26T06:41:25.001+0000] {local_task_job_runner.py:245} INFO - ::endgroup::
