[2024-09-23T01:35:35.481+0000] {local_task_job_runner.py:123} INFO - ::group::Pre task execution logs
[2024-09-23T01:35:35.623+0000] {taskinstance.py:2612} INFO - Dependencies all met for dep_context=non-requeueable deps ti=<TaskInstance: our_first_dag_V6.first_task scheduled__2024-09-20T00:00:00+00:00 [queued]>
[2024-09-23T01:35:35.717+0000] {taskinstance.py:2612} INFO - Dependencies all met for dep_context=requeueable deps ti=<TaskInstance: our_first_dag_V6.first_task scheduled__2024-09-20T00:00:00+00:00 [queued]>
[2024-09-23T01:35:35.723+0000] {taskinstance.py:2865} INFO - Starting attempt 1 of 6
[2024-09-23T01:35:36.175+0000] {taskinstance.py:2888} INFO - Executing <Task(BashOperator): first_task> on 2024-09-20 00:00:00+00:00
[2024-09-23T01:35:36.269+0000] {standard_task_runner.py:104} INFO - Running: ['***', 'tasks', 'run', 'our_first_dag_V6', 'first_task', 'scheduled__2024-09-20T00:00:00+00:00', '--job-id', '22625', '--raw', '--subdir', 'DAGS_FOLDER/our_first_dag.py', '--cfg-path', '/tmp/tmpseqekg06']
[2024-09-23T01:35:36.272+0000] {standard_task_runner.py:105} INFO - Job 22625: Subtask first_task
[2024-09-23T01:35:36.354+0000] {logging_mixin.py:190} WARNING - /home/***/.local/lib/python3.12/site-packages/***/task/task_runner/standard_task_runner.py:70 DeprecationWarning: This process (pid=186) is multi-threaded, use of fork() may lead to deadlocks in the child.
[2024-09-23T01:35:36.363+0000] {standard_task_runner.py:72} INFO - Started process 208 to run task
[2024-09-23T01:35:38.220+0000] {task_command.py:467} INFO - Running <TaskInstance: our_first_dag_V6.first_task scheduled__2024-09-20T00:00:00+00:00 [running]> on host ced43fa3e256
[2024-09-23T01:35:41.724+0000] {taskinstance.py:3131} INFO - Exporting env vars: AIRFLOW_CTX_DAG_OWNER='acap' AIRFLOW_CTX_DAG_ID='our_first_dag_V6' AIRFLOW_CTX_TASK_ID='first_task' AIRFLOW_CTX_EXECUTION_DATE='2024-09-20T00:00:00+00:00' AIRFLOW_CTX_TRY_NUMBER='1' AIRFLOW_CTX_DAG_RUN_ID='scheduled__2024-09-20T00:00:00+00:00'
[2024-09-23T01:35:41.742+0000] {taskinstance.py:731} INFO - ::endgroup::
[2024-09-23T01:35:42.982+0000] {subprocess.py:63} INFO - Tmp dir root location: /tmp
[2024-09-23T01:35:43.090+0000] {subprocess.py:75} INFO - Running command: ['/usr/bin/bash', '-c', 'echo hello world, this is the first task!']
[2024-09-23T01:35:43.224+0000] {subprocess.py:86} INFO - Output:
[2024-09-23T01:35:43.287+0000] {subprocess.py:93} INFO - hello world, this is the first task!
[2024-09-23T01:35:43.298+0000] {subprocess.py:97} INFO - Command exited with return code 0
[2024-09-23T01:35:43.881+0000] {taskinstance.py:340} INFO - ::group::Post task execution logs
[2024-09-23T01:35:43.899+0000] {taskinstance.py:352} INFO - Marking task as SUCCESS. dag_id=our_first_dag_V6, task_id=first_task, run_id=scheduled__2024-09-20T00:00:00+00:00, execution_date=20240920T000000, start_date=20240923T013535, end_date=20240923T013543
[2024-09-23T01:35:45.094+0000] {local_task_job_runner.py:266} INFO - Task exited with return code 0
[2024-09-23T01:35:45.357+0000] {taskinstance.py:3900} INFO - 2 downstream tasks scheduled from follow-on schedule check
[2024-09-23T01:35:46.371+0000] {local_task_job_runner.py:245} INFO - ::endgroup::
[2024-09-23T01:35:46.410+0000] {standard_task_runner.py:217} INFO - Process not found (most likely exited), stop collecting metrics
