[2024-09-10T08:23:34.646+0000] {local_task_job_runner.py:123} INFO - ::group::Pre task execution logs
[2024-09-10T08:23:34.710+0000] {taskinstance.py:2612} INFO - Dependencies all met for dep_context=non-requeueable deps ti=<TaskInstance: our_first_dag_V5.second_task scheduled__2024-04-23T00:00:00+00:00 [queued]>
[2024-09-10T08:23:34.776+0000] {taskinstance.py:2612} INFO - Dependencies all met for dep_context=requeueable deps ti=<TaskInstance: our_first_dag_V5.second_task scheduled__2024-04-23T00:00:00+00:00 [queued]>
[2024-09-10T08:23:34.788+0000] {taskinstance.py:2865} INFO - Starting attempt 1 of 6
[2024-09-10T08:23:34.868+0000] {taskinstance.py:2888} INFO - Executing <Task(BashOperator): second_task> on 2024-04-23 00:00:00+00:00
[2024-09-10T08:23:34.903+0000] {logging_mixin.py:190} WARNING - /home/***/.local/lib/python3.12/site-packages/***/task/task_runner/standard_task_runner.py:70 DeprecationWarning: This process (pid=40675) is multi-threaded, use of fork() may lead to deadlocks in the child.
[2024-09-10T08:23:34.905+0000] {standard_task_runner.py:72} INFO - Started process 40700 to run task
[2024-09-10T08:23:34.903+0000] {standard_task_runner.py:104} INFO - Running: ['***', 'tasks', 'run', 'our_first_dag_V5', 'second_task', 'scheduled__2024-04-23T00:00:00+00:00', '--job-id', '9400', '--raw', '--subdir', 'DAGS_FOLDER/our_first_dag.py', '--cfg-path', '/tmp/tmpqp_2aik_']
[2024-09-10T08:23:34.910+0000] {standard_task_runner.py:105} INFO - Job 9400: Subtask second_task
[2024-09-10T08:23:35.149+0000] {task_command.py:467} INFO - Running <TaskInstance: our_first_dag_V5.second_task scheduled__2024-04-23T00:00:00+00:00 [running]> on host 5508ea9ebfaf
[2024-09-10T08:23:35.462+0000] {taskinstance.py:3131} INFO - Exporting env vars: AIRFLOW_CTX_DAG_OWNER='coder2j' AIRFLOW_CTX_DAG_ID='our_first_dag_V5' AIRFLOW_CTX_TASK_ID='second_task' AIRFLOW_CTX_EXECUTION_DATE='2024-04-23T00:00:00+00:00' AIRFLOW_CTX_TRY_NUMBER='1' AIRFLOW_CTX_DAG_RUN_ID='scheduled__2024-04-23T00:00:00+00:00'
[2024-09-10T08:23:35.474+0000] {taskinstance.py:731} INFO - ::endgroup::
[2024-09-10T08:23:35.536+0000] {subprocess.py:63} INFO - Tmp dir root location: /tmp
[2024-09-10T08:23:35.540+0000] {subprocess.py:75} INFO - Running command: ['/usr/bin/bash', '-c', 'echo hey, this is the second task!']
[2024-09-10T08:23:35.586+0000] {subprocess.py:86} INFO - Output:
[2024-09-10T08:23:35.591+0000] {subprocess.py:93} INFO - hey, this is the second task!
[2024-09-10T08:23:35.602+0000] {subprocess.py:97} INFO - Command exited with return code 0
[2024-09-10T08:23:35.724+0000] {taskinstance.py:340} INFO - ::group::Post task execution logs
[2024-09-10T08:23:35.728+0000] {taskinstance.py:352} INFO - Marking task as SUCCESS. dag_id=our_first_dag_V5, task_id=second_task, run_id=scheduled__2024-04-23T00:00:00+00:00, execution_date=20240423T000000, start_date=20240910T082334, end_date=20240910T082335
[2024-09-10T08:23:35.841+0000] {local_task_job_runner.py:266} INFO - Task exited with return code 0
[2024-09-10T08:23:35.865+0000] {local_task_job_runner.py:245} INFO - ::endgroup::
