[2024-09-10T07:25:36.399+0000] {local_task_job_runner.py:123} INFO - ::group::Pre task execution logs
[2024-09-10T07:25:36.437+0000] {taskinstance.py:2612} INFO - Dependencies all met for dep_context=non-requeueable deps ti=<TaskInstance: our_first_dag_V3.second_task scheduled__2021-11-18T00:00:00+00:00 [queued]>
[2024-09-10T07:25:36.459+0000] {taskinstance.py:2612} INFO - Dependencies all met for dep_context=requeueable deps ti=<TaskInstance: our_first_dag_V3.second_task scheduled__2021-11-18T00:00:00+00:00 [queued]>
[2024-09-10T07:25:36.461+0000] {taskinstance.py:2865} INFO - Starting attempt 1 of 6
[2024-09-10T07:25:36.563+0000] {taskinstance.py:2888} INFO - Executing <Task(BashOperator): second_task> on 2021-11-18 00:00:00+00:00
[2024-09-10T07:25:36.579+0000] {logging_mixin.py:190} WARNING - /home/***/.local/lib/python3.12/site-packages/***/task/task_runner/standard_task_runner.py:70 DeprecationWarning: This process (pid=12984) is multi-threaded, use of fork() may lead to deadlocks in the child.
[2024-09-10T07:25:36.584+0000] {standard_task_runner.py:72} INFO - Started process 12995 to run task
[2024-09-10T07:25:36.593+0000] {standard_task_runner.py:104} INFO - Running: ['***', 'tasks', 'run', 'our_first_dag_V3', 'second_task', 'scheduled__2021-11-18T00:00:00+00:00', '--job-id', '2796', '--raw', '--subdir', 'DAGS_FOLDER/our_first_dag.py', '--cfg-path', '/tmp/tmpa_15af4g']
[2024-09-10T07:25:36.597+0000] {standard_task_runner.py:105} INFO - Job 2796: Subtask second_task
[2024-09-10T07:25:36.824+0000] {task_command.py:467} INFO - Running <TaskInstance: our_first_dag_V3.second_task scheduled__2021-11-18T00:00:00+00:00 [running]> on host 5508ea9ebfaf
[2024-09-10T07:25:37.191+0000] {taskinstance.py:3131} INFO - Exporting env vars: AIRFLOW_CTX_DAG_OWNER='coder2j' AIRFLOW_CTX_DAG_ID='our_first_dag_V3' AIRFLOW_CTX_TASK_ID='second_task' AIRFLOW_CTX_EXECUTION_DATE='2021-11-18T00:00:00+00:00' AIRFLOW_CTX_TRY_NUMBER='1' AIRFLOW_CTX_DAG_RUN_ID='scheduled__2021-11-18T00:00:00+00:00'
[2024-09-10T07:25:37.208+0000] {taskinstance.py:731} INFO - ::endgroup::
[2024-09-10T07:25:37.295+0000] {subprocess.py:63} INFO - Tmp dir root location: /tmp
[2024-09-10T07:25:37.310+0000] {subprocess.py:75} INFO - Running command: ['/usr/bin/bash', '-c', 'echo hey, this is the second task!']
[2024-09-10T07:25:37.408+0000] {subprocess.py:86} INFO - Output:
[2024-09-10T07:25:37.442+0000] {subprocess.py:93} INFO - hey, this is the second task!
[2024-09-10T07:25:37.451+0000] {subprocess.py:97} INFO - Command exited with return code 0
[2024-09-10T07:25:37.557+0000] {taskinstance.py:340} INFO - ::group::Post task execution logs
[2024-09-10T07:25:37.558+0000] {taskinstance.py:352} INFO - Marking task as SUCCESS. dag_id=our_first_dag_V3, task_id=second_task, run_id=scheduled__2021-11-18T00:00:00+00:00, execution_date=20211118T000000, start_date=20240910T072536, end_date=20240910T072537
[2024-09-10T07:25:37.649+0000] {local_task_job_runner.py:266} INFO - Task exited with return code 0
[2024-09-10T07:25:37.708+0000] {local_task_job_runner.py:245} INFO - ::endgroup::
