[2024-09-12T02:22:53.592+0000] {local_task_job_runner.py:123} INFO - ::group::Pre task execution logs
[2024-09-12T02:22:53.621+0000] {taskinstance.py:2612} INFO - Dependencies all met for dep_context=non-requeueable deps ti=<TaskInstance: our_first_dag_V6.first_task scheduled__2023-06-29T00:00:00+00:00 [queued]>
[2024-09-12T02:22:53.633+0000] {taskinstance.py:2612} INFO - Dependencies all met for dep_context=requeueable deps ti=<TaskInstance: our_first_dag_V6.first_task scheduled__2023-06-29T00:00:00+00:00 [queued]>
[2024-09-12T02:22:53.634+0000] {taskinstance.py:2865} INFO - Starting attempt 1 of 6
[2024-09-12T02:22:53.679+0000] {taskinstance.py:2888} INFO - Executing <Task(BashOperator): first_task> on 2023-06-29 00:00:00+00:00
[2024-09-12T02:22:53.695+0000] {standard_task_runner.py:104} INFO - Running: ['***', 'tasks', 'run', 'our_first_dag_V6', 'first_task', 'scheduled__2023-06-29T00:00:00+00:00', '--job-id', '20531', '--raw', '--subdir', 'DAGS_FOLDER/our_first_dag.py', '--cfg-path', '/tmp/tmpmg21338p']
[2024-09-12T02:22:53.696+0000] {logging_mixin.py:190} WARNING - /home/***/.local/lib/python3.12/site-packages/***/task/task_runner/standard_task_runner.py:70 DeprecationWarning: This process (pid=9674) is multi-threaded, use of fork() may lead to deadlocks in the child.
[2024-09-12T02:22:53.700+0000] {standard_task_runner.py:105} INFO - Job 20531: Subtask first_task
[2024-09-12T02:22:53.700+0000] {standard_task_runner.py:72} INFO - Started process 9688 to run task
[2024-09-12T02:22:53.784+0000] {task_command.py:467} INFO - Running <TaskInstance: our_first_dag_V6.first_task scheduled__2023-06-29T00:00:00+00:00 [running]> on host 5508ea9ebfaf
[2024-09-12T02:22:53.961+0000] {taskinstance.py:3131} INFO - Exporting env vars: AIRFLOW_CTX_DAG_OWNER='acap' AIRFLOW_CTX_DAG_ID='our_first_dag_V6' AIRFLOW_CTX_TASK_ID='first_task' AIRFLOW_CTX_EXECUTION_DATE='2023-06-29T00:00:00+00:00' AIRFLOW_CTX_TRY_NUMBER='1' AIRFLOW_CTX_DAG_RUN_ID='scheduled__2023-06-29T00:00:00+00:00'
[2024-09-12T02:22:53.970+0000] {taskinstance.py:731} INFO - ::endgroup::
[2024-09-12T02:22:54.001+0000] {subprocess.py:63} INFO - Tmp dir root location: /tmp
[2024-09-12T02:22:54.003+0000] {subprocess.py:75} INFO - Running command: ['/usr/bin/bash', '-c', 'echo hello world, this is the first task!']
[2024-09-12T02:22:54.014+0000] {subprocess.py:86} INFO - Output:
[2024-09-12T02:22:54.016+0000] {subprocess.py:93} INFO - hello world, this is the first task!
[2024-09-12T02:22:54.017+0000] {subprocess.py:97} INFO - Command exited with return code 0
[2024-09-12T02:22:54.055+0000] {taskinstance.py:340} INFO - ::group::Post task execution logs
[2024-09-12T02:22:54.064+0000] {taskinstance.py:352} INFO - Marking task as SUCCESS. dag_id=our_first_dag_V6, task_id=first_task, run_id=scheduled__2023-06-29T00:00:00+00:00, execution_date=20230629T000000, start_date=20240912T022253, end_date=20240912T022254
[2024-09-12T02:22:54.163+0000] {local_task_job_runner.py:266} INFO - Task exited with return code 0
[2024-09-12T02:22:54.174+0000] {local_task_job_runner.py:245} INFO - ::endgroup::
