[2024-09-12T02:19:26.341+0000] {local_task_job_runner.py:123} INFO - ::group::Pre task execution logs
[2024-09-12T02:19:26.360+0000] {taskinstance.py:2612} INFO - Dependencies all met for dep_context=non-requeueable deps ti=<TaskInstance: our_first_dag_V6.first_task scheduled__2022-08-23T00:00:00+00:00 [queued]>
[2024-09-12T02:19:26.368+0000] {taskinstance.py:2612} INFO - Dependencies all met for dep_context=requeueable deps ti=<TaskInstance: our_first_dag_V6.first_task scheduled__2022-08-23T00:00:00+00:00 [queued]>
[2024-09-12T02:19:26.370+0000] {taskinstance.py:2865} INFO - Starting attempt 1 of 6
[2024-09-12T02:19:26.388+0000] {taskinstance.py:2888} INFO - Executing <Task(BashOperator): first_task> on 2022-08-23 00:00:00+00:00
[2024-09-12T02:19:26.395+0000] {logging_mixin.py:190} WARNING - /home/***/.local/lib/python3.12/site-packages/***/task/task_runner/standard_task_runner.py:70 DeprecationWarning: This process (pid=5777) is multi-threaded, use of fork() may lead to deadlocks in the child.
[2024-09-12T02:19:26.396+0000] {standard_task_runner.py:104} INFO - Running: ['***', 'tasks', 'run', 'our_first_dag_V6', 'first_task', 'scheduled__2022-08-23T00:00:00+00:00', '--job-id', '19604', '--raw', '--subdir', 'DAGS_FOLDER/our_first_dag.py', '--cfg-path', '/tmp/tmp4vo5s9vz']
[2024-09-12T02:19:26.401+0000] {standard_task_runner.py:72} INFO - Started process 5784 to run task
[2024-09-12T02:19:26.401+0000] {standard_task_runner.py:105} INFO - Job 19604: Subtask first_task
[2024-09-12T02:19:26.455+0000] {task_command.py:467} INFO - Running <TaskInstance: our_first_dag_V6.first_task scheduled__2022-08-23T00:00:00+00:00 [running]> on host 5508ea9ebfaf
[2024-09-12T02:19:26.579+0000] {taskinstance.py:3131} INFO - Exporting env vars: AIRFLOW_CTX_DAG_OWNER='acap' AIRFLOW_CTX_DAG_ID='our_first_dag_V6' AIRFLOW_CTX_TASK_ID='first_task' AIRFLOW_CTX_EXECUTION_DATE='2022-08-23T00:00:00+00:00' AIRFLOW_CTX_TRY_NUMBER='1' AIRFLOW_CTX_DAG_RUN_ID='scheduled__2022-08-23T00:00:00+00:00'
[2024-09-12T02:19:26.580+0000] {taskinstance.py:731} INFO - ::endgroup::
[2024-09-12T02:19:26.603+0000] {subprocess.py:63} INFO - Tmp dir root location: /tmp
[2024-09-12T02:19:26.605+0000] {subprocess.py:75} INFO - Running command: ['/usr/bin/bash', '-c', 'echo hello world, this is the first task!']
[2024-09-12T02:19:26.616+0000] {subprocess.py:86} INFO - Output:
[2024-09-12T02:19:26.619+0000] {subprocess.py:93} INFO - hello world, this is the first task!
[2024-09-12T02:19:26.620+0000] {subprocess.py:97} INFO - Command exited with return code 0
[2024-09-12T02:19:26.657+0000] {taskinstance.py:340} INFO - ::group::Post task execution logs
[2024-09-12T02:19:26.658+0000] {taskinstance.py:352} INFO - Marking task as SUCCESS. dag_id=our_first_dag_V6, task_id=first_task, run_id=scheduled__2022-08-23T00:00:00+00:00, execution_date=20220823T000000, start_date=20240912T021926, end_date=20240912T021926
[2024-09-12T02:19:26.698+0000] {local_task_job_runner.py:266} INFO - Task exited with return code 0
[2024-09-12T02:19:26.734+0000] {taskinstance.py:3900} INFO - 2 downstream tasks scheduled from follow-on schedule check
[2024-09-12T02:19:26.743+0000] {local_task_job_runner.py:245} INFO - ::endgroup::
