[2024-09-12T02:18:15.772+0000] {local_task_job_runner.py:123} INFO - ::group::Pre task execution logs
[2024-09-12T02:18:15.838+0000] {taskinstance.py:2612} INFO - Dependencies all met for dep_context=non-requeueable deps ti=<TaskInstance: our_first_dag_V6.third_task scheduled__2022-05-23T00:00:00+00:00 [queued]>
[2024-09-12T02:18:15.863+0000] {taskinstance.py:2612} INFO - Dependencies all met for dep_context=requeueable deps ti=<TaskInstance: our_first_dag_V6.third_task scheduled__2022-05-23T00:00:00+00:00 [queued]>
[2024-09-12T02:18:15.864+0000] {taskinstance.py:2865} INFO - Starting attempt 1 of 6
[2024-09-12T02:18:15.914+0000] {taskinstance.py:2888} INFO - Executing <Task(BashOperator): third_task> on 2022-05-23 00:00:00+00:00
[2024-09-12T02:18:15.963+0000] {logging_mixin.py:190} WARNING - /home/***/.local/lib/python3.12/site-packages/***/task/task_runner/standard_task_runner.py:70 DeprecationWarning: This process (pid=4322) is multi-threaded, use of fork() may lead to deadlocks in the child.
[2024-09-12T02:18:15.967+0000] {standard_task_runner.py:72} INFO - Started process 4339 to run task
[2024-09-12T02:18:15.965+0000] {standard_task_runner.py:104} INFO - Running: ['***', 'tasks', 'run', 'our_first_dag_V6', 'third_task', 'scheduled__2022-05-23T00:00:00+00:00', '--job-id', '19257', '--raw', '--subdir', 'DAGS_FOLDER/our_first_dag.py', '--cfg-path', '/tmp/tmpoc8sqme2']
[2024-09-12T02:18:15.984+0000] {standard_task_runner.py:105} INFO - Job 19257: Subtask third_task
[2024-09-12T02:18:16.228+0000] {task_command.py:467} INFO - Running <TaskInstance: our_first_dag_V6.third_task scheduled__2022-05-23T00:00:00+00:00 [running]> on host 5508ea9ebfaf
[2024-09-12T02:18:16.473+0000] {taskinstance.py:3131} INFO - Exporting env vars: AIRFLOW_CTX_DAG_OWNER='acap' AIRFLOW_CTX_DAG_ID='our_first_dag_V6' AIRFLOW_CTX_TASK_ID='third_task' AIRFLOW_CTX_EXECUTION_DATE='2022-05-23T00:00:00+00:00' AIRFLOW_CTX_TRY_NUMBER='1' AIRFLOW_CTX_DAG_RUN_ID='scheduled__2022-05-23T00:00:00+00:00'
[2024-09-12T02:18:16.485+0000] {taskinstance.py:731} INFO - ::endgroup::
[2024-09-12T02:18:16.521+0000] {subprocess.py:63} INFO - Tmp dir root location: /tmp
[2024-09-12T02:18:16.522+0000] {subprocess.py:75} INFO - Running command: ['/usr/bin/bash', '-c', 'echo hey, this is the third task!']
[2024-09-12T02:18:16.574+0000] {subprocess.py:86} INFO - Output:
[2024-09-12T02:18:16.576+0000] {subprocess.py:93} INFO - hey, this is the third task!
[2024-09-12T02:18:16.576+0000] {subprocess.py:97} INFO - Command exited with return code 0
[2024-09-12T02:18:16.649+0000] {taskinstance.py:340} INFO - ::group::Post task execution logs
[2024-09-12T02:18:16.650+0000] {taskinstance.py:352} INFO - Marking task as SUCCESS. dag_id=our_first_dag_V6, task_id=third_task, run_id=scheduled__2022-05-23T00:00:00+00:00, execution_date=20220523T000000, start_date=20240912T021815, end_date=20240912T021816
[2024-09-12T02:18:16.733+0000] {local_task_job_runner.py:266} INFO - Task exited with return code 0
[2024-09-12T02:18:16.767+0000] {taskinstance.py:3900} INFO - 0 downstream tasks scheduled from follow-on schedule check
[2024-09-12T02:18:16.800+0000] {local_task_job_runner.py:245} INFO - ::endgroup::
