[2024-09-20T00:54:09.770+0000] {local_task_job_runner.py:123} INFO - ::group::Pre task execution logs
[2024-09-20T00:54:09.835+0000] {taskinstance.py:2612} INFO - Dependencies all met for dep_context=non-requeueable deps ti=<TaskInstance: dag_with_postgres_operator_v03.delete_data_from_table scheduled__2024-09-18T00:00:00+00:00 [queued]>
[2024-09-20T00:54:09.859+0000] {taskinstance.py:2612} INFO - Dependencies all met for dep_context=requeueable deps ti=<TaskInstance: dag_with_postgres_operator_v03.delete_data_from_table scheduled__2024-09-18T00:00:00+00:00 [queued]>
[2024-09-20T00:54:09.884+0000] {taskinstance.py:2865} INFO - Starting attempt 1 of 6
[2024-09-20T00:54:09.966+0000] {taskinstance.py:2888} INFO - Executing <Task(PostgresOperator): delete_data_from_table> on 2024-09-18 00:00:00+00:00
[2024-09-20T00:54:10.047+0000] {standard_task_runner.py:104} INFO - Running: ['***', 'tasks', 'run', 'dag_with_postgres_operator_v03', 'delete_data_from_table', 'scheduled__2024-09-18T00:00:00+00:00', '--job-id', '22380', '--raw', '--subdir', 'DAGS_FOLDER/dag_with_postgres_operator.py', '--cfg-path', '/tmp/tmpntyi58iz']
[2024-09-20T00:54:10.087+0000] {standard_task_runner.py:105} INFO - Job 22380: Subtask delete_data_from_table
[2024-09-20T00:54:10.071+0000] {logging_mixin.py:190} WARNING - /home/***/.local/lib/python3.12/site-packages/***/task/task_runner/standard_task_runner.py:70 DeprecationWarning: This process (pid=260) is multi-threaded, use of fork() may lead to deadlocks in the child.
[2024-09-20T00:54:10.120+0000] {standard_task_runner.py:72} INFO - Started process 279 to run task
[2024-09-20T00:54:10.300+0000] {task_command.py:467} INFO - Running <TaskInstance: dag_with_postgres_operator_v03.delete_data_from_table scheduled__2024-09-18T00:00:00+00:00 [running]> on host df910c62b257
[2024-09-20T00:54:10.669+0000] {taskinstance.py:3131} INFO - Exporting env vars: AIRFLOW_CTX_DAG_OWNER='coder2j' AIRFLOW_CTX_DAG_ID='dag_with_postgres_operator_v03' AIRFLOW_CTX_TASK_ID='delete_data_from_table' AIRFLOW_CTX_EXECUTION_DATE='2024-09-18T00:00:00+00:00' AIRFLOW_CTX_TRY_NUMBER='1' AIRFLOW_CTX_DAG_RUN_ID='scheduled__2024-09-18T00:00:00+00:00'
[2024-09-20T00:54:10.672+0000] {taskinstance.py:731} INFO - ::endgroup::
[2024-09-20T00:54:10.726+0000] {sql.py:266} INFO - Executing: 
                delete from dag_runs where dt = '2024-09-18' and dag_id = 'dag_with_postgres_operator_v03'
            
[2024-09-20T00:54:10.760+0000] {base.py:84} INFO - Retrieving connection 'postgres_localhost'
[2024-09-20T00:54:10.801+0000] {base.py:84} INFO - Retrieving connection 'postgres_localhost'
[2024-09-20T00:54:10.857+0000] {sql.py:509} INFO - Running statement: 
                delete from dag_runs where dt = '2024-09-18' and dag_id = 'dag_with_postgres_operator_v03'
            , parameters: None
[2024-09-20T00:54:10.945+0000] {sql.py:518} INFO - Rows affected: 0
[2024-09-20T00:54:10.972+0000] {taskinstance.py:340} INFO - ::group::Post task execution logs
[2024-09-20T00:54:10.979+0000] {taskinstance.py:352} INFO - Marking task as SUCCESS. dag_id=dag_with_postgres_operator_v03, task_id=delete_data_from_table, run_id=scheduled__2024-09-18T00:00:00+00:00, execution_date=20240918T000000, start_date=20240920T005409, end_date=20240920T005410
[2024-09-20T00:54:11.087+0000] {local_task_job_runner.py:266} INFO - Task exited with return code 0
[2024-09-20T00:54:11.109+0000] {logging_mixin.py:190} WARNING - /home/***/.local/lib/python3.12/site-packages/***/models/baseoperator.py:1378 AirflowProviderDeprecationWarning: Call to deprecated class PostgresOperator. (Please use `***.providers.common.sql.operators.sql.SQLExecuteQueryOperator`.Also, you can provide `hook_params={'schema': <database>}`.)
[2024-09-20T00:54:11.136+0000] {taskinstance.py:3900} INFO - 1 downstream tasks scheduled from follow-on schedule check
[2024-09-20T00:54:11.141+0000] {local_task_job_runner.py:245} INFO - ::endgroup::
